[2026-01-30 16:17:41][INFO] 日志文件创建于: /data/sda/zjc/comsol_pinn/logs/M04d/exp08/train_20260130_161741_gpu4_pid2779615.log
[2026-01-30 16:17:41][INFO] 进程 PID: 2779615
[2026-01-30 16:17:41][INFO] ========== PINN 训练开始 ==========
[2026-01-30 16:17:41][INFO] 物理项权重 λ_pde = 1.0
[2026-01-30 16:17:41][INFO] 使用设备: cuda
[2026-01-30 16:17:41][INFO] 训练参数: {'lambda_pde': 1.0, 'epochs': 200, 'lr': 0.005, 'batch_cases': 1, 'lr_scheduler': 'hybrid', 'cosine_tmax': 150, 'cosine_eta_min': 1e-05, 'plateau_factor': 0.5, 'plateau_patience': 6, 'plateau_min_lr': 1e-05, 'use_pde_anneal': True, 'pde_anneal_gamma': 2.0, 'pde_lambda_min': 0.0, 'use_soft_mask': False, 'mask_alpha': 40.0, 'mask_temp_ratio': 0.7, 'points_per_case': 320000, 'device': 'cuda', 'num_workers': 8, 'log_dir': 'logs/M04d/exp08', 'ckpt_dir': 'checkpoints/M04d/exp09'}
[2026-01-30 16:17:41][INFO] 数据集大小: 141 cases
[2026-01-30 16:17:41][INFO] 每 case 采样点数: 320000
[2026-01-30 16:17:42][INFO] 模型结构:
SimplePINN(
  (net): Sequential(
    (0): Linear(in_features=7, out_features=128, bias=True)
    (1): SiLU()
    (2): Linear(in_features=128, out_features=128, bias=True)
    (3): SiLU()
    (4): Linear(in_features=128, out_features=1, bias=True)
  )
)
[2026-01-30 16:17:42][INFO] 优化器: AdamW, 初始 lr=0.005, 学习率调度器: hybrid
[2026-01-30 16:20:25][INFO] [Epoch 001] MSE Loss=22671.420116 | PDE Loss=11.038842 | λ_pde=1.000e+00 | LR=5.00e-03
[2026-01-30 16:23:06][INFO] [Epoch 002] MSE Loss=955.657777 | PDE Loss=9.357449 | λ_pde=1.353e-01 | LR=5.00e-03
[2026-01-30 16:25:48][INFO] [Epoch 003] MSE Loss=825.139438 | PDE Loss=13.222011 | λ_pde=1.832e-02 | LR=5.00e-03
[2026-01-30 16:28:33][INFO] [Epoch 004] MSE Loss=809.271107 | PDE Loss=8.644958 | λ_pde=2.479e-03 | LR=5.00e-03
[2026-01-30 16:31:13][INFO] [Epoch 005] MSE Loss=812.905460 | PDE Loss=14.084003 | λ_pde=3.355e-04 | LR=4.99e-03
[2026-01-30 16:33:54][INFO] [Epoch 006] MSE Loss=850.143130 | PDE Loss=47.675708 | λ_pde=4.540e-05 | LR=4.99e-03
[2026-01-30 16:36:34][INFO] [Epoch 007] MSE Loss=765.439114 | PDE Loss=87.169584 | λ_pde=6.144e-06 | LR=4.98e-03
[2026-01-30 16:39:17][INFO] [Epoch 008] MSE Loss=775.213365 | PDE Loss=129.376806 | λ_pde=8.315e-07 | LR=4.97e-03
[2026-01-30 16:42:00][INFO] [Epoch 009] MSE Loss=754.963146 | PDE Loss=150.830909 | λ_pde=1.125e-07 | LR=4.97e-03
[2026-01-30 16:44:42][INFO] [Epoch 010] MSE Loss=782.029464 | PDE Loss=165.208284 | λ_pde=1.523e-08 | LR=4.96e-03
[2026-01-30 16:47:23][INFO] [Epoch 011] MSE Loss=751.171429 | PDE Loss=169.836740 | λ_pde=2.061e-09 | LR=4.95e-03
[2026-01-30 16:50:04][INFO] [Epoch 012] MSE Loss=754.892801 | PDE Loss=182.966237 | λ_pde=2.789e-10 | LR=4.93e-03
[2026-01-30 16:52:47][INFO] [Epoch 013] MSE Loss=735.508501 | PDE Loss=192.009968 | λ_pde=3.775e-11 | LR=4.92e-03
[2026-01-30 16:55:31][INFO] [Epoch 014] MSE Loss=738.406093 | PDE Loss=227.434697 | λ_pde=5.109e-12 | LR=4.91e-03
[2026-01-30 16:58:10][INFO] [Epoch 015] MSE Loss=790.029098 | PDE Loss=305.497558 | λ_pde=6.914e-13 | LR=4.89e-03
[2026-01-30 17:00:49][INFO] [Epoch 016] MSE Loss=749.502323 | PDE Loss=337.034360 | λ_pde=9.358e-14 | LR=4.88e-03
[2026-01-30 17:03:30][INFO] [Epoch 017] MSE Loss=752.580321 | PDE Loss=450.118141 | λ_pde=1.266e-14 | LR=4.86e-03
[2026-01-30 17:06:13][INFO] [Epoch 018] MSE Loss=737.828127 | PDE Loss=538.997251 | λ_pde=1.714e-15 | LR=4.84e-03
[2026-01-30 17:08:55][INFO] [Epoch 019] MSE Loss=749.607268 | PDE Loss=608.506426 | λ_pde=2.320e-16 | LR=4.82e-03
[2026-01-30 17:11:35][INFO] [Epoch 020] MSE Loss=778.849753 | PDE Loss=853.288872 | λ_pde=3.139e-17 | LR=4.81e-03
[2026-01-30 17:14:19][INFO] [Epoch 021] MSE Loss=724.584254 | PDE Loss=954.331952 | λ_pde=4.248e-18 | LR=2.39e-03
[2026-01-30 17:16:59][INFO] [Epoch 022] MSE Loss=659.153984 | PDE Loss=912.623472 | λ_pde=5.750e-19 | LR=2.38e-03
[2026-01-30 17:19:40][INFO] [Epoch 023] MSE Loss=655.966702 | PDE Loss=948.004835 | λ_pde=7.781e-20 | LR=2.37e-03
[2026-01-30 17:22:19][INFO] [Epoch 024] MSE Loss=682.985674 | PDE Loss=1065.506638 | λ_pde=1.053e-20 | LR=2.36e-03
[2026-01-30 17:25:00][INFO] [Epoch 025] MSE Loss=637.506027 | PDE Loss=1100.984216 | λ_pde=1.425e-21 | LR=2.35e-03
[2026-01-30 17:27:40][INFO] [Epoch 026] MSE Loss=679.423199 | PDE Loss=1260.752687 | λ_pde=1.929e-22 | LR=2.33e-03
[2026-01-30 17:30:23][INFO] [Epoch 027] MSE Loss=643.048192 | PDE Loss=1482.034208 | λ_pde=2.610e-23 | LR=2.32e-03
[2026-01-30 17:33:06][INFO] [Epoch 028] MSE Loss=616.729584 | PDE Loss=1567.322224 | λ_pde=3.533e-24 | LR=2.31e-03
[2026-01-30 17:35:45][INFO] [Epoch 029] MSE Loss=609.835919 | PDE Loss=1528.196599 | λ_pde=4.781e-25 | LR=2.29e-03
[2026-01-30 17:38:27][INFO] [Epoch 030] MSE Loss=597.565350 | PDE Loss=1722.251811 | λ_pde=6.470e-26 | LR=2.28e-03
[2026-01-30 17:41:26][INFO] [Epoch 031] MSE Loss=610.585151 | PDE Loss=1807.099608 | λ_pde=8.757e-27 | LR=2.26e-03
[2026-01-30 17:44:58][INFO] [Epoch 032] MSE Loss=611.660341 | PDE Loss=2006.089264 | λ_pde=1.185e-27 | LR=2.25e-03
[2026-01-30 17:48:26][INFO] [Epoch 033] MSE Loss=603.384734 | PDE Loss=2113.881214 | λ_pde=1.604e-28 | LR=2.23e-03
[2026-01-30 17:52:00][INFO] [Epoch 034] MSE Loss=596.693383 | PDE Loss=2376.260347 | λ_pde=2.171e-29 | LR=2.21e-03
[2026-01-30 17:55:29][INFO] [Epoch 035] MSE Loss=575.074508 | PDE Loss=2605.637086 | λ_pde=2.937e-30 | LR=2.20e-03
[2026-01-30 17:58:56][INFO] [Epoch 036] MSE Loss=581.607698 | PDE Loss=2726.262720 | λ_pde=3.975e-31 | LR=2.18e-03
[2026-01-30 18:02:25][INFO] [Epoch 037] MSE Loss=587.357757 | PDE Loss=2944.302258 | λ_pde=5.380e-32 | LR=2.16e-03
[2026-01-30 18:05:52][INFO] [Epoch 038] MSE Loss=606.054115 | PDE Loss=3100.869513 | λ_pde=7.281e-33 | LR=2.14e-03
[2026-01-30 18:09:24][INFO] [Epoch 039] MSE Loss=618.282201 | PDE Loss=3115.463476 | λ_pde=9.854e-34 | LR=2.13e-03
[2026-01-30 18:12:52][INFO] [Epoch 040] MSE Loss=586.437086 | PDE Loss=3485.690173 | λ_pde=1.334e-34 | LR=2.11e-03
[2026-01-30 18:16:22][INFO] [Epoch 041] MSE Loss=574.255988 | PDE Loss=3627.082791 | λ_pde=1.805e-35 | LR=2.09e-03
[2026-01-30 18:19:50][INFO] [Epoch 042] MSE Loss=607.426194 | PDE Loss=3850.437832 | λ_pde=2.443e-36 | LR=2.07e-03
[2026-01-30 18:23:26][INFO] [Epoch 043] MSE Loss=563.522858 | PDE Loss=3982.917813 | λ_pde=3.306e-37 | LR=2.05e-03
[2026-01-30 18:26:53][INFO] [Epoch 044] MSE Loss=633.176389 | PDE Loss=3998.285780 | λ_pde=4.474e-38 | LR=2.03e-03
[2026-01-30 18:30:23][INFO] [Epoch 045] MSE Loss=567.776954 | PDE Loss=4162.216722 | λ_pde=6.055e-39 | LR=2.01e-03
[2026-01-30 18:33:52][INFO] [Epoch 046] MSE Loss=584.459190 | PDE Loss=4460.384986 | λ_pde=8.194e-40 | LR=1.99e-03
[2026-01-30 18:37:23][INFO] [Epoch 047] MSE Loss=565.754758 | PDE Loss=4809.323156 | λ_pde=1.109e-40 | LR=1.97e-03
[2026-01-30 18:40:56][INFO] [Epoch 048] MSE Loss=592.828168 | PDE Loss=4939.121177 | λ_pde=1.501e-41 | LR=1.94e-03
[2026-01-30 18:44:28][INFO] [Epoch 049] MSE Loss=572.201112 | PDE Loss=5077.727262 | λ_pde=2.031e-42 | LR=1.92e-03
[2026-01-30 18:47:56][INFO] [Epoch 050] MSE Loss=551.815499 | PDE Loss=5421.006985 | λ_pde=2.749e-43 | LR=1.90e-03
[2026-01-30 18:51:21][INFO] [Epoch 051] MSE Loss=556.266780 | PDE Loss=5599.508806 | λ_pde=3.720e-44 | LR=1.88e-03
[2026-01-30 18:54:55][INFO] [Epoch 052] MSE Loss=551.289568 | PDE Loss=5907.855105 | λ_pde=5.035e-45 | LR=1.85e-03
[2026-01-30 18:58:26][INFO] [Epoch 053] MSE Loss=564.735995 | PDE Loss=6194.702003 | λ_pde=6.814e-46 | LR=1.83e-03
[2026-01-30 19:01:54][INFO] [Epoch 054] MSE Loss=545.619285 | PDE Loss=6546.309248 | λ_pde=9.221e-47 | LR=1.81e-03
[2026-01-30 19:05:22][INFO] [Epoch 055] MSE Loss=551.347357 | PDE Loss=6842.451092 | λ_pde=1.248e-47 | LR=1.78e-03
[2026-01-30 19:08:53][INFO] [Epoch 056] MSE Loss=550.948995 | PDE Loss=7406.076335 | λ_pde=1.689e-48 | LR=1.76e-03
[2026-01-30 19:12:17][INFO] [Epoch 057] MSE Loss=562.982031 | PDE Loss=7660.309040 | λ_pde=2.286e-49 | LR=1.74e-03
[2026-01-30 19:15:46][INFO] [Epoch 058] MSE Loss=560.140829 | PDE Loss=8075.151166 | λ_pde=3.093e-50 | LR=1.71e-03
[2026-01-30 19:19:19][INFO] [Epoch 059] MSE Loss=540.222842 | PDE Loss=8331.223532 | λ_pde=4.186e-51 | LR=1.69e-03
[2026-01-30 19:22:49][INFO] [Epoch 060] MSE Loss=534.466767 | PDE Loss=8853.686205 | λ_pde=5.666e-52 | LR=1.66e-03
[2026-01-30 19:26:21][INFO] [Epoch 061] MSE Loss=536.894837 | PDE Loss=9062.498985 | λ_pde=7.668e-53 | LR=1.64e-03
[2026-01-30 19:29:48][INFO] [Epoch 062] MSE Loss=519.977599 | PDE Loss=9721.601999 | λ_pde=1.038e-53 | LR=1.61e-03
[2026-01-30 19:33:16][INFO] [Epoch 063] MSE Loss=523.097628 | PDE Loss=10205.638907 | λ_pde=1.404e-54 | LR=1.59e-03
[2026-01-30 19:36:45][INFO] [Epoch 064] MSE Loss=515.130861 | PDE Loss=10795.599062 | λ_pde=1.901e-55 | LR=1.56e-03
[2026-01-30 19:40:13][INFO] [Epoch 065] MSE Loss=508.449290 | PDE Loss=11441.679556 | λ_pde=2.572e-56 | LR=1.54e-03
[2026-01-30 19:43:44][INFO] [Epoch 066] MSE Loss=524.044322 | PDE Loss=12057.033757 | λ_pde=3.481e-57 | LR=1.51e-03
[2026-01-30 19:47:11][INFO] [Epoch 067] MSE Loss=508.851291 | PDE Loss=12741.580826 | λ_pde=4.711e-58 | LR=1.49e-03
[2026-01-30 19:50:39][INFO] [Epoch 068] MSE Loss=518.876665 | PDE Loss=13361.664734 | λ_pde=6.376e-59 | LR=1.46e-03
[2026-01-30 19:54:09][INFO] [Epoch 069] MSE Loss=522.138730 | PDE Loss=14105.769206 | λ_pde=8.629e-60 | LR=1.44e-03
[2026-01-30 19:57:40][INFO] [Epoch 070] MSE Loss=529.673026 | PDE Loss=14820.249446 | λ_pde=1.168e-60 | LR=1.41e-03
[2026-01-30 20:01:13][INFO] [Epoch 071] MSE Loss=488.453898 | PDE Loss=15501.467005 | λ_pde=1.580e-61 | LR=1.39e-03
[2026-01-30 20:04:41][INFO] [Epoch 072] MSE Loss=507.470528 | PDE Loss=16078.410780 | λ_pde=2.139e-62 | LR=1.36e-03
[2026-01-30 20:08:12][INFO] [Epoch 073] MSE Loss=506.167024 | PDE Loss=16677.827529 | λ_pde=2.895e-63 | LR=1.33e-03
[2026-01-30 20:11:42][INFO] [Epoch 074] MSE Loss=502.824467 | PDE Loss=17428.302721 | λ_pde=3.917e-64 | LR=1.31e-03
[2026-01-30 20:15:16][INFO] [Epoch 075] MSE Loss=490.510273 | PDE Loss=18137.592143 | λ_pde=5.302e-65 | LR=1.28e-03
[2026-01-30 20:18:43][INFO] [Epoch 076] MSE Loss=490.062750 | PDE Loss=18946.319121 | λ_pde=7.175e-66 | LR=1.25e-03
[2026-01-30 20:22:11][INFO] [Epoch 077] MSE Loss=492.751842 | PDE Loss=19835.292221 | λ_pde=9.710e-67 | LR=1.23e-03
[2026-01-30 20:25:43][INFO] [Epoch 078] MSE Loss=487.760796 | PDE Loss=20797.797651 | λ_pde=1.314e-67 | LR=1.20e-03
[2026-01-30 20:29:14][INFO] [Epoch 079] MSE Loss=502.398008 | PDE Loss=21449.129696 | λ_pde=1.779e-68 | LR=1.18e-03
[2026-01-30 20:32:44][INFO] [Epoch 080] MSE Loss=474.935851 | PDE Loss=22528.359264 | λ_pde=2.407e-69 | LR=1.15e-03
[2026-01-30 20:36:14][INFO] [Epoch 081] MSE Loss=478.795997 | PDE Loss=23130.701837 | λ_pde=3.257e-70 | LR=1.12e-03
[2026-01-30 20:39:44][INFO] [Epoch 082] MSE Loss=479.074996 | PDE Loss=23695.560699 | λ_pde=4.409e-71 | LR=1.10e-03
[2026-01-30 20:43:10][INFO] [Epoch 083] MSE Loss=468.521807 | PDE Loss=24313.325355 | λ_pde=5.966e-72 | LR=1.07e-03
[2026-01-30 20:46:36][INFO] [Epoch 084] MSE Loss=482.227457 | PDE Loss=25981.796958 | λ_pde=8.075e-73 | LR=1.05e-03
[2026-01-30 20:50:07][INFO] [Epoch 085] MSE Loss=477.759588 | PDE Loss=26444.693927 | λ_pde=1.093e-73 | LR=1.02e-03
[2026-01-30 20:53:39][INFO] [Epoch 086] MSE Loss=470.512810 | PDE Loss=27541.030280 | λ_pde=1.479e-74 | LR=9.96e-04
[2026-01-30 20:57:11][INFO] [Epoch 087] MSE Loss=480.563405 | PDE Loss=28632.853890 | λ_pde=2.001e-75 | LR=9.71e-04
[2026-01-30 21:00:42][INFO] [Epoch 088] MSE Loss=464.429219 | PDE Loss=28938.271083 | λ_pde=2.709e-76 | LR=9.45e-04
[2026-01-30 21:04:11][INFO] [Epoch 089] MSE Loss=464.272192 | PDE Loss=29531.731743 | λ_pde=3.666e-77 | LR=9.20e-04
[2026-01-30 21:07:41][INFO] [Epoch 090] MSE Loss=474.843533 | PDE Loss=30407.440215 | λ_pde=4.961e-78 | LR=8.95e-04
[2026-01-30 21:11:10][INFO] [Epoch 091] MSE Loss=455.772153 | PDE Loss=30595.989556 | λ_pde=6.714e-79 | LR=8.70e-04
[2026-01-30 21:14:41][INFO] [Epoch 092] MSE Loss=454.418776 | PDE Loss=32346.992326 | λ_pde=9.087e-80 | LR=8.45e-04
[2026-01-30 21:18:07][INFO] [Epoch 093] MSE Loss=463.618363 | PDE Loss=32877.642509 | λ_pde=1.230e-80 | LR=8.21e-04
[2026-01-30 21:21:37][INFO] [Epoch 094] MSE Loss=462.838749 | PDE Loss=33336.336131 | λ_pde=1.664e-81 | LR=7.97e-04
[2026-01-30 21:25:04][INFO] [Epoch 095] MSE Loss=466.666808 | PDE Loss=34229.030447 | λ_pde=2.252e-82 | LR=7.72e-04
[2026-01-30 21:28:37][INFO] [Epoch 096] MSE Loss=451.364155 | PDE Loss=34339.322529 | λ_pde=3.048e-83 | LR=7.49e-04
[2026-01-30 21:32:02][INFO] [Epoch 097] MSE Loss=463.244406 | PDE Loss=35217.277122 | λ_pde=4.125e-84 | LR=7.25e-04
[2026-01-30 21:35:35][INFO] [Epoch 098] MSE Loss=455.597116 | PDE Loss=36016.988115 | λ_pde=5.583e-85 | LR=7.01e-04
[2026-01-30 21:39:01][INFO] [Epoch 099] MSE Loss=446.021626 | PDE Loss=37347.342642 | λ_pde=7.556e-86 | LR=6.78e-04
[2026-01-30 21:42:27][INFO] [Epoch 100] MSE Loss=453.682570 | PDE Loss=37557.582862 | λ_pde=1.023e-86 | LR=6.55e-04
[2026-01-30 21:45:55][INFO] [Epoch 101] MSE Loss=455.339246 | PDE Loss=38077.214594 | λ_pde=1.384e-87 | LR=6.32e-04
[2026-01-30 21:49:29][INFO] [Epoch 102] MSE Loss=446.789038 | PDE Loss=39360.232186 | λ_pde=1.873e-88 | LR=6.10e-04
[2026-01-30 21:53:02][INFO] [Epoch 103] MSE Loss=452.533648 | PDE Loss=39578.470080 | λ_pde=2.535e-89 | LR=5.88e-04
[2026-01-30 21:56:34][INFO] [Epoch 104] MSE Loss=446.653795 | PDE Loss=40467.349651 | λ_pde=3.430e-90 | LR=5.66e-04
[2026-01-30 22:00:04][INFO] [Epoch 105] MSE Loss=442.576299 | PDE Loss=40649.659270 | λ_pde=4.642e-91 | LR=5.44e-04
[2026-01-30 22:03:32][INFO] [Epoch 106] MSE Loss=443.575987 | PDE Loss=41144.673426 | λ_pde=6.283e-92 | LR=5.23e-04
[2026-01-30 22:07:00][INFO] [Epoch 107] MSE Loss=440.474702 | PDE Loss=41621.689883 | λ_pde=8.503e-93 | LR=5.02e-04
[2026-01-30 22:10:30][INFO] [Epoch 108] MSE Loss=448.638772 | PDE Loss=41982.676529 | λ_pde=1.151e-93 | LR=4.82e-04
[2026-01-30 22:13:57][INFO] [Epoch 109] MSE Loss=439.535352 | PDE Loss=42811.788148 | λ_pde=1.557e-94 | LR=4.61e-04
[2026-01-30 22:17:27][INFO] [Epoch 110] MSE Loss=437.852674 | PDE Loss=43275.328180 | λ_pde=2.108e-95 | LR=4.41e-04
[2026-01-30 22:21:01][INFO] [Epoch 111] MSE Loss=445.345403 | PDE Loss=43392.173149 | λ_pde=2.852e-96 | LR=4.22e-04
[2026-01-30 22:24:28][INFO] [Epoch 112] MSE Loss=416.652009 | PDE Loss=44462.421653 | λ_pde=3.860e-97 | LR=4.03e-04
[2026-01-30 22:27:52][INFO] [Epoch 113] MSE Loss=440.261999 | PDE Loss=44301.495180 | λ_pde=5.224e-98 | LR=3.84e-04
[2026-01-30 22:31:23][INFO] [Epoch 114] MSE Loss=436.390875 | PDE Loss=44950.615913 | λ_pde=7.070e-99 | LR=3.65e-04
[2026-01-30 22:34:53][INFO] [Epoch 115] MSE Loss=436.413152 | PDE Loss=44945.327737 | λ_pde=9.569e-100 | LR=3.47e-04
[2026-01-30 22:38:21][INFO] [Epoch 116] MSE Loss=431.554190 | PDE Loss=45578.683843 | λ_pde=1.295e-100 | LR=3.30e-04
[2026-01-30 22:41:51][INFO] [Epoch 117] MSE Loss=435.130546 | PDE Loss=45841.567985 | λ_pde=1.753e-101 | LR=3.13e-04
[2026-01-30 22:45:22][INFO] [Epoch 118] MSE Loss=432.591806 | PDE Loss=46220.203624 | λ_pde=2.372e-102 | LR=2.96e-04
[2026-01-30 22:48:57][INFO] [Epoch 119] MSE Loss=432.630521 | PDE Loss=46345.163619 | λ_pde=3.210e-103 | LR=2.79e-04
[2026-01-30 22:52:25][INFO] [Epoch 120] MSE Loss=428.837266 | PDE Loss=47078.763630 | λ_pde=4.344e-104 | LR=1.32e-04
[2026-01-30 22:55:55][INFO] [Epoch 121] MSE Loss=430.025197 | PDE Loss=47003.260583 | λ_pde=5.879e-105 | LR=1.24e-04
[2026-01-30 22:59:27][INFO] [Epoch 122] MSE Loss=427.378711 | PDE Loss=46981.350787 | λ_pde=7.957e-106 | LR=1.17e-04
[2026-01-30 23:02:57][INFO] [Epoch 123] MSE Loss=429.408204 | PDE Loss=47092.071809 | λ_pde=1.077e-106 | LR=1.10e-04
[2026-01-30 23:06:26][INFO] [Epoch 124] MSE Loss=426.492120 | PDE Loss=47335.139461 | λ_pde=1.457e-107 | LR=1.03e-04
[2026-01-30 23:09:57][INFO] [Epoch 125] MSE Loss=426.237341 | PDE Loss=47284.395833 | λ_pde=1.972e-108 | LR=9.65e-05
[2026-01-30 23:13:29][INFO] [Epoch 126] MSE Loss=426.767444 | PDE Loss=47544.538619 | λ_pde=2.669e-109 | LR=9.01e-05
[2026-01-30 23:17:00][INFO] [Epoch 127] MSE Loss=425.701991 | PDE Loss=47410.919770 | λ_pde=3.612e-110 | LR=4.20e-05
[2026-01-30 23:20:29][INFO] [Epoch 128] MSE Loss=424.976039 | PDE Loss=47643.121232 | λ_pde=4.889e-111 | LR=3.94e-05
[2026-01-30 23:24:00][INFO] [Epoch 129] MSE Loss=425.104285 | PDE Loss=47533.859818 | λ_pde=6.616e-112 | LR=3.70e-05
[2026-01-30 23:27:28][INFO] [Epoch 130] MSE Loss=424.979894 | PDE Loss=47593.333998 | λ_pde=8.954e-113 | LR=3.46e-05
[2026-01-30 23:31:00][INFO] [Epoch 131] MSE Loss=425.247167 | PDE Loss=47720.376219 | λ_pde=1.212e-113 | LR=3.23e-05
[2026-01-30 23:34:27][INFO] [Epoch 132] MSE Loss=425.340936 | PDE Loss=47663.370623 | λ_pde=1.640e-114 | LR=3.02e-05
[2026-01-30 23:37:56][INFO] [Epoch 133] MSE Loss=425.029961 | PDE Loss=47856.924867 | λ_pde=2.220e-115 | LR=2.82e-05
[2026-01-30 23:41:22][INFO] [Epoch 134] MSE Loss=424.498751 | PDE Loss=47977.982103 | λ_pde=3.004e-116 | LR=1.31e-05
[2026-01-30 23:44:52][INFO] [Epoch 135] MSE Loss=424.246015 | PDE Loss=47891.414284 | λ_pde=4.065e-117 | LR=1.28e-05
[2026-01-30 23:48:22][INFO] [Epoch 136] MSE Loss=424.325469 | PDE Loss=47888.997507 | λ_pde=5.502e-118 | LR=1.24e-05
[2026-01-30 23:51:50][INFO] [Epoch 137] MSE Loss=424.147478 | PDE Loss=47822.184730 | λ_pde=7.446e-119 | LR=1.21e-05
[2026-01-30 23:55:19][INFO] [Epoch 138] MSE Loss=424.082383 | PDE Loss=47890.296986 | λ_pde=1.008e-119 | LR=1.18e-05
[2026-01-30 23:58:51][INFO] [Epoch 139] MSE Loss=423.955125 | PDE Loss=47880.059730 | λ_pde=1.364e-120 | LR=1.16e-05
[2026-01-31 00:02:20][INFO] [Epoch 140] MSE Loss=424.243154 | PDE Loss=47880.994348 | λ_pde=1.846e-121 | LR=1.13e-05
[2026-01-31 00:05:51][INFO] [Epoch 141] MSE Loss=424.321613 | PDE Loss=47888.339871 | λ_pde=2.498e-122 | LR=1.00e-05
[2026-01-31 00:09:24][INFO] [Epoch 142] MSE Loss=424.013658 | PDE Loss=48015.940547 | λ_pde=3.380e-123 | LR=1.00e-05
[2026-01-31 00:12:54][INFO] [Epoch 143] MSE Loss=424.220991 | PDE Loss=47825.061724 | λ_pde=4.575e-124 | LR=1.00e-05
[2026-01-31 00:16:24][INFO] [Epoch 144] MSE Loss=423.926703 | PDE Loss=47964.977671 | λ_pde=6.191e-125 | LR=1.00e-05
[2026-01-31 00:19:54][INFO] [Epoch 145] MSE Loss=424.068716 | PDE Loss=47819.706006 | λ_pde=8.379e-126 | LR=1.00e-05
[2026-01-31 00:23:23][INFO] [Epoch 146] MSE Loss=424.099931 | PDE Loss=48011.583278 | λ_pde=1.134e-126 | LR=1.00e-05
[2026-01-31 00:26:53][INFO] [Epoch 147] MSE Loss=423.966518 | PDE Loss=48111.378712 | λ_pde=1.535e-127 | LR=1.00e-05
[2026-01-31 00:30:22][INFO] [Epoch 148] MSE Loss=423.785462 | PDE Loss=47878.343085 | λ_pde=2.077e-128 | LR=1.00e-05
[2026-01-31 00:33:50][INFO] [Epoch 149] MSE Loss=423.916309 | PDE Loss=47851.915226 | λ_pde=2.811e-129 | LR=1.00e-05
[2026-01-31 00:37:14][INFO] [Epoch 150] MSE Loss=424.270329 | PDE Loss=47999.091645 | λ_pde=3.804e-130 | LR=1.00e-05
[2026-01-31 00:40:46][INFO] [Epoch 151] MSE Loss=424.024899 | PDE Loss=47988.188608 | λ_pde=5.148e-131 | LR=1.00e-05
[2026-01-31 00:44:14][INFO] [Epoch 152] MSE Loss=424.261297 | PDE Loss=47999.524546 | λ_pde=6.967e-132 | LR=1.05e-05
[2026-01-31 00:47:46][INFO] [Epoch 153] MSE Loss=424.117179 | PDE Loss=47998.609320 | λ_pde=9.429e-133 | LR=1.22e-05
[2026-01-31 00:51:16][INFO] [Epoch 154] MSE Loss=424.419647 | PDE Loss=47966.525654 | λ_pde=1.276e-133 | LR=1.49e-05
[2026-01-31 00:54:45][INFO] [Epoch 155] MSE Loss=423.914754 | PDE Loss=47970.592199 | λ_pde=1.727e-134 | LR=1.00e-05
[2026-01-31 00:58:13][INFO] [Epoch 156] MSE Loss=424.445557 | PDE Loss=48069.066046 | λ_pde=2.337e-135 | LR=1.00e-05
[2026-01-31 01:01:42][INFO] [Epoch 157] MSE Loss=423.898966 | PDE Loss=48026.459552 | λ_pde=3.163e-136 | LR=1.00e-05
[2026-01-31 01:05:12][INFO] [Epoch 158] MSE Loss=423.910835 | PDE Loss=48048.861037 | λ_pde=4.281e-137 | LR=1.00e-05
[2026-01-31 01:08:43][INFO] [Epoch 159] MSE Loss=424.202818 | PDE Loss=48159.699302 | λ_pde=5.794e-138 | LR=1.00e-05
[2026-01-31 01:12:10][INFO] [Epoch 160] MSE Loss=424.076492 | PDE Loss=48116.944703 | λ_pde=7.841e-139 | LR=1.00e-05
[2026-01-31 01:15:39][INFO] [Epoch 161] MSE Loss=423.905582 | PDE Loss=48196.301529 | λ_pde=1.061e-139 | LR=1.00e-05
[2026-01-31 01:19:10][INFO] [Epoch 162] MSE Loss=423.762652 | PDE Loss=48161.549258 | λ_pde=1.436e-140 | LR=1.00e-05
[2026-01-31 01:22:41][INFO] [Epoch 163] MSE Loss=423.805794 | PDE Loss=48103.589705 | λ_pde=1.944e-141 | LR=1.00e-05
[2026-01-31 01:26:10][INFO] [Epoch 164] MSE Loss=423.795150 | PDE Loss=48213.196476 | λ_pde=2.630e-142 | LR=1.00e-05
[2026-01-31 01:29:43][INFO] [Epoch 165] MSE Loss=423.861251 | PDE Loss=48091.538287 | λ_pde=3.560e-143 | LR=1.00e-05
[2026-01-31 01:33:13][INFO] [Epoch 166] MSE Loss=424.041877 | PDE Loss=48185.403757 | λ_pde=4.817e-144 | LR=1.00e-05
[2026-01-31 01:36:44][INFO] [Epoch 167] MSE Loss=423.855090 | PDE Loss=48233.666500 | λ_pde=6.520e-145 | LR=1.00e-05
[2026-01-31 01:40:15][INFO] [Epoch 168] MSE Loss=423.906909 | PDE Loss=48100.673094 | λ_pde=8.824e-146 | LR=1.00e-05
[2026-01-31 01:43:43][INFO] [Epoch 169] MSE Loss=423.453069 | PDE Loss=48100.621454 | λ_pde=1.194e-146 | LR=1.00e-05
[2026-01-31 01:47:10][INFO] [Epoch 170] MSE Loss=423.934553 | PDE Loss=48233.568373 | λ_pde=1.616e-147 | LR=1.00e-05
[2026-01-31 01:50:40][INFO] [Epoch 171] MSE Loss=424.044717 | PDE Loss=48247.360982 | λ_pde=2.187e-148 | LR=1.00e-05
[2026-01-31 01:54:07][INFO] [Epoch 172] MSE Loss=423.699332 | PDE Loss=48276.369459 | λ_pde=2.960e-149 | LR=1.00e-05
[2026-01-31 01:57:32][INFO] [Epoch 173] MSE Loss=424.076632 | PDE Loss=48237.857380 | λ_pde=4.006e-150 | LR=1.00e-05
[2026-01-31 02:01:02][INFO] [Epoch 174] MSE Loss=423.903992 | PDE Loss=48225.193872 | λ_pde=5.421e-151 | LR=1.00e-05
[2026-01-31 02:04:32][INFO] [Epoch 175] MSE Loss=423.885399 | PDE Loss=48150.611536 | λ_pde=7.337e-152 | LR=1.00e-05
[2026-01-31 02:08:02][INFO] [Epoch 176] MSE Loss=423.732252 | PDE Loss=48269.856383 | λ_pde=9.930e-153 | LR=1.00e-05
[2026-01-31 02:11:29][INFO] [Epoch 177] MSE Loss=423.713100 | PDE Loss=48257.819703 | λ_pde=1.344e-153 | LR=1.00e-05
[2026-01-31 02:14:59][INFO] [Epoch 178] MSE Loss=423.646590 | PDE Loss=48335.685228 | λ_pde=1.819e-154 | LR=1.00e-05
[2026-01-31 02:18:30][INFO] [Epoch 179] MSE Loss=423.961064 | PDE Loss=48258.899989 | λ_pde=2.461e-155 | LR=1.00e-05
[2026-01-31 02:22:01][INFO] [Epoch 180] MSE Loss=423.715417 | PDE Loss=48331.702793 | λ_pde=3.331e-156 | LR=1.00e-05
[2026-01-31 02:25:31][INFO] [Epoch 181] MSE Loss=423.603080 | PDE Loss=48330.455120 | λ_pde=4.508e-157 | LR=1.00e-05
[2026-01-31 02:29:02][INFO] [Epoch 182] MSE Loss=423.692852 | PDE Loss=48489.059231 | λ_pde=6.101e-158 | LR=1.00e-05
[2026-01-31 02:32:30][INFO] [Epoch 183] MSE Loss=423.601271 | PDE Loss=48382.379156 | λ_pde=8.257e-159 | LR=1.00e-05
[2026-01-31 02:35:59][INFO] [Epoch 184] MSE Loss=423.573678 | PDE Loss=48262.834996 | λ_pde=1.117e-159 | LR=1.00e-05
[2026-01-31 02:39:26][INFO] [Epoch 185] MSE Loss=423.438892 | PDE Loss=48349.105441 | λ_pde=1.512e-160 | LR=1.00e-05
[2026-01-31 02:42:56][INFO] [Epoch 186] MSE Loss=423.632418 | PDE Loss=48429.810782 | λ_pde=2.047e-161 | LR=1.00e-05
[2026-01-31 02:46:30][INFO] [Epoch 187] MSE Loss=423.716586 | PDE Loss=48299.925698 | λ_pde=2.770e-162 | LR=1.00e-05
[2026-01-31 02:50:03][INFO] [Epoch 188] MSE Loss=424.075753 | PDE Loss=48513.100510 | λ_pde=3.749e-163 | LR=1.00e-05
[2026-01-31 02:53:33][INFO] [Epoch 189] MSE Loss=423.904988 | PDE Loss=48362.557790 | λ_pde=5.073e-164 | LR=1.00e-05
[2026-01-31 02:57:04][INFO] [Epoch 190] MSE Loss=423.382209 | PDE Loss=48510.718251 | λ_pde=6.866e-165 | LR=1.00e-05
[2026-01-31 03:00:34][INFO] [Epoch 191] MSE Loss=423.384300 | PDE Loss=48440.566877 | λ_pde=9.292e-166 | LR=1.00e-05
[2026-01-31 03:04:04][INFO] [Epoch 192] MSE Loss=423.361015 | PDE Loss=48519.189328 | λ_pde=1.257e-166 | LR=1.00e-05
[2026-01-31 03:07:35][INFO] [Epoch 193] MSE Loss=423.700992 | PDE Loss=48430.649712 | λ_pde=1.702e-167 | LR=1.00e-05
[2026-01-31 03:11:01][INFO] [Epoch 194] MSE Loss=423.420838 | PDE Loss=48491.261303 | λ_pde=2.303e-168 | LR=1.00e-05
[2026-01-31 03:14:32][INFO] [Epoch 195] MSE Loss=423.780299 | PDE Loss=48594.086325 | λ_pde=3.117e-169 | LR=1.00e-05
[2026-01-31 03:17:59][INFO] [Epoch 196] MSE Loss=423.528768 | PDE Loss=48565.807292 | λ_pde=4.218e-170 | LR=1.00e-05
[2026-01-31 03:21:26][INFO] [Epoch 197] MSE Loss=423.911234 | PDE Loss=48411.632425 | λ_pde=5.709e-171 | LR=1.00e-05
[2026-01-31 03:24:57][INFO] [Epoch 198] MSE Loss=423.543506 | PDE Loss=48558.957170 | λ_pde=7.726e-172 | LR=1.00e-05
[2026-01-31 03:28:26][INFO] [Epoch 199] MSE Loss=423.594338 | PDE Loss=48508.914783 | λ_pde=1.046e-172 | LR=1.00e-05
[2026-01-31 03:31:40][INFO] [Epoch 200] MSE Loss=423.524634 | PDE Loss=48466.848349 | λ_pde=1.415e-173 | LR=1.00e-05
[2026-01-31 03:31:40][INFO] 训练结束，模型已保存至: /data/sda/zjc/comsol_pinn/checkpoints/M04d/exp09/M04d_pinn.pt
[2026-01-31 03:31:40][INFO] ========== 训练结束 ==========
