[2026-01-05 16:56:45][INFO] 日志文件创建于: /data/sda/zjc/comsol_pinn/logs/exp02/train_20260105_165645_gpu2_pid4035974.log
[2026-01-05 16:56:45][INFO] 进程 PID: 4035974
[2026-01-05 16:56:45][INFO] ========== FCNN-MVP 训练开始 ==========
[2026-01-05 16:56:45][INFO] 使用设备: cuda
[2026-01-05 16:56:45][INFO] 训练参数: {'epochs': 80, 'lr': 0.0005, 'batch_cases': 1, 'points_per_case': 6144, 'num_workers': 8, 'device': 'cuda', 'log_dir': 'logs/exp02', 'ckpt_dir': 'checkpoints/exp02'}
[2026-01-05 16:56:45][INFO] 数据集大小: 141 cases
[2026-01-05 16:56:45][INFO] 每 case 采样点数: 6144
[2026-01-05 16:56:46][INFO] 模型结构:
SimplePINN(
  (net): Sequential(
    (0): Linear(in_features=7, out_features=128, bias=True)
    (1): SiLU()
    (2): Linear(in_features=128, out_features=128, bias=True)
    (3): SiLU()
    (4): Linear(in_features=128, out_features=1, bias=True)
  )
)
[2026-01-05 16:56:46][INFO] 优化器: AdamW, lr=0.0005
[2026-01-05 16:58:04][INFO] [Epoch 001] MSE Loss = 50061.359271
[2026-01-05 16:59:20][INFO] [Epoch 002] MSE Loss = 11353.193311
[2026-01-05 17:00:37][INFO] [Epoch 003] MSE Loss = 8551.285388
[2026-01-05 17:01:54][INFO] [Epoch 004] MSE Loss = 7242.523753
[2026-01-05 17:03:08][INFO] [Epoch 005] MSE Loss = 6549.857683
[2026-01-05 17:04:26][INFO] [Epoch 006] MSE Loss = 6016.411110
[2026-01-05 17:05:45][INFO] [Epoch 007] MSE Loss = 5799.086424
[2026-01-05 17:07:01][INFO] [Epoch 008] MSE Loss = 5540.317992
[2026-01-05 17:08:18][INFO] [Epoch 009] MSE Loss = 5292.345248
[2026-01-05 17:09:34][INFO] [Epoch 010] MSE Loss = 5060.753307
[2026-01-05 17:10:52][INFO] [Epoch 011] MSE Loss = 4882.198815
[2026-01-05 17:12:07][INFO] [Epoch 012] MSE Loss = 4627.543923
[2026-01-05 17:13:22][INFO] [Epoch 013] MSE Loss = 4462.027991
[2026-01-05 17:14:41][INFO] [Epoch 014] MSE Loss = 4156.259387
[2026-01-05 17:15:55][INFO] [Epoch 015] MSE Loss = 4007.092767
[2026-01-05 17:17:13][INFO] [Epoch 016] MSE Loss = 3826.420776
[2026-01-05 17:18:28][INFO] [Epoch 017] MSE Loss = 3639.221040
[2026-01-05 17:19:48][INFO] [Epoch 018] MSE Loss = 3378.061056
[2026-01-05 17:21:07][INFO] [Epoch 019] MSE Loss = 3214.379063
[2026-01-05 17:22:23][INFO] [Epoch 020] MSE Loss = 3070.872564
[2026-01-05 17:23:41][INFO] [Epoch 021] MSE Loss = 2892.392973
[2026-01-05 17:24:59][INFO] [Epoch 022] MSE Loss = 2725.581867
[2026-01-05 17:26:16][INFO] [Epoch 023] MSE Loss = 2566.345733
[2026-01-05 17:27:32][INFO] [Epoch 024] MSE Loss = 2433.896903
[2026-01-05 17:28:49][INFO] [Epoch 025] MSE Loss = 2243.732142
[2026-01-05 17:30:05][INFO] [Epoch 026] MSE Loss = 2171.353839
[2026-01-05 17:31:23][INFO] [Epoch 027] MSE Loss = 2082.188120
[2026-01-05 17:32:41][INFO] [Epoch 028] MSE Loss = 2066.943185
[2026-01-05 17:33:59][INFO] [Epoch 029] MSE Loss = 1996.487627
[2026-01-05 17:35:14][INFO] [Epoch 030] MSE Loss = 1859.248170
[2026-01-05 17:36:30][INFO] [Epoch 031] MSE Loss = 1774.978979
[2026-01-05 17:37:46][INFO] [Epoch 032] MSE Loss = 1737.726807
[2026-01-05 17:39:02][INFO] [Epoch 033] MSE Loss = 1642.631477
[2026-01-05 17:40:20][INFO] [Epoch 034] MSE Loss = 1601.913659
[2026-01-05 17:41:38][INFO] [Epoch 035] MSE Loss = 1524.032892
[2026-01-05 17:42:56][INFO] [Epoch 036] MSE Loss = 1504.265260
[2026-01-05 17:44:13][INFO] [Epoch 037] MSE Loss = 1396.521128
[2026-01-05 17:45:28][INFO] [Epoch 038] MSE Loss = 1355.563180
[2026-01-05 17:46:46][INFO] [Epoch 039] MSE Loss = 1320.435062
[2026-01-05 17:48:02][INFO] [Epoch 040] MSE Loss = 1225.268279
[2026-01-05 17:49:18][INFO] [Epoch 041] MSE Loss = 1164.462681
[2026-01-05 17:50:39][INFO] [Epoch 042] MSE Loss = 1106.378410
[2026-01-05 17:51:55][INFO] [Epoch 043] MSE Loss = 1077.200288
[2026-01-05 17:53:11][INFO] [Epoch 044] MSE Loss = 1010.806890
[2026-01-05 17:54:29][INFO] [Epoch 045] MSE Loss = 942.021712
[2026-01-05 17:55:45][INFO] [Epoch 046] MSE Loss = 960.535685
[2026-01-05 17:57:04][INFO] [Epoch 047] MSE Loss = 900.098686
[2026-01-05 17:58:22][INFO] [Epoch 048] MSE Loss = 792.436715
[2026-01-05 17:59:39][INFO] [Epoch 049] MSE Loss = 752.969011
[2026-01-05 18:00:56][INFO] [Epoch 050] MSE Loss = 768.676059
[2026-01-05 18:02:14][INFO] [Epoch 051] MSE Loss = 729.583183
[2026-01-05 18:03:31][INFO] [Epoch 052] MSE Loss = 677.413458
[2026-01-05 18:04:48][INFO] [Epoch 053] MSE Loss = 665.773695
[2026-01-05 18:06:07][INFO] [Epoch 054] MSE Loss = 610.983208
[2026-01-05 18:07:23][INFO] [Epoch 055] MSE Loss = 539.089675
[2026-01-05 18:08:39][INFO] [Epoch 056] MSE Loss = 551.108376
[2026-01-05 18:09:55][INFO] [Epoch 057] MSE Loss = 526.198182
[2026-01-05 18:11:14][INFO] [Epoch 058] MSE Loss = 505.121489
[2026-01-05 18:12:31][INFO] [Epoch 059] MSE Loss = 452.922519
[2026-01-05 18:13:47][INFO] [Epoch 060] MSE Loss = 423.718717
[2026-01-05 18:15:04][INFO] [Epoch 061] MSE Loss = 396.502606
[2026-01-05 18:16:21][INFO] [Epoch 062] MSE Loss = 385.762345
[2026-01-05 18:17:39][INFO] [Epoch 063] MSE Loss = 346.272554
[2026-01-05 18:18:56][INFO] [Epoch 064] MSE Loss = 330.323936
[2026-01-05 18:20:12][INFO] [Epoch 065] MSE Loss = 306.939164
[2026-01-05 18:21:32][INFO] [Epoch 066] MSE Loss = 324.216332
[2026-01-05 18:22:47][INFO] [Epoch 067] MSE Loss = 283.972343
[2026-01-05 18:24:06][INFO] [Epoch 068] MSE Loss = 276.109445
[2026-01-05 18:25:23][INFO] [Epoch 069] MSE Loss = 255.915906
[2026-01-05 18:26:38][INFO] [Epoch 070] MSE Loss = 241.771969
[2026-01-05 18:27:55][INFO] [Epoch 071] MSE Loss = 239.351290
[2026-01-05 18:29:13][INFO] [Epoch 072] MSE Loss = 218.275369
[2026-01-05 18:30:30][INFO] [Epoch 073] MSE Loss = 207.247526
