[2026-01-19 17:01:24][INFO] 日志文件创建于: /data/sda/zjc/comsol_pinn/logs/exp02/train_20260119_170124_gpu2_pid3611543.log
[2026-01-19 17:01:24][INFO] 进程 PID: 3611543
[2026-01-19 17:01:24][INFO] ========== FCNN-MVP 训练开始 ==========
[2026-01-19 17:01:24][INFO] 使用设备: cuda
[2026-01-19 17:01:24][INFO] 训练参数: {'epochs': 80, 'lr': 0.0005, 'batch_cases': 1, 'points_per_case': 6144, 'num_workers': 8, 'device': 'cuda', 'log_dir': 'logs/exp02', 'ckpt_dir': 'checkpoints/exp02'}
[2026-01-19 17:01:24][INFO] 数据集大小: 141 cases
[2026-01-19 17:01:24][INFO] 每 case 采样点数: 6144
[2026-01-19 17:01:25][INFO] 模型结构:
SimplePINN(
  (net): Sequential(
    (0): Linear(in_features=7, out_features=128, bias=True)
    (1): SiLU()
    (2): Linear(in_features=128, out_features=128, bias=True)
    (3): SiLU()
    (4): Linear(in_features=128, out_features=1, bias=True)
  )
)
[2026-01-19 17:01:25][INFO] 优化器: AdamW, lr=0.0005
[2026-01-19 17:03:49][INFO] [Epoch 001] MSE Loss = 48671.384793
[2026-01-19 17:06:08][INFO] [Epoch 002] MSE Loss = 12643.015106
[2026-01-19 17:08:25][INFO] [Epoch 003] MSE Loss = 9681.581114
[2026-01-19 17:10:43][INFO] [Epoch 004] MSE Loss = 7907.703759
[2026-01-19 17:13:06][INFO] [Epoch 005] MSE Loss = 6784.137813
[2026-01-19 17:15:22][INFO] [Epoch 006] MSE Loss = 6321.165538
[2026-01-19 17:17:41][INFO] [Epoch 007] MSE Loss = 5939.275754
