[2026-01-05 16:56:45][INFO] 日志文件创建于: /data/sda/zjc/comsol_pinn/logs/exp04/train_20260105_165645_gpu4_pid4035976.log
[2026-01-05 16:56:45][INFO] 进程 PID: 4035976
[2026-01-05 16:56:45][INFO] ========== FCNN-MVP 训练开始 ==========
[2026-01-05 16:56:45][INFO] 使用设备: cuda
[2026-01-05 16:56:45][INFO] 训练参数: {'epochs': 100, 'lr': 0.0001, 'batch_cases': 1, 'points_per_case': 6144, 'num_workers': 8, 'device': 'cuda', 'log_dir': 'logs/exp04', 'ckpt_dir': 'checkpoints/exp04'}
[2026-01-05 16:56:45][INFO] 数据集大小: 141 cases
[2026-01-05 16:56:45][INFO] 每 case 采样点数: 6144
[2026-01-05 16:56:46][INFO] 模型结构:
SimplePINN(
  (net): Sequential(
    (0): Linear(in_features=7, out_features=128, bias=True)
    (1): SiLU()
    (2): Linear(in_features=128, out_features=128, bias=True)
    (3): SiLU()
    (4): Linear(in_features=128, out_features=1, bias=True)
  )
)
[2026-01-05 16:56:46][INFO] 优化器: AdamW, lr=0.0001
[2026-01-05 16:58:03][INFO] [Epoch 001] MSE Loss = 95902.683788
[2026-01-05 16:59:20][INFO] [Epoch 002] MSE Loss = 67624.588403
[2026-01-05 17:00:40][INFO] [Epoch 003] MSE Loss = 32782.367866
[2026-01-05 17:02:00][INFO] [Epoch 004] MSE Loss = 17464.778230
[2026-01-05 17:03:15][INFO] [Epoch 005] MSE Loss = 14640.703547
[2026-01-05 17:04:30][INFO] [Epoch 006] MSE Loss = 13388.487949
[2026-01-05 17:05:48][INFO] [Epoch 007] MSE Loss = 12349.922990
[2026-01-05 17:07:04][INFO] [Epoch 008] MSE Loss = 11468.262945
[2026-01-05 17:08:18][INFO] [Epoch 009] MSE Loss = 10719.117776
[2026-01-05 17:09:36][INFO] [Epoch 010] MSE Loss = 10052.675705
[2026-01-05 17:10:54][INFO] [Epoch 011] MSE Loss = 9504.626150
[2026-01-05 17:12:13][INFO] [Epoch 012] MSE Loss = 8954.837527
[2026-01-05 17:13:30][INFO] [Epoch 013] MSE Loss = 8498.550847
[2026-01-05 17:14:47][INFO] [Epoch 014] MSE Loss = 8095.196781
[2026-01-05 17:16:05][INFO] [Epoch 015] MSE Loss = 7732.753065
[2026-01-05 17:17:21][INFO] [Epoch 016] MSE Loss = 7384.387082
[2026-01-05 17:18:38][INFO] [Epoch 017] MSE Loss = 7153.451248
[2026-01-05 17:19:54][INFO] [Epoch 018] MSE Loss = 6925.048496
[2026-01-05 17:21:10][INFO] [Epoch 019] MSE Loss = 6751.673468
[2026-01-05 17:22:27][INFO] [Epoch 020] MSE Loss = 6609.585321
[2026-01-05 17:23:45][INFO] [Epoch 021] MSE Loss = 6436.475574
[2026-01-05 17:25:02][INFO] [Epoch 022] MSE Loss = 6319.343996
[2026-01-05 17:26:18][INFO] [Epoch 023] MSE Loss = 6233.177620
[2026-01-05 17:27:35][INFO] [Epoch 024] MSE Loss = 6137.818642
[2026-01-05 17:28:52][INFO] [Epoch 025] MSE Loss = 6021.840045
[2026-01-05 17:30:09][INFO] [Epoch 026] MSE Loss = 5983.171008
[2026-01-05 17:31:25][INFO] [Epoch 027] MSE Loss = 5899.862930
[2026-01-05 17:32:42][INFO] [Epoch 028] MSE Loss = 5848.922495
[2026-01-05 17:33:59][INFO] [Epoch 029] MSE Loss = 5782.659207
[2026-01-05 17:35:17][INFO] [Epoch 030] MSE Loss = 5681.465529
[2026-01-05 17:36:34][INFO] [Epoch 031] MSE Loss = 5657.569973
[2026-01-05 17:37:50][INFO] [Epoch 032] MSE Loss = 5601.753698
[2026-01-05 17:39:07][INFO] [Epoch 033] MSE Loss = 5552.376177
[2026-01-05 17:40:24][INFO] [Epoch 034] MSE Loss = 5488.930609
[2026-01-05 17:41:42][INFO] [Epoch 035] MSE Loss = 5447.715469
[2026-01-05 17:42:59][INFO] [Epoch 036] MSE Loss = 5356.524682
[2026-01-05 17:44:17][INFO] [Epoch 037] MSE Loss = 5360.898197
[2026-01-05 17:45:38][INFO] [Epoch 038] MSE Loss = 5256.839655
[2026-01-05 17:46:55][INFO] [Epoch 039] MSE Loss = 5230.319388
[2026-01-05 17:48:09][INFO] [Epoch 040] MSE Loss = 5186.583203
[2026-01-05 17:49:27][INFO] [Epoch 041] MSE Loss = 5143.026021
[2026-01-05 17:50:45][INFO] [Epoch 042] MSE Loss = 5144.634617
[2026-01-05 17:52:01][INFO] [Epoch 043] MSE Loss = 5040.954619
[2026-01-05 17:53:19][INFO] [Epoch 044] MSE Loss = 5006.652799
[2026-01-05 17:54:37][INFO] [Epoch 045] MSE Loss = 4964.469986
[2026-01-05 17:55:52][INFO] [Epoch 046] MSE Loss = 4927.103424
[2026-01-05 17:57:08][INFO] [Epoch 047] MSE Loss = 4872.466641
[2026-01-05 17:58:26][INFO] [Epoch 048] MSE Loss = 4800.874176
[2026-01-05 17:59:42][INFO] [Epoch 049] MSE Loss = 4794.976438
[2026-01-05 18:01:02][INFO] [Epoch 050] MSE Loss = 4738.952976
[2026-01-05 18:02:19][INFO] [Epoch 051] MSE Loss = 4701.920961
[2026-01-05 18:03:34][INFO] [Epoch 052] MSE Loss = 4625.952805
[2026-01-05 18:04:51][INFO] [Epoch 053] MSE Loss = 4597.095927
[2026-01-05 18:06:09][INFO] [Epoch 054] MSE Loss = 4549.975740
[2026-01-05 18:07:25][INFO] [Epoch 055] MSE Loss = 4523.949788
[2026-01-05 18:08:42][INFO] [Epoch 056] MSE Loss = 4463.499672
[2026-01-05 18:09:59][INFO] [Epoch 057] MSE Loss = 4443.194886
[2026-01-05 18:11:16][INFO] [Epoch 058] MSE Loss = 4401.849196
[2026-01-05 18:12:31][INFO] [Epoch 059] MSE Loss = 4356.323912
[2026-01-05 18:13:50][INFO] [Epoch 060] MSE Loss = 4319.846399
[2026-01-05 18:15:06][INFO] [Epoch 061] MSE Loss = 4300.232033
[2026-01-05 18:16:22][INFO] [Epoch 062] MSE Loss = 4231.123995
[2026-01-05 18:17:42][INFO] [Epoch 063] MSE Loss = 4200.977452
[2026-01-05 18:18:58][INFO] [Epoch 064] MSE Loss = 4130.161279
[2026-01-05 18:20:15][INFO] [Epoch 065] MSE Loss = 4112.457146
[2026-01-05 18:21:32][INFO] [Epoch 066] MSE Loss = 4082.829923
[2026-01-05 18:22:49][INFO] [Epoch 067] MSE Loss = 4023.728830
[2026-01-05 18:24:05][INFO] [Epoch 068] MSE Loss = 3994.792338
[2026-01-05 18:25:25][INFO] [Epoch 069] MSE Loss = 3947.798826
[2026-01-05 18:26:40][INFO] [Epoch 070] MSE Loss = 3923.225497
[2026-01-05 18:27:55][INFO] [Epoch 071] MSE Loss = 3872.661109
[2026-01-05 18:29:14][INFO] [Epoch 072] MSE Loss = 3852.476464
[2026-01-05 18:30:32][INFO] [Epoch 073] MSE Loss = 3809.947037
