[2026-01-19 17:28:56][INFO] 日志文件创建于: /data/sda/zjc/comsol_pinn/logs/exp03/train_20260119_172856_gpu3_pid3644276.log
[2026-01-19 17:28:56][INFO] 进程 PID: 3644276
[2026-01-19 17:28:56][INFO] ========== FCNN-MVP 训练开始 ==========
[2026-01-19 17:28:56][INFO] 使用设备: cuda
[2026-01-19 17:28:56][INFO] 训练参数: {'epochs': 80, 'lr': 0.001, 'batch_cases': 1, 'points_per_case': 8192, 'num_workers': 8, 'device': 'cuda', 'log_dir': 'logs/exp03', 'ckpt_dir': 'checkpoints/exp03'}
[2026-01-19 17:28:56][INFO] 数据集大小: 141 cases
[2026-01-19 17:28:56][INFO] 每 case 采样点数: 8192
[2026-01-19 17:28:57][INFO] 模型结构:
SimplePINN(
  (net): Sequential(
    (0): Linear(in_features=7, out_features=128, bias=True)
    (1): SiLU()
    (2): Linear(in_features=128, out_features=128, bias=True)
    (3): SiLU()
    (4): Linear(in_features=128, out_features=1, bias=True)
  )
)
[2026-01-19 17:28:57][INFO] 优化器: AdamW, lr=0.001
[2026-01-19 17:31:16][INFO] [Epoch 001] MSE Loss = 31412.542983
[2026-01-19 17:33:36][INFO] [Epoch 002] MSE Loss = 8049.899494
[2026-01-19 17:35:58][INFO] [Epoch 003] MSE Loss = 6251.849344
[2026-01-19 17:38:20][INFO] [Epoch 004] MSE Loss = 5573.960442
[2026-01-19 17:40:41][INFO] [Epoch 005] MSE Loss = 4981.010066
[2026-01-19 17:43:03][INFO] [Epoch 006] MSE Loss = 4463.656595
[2026-01-19 17:45:24][INFO] [Epoch 007] MSE Loss = 4060.961221
[2026-01-19 17:47:45][INFO] [Epoch 008] MSE Loss = 3770.453231
[2026-01-19 17:50:10][INFO] [Epoch 009] MSE Loss = 3429.872872
[2026-01-19 17:52:31][INFO] [Epoch 010] MSE Loss = 2996.590490
[2026-01-19 17:54:50][INFO] [Epoch 011] MSE Loss = 2664.361989
[2026-01-19 17:57:11][INFO] [Epoch 012] MSE Loss = 2691.169482
[2026-01-19 17:59:33][INFO] [Epoch 013] MSE Loss = 2384.603779
[2026-01-19 18:01:50][INFO] [Epoch 014] MSE Loss = 2092.762791
[2026-01-19 18:04:07][INFO] [Epoch 015] MSE Loss = 1965.190670
[2026-01-19 18:06:27][INFO] [Epoch 016] MSE Loss = 1740.669537
[2026-01-19 18:08:52][INFO] [Epoch 017] MSE Loss = 1664.208605
[2026-01-19 18:11:16][INFO] [Epoch 018] MSE Loss = 1498.788343
[2026-01-19 18:13:37][INFO] [Epoch 019] MSE Loss = 1480.670896
[2026-01-19 18:16:03][INFO] [Epoch 020] MSE Loss = 1412.652480
[2026-01-19 18:18:24][INFO] [Epoch 021] MSE Loss = 1272.314129
[2026-01-19 18:20:46][INFO] [Epoch 022] MSE Loss = 1036.811469
[2026-01-19 18:23:09][INFO] [Epoch 023] MSE Loss = 1003.474125
[2026-01-19 18:25:27][INFO] [Epoch 024] MSE Loss = 910.223935
[2026-01-19 18:27:48][INFO] [Epoch 025] MSE Loss = 928.995166
[2026-01-19 18:30:15][INFO] [Epoch 026] MSE Loss = 762.165994
[2026-01-19 18:32:33][INFO] [Epoch 027] MSE Loss = 705.693500
[2026-01-19 18:34:56][INFO] [Epoch 028] MSE Loss = 550.032107
[2026-01-19 18:37:13][INFO] [Epoch 029] MSE Loss = 539.331220
[2026-01-19 18:39:32][INFO] [Epoch 030] MSE Loss = 461.636494
[2026-01-19 18:41:49][INFO] [Epoch 031] MSE Loss = 396.023873
[2026-01-19 18:44:07][INFO] [Epoch 032] MSE Loss = 397.556697
[2026-01-19 18:46:26][INFO] [Epoch 033] MSE Loss = 328.912932
[2026-01-19 18:48:44][INFO] [Epoch 034] MSE Loss = 349.541298
[2026-01-19 18:51:06][INFO] [Epoch 035] MSE Loss = 265.018429
[2026-01-19 18:53:25][INFO] [Epoch 036] MSE Loss = 250.031216
[2026-01-19 18:55:43][INFO] [Epoch 037] MSE Loss = 222.794084
[2026-01-19 18:58:02][INFO] [Epoch 038] MSE Loss = 199.481757
[2026-01-19 19:00:22][INFO] [Epoch 039] MSE Loss = 188.750307
[2026-01-19 19:02:44][INFO] [Epoch 040] MSE Loss = 175.763707
[2026-01-19 19:05:00][INFO] [Epoch 041] MSE Loss = 163.699494
[2026-01-19 19:07:15][INFO] [Epoch 042] MSE Loss = 152.881836
[2026-01-19 19:09:35][INFO] [Epoch 043] MSE Loss = 147.540671
[2026-01-19 19:11:54][INFO] [Epoch 044] MSE Loss = 141.702339
[2026-01-19 19:14:13][INFO] [Epoch 045] MSE Loss = 133.233131
[2026-01-19 19:16:34][INFO] [Epoch 046] MSE Loss = 128.492550
[2026-01-19 19:18:53][INFO] [Epoch 047] MSE Loss = 126.242241
[2026-01-19 19:21:11][INFO] [Epoch 048] MSE Loss = 121.073422
[2026-01-19 19:23:32][INFO] [Epoch 049] MSE Loss = 117.210647
[2026-01-19 19:25:53][INFO] [Epoch 050] MSE Loss = 113.458003
[2026-01-19 19:28:13][INFO] [Epoch 051] MSE Loss = 109.642211
[2026-01-19 19:30:32][INFO] [Epoch 052] MSE Loss = 105.896335
[2026-01-19 19:32:53][INFO] [Epoch 053] MSE Loss = 103.073608
[2026-01-19 19:35:11][INFO] [Epoch 054] MSE Loss = 100.325114
[2026-01-19 19:37:28][INFO] [Epoch 055] MSE Loss = 98.870710
[2026-01-19 19:39:46][INFO] [Epoch 056] MSE Loss = 97.831660
[2026-01-19 19:42:06][INFO] [Epoch 057] MSE Loss = 93.747367
[2026-01-19 19:44:23][INFO] [Epoch 058] MSE Loss = 90.037187
[2026-01-19 19:46:41][INFO] [Epoch 059] MSE Loss = 89.850386
[2026-01-19 19:49:02][INFO] [Epoch 060] MSE Loss = 88.471067
[2026-01-19 19:51:22][INFO] [Epoch 061] MSE Loss = 83.521131
[2026-01-19 19:53:42][INFO] [Epoch 062] MSE Loss = 84.222392
[2026-01-19 19:56:02][INFO] [Epoch 063] MSE Loss = 79.126872
[2026-01-19 19:58:22][INFO] [Epoch 064] MSE Loss = 77.434670
[2026-01-19 20:00:43][INFO] [Epoch 065] MSE Loss = 82.214483
[2026-01-19 20:03:03][INFO] [Epoch 066] MSE Loss = 76.772298
[2026-01-19 20:05:21][INFO] [Epoch 067] MSE Loss = 77.408253
[2026-01-19 20:07:40][INFO] [Epoch 068] MSE Loss = 78.337846
[2026-01-19 20:09:58][INFO] [Epoch 069] MSE Loss = 73.526106
[2026-01-19 20:12:15][INFO] [Epoch 070] MSE Loss = 69.952699
[2026-01-19 20:14:36][INFO] [Epoch 071] MSE Loss = 70.370046
[2026-01-19 20:16:53][INFO] [Epoch 072] MSE Loss = 79.850629
[2026-01-19 20:19:11][INFO] [Epoch 073] MSE Loss = 77.512841
[2026-01-19 20:21:30][INFO] [Epoch 074] MSE Loss = 63.809799
[2026-01-19 20:23:49][INFO] [Epoch 075] MSE Loss = 62.131098
[2026-01-19 20:26:07][INFO] [Epoch 076] MSE Loss = 59.701827
[2026-01-19 20:28:29][INFO] [Epoch 077] MSE Loss = 63.239009
[2026-01-19 20:30:51][INFO] [Epoch 078] MSE Loss = 59.906312
[2026-01-19 20:33:09][INFO] [Epoch 079] MSE Loss = 55.914621
[2026-01-19 20:35:25][INFO] [Epoch 080] MSE Loss = 62.482439
[2026-01-19 20:35:25][INFO] 模型已保存至: /data/sda/zjc/comsol_pinn/checkpoints/exp03/M01_fcnn_mvp.pt
[2026-01-19 20:35:25][INFO] ========== 训练结束 ==========
