[2026-01-19 17:28:56][INFO] 日志文件创建于: /data/sda/zjc/comsol_pinn/logs/exp05/train_20260119_172856_gpu5_pid3644290.log
[2026-01-19 17:28:56][INFO] 进程 PID: 3644290
[2026-01-19 17:28:56][INFO] ========== FCNN-MVP 训练开始 ==========
[2026-01-19 17:28:56][INFO] 使用设备: cuda
[2026-01-19 17:28:56][INFO] 训练参数: {'epochs': 100, 'lr': 0.0005, 'batch_cases': 1, 'points_per_case': 8192, 'num_workers': 8, 'device': 'cuda', 'log_dir': 'logs/exp05', 'ckpt_dir': 'checkpoints/exp05'}
[2026-01-19 17:28:56][INFO] 数据集大小: 141 cases
[2026-01-19 17:28:56][INFO] 每 case 采样点数: 8192
[2026-01-19 17:28:57][INFO] 模型结构:
SimplePINN(
  (net): Sequential(
    (0): Linear(in_features=7, out_features=128, bias=True)
    (1): SiLU()
    (2): Linear(in_features=128, out_features=128, bias=True)
    (3): SiLU()
    (4): Linear(in_features=128, out_features=1, bias=True)
  )
)
[2026-01-19 17:28:57][INFO] 优化器: AdamW, lr=0.0005
[2026-01-19 17:31:16][INFO] [Epoch 001] MSE Loss = 50673.963223
[2026-01-19 17:33:38][INFO] [Epoch 002] MSE Loss = 12453.861370
[2026-01-19 17:35:58][INFO] [Epoch 003] MSE Loss = 9537.821223
[2026-01-19 17:38:19][INFO] [Epoch 004] MSE Loss = 7769.016370
[2026-01-19 17:40:40][INFO] [Epoch 005] MSE Loss = 6774.900870
[2026-01-19 17:43:01][INFO] [Epoch 006] MSE Loss = 6156.533532
[2026-01-19 17:45:23][INFO] [Epoch 007] MSE Loss = 5934.054282
[2026-01-19 17:47:44][INFO] [Epoch 008] MSE Loss = 5486.547420
[2026-01-19 17:50:05][INFO] [Epoch 009] MSE Loss = 5323.187957
[2026-01-19 17:52:28][INFO] [Epoch 010] MSE Loss = 5029.924655
[2026-01-19 17:54:51][INFO] [Epoch 011] MSE Loss = 4630.879362
[2026-01-19 17:57:12][INFO] [Epoch 012] MSE Loss = 4419.994252
[2026-01-19 17:59:34][INFO] [Epoch 013] MSE Loss = 4097.987222
[2026-01-19 18:01:54][INFO] [Epoch 014] MSE Loss = 4070.487332
[2026-01-19 18:04:17][INFO] [Epoch 015] MSE Loss = 3855.350783
[2026-01-19 18:06:35][INFO] [Epoch 016] MSE Loss = 3537.667189
[2026-01-19 18:08:56][INFO] [Epoch 017] MSE Loss = 3372.887861
[2026-01-19 18:11:18][INFO] [Epoch 018] MSE Loss = 3051.291298
[2026-01-19 18:13:40][INFO] [Epoch 019] MSE Loss = 2977.502951
[2026-01-19 18:16:04][INFO] [Epoch 020] MSE Loss = 2727.995777
[2026-01-19 18:18:24][INFO] [Epoch 021] MSE Loss = 2597.360853
[2026-01-19 18:20:44][INFO] [Epoch 022] MSE Loss = 2338.516548
[2026-01-19 18:23:06][INFO] [Epoch 023] MSE Loss = 2222.745299
[2026-01-19 18:25:29][INFO] [Epoch 024] MSE Loss = 2175.256474
[2026-01-19 18:27:48][INFO] [Epoch 025] MSE Loss = 1974.184719
[2026-01-19 18:30:11][INFO] [Epoch 026] MSE Loss = 1925.803411
[2026-01-19 18:32:34][INFO] [Epoch 027] MSE Loss = 1944.233466
[2026-01-19 18:34:53][INFO] [Epoch 028] MSE Loss = 1814.727015
[2026-01-19 18:37:11][INFO] [Epoch 029] MSE Loss = 1828.228389
[2026-01-19 18:39:33][INFO] [Epoch 030] MSE Loss = 1639.189897
[2026-01-19 18:41:50][INFO] [Epoch 031] MSE Loss = 1544.859375
[2026-01-19 18:44:09][INFO] [Epoch 032] MSE Loss = 1610.542569
[2026-01-19 18:46:27][INFO] [Epoch 033] MSE Loss = 1462.503348
[2026-01-19 18:48:45][INFO] [Epoch 034] MSE Loss = 1437.209772
[2026-01-19 18:51:06][INFO] [Epoch 035] MSE Loss = 1338.779145
[2026-01-19 18:53:25][INFO] [Epoch 036] MSE Loss = 1303.778120
[2026-01-19 18:55:43][INFO] [Epoch 037] MSE Loss = 1283.256742
[2026-01-19 18:58:02][INFO] [Epoch 038] MSE Loss = 1212.447582
[2026-01-19 19:00:21][INFO] [Epoch 039] MSE Loss = 1096.315104
[2026-01-19 19:02:39][INFO] [Epoch 040] MSE Loss = 1097.657056
[2026-01-19 19:04:59][INFO] [Epoch 041] MSE Loss = 1020.528731
[2026-01-19 19:07:19][INFO] [Epoch 042] MSE Loss = 1050.942817
[2026-01-19 19:09:37][INFO] [Epoch 043] MSE Loss = 982.515999
[2026-01-19 19:11:56][INFO] [Epoch 044] MSE Loss = 937.201074
[2026-01-19 19:14:15][INFO] [Epoch 045] MSE Loss = 827.071297
[2026-01-19 19:16:34][INFO] [Epoch 046] MSE Loss = 809.181661
[2026-01-19 19:18:52][INFO] [Epoch 047] MSE Loss = 787.057439
[2026-01-19 19:21:12][INFO] [Epoch 048] MSE Loss = 732.449997
[2026-01-19 19:23:31][INFO] [Epoch 049] MSE Loss = 699.806439
[2026-01-19 19:25:51][INFO] [Epoch 050] MSE Loss = 695.668621
[2026-01-19 19:28:11][INFO] [Epoch 051] MSE Loss = 596.951474
[2026-01-19 19:30:29][INFO] [Epoch 052] MSE Loss = 555.274153
[2026-01-19 19:32:47][INFO] [Epoch 053] MSE Loss = 549.874538
[2026-01-19 19:35:06][INFO] [Epoch 054] MSE Loss = 543.170033
[2026-01-19 19:37:24][INFO] [Epoch 055] MSE Loss = 474.022855
[2026-01-19 19:39:42][INFO] [Epoch 056] MSE Loss = 474.654091
[2026-01-19 19:41:59][INFO] [Epoch 057] MSE Loss = 445.606665
[2026-01-19 19:44:18][INFO] [Epoch 058] MSE Loss = 407.767484
[2026-01-19 19:46:36][INFO] [Epoch 059] MSE Loss = 384.445841
[2026-01-19 19:48:54][INFO] [Epoch 060] MSE Loss = 357.684330
[2026-01-19 19:51:14][INFO] [Epoch 061] MSE Loss = 340.210567
[2026-01-19 19:53:33][INFO] [Epoch 062] MSE Loss = 323.658009
[2026-01-19 19:55:50][INFO] [Epoch 063] MSE Loss = 292.799874
[2026-01-19 19:58:09][INFO] [Epoch 064] MSE Loss = 296.699813
[2026-01-19 20:00:29][INFO] [Epoch 065] MSE Loss = 268.323777
[2026-01-19 20:02:45][INFO] [Epoch 066] MSE Loss = 238.675212
[2026-01-19 20:05:03][INFO] [Epoch 067] MSE Loss = 237.006893
[2026-01-19 20:07:21][INFO] [Epoch 068] MSE Loss = 225.914611
[2026-01-19 20:09:38][INFO] [Epoch 069] MSE Loss = 210.206170
[2026-01-19 20:11:55][INFO] [Epoch 070] MSE Loss = 197.638173
[2026-01-19 20:14:15][INFO] [Epoch 071] MSE Loss = 187.912518
[2026-01-19 20:16:34][INFO] [Epoch 072] MSE Loss = 179.741799
[2026-01-19 20:18:57][INFO] [Epoch 073] MSE Loss = 173.491377
[2026-01-19 20:21:12][INFO] [Epoch 074] MSE Loss = 165.039901
[2026-01-19 20:23:32][INFO] [Epoch 075] MSE Loss = 156.783371
[2026-01-19 20:25:48][INFO] [Epoch 076] MSE Loss = 157.557424
[2026-01-19 20:28:10][INFO] [Epoch 077] MSE Loss = 150.845608
[2026-01-19 20:30:29][INFO] [Epoch 078] MSE Loss = 147.191364
[2026-01-19 20:32:45][INFO] [Epoch 079] MSE Loss = 140.042376
[2026-01-19 20:35:03][INFO] [Epoch 080] MSE Loss = 137.129075
[2026-01-19 20:36:40][INFO] [Epoch 081] MSE Loss = 133.313851
[2026-01-19 20:38:11][INFO] [Epoch 082] MSE Loss = 131.776957
[2026-01-19 20:39:41][INFO] [Epoch 083] MSE Loss = 127.322048
[2026-01-19 20:41:12][INFO] [Epoch 084] MSE Loss = 124.224162
[2026-01-19 20:42:45][INFO] [Epoch 085] MSE Loss = 120.641431
[2026-01-19 20:44:20][INFO] [Epoch 086] MSE Loss = 117.364764
[2026-01-19 20:45:51][INFO] [Epoch 087] MSE Loss = 114.242226
[2026-01-19 20:47:20][INFO] [Epoch 088] MSE Loss = 111.709157
[2026-01-19 20:48:51][INFO] [Epoch 089] MSE Loss = 108.997672
[2026-01-19 20:50:24][INFO] [Epoch 090] MSE Loss = 107.486370
[2026-01-19 20:51:57][INFO] [Epoch 091] MSE Loss = 103.633590
[2026-01-19 20:53:29][INFO] [Epoch 092] MSE Loss = 102.078093
[2026-01-19 20:55:00][INFO] [Epoch 093] MSE Loss = 99.899004
[2026-01-19 20:56:34][INFO] [Epoch 094] MSE Loss = 98.073366
[2026-01-19 20:58:04][INFO] [Epoch 095] MSE Loss = 95.201404
[2026-01-19 20:59:34][INFO] [Epoch 096] MSE Loss = 93.473606
[2026-01-19 21:01:03][INFO] [Epoch 097] MSE Loss = 91.854048
[2026-01-19 21:02:38][INFO] [Epoch 098] MSE Loss = 89.966604
[2026-01-19 21:04:08][INFO] [Epoch 099] MSE Loss = 88.083844
[2026-01-19 21:05:39][INFO] [Epoch 100] MSE Loss = 87.552048
[2026-01-19 21:05:39][INFO] 模型已保存至: /data/sda/zjc/comsol_pinn/checkpoints/exp05/M01_fcnn_mvp.pt
[2026-01-19 21:05:39][INFO] ========== 训练结束 ==========
