[2026-01-29 10:29:50][INFO] 日志文件创建于: /data/sda/zjc/comsol_pinn/logs/M04c/exp03/train_20260129_102950_gpu3_pid1035492.log
[2026-01-29 10:29:50][INFO] 进程 PID: 1035492
[2026-01-29 10:29:50][INFO] ========== PINN 训练开始 ==========
[2026-01-29 10:29:50][INFO] 物理项权重 λ_pde = 1.0
[2026-01-29 10:29:50][INFO] 使用设备: cuda
[2026-01-29 10:29:50][INFO] 训练参数: {'lambda_pde': 1.0, 'epochs': 200, 'lr': 0.005, 'batch_cases': 1, 'use_pde_anneal': True, 'pde_anneal_gamma': 0.03, 'pde_lambda_min': 0.0, 'use_soft_mask': False, 'mask_alpha': 40.0, 'mask_temp_ratio': 0.7, 'points_per_case': 320000, 'device': 'cuda', 'num_workers': 8, 'log_dir': 'logs/M04c/exp03', 'ckpt_dir': 'checkpoints/M04c/exp03'}
[2026-01-29 10:29:50][INFO] 数据集大小: 141 cases
[2026-01-29 10:29:50][INFO] 每 case 采样点数: 320000
[2026-01-29 10:29:51][INFO] 模型结构:
SimplePINN(
  (net): Sequential(
    (0): Linear(in_features=7, out_features=128, bias=True)
    (1): SiLU()
    (2): Linear(in_features=128, out_features=128, bias=True)
    (3): SiLU()
    (4): Linear(in_features=128, out_features=1, bias=True)
  )
)
[2026-01-29 10:29:51][INFO] 优化器: AdamW, 初始 lr=0.005, 调度策略: ReduceLROnPlateau(factor=0.5, patience=6)
[2026-01-29 10:32:05][INFO] [Epoch 001] MSE Loss=21815.939357 | PDE Loss=5.670225 | λ_pde=1.000e+00 | LR=5.00e-03
[2026-01-29 10:34:20][INFO] [Epoch 002] MSE Loss=907.783816 | PDE Loss=2.825881 | λ_pde=9.704e-01 | LR=5.00e-03
[2026-01-29 10:36:34][INFO] [Epoch 003] MSE Loss=867.123878 | PDE Loss=1.306426 | λ_pde=9.418e-01 | LR=5.00e-03
