[2026-01-30 17:40:36][INFO] 日志文件创建于: /data/sda/zjc/comsol_pinn/logs/M04d/exp10/train_20260130_174036_gpu3_pid2857717.log
[2026-01-30 17:40:36][INFO] 进程 PID: 2857717
[2026-01-30 17:40:36][INFO] ========== PINN 训练开始 ==========
[2026-01-30 17:40:36][INFO] 物理项权重 λ_pde = 1.0
[2026-01-30 17:40:36][INFO] 使用设备: cuda
[2026-01-30 17:40:36][INFO] 训练参数: {'lambda_pde': 1.0, 'epochs': 200, 'lr': 0.005, 'batch_cases': 1, 'lr_scheduler': 'hybrid', 'cosine_tmax': 150, 'cosine_eta_min': 1e-05, 'plateau_factor': 0.5, 'plateau_patience': 6, 'plateau_min_lr': 1e-05, 'use_pde_anneal': True, 'pde_anneal_gamma': 3.0, 'pde_lambda_min': 0.0, 'use_soft_mask': False, 'mask_alpha': 40.0, 'mask_temp_ratio': 0.7, 'points_per_case': 320000, 'device': 'cuda', 'num_workers': 8, 'log_dir': 'logs/M04d/exp10', 'ckpt_dir': 'checkpoints/M04d/exp10'}
[2026-01-30 17:40:36][INFO] 数据集大小: 141 cases
[2026-01-30 17:40:36][INFO] 每 case 采样点数: 320000
[2026-01-30 17:40:39][INFO] 模型结构:
SimplePINN(
  (net): Sequential(
    (0): Linear(in_features=7, out_features=128, bias=True)
    (1): SiLU()
    (2): Linear(in_features=128, out_features=128, bias=True)
    (3): SiLU()
    (4): Linear(in_features=128, out_features=1, bias=True)
  )
)
[2026-01-30 17:40:39][INFO] 优化器: AdamW, 初始 lr=0.005, 学习率调度器: hybrid
[2026-01-30 17:44:10][INFO] [Epoch 001] MSE Loss=23156.315047 | PDE Loss=13.289668 | λ_pde=1.000e+00 | LR=5.00e-03
[2026-01-30 17:47:43][INFO] [Epoch 002] MSE Loss=934.160849 | PDE Loss=8.681677 | λ_pde=4.979e-02 | LR=5.00e-03
[2026-01-30 17:51:13][INFO] [Epoch 003] MSE Loss=873.078669 | PDE Loss=12.947292 | λ_pde=2.479e-03 | LR=5.00e-03
[2026-01-30 17:54:42][INFO] [Epoch 004] MSE Loss=879.715314 | PDE Loss=10.019282 | λ_pde=1.234e-04 | LR=5.00e-03
[2026-01-30 17:58:11][INFO] [Epoch 005] MSE Loss=868.676439 | PDE Loss=11.956541 | λ_pde=6.144e-06 | LR=4.99e-03
[2026-01-30 18:01:40][INFO] [Epoch 006] MSE Loss=802.625855 | PDE Loss=31.246667 | λ_pde=3.059e-07 | LR=4.99e-03
[2026-01-30 18:05:11][INFO] [Epoch 007] MSE Loss=783.672280 | PDE Loss=60.321616 | λ_pde=1.523e-08 | LR=4.98e-03
[2026-01-30 18:08:43][INFO] [Epoch 008] MSE Loss=813.669025 | PDE Loss=106.896140 | λ_pde=7.583e-10 | LR=4.97e-03
[2026-01-30 18:12:19][INFO] [Epoch 009] MSE Loss=802.725808 | PDE Loss=120.490490 | λ_pde=3.775e-11 | LR=4.97e-03
[2026-01-30 18:15:48][INFO] [Epoch 010] MSE Loss=771.580265 | PDE Loss=138.112619 | λ_pde=1.880e-12 | LR=4.96e-03
[2026-01-30 18:19:19][INFO] [Epoch 011] MSE Loss=767.674189 | PDE Loss=143.750318 | λ_pde=9.358e-14 | LR=4.95e-03
[2026-01-30 18:22:49][INFO] [Epoch 012] MSE Loss=752.373228 | PDE Loss=152.429237 | λ_pde=4.659e-15 | LR=4.93e-03
[2026-01-30 18:26:23][INFO] [Epoch 013] MSE Loss=791.987089 | PDE Loss=150.493134 | λ_pde=2.320e-16 | LR=4.92e-03
[2026-01-30 18:29:49][INFO] [Epoch 014] MSE Loss=756.916462 | PDE Loss=174.222261 | λ_pde=1.155e-17 | LR=4.91e-03
[2026-01-30 18:33:20][INFO] [Epoch 015] MSE Loss=735.395735 | PDE Loss=187.341150 | λ_pde=5.750e-19 | LR=4.89e-03
[2026-01-30 18:36:49][INFO] [Epoch 016] MSE Loss=728.349027 | PDE Loss=227.812947 | λ_pde=2.863e-20 | LR=4.88e-03
[2026-01-30 18:40:21][INFO] [Epoch 017] MSE Loss=743.273018 | PDE Loss=239.597581 | λ_pde=1.425e-21 | LR=4.86e-03
[2026-01-30 18:43:48][INFO] [Epoch 018] MSE Loss=734.076608 | PDE Loss=282.741778 | λ_pde=7.095e-23 | LR=4.84e-03
[2026-01-30 18:47:15][INFO] [Epoch 019] MSE Loss=769.982833 | PDE Loss=337.037409 | λ_pde=3.533e-24 | LR=4.82e-03
[2026-01-30 18:50:45][INFO] [Epoch 020] MSE Loss=728.206811 | PDE Loss=391.906868 | λ_pde=1.759e-25 | LR=4.81e-03
[2026-01-30 18:54:18][INFO] [Epoch 021] MSE Loss=742.162841 | PDE Loss=462.204671 | λ_pde=8.757e-27 | LR=4.78e-03
[2026-01-30 18:57:46][INFO] [Epoch 022] MSE Loss=707.372164 | PDE Loss=536.353129 | λ_pde=4.360e-28 | LR=4.76e-03
[2026-01-30 19:01:14][INFO] [Epoch 023] MSE Loss=739.907804 | PDE Loss=630.874525 | λ_pde=2.171e-29 | LR=4.74e-03
[2026-01-30 19:04:46][INFO] [Epoch 024] MSE Loss=661.029583 | PDE Loss=784.033455 | λ_pde=1.081e-30 | LR=4.72e-03
[2026-01-30 19:08:14][INFO] [Epoch 025] MSE Loss=682.066494 | PDE Loss=896.578104 | λ_pde=5.380e-32 | LR=4.69e-03
[2026-01-30 19:11:45][INFO] [Epoch 026] MSE Loss=649.859468 | PDE Loss=1030.381128 | λ_pde=2.679e-33 | LR=4.67e-03
[2026-01-30 19:15:18][INFO] [Epoch 027] MSE Loss=671.099340 | PDE Loss=1091.400316 | λ_pde=1.334e-34 | LR=4.64e-03
[2026-01-30 19:18:44][INFO] [Epoch 028] MSE Loss=600.185134 | PDE Loss=1182.032187 | λ_pde=6.640e-36 | LR=4.61e-03
[2026-01-30 19:22:17][INFO] [Epoch 029] MSE Loss=686.401498 | PDE Loss=1465.946762 | λ_pde=3.306e-37 | LR=4.58e-03
[2026-01-30 19:25:51][INFO] [Epoch 030] MSE Loss=615.549033 | PDE Loss=1612.678843 | λ_pde=1.646e-38 | LR=4.55e-03
[2026-01-30 19:29:19][INFO] [Epoch 031] MSE Loss=639.009296 | PDE Loss=1845.790359 | λ_pde=8.194e-40 | LR=4.52e-03
[2026-01-30 19:32:51][INFO] [Epoch 032] MSE Loss=654.700437 | PDE Loss=1986.208300 | λ_pde=4.080e-41 | LR=4.49e-03
[2026-01-30 19:36:20][INFO] [Epoch 033] MSE Loss=658.164338 | PDE Loss=2058.509927 | λ_pde=2.031e-42 | LR=4.46e-03
[2026-01-30 19:39:57][INFO] [Epoch 034] MSE Loss=615.079565 | PDE Loss=2368.441988 | λ_pde=1.011e-43 | LR=4.43e-03
[2026-01-30 19:43:30][INFO] [Epoch 035] MSE Loss=668.979472 | PDE Loss=2788.929762 | λ_pde=5.035e-45 | LR=4.39e-03
[2026-01-30 19:47:02][INFO] [Epoch 036] MSE Loss=598.853876 | PDE Loss=2976.335093 | λ_pde=2.507e-46 | LR=2.18e-03
[2026-01-30 19:50:34][INFO] [Epoch 037] MSE Loss=574.611024 | PDE Loss=3324.054362 | λ_pde=1.248e-47 | LR=2.16e-03
[2026-01-30 19:54:06][INFO] [Epoch 038] MSE Loss=592.306371 | PDE Loss=3711.517710 | λ_pde=6.213e-49 | LR=2.14e-03
[2026-01-30 19:57:36][INFO] [Epoch 039] MSE Loss=574.657252 | PDE Loss=4137.241426 | λ_pde=3.093e-50 | LR=2.13e-03
[2026-01-30 20:01:09][INFO] [Epoch 040] MSE Loss=590.743237 | PDE Loss=4690.435810 | λ_pde=1.540e-51 | LR=2.11e-03
[2026-01-30 20:04:42][INFO] [Epoch 041] MSE Loss=566.049348 | PDE Loss=5184.488939 | λ_pde=7.668e-53 | LR=2.09e-03
[2026-01-30 20:08:13][INFO] [Epoch 042] MSE Loss=590.113072 | PDE Loss=5555.508429 | λ_pde=3.817e-54 | LR=2.07e-03
[2026-01-30 20:11:49][INFO] [Epoch 043] MSE Loss=577.894906 | PDE Loss=6011.486512 | λ_pde=1.901e-55 | LR=2.05e-03
[2026-01-30 20:15:19][INFO] [Epoch 044] MSE Loss=547.887652 | PDE Loss=6524.258173 | λ_pde=9.463e-57 | LR=2.03e-03
[2026-01-30 20:18:49][INFO] [Epoch 045] MSE Loss=533.902378 | PDE Loss=7132.736037 | λ_pde=4.711e-58 | LR=2.01e-03
[2026-01-30 20:22:19][INFO] [Epoch 046] MSE Loss=563.181961 | PDE Loss=7628.925352 | λ_pde=2.346e-59 | LR=1.99e-03
[2026-01-30 20:25:52][INFO] [Epoch 047] MSE Loss=541.683974 | PDE Loss=8090.684092 | λ_pde=1.168e-60 | LR=1.96e-03
[2026-01-30 20:29:20][INFO] [Epoch 048] MSE Loss=536.853642 | PDE Loss=8759.608745 | λ_pde=5.814e-62 | LR=1.94e-03
[2026-01-30 20:32:51][INFO] [Epoch 049] MSE Loss=543.969164 | PDE Loss=9462.293080 | λ_pde=2.895e-63 | LR=1.92e-03
[2026-01-30 20:36:21][INFO] [Epoch 050] MSE Loss=564.871331 | PDE Loss=9904.549244 | λ_pde=1.441e-64 | LR=1.90e-03
[2026-01-30 20:39:52][INFO] [Epoch 051] MSE Loss=576.656201 | PDE Loss=10277.170026 | λ_pde=7.175e-66 | LR=1.88e-03
[2026-01-30 20:43:24][INFO] [Epoch 052] MSE Loss=553.517852 | PDE Loss=11102.049327 | λ_pde=3.572e-67 | LR=1.85e-03
[2026-01-30 20:46:55][INFO] [Epoch 053] MSE Loss=501.862297 | PDE Loss=11949.687916 | λ_pde=1.779e-68 | LR=9.16e-04
[2026-01-30 20:50:26][INFO] [Epoch 054] MSE Loss=508.665861 | PDE Loss=12527.274601 | λ_pde=8.855e-70 | LR=9.04e-04
[2026-01-30 20:53:55][INFO] [Epoch 055] MSE Loss=501.540547 | PDE Loss=13122.936184 | λ_pde=4.409e-71 | LR=8.92e-04
[2026-01-30 20:57:24][INFO] [Epoch 056] MSE Loss=501.208616 | PDE Loss=13806.013977 | λ_pde=2.195e-72 | LR=8.81e-04
[2026-01-30 21:00:53][INFO] [Epoch 057] MSE Loss=495.622977 | PDE Loss=14466.940381 | λ_pde=1.093e-73 | LR=8.69e-04
[2026-01-30 21:04:22][INFO] [Epoch 058] MSE Loss=495.450758 | PDE Loss=15174.904241 | λ_pde=5.441e-75 | LR=8.57e-04
[2026-01-30 21:07:51][INFO] [Epoch 059] MSE Loss=490.345374 | PDE Loss=15972.450271 | λ_pde=2.709e-76 | LR=8.45e-04
[2026-01-30 21:11:25][INFO] [Epoch 060] MSE Loss=501.301008 | PDE Loss=16751.533563 | λ_pde=1.349e-77 | LR=8.32e-04
[2026-01-30 21:14:53][INFO] [Epoch 061] MSE Loss=488.533674 | PDE Loss=17683.471036 | λ_pde=6.714e-79 | LR=8.20e-04
[2026-01-30 21:18:26][INFO] [Epoch 062] MSE Loss=480.125603 | PDE Loss=18433.482173 | λ_pde=3.343e-80 | LR=8.08e-04
[2026-01-30 21:21:59][INFO] [Epoch 063] MSE Loss=479.380878 | PDE Loss=19246.280405 | λ_pde=1.664e-81 | LR=7.95e-04
[2026-01-30 21:25:29][INFO] [Epoch 064] MSE Loss=481.039074 | PDE Loss=20180.205230 | λ_pde=8.286e-83 | LR=7.83e-04
[2026-01-30 21:28:57][INFO] [Epoch 065] MSE Loss=466.155097 | PDE Loss=21180.978308 | λ_pde=4.125e-84 | LR=7.70e-04
[2026-01-30 21:32:28][INFO] [Epoch 066] MSE Loss=478.096650 | PDE Loss=21938.915101 | λ_pde=2.054e-85 | LR=7.58e-04
[2026-01-30 21:35:58][INFO] [Epoch 067] MSE Loss=476.956661 | PDE Loss=22984.580757 | λ_pde=1.023e-86 | LR=7.45e-04
[2026-01-30 21:39:30][INFO] [Epoch 068] MSE Loss=477.339538 | PDE Loss=23736.635084 | λ_pde=5.091e-88 | LR=7.32e-04
[2026-01-30 21:43:01][INFO] [Epoch 069] MSE Loss=474.502980 | PDE Loss=24582.344664 | λ_pde=2.535e-89 | LR=7.19e-04
[2026-01-30 21:46:33][INFO] [Epoch 070] MSE Loss=469.987966 | PDE Loss=25259.684092 | λ_pde=1.262e-90 | LR=7.06e-04
[2026-01-30 21:49:58][INFO] [Epoch 071] MSE Loss=467.866018 | PDE Loss=26513.578236 | λ_pde=6.283e-92 | LR=6.94e-04
[2026-01-30 21:53:31][INFO] [Epoch 072] MSE Loss=473.255332 | PDE Loss=27464.670185 | λ_pde=3.128e-93 | LR=6.81e-04
[2026-01-30 21:57:06][INFO] [Epoch 073] MSE Loss=460.319474 | PDE Loss=28202.252410 | λ_pde=1.557e-94 | LR=3.34e-04
[2026-01-30 22:00:33][INFO] [Epoch 074] MSE Loss=462.606249 | PDE Loss=28581.270556 | λ_pde=7.754e-96 | LR=3.28e-04
[2026-01-30 22:04:04][INFO] [Epoch 075] MSE Loss=449.460796 | PDE Loss=28972.188525 | λ_pde=3.860e-97 | LR=3.21e-04
[2026-01-30 22:07:37][INFO] [Epoch 076] MSE Loss=459.321155 | PDE Loss=29580.879820 | λ_pde=1.922e-98 | LR=3.15e-04
[2026-01-30 22:11:04][INFO] [Epoch 077] MSE Loss=453.279509 | PDE Loss=30037.948388 | λ_pde=9.569e-100 | LR=3.08e-04
[2026-01-30 22:14:34][INFO] [Epoch 078] MSE Loss=455.596527 | PDE Loss=30378.293080 | λ_pde=4.764e-101 | LR=3.02e-04
[2026-01-30 22:18:02][INFO] [Epoch 079] MSE Loss=460.208767 | PDE Loss=30787.202709 | λ_pde=2.372e-102 | LR=2.96e-04
[2026-01-30 22:21:30][INFO] [Epoch 080] MSE Loss=457.274900 | PDE Loss=31481.685672 | λ_pde=1.181e-103 | LR=2.89e-04
[2026-01-30 22:25:00][INFO] [Epoch 081] MSE Loss=454.172388 | PDE Loss=31682.757812 | λ_pde=5.879e-105 | LR=2.83e-04
[2026-01-30 22:28:33][INFO] [Epoch 082] MSE Loss=452.973549 | PDE Loss=32132.680574 | λ_pde=2.927e-106 | LR=2.77e-04
[2026-01-30 22:32:05][INFO] [Epoch 083] MSE Loss=446.094869 | PDE Loss=32576.295684 | λ_pde=1.457e-107 | LR=1.35e-04
[2026-01-30 22:35:35][INFO] [Epoch 084] MSE Loss=448.323206 | PDE Loss=32606.639517 | λ_pde=7.256e-109 | LR=1.32e-04
[2026-01-30 22:39:02][INFO] [Epoch 085] MSE Loss=447.040999 | PDE Loss=32944.000083 | λ_pde=3.612e-110 | LR=1.29e-04
[2026-01-30 22:42:34][INFO] [Epoch 086] MSE Loss=446.279259 | PDE Loss=33142.607325 | λ_pde=1.798e-111 | LR=1.26e-04
[2026-01-30 22:46:02][INFO] [Epoch 087] MSE Loss=446.049860 | PDE Loss=33514.701435 | λ_pde=8.954e-113 | LR=1.23e-04
[2026-01-30 22:49:35][INFO] [Epoch 088] MSE Loss=446.390858 | PDE Loss=33387.359791 | λ_pde=4.458e-114 | LR=1.20e-04
[2026-01-30 22:53:06][INFO] [Epoch 089] MSE Loss=445.629689 | PDE Loss=33776.287788 | λ_pde=2.220e-115 | LR=1.17e-04
[2026-01-30 22:56:38][INFO] [Epoch 090] MSE Loss=444.003302 | PDE Loss=33883.928746 | λ_pde=1.105e-116 | LR=1.14e-04
[2026-01-30 23:00:06][INFO] [Epoch 091] MSE Loss=444.865028 | PDE Loss=34076.797263 | λ_pde=5.502e-118 | LR=1.11e-04
[2026-01-30 23:03:35][INFO] [Epoch 092] MSE Loss=445.983553 | PDE Loss=34290.938137 | λ_pde=2.739e-119 | LR=1.08e-04
[2026-01-30 23:07:05][INFO] [Epoch 093] MSE Loss=444.537539 | PDE Loss=34307.890293 | λ_pde=1.364e-120 | LR=1.05e-04
[2026-01-30 23:10:39][INFO] [Epoch 094] MSE Loss=444.131015 | PDE Loss=34740.292581 | λ_pde=6.790e-122 | LR=1.03e-04
[2026-01-30 23:14:06][INFO] [Epoch 095] MSE Loss=441.608341 | PDE Loss=34627.632148 | λ_pde=3.380e-123 | LR=9.97e-05
[2026-01-30 23:17:35][INFO] [Epoch 096] MSE Loss=444.287939 | PDE Loss=35100.391456 | λ_pde=1.683e-124 | LR=9.69e-05
[2026-01-30 23:21:03][INFO] [Epoch 097] MSE Loss=442.699299 | PDE Loss=35215.557458 | λ_pde=8.379e-126 | LR=9.41e-05
[2026-01-30 23:24:29][INFO] [Epoch 098] MSE Loss=444.826610 | PDE Loss=35263.546820 | λ_pde=4.172e-127 | LR=9.14e-05
[2026-01-30 23:27:59][INFO] [Epoch 099] MSE Loss=443.986046 | PDE Loss=35313.936143 | λ_pde=2.077e-128 | LR=8.86e-05
[2026-01-30 23:31:31][INFO] [Epoch 100] MSE Loss=443.344443 | PDE Loss=35686.347352 | λ_pde=1.034e-129 | LR=8.59e-05
[2026-01-30 23:35:02][INFO] [Epoch 101] MSE Loss=443.449686 | PDE Loss=35699.847047 | λ_pde=5.148e-131 | LR=8.33e-05
[2026-01-30 23:38:34][INFO] [Epoch 102] MSE Loss=443.599749 | PDE Loss=35807.024740 | λ_pde=2.563e-132 | LR=8.06e-05
[2026-01-30 23:42:05][INFO] [Epoch 103] MSE Loss=440.601574 | PDE Loss=36012.786569 | λ_pde=1.276e-133 | LR=3.90e-05
[2026-01-30 23:45:35][INFO] [Epoch 104] MSE Loss=441.318985 | PDE Loss=35940.190464 | λ_pde=6.353e-135 | LR=3.79e-05
[2026-01-30 23:49:04][INFO] [Epoch 105] MSE Loss=440.712369 | PDE Loss=36090.790946 | λ_pde=3.163e-136 | LR=3.68e-05
[2026-01-30 23:52:33][INFO] [Epoch 106] MSE Loss=441.087723 | PDE Loss=36063.032109 | λ_pde=1.575e-137 | LR=3.58e-05
[2026-01-30 23:56:00][INFO] [Epoch 107] MSE Loss=440.370224 | PDE Loss=36253.744625 | λ_pde=7.841e-139 | LR=3.47e-05
[2026-01-30 23:59:33][INFO] [Epoch 108] MSE Loss=440.480788 | PDE Loss=36231.373227 | λ_pde=3.904e-140 | LR=3.37e-05
[2026-01-31 00:03:06][INFO] [Epoch 109] MSE Loss=440.041331 | PDE Loss=36342.869736 | λ_pde=1.944e-141 | LR=3.27e-05
[2026-01-31 00:06:38][INFO] [Epoch 110] MSE Loss=440.342262 | PDE Loss=36343.456366 | λ_pde=9.676e-143 | LR=3.17e-05
[2026-01-31 00:10:09][INFO] [Epoch 111] MSE Loss=439.883826 | PDE Loss=36408.755125 | λ_pde=4.817e-144 | LR=3.07e-05
[2026-01-31 00:13:40][INFO] [Epoch 112] MSE Loss=440.228542 | PDE Loss=36450.942348 | λ_pde=2.398e-145 | LR=2.97e-05
[2026-01-31 00:17:05][INFO] [Epoch 113] MSE Loss=439.884811 | PDE Loss=36400.584719 | λ_pde=1.194e-146 | LR=2.88e-05
[2026-01-31 00:20:33][INFO] [Epoch 114] MSE Loss=439.837243 | PDE Loss=36518.548039 | λ_pde=5.945e-148 | LR=2.78e-05
[2026-01-31 00:24:04][INFO] [Epoch 115] MSE Loss=440.236418 | PDE Loss=36514.776014 | λ_pde=2.960e-149 | LR=2.69e-05
[2026-01-31 00:27:35][INFO] [Epoch 116] MSE Loss=440.424637 | PDE Loss=36651.581117 | λ_pde=1.474e-150 | LR=2.61e-05
[2026-01-31 00:31:06][INFO] [Epoch 117] MSE Loss=439.495223 | PDE Loss=36722.929992 | λ_pde=7.337e-152 | LR=2.52e-05
[2026-01-31 00:34:37][INFO] [Epoch 118] MSE Loss=440.044702 | PDE Loss=36765.431765 | λ_pde=3.653e-153 | LR=2.43e-05
[2026-01-31 00:38:07][INFO] [Epoch 119] MSE Loss=439.472620 | PDE Loss=36761.674618 | λ_pde=1.819e-154 | LR=2.35e-05
[2026-01-31 00:41:40][INFO] [Epoch 120] MSE Loss=439.304441 | PDE Loss=36782.080618 | λ_pde=9.055e-156 | LR=2.27e-05
[2026-01-31 00:45:10][INFO] [Epoch 121] MSE Loss=439.618907 | PDE Loss=36847.458001 | λ_pde=4.508e-157 | LR=2.19e-05
[2026-01-31 00:48:40][INFO] [Epoch 122] MSE Loss=439.265421 | PDE Loss=36938.193623 | λ_pde=2.244e-158 | LR=2.12e-05
[2026-01-31 00:52:11][INFO] [Epoch 123] MSE Loss=439.273776 | PDE Loss=36874.451297 | λ_pde=1.117e-159 | LR=2.04e-05
[2026-01-31 00:55:42][INFO] [Epoch 124] MSE Loss=439.121114 | PDE Loss=36985.900543 | λ_pde=5.563e-161 | LR=1.97e-05
[2026-01-31 00:59:15][INFO] [Epoch 125] MSE Loss=439.219530 | PDE Loss=36963.175255 | λ_pde=2.770e-162 | LR=1.90e-05
[2026-01-31 01:02:45][INFO] [Epoch 126] MSE Loss=438.975585 | PDE Loss=37056.098515 | λ_pde=1.379e-163 | LR=1.84e-05
[2026-01-31 01:06:15][INFO] [Epoch 127] MSE Loss=438.956316 | PDE Loss=37037.420462 | λ_pde=6.866e-165 | LR=1.77e-05
[2026-01-31 01:09:46][INFO] [Epoch 128] MSE Loss=439.163102 | PDE Loss=37061.598293 | λ_pde=3.418e-166 | LR=1.71e-05
[2026-01-31 01:13:16][INFO] [Epoch 129] MSE Loss=438.877335 | PDE Loss=37117.446698 | λ_pde=1.702e-167 | LR=1.65e-05
[2026-01-31 01:16:47][INFO] [Epoch 130] MSE Loss=439.054735 | PDE Loss=37177.193539 | λ_pde=8.473e-169 | LR=1.59e-05
[2026-01-31 01:20:13][INFO] [Epoch 131] MSE Loss=438.811199 | PDE Loss=37131.952682 | λ_pde=4.218e-170 | LR=1.54e-05
[2026-01-31 01:23:44][INFO] [Epoch 132] MSE Loss=438.893286 | PDE Loss=37148.447030 | λ_pde=2.100e-171 | LR=1.49e-05
[2026-01-31 01:27:18][INFO] [Epoch 133] MSE Loss=438.839337 | PDE Loss=37189.115387 | λ_pde=1.046e-172 | LR=1.44e-05
[2026-01-31 01:30:44][INFO] [Epoch 134] MSE Loss=438.975663 | PDE Loss=37161.672235 | λ_pde=5.206e-174 | LR=1.39e-05
[2026-01-31 01:34:12][INFO] [Epoch 135] MSE Loss=438.789257 | PDE Loss=37173.961381 | λ_pde=2.592e-175 | LR=1.35e-05
[2026-01-31 01:37:43][INFO] [Epoch 136] MSE Loss=438.766887 | PDE Loss=37246.950936 | λ_pde=1.290e-176 | LR=1.31e-05
[2026-01-31 01:41:15][INFO] [Epoch 137] MSE Loss=438.544305 | PDE Loss=37225.008256 | λ_pde=6.425e-178 | LR=1.27e-05
[2026-01-31 01:44:44][INFO] [Epoch 138] MSE Loss=438.838976 | PDE Loss=37332.414118 | λ_pde=3.199e-179 | LR=1.23e-05
[2026-01-31 01:48:13][INFO] [Epoch 139] MSE Loss=438.822158 | PDE Loss=37345.104998 | λ_pde=1.593e-180 | LR=1.20e-05
[2026-01-31 01:51:43][INFO] [Epoch 140] MSE Loss=438.787719 | PDE Loss=37372.313747 | λ_pde=7.929e-182 | LR=1.17e-05
[2026-01-31 01:55:14][INFO] [Epoch 141] MSE Loss=438.411717 | PDE Loss=37427.053108 | λ_pde=3.947e-183 | LR=1.14e-05
[2026-01-31 01:58:47][INFO] [Epoch 142] MSE Loss=438.234102 | PDE Loss=37384.019310 | λ_pde=1.965e-184 | LR=1.11e-05
[2026-01-31 02:02:19][INFO] [Epoch 143] MSE Loss=438.453670 | PDE Loss=37445.218224 | λ_pde=9.785e-186 | LR=1.09e-05
[2026-01-31 02:05:52][INFO] [Epoch 144] MSE Loss=438.465133 | PDE Loss=37467.510250 | λ_pde=4.872e-187 | LR=1.07e-05
[2026-01-31 02:09:24][INFO] [Epoch 145] MSE Loss=438.089951 | PDE Loss=37459.033245 | λ_pde=2.425e-188 | LR=1.05e-05
[2026-01-31 02:12:54][INFO] [Epoch 146] MSE Loss=438.254534 | PDE Loss=37413.456699 | λ_pde=1.208e-189 | LR=1.03e-05
[2026-01-31 02:16:24][INFO] [Epoch 147] MSE Loss=438.344521 | PDE Loss=37515.841811 | λ_pde=6.012e-191 | LR=1.02e-05
[2026-01-31 02:19:53][INFO] [Epoch 148] MSE Loss=438.072123 | PDE Loss=37522.028147 | λ_pde=2.993e-192 | LR=1.01e-05
[2026-01-31 02:23:24][INFO] [Epoch 149] MSE Loss=438.319407 | PDE Loss=37526.709192 | λ_pde=1.490e-193 | LR=1.01e-05
[2026-01-31 02:26:53][INFO] [Epoch 150] MSE Loss=438.474703 | PDE Loss=37552.267315 | λ_pde=7.419e-195 | LR=1.00e-05
[2026-01-31 02:30:24][INFO] [Epoch 151] MSE Loss=438.093236 | PDE Loss=37598.790725 | λ_pde=3.694e-196 | LR=1.00e-05
[2026-01-31 02:33:49][INFO] [Epoch 152] MSE Loss=438.488333 | PDE Loss=37569.919548 | λ_pde=1.839e-197 | LR=1.05e-05
[2026-01-31 02:37:15][INFO] [Epoch 153] MSE Loss=437.973709 | PDE Loss=37550.869958 | λ_pde=9.156e-199 | LR=1.00e-05
[2026-01-31 02:40:46][INFO] [Epoch 154] MSE Loss=438.531071 | PDE Loss=37587.230164 | λ_pde=4.559e-200 | LR=1.00e-05
[2026-01-31 02:44:16][INFO] [Epoch 155] MSE Loss=438.061121 | PDE Loss=37650.329732 | λ_pde=2.270e-201 | LR=1.00e-05
[2026-01-31 02:47:45][INFO] [Epoch 156] MSE Loss=438.041517 | PDE Loss=37669.529505 | λ_pde=1.130e-202 | LR=1.00e-05
[2026-01-31 02:51:16][INFO] [Epoch 157] MSE Loss=437.986903 | PDE Loss=37649.972074 | λ_pde=5.626e-204 | LR=1.00e-05
[2026-01-31 02:54:45][INFO] [Epoch 158] MSE Loss=438.031538 | PDE Loss=37675.789146 | λ_pde=2.801e-205 | LR=1.00e-05
[2026-01-31 02:58:14][INFO] [Epoch 159] MSE Loss=437.991777 | PDE Loss=37700.107297 | λ_pde=1.394e-206 | LR=1.00e-05
[2026-01-31 03:01:44][INFO] [Epoch 160] MSE Loss=438.077290 | PDE Loss=37700.101895 | λ_pde=6.943e-208 | LR=1.00e-05
[2026-01-31 03:05:14][INFO] [Epoch 161] MSE Loss=437.955901 | PDE Loss=37693.341561 | λ_pde=3.457e-209 | LR=1.00e-05
[2026-01-31 03:08:43][INFO] [Epoch 162] MSE Loss=437.840416 | PDE Loss=37715.921653 | λ_pde=1.721e-210 | LR=1.00e-05
[2026-01-31 03:12:15][INFO] [Epoch 163] MSE Loss=438.176397 | PDE Loss=37764.598460 | λ_pde=8.568e-212 | LR=1.00e-05
[2026-01-31 03:15:47][INFO] [Epoch 164] MSE Loss=437.925239 | PDE Loss=37801.255735 | λ_pde=4.266e-213 | LR=1.00e-05
[2026-01-31 03:19:13][INFO] [Epoch 165] MSE Loss=438.212552 | PDE Loss=37799.741772 | λ_pde=2.124e-214 | LR=1.00e-05
[2026-01-31 03:22:43][INFO] [Epoch 166] MSE Loss=438.132671 | PDE Loss=37779.588375 | λ_pde=1.057e-215 | LR=1.00e-05
[2026-01-31 03:26:16][INFO] [Epoch 167] MSE Loss=437.990776 | PDE Loss=37842.223654 | λ_pde=5.264e-217 | LR=1.00e-05
[2026-01-31 03:29:46][INFO] [Epoch 168] MSE Loss=437.836217 | PDE Loss=37845.423426 | λ_pde=2.621e-218 | LR=1.00e-05
[2026-01-31 03:32:31][INFO] [Epoch 169] MSE Loss=437.898784 | PDE Loss=37884.961713 | λ_pde=1.305e-219 | LR=1.00e-05
[2026-01-31 03:33:44][INFO] [Epoch 170] MSE Loss=437.838728 | PDE Loss=37934.277648 | λ_pde=6.497e-221 | LR=1.00e-05
[2026-01-31 03:34:42][INFO] [Epoch 171] MSE Loss=438.150551 | PDE Loss=37885.615414 | λ_pde=3.235e-222 | LR=1.00e-05
[2026-01-31 03:35:36][INFO] [Epoch 172] MSE Loss=437.553258 | PDE Loss=37889.730746 | λ_pde=1.610e-223 | LR=1.00e-05
[2026-01-31 03:36:32][INFO] [Epoch 173] MSE Loss=437.892730 | PDE Loss=37917.989666 | λ_pde=8.018e-225 | LR=1.00e-05
[2026-01-31 03:37:28][INFO] [Epoch 174] MSE Loss=438.036967 | PDE Loss=37930.561974 | λ_pde=3.992e-226 | LR=1.00e-05
[2026-01-31 03:38:23][INFO] [Epoch 175] MSE Loss=437.795956 | PDE Loss=38024.923094 | λ_pde=1.987e-227 | LR=1.00e-05
[2026-01-31 03:39:18][INFO] [Epoch 176] MSE Loss=437.818684 | PDE Loss=37949.989279 | λ_pde=9.895e-229 | LR=1.00e-05
[2026-01-31 03:40:15][INFO] [Epoch 177] MSE Loss=437.917630 | PDE Loss=37994.893257 | λ_pde=4.926e-230 | LR=1.00e-05
[2026-01-31 03:41:12][INFO] [Epoch 178] MSE Loss=437.803104 | PDE Loss=38002.497562 | λ_pde=2.453e-231 | LR=1.00e-05
[2026-01-31 03:42:07][INFO] [Epoch 179] MSE Loss=437.845561 | PDE Loss=38115.095412 | λ_pde=1.221e-232 | LR=1.00e-05
[2026-01-31 03:43:04][INFO] [Epoch 180] MSE Loss=437.711584 | PDE Loss=38095.721133 | λ_pde=6.079e-234 | LR=1.00e-05
[2026-01-31 03:43:58][INFO] [Epoch 181] MSE Loss=437.859576 | PDE Loss=38090.813497 | λ_pde=3.027e-235 | LR=1.00e-05
[2026-01-31 03:44:53][INFO] [Epoch 182] MSE Loss=437.670047 | PDE Loss=38085.139323 | λ_pde=1.507e-236 | LR=1.00e-05
[2026-01-31 03:45:47][INFO] [Epoch 183] MSE Loss=437.782259 | PDE Loss=38094.639517 | λ_pde=7.503e-238 | LR=1.00e-05
[2026-01-31 03:46:43][INFO] [Epoch 184] MSE Loss=437.434118 | PDE Loss=38067.123670 | λ_pde=3.735e-239 | LR=1.00e-05
[2026-01-31 03:47:39][INFO] [Epoch 185] MSE Loss=437.472415 | PDE Loss=38099.278119 | λ_pde=1.860e-240 | LR=1.00e-05
[2026-01-31 03:48:34][INFO] [Epoch 186] MSE Loss=437.664739 | PDE Loss=38153.457890 | λ_pde=9.259e-242 | LR=1.00e-05
[2026-01-31 03:49:31][INFO] [Epoch 187] MSE Loss=437.528119 | PDE Loss=38179.516567 | λ_pde=4.610e-243 | LR=1.00e-05
[2026-01-31 03:50:24][INFO] [Epoch 188] MSE Loss=437.802600 | PDE Loss=38189.419770 | λ_pde=2.295e-244 | LR=1.00e-05
[2026-01-31 03:51:18][INFO] [Epoch 189] MSE Loss=437.676315 | PDE Loss=38271.769808 | λ_pde=1.143e-245 | LR=1.00e-05
[2026-01-31 03:52:14][INFO] [Epoch 190] MSE Loss=437.450419 | PDE Loss=38233.101258 | λ_pde=5.689e-247 | LR=1.00e-05
[2026-01-31 03:53:11][INFO] [Epoch 191] MSE Loss=437.405514 | PDE Loss=38200.150211 | λ_pde=2.832e-248 | LR=1.00e-05
[2026-01-31 03:54:05][INFO] [Epoch 192] MSE Loss=437.745305 | PDE Loss=38194.114362 | λ_pde=1.410e-249 | LR=1.00e-05
[2026-01-31 03:55:00][INFO] [Epoch 193] MSE Loss=437.365599 | PDE Loss=38277.815354 | λ_pde=7.021e-251 | LR=1.00e-05
[2026-01-31 03:55:54][INFO] [Epoch 194] MSE Loss=437.429475 | PDE Loss=38349.334497 | λ_pde=3.495e-252 | LR=1.00e-05
[2026-01-31 03:56:49][INFO] [Epoch 195] MSE Loss=437.836927 | PDE Loss=38295.792442 | λ_pde=1.740e-253 | LR=1.00e-05
[2026-01-31 03:57:46][INFO] [Epoch 196] MSE Loss=437.423316 | PDE Loss=38293.461519 | λ_pde=8.664e-255 | LR=1.00e-05
[2026-01-31 03:58:42][INFO] [Epoch 197] MSE Loss=437.414478 | PDE Loss=38367.685588 | λ_pde=4.314e-256 | LR=1.00e-05
[2026-01-31 03:59:38][INFO] [Epoch 198] MSE Loss=437.316758 | PDE Loss=38330.579704 | λ_pde=2.148e-257 | LR=1.00e-05
[2026-01-31 04:00:34][INFO] [Epoch 199] MSE Loss=437.523806 | PDE Loss=38361.992298 | λ_pde=1.069e-258 | LR=1.00e-05
[2026-01-31 04:01:20][INFO] [Epoch 200] MSE Loss=437.475173 | PDE Loss=38418.490608 | λ_pde=5.323e-260 | LR=1.00e-05
[2026-01-31 04:01:20][INFO] 训练结束，模型已保存至: /data/sda/zjc/comsol_pinn/checkpoints/M04d/exp10/M04d_pinn.pt
[2026-01-31 04:01:20][INFO] ========== 训练结束 ==========
