[2026-01-29 10:29:51][INFO] 日志文件创建于: /data/sda/zjc/comsol_pinn/logs/M04c/exp06/train_20260129_102951_gpu1_pid1035513.log
[2026-01-29 10:29:51][INFO] 进程 PID: 1035513
[2026-01-29 10:29:51][INFO] ========== PINN 训练开始 ==========
[2026-01-29 10:29:51][INFO] 物理项权重 λ_pde = 1.0
[2026-01-29 10:29:51][INFO] 使用设备: cuda
[2026-01-29 10:29:51][INFO] 训练参数: {'lambda_pde': 1.0, 'epochs': 200, 'lr': 0.005, 'batch_cases': 1, 'use_pde_anneal': True, 'pde_anneal_gamma': 0.01, 'pde_lambda_min': 0.0, 'use_soft_mask': False, 'mask_alpha': 40.0, 'mask_temp_ratio': 0.7, 'points_per_case': 320000, 'device': 'cuda', 'num_workers': 8, 'log_dir': 'logs/M04c/exp06', 'ckpt_dir': 'checkpoints/M04c/exp06'}
[2026-01-29 10:29:51][INFO] 数据集大小: 141 cases
[2026-01-29 10:29:51][INFO] 每 case 采样点数: 320000
[2026-01-29 10:29:52][INFO] 模型结构:
SimplePINN(
  (net): Sequential(
    (0): Linear(in_features=7, out_features=128, bias=True)
    (1): SiLU()
    (2): Linear(in_features=128, out_features=128, bias=True)
    (3): SiLU()
    (4): Linear(in_features=128, out_features=1, bias=True)
  )
)
[2026-01-29 10:29:52][INFO] 优化器: AdamW, 初始 lr=0.005, 调度策略: ReduceLROnPlateau(factor=0.5, patience=6)
[2026-01-29 10:32:06][INFO] [Epoch 001] MSE Loss=20907.902635 | PDE Loss=9.472186 | λ_pde=1.000e+00 | LR=5.00e-03
[2026-01-29 10:34:20][INFO] [Epoch 002] MSE Loss=936.678651 | PDE Loss=2.907504 | λ_pde=9.900e-01 | LR=5.00e-03
[2026-01-29 10:36:36][INFO] [Epoch 003] MSE Loss=850.533708 | PDE Loss=1.639823 | λ_pde=9.802e-01 | LR=5.00e-03
[2026-01-29 10:38:53][INFO] [Epoch 004] MSE Loss=813.892145 | PDE Loss=1.467346 | λ_pde=9.704e-01 | LR=5.00e-03
[2026-01-29 10:41:08][INFO] [Epoch 005] MSE Loss=835.592375 | PDE Loss=1.522230 | λ_pde=9.608e-01 | LR=5.00e-03
[2026-01-29 10:43:22][INFO] [Epoch 006] MSE Loss=819.344122 | PDE Loss=1.884854 | λ_pde=9.512e-01 | LR=5.00e-03
[2026-01-29 10:45:40][INFO] [Epoch 007] MSE Loss=782.772093 | PDE Loss=2.184623 | λ_pde=9.418e-01 | LR=5.00e-03
[2026-01-29 10:47:57][INFO] [Epoch 008] MSE Loss=785.987324 | PDE Loss=2.375679 | λ_pde=9.324e-01 | LR=5.00e-03
[2026-01-29 10:50:09][INFO] [Epoch 009] MSE Loss=855.933001 | PDE Loss=2.275078 | λ_pde=9.231e-01 | LR=5.00e-03
