[2026-01-26 14:44:25][INFO] 日志文件创建于: /data/sda/zjc/comsol_pinn/logs/M03/exp08/train_20260126_144425_gpu3_pid3380338.log
[2026-01-26 14:44:25][INFO] 进程 PID: 3380338
[2026-01-26 14:44:25][INFO] ========== FCNN-Fourier 训练开始 ==========
[2026-01-26 14:44:25][INFO] 使用设备: cuda
[2026-01-26 14:44:25][INFO] 训练参数: {'epochs': 150, 'lr': 0.005, 'batch_cases': 10, 'points_per_case': 400000, 'num_workers': 8, 'device': 'cuda', 'log_dir': 'logs/M03/exp08', 'ckpt_dir': 'checkpoints/M03/exp08'}
[2026-01-26 14:44:25][INFO] 数据集大小: 141 cases
[2026-01-26 14:44:25][INFO] 每 case 采样点数: 400000
[2026-01-26 14:44:27][INFO] 模型结构:
SimplePINN(
  (net): Sequential(
    (0): Linear(in_features=7, out_features=128, bias=True)
    (1): SiLU()
    (2): Linear(in_features=128, out_features=128, bias=True)
    (3): SiLU()
    (4): Linear(in_features=128, out_features=1, bias=True)
  )
)
[2026-01-26 14:44:27][INFO] 优化器: AdamW, 初始 lr=0.005, 调度策略: ReduceLROnPlateau(factor=0.5, patience=10)
[2026-01-26 14:46:50][INFO] [Epoch 001] MSE Loss = 55860.452214 | LR = 5.00e-03
[2026-01-26 14:49:10][INFO] [Epoch 002] MSE Loss = 17122.858529 | LR = 5.00e-03
[2026-01-26 14:51:33][INFO] [Epoch 003] MSE Loss = 10333.026888 | LR = 5.00e-03
[2026-01-26 14:53:54][INFO] [Epoch 004] MSE Loss = 7841.741536 | LR = 5.00e-03
[2026-01-26 14:56:12][INFO] [Epoch 005] MSE Loss = 7266.697233 | LR = 5.00e-03
[2026-01-26 14:58:33][INFO] [Epoch 006] MSE Loss = 5912.485596 | LR = 5.00e-03
[2026-01-26 15:00:56][INFO] [Epoch 007] MSE Loss = 5833.308236 | LR = 5.00e-03
[2026-01-26 15:03:16][INFO] [Epoch 008] MSE Loss = 5873.814990 | LR = 5.00e-03
[2026-01-26 15:05:38][INFO] [Epoch 009] MSE Loss = 5190.280892 | LR = 5.00e-03
[2026-01-26 15:07:59][INFO] [Epoch 010] MSE Loss = 4959.863216 | LR = 5.00e-03
[2026-01-26 15:10:24][INFO] [Epoch 011] MSE Loss = 4536.272640 | LR = 5.00e-03
[2026-01-26 15:12:39][INFO] [Epoch 012] MSE Loss = 4865.163460 | LR = 5.00e-03
[2026-01-26 15:15:01][INFO] [Epoch 013] MSE Loss = 4275.193213 | LR = 5.00e-03
[2026-01-26 15:17:23][INFO] [Epoch 014] MSE Loss = 3842.219564 | LR = 5.00e-03
[2026-01-26 15:19:46][INFO] [Epoch 015] MSE Loss = 3555.000562 | LR = 5.00e-03
[2026-01-26 15:22:08][INFO] [Epoch 016] MSE Loss = 3197.885303 | LR = 5.00e-03
[2026-01-26 15:24:29][INFO] [Epoch 017] MSE Loss = 2671.120101 | LR = 5.00e-03
[2026-01-26 15:26:54][INFO] [Epoch 018] MSE Loss = 2617.192578 | LR = 5.00e-03
[2026-01-26 15:29:16][INFO] [Epoch 019] MSE Loss = 3196.896785 | LR = 5.00e-03
[2026-01-26 15:31:39][INFO] [Epoch 020] MSE Loss = 2683.821566 | LR = 5.00e-03
[2026-01-26 15:33:58][INFO] [Epoch 021] MSE Loss = 2121.701583 | LR = 5.00e-03
[2026-01-26 15:36:23][INFO] [Epoch 022] MSE Loss = 2032.724455 | LR = 5.00e-03
[2026-01-26 15:38:44][INFO] [Epoch 023] MSE Loss = 1940.660140 | LR = 5.00e-03
[2026-01-26 15:41:02][INFO] [Epoch 024] MSE Loss = 1918.318669 | LR = 5.00e-03
[2026-01-26 15:43:21][INFO] [Epoch 025] MSE Loss = 1566.906409 | LR = 5.00e-03
[2026-01-26 15:45:43][INFO] [Epoch 026] MSE Loss = 1518.572884 | LR = 5.00e-03
[2026-01-26 15:48:03][INFO] [Epoch 027] MSE Loss = 1328.930672 | LR = 5.00e-03
[2026-01-26 15:50:26][INFO] [Epoch 028] MSE Loss = 1278.216471 | LR = 5.00e-03
[2026-01-26 15:52:49][INFO] [Epoch 029] MSE Loss = 1348.086690 | LR = 5.00e-03
[2026-01-26 15:55:08][INFO] [Epoch 030] MSE Loss = 1587.937756 | LR = 5.00e-03
[2026-01-26 15:57:28][INFO] [Epoch 031] MSE Loss = 1106.542855 | LR = 5.00e-03
[2026-01-26 15:59:48][INFO] [Epoch 032] MSE Loss = 905.803357 | LR = 5.00e-03
[2026-01-26 16:02:12][INFO] [Epoch 033] MSE Loss = 854.057483 | LR = 5.00e-03
[2026-01-26 16:04:32][INFO] [Epoch 034] MSE Loss = 673.377921 | LR = 5.00e-03
[2026-01-26 16:06:51][INFO] [Epoch 035] MSE Loss = 559.734644 | LR = 5.00e-03
[2026-01-26 16:09:14][INFO] [Epoch 036] MSE Loss = 507.477669 | LR = 5.00e-03
[2026-01-26 16:11:37][INFO] [Epoch 037] MSE Loss = 508.849634 | LR = 5.00e-03
[2026-01-26 16:14:02][INFO] [Epoch 038] MSE Loss = 468.148523 | LR = 5.00e-03
[2026-01-26 16:16:24][INFO] [Epoch 039] MSE Loss = 556.036389 | LR = 5.00e-03
[2026-01-26 16:18:45][INFO] [Epoch 040] MSE Loss = 516.157912 | LR = 5.00e-03
[2026-01-26 16:21:09][INFO] [Epoch 041] MSE Loss = 471.244232 | LR = 5.00e-03
[2026-01-26 16:23:32][INFO] [Epoch 042] MSE Loss = 419.650515 | LR = 5.00e-03
[2026-01-26 16:25:59][INFO] [Epoch 043] MSE Loss = 427.116619 | LR = 5.00e-03
[2026-01-26 16:28:24][INFO] [Epoch 044] MSE Loss = 510.065613 | LR = 5.00e-03
[2026-01-26 16:30:48][INFO] [Epoch 045] MSE Loss = 476.112343 | LR = 5.00e-03
[2026-01-26 16:33:13][INFO] [Epoch 046] MSE Loss = 352.302099 | LR = 5.00e-03
[2026-01-26 16:35:38][INFO] [Epoch 047] MSE Loss = 312.630687 | LR = 5.00e-03
[2026-01-26 16:38:01][INFO] [Epoch 048] MSE Loss = 216.027897 | LR = 5.00e-03
[2026-01-26 16:40:25][INFO] [Epoch 049] MSE Loss = 187.500014 | LR = 5.00e-03
[2026-01-26 16:42:52][INFO] [Epoch 050] MSE Loss = 183.119281 | LR = 5.00e-03
[2026-01-26 16:45:16][INFO] [Epoch 051] MSE Loss = 184.146960 | LR = 5.00e-03
[2026-01-26 16:47:40][INFO] [Epoch 052] MSE Loss = 167.403157 | LR = 5.00e-03
[2026-01-26 16:50:03][INFO] [Epoch 053] MSE Loss = 156.039601 | LR = 5.00e-03
[2026-01-26 16:52:22][INFO] [Epoch 054] MSE Loss = 164.516665 | LR = 5.00e-03
[2026-01-26 16:54:43][INFO] [Epoch 055] MSE Loss = 157.765148 | LR = 5.00e-03
[2026-01-26 16:57:05][INFO] [Epoch 056] MSE Loss = 157.985173 | LR = 5.00e-03
[2026-01-26 16:59:29][INFO] [Epoch 057] MSE Loss = 138.809938 | LR = 5.00e-03
[2026-01-26 17:01:47][INFO] [Epoch 058] MSE Loss = 137.729420 | LR = 5.00e-03
[2026-01-26 17:04:09][INFO] [Epoch 059] MSE Loss = 138.114312 | LR = 5.00e-03
[2026-01-26 17:06:27][INFO] [Epoch 060] MSE Loss = 144.507347 | LR = 5.00e-03
[2026-01-26 17:08:53][INFO] [Epoch 061] MSE Loss = 132.342665 | LR = 5.00e-03
[2026-01-26 17:11:16][INFO] [Epoch 062] MSE Loss = 136.916145 | LR = 5.00e-03
[2026-01-26 17:13:39][INFO] [Epoch 063] MSE Loss = 126.964940 | LR = 5.00e-03
[2026-01-26 17:15:58][INFO] [Epoch 064] MSE Loss = 125.907418 | LR = 5.00e-03
[2026-01-26 17:18:19][INFO] [Epoch 065] MSE Loss = 123.247029 | LR = 5.00e-03
[2026-01-26 17:20:41][INFO] [Epoch 066] MSE Loss = 128.997651 | LR = 5.00e-03
[2026-01-26 17:23:01][INFO] [Epoch 067] MSE Loss = 130.133071 | LR = 5.00e-03
[2026-01-26 17:25:22][INFO] [Epoch 068] MSE Loss = 122.996990 | LR = 5.00e-03
[2026-01-26 17:27:43][INFO] [Epoch 069] MSE Loss = 120.869638 | LR = 5.00e-03
[2026-01-26 17:30:05][INFO] [Epoch 070] MSE Loss = 118.928857 | LR = 5.00e-03
[2026-01-26 17:32:26][INFO] [Epoch 071] MSE Loss = 116.128305 | LR = 5.00e-03
[2026-01-26 17:34:50][INFO] [Epoch 072] MSE Loss = 114.373513 | LR = 5.00e-03
[2026-01-26 17:37:10][INFO] [Epoch 073] MSE Loss = 113.699985 | LR = 5.00e-03
[2026-01-26 17:39:32][INFO] [Epoch 074] MSE Loss = 112.696717 | LR = 5.00e-03
[2026-01-26 17:41:53][INFO] [Epoch 075] MSE Loss = 118.597887 | LR = 5.00e-03
[2026-01-26 17:44:10][INFO] [Epoch 076] MSE Loss = 108.698433 | LR = 5.00e-03
[2026-01-26 17:46:30][INFO] [Epoch 077] MSE Loss = 112.172687 | LR = 5.00e-03
[2026-01-26 17:48:49][INFO] [Epoch 078] MSE Loss = 106.622040 | LR = 5.00e-03
[2026-01-26 17:51:24][INFO] [Epoch 079] MSE Loss = 106.797725 | LR = 5.00e-03
[2026-01-26 17:54:13][INFO] [Epoch 080] MSE Loss = 109.905811 | LR = 5.00e-03
[2026-01-26 17:56:53][INFO] [Epoch 081] MSE Loss = 114.204107 | LR = 5.00e-03
[2026-01-26 17:59:15][INFO] [Epoch 082] MSE Loss = 105.357118 | LR = 5.00e-03
[2026-01-26 18:01:37][INFO] [Epoch 083] MSE Loss = 106.710420 | LR = 5.00e-03
[2026-01-26 18:03:57][INFO] [Epoch 084] MSE Loss = 102.224461 | LR = 5.00e-03
[2026-01-26 18:06:20][INFO] [Epoch 085] MSE Loss = 106.404091 | LR = 5.00e-03
[2026-01-26 18:08:43][INFO] [Epoch 086] MSE Loss = 101.771492 | LR = 5.00e-03
[2026-01-26 18:11:06][INFO] [Epoch 087] MSE Loss = 103.557014 | LR = 5.00e-03
[2026-01-26 18:13:31][INFO] [Epoch 088] MSE Loss = 104.097618 | LR = 5.00e-03
[2026-01-26 18:15:56][INFO] [Epoch 089] MSE Loss = 102.890586 | LR = 5.00e-03
[2026-01-26 18:18:23][INFO] [Epoch 090] MSE Loss = 106.262283 | LR = 5.00e-03
[2026-01-26 18:22:56][INFO] [Epoch 091] MSE Loss = 96.463835 | LR = 5.00e-03
[2026-01-26 18:27:23][INFO] [Epoch 092] MSE Loss = 94.857067 | LR = 5.00e-03
[2026-01-26 18:31:55][INFO] [Epoch 093] MSE Loss = 95.355241 | LR = 5.00e-03
[2026-01-26 18:36:23][INFO] [Epoch 094] MSE Loss = 102.155516 | LR = 5.00e-03
[2026-01-26 18:40:52][INFO] [Epoch 095] MSE Loss = 96.556981 | LR = 5.00e-03
[2026-01-26 18:45:24][INFO] [Epoch 096] MSE Loss = 98.362539 | LR = 5.00e-03
[2026-01-26 18:49:54][INFO] [Epoch 097] MSE Loss = 92.823782 | LR = 5.00e-03
[2026-01-26 18:54:25][INFO] [Epoch 098] MSE Loss = 95.432378 | LR = 5.00e-03
[2026-01-26 18:58:55][INFO] [Epoch 099] MSE Loss = 99.642837 | LR = 5.00e-03
[2026-01-26 19:03:21][INFO] [Epoch 100] MSE Loss = 104.277957 | LR = 5.00e-03
[2026-01-26 19:07:48][INFO] [Epoch 101] MSE Loss = 100.969712 | LR = 5.00e-03
[2026-01-26 19:12:18][INFO] [Epoch 102] MSE Loss = 100.553128 | LR = 5.00e-03
[2026-01-26 19:16:48][INFO] [Epoch 103] MSE Loss = 96.944860 | LR = 5.00e-03
[2026-01-26 19:21:17][INFO] [Epoch 104] MSE Loss = 95.014767 | LR = 5.00e-03
[2026-01-26 19:25:49][INFO] [Epoch 105] MSE Loss = 100.268918 | LR = 5.00e-03
[2026-01-26 19:30:16][INFO] [Epoch 106] MSE Loss = 91.544880 | LR = 5.00e-03
[2026-01-26 19:34:49][INFO] [Epoch 107] MSE Loss = 91.750403 | LR = 5.00e-03
[2026-01-26 19:39:16][INFO] [Epoch 108] MSE Loss = 87.743999 | LR = 5.00e-03
[2026-01-26 19:43:46][INFO] [Epoch 109] MSE Loss = 84.966884 | LR = 5.00e-03
[2026-01-26 19:48:18][INFO] [Epoch 110] MSE Loss = 88.802818 | LR = 5.00e-03
[2026-01-26 19:52:47][INFO] [Epoch 111] MSE Loss = 85.165838 | LR = 5.00e-03
[2026-01-26 19:57:18][INFO] [Epoch 112] MSE Loss = 89.202738 | LR = 5.00e-03
[2026-01-26 20:01:50][INFO] [Epoch 113] MSE Loss = 83.595256 | LR = 5.00e-03
[2026-01-26 20:06:24][INFO] [Epoch 114] MSE Loss = 84.787720 | LR = 5.00e-03
[2026-01-26 20:10:52][INFO] [Epoch 115] MSE Loss = 86.524429 | LR = 5.00e-03
[2026-01-26 20:15:25][INFO] [Epoch 116] MSE Loss = 83.051936 | LR = 5.00e-03
[2026-01-26 20:19:53][INFO] [Epoch 117] MSE Loss = 82.849095 | LR = 5.00e-03
[2026-01-26 20:24:20][INFO] [Epoch 118] MSE Loss = 81.539820 | LR = 5.00e-03
[2026-01-26 20:28:52][INFO] [Epoch 119] MSE Loss = 80.090568 | LR = 5.00e-03
[2026-01-26 20:33:17][INFO] [Epoch 120] MSE Loss = 86.757543 | LR = 5.00e-03
[2026-01-26 20:37:43][INFO] [Epoch 121] MSE Loss = 80.884174 | LR = 5.00e-03
[2026-01-26 20:42:13][INFO] [Epoch 122] MSE Loss = 78.753433 | LR = 5.00e-03
[2026-01-26 20:46:46][INFO] [Epoch 123] MSE Loss = 81.781509 | LR = 5.00e-03
[2026-01-26 20:51:19][INFO] [Epoch 124] MSE Loss = 83.807466 | LR = 5.00e-03
[2026-01-26 20:55:46][INFO] [Epoch 125] MSE Loss = 82.617415 | LR = 5.00e-03
[2026-01-26 21:00:10][INFO] [Epoch 126] MSE Loss = 86.755821 | LR = 5.00e-03
[2026-01-26 21:04:40][INFO] [Epoch 127] MSE Loss = 85.695425 | LR = 5.00e-03
[2026-01-26 21:09:09][INFO] [Epoch 128] MSE Loss = 80.629498 | LR = 5.00e-03
[2026-01-26 21:13:40][INFO] [Epoch 129] MSE Loss = 77.594239 | LR = 5.00e-03
[2026-01-26 21:18:13][INFO] [Epoch 130] MSE Loss = 85.577317 | LR = 5.00e-03
[2026-01-26 21:22:45][INFO] [Epoch 131] MSE Loss = 82.019716 | LR = 5.00e-03
[2026-01-26 21:27:14][INFO] [Epoch 132] MSE Loss = 76.057423 | LR = 5.00e-03
[2026-01-26 21:31:42][INFO] [Epoch 133] MSE Loss = 82.421907 | LR = 5.00e-03
[2026-01-26 21:36:12][INFO] [Epoch 134] MSE Loss = 79.756565 | LR = 5.00e-03
[2026-01-26 21:40:42][INFO] [Epoch 135] MSE Loss = 76.294043 | LR = 5.00e-03
[2026-01-26 21:45:07][INFO] [Epoch 136] MSE Loss = 80.353509 | LR = 5.00e-03
[2026-01-26 21:49:35][INFO] [Epoch 137] MSE Loss = 77.873271 | LR = 5.00e-03
[2026-01-26 21:54:01][INFO] [Epoch 138] MSE Loss = 73.971671 | LR = 5.00e-03
[2026-01-26 21:58:33][INFO] [Epoch 139] MSE Loss = 71.976276 | LR = 5.00e-03
[2026-01-26 22:03:02][INFO] [Epoch 140] MSE Loss = 79.079989 | LR = 5.00e-03
[2026-01-26 22:07:35][INFO] [Epoch 141] MSE Loss = 75.234702 | LR = 5.00e-03
[2026-01-26 22:12:07][INFO] [Epoch 142] MSE Loss = 75.264324 | LR = 5.00e-03
[2026-01-26 22:16:37][INFO] [Epoch 143] MSE Loss = 77.025949 | LR = 5.00e-03
[2026-01-26 22:21:01][INFO] [Epoch 144] MSE Loss = 81.027721 | LR = 5.00e-03
[2026-01-26 22:25:33][INFO] [Epoch 145] MSE Loss = 76.527665 | LR = 5.00e-03
[2026-01-26 22:29:59][INFO] [Epoch 146] MSE Loss = 75.255120 | LR = 5.00e-03
[2026-01-26 22:34:16][INFO] [Epoch 147] MSE Loss = 75.965049 | LR = 5.00e-03
[2026-01-26 22:37:51][INFO] [Epoch 148] MSE Loss = 71.948939 | LR = 5.00e-03
[2026-01-26 22:40:53][INFO] [Epoch 149] MSE Loss = 75.886003 | LR = 5.00e-03
[2026-01-26 22:43:30][INFO] [Epoch 150] MSE Loss = 71.952189 | LR = 5.00e-03
[2026-01-26 22:43:30][INFO] 模型已保存至: /data/sda/zjc/comsol_pinn/checkpoints/M03/exp08/M02_fcnn_anneal.pt
[2026-01-26 22:43:30][INFO] ========== 训练结束 ==========
