[2026-01-26 18:18:23][INFO] 日志文件创建于: /data/sda/zjc/comsol_pinn/logs/M04/exp05/train_20260126_181823_gpu5_pid3585875.log
[2026-01-26 18:18:23][INFO] 进程 PID: 3585875
[2026-01-26 18:18:23][INFO] ========== PINN 训练开始 ==========
[2026-01-26 18:18:23][INFO] 物理项权重 λ_pde = 1.0
[2026-01-26 18:18:23][INFO] 使用设备: cuda
[2026-01-26 18:18:23][INFO] 训练参数: {'lambda_pde': 1.0, 'epochs': 120, 'lr': 0.005, 'batch_cases': 1, 'points_per_case': 600000, 'num_workers': 8, 'device': 'cuda', 'log_dir': 'logs/M04/exp05', 'ckpt_dir': 'checkpoints/M04/exp05'}
[2026-01-26 18:18:23][INFO] 数据集大小: 141 cases
[2026-01-26 18:18:23][INFO] 每 case 采样点数: 600000
[2026-01-26 18:18:27][INFO] 模型结构:
SimplePINN(
  (net): Sequential(
    (0): Linear(in_features=7, out_features=128, bias=True)
    (1): SiLU()
    (2): Linear(in_features=128, out_features=128, bias=True)
    (3): SiLU()
    (4): Linear(in_features=128, out_features=1, bias=True)
  )
)
[2026-01-26 18:18:27][INFO] 优化器: AdamW, 初始 lr=0.005, 调度策略: ReduceLROnPlateau(factor=0.5, patience=10)
[2026-01-26 18:22:37][INFO] [Epoch 001] MSE Loss = 19106.480054 | PDE LOSS = 1.391449 |  LR = 5.00e-03
[2026-01-26 18:26:44][INFO] [Epoch 002] MSE Loss = 837.637060 | PDE LOSS = 0.000000 |  LR = 5.00e-03
[2026-01-26 18:30:49][INFO] [Epoch 003] MSE Loss = 569.321278 | PDE LOSS = 3.393792 |  LR = 5.00e-03
[2026-01-26 18:34:54][INFO] [Epoch 004] MSE Loss = 502.293410 | PDE LOSS = 0.000000 |  LR = 5.00e-03
[2026-01-26 18:38:55][INFO] [Epoch 005] MSE Loss = 494.932521 | PDE LOSS = 1.716174 |  LR = 5.00e-03
[2026-01-26 18:42:58][INFO] [Epoch 006] MSE Loss = 485.811908 | PDE LOSS = 2.482527 |  LR = 5.00e-03
[2026-01-26 18:47:01][INFO] [Epoch 007] MSE Loss = 459.092896 | PDE LOSS = 0.000000 |  LR = 5.00e-03
[2026-01-26 18:51:04][INFO] [Epoch 008] MSE Loss = 449.430739 | PDE LOSS = 1.532721 |  LR = 5.00e-03
[2026-01-26 18:55:07][INFO] [Epoch 009] MSE Loss = 460.800170 | PDE LOSS = 2.139882 |  LR = 5.00e-03
[2026-01-26 18:59:10][INFO] [Epoch 010] MSE Loss = 420.534708 | PDE LOSS = 3.254445 |  LR = 5.00e-03
[2026-01-26 19:03:12][INFO] [Epoch 011] MSE Loss = 429.249209 | PDE LOSS = 3.740873 |  LR = 5.00e-03
[2026-01-26 19:07:15][INFO] [Epoch 012] MSE Loss = 406.894716 | PDE LOSS = 5.735793 |  LR = 5.00e-03
[2026-01-26 19:11:18][INFO] [Epoch 013] MSE Loss = 414.440659 | PDE LOSS = 0.000000 |  LR = 5.00e-03
[2026-01-26 19:15:17][INFO] [Epoch 014] MSE Loss = 599.753538 | PDE LOSS = 0.000000 |  LR = 5.00e-03
[2026-01-26 19:19:21][INFO] [Epoch 015] MSE Loss = 405.589893 | PDE LOSS = 7.069993 |  LR = 5.00e-03
[2026-01-26 19:23:20][INFO] [Epoch 016] MSE Loss = 389.069723 | PDE LOSS = 9.303695 |  LR = 5.00e-03
[2026-01-26 19:27:17][INFO] [Epoch 017] MSE Loss = 372.935558 | PDE LOSS = 0.000000 |  LR = 5.00e-03
[2026-01-26 19:31:20][INFO] [Epoch 018] MSE Loss = 372.275249 | PDE LOSS = 0.000000 |  LR = 5.00e-03
[2026-01-26 19:35:27][INFO] [Epoch 019] MSE Loss = 388.357398 | PDE LOSS = 18.480164 |  LR = 5.00e-03
[2026-01-26 19:39:36][INFO] [Epoch 020] MSE Loss = 369.887372 | PDE LOSS = 0.000000 |  LR = 5.00e-03
[2026-01-26 19:43:37][INFO] [Epoch 021] MSE Loss = 362.105295 | PDE LOSS = 0.000000 |  LR = 5.00e-03
[2026-01-26 19:47:43][INFO] [Epoch 022] MSE Loss = 365.933089 | PDE LOSS = 11.045619 |  LR = 5.00e-03
[2026-01-26 19:51:44][INFO] [Epoch 023] MSE Loss = 352.031124 | PDE LOSS = 0.000000 |  LR = 5.00e-03
[2026-01-26 19:55:51][INFO] [Epoch 024] MSE Loss = 381.329270 | PDE LOSS = 0.000000 |  LR = 5.00e-03
[2026-01-26 19:59:52][INFO] [Epoch 025] MSE Loss = 373.806437 | PDE LOSS = 0.000000 |  LR = 5.00e-03
[2026-01-26 20:03:53][INFO] [Epoch 026] MSE Loss = 349.953901 | PDE LOSS = 26.570774 |  LR = 5.00e-03
[2026-01-26 20:07:58][INFO] [Epoch 027] MSE Loss = 333.841487 | PDE LOSS = 0.000000 |  LR = 5.00e-03
[2026-01-26 20:12:02][INFO] [Epoch 028] MSE Loss = 339.329065 | PDE LOSS = 20.105677 |  LR = 5.00e-03
[2026-01-26 20:16:03][INFO] [Epoch 029] MSE Loss = 334.329946 | PDE LOSS = 0.000000 |  LR = 5.00e-03
[2026-01-26 20:20:01][INFO] [Epoch 030] MSE Loss = 340.626313 | PDE LOSS = 0.000000 |  LR = 5.00e-03
[2026-01-26 20:24:07][INFO] [Epoch 031] MSE Loss = 389.827258 | PDE LOSS = 0.000000 |  LR = 5.00e-03
[2026-01-26 20:28:14][INFO] [Epoch 032] MSE Loss = 333.435571 | PDE LOSS = 11.291335 |  LR = 5.00e-03
[2026-01-26 20:32:17][INFO] [Epoch 033] MSE Loss = 339.865460 | PDE LOSS = 7.156822 |  LR = 5.00e-03
[2026-01-26 20:36:19][INFO] [Epoch 034] MSE Loss = 323.566313 | PDE LOSS = 0.000000 |  LR = 5.00e-03
[2026-01-26 20:40:18][INFO] [Epoch 035] MSE Loss = 329.798994 | PDE LOSS = 0.000000 |  LR = 5.00e-03
[2026-01-26 20:44:21][INFO] [Epoch 036] MSE Loss = 336.228640 | PDE LOSS = 0.000000 |  LR = 5.00e-03
[2026-01-26 20:48:22][INFO] [Epoch 037] MSE Loss = 380.803554 | PDE LOSS = 15.224907 |  LR = 5.00e-03
[2026-01-26 20:52:21][INFO] [Epoch 038] MSE Loss = 341.002745 | PDE LOSS = 4.559346 |  LR = 5.00e-03
[2026-01-26 20:56:22][INFO] [Epoch 039] MSE Loss = 321.430233 | PDE LOSS = 4.297388 |  LR = 5.00e-03
[2026-01-26 21:00:26][INFO] [Epoch 040] MSE Loss = 309.469376 | PDE LOSS = 0.000000 |  LR = 5.00e-03
[2026-01-26 21:04:30][INFO] [Epoch 041] MSE Loss = 308.617404 | PDE LOSS = 12.943376 |  LR = 5.00e-03
[2026-01-26 21:08:36][INFO] [Epoch 042] MSE Loss = 306.534098 | PDE LOSS = 0.000000 |  LR = 5.00e-03
[2026-01-26 21:12:45][INFO] [Epoch 043] MSE Loss = 307.159450 | PDE LOSS = 0.000000 |  LR = 5.00e-03
[2026-01-26 21:16:48][INFO] [Epoch 044] MSE Loss = 311.902445 | PDE LOSS = 4.498326 |  LR = 5.00e-03
[2026-01-26 21:20:51][INFO] [Epoch 045] MSE Loss = 324.303243 | PDE LOSS = 0.000000 |  LR = 5.00e-03
[2026-01-26 21:24:50][INFO] [Epoch 046] MSE Loss = 391.338071 | PDE LOSS = 0.000000 |  LR = 5.00e-03
[2026-01-26 21:28:51][INFO] [Epoch 047] MSE Loss = 307.171930 | PDE LOSS = 3.022115 |  LR = 5.00e-03
[2026-01-26 21:32:52][INFO] [Epoch 048] MSE Loss = 385.849543 | PDE LOSS = 22.425762 |  LR = 5.00e-03
[2026-01-26 21:36:50][INFO] [Epoch 049] MSE Loss = 328.925374 | PDE LOSS = 0.000000 |  LR = 5.00e-03
[2026-01-26 21:40:48][INFO] [Epoch 050] MSE Loss = 303.463142 | PDE LOSS = 14.384027 |  LR = 5.00e-03
[2026-01-26 21:44:50][INFO] [Epoch 051] MSE Loss = 304.796849 | PDE LOSS = 2.704395 |  LR = 5.00e-03
[2026-01-26 21:48:52][INFO] [Epoch 052] MSE Loss = 301.875985 | PDE LOSS = 0.000000 |  LR = 5.00e-03
[2026-01-26 21:52:54][INFO] [Epoch 053] MSE Loss = 328.472545 | PDE LOSS = 0.000000 |  LR = 5.00e-03
[2026-01-26 21:57:01][INFO] [Epoch 054] MSE Loss = 313.217742 | PDE LOSS = 3.838739 |  LR = 5.00e-03
[2026-01-26 22:01:03][INFO] [Epoch 055] MSE Loss = 297.581360 | PDE LOSS = 12.031982 |  LR = 5.00e-03
[2026-01-26 22:05:05][INFO] [Epoch 056] MSE Loss = 301.740297 | PDE LOSS = 6.562850 |  LR = 5.00e-03
[2026-01-26 22:09:04][INFO] [Epoch 057] MSE Loss = 298.631917 | PDE LOSS = 0.000000 |  LR = 5.00e-03
[2026-01-26 22:13:04][INFO] [Epoch 058] MSE Loss = 314.023698 | PDE LOSS = 2.682575 |  LR = 5.00e-03
[2026-01-26 22:17:08][INFO] [Epoch 059] MSE Loss = 314.248376 | PDE LOSS = 76.700737 |  LR = 5.00e-03
[2026-01-26 22:21:14][INFO] [Epoch 060] MSE Loss = 326.595204 | PDE LOSS = 0.000000 |  LR = 5.00e-03
[2026-01-26 22:25:13][INFO] [Epoch 061] MSE Loss = 666.546783 | PDE LOSS = 6.030052 |  LR = 5.00e-03
[2026-01-26 22:29:18][INFO] [Epoch 062] MSE Loss = 311.754927 | PDE LOSS = 12.001314 |  LR = 5.00e-03
[2026-01-26 22:33:13][INFO] [Epoch 063] MSE Loss = 301.629683 | PDE LOSS = 0.000000 |  LR = 5.00e-03
[2026-01-26 22:36:40][INFO] [Epoch 064] MSE Loss = 297.550098 | PDE LOSS = 0.000000 |  LR = 5.00e-03
[2026-01-26 22:39:34][INFO] [Epoch 065] MSE Loss = 301.241943 | PDE LOSS = 0.000000 |  LR = 5.00e-03
[2026-01-26 22:41:58][INFO] [Epoch 066] MSE Loss = 294.882965 | PDE LOSS = 0.000000 |  LR = 5.00e-03
[2026-01-26 22:44:08][INFO] [Epoch 067] MSE Loss = 295.997145 | PDE LOSS = 30.511686 |  LR = 5.00e-03
[2026-01-26 22:46:04][INFO] [Epoch 068] MSE Loss = 306.944298 | PDE LOSS = 0.000000 |  LR = 5.00e-03
[2026-01-26 22:47:59][INFO] [Epoch 069] MSE Loss = 293.285597 | PDE LOSS = 0.000000 |  LR = 5.00e-03
[2026-01-26 22:49:58][INFO] [Epoch 070] MSE Loss = 294.152867 | PDE LOSS = 9.662082 |  LR = 5.00e-03
[2026-01-26 22:51:57][INFO] [Epoch 071] MSE Loss = 332.655672 | PDE LOSS = 5.175746 |  LR = 5.00e-03
[2026-01-26 22:53:51][INFO] [Epoch 072] MSE Loss = 306.688452 | PDE LOSS = 0.000000 |  LR = 5.00e-03
[2026-01-26 22:55:44][INFO] [Epoch 073] MSE Loss = 299.510503 | PDE LOSS = 0.000000 |  LR = 5.00e-03
[2026-01-26 22:57:40][INFO] [Epoch 074] MSE Loss = 352.815589 | PDE LOSS = 0.000000 |  LR = 5.00e-03
[2026-01-26 22:59:37][INFO] [Epoch 075] MSE Loss = 344.596887 | PDE LOSS = 6.133919 |  LR = 5.00e-03
[2026-01-26 23:01:33][INFO] [Epoch 076] MSE Loss = 295.608437 | PDE LOSS = 0.000000 |  LR = 5.00e-03
[2026-01-26 23:03:27][INFO] [Epoch 077] MSE Loss = 365.269778 | PDE LOSS = 4.130569 |  LR = 5.00e-03
[2026-01-26 23:05:24][INFO] [Epoch 078] MSE Loss = 298.445559 | PDE LOSS = 0.000000 |  LR = 5.00e-03
[2026-01-26 23:07:19][INFO] [Epoch 079] MSE Loss = 292.762641 | PDE LOSS = 2.446223 |  LR = 2.50e-03
[2026-01-26 23:09:16][INFO] [Epoch 080] MSE Loss = 291.594334 | PDE LOSS = 6.661421 |  LR = 2.50e-03
[2026-01-26 23:11:07][INFO] [Epoch 081] MSE Loss = 290.334067 | PDE LOSS = 0.000000 |  LR = 2.50e-03
[2026-01-26 23:13:02][INFO] [Epoch 082] MSE Loss = 289.550657 | PDE LOSS = 0.000000 |  LR = 2.50e-03
[2026-01-26 23:15:00][INFO] [Epoch 083] MSE Loss = 288.768556 | PDE LOSS = 0.000000 |  LR = 2.50e-03
[2026-01-26 23:16:58][INFO] [Epoch 084] MSE Loss = 288.035343 | PDE LOSS = 0.000000 |  LR = 2.50e-03
[2026-01-26 23:18:55][INFO] [Epoch 085] MSE Loss = 287.142807 | PDE LOSS = 0.000000 |  LR = 2.50e-03
[2026-01-26 23:20:48][INFO] [Epoch 086] MSE Loss = 289.557632 | PDE LOSS = 3.046277 |  LR = 2.50e-03
[2026-01-26 23:22:46][INFO] [Epoch 087] MSE Loss = 286.534155 | PDE LOSS = 0.000000 |  LR = 2.50e-03
[2026-01-26 23:24:41][INFO] [Epoch 088] MSE Loss = 286.171849 | PDE LOSS = 0.000000 |  LR = 2.50e-03
[2026-01-26 23:26:34][INFO] [Epoch 089] MSE Loss = 286.191298 | PDE LOSS = 0.000000 |  LR = 2.50e-03
[2026-01-26 23:28:28][INFO] [Epoch 090] MSE Loss = 299.523615 | PDE LOSS = 21.549646 |  LR = 2.50e-03
[2026-01-26 23:30:21][INFO] [Epoch 091] MSE Loss = 292.882135 | PDE LOSS = 10.029852 |  LR = 2.50e-03
[2026-01-26 23:32:15][INFO] [Epoch 092] MSE Loss = 282.821369 | PDE LOSS = 0.000000 |  LR = 2.50e-03
[2026-01-26 23:34:08][INFO] [Epoch 093] MSE Loss = 285.697574 | PDE LOSS = 0.000000 |  LR = 2.50e-03
[2026-01-26 23:36:04][INFO] [Epoch 094] MSE Loss = 283.112488 | PDE LOSS = 0.000000 |  LR = 2.50e-03
[2026-01-26 23:38:01][INFO] [Epoch 095] MSE Loss = 301.068645 | PDE LOSS = 13.544115 |  LR = 2.50e-03
[2026-01-26 23:39:59][INFO] [Epoch 096] MSE Loss = 293.111019 | PDE LOSS = 2.798609 |  LR = 2.50e-03
[2026-01-26 23:41:55][INFO] [Epoch 097] MSE Loss = 282.477447 | PDE LOSS = 0.000000 |  LR = 2.50e-03
[2026-01-26 23:43:49][INFO] [Epoch 098] MSE Loss = 280.011300 | PDE LOSS = 0.000000 |  LR = 2.50e-03
[2026-01-26 23:45:46][INFO] [Epoch 099] MSE Loss = 288.263898 | PDE LOSS = 0.000000 |  LR = 2.50e-03
[2026-01-26 23:47:37][INFO] [Epoch 100] MSE Loss = 295.379353 | PDE LOSS = 1.858992 |  LR = 2.50e-03
[2026-01-26 23:49:34][INFO] [Epoch 101] MSE Loss = 282.141193 | PDE LOSS = 0.000000 |  LR = 2.50e-03
[2026-01-26 23:51:33][INFO] [Epoch 102] MSE Loss = 281.148558 | PDE LOSS = 0.000000 |  LR = 2.50e-03
[2026-01-26 23:53:30][INFO] [Epoch 103] MSE Loss = 279.516931 | PDE LOSS = 6.333467 |  LR = 2.50e-03
[2026-01-26 23:55:20][INFO] [Epoch 104] MSE Loss = 280.935377 | PDE LOSS = 0.000000 |  LR = 2.50e-03
[2026-01-26 23:57:16][INFO] [Epoch 105] MSE Loss = 318.214102 | PDE LOSS = 0.000000 |  LR = 2.50e-03
[2026-01-26 23:59:15][INFO] [Epoch 106] MSE Loss = 278.001136 | PDE LOSS = 7.904494 |  LR = 2.50e-03
[2026-01-27 00:01:08][INFO] [Epoch 107] MSE Loss = 278.216099 | PDE LOSS = 0.000000 |  LR = 2.50e-03
[2026-01-27 00:03:01][INFO] [Epoch 108] MSE Loss = 279.231340 | PDE LOSS = 6.344324 |  LR = 2.50e-03
[2026-01-27 00:04:57][INFO] [Epoch 109] MSE Loss = 278.416815 | PDE LOSS = 8.228641 |  LR = 2.50e-03
[2026-01-27 00:06:51][INFO] [Epoch 110] MSE Loss = 274.994518 | PDE LOSS = 0.000000 |  LR = 2.50e-03
[2026-01-27 00:08:48][INFO] [Epoch 111] MSE Loss = 276.905903 | PDE LOSS = 0.000000 |  LR = 2.50e-03
[2026-01-27 00:10:38][INFO] [Epoch 112] MSE Loss = 288.244822 | PDE LOSS = 0.000000 |  LR = 2.50e-03
[2026-01-27 00:12:30][INFO] [Epoch 113] MSE Loss = 282.704306 | PDE LOSS = 0.000000 |  LR = 2.50e-03
[2026-01-27 00:14:27][INFO] [Epoch 114] MSE Loss = 283.558420 | PDE LOSS = 0.000000 |  LR = 2.50e-03
[2026-01-27 00:16:26][INFO] [Epoch 115] MSE Loss = 284.608828 | PDE LOSS = 13.623667 |  LR = 2.50e-03
[2026-01-27 00:18:22][INFO] [Epoch 116] MSE Loss = 277.431092 | PDE LOSS = 5.100399 |  LR = 2.50e-03
[2026-01-27 00:20:16][INFO] [Epoch 117] MSE Loss = 273.058041 | PDE LOSS = 6.793482 |  LR = 2.50e-03
[2026-01-27 00:22:12][INFO] [Epoch 118] MSE Loss = 271.897795 | PDE LOSS = 2.432226 |  LR = 2.50e-03
[2026-01-27 00:24:08][INFO] [Epoch 119] MSE Loss = 329.215490 | PDE LOSS = 0.000000 |  LR = 2.50e-03
[2026-01-27 00:26:02][INFO] [Epoch 120] MSE Loss = 286.686718 | PDE LOSS = 0.000000 |  LR = 2.50e-03
[2026-01-27 00:26:02][INFO] 训练结束，模型已保存至: /data/sda/zjc/comsol_pinn/checkpoints/M04/exp05/M04_pinn.pt
[2026-01-27 00:26:02][INFO] ========== 训练结束 ==========
