[2026-01-19 17:28:56][INFO] 日志文件创建于: /data/sda/zjc/comsol_pinn/logs/exp06/train_20260119_172856_gpu1_pid3644298.log
[2026-01-19 17:28:56][INFO] 进程 PID: 3644298
[2026-01-19 17:28:56][INFO] ========== FCNN-MVP 训练开始 ==========
[2026-01-19 17:28:56][INFO] 使用设备: cuda
[2026-01-19 17:28:56][INFO] 训练参数: {'epochs': 100, 'lr': 0.001, 'batch_cases': 1, 'points_per_case': 4096, 'num_workers': 8, 'device': 'cuda', 'log_dir': 'logs/exp06', 'ckpt_dir': 'checkpoints/exp06'}
[2026-01-19 17:28:56][INFO] 数据集大小: 141 cases
[2026-01-19 17:28:56][INFO] 每 case 采样点数: 4096
[2026-01-19 17:28:57][INFO] 模型结构:
SimplePINN(
  (net): Sequential(
    (0): Linear(in_features=7, out_features=128, bias=True)
    (1): SiLU()
    (2): Linear(in_features=128, out_features=128, bias=True)
    (3): SiLU()
    (4): Linear(in_features=128, out_features=1, bias=True)
  )
)
[2026-01-19 17:28:57][INFO] 优化器: AdamW, lr=0.001
[2026-01-19 17:31:16][INFO] [Epoch 001] MSE Loss = 32248.286251
[2026-01-19 17:33:36][INFO] [Epoch 002] MSE Loss = 8781.570191
[2026-01-19 17:35:56][INFO] [Epoch 003] MSE Loss = 6748.252665
[2026-01-19 17:38:16][INFO] [Epoch 004] MSE Loss = 5912.109030
[2026-01-19 17:40:41][INFO] [Epoch 005] MSE Loss = 5340.379405
[2026-01-19 17:43:01][INFO] [Epoch 006] MSE Loss = 5086.398110
[2026-01-19 17:45:21][INFO] [Epoch 007] MSE Loss = 4531.740021
[2026-01-19 17:47:45][INFO] [Epoch 008] MSE Loss = 4357.030358
[2026-01-19 17:50:05][INFO] [Epoch 009] MSE Loss = 3845.905740
[2026-01-19 17:52:30][INFO] [Epoch 010] MSE Loss = 3458.570586
[2026-01-19 17:54:51][INFO] [Epoch 011] MSE Loss = 3233.448708
[2026-01-19 17:57:13][INFO] [Epoch 012] MSE Loss = 3161.604266
[2026-01-19 17:59:33][INFO] [Epoch 013] MSE Loss = 2649.789808
[2026-01-19 18:01:53][INFO] [Epoch 014] MSE Loss = 2558.421788
[2026-01-19 18:04:10][INFO] [Epoch 015] MSE Loss = 2204.015899
[2026-01-19 18:06:30][INFO] [Epoch 016] MSE Loss = 2112.432000
[2026-01-19 18:08:52][INFO] [Epoch 017] MSE Loss = 2066.791547
[2026-01-19 18:11:13][INFO] [Epoch 018] MSE Loss = 1806.952509
[2026-01-19 18:13:34][INFO] [Epoch 019] MSE Loss = 1772.193833
[2026-01-19 18:15:54][INFO] [Epoch 020] MSE Loss = 1769.176937
[2026-01-19 18:18:13][INFO] [Epoch 021] MSE Loss = 1415.774676
[2026-01-19 18:20:35][INFO] [Epoch 022] MSE Loss = 1319.135525
[2026-01-19 18:22:55][INFO] [Epoch 023] MSE Loss = 1313.796504
[2026-01-19 18:25:16][INFO] [Epoch 024] MSE Loss = 1128.238501
[2026-01-19 18:27:37][INFO] [Epoch 025] MSE Loss = 1181.290024
[2026-01-19 18:29:59][INFO] [Epoch 026] MSE Loss = 1083.083475
[2026-01-19 18:32:24][INFO] [Epoch 027] MSE Loss = 823.783497
[2026-01-19 18:34:42][INFO] [Epoch 028] MSE Loss = 714.161917
[2026-01-19 18:37:02][INFO] [Epoch 029] MSE Loss = 749.628274
[2026-01-19 18:39:19][INFO] [Epoch 030] MSE Loss = 583.430955
[2026-01-19 18:41:38][INFO] [Epoch 031] MSE Loss = 588.036888
[2026-01-19 18:43:57][INFO] [Epoch 032] MSE Loss = 507.166750
[2026-01-19 18:46:15][INFO] [Epoch 033] MSE Loss = 502.217238
[2026-01-19 18:48:36][INFO] [Epoch 034] MSE Loss = 395.949035
[2026-01-19 18:50:57][INFO] [Epoch 035] MSE Loss = 363.382781
[2026-01-19 18:53:20][INFO] [Epoch 036] MSE Loss = 318.363763
[2026-01-19 18:55:41][INFO] [Epoch 037] MSE Loss = 275.633690
[2026-01-19 18:57:58][INFO] [Epoch 038] MSE Loss = 261.484110
[2026-01-19 19:00:17][INFO] [Epoch 039] MSE Loss = 233.451406
[2026-01-19 19:02:36][INFO] [Epoch 040] MSE Loss = 205.958733
[2026-01-19 19:04:54][INFO] [Epoch 041] MSE Loss = 190.752355
[2026-01-19 19:07:14][INFO] [Epoch 042] MSE Loss = 169.608841
[2026-01-19 19:09:33][INFO] [Epoch 043] MSE Loss = 166.205226
[2026-01-19 19:11:54][INFO] [Epoch 044] MSE Loss = 155.394788
[2026-01-19 19:14:13][INFO] [Epoch 045] MSE Loss = 143.653899
[2026-01-19 19:16:33][INFO] [Epoch 046] MSE Loss = 140.674232
[2026-01-19 19:18:52][INFO] [Epoch 047] MSE Loss = 132.150830
[2026-01-19 19:21:11][INFO] [Epoch 048] MSE Loss = 127.806636
[2026-01-19 19:23:28][INFO] [Epoch 049] MSE Loss = 121.888744
[2026-01-19 19:25:49][INFO] [Epoch 050] MSE Loss = 117.744753
[2026-01-19 19:28:07][INFO] [Epoch 051] MSE Loss = 112.899235
[2026-01-19 19:30:25][INFO] [Epoch 052] MSE Loss = 108.708908
[2026-01-19 19:32:47][INFO] [Epoch 053] MSE Loss = 106.576539
[2026-01-19 19:35:06][INFO] [Epoch 054] MSE Loss = 101.900648
[2026-01-19 19:37:26][INFO] [Epoch 055] MSE Loss = 99.540940
[2026-01-19 19:39:43][INFO] [Epoch 056] MSE Loss = 97.340079
[2026-01-19 19:42:04][INFO] [Epoch 057] MSE Loss = 96.865468
[2026-01-19 19:44:23][INFO] [Epoch 058] MSE Loss = 92.800203
[2026-01-19 19:46:40][INFO] [Epoch 059] MSE Loss = 88.578345
[2026-01-19 19:48:59][INFO] [Epoch 060] MSE Loss = 86.672278
[2026-01-19 19:51:19][INFO] [Epoch 061] MSE Loss = 93.990475
[2026-01-19 19:53:36][INFO] [Epoch 062] MSE Loss = 89.377640
[2026-01-19 19:55:54][INFO] [Epoch 063] MSE Loss = 88.008055
[2026-01-19 19:58:11][INFO] [Epoch 064] MSE Loss = 85.290989
[2026-01-19 20:00:33][INFO] [Epoch 065] MSE Loss = 78.445927
[2026-01-19 20:02:53][INFO] [Epoch 066] MSE Loss = 75.803400
[2026-01-19 20:05:13][INFO] [Epoch 067] MSE Loss = 75.435130
[2026-01-19 20:07:31][INFO] [Epoch 068] MSE Loss = 76.111129
[2026-01-19 20:09:51][INFO] [Epoch 069] MSE Loss = 73.663572
[2026-01-19 20:12:07][INFO] [Epoch 070] MSE Loss = 72.287700
[2026-01-19 20:14:27][INFO] [Epoch 071] MSE Loss = 68.757164
[2026-01-19 20:16:44][INFO] [Epoch 072] MSE Loss = 73.481784
[2026-01-19 20:19:03][INFO] [Epoch 073] MSE Loss = 72.752587
[2026-01-19 20:21:23][INFO] [Epoch 074] MSE Loss = 69.528345
[2026-01-19 20:23:43][INFO] [Epoch 075] MSE Loss = 74.234863
[2026-01-19 20:25:58][INFO] [Epoch 076] MSE Loss = 72.066110
[2026-01-19 20:28:16][INFO] [Epoch 077] MSE Loss = 65.970990
[2026-01-19 20:30:36][INFO] [Epoch 078] MSE Loss = 66.422851
[2026-01-19 20:32:59][INFO] [Epoch 079] MSE Loss = 62.743264
[2026-01-19 20:35:17][INFO] [Epoch 080] MSE Loss = 64.935649
[2026-01-19 20:36:52][INFO] [Epoch 081] MSE Loss = 79.869525
[2026-01-19 20:38:22][INFO] [Epoch 082] MSE Loss = 84.952447
[2026-01-19 20:39:52][INFO] [Epoch 083] MSE Loss = 60.371773
[2026-01-19 20:41:24][INFO] [Epoch 084] MSE Loss = 57.758059
[2026-01-19 20:42:57][INFO] [Epoch 085] MSE Loss = 57.529525
[2026-01-19 20:44:30][INFO] [Epoch 086] MSE Loss = 57.475031
[2026-01-19 20:46:04][INFO] [Epoch 087] MSE Loss = 56.824367
[2026-01-19 20:47:36][INFO] [Epoch 088] MSE Loss = 57.607483
[2026-01-19 20:49:07][INFO] [Epoch 089] MSE Loss = 104.358104
[2026-01-19 20:50:39][INFO] [Epoch 090] MSE Loss = 58.573484
[2026-01-19 20:52:13][INFO] [Epoch 091] MSE Loss = 54.245617
[2026-01-19 20:53:46][INFO] [Epoch 092] MSE Loss = 52.763036
[2026-01-19 20:55:18][INFO] [Epoch 093] MSE Loss = 53.233788
[2026-01-19 20:56:50][INFO] [Epoch 094] MSE Loss = 52.323258
[2026-01-19 20:58:21][INFO] [Epoch 095] MSE Loss = 54.742149
[2026-01-19 20:59:54][INFO] [Epoch 096] MSE Loss = 49.356247
[2026-01-19 21:01:25][INFO] [Epoch 097] MSE Loss = 49.291399
[2026-01-19 21:02:58][INFO] [Epoch 098] MSE Loss = 63.421904
[2026-01-19 21:04:32][INFO] [Epoch 099] MSE Loss = 59.103201
[2026-01-19 21:05:58][INFO] [Epoch 100] MSE Loss = 48.325118
[2026-01-19 21:05:58][INFO] 模型已保存至: /data/sda/zjc/comsol_pinn/checkpoints/exp06/M01_fcnn_mvp.pt
[2026-01-19 21:05:58][INFO] ========== 训练结束 ==========
