[2026-01-06 18:01:19][INFO] 日志文件创建于: /data/sda/zjc/comsol_pinn/logs/exp06/train_20260106_180119_gpu1_pid1094635.log
[2026-01-06 18:01:19][INFO] 进程 PID: 1094635
[2026-01-06 18:01:19][INFO] ========== FCNN-MVP 训练开始 ==========
[2026-01-06 18:01:19][INFO] 使用设备: cuda
[2026-01-06 18:01:19][INFO] 训练参数: {'epochs': 100, 'lr': 0.001, 'batch_cases': 1, 'points_per_case': 4096, 'num_workers': 8, 'device': 'cuda', 'log_dir': 'logs/exp06', 'ckpt_dir': 'checkpoints/exp06'}
[2026-01-06 18:01:19][INFO] 数据集大小: 141 cases
[2026-01-06 18:01:19][INFO] 每 case 采样点数: 4096
[2026-01-06 18:01:20][INFO] 模型结构:
SimplePINN(
  (net): Sequential(
    (0): Linear(in_features=7, out_features=128, bias=True)
    (1): SiLU()
    (2): Linear(in_features=128, out_features=128, bias=True)
    (3): SiLU()
    (4): Linear(in_features=128, out_features=1, bias=True)
  )
)
[2026-01-06 18:01:20][INFO] 优化器: AdamW, lr=0.001
[2026-01-06 18:02:22][INFO] [Epoch 001] MSE Loss = 33031.071864
[2026-01-06 18:03:24][INFO] [Epoch 002] MSE Loss = 8181.831976
[2026-01-06 18:04:25][INFO] [Epoch 003] MSE Loss = 6645.166210
[2026-01-06 18:05:27][INFO] [Epoch 004] MSE Loss = 5857.771834
[2026-01-06 18:06:29][INFO] [Epoch 005] MSE Loss = 5318.449432
[2026-01-06 18:07:30][INFO] [Epoch 006] MSE Loss = 5038.228172
[2026-01-06 18:08:32][INFO] [Epoch 007] MSE Loss = 4491.351861
[2026-01-06 18:09:35][INFO] [Epoch 008] MSE Loss = 4047.899260
[2026-01-06 18:10:37][INFO] [Epoch 009] MSE Loss = 3706.102930
[2026-01-06 18:11:39][INFO] [Epoch 010] MSE Loss = 3251.282757
[2026-01-06 18:12:41][INFO] [Epoch 011] MSE Loss = 3120.927146
[2026-01-06 18:13:43][INFO] [Epoch 012] MSE Loss = 2793.020513
[2026-01-06 18:14:46][INFO] [Epoch 013] MSE Loss = 2643.217291
[2026-01-06 18:15:48][INFO] [Epoch 014] MSE Loss = 2610.057600
[2026-01-06 18:16:50][INFO] [Epoch 015] MSE Loss = 2281.484325
[2026-01-06 18:17:50][INFO] [Epoch 016] MSE Loss = 2137.556117
[2026-01-06 18:18:53][INFO] [Epoch 017] MSE Loss = 2023.425422
[2026-01-06 18:19:55][INFO] [Epoch 018] MSE Loss = 1791.225754
[2026-01-06 18:20:57][INFO] [Epoch 019] MSE Loss = 1727.719333
[2026-01-06 18:21:59][INFO] [Epoch 020] MSE Loss = 1539.697459
[2026-01-06 18:23:01][INFO] [Epoch 021] MSE Loss = 1461.860300
[2026-01-06 18:24:01][INFO] [Epoch 022] MSE Loss = 1278.860693
[2026-01-06 18:25:03][INFO] [Epoch 023] MSE Loss = 1203.835998
[2026-01-06 18:26:07][INFO] [Epoch 024] MSE Loss = 1066.209978
[2026-01-06 18:27:07][INFO] [Epoch 025] MSE Loss = 1010.812000
[2026-01-06 18:28:09][INFO] [Epoch 026] MSE Loss = 952.401166
[2026-01-06 18:29:12][INFO] [Epoch 027] MSE Loss = 863.315603
[2026-01-06 18:30:12][INFO] [Epoch 028] MSE Loss = 762.743112
[2026-01-06 18:31:14][INFO] [Epoch 029] MSE Loss = 674.888940
[2026-01-06 18:32:16][INFO] [Epoch 030] MSE Loss = 692.710982
[2026-01-06 18:33:18][INFO] [Epoch 031] MSE Loss = 550.756331
[2026-01-06 18:34:19][INFO] [Epoch 032] MSE Loss = 526.612643
[2026-01-06 18:35:21][INFO] [Epoch 033] MSE Loss = 458.773742
[2026-01-06 18:36:22][INFO] [Epoch 034] MSE Loss = 413.103654
[2026-01-06 18:37:24][INFO] [Epoch 035] MSE Loss = 380.843695
[2026-01-06 18:38:26][INFO] [Epoch 036] MSE Loss = 310.051481
[2026-01-06 18:39:28][INFO] [Epoch 037] MSE Loss = 288.025782
[2026-01-06 18:40:30][INFO] [Epoch 038] MSE Loss = 256.162588
[2026-01-06 18:41:32][INFO] [Epoch 039] MSE Loss = 229.881204
[2026-01-06 18:42:33][INFO] [Epoch 040] MSE Loss = 208.685527
[2026-01-06 18:43:35][INFO] [Epoch 041] MSE Loss = 195.878445
[2026-01-06 18:44:38][INFO] [Epoch 042] MSE Loss = 174.838956
[2026-01-06 18:45:40][INFO] [Epoch 043] MSE Loss = 161.759745
[2026-01-06 18:46:42][INFO] [Epoch 044] MSE Loss = 156.161054
[2026-01-06 18:47:46][INFO] [Epoch 045] MSE Loss = 145.349820
[2026-01-06 18:48:47][INFO] [Epoch 046] MSE Loss = 136.991611
[2026-01-06 18:49:48][INFO] [Epoch 047] MSE Loss = 131.969832
[2026-01-06 18:50:50][INFO] [Epoch 048] MSE Loss = 128.487224
[2026-01-06 18:51:53][INFO] [Epoch 049] MSE Loss = 123.595592
[2026-01-06 18:52:54][INFO] [Epoch 050] MSE Loss = 118.405835
[2026-01-06 18:53:55][INFO] [Epoch 051] MSE Loss = 117.816515
[2026-01-06 18:54:58][INFO] [Epoch 052] MSE Loss = 112.796141
[2026-01-06 18:55:58][INFO] [Epoch 053] MSE Loss = 112.638815
[2026-01-06 18:57:00][INFO] [Epoch 054] MSE Loss = 107.668442
[2026-01-06 18:58:01][INFO] [Epoch 055] MSE Loss = 104.570793
[2026-01-06 18:59:03][INFO] [Epoch 056] MSE Loss = 101.200251
[2026-01-06 19:00:05][INFO] [Epoch 057] MSE Loss = 100.889550
[2026-01-06 19:01:08][INFO] [Epoch 058] MSE Loss = 101.094951
[2026-01-06 19:02:09][INFO] [Epoch 059] MSE Loss = 93.442477
[2026-01-06 19:03:11][INFO] [Epoch 060] MSE Loss = 93.733639
[2026-01-06 19:04:12][INFO] [Epoch 061] MSE Loss = 89.420806
[2026-01-06 19:05:15][INFO] [Epoch 062] MSE Loss = 92.835318
[2026-01-06 19:06:17][INFO] [Epoch 063] MSE Loss = 85.899011
[2026-01-06 19:07:19][INFO] [Epoch 064] MSE Loss = 88.847701
[2026-01-06 19:08:19][INFO] [Epoch 065] MSE Loss = 83.743919
[2026-01-06 19:09:21][INFO] [Epoch 066] MSE Loss = 85.877056
[2026-01-06 19:10:21][INFO] [Epoch 067] MSE Loss = 79.472385
[2026-01-06 19:11:23][INFO] [Epoch 068] MSE Loss = 79.040822
