[2026-01-19 15:23:21][INFO] 日志文件创建于: /data/sda/zjc/comsol_pinn/logs/exp06/train_20260119_152321_gpu1_pid3482182.log
[2026-01-19 15:23:21][INFO] 进程 PID: 3482182
[2026-01-19 15:23:21][INFO] ========== FCNN-MVP 训练开始 ==========
[2026-01-19 15:23:21][INFO] 使用设备: cuda
[2026-01-19 15:23:21][INFO] 训练参数: {'epochs': 100, 'lr': 0.001, 'batch_cases': 1, 'points_per_case': 4096, 'num_workers': 8, 'device': 'cuda', 'log_dir': 'logs/exp06', 'ckpt_dir': 'checkpoints/exp06'}
[2026-01-19 15:23:21][INFO] 数据集大小: 141 cases
[2026-01-19 15:23:21][INFO] 每 case 采样点数: 4096
[2026-01-19 15:23:22][INFO] 模型结构:
SimplePINN(
  (net): Sequential(
    (0): Linear(in_features=7, out_features=128, bias=True)
    (1): SiLU()
    (2): Linear(in_features=128, out_features=128, bias=True)
    (3): SiLU()
    (4): Linear(in_features=128, out_features=1, bias=True)
  )
)
[2026-01-19 15:23:22][INFO] 优化器: AdamW, lr=0.001
[2026-01-19 15:25:46][INFO] [Epoch 001] MSE Loss = 32677.645217
[2026-01-19 15:28:07][INFO] [Epoch 002] MSE Loss = 8536.699077
[2026-01-19 15:30:32][INFO] [Epoch 003] MSE Loss = 6495.290597
[2026-01-19 15:32:55][INFO] [Epoch 004] MSE Loss = 5908.656309
[2026-01-19 15:35:15][INFO] [Epoch 005] MSE Loss = 5464.249120
[2026-01-19 15:37:37][INFO] [Epoch 006] MSE Loss = 5089.315409
[2026-01-19 15:39:59][INFO] [Epoch 007] MSE Loss = 4563.585426
[2026-01-19 15:42:19][INFO] [Epoch 008] MSE Loss = 4114.078941
[2026-01-19 15:44:41][INFO] [Epoch 009] MSE Loss = 3841.927831
[2026-01-19 15:47:02][INFO] [Epoch 010] MSE Loss = 3743.338054
[2026-01-19 15:49:21][INFO] [Epoch 011] MSE Loss = 3151.619245
[2026-01-19 15:51:45][INFO] [Epoch 012] MSE Loss = 2761.166405
[2026-01-19 15:54:03][INFO] [Epoch 013] MSE Loss = 2641.030967
[2026-01-19 15:56:23][INFO] [Epoch 014] MSE Loss = 2482.987388
[2026-01-19 15:58:41][INFO] [Epoch 015] MSE Loss = 2275.491200
[2026-01-19 16:01:00][INFO] [Epoch 016] MSE Loss = 2132.154742
[2026-01-19 16:03:18][INFO] [Epoch 017] MSE Loss = 2111.335260
[2026-01-19 16:05:43][INFO] [Epoch 018] MSE Loss = 2132.885177
[2026-01-19 16:08:05][INFO] [Epoch 019] MSE Loss = 1933.984796
[2026-01-19 16:10:25][INFO] [Epoch 020] MSE Loss = 1612.769909
[2026-01-19 16:12:46][INFO] [Epoch 021] MSE Loss = 1586.409061
[2026-01-19 16:15:05][INFO] [Epoch 022] MSE Loss = 1496.491528
[2026-01-19 16:17:27][INFO] [Epoch 023] MSE Loss = 1438.480662
[2026-01-19 16:19:49][INFO] [Epoch 024] MSE Loss = 1315.622274
[2026-01-19 16:22:11][INFO] [Epoch 025] MSE Loss = 1320.772913
[2026-01-19 16:24:30][INFO] [Epoch 026] MSE Loss = 1087.376643
[2026-01-19 16:26:50][INFO] [Epoch 027] MSE Loss = 1031.687163
[2026-01-19 16:29:08][INFO] [Epoch 028] MSE Loss = 1045.023551
[2026-01-19 16:31:31][INFO] [Epoch 029] MSE Loss = 848.889690
[2026-01-19 16:33:51][INFO] [Epoch 030] MSE Loss = 764.855812
[2026-01-19 16:36:10][INFO] [Epoch 031] MSE Loss = 688.048111
[2026-01-19 16:38:32][INFO] [Epoch 032] MSE Loss = 679.094380
[2026-01-19 16:40:53][INFO] [Epoch 033] MSE Loss = 584.328319
[2026-01-19 16:43:10][INFO] [Epoch 034] MSE Loss = 622.984474
