[2026-01-19 17:28:55][INFO] 日志文件创建于: /data/sda/zjc/comsol_pinn/logs/exp04/train_20260119_172855_gpu4_pid3644283.log
[2026-01-19 17:28:55][INFO] 进程 PID: 3644283
[2026-01-19 17:28:55][INFO] ========== FCNN-MVP 训练开始 ==========
[2026-01-19 17:28:55][INFO] 使用设备: cuda
[2026-01-19 17:28:55][INFO] 训练参数: {'epochs': 100, 'lr': 0.0001, 'batch_cases': 1, 'points_per_case': 6144, 'num_workers': 8, 'device': 'cuda', 'log_dir': 'logs/exp04', 'ckpt_dir': 'checkpoints/exp04'}
[2026-01-19 17:28:55][INFO] 数据集大小: 141 cases
[2026-01-19 17:28:55][INFO] 每 case 采样点数: 6144
[2026-01-19 17:28:57][INFO] 模型结构:
SimplePINN(
  (net): Sequential(
    (0): Linear(in_features=7, out_features=128, bias=True)
    (1): SiLU()
    (2): Linear(in_features=128, out_features=128, bias=True)
    (3): SiLU()
    (4): Linear(in_features=128, out_features=1, bias=True)
  )
)
[2026-01-19 17:28:57][INFO] 优化器: AdamW, lr=0.0001
[2026-01-19 17:31:15][INFO] [Epoch 001] MSE Loss = 93561.263907
[2026-01-19 17:33:35][INFO] [Epoch 002] MSE Loss = 61783.930269
[2026-01-19 17:35:57][INFO] [Epoch 003] MSE Loss = 29197.720911
[2026-01-19 17:38:19][INFO] [Epoch 004] MSE Loss = 16905.285399
[2026-01-19 17:40:42][INFO] [Epoch 005] MSE Loss = 14607.111792
[2026-01-19 17:43:03][INFO] [Epoch 006] MSE Loss = 13266.480974
[2026-01-19 17:45:24][INFO] [Epoch 007] MSE Loss = 12133.810505
[2026-01-19 17:47:45][INFO] [Epoch 008] MSE Loss = 11180.716603
[2026-01-19 17:50:05][INFO] [Epoch 009] MSE Loss = 10428.171640
[2026-01-19 17:52:27][INFO] [Epoch 010] MSE Loss = 9793.241232
[2026-01-19 17:54:48][INFO] [Epoch 011] MSE Loss = 9266.593757
[2026-01-19 17:57:07][INFO] [Epoch 012] MSE Loss = 8826.442501
[2026-01-19 17:59:28][INFO] [Epoch 013] MSE Loss = 8412.150498
[2026-01-19 18:01:48][INFO] [Epoch 014] MSE Loss = 8088.711530
[2026-01-19 18:04:06][INFO] [Epoch 015] MSE Loss = 7800.591288
[2026-01-19 18:06:26][INFO] [Epoch 016] MSE Loss = 7556.427468
[2026-01-19 18:08:47][INFO] [Epoch 017] MSE Loss = 7325.273621
[2026-01-19 18:11:09][INFO] [Epoch 018] MSE Loss = 7133.328568
[2026-01-19 18:13:31][INFO] [Epoch 019] MSE Loss = 6997.477466
[2026-01-19 18:15:53][INFO] [Epoch 020] MSE Loss = 6858.729485
[2026-01-19 18:18:18][INFO] [Epoch 021] MSE Loss = 6752.847225
[2026-01-19 18:20:39][INFO] [Epoch 022] MSE Loss = 6620.166227
[2026-01-19 18:23:02][INFO] [Epoch 023] MSE Loss = 6557.827862
[2026-01-19 18:25:22][INFO] [Epoch 024] MSE Loss = 6434.030202
[2026-01-19 18:27:43][INFO] [Epoch 025] MSE Loss = 6355.103566
[2026-01-19 18:30:06][INFO] [Epoch 026] MSE Loss = 6293.657902
[2026-01-19 18:32:25][INFO] [Epoch 027] MSE Loss = 6197.627989
[2026-01-19 18:34:43][INFO] [Epoch 028] MSE Loss = 6144.328435
[2026-01-19 18:37:06][INFO] [Epoch 029] MSE Loss = 6081.476143
[2026-01-19 18:39:25][INFO] [Epoch 030] MSE Loss = 6025.624326
[2026-01-19 18:41:43][INFO] [Epoch 031] MSE Loss = 5956.863496
[2026-01-19 18:44:01][INFO] [Epoch 032] MSE Loss = 5925.172512
[2026-01-19 18:46:22][INFO] [Epoch 033] MSE Loss = 5837.079349
[2026-01-19 18:48:43][INFO] [Epoch 034] MSE Loss = 5811.059600
[2026-01-19 18:51:07][INFO] [Epoch 035] MSE Loss = 5748.983490
[2026-01-19 18:53:26][INFO] [Epoch 036] MSE Loss = 5708.884745
[2026-01-19 18:55:44][INFO] [Epoch 037] MSE Loss = 5618.550620
[2026-01-19 18:58:04][INFO] [Epoch 038] MSE Loss = 5618.060630
[2026-01-19 19:00:24][INFO] [Epoch 039] MSE Loss = 5544.928933
[2026-01-19 19:02:47][INFO] [Epoch 040] MSE Loss = 5498.174843
[2026-01-19 19:05:05][INFO] [Epoch 041] MSE Loss = 5470.712737
[2026-01-19 19:07:23][INFO] [Epoch 042] MSE Loss = 5399.506564
[2026-01-19 19:09:41][INFO] [Epoch 043] MSE Loss = 5362.982779
[2026-01-19 19:12:00][INFO] [Epoch 044] MSE Loss = 5359.116098
[2026-01-19 19:14:18][INFO] [Epoch 045] MSE Loss = 5298.815262
[2026-01-19 19:16:36][INFO] [Epoch 046] MSE Loss = 5224.400541
[2026-01-19 19:18:54][INFO] [Epoch 047] MSE Loss = 5189.496475
[2026-01-19 19:21:12][INFO] [Epoch 048] MSE Loss = 5163.074534
[2026-01-19 19:23:32][INFO] [Epoch 049] MSE Loss = 5100.521692
[2026-01-19 19:25:52][INFO] [Epoch 050] MSE Loss = 5099.287212
[2026-01-19 19:28:12][INFO] [Epoch 051] MSE Loss = 5043.700176
[2026-01-19 19:30:30][INFO] [Epoch 052] MSE Loss = 5004.124676
[2026-01-19 19:32:49][INFO] [Epoch 053] MSE Loss = 4953.193030
[2026-01-19 19:35:06][INFO] [Epoch 054] MSE Loss = 4963.914996
[2026-01-19 19:37:24][INFO] [Epoch 055] MSE Loss = 4881.727395
[2026-01-19 19:39:43][INFO] [Epoch 056] MSE Loss = 4834.966897
[2026-01-19 19:42:04][INFO] [Epoch 057] MSE Loss = 4814.168097
[2026-01-19 19:44:22][INFO] [Epoch 058] MSE Loss = 4781.073866
[2026-01-19 19:46:43][INFO] [Epoch 059] MSE Loss = 4716.512836
[2026-01-19 19:49:03][INFO] [Epoch 060] MSE Loss = 4698.489980
[2026-01-19 19:51:23][INFO] [Epoch 061] MSE Loss = 4659.052343
[2026-01-19 19:53:44][INFO] [Epoch 062] MSE Loss = 4633.474526
[2026-01-19 19:56:07][INFO] [Epoch 063] MSE Loss = 4564.960679
[2026-01-19 19:58:26][INFO] [Epoch 064] MSE Loss = 4511.141782
[2026-01-19 20:00:46][INFO] [Epoch 065] MSE Loss = 4505.500641
[2026-01-19 20:03:02][INFO] [Epoch 066] MSE Loss = 4456.214595
[2026-01-19 20:05:16][INFO] [Epoch 067] MSE Loss = 4463.607247
[2026-01-19 20:07:34][INFO] [Epoch 068] MSE Loss = 4395.219259
[2026-01-19 20:09:53][INFO] [Epoch 069] MSE Loss = 4346.307496
[2026-01-19 20:12:13][INFO] [Epoch 070] MSE Loss = 4301.519246
[2026-01-19 20:14:35][INFO] [Epoch 071] MSE Loss = 4263.075031
[2026-01-19 20:16:55][INFO] [Epoch 072] MSE Loss = 4228.100140
[2026-01-19 20:19:12][INFO] [Epoch 073] MSE Loss = 4185.976884
[2026-01-19 20:21:31][INFO] [Epoch 074] MSE Loss = 4166.683181
[2026-01-19 20:23:51][INFO] [Epoch 075] MSE Loss = 4108.642963
[2026-01-19 20:26:12][INFO] [Epoch 076] MSE Loss = 4078.265138
[2026-01-19 20:28:30][INFO] [Epoch 077] MSE Loss = 4053.494383
[2026-01-19 20:30:50][INFO] [Epoch 078] MSE Loss = 4020.227196
[2026-01-19 20:33:09][INFO] [Epoch 079] MSE Loss = 3987.935662
[2026-01-19 20:35:28][INFO] [Epoch 080] MSE Loss = 3942.435111
[2026-01-19 20:37:05][INFO] [Epoch 081] MSE Loss = 3902.224319
[2026-01-19 20:38:38][INFO] [Epoch 082] MSE Loss = 3908.277249
[2026-01-19 20:40:10][INFO] [Epoch 083] MSE Loss = 3836.628830
[2026-01-19 20:41:41][INFO] [Epoch 084] MSE Loss = 3799.931913
[2026-01-19 20:43:12][INFO] [Epoch 085] MSE Loss = 3791.100698
[2026-01-19 20:44:42][INFO] [Epoch 086] MSE Loss = 3721.677360
[2026-01-19 20:46:10][INFO] [Epoch 087] MSE Loss = 3720.901770
[2026-01-19 20:47:43][INFO] [Epoch 088] MSE Loss = 3671.788352
[2026-01-19 20:49:15][INFO] [Epoch 089] MSE Loss = 3620.912696
[2026-01-19 20:50:44][INFO] [Epoch 090] MSE Loss = 3586.704714
[2026-01-19 20:52:15][INFO] [Epoch 091] MSE Loss = 3549.449098
[2026-01-19 20:53:46][INFO] [Epoch 092] MSE Loss = 3519.632561
[2026-01-19 20:55:18][INFO] [Epoch 093] MSE Loss = 3493.369333
[2026-01-19 20:56:49][INFO] [Epoch 094] MSE Loss = 3445.348201
[2026-01-19 20:58:21][INFO] [Epoch 095] MSE Loss = 3412.790813
[2026-01-19 20:59:54][INFO] [Epoch 096] MSE Loss = 3377.169384
[2026-01-19 21:01:26][INFO] [Epoch 097] MSE Loss = 3347.152547
[2026-01-19 21:03:00][INFO] [Epoch 098] MSE Loss = 3328.048557
[2026-01-19 21:04:34][INFO] [Epoch 099] MSE Loss = 3257.554084
[2026-01-19 21:05:59][INFO] [Epoch 100] MSE Loss = 3266.126270
[2026-01-19 21:05:59][INFO] 模型已保存至: /data/sda/zjc/comsol_pinn/checkpoints/exp04/M01_fcnn_mvp.pt
[2026-01-19 21:05:59][INFO] ========== 训练结束 ==========
