[2026-01-20 16:33:03][INFO] 日志文件创建于: /data/sda/zjc/comsol_pinn/logs/M03/exp07/train_20260120_163303_gpu2_pid633489.log
[2026-01-20 16:33:03][INFO] 进程 PID: 633489
[2026-01-20 16:33:03][INFO] ========== FCNN-ANNEAL 训练开始 ==========
[2026-01-20 16:33:03][INFO] 使用设备: cuda
[2026-01-20 16:33:03][INFO] 训练参数: {'epochs': 120, 'lr': 0.005, 'batch_cases': 10, 'points_per_case': 300000, 'num_workers': 8, 'device': 'cuda', 'log_dir': 'logs/M03/exp07', 'ckpt_dir': 'checkpoints/M03/exp07'}
[2026-01-20 16:33:03][INFO] 数据集大小: 141 cases
[2026-01-20 16:33:03][INFO] 每 case 采样点数: 300000
[2026-01-20 16:33:05][INFO] 模型结构:
SimplePINN(
  (net): Sequential(
    (0): Linear(in_features=7, out_features=128, bias=True)
    (1): SiLU()
    (2): Linear(in_features=128, out_features=128, bias=True)
    (3): SiLU()
    (4): Linear(in_features=128, out_features=1, bias=True)
  )
)
[2026-01-20 16:33:05][INFO] 优化器: AdamW, 初始 lr=0.005, 调度策略: ReduceLROnPlateau(factor=0.5, patience=10)
[2026-01-20 16:35:27][INFO] [Epoch 001] MSE Loss = 55878.886719 | LR = 5.00e-03
[2026-01-20 16:37:53][INFO] [Epoch 002] MSE Loss = 17726.843424 | LR = 5.00e-03
[2026-01-20 16:40:16][INFO] [Epoch 003] MSE Loss = 10834.596289 | LR = 5.00e-03
[2026-01-20 16:42:35][INFO] [Epoch 004] MSE Loss = 7958.269661 | LR = 5.00e-03
[2026-01-20 16:44:53][INFO] [Epoch 005] MSE Loss = 6983.413151 | LR = 5.00e-03
[2026-01-20 16:47:16][INFO] [Epoch 006] MSE Loss = 6043.129785 | LR = 5.00e-03
[2026-01-20 16:49:38][INFO] [Epoch 007] MSE Loss = 5960.165853 | LR = 5.00e-03
[2026-01-20 16:52:01][INFO] [Epoch 008] MSE Loss = 5647.779199 | LR = 5.00e-03
[2026-01-20 16:54:25][INFO] [Epoch 009] MSE Loss = 5281.405534 | LR = 5.00e-03
[2026-01-20 16:56:46][INFO] [Epoch 010] MSE Loss = 4838.206283 | LR = 5.00e-03
[2026-01-20 16:59:11][INFO] [Epoch 011] MSE Loss = 4547.858480 | LR = 5.00e-03
[2026-01-20 17:01:34][INFO] [Epoch 012] MSE Loss = 4942.710156 | LR = 5.00e-03
[2026-01-20 17:03:56][INFO] [Epoch 013] MSE Loss = 4058.301774 | LR = 5.00e-03
[2026-01-20 17:06:18][INFO] [Epoch 014] MSE Loss = 3675.573584 | LR = 5.00e-03
[2026-01-20 17:08:43][INFO] [Epoch 015] MSE Loss = 3828.204329 | LR = 5.00e-03
[2026-01-20 17:11:02][INFO] [Epoch 016] MSE Loss = 3511.465609 | LR = 5.00e-03
[2026-01-20 17:13:24][INFO] [Epoch 017] MSE Loss = 2904.446529 | LR = 5.00e-03
[2026-01-20 17:15:48][INFO] [Epoch 018] MSE Loss = 2949.064494 | LR = 5.00e-03
[2026-01-20 17:18:14][INFO] [Epoch 019] MSE Loss = 2515.607007 | LR = 5.00e-03
[2026-01-20 17:20:33][INFO] [Epoch 020] MSE Loss = 2393.482096 | LR = 5.00e-03
[2026-01-20 17:22:53][INFO] [Epoch 021] MSE Loss = 2244.916854 | LR = 5.00e-03
[2026-01-20 17:25:11][INFO] [Epoch 022] MSE Loss = 2663.963774 | LR = 5.00e-03
[2026-01-20 17:27:33][INFO] [Epoch 023] MSE Loss = 1963.174137 | LR = 5.00e-03
[2026-01-20 17:29:57][INFO] [Epoch 024] MSE Loss = 2148.093363 | LR = 5.00e-03
[2026-01-20 17:32:17][INFO] [Epoch 025] MSE Loss = 2261.953052 | LR = 5.00e-03
[2026-01-20 17:34:38][INFO] [Epoch 026] MSE Loss = 1752.563639 | LR = 5.00e-03
[2026-01-20 17:36:58][INFO] [Epoch 027] MSE Loss = 1610.012105 | LR = 5.00e-03
[2026-01-20 17:39:20][INFO] [Epoch 028] MSE Loss = 1410.981592 | LR = 5.00e-03
[2026-01-20 17:41:49][INFO] [Epoch 029] MSE Loss = 1920.142867 | LR = 5.00e-03
[2026-01-20 17:46:50][INFO] [Epoch 030] MSE Loss = 2316.361930 | LR = 5.00e-03
[2026-01-20 17:51:52][INFO] [Epoch 031] MSE Loss = 1588.104411 | LR = 5.00e-03
[2026-01-20 17:56:56][INFO] [Epoch 032] MSE Loss = 1266.081152 | LR = 5.00e-03
[2026-01-20 18:02:00][INFO] [Epoch 033] MSE Loss = 1011.849563 | LR = 5.00e-03
[2026-01-20 18:07:04][INFO] [Epoch 034] MSE Loss = 1237.905605 | LR = 5.00e-03
[2026-01-20 18:12:05][INFO] [Epoch 035] MSE Loss = 916.927271 | LR = 5.00e-03
[2026-01-20 18:17:10][INFO] [Epoch 036] MSE Loss = 891.485071 | LR = 5.00e-03
[2026-01-20 18:22:09][INFO] [Epoch 037] MSE Loss = 972.084723 | LR = 5.00e-03
[2026-01-20 18:27:10][INFO] [Epoch 038] MSE Loss = 728.337671 | LR = 5.00e-03
[2026-01-20 18:32:13][INFO] [Epoch 039] MSE Loss = 624.514728 | LR = 5.00e-03
[2026-01-20 18:37:16][INFO] [Epoch 040] MSE Loss = 531.764445 | LR = 5.00e-03
[2026-01-20 18:42:23][INFO] [Epoch 041] MSE Loss = 476.327359 | LR = 5.00e-03
[2026-01-20 18:47:27][INFO] [Epoch 042] MSE Loss = 496.702020 | LR = 5.00e-03
[2026-01-20 18:52:30][INFO] [Epoch 043] MSE Loss = 487.728367 | LR = 5.00e-03
[2026-01-20 18:57:30][INFO] [Epoch 044] MSE Loss = 387.807715 | LR = 5.00e-03
[2026-01-20 19:02:24][INFO] [Epoch 045] MSE Loss = 514.255084 | LR = 5.00e-03
[2026-01-20 19:07:21][INFO] [Epoch 046] MSE Loss = 322.958534 | LR = 5.00e-03
[2026-01-20 19:12:25][INFO] [Epoch 047] MSE Loss = 294.311500 | LR = 5.00e-03
[2026-01-20 19:17:22][INFO] [Epoch 048] MSE Loss = 252.937732 | LR = 5.00e-03
[2026-01-20 19:22:21][INFO] [Epoch 049] MSE Loss = 242.430862 | LR = 5.00e-03
[2026-01-20 19:27:20][INFO] [Epoch 050] MSE Loss = 237.372785 | LR = 5.00e-03
[2026-01-20 19:32:20][INFO] [Epoch 051] MSE Loss = 223.144828 | LR = 5.00e-03
[2026-01-20 19:37:22][INFO] [Epoch 052] MSE Loss = 248.133763 | LR = 5.00e-03
[2026-01-20 19:42:22][INFO] [Epoch 053] MSE Loss = 211.974398 | LR = 5.00e-03
[2026-01-20 19:47:22][INFO] [Epoch 054] MSE Loss = 162.449120 | LR = 5.00e-03
[2026-01-20 19:52:16][INFO] [Epoch 055] MSE Loss = 160.816475 | LR = 5.00e-03
[2026-01-20 19:57:16][INFO] [Epoch 056] MSE Loss = 147.796729 | LR = 5.00e-03
[2026-01-20 20:02:16][INFO] [Epoch 057] MSE Loss = 144.842385 | LR = 5.00e-03
[2026-01-20 20:07:14][INFO] [Epoch 058] MSE Loss = 143.698867 | LR = 5.00e-03
[2026-01-20 20:12:15][INFO] [Epoch 059] MSE Loss = 149.408756 | LR = 5.00e-03
[2026-01-20 20:17:14][INFO] [Epoch 060] MSE Loss = 132.531691 | LR = 5.00e-03
[2026-01-20 20:22:14][INFO] [Epoch 061] MSE Loss = 123.618328 | LR = 5.00e-03
[2026-01-20 20:27:12][INFO] [Epoch 062] MSE Loss = 120.794229 | LR = 5.00e-03
[2026-01-20 20:32:12][INFO] [Epoch 063] MSE Loss = 130.408906 | LR = 5.00e-03
[2026-01-20 20:37:11][INFO] [Epoch 064] MSE Loss = 121.174286 | LR = 5.00e-03
[2026-01-20 20:42:09][INFO] [Epoch 065] MSE Loss = 120.006313 | LR = 5.00e-03
[2026-01-20 20:47:08][INFO] [Epoch 066] MSE Loss = 117.694334 | LR = 5.00e-03
[2026-01-20 20:52:09][INFO] [Epoch 067] MSE Loss = 113.442695 | LR = 5.00e-03
[2026-01-20 20:57:09][INFO] [Epoch 068] MSE Loss = 119.218795 | LR = 5.00e-03
[2026-01-20 21:02:12][INFO] [Epoch 069] MSE Loss = 119.301347 | LR = 5.00e-03
[2026-01-20 21:07:11][INFO] [Epoch 070] MSE Loss = 112.417857 | LR = 5.00e-03
[2026-01-20 21:12:13][INFO] [Epoch 071] MSE Loss = 109.826051 | LR = 5.00e-03
[2026-01-20 21:17:15][INFO] [Epoch 072] MSE Loss = 114.270614 | LR = 5.00e-03
[2026-01-20 21:22:18][INFO] [Epoch 073] MSE Loss = 112.101191 | LR = 5.00e-03
[2026-01-20 21:27:16][INFO] [Epoch 074] MSE Loss = 112.455205 | LR = 5.00e-03
[2026-01-20 21:32:16][INFO] [Epoch 075] MSE Loss = 106.372685 | LR = 5.00e-03
[2026-01-20 21:37:14][INFO] [Epoch 076] MSE Loss = 103.730750 | LR = 5.00e-03
[2026-01-20 21:42:15][INFO] [Epoch 077] MSE Loss = 108.197026 | LR = 5.00e-03
[2026-01-20 21:47:16][INFO] [Epoch 078] MSE Loss = 98.952512 | LR = 5.00e-03
[2026-01-20 21:52:19][INFO] [Epoch 079] MSE Loss = 101.085016 | LR = 5.00e-03
[2026-01-20 21:57:19][INFO] [Epoch 080] MSE Loss = 102.061454 | LR = 5.00e-03
[2026-01-20 22:02:14][INFO] [Epoch 081] MSE Loss = 99.367240 | LR = 5.00e-03
[2026-01-20 22:07:16][INFO] [Epoch 082] MSE Loss = 100.436497 | LR = 5.00e-03
[2026-01-20 22:12:16][INFO] [Epoch 083] MSE Loss = 101.942829 | LR = 5.00e-03
[2026-01-20 22:17:19][INFO] [Epoch 084] MSE Loss = 103.184219 | LR = 5.00e-03
[2026-01-20 22:22:18][INFO] [Epoch 085] MSE Loss = 99.759442 | LR = 5.00e-03
[2026-01-20 22:27:17][INFO] [Epoch 086] MSE Loss = 99.218607 | LR = 5.00e-03
[2026-01-20 22:32:15][INFO] [Epoch 087] MSE Loss = 93.643028 | LR = 5.00e-03
[2026-01-20 22:37:13][INFO] [Epoch 088] MSE Loss = 93.487258 | LR = 5.00e-03
[2026-01-20 22:42:13][INFO] [Epoch 089] MSE Loss = 93.672159 | LR = 5.00e-03
[2026-01-20 22:47:17][INFO] [Epoch 090] MSE Loss = 92.227245 | LR = 5.00e-03
[2026-01-20 22:52:15][INFO] [Epoch 091] MSE Loss = 93.190304 | LR = 5.00e-03
[2026-01-20 22:57:11][INFO] [Epoch 092] MSE Loss = 89.300255 | LR = 5.00e-03
[2026-01-20 23:02:11][INFO] [Epoch 093] MSE Loss = 87.885185 | LR = 5.00e-03
[2026-01-20 23:07:11][INFO] [Epoch 094] MSE Loss = 87.419937 | LR = 5.00e-03
[2026-01-20 23:12:11][INFO] [Epoch 095] MSE Loss = 88.566111 | LR = 5.00e-03
[2026-01-20 23:17:14][INFO] [Epoch 096] MSE Loss = 87.869059 | LR = 5.00e-03
[2026-01-20 23:22:13][INFO] [Epoch 097] MSE Loss = 92.058626 | LR = 5.00e-03
[2026-01-20 23:27:09][INFO] [Epoch 098] MSE Loss = 90.405736 | LR = 5.00e-03
[2026-01-20 23:32:08][INFO] [Epoch 099] MSE Loss = 94.045931 | LR = 5.00e-03
[2026-01-20 23:37:13][INFO] [Epoch 100] MSE Loss = 91.566136 | LR = 5.00e-03
[2026-01-20 23:42:14][INFO] [Epoch 101] MSE Loss = 91.389388 | LR = 5.00e-03
[2026-01-20 23:47:15][INFO] [Epoch 102] MSE Loss = 88.810804 | LR = 5.00e-03
[2026-01-20 23:52:17][INFO] [Epoch 103] MSE Loss = 84.437444 | LR = 5.00e-03
[2026-01-20 23:57:19][INFO] [Epoch 104] MSE Loss = 83.385541 | LR = 5.00e-03
[2026-01-21 00:02:23][INFO] [Epoch 105] MSE Loss = 83.533403 | LR = 5.00e-03
[2026-01-21 00:07:24][INFO] [Epoch 106] MSE Loss = 83.508880 | LR = 5.00e-03
[2026-01-21 00:12:24][INFO] [Epoch 107] MSE Loss = 81.479122 | LR = 5.00e-03
[2026-01-21 00:17:24][INFO] [Epoch 108] MSE Loss = 83.766498 | LR = 5.00e-03
[2026-01-21 00:22:22][INFO] [Epoch 109] MSE Loss = 82.998156 | LR = 5.00e-03
[2026-01-21 00:27:17][INFO] [Epoch 110] MSE Loss = 78.393371 | LR = 5.00e-03
[2026-01-21 00:32:14][INFO] [Epoch 111] MSE Loss = 78.819531 | LR = 5.00e-03
[2026-01-21 00:37:16][INFO] [Epoch 112] MSE Loss = 78.742578 | LR = 5.00e-03
[2026-01-21 00:42:17][INFO] [Epoch 113] MSE Loss = 82.731151 | LR = 5.00e-03
[2026-01-21 00:47:17][INFO] [Epoch 114] MSE Loss = 79.705633 | LR = 5.00e-03
[2026-01-21 00:52:17][INFO] [Epoch 115] MSE Loss = 84.481581 | LR = 5.00e-03
[2026-01-21 00:57:14][INFO] [Epoch 116] MSE Loss = 87.475427 | LR = 5.00e-03
[2026-01-21 01:02:16][INFO] [Epoch 117] MSE Loss = 84.465970 | LR = 5.00e-03
[2026-01-21 01:07:15][INFO] [Epoch 118] MSE Loss = 80.895233 | LR = 5.00e-03
[2026-01-21 01:12:03][INFO] [Epoch 119] MSE Loss = 73.759770 | LR = 5.00e-03
[2026-01-21 01:15:44][INFO] [Epoch 120] MSE Loss = 79.721422 | LR = 5.00e-03
Traceback (most recent call last):
  File "/data/sda/zjc/comsol_pinn/M03_fcnn_fourier/train.py", line 120, in <module>
    main()
  File "/data/sda/zjc/comsol_pinn/M03_fcnn_fourier/train.py", line 110, in main
    ckpt_dir.mkdir(parents=True, exist_ok=True)
  File "/home/ubuntu/se42/anaconda3/envs/torch/lib/python3.10/pathlib.py", line 1175, in mkdir
    self._accessor.mkdir(self, mode)
FileNotFoundError: [Errno 2] No such file or directory: '/data/sda/zjc/comsol_pinn/checkpoints/M03/exp07'
