[2026-01-27 10:10:39][INFO] 日志文件创建于: /data/sda/zjc/comsol_pinn/logs/M04/exp03/train_20260127_101039_gpu1_pid276501.log
[2026-01-27 10:10:39][INFO] 进程 PID: 276501
[2026-01-27 10:10:39][INFO] ========== PINN 训练开始 ==========
[2026-01-27 10:10:39][INFO] 物理项权重 λ_pde = 0.4
[2026-01-27 10:10:39][INFO] 使用设备: cuda
[2026-01-27 10:10:39][INFO] 训练参数: {'lambda_pde': 0.4, 'epochs': 120, 'lr': 0.005, 'batch_cases': 1, 'points_per_case': 600000, 'device': 'cuda', 'num_workers': 8, 'log_dir': 'logs/M04/exp03', 'ckpt_dir': 'checkpoints/M04/exp03'}
[2026-01-27 10:10:39][INFO] 数据集大小: 141 cases
[2026-01-27 10:10:39][INFO] 每 case 采样点数: 600000
[2026-01-27 10:10:40][INFO] 模型结构:
SimplePINN(
  (net): Sequential(
    (0): Linear(in_features=7, out_features=128, bias=True)
    (1): SiLU()
    (2): Linear(in_features=128, out_features=128, bias=True)
    (3): SiLU()
    (4): Linear(in_features=128, out_features=1, bias=True)
  )
)
[2026-01-27 10:10:40][INFO] 优化器: AdamW, 初始 lr=0.005, 调度策略: ReduceLROnPlateau(factor=0.5, patience=10)
[2026-01-27 10:22:27][INFO] [Epoch 001] MSE Loss = 18542.487685 | PDE LOSS = 0.000000 |  LR = 5.00e-03
