[2026-01-30 16:17:41][INFO] 日志文件创建于: /data/sda/zjc/comsol_pinn/logs/M04d/exp05/train_20260130_161741_gpu5_pid2779587.log
[2026-01-30 16:17:41][INFO] 进程 PID: 2779587
[2026-01-30 16:17:41][INFO] ========== PINN 训练开始 ==========
[2026-01-30 16:17:41][INFO] 物理项权重 λ_pde = 3.0
[2026-01-30 16:17:41][INFO] 使用设备: cuda
[2026-01-30 16:17:41][INFO] 训练参数: {'lambda_pde': 3.0, 'epochs': 200, 'lr': 0.005, 'batch_cases': 1, 'lr_scheduler': 'hybrid', 'cosine_tmax': 150, 'cosine_eta_min': 1e-05, 'plateau_factor': 0.5, 'plateau_patience': 6, 'plateau_min_lr': 1e-05, 'use_pde_anneal': True, 'pde_anneal_gamma': 0.2, 'pde_lambda_min': 0.0, 'use_soft_mask': False, 'mask_alpha': 40.0, 'mask_temp_ratio': 0.7, 'points_per_case': 320000, 'device': 'cuda', 'num_workers': 8, 'log_dir': 'logs/M04d/exp05', 'ckpt_dir': 'checkpoints/M04d/exp05'}
[2026-01-30 16:17:41][INFO] 数据集大小: 141 cases
[2026-01-30 16:17:41][INFO] 每 case 采样点数: 320000
[2026-01-30 16:17:41][INFO] 模型结构:
SimplePINN(
  (net): Sequential(
    (0): Linear(in_features=7, out_features=128, bias=True)
    (1): SiLU()
    (2): Linear(in_features=128, out_features=128, bias=True)
    (3): SiLU()
    (4): Linear(in_features=128, out_features=1, bias=True)
  )
)
[2026-01-30 16:17:41][INFO] 优化器: AdamW, 初始 lr=0.005, 学习率调度器: hybrid
[2026-01-30 16:20:24][INFO] [Epoch 001] MSE Loss=21386.280933 | PDE Loss=6.175756 | λ_pde=3.000e+00 | LR=5.00e-03
[2026-01-30 16:23:07][INFO] [Epoch 002] MSE Loss=914.550191 | PDE Loss=1.193617 | λ_pde=2.456e+00 | LR=5.00e-03
[2026-01-30 16:25:49][INFO] [Epoch 003] MSE Loss=828.669102 | PDE Loss=0.365975 | λ_pde=2.011e+00 | LR=5.00e-03
[2026-01-30 16:28:31][INFO] [Epoch 004] MSE Loss=823.827001 | PDE Loss=0.621906 | λ_pde=1.646e+00 | LR=5.00e-03
[2026-01-30 16:31:12][INFO] [Epoch 005] MSE Loss=805.900636 | PDE Loss=1.097883 | λ_pde=1.348e+00 | LR=4.99e-03
[2026-01-30 16:33:53][INFO] [Epoch 006] MSE Loss=822.302066 | PDE Loss=1.497309 | λ_pde=1.104e+00 | LR=4.99e-03
[2026-01-30 16:36:31][INFO] [Epoch 007] MSE Loss=772.800199 | PDE Loss=2.016858 | λ_pde=9.036e-01 | LR=4.98e-03
[2026-01-30 16:39:13][INFO] [Epoch 008] MSE Loss=783.286278 | PDE Loss=2.409019 | λ_pde=7.398e-01 | LR=4.97e-03
[2026-01-30 16:41:55][INFO] [Epoch 009] MSE Loss=832.133051 | PDE Loss=3.088249 | λ_pde=6.057e-01 | LR=4.97e-03
[2026-01-30 16:44:33][INFO] [Epoch 010] MSE Loss=880.175190 | PDE Loss=3.765738 | λ_pde=4.959e-01 | LR=4.96e-03
[2026-01-30 16:47:13][INFO] [Epoch 011] MSE Loss=777.568669 | PDE Loss=5.521288 | λ_pde=4.060e-01 | LR=4.95e-03
[2026-01-30 16:49:56][INFO] [Epoch 012] MSE Loss=817.321104 | PDE Loss=7.293053 | λ_pde=3.324e-01 | LR=4.93e-03
[2026-01-30 16:52:39][INFO] [Epoch 013] MSE Loss=779.770557 | PDE Loss=9.722396 | λ_pde=2.722e-01 | LR=4.92e-03
[2026-01-30 16:55:18][INFO] [Epoch 014] MSE Loss=774.795175 | PDE Loss=12.266163 | λ_pde=2.228e-01 | LR=4.91e-03
[2026-01-30 16:57:58][INFO] [Epoch 015] MSE Loss=747.298474 | PDE Loss=14.224827 | λ_pde=1.824e-01 | LR=2.45e-03
[2026-01-30 17:00:39][INFO] [Epoch 016] MSE Loss=715.511246 | PDE Loss=17.343554 | λ_pde=1.494e-01 | LR=2.44e-03
[2026-01-30 17:03:21][INFO] [Epoch 017] MSE Loss=715.808423 | PDE Loss=21.281625 | λ_pde=1.223e-01 | LR=2.43e-03
[2026-01-30 17:06:03][INFO] [Epoch 018] MSE Loss=717.635625 | PDE Loss=22.663182 | λ_pde=1.001e-01 | LR=2.42e-03
[2026-01-30 17:08:42][INFO] [Epoch 019] MSE Loss=694.535860 | PDE Loss=27.919765 | λ_pde=8.197e-02 | LR=2.41e-03
[2026-01-30 17:11:27][INFO] [Epoch 020] MSE Loss=744.268521 | PDE Loss=31.038687 | λ_pde=6.711e-02 | LR=2.40e-03
[2026-01-30 17:14:09][INFO] [Epoch 021] MSE Loss=770.594022 | PDE Loss=35.017004 | λ_pde=5.495e-02 | LR=2.39e-03
[2026-01-30 17:16:53][INFO] [Epoch 022] MSE Loss=699.615936 | PDE Loss=38.677724 | λ_pde=4.499e-02 | LR=2.38e-03
[2026-01-30 17:19:34][INFO] [Epoch 023] MSE Loss=716.995652 | PDE Loss=47.318421 | λ_pde=3.683e-02 | LR=2.37e-03
[2026-01-30 17:22:17][INFO] [Epoch 024] MSE Loss=718.123935 | PDE Loss=51.100234 | λ_pde=3.016e-02 | LR=2.36e-03
[2026-01-30 17:24:56][INFO] [Epoch 025] MSE Loss=695.423810 | PDE Loss=62.970005 | λ_pde=2.469e-02 | LR=2.35e-03
[2026-01-30 17:27:39][INFO] [Epoch 026] MSE Loss=713.935606 | PDE Loss=79.414911 | λ_pde=2.021e-02 | LR=2.33e-03
[2026-01-30 17:30:23][INFO] [Epoch 027] MSE Loss=653.877578 | PDE Loss=84.705608 | λ_pde=1.655e-02 | LR=1.16e-03
[2026-01-30 17:33:04][INFO] [Epoch 028] MSE Loss=639.477386 | PDE Loss=93.929231 | λ_pde=1.355e-02 | LR=1.15e-03
[2026-01-30 17:35:48][INFO] [Epoch 029] MSE Loss=637.560617 | PDE Loss=97.906726 | λ_pde=1.109e-02 | LR=1.15e-03
[2026-01-30 17:38:28][INFO] [Epoch 030] MSE Loss=642.773427 | PDE Loss=119.254062 | λ_pde=9.083e-03 | LR=1.14e-03
[2026-01-30 17:41:27][INFO] [Epoch 031] MSE Loss=647.020759 | PDE Loss=126.331424 | λ_pde=7.436e-03 | LR=1.13e-03
[2026-01-30 17:44:57][INFO] [Epoch 032] MSE Loss=646.792947 | PDE Loss=142.725116 | λ_pde=6.088e-03 | LR=1.12e-03
[2026-01-30 17:48:26][INFO] [Epoch 033] MSE Loss=624.556445 | PDE Loss=160.557779 | λ_pde=4.985e-03 | LR=1.12e-03
[2026-01-30 17:51:59][INFO] [Epoch 034] MSE Loss=648.325069 | PDE Loss=180.568655 | λ_pde=4.081e-03 | LR=1.11e-03
[2026-01-30 17:55:27][INFO] [Epoch 035] MSE Loss=626.616658 | PDE Loss=208.140448 | λ_pde=3.341e-03 | LR=1.10e-03
[2026-01-30 17:58:55][INFO] [Epoch 036] MSE Loss=618.437165 | PDE Loss=253.315894 | λ_pde=2.736e-03 | LR=1.09e-03
[2026-01-30 18:02:26][INFO] [Epoch 037] MSE Loss=613.078801 | PDE Loss=281.940656 | λ_pde=2.240e-03 | LR=1.08e-03
[2026-01-30 18:05:53][INFO] [Epoch 038] MSE Loss=614.221538 | PDE Loss=345.414740 | λ_pde=1.834e-03 | LR=1.07e-03
[2026-01-30 18:09:25][INFO] [Epoch 039] MSE Loss=617.305355 | PDE Loss=346.608872 | λ_pde=1.501e-03 | LR=1.06e-03
[2026-01-30 18:12:55][INFO] [Epoch 040] MSE Loss=608.282441 | PDE Loss=427.916218 | λ_pde=1.229e-03 | LR=1.05e-03
[2026-01-30 18:16:26][INFO] [Epoch 041] MSE Loss=610.386450 | PDE Loss=419.534131 | λ_pde=1.006e-03 | LR=1.04e-03
[2026-01-30 18:19:58][INFO] [Epoch 042] MSE Loss=608.840470 | PDE Loss=487.200349 | λ_pde=8.240e-04 | LR=1.03e-03
[2026-01-30 18:23:28][INFO] [Epoch 043] MSE Loss=600.660047 | PDE Loss=547.699471 | λ_pde=6.746e-04 | LR=1.02e-03
[2026-01-30 18:26:59][INFO] [Epoch 044] MSE Loss=603.396490 | PDE Loss=603.498404 | λ_pde=5.523e-04 | LR=1.01e-03
[2026-01-30 18:30:29][INFO] [Epoch 045] MSE Loss=608.807212 | PDE Loss=622.212978 | λ_pde=4.522e-04 | LR=1.00e-03
[2026-01-30 18:33:58][INFO] [Epoch 046] MSE Loss=612.259607 | PDE Loss=708.726320 | λ_pde=3.702e-04 | LR=9.94e-04
[2026-01-30 18:37:31][INFO] [Epoch 047] MSE Loss=580.005527 | PDE Loss=761.606106 | λ_pde=3.031e-04 | LR=9.83e-04
[2026-01-30 18:40:59][INFO] [Epoch 048] MSE Loss=586.078242 | PDE Loss=841.893285 | λ_pde=2.482e-04 | LR=9.73e-04
[2026-01-30 18:44:30][INFO] [Epoch 049] MSE Loss=587.968432 | PDE Loss=925.996253 | λ_pde=2.032e-04 | LR=9.62e-04
[2026-01-30 18:48:03][INFO] [Epoch 050] MSE Loss=586.707230 | PDE Loss=941.368152 | λ_pde=1.664e-04 | LR=9.51e-04
[2026-01-30 18:51:36][INFO] [Epoch 051] MSE Loss=588.222442 | PDE Loss=1021.295795 | λ_pde=1.362e-04 | LR=9.40e-04
[2026-01-30 18:55:07][INFO] [Epoch 052] MSE Loss=589.310598 | PDE Loss=1072.298990 | λ_pde=1.115e-04 | LR=9.28e-04
[2026-01-30 18:58:38][INFO] [Epoch 053] MSE Loss=579.124795 | PDE Loss=1170.845333 | λ_pde=9.130e-05 | LR=9.17e-04
[2026-01-30 19:02:09][INFO] [Epoch 054] MSE Loss=576.464154 | PDE Loss=1193.448590 | λ_pde=7.475e-05 | LR=9.05e-04
[2026-01-30 19:05:40][INFO] [Epoch 055] MSE Loss=583.872982 | PDE Loss=1251.983379 | λ_pde=6.120e-05 | LR=8.94e-04
[2026-01-30 19:09:09][INFO] [Epoch 056] MSE Loss=572.327421 | PDE Loss=1354.677981 | λ_pde=5.011e-05 | LR=8.82e-04
[2026-01-30 19:12:38][INFO] [Epoch 057] MSE Loss=573.329738 | PDE Loss=1440.383229 | λ_pde=4.102e-05 | LR=8.70e-04
[2026-01-30 19:16:08][INFO] [Epoch 058] MSE Loss=573.527939 | PDE Loss=1422.552054 | λ_pde=3.359e-05 | LR=8.58e-04
[2026-01-30 19:19:38][INFO] [Epoch 059] MSE Loss=564.007249 | PDE Loss=1522.304546 | λ_pde=2.750e-05 | LR=8.46e-04
[2026-01-30 19:23:13][INFO] [Epoch 060] MSE Loss=562.466842 | PDE Loss=1601.009723 | λ_pde=2.251e-05 | LR=8.34e-04
[2026-01-30 19:26:40][INFO] [Epoch 061] MSE Loss=567.449095 | PDE Loss=1674.296169 | λ_pde=1.843e-05 | LR=8.21e-04
[2026-01-30 19:30:13][INFO] [Epoch 062] MSE Loss=561.614852 | PDE Loss=1705.523664 | λ_pde=1.509e-05 | LR=8.09e-04
[2026-01-30 19:33:44][INFO] [Epoch 063] MSE Loss=564.646577 | PDE Loss=1801.282517 | λ_pde=1.236e-05 | LR=7.96e-04
[2026-01-30 19:37:14][INFO] [Epoch 064] MSE Loss=569.722264 | PDE Loss=1810.460898 | λ_pde=1.012e-05 | LR=7.84e-04
[2026-01-30 19:40:42][INFO] [Epoch 065] MSE Loss=549.574128 | PDE Loss=1914.171959 | λ_pde=8.282e-06 | LR=7.71e-04
[2026-01-30 19:44:12][INFO] [Epoch 066] MSE Loss=566.504423 | PDE Loss=2030.684191 | λ_pde=6.781e-06 | LR=7.59e-04
[2026-01-30 19:47:46][INFO] [Epoch 067] MSE Loss=552.978768 | PDE Loss=2105.457158 | λ_pde=5.552e-06 | LR=7.46e-04
[2026-01-30 19:51:14][INFO] [Epoch 068] MSE Loss=561.044715 | PDE Loss=2134.740034 | λ_pde=4.545e-06 | LR=7.33e-04
[2026-01-30 19:54:40][INFO] [Epoch 069] MSE Loss=557.506249 | PDE Loss=2249.953335 | λ_pde=3.721e-06 | LR=7.20e-04
[2026-01-30 19:58:12][INFO] [Epoch 070] MSE Loss=548.269549 | PDE Loss=2334.132951 | λ_pde=3.047e-06 | LR=7.07e-04
[2026-01-30 20:01:41][INFO] [Epoch 071] MSE Loss=553.209049 | PDE Loss=2405.835882 | λ_pde=2.495e-06 | LR=6.95e-04
[2026-01-30 20:05:10][INFO] [Epoch 072] MSE Loss=553.391731 | PDE Loss=2502.183911 | λ_pde=2.042e-06 | LR=6.82e-04
[2026-01-30 20:08:38][INFO] [Epoch 073] MSE Loss=550.272224 | PDE Loss=2613.930257 | λ_pde=1.672e-06 | LR=6.69e-04
[2026-01-30 20:12:05][INFO] [Epoch 074] MSE Loss=565.177353 | PDE Loss=2737.177733 | λ_pde=1.369e-06 | LR=6.56e-04
[2026-01-30 20:15:34][INFO] [Epoch 075] MSE Loss=544.092133 | PDE Loss=2868.340323 | λ_pde=1.121e-06 | LR=6.43e-04
[2026-01-30 20:19:07][INFO] [Epoch 076] MSE Loss=545.943625 | PDE Loss=3009.208803 | λ_pde=9.177e-07 | LR=6.30e-04
[2026-01-30 20:22:35][INFO] [Epoch 077] MSE Loss=538.568675 | PDE Loss=3086.289250 | λ_pde=7.514e-07 | LR=6.17e-04
[2026-01-30 20:26:02][INFO] [Epoch 078] MSE Loss=534.787199 | PDE Loss=3267.839624 | λ_pde=6.152e-07 | LR=6.04e-04
[2026-01-30 20:29:34][INFO] [Epoch 079] MSE Loss=537.644622 | PDE Loss=3390.712309 | λ_pde=5.036e-07 | LR=5.91e-04
[2026-01-30 20:33:06][INFO] [Epoch 080] MSE Loss=531.896992 | PDE Loss=3569.897915 | λ_pde=4.124e-07 | LR=5.78e-04
[2026-01-30 20:36:35][INFO] [Epoch 081] MSE Loss=522.587236 | PDE Loss=3749.475790 | λ_pde=3.376e-07 | LR=5.65e-04
[2026-01-30 20:40:05][INFO] [Epoch 082] MSE Loss=531.748443 | PDE Loss=3861.629234 | λ_pde=2.764e-07 | LR=5.52e-04
[2026-01-30 20:43:39][INFO] [Epoch 083] MSE Loss=541.262167 | PDE Loss=4019.569367 | λ_pde=2.263e-07 | LR=5.39e-04
[2026-01-30 20:47:09][INFO] [Epoch 084] MSE Loss=536.492294 | PDE Loss=4224.727139 | λ_pde=1.853e-07 | LR=5.26e-04
[2026-01-30 20:50:35][INFO] [Epoch 085] MSE Loss=528.147851 | PDE Loss=4329.334885 | λ_pde=1.517e-07 | LR=5.14e-04
[2026-01-30 20:54:01][INFO] [Epoch 086] MSE Loss=516.897607 | PDE Loss=4551.507702 | λ_pde=1.242e-07 | LR=5.01e-04
[2026-01-30 20:57:31][INFO] [Epoch 087] MSE Loss=518.435557 | PDE Loss=4725.942490 | λ_pde=1.017e-07 | LR=4.88e-04
[2026-01-30 21:01:01][INFO] [Epoch 088] MSE Loss=521.324041 | PDE Loss=4899.243722 | λ_pde=8.325e-08 | LR=4.76e-04
[2026-01-30 21:04:35][INFO] [Epoch 089] MSE Loss=519.360336 | PDE Loss=5084.401114 | λ_pde=6.816e-08 | LR=4.63e-04
[2026-01-30 21:08:06][INFO] [Epoch 090] MSE Loss=517.015902 | PDE Loss=5258.890022 | λ_pde=5.581e-08 | LR=4.51e-04
[2026-01-30 21:11:31][INFO] [Epoch 091] MSE Loss=524.987331 | PDE Loss=5472.044828 | λ_pde=4.569e-08 | LR=4.38e-04
[2026-01-30 21:14:58][INFO] [Epoch 092] MSE Loss=508.800554 | PDE Loss=5594.871766 | λ_pde=3.741e-08 | LR=4.26e-04
[2026-01-30 21:18:28][INFO] [Epoch 093] MSE Loss=508.427632 | PDE Loss=5808.857384 | λ_pde=3.063e-08 | LR=4.14e-04
[2026-01-30 21:21:54][INFO] [Epoch 094] MSE Loss=505.894220 | PDE Loss=5994.992873 | λ_pde=2.508e-08 | LR=4.02e-04
[2026-01-30 21:25:23][INFO] [Epoch 095] MSE Loss=511.111612 | PDE Loss=6173.944087 | λ_pde=2.053e-08 | LR=3.90e-04
[2026-01-30 21:28:53][INFO] [Epoch 096] MSE Loss=506.347373 | PDE Loss=6340.771412 | λ_pde=1.681e-08 | LR=3.78e-04
[2026-01-30 21:32:24][INFO] [Epoch 097] MSE Loss=510.273122 | PDE Loss=6491.051096 | λ_pde=1.376e-08 | LR=3.66e-04
[2026-01-30 21:35:57][INFO] [Epoch 098] MSE Loss=513.147510 | PDE Loss=6680.580379 | λ_pde=1.127e-08 | LR=3.54e-04
[2026-01-30 21:39:29][INFO] [Epoch 099] MSE Loss=504.056807 | PDE Loss=6807.393846 | λ_pde=9.225e-09 | LR=3.43e-04
[2026-01-30 21:42:58][INFO] [Epoch 100] MSE Loss=494.398584 | PDE Loss=7038.580307 | λ_pde=7.552e-09 | LR=3.31e-04
[2026-01-30 21:46:31][INFO] [Epoch 101] MSE Loss=504.512367 | PDE Loss=7164.071670 | λ_pde=6.183e-09 | LR=3.20e-04
[2026-01-30 21:50:03][INFO] [Epoch 102] MSE Loss=500.582574 | PDE Loss=7298.874429 | λ_pde=5.063e-09 | LR=3.09e-04
[2026-01-30 21:53:31][INFO] [Epoch 103] MSE Loss=502.017357 | PDE Loss=7466.105794 | λ_pde=4.145e-09 | LR=2.98e-04
[2026-01-30 21:57:01][INFO] [Epoch 104] MSE Loss=500.467419 | PDE Loss=7593.118694 | λ_pde=3.394e-09 | LR=2.87e-04
[2026-01-30 22:00:30][INFO] [Epoch 105] MSE Loss=503.613785 | PDE Loss=7781.151284 | λ_pde=2.778e-09 | LR=2.76e-04
[2026-01-30 22:04:03][INFO] [Epoch 106] MSE Loss=500.027226 | PDE Loss=7882.904969 | λ_pde=2.275e-09 | LR=2.65e-04
[2026-01-30 22:07:40][INFO] [Epoch 107] MSE Loss=497.684703 | PDE Loss=8007.293731 | λ_pde=1.862e-09 | LR=2.55e-04
[2026-01-30 22:11:12][INFO] [Epoch 108] MSE Loss=493.105167 | PDE Loss=8113.850676 | λ_pde=1.525e-09 | LR=1.22e-04
[2026-01-30 22:14:43][INFO] [Epoch 109] MSE Loss=493.385928 | PDE Loss=8185.399975 | λ_pde=1.248e-09 | LR=1.18e-04
[2026-01-30 22:18:16][INFO] [Epoch 110] MSE Loss=493.881560 | PDE Loss=8205.399483 | λ_pde=1.022e-09 | LR=1.13e-04
[2026-01-30 22:21:47][INFO] [Epoch 111] MSE Loss=491.294543 | PDE Loss=8288.505790 | λ_pde=8.368e-10 | LR=1.08e-04
[2026-01-30 22:25:16][INFO] [Epoch 112] MSE Loss=491.848095 | PDE Loss=8323.982138 | λ_pde=6.851e-10 | LR=1.04e-04
[2026-01-30 22:28:39][INFO] [Epoch 113] MSE Loss=490.493822 | PDE Loss=8417.485989 | λ_pde=5.610e-10 | LR=9.91e-05
[2026-01-30 22:32:13][INFO] [Epoch 114] MSE Loss=492.239237 | PDE Loss=8416.813352 | λ_pde=4.593e-10 | LR=9.47e-05
[2026-01-30 22:35:41][INFO] [Epoch 115] MSE Loss=489.261660 | PDE Loss=8513.929126 | λ_pde=3.760e-10 | LR=9.04e-05
[2026-01-30 22:39:12][INFO] [Epoch 116] MSE Loss=488.730031 | PDE Loss=8484.749176 | λ_pde=3.079e-10 | LR=8.62e-05
[2026-01-30 22:42:42][INFO] [Epoch 117] MSE Loss=489.502052 | PDE Loss=8604.766989 | λ_pde=2.521e-10 | LR=8.21e-05
[2026-01-30 22:46:09][INFO] [Epoch 118] MSE Loss=489.625922 | PDE Loss=8626.592884 | λ_pde=2.064e-10 | LR=7.81e-05
[2026-01-30 22:49:41][INFO] [Epoch 119] MSE Loss=490.181232 | PDE Loss=8650.101943 | λ_pde=1.690e-10 | LR=7.42e-05
[2026-01-30 22:53:12][INFO] [Epoch 120] MSE Loss=489.192168 | PDE Loss=8710.715903 | λ_pde=1.383e-10 | LR=7.04e-05
[2026-01-30 22:56:41][INFO] [Epoch 121] MSE Loss=487.686438 | PDE Loss=8748.634994 | λ_pde=1.133e-10 | LR=6.67e-05
[2026-01-30 23:00:08][INFO] [Epoch 122] MSE Loss=489.069175 | PDE Loss=8779.144601 | λ_pde=9.272e-11 | LR=6.31e-05
[2026-01-30 23:03:38][INFO] [Epoch 123] MSE Loss=487.685206 | PDE Loss=8796.649047 | λ_pde=7.592e-11 | LR=5.96e-05
[2026-01-30 23:07:08][INFO] [Epoch 124] MSE Loss=487.994896 | PDE Loss=8813.859839 | λ_pde=6.216e-11 | LR=5.62e-05
[2026-01-30 23:10:38][INFO] [Epoch 125] MSE Loss=488.981935 | PDE Loss=8864.825368 | λ_pde=5.089e-11 | LR=5.29e-05
[2026-01-30 23:14:12][INFO] [Epoch 126] MSE Loss=486.618902 | PDE Loss=8945.886220 | λ_pde=4.166e-11 | LR=4.97e-05
[2026-01-30 23:17:38][INFO] [Epoch 127] MSE Loss=486.816432 | PDE Loss=8909.365719 | λ_pde=3.411e-11 | LR=4.67e-05
[2026-01-30 23:21:07][INFO] [Epoch 128] MSE Loss=486.762479 | PDE Loss=8960.510805 | λ_pde=2.793e-11 | LR=4.38e-05
[2026-01-30 23:24:37][INFO] [Epoch 129] MSE Loss=486.591997 | PDE Loss=8971.451172 | λ_pde=2.287e-11 | LR=4.09e-05
[2026-01-30 23:28:12][INFO] [Epoch 130] MSE Loss=487.816468 | PDE Loss=8990.992977 | λ_pde=1.872e-11 | LR=3.82e-05
[2026-01-30 23:31:41][INFO] [Epoch 131] MSE Loss=486.309268 | PDE Loss=8994.288467 | λ_pde=1.533e-11 | LR=3.57e-05
[2026-01-30 23:35:09][INFO] [Epoch 132] MSE Loss=486.373803 | PDE Loss=9043.164624 | λ_pde=1.255e-11 | LR=3.32e-05
[2026-01-30 23:38:41][INFO] [Epoch 133] MSE Loss=486.753294 | PDE Loss=9057.219526 | λ_pde=1.027e-11 | LR=3.08e-05
[2026-01-30 23:42:11][INFO] [Epoch 134] MSE Loss=486.209886 | PDE Loss=9064.641906 | λ_pde=8.412e-12 | LR=2.86e-05
[2026-01-30 23:45:40][INFO] [Epoch 135] MSE Loss=485.835519 | PDE Loss=9087.440804 | λ_pde=6.887e-12 | LR=2.65e-05
[2026-01-30 23:49:09][INFO] [Epoch 136] MSE Loss=486.590162 | PDE Loss=9098.368684 | λ_pde=5.639e-12 | LR=2.45e-05
[2026-01-30 23:52:43][INFO] [Epoch 137] MSE Loss=485.401366 | PDE Loss=9111.717289 | λ_pde=4.616e-12 | LR=2.27e-05
[2026-01-30 23:56:10][INFO] [Epoch 138] MSE Loss=485.774255 | PDE Loss=9125.804667 | λ_pde=3.780e-12 | LR=2.09e-05
[2026-01-30 23:59:41][INFO] [Epoch 139] MSE Loss=485.351786 | PDE Loss=9119.780239 | λ_pde=3.095e-12 | LR=1.93e-05
[2026-01-31 00:03:10][INFO] [Epoch 140] MSE Loss=485.260916 | PDE Loss=9160.447543 | λ_pde=2.534e-12 | LR=1.78e-05
[2026-01-31 00:06:42][INFO] [Epoch 141] MSE Loss=484.968615 | PDE Loss=9166.658896 | λ_pde=2.074e-12 | LR=1.65e-05
[2026-01-31 00:10:12][INFO] [Epoch 142] MSE Loss=484.650936 | PDE Loss=9164.582627 | λ_pde=1.698e-12 | LR=1.53e-05
[2026-01-31 00:13:47][INFO] [Epoch 143] MSE Loss=485.129067 | PDE Loss=9178.471652 | λ_pde=1.390e-12 | LR=1.42e-05
[2026-01-31 00:17:16][INFO] [Epoch 144] MSE Loss=484.904048 | PDE Loss=9171.665773 | λ_pde=1.138e-12 | LR=1.32e-05
[2026-01-31 00:20:41][INFO] [Epoch 145] MSE Loss=485.300019 | PDE Loss=9186.801799 | λ_pde=9.321e-13 | LR=1.23e-05
[2026-01-31 00:24:13][INFO] [Epoch 146] MSE Loss=484.720974 | PDE Loss=9186.475995 | λ_pde=7.631e-13 | LR=1.16e-05
[2026-01-31 00:27:41][INFO] [Epoch 147] MSE Loss=484.616014 | PDE Loss=9210.251960 | λ_pde=6.248e-13 | LR=1.10e-05
[2026-01-31 00:31:09][INFO] [Epoch 148] MSE Loss=485.055920 | PDE Loss=9209.303794 | λ_pde=5.115e-13 | LR=1.06e-05
[2026-01-31 00:34:42][INFO] [Epoch 149] MSE Loss=484.358567 | PDE Loss=9201.704628 | λ_pde=4.188e-13 | LR=1.03e-05
[2026-01-31 00:38:09][INFO] [Epoch 150] MSE Loss=484.534686 | PDE Loss=9220.392557 | λ_pde=3.429e-13 | LR=1.01e-05
[2026-01-31 00:41:38][INFO] [Epoch 151] MSE Loss=484.632981 | PDE Loss=9227.091582 | λ_pde=2.807e-13 | LR=1.00e-05
[2026-01-31 00:45:07][INFO] [Epoch 152] MSE Loss=484.814172 | PDE Loss=9230.621184 | λ_pde=2.298e-13 | LR=1.05e-05
[2026-01-31 00:48:36][INFO] [Epoch 153] MSE Loss=484.752610 | PDE Loss=9225.427547 | λ_pde=1.882e-13 | LR=1.22e-05
[2026-01-31 00:52:06][INFO] [Epoch 154] MSE Loss=484.638195 | PDE Loss=9245.200265 | λ_pde=1.541e-13 | LR=1.49e-05
[2026-01-31 00:55:38][INFO] [Epoch 155] MSE Loss=485.197544 | PDE Loss=9229.959933 | λ_pde=1.261e-13 | LR=1.88e-05
[2026-01-31 00:59:12][INFO] [Epoch 156] MSE Loss=485.416360 | PDE Loss=9271.373172 | λ_pde=1.033e-13 | LR=2.37e-05
[2026-01-31 01:02:45][INFO] [Epoch 157] MSE Loss=484.265622 | PDE Loss=9283.098349 | λ_pde=8.455e-14 | LR=1.48e-05
[2026-01-31 01:06:13][INFO] [Epoch 158] MSE Loss=484.772054 | PDE Loss=9289.992257 | λ_pde=6.923e-14 | LR=1.66e-05
[2026-01-31 01:09:42][INFO] [Epoch 159] MSE Loss=484.302455 | PDE Loss=9289.245817 | λ_pde=5.668e-14 | LR=1.86e-05
[2026-01-31 01:13:14][INFO] [Epoch 160] MSE Loss=484.368343 | PDE Loss=9308.623407 | λ_pde=4.640e-14 | LR=2.09e-05
[2026-01-31 01:16:45][INFO] [Epoch 161] MSE Loss=484.931283 | PDE Loss=9303.581353 | λ_pde=3.799e-14 | LR=2.34e-05
[2026-01-31 01:20:13][INFO] [Epoch 162] MSE Loss=485.275548 | PDE Loss=9321.701470 | λ_pde=3.111e-14 | LR=2.62e-05
[2026-01-31 01:23:43][INFO] [Epoch 163] MSE Loss=484.907661 | PDE Loss=9348.169804 | λ_pde=2.547e-14 | LR=2.93e-05
[2026-01-31 01:27:14][INFO] [Epoch 164] MSE Loss=485.437414 | PDE Loss=9369.451968 | λ_pde=2.085e-14 | LR=3.26e-05
[2026-01-31 01:30:45][INFO] [Epoch 165] MSE Loss=484.504488 | PDE Loss=9357.048565 | λ_pde=1.707e-14 | LR=1.81e-05
[2026-01-31 01:34:17][INFO] [Epoch 166] MSE Loss=484.228577 | PDE Loss=9386.774213 | λ_pde=1.398e-14 | LR=1.93e-05
[2026-01-31 01:37:45][INFO] [Epoch 167] MSE Loss=484.081011 | PDE Loss=9393.328658 | λ_pde=1.144e-14 | LR=2.05e-05
[2026-01-31 01:41:19][INFO] [Epoch 168] MSE Loss=484.295024 | PDE Loss=9406.078547 | λ_pde=9.369e-15 | LR=2.19e-05
[2026-01-31 01:44:50][INFO] [Epoch 169] MSE Loss=483.913610 | PDE Loss=9422.617866 | λ_pde=7.671e-15 | LR=2.33e-05
[2026-01-31 01:48:20][INFO] [Epoch 170] MSE Loss=483.940376 | PDE Loss=9459.392807 | λ_pde=6.280e-15 | LR=2.48e-05
[2026-01-31 01:51:56][INFO] [Epoch 171] MSE Loss=484.946794 | PDE Loss=9452.840723 | λ_pde=5.142e-15 | LR=2.64e-05
[2026-01-31 01:55:28][INFO] [Epoch 172] MSE Loss=484.258431 | PDE Loss=9444.667519 | λ_pde=4.210e-15 | LR=2.80e-05
[2026-01-31 01:58:57][INFO] [Epoch 173] MSE Loss=484.875920 | PDE Loss=9490.278930 | λ_pde=3.447e-15 | LR=2.98e-05
[2026-01-31 02:02:29][INFO] [Epoch 174] MSE Loss=483.699342 | PDE Loss=9491.218611 | λ_pde=2.822e-15 | LR=3.16e-05
[2026-01-31 02:05:58][INFO] [Epoch 175] MSE Loss=484.757999 | PDE Loss=9510.008006 | λ_pde=2.310e-15 | LR=3.34e-05
[2026-01-31 02:09:28][INFO] [Epoch 176] MSE Loss=484.399751 | PDE Loss=9540.967330 | λ_pde=1.892e-15 | LR=3.54e-05
[2026-01-31 02:12:59][INFO] [Epoch 177] MSE Loss=484.200153 | PDE Loss=9564.188934 | λ_pde=1.549e-15 | LR=3.74e-05
[2026-01-31 02:16:28][INFO] [Epoch 178] MSE Loss=484.057709 | PDE Loss=9591.801855 | λ_pde=1.268e-15 | LR=3.95e-05
[2026-01-31 02:19:59][INFO] [Epoch 179] MSE Loss=484.825270 | PDE Loss=9592.318900 | λ_pde=1.038e-15 | LR=4.17e-05
[2026-01-31 02:23:30][INFO] [Epoch 180] MSE Loss=484.573573 | PDE Loss=9619.564827 | λ_pde=8.499e-16 | LR=4.39e-05
[2026-01-31 02:27:00][INFO] [Epoch 181] MSE Loss=485.710812 | PDE Loss=9674.605337 | λ_pde=6.959e-16 | LR=4.62e-05
[2026-01-31 02:30:30][INFO] [Epoch 182] MSE Loss=483.519243 | PDE Loss=9668.883706 | λ_pde=5.697e-16 | LR=2.43e-05
[2026-01-31 02:34:04][INFO] [Epoch 183] MSE Loss=483.618031 | PDE Loss=9694.093127 | λ_pde=4.664e-16 | LR=2.52e-05
[2026-01-31 02:37:33][INFO] [Epoch 184] MSE Loss=483.560952 | PDE Loss=9700.734541 | λ_pde=3.819e-16 | LR=2.61e-05
[2026-01-31 02:41:00][INFO] [Epoch 185] MSE Loss=484.000670 | PDE Loss=9706.820624 | λ_pde=3.127e-16 | LR=2.71e-05
[2026-01-31 02:44:29][INFO] [Epoch 186] MSE Loss=484.921426 | PDE Loss=9735.515757 | λ_pde=2.560e-16 | LR=2.80e-05
[2026-01-31 02:47:59][INFO] [Epoch 187] MSE Loss=482.925669 | PDE Loss=9756.615546 | λ_pde=2.096e-16 | LR=2.90e-05
[2026-01-31 02:51:29][INFO] [Epoch 188] MSE Loss=482.761277 | PDE Loss=9770.943803 | λ_pde=1.716e-16 | LR=3.00e-05
[2026-01-31 02:54:59][INFO] [Epoch 189] MSE Loss=483.127194 | PDE Loss=9780.375485 | λ_pde=1.405e-16 | LR=3.11e-05
[2026-01-31 02:58:29][INFO] [Epoch 190] MSE Loss=484.096101 | PDE Loss=9790.535205 | λ_pde=1.150e-16 | LR=3.21e-05
[2026-01-31 03:01:58][INFO] [Epoch 191] MSE Loss=482.908530 | PDE Loss=9823.634142 | λ_pde=9.417e-17 | LR=3.32e-05
[2026-01-31 03:05:28][INFO] [Epoch 192] MSE Loss=483.069483 | PDE Loss=9856.761144 | λ_pde=7.710e-17 | LR=3.43e-05
[2026-01-31 03:08:57][INFO] [Epoch 193] MSE Loss=482.460803 | PDE Loss=9853.083195 | λ_pde=6.313e-17 | LR=3.55e-05
[2026-01-31 03:12:27][INFO] [Epoch 194] MSE Loss=482.815156 | PDE Loss=9903.665261 | λ_pde=5.168e-17 | LR=3.66e-05
[2026-01-31 03:15:57][INFO] [Epoch 195] MSE Loss=484.239552 | PDE Loss=9895.152281 | λ_pde=4.232e-17 | LR=3.78e-05
[2026-01-31 03:19:30][INFO] [Epoch 196] MSE Loss=482.815377 | PDE Loss=9925.539450 | λ_pde=3.464e-17 | LR=3.89e-05
[2026-01-31 03:23:00][INFO] [Epoch 197] MSE Loss=482.601124 | PDE Loss=9959.234271 | λ_pde=2.836e-17 | LR=4.01e-05
[2026-01-31 03:26:32][INFO] [Epoch 198] MSE Loss=482.869796 | PDE Loss=9978.077017 | λ_pde=2.322e-17 | LR=4.14e-05
[2026-01-31 03:30:02][INFO] [Epoch 199] MSE Loss=485.867889 | PDE Loss=9975.873511 | λ_pde=1.901e-17 | LR=4.26e-05
[2026-01-31 03:32:40][INFO] [Epoch 200] MSE Loss=483.132630 | PDE Loss=10021.976188 | λ_pde=1.557e-17 | LR=4.38e-05
[2026-01-31 03:32:40][INFO] 训练结束，模型已保存至: /data/sda/zjc/comsol_pinn/checkpoints/M04d/exp05/M04d_pinn.pt
[2026-01-31 03:32:40][INFO] ========== 训练结束 ==========
