[2026-01-05 16:56:45][INFO] 日志文件创建于: /data/sda/zjc/comsol_pinn/logs/exp03/train_20260105_165645_gpu3_pid4035975.log
[2026-01-05 16:56:45][INFO] 进程 PID: 4035975
[2026-01-05 16:56:45][INFO] ========== FCNN-MVP 训练开始 ==========
[2026-01-05 16:56:45][INFO] 使用设备: cuda
[2026-01-05 16:56:45][INFO] 训练参数: {'epochs': 80, 'lr': 0.001, 'batch_cases': 1, 'points_per_case': 8192, 'num_workers': 8, 'device': 'cuda', 'log_dir': 'logs/exp03', 'ckpt_dir': 'checkpoints/exp03'}
[2026-01-05 16:56:45][INFO] 数据集大小: 141 cases
[2026-01-05 16:56:45][INFO] 每 case 采样点数: 8192
[2026-01-05 16:56:46][INFO] 模型结构:
SimplePINN(
  (net): Sequential(
    (0): Linear(in_features=7, out_features=128, bias=True)
    (1): SiLU()
    (2): Linear(in_features=128, out_features=128, bias=True)
    (3): SiLU()
    (4): Linear(in_features=128, out_features=1, bias=True)
  )
)
[2026-01-05 16:56:46][INFO] 优化器: AdamW, lr=0.001
[2026-01-05 16:58:03][INFO] [Epoch 001] MSE Loss = 31511.786957
[2026-01-05 16:59:20][INFO] [Epoch 002] MSE Loss = 8541.273787
[2026-01-05 17:00:38][INFO] [Epoch 003] MSE Loss = 6632.160570
[2026-01-05 17:01:56][INFO] [Epoch 004] MSE Loss = 5863.905755
[2026-01-05 17:03:14][INFO] [Epoch 005] MSE Loss = 5314.157630
[2026-01-05 17:04:30][INFO] [Epoch 006] MSE Loss = 4827.792863
[2026-01-05 17:05:48][INFO] [Epoch 007] MSE Loss = 4257.692398
[2026-01-05 17:07:03][INFO] [Epoch 008] MSE Loss = 3986.966490
[2026-01-05 17:08:22][INFO] [Epoch 009] MSE Loss = 3472.666218
[2026-01-05 17:09:39][INFO] [Epoch 010] MSE Loss = 3120.839313
[2026-01-05 17:10:54][INFO] [Epoch 011] MSE Loss = 2731.304603
[2026-01-05 17:12:12][INFO] [Epoch 012] MSE Loss = 2599.006513
[2026-01-05 17:13:27][INFO] [Epoch 013] MSE Loss = 2407.243997
[2026-01-05 17:14:44][INFO] [Epoch 014] MSE Loss = 2185.871097
[2026-01-05 17:16:01][INFO] [Epoch 015] MSE Loss = 2067.787845
[2026-01-05 17:17:16][INFO] [Epoch 016] MSE Loss = 1994.349851
[2026-01-05 17:18:36][INFO] [Epoch 017] MSE Loss = 1795.969815
[2026-01-05 17:19:50][INFO] [Epoch 018] MSE Loss = 1500.659762
[2026-01-05 17:21:07][INFO] [Epoch 019] MSE Loss = 1342.055136
[2026-01-05 17:22:23][INFO] [Epoch 020] MSE Loss = 1357.850168
[2026-01-05 17:23:41][INFO] [Epoch 021] MSE Loss = 1190.662420
[2026-01-05 17:24:58][INFO] [Epoch 022] MSE Loss = 1056.535896
[2026-01-05 17:26:15][INFO] [Epoch 023] MSE Loss = 1049.278865
[2026-01-05 17:27:32][INFO] [Epoch 024] MSE Loss = 1031.271306
[2026-01-05 17:28:50][INFO] [Epoch 025] MSE Loss = 851.406648
[2026-01-05 17:30:05][INFO] [Epoch 026] MSE Loss = 778.879912
[2026-01-05 17:31:20][INFO] [Epoch 027] MSE Loss = 695.587239
[2026-01-05 17:32:36][INFO] [Epoch 028] MSE Loss = 681.562135
[2026-01-05 17:33:54][INFO] [Epoch 029] MSE Loss = 530.966112
[2026-01-05 17:35:12][INFO] [Epoch 030] MSE Loss = 566.504977
[2026-01-05 17:36:31][INFO] [Epoch 031] MSE Loss = 431.644023
[2026-01-05 17:37:50][INFO] [Epoch 032] MSE Loss = 370.855931
[2026-01-05 17:39:06][INFO] [Epoch 033] MSE Loss = 376.880656
[2026-01-05 17:40:23][INFO] [Epoch 034] MSE Loss = 335.328324
[2026-01-05 17:41:42][INFO] [Epoch 035] MSE Loss = 293.797354
[2026-01-05 17:42:58][INFO] [Epoch 036] MSE Loss = 280.808125
[2026-01-05 17:44:16][INFO] [Epoch 037] MSE Loss = 263.015570
[2026-01-05 17:45:31][INFO] [Epoch 038] MSE Loss = 249.393970
[2026-01-05 17:46:48][INFO] [Epoch 039] MSE Loss = 209.530403
[2026-01-05 17:48:05][INFO] [Epoch 040] MSE Loss = 189.268600
[2026-01-05 17:49:23][INFO] [Epoch 041] MSE Loss = 179.806028
[2026-01-05 17:50:40][INFO] [Epoch 042] MSE Loss = 168.293756
[2026-01-05 17:51:58][INFO] [Epoch 043] MSE Loss = 157.771133
[2026-01-05 17:53:13][INFO] [Epoch 044] MSE Loss = 148.385110
[2026-01-05 17:54:30][INFO] [Epoch 045] MSE Loss = 140.644050
[2026-01-05 17:55:46][INFO] [Epoch 046] MSE Loss = 135.341519
[2026-01-05 17:57:02][INFO] [Epoch 047] MSE Loss = 128.365275
[2026-01-05 17:58:20][INFO] [Epoch 048] MSE Loss = 123.056940
[2026-01-05 17:59:35][INFO] [Epoch 049] MSE Loss = 118.723847
[2026-01-05 18:00:52][INFO] [Epoch 050] MSE Loss = 114.841801
[2026-01-05 18:02:09][INFO] [Epoch 051] MSE Loss = 111.526173
[2026-01-05 18:03:26][INFO] [Epoch 052] MSE Loss = 109.335853
[2026-01-05 18:04:43][INFO] [Epoch 053] MSE Loss = 107.316083
[2026-01-05 18:06:01][INFO] [Epoch 054] MSE Loss = 107.470123
[2026-01-05 18:07:19][INFO] [Epoch 055] MSE Loss = 104.584253
[2026-01-05 18:08:36][INFO] [Epoch 056] MSE Loss = 98.281827
[2026-01-05 18:09:52][INFO] [Epoch 057] MSE Loss = 105.261691
[2026-01-05 18:11:11][INFO] [Epoch 058] MSE Loss = 102.528892
[2026-01-05 18:12:29][INFO] [Epoch 059] MSE Loss = 91.378037
[2026-01-05 18:13:47][INFO] [Epoch 060] MSE Loss = 87.956190
[2026-01-05 18:15:03][INFO] [Epoch 061] MSE Loss = 88.074611
[2026-01-05 18:16:20][INFO] [Epoch 062] MSE Loss = 85.369604
[2026-01-05 18:17:38][INFO] [Epoch 063] MSE Loss = 85.749234
[2026-01-05 18:18:55][INFO] [Epoch 064] MSE Loss = 83.523440
[2026-01-05 18:20:12][INFO] [Epoch 065] MSE Loss = 82.760997
[2026-01-05 18:21:30][INFO] [Epoch 066] MSE Loss = 90.283616
[2026-01-05 18:22:48][INFO] [Epoch 067] MSE Loss = 93.638308
[2026-01-05 18:24:04][INFO] [Epoch 068] MSE Loss = 77.121693
[2026-01-05 18:25:20][INFO] [Epoch 069] MSE Loss = 84.466593
[2026-01-05 18:26:36][INFO] [Epoch 070] MSE Loss = 77.177783
[2026-01-05 18:27:53][INFO] [Epoch 071] MSE Loss = 75.853152
[2026-01-05 18:29:09][INFO] [Epoch 072] MSE Loss = 73.148906
[2026-01-05 18:30:25][INFO] [Epoch 073] MSE Loss = 75.220041
