[2026-01-06 18:01:19][INFO] 日志文件创建于: /data/sda/zjc/comsol_pinn/logs/exp09/train_20260106_180119_gpu4_pid1094638.log
[2026-01-06 18:01:19][INFO] 进程 PID: 1094638
[2026-01-06 18:01:19][INFO] ========== FCNN-MVP 训练开始 ==========
[2026-01-06 18:01:19][INFO] 使用设备: cuda
[2026-01-06 18:01:19][INFO] 训练参数: {'epochs': 120, 'lr': 0.001, 'batch_cases': 1, 'points_per_case': 6144, 'num_workers': 8, 'device': 'cuda', 'log_dir': 'logs/exp09', 'ckpt_dir': 'checkpoints/exp09'}
[2026-01-06 18:01:19][INFO] 数据集大小: 141 cases
[2026-01-06 18:01:19][INFO] 每 case 采样点数: 6144
[2026-01-06 18:01:20][INFO] 模型结构:
SimplePINN(
  (net): Sequential(
    (0): Linear(in_features=7, out_features=128, bias=True)
    (1): SiLU()
    (2): Linear(in_features=128, out_features=128, bias=True)
    (3): SiLU()
    (4): Linear(in_features=128, out_features=1, bias=True)
  )
)
[2026-01-06 18:01:20][INFO] 优化器: AdamW, lr=0.001
[2026-01-06 18:02:22][INFO] [Epoch 001] MSE Loss = 33146.471583
[2026-01-06 18:03:24][INFO] [Epoch 002] MSE Loss = 8265.594924
[2026-01-06 18:04:24][INFO] [Epoch 003] MSE Loss = 6352.434809
[2026-01-06 18:05:26][INFO] [Epoch 004] MSE Loss = 5716.480432
[2026-01-06 18:06:28][INFO] [Epoch 005] MSE Loss = 5005.109730
[2026-01-06 18:07:30][INFO] [Epoch 006] MSE Loss = 4786.255479
[2026-01-06 18:08:32][INFO] [Epoch 007] MSE Loss = 4334.331778
[2026-01-06 18:09:34][INFO] [Epoch 008] MSE Loss = 4020.634785
[2026-01-06 18:10:34][INFO] [Epoch 009] MSE Loss = 3614.618704
[2026-01-06 18:11:35][INFO] [Epoch 010] MSE Loss = 3410.447613
[2026-01-06 18:12:37][INFO] [Epoch 011] MSE Loss = 3143.979931
[2026-01-06 18:13:39][INFO] [Epoch 012] MSE Loss = 2757.411026
[2026-01-06 18:14:40][INFO] [Epoch 013] MSE Loss = 2612.019334
[2026-01-06 18:15:41][INFO] [Epoch 014] MSE Loss = 2495.970922
[2026-01-06 18:16:42][INFO] [Epoch 015] MSE Loss = 2245.356320
[2026-01-06 18:17:44][INFO] [Epoch 016] MSE Loss = 2175.998936
[2026-01-06 18:18:45][INFO] [Epoch 017] MSE Loss = 1847.176616
[2026-01-06 18:19:47][INFO] [Epoch 018] MSE Loss = 1809.499881
[2026-01-06 18:20:49][INFO] [Epoch 019] MSE Loss = 1612.149546
[2026-01-06 18:21:50][INFO] [Epoch 020] MSE Loss = 1438.131994
[2026-01-06 18:22:52][INFO] [Epoch 021] MSE Loss = 1351.588484
[2026-01-06 18:23:55][INFO] [Epoch 022] MSE Loss = 1221.343510
[2026-01-06 18:24:57][INFO] [Epoch 023] MSE Loss = 1119.470270
[2026-01-06 18:25:59][INFO] [Epoch 024] MSE Loss = 1133.189633
[2026-01-06 18:27:01][INFO] [Epoch 025] MSE Loss = 934.672175
[2026-01-06 18:28:03][INFO] [Epoch 026] MSE Loss = 934.177201
[2026-01-06 18:29:04][INFO] [Epoch 027] MSE Loss = 835.572851
[2026-01-06 18:30:06][INFO] [Epoch 028] MSE Loss = 738.316461
[2026-01-06 18:31:08][INFO] [Epoch 029] MSE Loss = 655.855027
[2026-01-06 18:32:11][INFO] [Epoch 030] MSE Loss = 626.946020
[2026-01-06 18:33:13][INFO] [Epoch 031] MSE Loss = 517.094001
[2026-01-06 18:34:15][INFO] [Epoch 032] MSE Loss = 465.923759
[2026-01-06 18:35:15][INFO] [Epoch 033] MSE Loss = 430.554424
[2026-01-06 18:36:18][INFO] [Epoch 034] MSE Loss = 352.637635
[2026-01-06 18:37:19][INFO] [Epoch 035] MSE Loss = 340.065958
[2026-01-06 18:38:21][INFO] [Epoch 036] MSE Loss = 316.412954
[2026-01-06 18:39:22][INFO] [Epoch 037] MSE Loss = 246.400912
[2026-01-06 18:40:24][INFO] [Epoch 038] MSE Loss = 233.120615
[2026-01-06 18:41:25][INFO] [Epoch 039] MSE Loss = 211.025078
[2026-01-06 18:42:26][INFO] [Epoch 040] MSE Loss = 202.223103
[2026-01-06 18:43:27][INFO] [Epoch 041] MSE Loss = 185.239531
[2026-01-06 18:44:29][INFO] [Epoch 042] MSE Loss = 168.194159
[2026-01-06 18:45:30][INFO] [Epoch 043] MSE Loss = 159.240498
[2026-01-06 18:46:32][INFO] [Epoch 044] MSE Loss = 154.431360
[2026-01-06 18:47:33][INFO] [Epoch 045] MSE Loss = 147.149135
[2026-01-06 18:48:35][INFO] [Epoch 046] MSE Loss = 143.344984
[2026-01-06 18:49:37][INFO] [Epoch 047] MSE Loss = 140.837272
[2026-01-06 18:50:40][INFO] [Epoch 048] MSE Loss = 134.891593
[2026-01-06 18:51:42][INFO] [Epoch 049] MSE Loss = 130.462662
[2026-01-06 18:52:43][INFO] [Epoch 050] MSE Loss = 124.679233
[2026-01-06 18:53:45][INFO] [Epoch 051] MSE Loss = 122.161258
[2026-01-06 18:54:47][INFO] [Epoch 052] MSE Loss = 115.707910
[2026-01-06 18:55:50][INFO] [Epoch 053] MSE Loss = 114.469372
[2026-01-06 18:56:53][INFO] [Epoch 054] MSE Loss = 108.360263
[2026-01-06 18:57:55][INFO] [Epoch 055] MSE Loss = 106.206298
[2026-01-06 18:58:57][INFO] [Epoch 056] MSE Loss = 103.729895
[2026-01-06 18:59:57][INFO] [Epoch 057] MSE Loss = 102.198806
[2026-01-06 19:00:58][INFO] [Epoch 058] MSE Loss = 97.475075
[2026-01-06 19:02:02][INFO] [Epoch 059] MSE Loss = 99.329644
[2026-01-06 19:03:04][INFO] [Epoch 060] MSE Loss = 92.595039
[2026-01-06 19:04:07][INFO] [Epoch 061] MSE Loss = 91.667910
[2026-01-06 19:05:10][INFO] [Epoch 062] MSE Loss = 90.070724
[2026-01-06 19:06:11][INFO] [Epoch 063] MSE Loss = 86.046420
[2026-01-06 19:07:11][INFO] [Epoch 064] MSE Loss = 85.657437
[2026-01-06 19:08:13][INFO] [Epoch 065] MSE Loss = 83.099418
[2026-01-06 19:09:15][INFO] [Epoch 066] MSE Loss = 81.993898
[2026-01-06 19:10:18][INFO] [Epoch 067] MSE Loss = 82.771866
[2026-01-06 19:11:21][INFO] [Epoch 068] MSE Loss = 79.577268
