[2026-01-19 17:01:24][INFO] 日志文件创建于: /data/sda/zjc/comsol_pinn/logs/exp09/train_20260119_170124_gpu4_pid3611571.log
[2026-01-19 17:01:24][INFO] 进程 PID: 3611571
[2026-01-19 17:01:24][INFO] ========== FCNN-MVP 训练开始 ==========
[2026-01-19 17:01:24][INFO] 使用设备: cuda
[2026-01-19 17:01:24][INFO] 训练参数: {'epochs': 120, 'lr': 0.001, 'batch_cases': 1, 'points_per_case': 6144, 'num_workers': 8, 'device': 'cuda', 'log_dir': 'logs/exp09', 'ckpt_dir': 'checkpoints/exp09'}
[2026-01-19 17:01:24][INFO] 数据集大小: 141 cases
[2026-01-19 17:01:24][INFO] 每 case 采样点数: 6144
[2026-01-19 17:01:25][INFO] 模型结构:
SimplePINN(
  (net): Sequential(
    (0): Linear(in_features=7, out_features=128, bias=True)
    (1): SiLU()
    (2): Linear(in_features=128, out_features=128, bias=True)
    (3): SiLU()
    (4): Linear(in_features=128, out_features=1, bias=True)
  )
)
[2026-01-19 17:01:25][INFO] 优化器: AdamW, lr=0.001
[2026-01-19 17:03:48][INFO] [Epoch 001] MSE Loss = 31411.138866
[2026-01-19 17:06:04][INFO] [Epoch 002] MSE Loss = 8454.465190
[2026-01-19 17:08:23][INFO] [Epoch 003] MSE Loss = 6453.451168
[2026-01-19 17:10:43][INFO] [Epoch 004] MSE Loss = 5771.024920
[2026-01-19 17:13:01][INFO] [Epoch 005] MSE Loss = 5160.683576
[2026-01-19 17:15:23][INFO] [Epoch 006] MSE Loss = 4557.140591
[2026-01-19 17:17:45][INFO] [Epoch 007] MSE Loss = 4323.430496
