[2026-01-30 16:17:41][INFO] 日志文件创建于: /data/sda/zjc/comsol_pinn/logs/M04d/exp07/train_20260130_161741_gpu2_pid2779601.log
[2026-01-30 16:17:41][INFO] 进程 PID: 2779601
[2026-01-30 16:17:41][INFO] ========== PINN 训练开始 ==========
[2026-01-30 16:17:41][INFO] 物理项权重 λ_pde = 1.0
[2026-01-30 16:17:41][INFO] 使用设备: cuda
[2026-01-30 16:17:41][INFO] 训练参数: {'lambda_pde': 1.0, 'epochs': 200, 'lr': 0.005, 'batch_cases': 1, 'lr_scheduler': 'hybrid', 'cosine_tmax': 150, 'cosine_eta_min': 1e-05, 'plateau_factor': 0.5, 'plateau_patience': 6, 'plateau_min_lr': 1e-05, 'use_pde_anneal': True, 'pde_anneal_gamma': 0.5, 'pde_lambda_min': 0.0, 'use_soft_mask': False, 'mask_alpha': 40.0, 'mask_temp_ratio': 0.7, 'points_per_case': 320000, 'device': 'cuda', 'num_workers': 8, 'log_dir': 'logs/M04d/exp07', 'ckpt_dir': 'checkpoints/M04d/exp07'}
[2026-01-30 16:17:41][INFO] 数据集大小: 141 cases
[2026-01-30 16:17:41][INFO] 每 case 采样点数: 320000
[2026-01-30 16:17:41][INFO] 模型结构:
SimplePINN(
  (net): Sequential(
    (0): Linear(in_features=7, out_features=128, bias=True)
    (1): SiLU()
    (2): Linear(in_features=128, out_features=128, bias=True)
    (3): SiLU()
    (4): Linear(in_features=128, out_features=1, bias=True)
  )
)
[2026-01-30 16:17:41][INFO] 优化器: AdamW, 初始 lr=0.005, 学习率调度器: hybrid
[2026-01-30 16:20:25][INFO] [Epoch 001] MSE Loss=22303.028417 | PDE Loss=12.941389 | λ_pde=1.000e+00 | LR=5.00e-03
[2026-01-30 16:23:09][INFO] [Epoch 002] MSE Loss=966.547000 | PDE Loss=8.975154 | λ_pde=6.065e-01 | LR=5.00e-03
[2026-01-30 16:25:50][INFO] [Epoch 003] MSE Loss=817.376919 | PDE Loss=5.509052 | λ_pde=3.679e-01 | LR=5.00e-03
[2026-01-30 16:28:31][INFO] [Epoch 004] MSE Loss=784.795103 | PDE Loss=6.004299 | λ_pde=2.231e-01 | LR=5.00e-03
[2026-01-30 16:31:11][INFO] [Epoch 005] MSE Loss=805.079104 | PDE Loss=12.900309 | λ_pde=1.353e-01 | LR=4.99e-03
[2026-01-30 16:33:54][INFO] [Epoch 006] MSE Loss=797.301395 | PDE Loss=23.798471 | λ_pde=8.208e-02 | LR=4.99e-03
[2026-01-30 16:36:35][INFO] [Epoch 007] MSE Loss=767.735875 | PDE Loss=38.748330 | λ_pde=4.979e-02 | LR=4.98e-03
[2026-01-30 16:39:17][INFO] [Epoch 008] MSE Loss=827.453947 | PDE Loss=57.366949 | λ_pde=3.020e-02 | LR=4.97e-03
[2026-01-30 16:41:59][INFO] [Epoch 009] MSE Loss=808.263802 | PDE Loss=68.168137 | λ_pde=1.832e-02 | LR=4.97e-03
[2026-01-30 16:44:40][INFO] [Epoch 010] MSE Loss=873.289161 | PDE Loss=78.077439 | λ_pde=1.111e-02 | LR=4.96e-03
[2026-01-30 16:47:21][INFO] [Epoch 011] MSE Loss=813.103106 | PDE Loss=102.867534 | λ_pde=6.738e-03 | LR=4.95e-03
[2026-01-30 16:50:02][INFO] [Epoch 012] MSE Loss=774.086329 | PDE Loss=117.400382 | λ_pde=4.087e-03 | LR=4.93e-03
[2026-01-30 16:52:42][INFO] [Epoch 013] MSE Loss=789.677855 | PDE Loss=141.688536 | λ_pde=2.479e-03 | LR=4.92e-03
[2026-01-30 16:55:24][INFO] [Epoch 014] MSE Loss=739.405334 | PDE Loss=160.983200 | λ_pde=1.503e-03 | LR=4.91e-03
[2026-01-30 16:58:01][INFO] [Epoch 015] MSE Loss=776.315544 | PDE Loss=189.414735 | λ_pde=9.119e-04 | LR=4.89e-03
[2026-01-30 17:00:44][INFO] [Epoch 016] MSE Loss=754.020938 | PDE Loss=242.838546 | λ_pde=5.531e-04 | LR=4.88e-03
[2026-01-30 17:03:26][INFO] [Epoch 017] MSE Loss=733.835805 | PDE Loss=351.180587 | λ_pde=3.355e-04 | LR=4.86e-03
[2026-01-30 17:06:08][INFO] [Epoch 018] MSE Loss=698.129409 | PDE Loss=568.870099 | λ_pde=2.035e-04 | LR=4.84e-03
[2026-01-30 17:08:51][INFO] [Epoch 019] MSE Loss=708.927003 | PDE Loss=947.105796 | λ_pde=1.234e-04 | LR=4.82e-03
[2026-01-30 17:11:29][INFO] [Epoch 020] MSE Loss=663.053152 | PDE Loss=1270.854553 | λ_pde=7.485e-05 | LR=4.81e-03
[2026-01-30 17:14:10][INFO] [Epoch 021] MSE Loss=742.478312 | PDE Loss=1496.284347 | λ_pde=4.540e-05 | LR=4.78e-03
[2026-01-30 17:16:56][INFO] [Epoch 022] MSE Loss=648.446365 | PDE Loss=1728.432806 | λ_pde=2.754e-05 | LR=4.76e-03
[2026-01-30 17:19:38][INFO] [Epoch 023] MSE Loss=614.576534 | PDE Loss=2011.990825 | λ_pde=1.670e-05 | LR=4.74e-03
[2026-01-30 17:22:18][INFO] [Epoch 024] MSE Loss=665.688854 | PDE Loss=2146.415411 | λ_pde=1.013e-05 | LR=4.72e-03
[2026-01-30 17:24:59][INFO] [Epoch 025] MSE Loss=647.147815 | PDE Loss=1738.039101 | λ_pde=6.144e-06 | LR=4.69e-03
[2026-01-30 17:27:42][INFO] [Epoch 026] MSE Loss=631.929905 | PDE Loss=1800.962478 | λ_pde=3.727e-06 | LR=4.67e-03
[2026-01-30 17:30:23][INFO] [Epoch 027] MSE Loss=690.514056 | PDE Loss=1957.208867 | λ_pde=2.260e-06 | LR=4.64e-03
[2026-01-30 17:33:06][INFO] [Epoch 028] MSE Loss=679.597541 | PDE Loss=2185.861379 | λ_pde=1.371e-06 | LR=4.61e-03
[2026-01-30 17:35:48][INFO] [Epoch 029] MSE Loss=593.228247 | PDE Loss=2418.672187 | λ_pde=8.315e-07 | LR=4.58e-03
[2026-01-30 17:38:27][INFO] [Epoch 030] MSE Loss=672.646581 | PDE Loss=2727.462712 | λ_pde=5.043e-07 | LR=4.55e-03
[2026-01-30 17:41:25][INFO] [Epoch 031] MSE Loss=656.339251 | PDE Loss=2785.799429 | λ_pde=3.059e-07 | LR=4.52e-03
[2026-01-30 17:44:56][INFO] [Epoch 032] MSE Loss=661.174566 | PDE Loss=2995.754730 | λ_pde=1.855e-07 | LR=4.49e-03
[2026-01-30 17:48:28][INFO] [Epoch 033] MSE Loss=649.576512 | PDE Loss=3222.056613 | λ_pde=1.125e-07 | LR=4.46e-03
[2026-01-30 17:51:57][INFO] [Epoch 034] MSE Loss=640.813754 | PDE Loss=3215.845208 | λ_pde=6.826e-08 | LR=4.43e-03
[2026-01-30 17:55:31][INFO] [Epoch 035] MSE Loss=593.415090 | PDE Loss=3296.749252 | λ_pde=4.140e-08 | LR=4.39e-03
[2026-01-30 17:59:05][INFO] [Epoch 036] MSE Loss=605.837002 | PDE Loss=3333.131327 | λ_pde=2.511e-08 | LR=4.36e-03
[2026-01-30 18:02:33][INFO] [Epoch 037] MSE Loss=562.721489 | PDE Loss=3581.012811 | λ_pde=1.523e-08 | LR=2.16e-03
[2026-01-30 18:06:06][INFO] [Epoch 038] MSE Loss=558.917867 | PDE Loss=3824.257948 | λ_pde=9.237e-09 | LR=2.14e-03
[2026-01-30 18:09:35][INFO] [Epoch 039] MSE Loss=543.843053 | PDE Loss=3877.957047 | λ_pde=5.603e-09 | LR=2.13e-03
[2026-01-30 18:13:04][INFO] [Epoch 040] MSE Loss=558.860786 | PDE Loss=4069.863170 | λ_pde=3.398e-09 | LR=2.11e-03
[2026-01-30 18:16:33][INFO] [Epoch 041] MSE Loss=569.824199 | PDE Loss=4217.180392 | λ_pde=2.061e-09 | LR=2.09e-03
[2026-01-30 18:20:02][INFO] [Epoch 042] MSE Loss=587.701675 | PDE Loss=4290.933266 | λ_pde=1.250e-09 | LR=2.07e-03
[2026-01-30 18:23:32][INFO] [Epoch 043] MSE Loss=583.160322 | PDE Loss=4411.230296 | λ_pde=7.583e-10 | LR=2.05e-03
[2026-01-30 18:27:01][INFO] [Epoch 044] MSE Loss=566.824093 | PDE Loss=4401.267592 | λ_pde=4.599e-10 | LR=2.03e-03
[2026-01-30 18:30:34][INFO] [Epoch 045] MSE Loss=549.995080 | PDE Loss=4658.060699 | λ_pde=2.789e-10 | LR=2.01e-03
[2026-01-30 18:34:02][INFO] [Epoch 046] MSE Loss=562.762455 | PDE Loss=4708.687377 | λ_pde=1.692e-10 | LR=1.99e-03
[2026-01-30 18:37:33][INFO] [Epoch 047] MSE Loss=563.121928 | PDE Loss=4861.001538 | λ_pde=1.026e-10 | LR=9.82e-04
[2026-01-30 18:41:02][INFO] [Epoch 048] MSE Loss=533.015154 | PDE Loss=4951.011168 | λ_pde=6.224e-11 | LR=9.72e-04
[2026-01-30 18:44:33][INFO] [Epoch 049] MSE Loss=530.588661 | PDE Loss=4993.057082 | λ_pde=3.775e-11 | LR=9.61e-04
[2026-01-30 18:47:59][INFO] [Epoch 050] MSE Loss=534.823996 | PDE Loss=5081.880551 | λ_pde=2.290e-11 | LR=9.50e-04
[2026-01-30 18:51:27][INFO] [Epoch 051] MSE Loss=530.932999 | PDE Loss=5218.946930 | λ_pde=1.389e-11 | LR=9.39e-04
[2026-01-30 18:54:57][INFO] [Epoch 052] MSE Loss=531.166114 | PDE Loss=5253.861422 | λ_pde=8.423e-12 | LR=9.27e-04
[2026-01-30 18:58:28][INFO] [Epoch 053] MSE Loss=527.855021 | PDE Loss=5356.950362 | λ_pde=5.109e-12 | LR=9.16e-04
[2026-01-30 19:01:56][INFO] [Epoch 054] MSE Loss=519.074488 | PDE Loss=5556.697297 | λ_pde=3.099e-12 | LR=9.04e-04
[2026-01-30 19:05:22][INFO] [Epoch 055] MSE Loss=541.193464 | PDE Loss=5618.247219 | λ_pde=1.880e-12 | LR=8.93e-04
[2026-01-30 19:08:49][INFO] [Epoch 056] MSE Loss=539.202501 | PDE Loss=5626.163100 | λ_pde=1.140e-12 | LR=8.81e-04
[2026-01-30 19:12:18][INFO] [Epoch 057] MSE Loss=514.938090 | PDE Loss=5904.783820 | λ_pde=6.914e-13 | LR=8.69e-04
[2026-01-30 19:15:44][INFO] [Epoch 058] MSE Loss=544.937149 | PDE Loss=5941.795788 | λ_pde=4.194e-13 | LR=8.57e-04
[2026-01-30 19:19:13][INFO] [Epoch 059] MSE Loss=536.343324 | PDE Loss=6024.978969 | λ_pde=2.544e-13 | LR=8.45e-04
[2026-01-30 19:22:41][INFO] [Epoch 060] MSE Loss=520.127124 | PDE Loss=6203.204971 | λ_pde=1.543e-13 | LR=8.33e-04
[2026-01-30 19:26:12][INFO] [Epoch 061] MSE Loss=524.762308 | PDE Loss=6355.379131 | λ_pde=9.358e-14 | LR=8.20e-04
[2026-01-30 19:29:42][INFO] [Epoch 062] MSE Loss=512.108592 | PDE Loss=6480.448775 | λ_pde=5.676e-14 | LR=8.08e-04
[2026-01-30 19:33:14][INFO] [Epoch 063] MSE Loss=523.941923 | PDE Loss=6695.342237 | λ_pde=3.442e-14 | LR=7.96e-04
[2026-01-30 19:36:44][INFO] [Epoch 064] MSE Loss=517.357253 | PDE Loss=6830.213206 | λ_pde=2.088e-14 | LR=7.83e-04
[2026-01-30 19:40:13][INFO] [Epoch 065] MSE Loss=522.140639 | PDE Loss=7060.629308 | λ_pde=1.266e-14 | LR=7.70e-04
[2026-01-30 19:43:43][INFO] [Epoch 066] MSE Loss=520.237627 | PDE Loss=7212.782040 | λ_pde=7.681e-15 | LR=7.58e-04
[2026-01-30 19:47:13][INFO] [Epoch 067] MSE Loss=529.266949 | PDE Loss=7385.644819 | λ_pde=4.659e-15 | LR=7.45e-04
[2026-01-30 19:50:43][INFO] [Epoch 068] MSE Loss=516.057150 | PDE Loss=7625.846475 | λ_pde=2.826e-15 | LR=7.32e-04
[2026-01-30 19:54:10][INFO] [Epoch 069] MSE Loss=542.642106 | PDE Loss=7858.227882 | λ_pde=1.714e-15 | LR=7.20e-04
[2026-01-30 19:57:39][INFO] [Epoch 070] MSE Loss=513.584404 | PDE Loss=7965.915396 | λ_pde=1.040e-15 | LR=3.53e-04
[2026-01-30 20:01:09][INFO] [Epoch 071] MSE Loss=512.345283 | PDE Loss=8048.516979 | λ_pde=6.305e-16 | LR=3.47e-04
[2026-01-30 20:04:40][INFO] [Epoch 072] MSE Loss=508.015519 | PDE Loss=8265.271564 | λ_pde=3.824e-16 | LR=3.41e-04
[2026-01-30 20:08:13][INFO] [Epoch 073] MSE Loss=507.063054 | PDE Loss=8308.404460 | λ_pde=2.320e-16 | LR=3.34e-04
[2026-01-30 20:11:42][INFO] [Epoch 074] MSE Loss=512.533531 | PDE Loss=8439.374633 | λ_pde=1.407e-16 | LR=3.28e-04
[2026-01-30 20:15:15][INFO] [Epoch 075] MSE Loss=506.357812 | PDE Loss=8573.270130 | λ_pde=8.533e-17 | LR=3.22e-04
[2026-01-30 20:18:44][INFO] [Epoch 076] MSE Loss=502.139832 | PDE Loss=8665.990331 | λ_pde=5.176e-17 | LR=3.15e-04
[2026-01-30 20:22:11][INFO] [Epoch 077] MSE Loss=502.676201 | PDE Loss=8785.200555 | λ_pde=3.139e-17 | LR=3.09e-04
[2026-01-30 20:25:40][INFO] [Epoch 078] MSE Loss=511.247634 | PDE Loss=8948.238132 | λ_pde=1.904e-17 | LR=3.02e-04
[2026-01-30 20:29:07][INFO] [Epoch 079] MSE Loss=502.851539 | PDE Loss=8964.593663 | λ_pde=1.155e-17 | LR=2.96e-04
[2026-01-30 20:32:40][INFO] [Epoch 080] MSE Loss=501.319653 | PDE Loss=9135.178503 | λ_pde=7.004e-18 | LR=2.90e-04
[2026-01-30 20:36:09][INFO] [Epoch 081] MSE Loss=503.733612 | PDE Loss=9149.827072 | λ_pde=4.248e-18 | LR=2.83e-04
[2026-01-30 20:39:35][INFO] [Epoch 082] MSE Loss=499.724169 | PDE Loss=9360.076248 | λ_pde=2.577e-18 | LR=2.77e-04
[2026-01-30 20:43:05][INFO] [Epoch 083] MSE Loss=503.833852 | PDE Loss=9464.718445 | λ_pde=1.563e-18 | LR=2.71e-04
[2026-01-30 20:46:36][INFO] [Epoch 084] MSE Loss=502.019784 | PDE Loss=9545.374294 | λ_pde=9.479e-19 | LR=2.64e-04
[2026-01-30 20:50:05][INFO] [Epoch 085] MSE Loss=499.058439 | PDE Loss=9673.250700 | λ_pde=5.750e-19 | LR=2.58e-04
[2026-01-30 20:53:37][INFO] [Epoch 086] MSE Loss=498.883713 | PDE Loss=9799.792297 | λ_pde=3.487e-19 | LR=2.52e-04
[2026-01-30 20:57:07][INFO] [Epoch 087] MSE Loss=498.425144 | PDE Loss=9883.804736 | λ_pde=2.115e-19 | LR=2.45e-04
[2026-01-30 21:00:40][INFO] [Epoch 088] MSE Loss=498.939872 | PDE Loss=10014.765618 | λ_pde=1.283e-19 | LR=2.39e-04
[2026-01-30 21:04:07][INFO] [Epoch 089] MSE Loss=498.312617 | PDE Loss=10118.354582 | λ_pde=7.781e-20 | LR=2.33e-04
[2026-01-30 21:07:36][INFO] [Epoch 090] MSE Loss=499.894825 | PDE Loss=10225.436032 | λ_pde=4.719e-20 | LR=2.27e-04
[2026-01-30 21:11:07][INFO] [Epoch 091] MSE Loss=496.847425 | PDE Loss=10347.621495 | λ_pde=2.863e-20 | LR=2.21e-04
[2026-01-30 21:14:34][INFO] [Epoch 092] MSE Loss=496.787881 | PDE Loss=10374.259509 | λ_pde=1.736e-20 | LR=2.15e-04
[2026-01-30 21:18:04][INFO] [Epoch 093] MSE Loss=501.187661 | PDE Loss=10499.053455 | λ_pde=1.053e-20 | LR=2.09e-04
[2026-01-30 21:21:29][INFO] [Epoch 094] MSE Loss=496.863899 | PDE Loss=10601.063844 | λ_pde=6.387e-21 | LR=2.03e-04
[2026-01-30 21:24:58][INFO] [Epoch 095] MSE Loss=493.880853 | PDE Loss=10731.247029 | λ_pde=3.874e-21 | LR=1.97e-04
[2026-01-30 21:28:29][INFO] [Epoch 096] MSE Loss=493.126364 | PDE Loss=10851.353446 | λ_pde=2.350e-21 | LR=1.91e-04
[2026-01-30 21:32:00][INFO] [Epoch 097] MSE Loss=495.381476 | PDE Loss=10886.069585 | λ_pde=1.425e-21 | LR=1.85e-04
[2026-01-30 21:35:33][INFO] [Epoch 098] MSE Loss=494.375498 | PDE Loss=10999.208673 | λ_pde=8.644e-22 | LR=1.79e-04
[2026-01-30 21:39:04][INFO] [Epoch 099] MSE Loss=493.838190 | PDE Loss=11110.221680 | λ_pde=5.243e-22 | LR=1.74e-04
[2026-01-30 21:42:33][INFO] [Epoch 100] MSE Loss=492.909436 | PDE Loss=11157.980413 | λ_pde=3.180e-22 | LR=1.68e-04
[2026-01-30 21:46:01][INFO] [Epoch 101] MSE Loss=491.884474 | PDE Loss=11251.269871 | λ_pde=1.929e-22 | LR=1.63e-04
[2026-01-30 21:49:31][INFO] [Epoch 102] MSE Loss=493.772531 | PDE Loss=11359.031222 | λ_pde=1.170e-22 | LR=1.57e-04
[2026-01-30 21:52:58][INFO] [Epoch 103] MSE Loss=490.124750 | PDE Loss=11411.871863 | λ_pde=7.095e-23 | LR=1.52e-04
[2026-01-30 21:56:25][INFO] [Epoch 104] MSE Loss=491.021877 | PDE Loss=11481.738731 | λ_pde=4.304e-23 | LR=1.46e-04
[2026-01-30 22:00:01][INFO] [Epoch 105] MSE Loss=493.519688 | PDE Loss=11578.394337 | λ_pde=2.610e-23 | LR=1.41e-04
[2026-01-30 22:03:28][INFO] [Epoch 106] MSE Loss=492.910140 | PDE Loss=11617.713251 | λ_pde=1.583e-23 | LR=1.36e-04
[2026-01-30 22:07:01][INFO] [Epoch 107] MSE Loss=489.566715 | PDE Loss=11711.726036 | λ_pde=9.603e-24 | LR=1.31e-04
[2026-01-30 22:10:30][INFO] [Epoch 108] MSE Loss=490.926049 | PDE Loss=11758.942764 | λ_pde=5.824e-24 | LR=1.26e-04
[2026-01-30 22:13:59][INFO] [Epoch 109] MSE Loss=491.467634 | PDE Loss=11865.350316 | λ_pde=3.533e-24 | LR=1.21e-04
[2026-01-30 22:17:29][INFO] [Epoch 110] MSE Loss=491.226321 | PDE Loss=11919.255984 | λ_pde=2.143e-24 | LR=1.16e-04
[2026-01-30 22:21:01][INFO] [Epoch 111] MSE Loss=489.266765 | PDE Loss=11968.179743 | λ_pde=1.300e-24 | LR=1.11e-04
[2026-01-30 22:24:29][INFO] [Epoch 112] MSE Loss=489.582603 | PDE Loss=12036.164388 | λ_pde=7.882e-25 | LR=1.06e-04
[2026-01-30 22:27:57][INFO] [Epoch 113] MSE Loss=488.726273 | PDE Loss=12069.972026 | λ_pde=4.781e-25 | LR=1.02e-04
[2026-01-30 22:31:27][INFO] [Epoch 114] MSE Loss=488.764646 | PDE Loss=12167.200535 | λ_pde=2.900e-25 | LR=9.71e-05
[2026-01-30 22:34:59][INFO] [Epoch 115] MSE Loss=488.680956 | PDE Loss=12175.531472 | λ_pde=1.759e-25 | LR=9.27e-05
[2026-01-30 22:38:25][INFO] [Epoch 116] MSE Loss=487.544665 | PDE Loss=12266.899407 | λ_pde=1.067e-25 | LR=8.84e-05
[2026-01-30 22:41:52][INFO] [Epoch 117] MSE Loss=488.385936 | PDE Loss=12304.483191 | λ_pde=6.470e-26 | LR=8.41e-05
[2026-01-30 22:45:20][INFO] [Epoch 118] MSE Loss=486.178754 | PDE Loss=12314.090661 | λ_pde=3.924e-26 | LR=8.00e-05
[2026-01-30 22:48:52][INFO] [Epoch 119] MSE Loss=488.396004 | PDE Loss=12374.975842 | λ_pde=2.380e-26 | LR=7.60e-05
[2026-01-30 22:52:20][INFO] [Epoch 120] MSE Loss=485.696494 | PDE Loss=12444.841513 | λ_pde=1.444e-26 | LR=7.21e-05
[2026-01-30 22:55:50][INFO] [Epoch 121] MSE Loss=488.582307 | PDE Loss=12421.014053 | λ_pde=8.757e-27 | LR=6.83e-05
[2026-01-30 22:59:18][INFO] [Epoch 122] MSE Loss=487.303591 | PDE Loss=12501.062853 | λ_pde=5.311e-27 | LR=6.46e-05
[2026-01-30 23:02:47][INFO] [Epoch 123] MSE Loss=485.875318 | PDE Loss=12548.543246 | λ_pde=3.221e-27 | LR=6.10e-05
[2026-01-30 23:06:18][INFO] [Epoch 124] MSE Loss=487.627788 | PDE Loss=12581.617257 | λ_pde=1.954e-27 | LR=5.75e-05
[2026-01-30 23:09:44][INFO] [Epoch 125] MSE Loss=485.770096 | PDE Loss=12609.726272 | λ_pde=1.185e-27 | LR=5.41e-05
[2026-01-30 23:13:12][INFO] [Epoch 126] MSE Loss=486.305971 | PDE Loss=12608.326885 | λ_pde=7.188e-28 | LR=5.09e-05
[2026-01-30 23:16:40][INFO] [Epoch 127] MSE Loss=485.513837 | PDE Loss=12679.682444 | λ_pde=4.360e-28 | LR=4.77e-05
[2026-01-30 23:20:12][INFO] [Epoch 128] MSE Loss=486.420455 | PDE Loss=12684.325521 | λ_pde=2.644e-28 | LR=4.47e-05
[2026-01-30 23:23:40][INFO] [Epoch 129] MSE Loss=485.723698 | PDE Loss=12720.289894 | λ_pde=1.604e-28 | LR=4.18e-05
[2026-01-30 23:27:10][INFO] [Epoch 130] MSE Loss=486.155744 | PDE Loss=12707.903660 | λ_pde=9.728e-29 | LR=3.90e-05
[2026-01-30 23:30:42][INFO] [Epoch 131] MSE Loss=485.819674 | PDE Loss=12755.559556 | λ_pde=5.900e-29 | LR=3.64e-05
[2026-01-30 23:34:13][INFO] [Epoch 132] MSE Loss=484.798089 | PDE Loss=12778.970641 | λ_pde=3.579e-29 | LR=3.38e-05
[2026-01-30 23:37:42][INFO] [Epoch 133] MSE Loss=484.886118 | PDE Loss=12796.302090 | λ_pde=2.171e-29 | LR=3.14e-05
[2026-01-30 23:41:09][INFO] [Epoch 134] MSE Loss=485.081092 | PDE Loss=12782.962821 | λ_pde=1.316e-29 | LR=2.91e-05
[2026-01-30 23:44:38][INFO] [Epoch 135] MSE Loss=484.576879 | PDE Loss=12841.936510 | λ_pde=7.985e-30 | LR=2.70e-05
[2026-01-30 23:48:06][INFO] [Epoch 136] MSE Loss=485.006671 | PDE Loss=12845.496592 | λ_pde=4.843e-30 | LR=2.49e-05
[2026-01-30 23:51:36][INFO] [Epoch 137] MSE Loss=484.516376 | PDE Loss=12860.895127 | λ_pde=2.937e-30 | LR=2.30e-05
[2026-01-30 23:55:10][INFO] [Epoch 138] MSE Loss=485.895488 | PDE Loss=12886.627840 | λ_pde=1.782e-30 | LR=2.12e-05
[2026-01-30 23:58:38][INFO] [Epoch 139] MSE Loss=484.122497 | PDE Loss=12848.129273 | λ_pde=1.081e-30 | LR=1.96e-05
[2026-01-31 00:02:06][INFO] [Epoch 140] MSE Loss=484.529383 | PDE Loss=12886.779782 | λ_pde=6.554e-31 | LR=1.81e-05
[2026-01-31 00:05:36][INFO] [Epoch 141] MSE Loss=484.613913 | PDE Loss=12912.261393 | λ_pde=3.975e-31 | LR=1.67e-05
[2026-01-31 00:09:08][INFO] [Epoch 142] MSE Loss=484.008124 | PDE Loss=12890.881171 | λ_pde=2.411e-31 | LR=1.54e-05
[2026-01-31 00:12:37][INFO] [Epoch 143] MSE Loss=484.236577 | PDE Loss=12909.074267 | λ_pde=1.462e-31 | LR=1.43e-05
[2026-01-31 00:16:05][INFO] [Epoch 144] MSE Loss=483.965855 | PDE Loss=12937.484015 | λ_pde=8.870e-32 | LR=1.33e-05
[2026-01-31 00:19:33][INFO] [Epoch 145] MSE Loss=483.731312 | PDE Loss=12936.034602 | λ_pde=5.380e-32 | LR=1.24e-05
[2026-01-31 00:23:05][INFO] [Epoch 146] MSE Loss=484.018341 | PDE Loss=12937.360227 | λ_pde=3.263e-32 | LR=1.17e-05
[2026-01-31 00:26:34][INFO] [Epoch 147] MSE Loss=483.986403 | PDE Loss=12944.828755 | λ_pde=1.979e-32 | LR=1.11e-05
[2026-01-31 00:29:58][INFO] [Epoch 148] MSE Loss=483.989695 | PDE Loss=12940.306274 | λ_pde=1.200e-32 | LR=1.06e-05
[2026-01-31 00:33:28][INFO] [Epoch 149] MSE Loss=483.859392 | PDE Loss=12961.722642 | λ_pde=7.281e-33 | LR=1.03e-05
[2026-01-31 00:36:59][INFO] [Epoch 150] MSE Loss=483.890352 | PDE Loss=12964.087565 | λ_pde=4.416e-33 | LR=1.01e-05
[2026-01-31 00:40:32][INFO] [Epoch 151] MSE Loss=483.823278 | PDE Loss=12960.270806 | λ_pde=2.679e-33 | LR=1.00e-05
[2026-01-31 00:44:01][INFO] [Epoch 152] MSE Loss=483.741405 | PDE Loss=12988.125513 | λ_pde=1.625e-33 | LR=1.05e-05
[2026-01-31 00:47:31][INFO] [Epoch 153] MSE Loss=484.009663 | PDE Loss=12983.159581 | λ_pde=9.854e-34 | LR=1.00e-05
[2026-01-31 00:51:00][INFO] [Epoch 154] MSE Loss=483.885558 | PDE Loss=12990.878345 | λ_pde=5.977e-34 | LR=1.00e-05
[2026-01-31 00:54:29][INFO] [Epoch 155] MSE Loss=483.872002 | PDE Loss=13001.718189 | λ_pde=3.625e-34 | LR=1.00e-05
[2026-01-31 00:57:58][INFO] [Epoch 156] MSE Loss=483.612841 | PDE Loss=13000.886843 | λ_pde=2.199e-34 | LR=1.00e-05
[2026-01-31 01:01:27][INFO] [Epoch 157] MSE Loss=483.774280 | PDE Loss=13012.909554 | λ_pde=1.334e-34 | LR=1.00e-05
[2026-01-31 01:04:56][INFO] [Epoch 158] MSE Loss=483.457820 | PDE Loss=13006.970509 | λ_pde=8.089e-35 | LR=1.00e-05
[2026-01-31 01:08:24][INFO] [Epoch 159] MSE Loss=483.881314 | PDE Loss=13015.366924 | λ_pde=4.906e-35 | LR=1.00e-05
[2026-01-31 01:11:48][INFO] [Epoch 160] MSE Loss=484.060940 | PDE Loss=13017.356321 | λ_pde=2.976e-35 | LR=1.00e-05
[2026-01-31 01:15:17][INFO] [Epoch 161] MSE Loss=483.701705 | PDE Loss=13032.939135 | λ_pde=1.805e-35 | LR=1.00e-05
[2026-01-31 01:18:51][INFO] [Epoch 162] MSE Loss=483.761022 | PDE Loss=13037.353758 | λ_pde=1.095e-35 | LR=1.00e-05
[2026-01-31 01:22:21][INFO] [Epoch 163] MSE Loss=483.617292 | PDE Loss=13035.102650 | λ_pde=6.640e-36 | LR=1.00e-05
[2026-01-31 01:25:49][INFO] [Epoch 164] MSE Loss=483.810888 | PDE Loss=13043.810111 | λ_pde=4.027e-36 | LR=1.00e-05
[2026-01-31 01:29:18][INFO] [Epoch 165] MSE Loss=483.677624 | PDE Loss=13063.498220 | λ_pde=2.443e-36 | LR=1.00e-05
[2026-01-31 01:32:50][INFO] [Epoch 166] MSE Loss=483.689113 | PDE Loss=13055.265791 | λ_pde=1.482e-36 | LR=1.00e-05
[2026-01-31 01:36:21][INFO] [Epoch 167] MSE Loss=483.688726 | PDE Loss=13065.921466 | λ_pde=8.986e-37 | LR=1.00e-05
[2026-01-31 01:39:50][INFO] [Epoch 168] MSE Loss=483.499408 | PDE Loss=13064.589989 | λ_pde=5.450e-37 | LR=1.00e-05
[2026-01-31 01:43:15][INFO] [Epoch 169] MSE Loss=483.598873 | PDE Loss=13076.571185 | λ_pde=3.306e-37 | LR=1.00e-05
[2026-01-31 01:46:43][INFO] [Epoch 170] MSE Loss=483.614825 | PDE Loss=13086.952038 | λ_pde=2.005e-37 | LR=1.00e-05
[2026-01-31 01:50:12][INFO] [Epoch 171] MSE Loss=483.583443 | PDE Loss=13072.633069 | λ_pde=1.216e-37 | LR=1.00e-05
[2026-01-31 01:53:41][INFO] [Epoch 172] MSE Loss=483.509969 | PDE Loss=13102.772932 | λ_pde=7.376e-38 | LR=1.00e-05
[2026-01-31 01:57:12][INFO] [Epoch 173] MSE Loss=483.735219 | PDE Loss=13102.178046 | λ_pde=4.474e-38 | LR=1.00e-05
[2026-01-31 02:00:40][INFO] [Epoch 174] MSE Loss=483.602421 | PDE Loss=13100.355635 | λ_pde=2.713e-38 | LR=1.00e-05
[2026-01-31 02:04:11][INFO] [Epoch 175] MSE Loss=483.417767 | PDE Loss=13104.217877 | λ_pde=1.646e-38 | LR=1.00e-05
[2026-01-31 02:07:39][INFO] [Epoch 176] MSE Loss=483.308228 | PDE Loss=13118.519220 | λ_pde=9.982e-39 | LR=1.00e-05
[2026-01-31 02:11:06][INFO] [Epoch 177] MSE Loss=483.421845 | PDE Loss=13116.687701 | λ_pde=6.055e-39 | LR=1.00e-05
[2026-01-31 02:14:36][INFO] [Epoch 178] MSE Loss=483.545707 | PDE Loss=13126.852913 | λ_pde=3.672e-39 | LR=1.00e-05
[2026-01-31 02:18:07][INFO] [Epoch 179] MSE Loss=483.332306 | PDE Loss=13139.136698 | λ_pde=2.227e-39 | LR=1.00e-05
[2026-01-31 02:21:35][INFO] [Epoch 180] MSE Loss=483.546868 | PDE Loss=13137.160613 | λ_pde=1.351e-39 | LR=1.00e-05
[2026-01-31 02:25:06][INFO] [Epoch 181] MSE Loss=483.506725 | PDE Loss=13157.943969 | λ_pde=8.194e-40 | LR=1.00e-05
[2026-01-31 02:28:31][INFO] [Epoch 182] MSE Loss=483.373613 | PDE Loss=13146.299258 | λ_pde=4.970e-40 | LR=1.00e-05
[2026-01-31 02:32:00][INFO] [Epoch 183] MSE Loss=483.385552 | PDE Loss=13150.232290 | λ_pde=3.014e-40 | LR=1.00e-05
[2026-01-31 02:35:29][INFO] [Epoch 184] MSE Loss=483.521647 | PDE Loss=13173.040988 | λ_pde=1.828e-40 | LR=1.00e-05
[2026-01-31 02:38:57][INFO] [Epoch 185] MSE Loss=483.224627 | PDE Loss=13164.478820 | λ_pde=1.109e-40 | LR=1.00e-05
[2026-01-31 02:42:31][INFO] [Epoch 186] MSE Loss=483.344210 | PDE Loss=13181.111480 | λ_pde=6.726e-41 | LR=1.00e-05
[2026-01-31 02:46:01][INFO] [Epoch 187] MSE Loss=483.535232 | PDE Loss=13176.152621 | λ_pde=4.080e-41 | LR=1.00e-05
[2026-01-31 02:49:30][INFO] [Epoch 188] MSE Loss=483.460902 | PDE Loss=13190.073533 | λ_pde=2.474e-41 | LR=1.00e-05
[2026-01-31 02:53:01][INFO] [Epoch 189] MSE Loss=483.412819 | PDE Loss=13203.136047 | λ_pde=1.501e-41 | LR=1.00e-05
[2026-01-31 02:56:33][INFO] [Epoch 190] MSE Loss=483.507918 | PDE Loss=13228.170490 | λ_pde=9.103e-42 | LR=1.00e-05
[2026-01-31 03:00:03][INFO] [Epoch 191] MSE Loss=483.385170 | PDE Loss=13207.921522 | λ_pde=5.521e-42 | LR=1.00e-05
[2026-01-31 03:03:31][INFO] [Epoch 192] MSE Loss=483.043406 | PDE Loss=13202.724388 | λ_pde=3.349e-42 | LR=1.00e-05
[2026-01-31 03:07:02][INFO] [Epoch 193] MSE Loss=483.256981 | PDE Loss=13224.485255 | λ_pde=2.031e-42 | LR=1.00e-05
[2026-01-31 03:10:28][INFO] [Epoch 194] MSE Loss=483.137207 | PDE Loss=13231.610968 | λ_pde=1.232e-42 | LR=1.00e-05
[2026-01-31 03:14:00][INFO] [Epoch 195] MSE Loss=483.163504 | PDE Loss=13240.803863 | λ_pde=7.472e-43 | LR=1.00e-05
[2026-01-31 03:17:30][INFO] [Epoch 196] MSE Loss=483.405686 | PDE Loss=13232.309466 | λ_pde=4.532e-43 | LR=1.00e-05
[2026-01-31 03:20:58][INFO] [Epoch 197] MSE Loss=483.008792 | PDE Loss=13223.643243 | λ_pde=2.749e-43 | LR=1.00e-05
[2026-01-31 03:24:26][INFO] [Epoch 198] MSE Loss=483.312380 | PDE Loss=13235.143347 | λ_pde=1.667e-43 | LR=1.00e-05
[2026-01-31 03:27:57][INFO] [Epoch 199] MSE Loss=483.106921 | PDE Loss=13267.867915 | λ_pde=1.011e-43 | LR=1.00e-05
[2026-01-31 03:31:21][INFO] [Epoch 200] MSE Loss=483.125910 | PDE Loss=13261.297713 | λ_pde=6.133e-44 | LR=1.00e-05
[2026-01-31 03:31:21][INFO] 训练结束，模型已保存至: /data/sda/zjc/comsol_pinn/checkpoints/M04d/exp07/M04d_pinn.pt
[2026-01-31 03:31:21][INFO] ========== 训练结束 ==========
