[2026-01-19 17:28:56][INFO] 日志文件创建于: /data/sda/zjc/comsol_pinn/logs/exp01/train_20260119_172856_gpu1_pid3644262.log
[2026-01-19 17:28:56][INFO] 进程 PID: 3644262
[2026-01-19 17:28:56][INFO] ========== FCNN-MVP 训练开始 ==========
[2026-01-19 17:28:56][INFO] 使用设备: cuda
[2026-01-19 17:28:56][INFO] 训练参数: {'epochs': 80, 'lr': 0.0001, 'batch_cases': 1, 'points_per_case': 4096, 'num_workers': 8, 'device': 'cuda', 'log_dir': 'logs/exp01', 'ckpt_dir': 'checkpoints/exp01'}
[2026-01-19 17:28:56][INFO] 数据集大小: 141 cases
[2026-01-19 17:28:56][INFO] 每 case 采样点数: 4096
[2026-01-19 17:28:57][INFO] 模型结构:
SimplePINN(
  (net): Sequential(
    (0): Linear(in_features=7, out_features=128, bias=True)
    (1): SiLU()
    (2): Linear(in_features=128, out_features=128, bias=True)
    (3): SiLU()
    (4): Linear(in_features=128, out_features=1, bias=True)
  )
)
[2026-01-19 17:28:57][INFO] 优化器: AdamW, lr=0.0001
[2026-01-19 17:31:18][INFO] [Epoch 001] MSE Loss = 94514.285793
[2026-01-19 17:33:40][INFO] [Epoch 002] MSE Loss = 64261.059924
[2026-01-19 17:36:07][INFO] [Epoch 003] MSE Loss = 30824.984652
[2026-01-19 17:38:28][INFO] [Epoch 004] MSE Loss = 17174.206630
[2026-01-19 17:40:47][INFO] [Epoch 005] MSE Loss = 14597.507847
[2026-01-19 17:43:09][INFO] [Epoch 006] MSE Loss = 13515.551862
[2026-01-19 17:45:32][INFO] [Epoch 007] MSE Loss = 12615.300851
[2026-01-19 17:47:55][INFO] [Epoch 008] MSE Loss = 11755.721181
[2026-01-19 17:50:16][INFO] [Epoch 009] MSE Loss = 11078.385777
[2026-01-19 17:52:36][INFO] [Epoch 010] MSE Loss = 10447.903680
[2026-01-19 17:54:55][INFO] [Epoch 011] MSE Loss = 9843.633200
[2026-01-19 17:57:17][INFO] [Epoch 012] MSE Loss = 9294.172609
[2026-01-19 17:59:36][INFO] [Epoch 013] MSE Loss = 8808.932205
[2026-01-19 18:01:56][INFO] [Epoch 014] MSE Loss = 8375.178555
[2026-01-19 18:04:14][INFO] [Epoch 015] MSE Loss = 8005.686506
[2026-01-19 18:06:32][INFO] [Epoch 016] MSE Loss = 7664.649078
[2026-01-19 18:08:53][INFO] [Epoch 017] MSE Loss = 7371.345149
[2026-01-19 18:11:16][INFO] [Epoch 018] MSE Loss = 7150.811517
[2026-01-19 18:13:34][INFO] [Epoch 019] MSE Loss = 6945.563535
[2026-01-19 18:15:55][INFO] [Epoch 020] MSE Loss = 6797.357498
[2026-01-19 18:18:14][INFO] [Epoch 021] MSE Loss = 6654.921975
[2026-01-19 18:20:35][INFO] [Epoch 022] MSE Loss = 6530.821805
[2026-01-19 18:22:55][INFO] [Epoch 023] MSE Loss = 6426.976263
[2026-01-19 18:25:17][INFO] [Epoch 024] MSE Loss = 6334.161190
[2026-01-19 18:27:37][INFO] [Epoch 025] MSE Loss = 6215.770738
[2026-01-19 18:29:59][INFO] [Epoch 026] MSE Loss = 6157.214511
[2026-01-19 18:32:25][INFO] [Epoch 027] MSE Loss = 6070.103150
[2026-01-19 18:34:49][INFO] [Epoch 028] MSE Loss = 6017.761454
[2026-01-19 18:37:10][INFO] [Epoch 029] MSE Loss = 5934.151069
[2026-01-19 18:39:30][INFO] [Epoch 030] MSE Loss = 5904.850925
[2026-01-19 18:41:48][INFO] [Epoch 031] MSE Loss = 5833.502232
[2026-01-19 18:44:09][INFO] [Epoch 032] MSE Loss = 5761.636977
[2026-01-19 18:46:26][INFO] [Epoch 033] MSE Loss = 5718.697546
[2026-01-19 18:48:45][INFO] [Epoch 034] MSE Loss = 5673.550894
[2026-01-19 18:51:08][INFO] [Epoch 035] MSE Loss = 5586.570596
[2026-01-19 18:53:27][INFO] [Epoch 036] MSE Loss = 5561.859588
[2026-01-19 18:55:47][INFO] [Epoch 037] MSE Loss = 5522.802897
[2026-01-19 18:58:07][INFO] [Epoch 038] MSE Loss = 5459.868886
[2026-01-19 19:00:27][INFO] [Epoch 039] MSE Loss = 5450.208674
[2026-01-19 19:02:44][INFO] [Epoch 040] MSE Loss = 5371.650583
[2026-01-19 19:05:03][INFO] [Epoch 041] MSE Loss = 5314.420710
[2026-01-19 19:07:21][INFO] [Epoch 042] MSE Loss = 5263.190206
[2026-01-19 19:09:40][INFO] [Epoch 043] MSE Loss = 5257.812806
[2026-01-19 19:12:00][INFO] [Epoch 044] MSE Loss = 5191.295391
[2026-01-19 19:14:19][INFO] [Epoch 045] MSE Loss = 5153.288256
[2026-01-19 19:16:36][INFO] [Epoch 046] MSE Loss = 5094.156290
[2026-01-19 19:18:57][INFO] [Epoch 047] MSE Loss = 5063.603074
[2026-01-19 19:21:15][INFO] [Epoch 048] MSE Loss = 4996.954699
[2026-01-19 19:23:35][INFO] [Epoch 049] MSE Loss = 5008.718146
[2026-01-19 19:25:53][INFO] [Epoch 050] MSE Loss = 4918.504744
[2026-01-19 19:28:12][INFO] [Epoch 051] MSE Loss = 4900.435041
[2026-01-19 19:30:34][INFO] [Epoch 052] MSE Loss = 4857.574761
[2026-01-19 19:32:53][INFO] [Epoch 053] MSE Loss = 4851.958413
[2026-01-19 19:35:11][INFO] [Epoch 054] MSE Loss = 4785.309075
[2026-01-19 19:37:31][INFO] [Epoch 055] MSE Loss = 4731.403154
[2026-01-19 19:39:53][INFO] [Epoch 056] MSE Loss = 4726.504139
[2026-01-19 19:42:14][INFO] [Epoch 057] MSE Loss = 4662.219405
[2026-01-19 19:44:32][INFO] [Epoch 058] MSE Loss = 4635.097827
[2026-01-19 19:46:50][INFO] [Epoch 059] MSE Loss = 4610.131434
[2026-01-19 19:49:08][INFO] [Epoch 060] MSE Loss = 4551.552743
[2026-01-19 19:51:27][INFO] [Epoch 061] MSE Loss = 4530.511164
[2026-01-19 19:53:43][INFO] [Epoch 062] MSE Loss = 4491.052010
[2026-01-19 19:56:01][INFO] [Epoch 063] MSE Loss = 4435.083019
[2026-01-19 19:58:20][INFO] [Epoch 064] MSE Loss = 4421.107350
[2026-01-19 20:00:41][INFO] [Epoch 065] MSE Loss = 4366.521283
[2026-01-19 20:02:58][INFO] [Epoch 066] MSE Loss = 4339.296113
[2026-01-19 20:05:15][INFO] [Epoch 067] MSE Loss = 4318.526643
[2026-01-19 20:07:37][INFO] [Epoch 068] MSE Loss = 4230.422102
[2026-01-19 20:09:55][INFO] [Epoch 069] MSE Loss = 4214.597838
[2026-01-19 20:12:15][INFO] [Epoch 070] MSE Loss = 4184.446861
[2026-01-19 20:14:32][INFO] [Epoch 071] MSE Loss = 4134.464776
[2026-01-19 20:16:50][INFO] [Epoch 072] MSE Loss = 4117.695742
[2026-01-19 20:19:08][INFO] [Epoch 073] MSE Loss = 4071.869047
[2026-01-19 20:21:28][INFO] [Epoch 074] MSE Loss = 4039.794047
[2026-01-19 20:23:48][INFO] [Epoch 075] MSE Loss = 4022.817528
[2026-01-19 20:26:05][INFO] [Epoch 076] MSE Loss = 3960.555020
[2026-01-19 20:28:21][INFO] [Epoch 077] MSE Loss = 3945.573801
[2026-01-19 20:30:42][INFO] [Epoch 078] MSE Loss = 3894.045098
[2026-01-19 20:32:59][INFO] [Epoch 079] MSE Loss = 3883.198004
[2026-01-19 20:35:18][INFO] [Epoch 080] MSE Loss = 3852.852227
[2026-01-19 20:35:18][INFO] 模型已保存至: /data/sda/zjc/comsol_pinn/checkpoints/exp01/M01_fcnn_mvp.pt
[2026-01-19 20:35:18][INFO] ========== 训练结束 ==========
