[2026-01-19 17:01:24][INFO] 日志文件创建于: /data/sda/zjc/comsol_pinn/logs/exp05/train_20260119_170124_gpu5_pid3611555.log
[2026-01-19 17:01:24][INFO] 进程 PID: 3611555
[2026-01-19 17:01:24][INFO] ========== FCNN-MVP 训练开始 ==========
[2026-01-19 17:01:24][INFO] 使用设备: cuda
[2026-01-19 17:01:24][INFO] 训练参数: {'epochs': 100, 'lr': 0.0005, 'batch_cases': 1, 'points_per_case': 8192, 'num_workers': 8, 'device': 'cuda', 'log_dir': 'logs/exp05', 'ckpt_dir': 'checkpoints/exp05'}
[2026-01-19 17:01:24][INFO] 数据集大小: 141 cases
[2026-01-19 17:01:24][INFO] 每 case 采样点数: 8192
[2026-01-19 17:01:25][INFO] 模型结构:
SimplePINN(
  (net): Sequential(
    (0): Linear(in_features=7, out_features=128, bias=True)
    (1): SiLU()
    (2): Linear(in_features=128, out_features=128, bias=True)
    (3): SiLU()
    (4): Linear(in_features=128, out_features=1, bias=True)
  )
)
[2026-01-19 17:01:25][INFO] 优化器: AdamW, lr=0.0005
[2026-01-19 17:03:43][INFO] [Epoch 001] MSE Loss = 50357.040600
[2026-01-19 17:06:01][INFO] [Epoch 002] MSE Loss = 12413.319190
[2026-01-19 17:08:18][INFO] [Epoch 003] MSE Loss = 9054.501925
[2026-01-19 17:10:38][INFO] [Epoch 004] MSE Loss = 7189.030544
[2026-01-19 17:12:55][INFO] [Epoch 005] MSE Loss = 6401.662298
[2026-01-19 17:15:15][INFO] [Epoch 006] MSE Loss = 6080.725035
[2026-01-19 17:17:36][INFO] [Epoch 007] MSE Loss = 5619.500568
