[2026-01-19 15:23:21][INFO] 日志文件创建于: /data/sda/zjc/comsol_pinn/logs/exp05/train_20260119_152321_gpu5_pid3482178.log
[2026-01-19 15:23:21][INFO] 进程 PID: 3482178
[2026-01-19 15:23:21][INFO] ========== FCNN-MVP 训练开始 ==========
[2026-01-19 15:23:21][INFO] 使用设备: cuda
[2026-01-19 15:23:21][INFO] 训练参数: {'epochs': 100, 'lr': 0.0005, 'batch_cases': 1, 'points_per_case': 8192, 'num_workers': 8, 'device': 'cuda', 'log_dir': 'logs/exp05', 'ckpt_dir': 'checkpoints/exp05'}
[2026-01-19 15:23:21][INFO] 数据集大小: 141 cases
[2026-01-19 15:23:21][INFO] 每 case 采样点数: 8192
[2026-01-19 15:23:22][INFO] 模型结构:
SimplePINN(
  (net): Sequential(
    (0): Linear(in_features=7, out_features=128, bias=True)
    (1): SiLU()
    (2): Linear(in_features=128, out_features=128, bias=True)
    (3): SiLU()
    (4): Linear(in_features=128, out_features=1, bias=True)
  )
)
[2026-01-19 15:23:22][INFO] 优化器: AdamW, lr=0.0005
[2026-01-19 15:25:44][INFO] [Epoch 001] MSE Loss = 48694.127348
[2026-01-19 15:28:05][INFO] [Epoch 002] MSE Loss = 12002.318498
[2026-01-19 15:30:29][INFO] [Epoch 003] MSE Loss = 8832.092140
[2026-01-19 15:32:49][INFO] [Epoch 004] MSE Loss = 7234.702941
[2026-01-19 15:35:11][INFO] [Epoch 005] MSE Loss = 6482.035257
[2026-01-19 15:37:33][INFO] [Epoch 006] MSE Loss = 6078.047213
[2026-01-19 15:39:55][INFO] [Epoch 007] MSE Loss = 5834.967384
[2026-01-19 15:42:18][INFO] [Epoch 008] MSE Loss = 5470.654839
[2026-01-19 15:44:38][INFO] [Epoch 009] MSE Loss = 5240.490596
[2026-01-19 15:47:00][INFO] [Epoch 010] MSE Loss = 5039.184918
[2026-01-19 15:49:18][INFO] [Epoch 011] MSE Loss = 4809.287003
[2026-01-19 15:51:37][INFO] [Epoch 012] MSE Loss = 4605.265342
[2026-01-19 15:53:59][INFO] [Epoch 013] MSE Loss = 4383.748986
[2026-01-19 15:56:15][INFO] [Epoch 014] MSE Loss = 4274.365777
[2026-01-19 15:58:35][INFO] [Epoch 015] MSE Loss = 3968.702935
[2026-01-19 16:00:55][INFO] [Epoch 016] MSE Loss = 3732.243090
[2026-01-19 16:03:16][INFO] [Epoch 017] MSE Loss = 3592.494786
[2026-01-19 16:05:35][INFO] [Epoch 018] MSE Loss = 3471.840181
[2026-01-19 16:07:56][INFO] [Epoch 019] MSE Loss = 3289.089500
[2026-01-19 16:10:16][INFO] [Epoch 020] MSE Loss = 3140.413847
[2026-01-19 16:12:40][INFO] [Epoch 021] MSE Loss = 2908.878911
[2026-01-19 16:15:02][INFO] [Epoch 022] MSE Loss = 2770.337863
[2026-01-19 16:17:23][INFO] [Epoch 023] MSE Loss = 2669.388769
[2026-01-19 16:19:44][INFO] [Epoch 024] MSE Loss = 2630.027862
[2026-01-19 16:22:06][INFO] [Epoch 025] MSE Loss = 2459.458983
[2026-01-19 16:24:28][INFO] [Epoch 026] MSE Loss = 2435.830782
[2026-01-19 16:26:46][INFO] [Epoch 027] MSE Loss = 2321.301069
[2026-01-19 16:29:06][INFO] [Epoch 028] MSE Loss = 2262.904477
[2026-01-19 16:31:24][INFO] [Epoch 029] MSE Loss = 2129.573186
[2026-01-19 16:33:42][INFO] [Epoch 030] MSE Loss = 2058.246583
[2026-01-19 16:36:02][INFO] [Epoch 031] MSE Loss = 1948.576565
[2026-01-19 16:38:21][INFO] [Epoch 032] MSE Loss = 1902.423768
[2026-01-19 16:40:38][INFO] [Epoch 033] MSE Loss = 1856.134783
[2026-01-19 16:42:55][INFO] [Epoch 034] MSE Loss = 1779.820042
