[2026-01-05 16:56:45][INFO] 日志文件创建于: /data/sda/zjc/comsol_pinn/logs/exp05/train_20260105_165645_gpu5_pid4035977.log
[2026-01-05 16:56:45][INFO] 进程 PID: 4035977
[2026-01-05 16:56:45][INFO] ========== FCNN-MVP 训练开始 ==========
[2026-01-05 16:56:45][INFO] 使用设备: cuda
[2026-01-05 16:56:45][INFO] 训练参数: {'epochs': 100, 'lr': 0.0005, 'batch_cases': 1, 'points_per_case': 8192, 'num_workers': 8, 'device': 'cuda', 'log_dir': 'logs/exp05', 'ckpt_dir': 'checkpoints/exp05'}
[2026-01-05 16:56:45][INFO] 数据集大小: 141 cases
[2026-01-05 16:56:45][INFO] 每 case 采样点数: 8192
[2026-01-05 16:56:46][INFO] 模型结构:
SimplePINN(
  (net): Sequential(
    (0): Linear(in_features=7, out_features=128, bias=True)
    (1): SiLU()
    (2): Linear(in_features=128, out_features=128, bias=True)
    (3): SiLU()
    (4): Linear(in_features=128, out_features=1, bias=True)
  )
)
[2026-01-05 16:56:46][INFO] 优化器: AdamW, lr=0.0005
[2026-01-05 16:58:04][INFO] [Epoch 001] MSE Loss = 48856.951809
[2026-01-05 16:59:21][INFO] [Epoch 002] MSE Loss = 12001.780128
[2026-01-05 17:00:39][INFO] [Epoch 003] MSE Loss = 9211.869144
[2026-01-05 17:01:55][INFO] [Epoch 004] MSE Loss = 7717.922931
[2026-01-05 17:03:12][INFO] [Epoch 005] MSE Loss = 7024.163934
[2026-01-05 17:04:30][INFO] [Epoch 006] MSE Loss = 6354.641344
[2026-01-05 17:05:46][INFO] [Epoch 007] MSE Loss = 5920.958027
[2026-01-05 17:07:04][INFO] [Epoch 008] MSE Loss = 5546.168104
[2026-01-05 17:08:19][INFO] [Epoch 009] MSE Loss = 5253.882793
[2026-01-05 17:09:36][INFO] [Epoch 010] MSE Loss = 5036.189464
[2026-01-05 17:10:54][INFO] [Epoch 011] MSE Loss = 4785.870771
[2026-01-05 17:12:10][INFO] [Epoch 012] MSE Loss = 4556.524844
[2026-01-05 17:13:27][INFO] [Epoch 013] MSE Loss = 4362.606018
[2026-01-05 17:14:47][INFO] [Epoch 014] MSE Loss = 4047.919669
[2026-01-05 17:16:03][INFO] [Epoch 015] MSE Loss = 3839.276067
[2026-01-05 17:17:20][INFO] [Epoch 016] MSE Loss = 3617.774306
[2026-01-05 17:18:39][INFO] [Epoch 017] MSE Loss = 3375.641904
[2026-01-05 17:19:56][INFO] [Epoch 018] MSE Loss = 3264.704792
[2026-01-05 17:21:12][INFO] [Epoch 019] MSE Loss = 3042.669053
[2026-01-05 17:22:29][INFO] [Epoch 020] MSE Loss = 2939.846386
[2026-01-05 17:23:46][INFO] [Epoch 021] MSE Loss = 2796.367000
[2026-01-05 17:25:02][INFO] [Epoch 022] MSE Loss = 2623.306954
[2026-01-05 17:26:18][INFO] [Epoch 023] MSE Loss = 2533.617352
[2026-01-05 17:27:36][INFO] [Epoch 024] MSE Loss = 2375.774624
[2026-01-05 17:28:54][INFO] [Epoch 025] MSE Loss = 2378.410617
[2026-01-05 17:30:11][INFO] [Epoch 026] MSE Loss = 2248.863194
[2026-01-05 17:31:31][INFO] [Epoch 027] MSE Loss = 2179.078854
[2026-01-05 17:32:47][INFO] [Epoch 028] MSE Loss = 1994.569945
[2026-01-05 17:34:03][INFO] [Epoch 029] MSE Loss = 2035.631837
[2026-01-05 17:35:19][INFO] [Epoch 030] MSE Loss = 1925.987167
[2026-01-05 17:36:38][INFO] [Epoch 031] MSE Loss = 1863.975874
[2026-01-05 17:37:55][INFO] [Epoch 032] MSE Loss = 1737.982111
[2026-01-05 17:39:11][INFO] [Epoch 033] MSE Loss = 1750.717678
[2026-01-05 17:40:27][INFO] [Epoch 034] MSE Loss = 1670.070939
[2026-01-05 17:41:44][INFO] [Epoch 035] MSE Loss = 1584.577339
[2026-01-05 17:43:03][INFO] [Epoch 036] MSE Loss = 1502.510831
[2026-01-05 17:44:19][INFO] [Epoch 037] MSE Loss = 1471.574067
[2026-01-05 17:45:39][INFO] [Epoch 038] MSE Loss = 1436.279264
[2026-01-05 17:46:54][INFO] [Epoch 039] MSE Loss = 1322.574885
[2026-01-05 17:48:10][INFO] [Epoch 040] MSE Loss = 1275.517707
[2026-01-05 17:49:26][INFO] [Epoch 041] MSE Loss = 1268.606233
[2026-01-05 17:50:43][INFO] [Epoch 042] MSE Loss = 1199.266869
[2026-01-05 17:51:58][INFO] [Epoch 043] MSE Loss = 1174.885195
[2026-01-05 17:53:15][INFO] [Epoch 044] MSE Loss = 1112.298799
[2026-01-05 17:54:32][INFO] [Epoch 045] MSE Loss = 1043.608987
[2026-01-05 17:55:49][INFO] [Epoch 046] MSE Loss = 1045.189588
[2026-01-05 17:57:07][INFO] [Epoch 047] MSE Loss = 917.518431
[2026-01-05 17:58:25][INFO] [Epoch 048] MSE Loss = 900.859166
[2026-01-05 17:59:41][INFO] [Epoch 049] MSE Loss = 849.614697
[2026-01-05 18:00:56][INFO] [Epoch 050] MSE Loss = 808.583532
[2026-01-05 18:02:14][INFO] [Epoch 051] MSE Loss = 778.881782
[2026-01-05 18:03:33][INFO] [Epoch 052] MSE Loss = 818.802531
[2026-01-05 18:04:48][INFO] [Epoch 053] MSE Loss = 684.701547
[2026-01-05 18:06:06][INFO] [Epoch 054] MSE Loss = 621.779177
[2026-01-05 18:07:24][INFO] [Epoch 055] MSE Loss = 592.973853
[2026-01-05 18:08:42][INFO] [Epoch 056] MSE Loss = 587.506523
[2026-01-05 18:10:01][INFO] [Epoch 057] MSE Loss = 537.651078
[2026-01-05 18:11:16][INFO] [Epoch 058] MSE Loss = 510.546135
[2026-01-05 18:12:34][INFO] [Epoch 059] MSE Loss = 483.313376
[2026-01-05 18:13:51][INFO] [Epoch 060] MSE Loss = 451.174558
[2026-01-05 18:15:09][INFO] [Epoch 061] MSE Loss = 456.283231
[2026-01-05 18:16:28][INFO] [Epoch 062] MSE Loss = 381.775492
[2026-01-05 18:17:46][INFO] [Epoch 063] MSE Loss = 344.901113
[2026-01-05 18:19:01][INFO] [Epoch 064] MSE Loss = 340.534440
[2026-01-05 18:20:21][INFO] [Epoch 065] MSE Loss = 329.481958
[2026-01-05 18:21:38][INFO] [Epoch 066] MSE Loss = 295.612022
[2026-01-05 18:22:54][INFO] [Epoch 067] MSE Loss = 281.368746
[2026-01-05 18:24:10][INFO] [Epoch 068] MSE Loss = 256.771509
[2026-01-05 18:25:27][INFO] [Epoch 069] MSE Loss = 237.927075
[2026-01-05 18:26:45][INFO] [Epoch 070] MSE Loss = 229.248021
[2026-01-05 18:28:02][INFO] [Epoch 071] MSE Loss = 216.576034
[2026-01-05 18:29:17][INFO] [Epoch 072] MSE Loss = 200.709864
[2026-01-05 18:30:35][INFO] [Epoch 073] MSE Loss = 190.028278
