[2026-01-06 18:01:19][INFO] 日志文件创建于: /data/sda/zjc/comsol_pinn/logs/exp08/train_20260106_180119_gpu3_pid1094637.log
[2026-01-06 18:01:19][INFO] 进程 PID: 1094637
[2026-01-06 18:01:19][INFO] ========== FCNN-MVP 训练开始 ==========
[2026-01-06 18:01:19][INFO] 使用设备: cuda
[2026-01-06 18:01:19][INFO] 训练参数: {'epochs': 120, 'lr': 0.0005, 'batch_cases': 1, 'points_per_case': 4096, 'num_workers': 8, 'device': 'cuda', 'log_dir': 'logs/exp08', 'ckpt_dir': 'checkpoints/exp08'}
[2026-01-06 18:01:19][INFO] 数据集大小: 141 cases
[2026-01-06 18:01:19][INFO] 每 case 采样点数: 4096
[2026-01-06 18:01:20][INFO] 模型结构:
SimplePINN(
  (net): Sequential(
    (0): Linear(in_features=7, out_features=128, bias=True)
    (1): SiLU()
    (2): Linear(in_features=128, out_features=128, bias=True)
    (3): SiLU()
    (4): Linear(in_features=128, out_features=1, bias=True)
  )
)
[2026-01-06 18:01:20][INFO] 优化器: AdamW, lr=0.0005
[2026-01-06 18:02:21][INFO] [Epoch 001] MSE Loss = 52141.268804
[2026-01-06 18:03:23][INFO] [Epoch 002] MSE Loss = 12035.899276
[2026-01-06 18:04:23][INFO] [Epoch 003] MSE Loss = 8784.451518
[2026-01-06 18:05:25][INFO] [Epoch 004] MSE Loss = 7259.068107
[2026-01-06 18:06:27][INFO] [Epoch 005] MSE Loss = 6535.367113
[2026-01-06 18:07:29][INFO] [Epoch 006] MSE Loss = 6168.613643
[2026-01-06 18:08:31][INFO] [Epoch 007] MSE Loss = 5747.596898
[2026-01-06 18:09:32][INFO] [Epoch 008] MSE Loss = 5575.223657
[2026-01-06 18:10:33][INFO] [Epoch 009] MSE Loss = 5310.233535
[2026-01-06 18:11:35][INFO] [Epoch 010] MSE Loss = 5171.935632
[2026-01-06 18:12:37][INFO] [Epoch 011] MSE Loss = 4856.605302
[2026-01-06 18:13:38][INFO] [Epoch 012] MSE Loss = 4551.540398
[2026-01-06 18:14:40][INFO] [Epoch 013] MSE Loss = 4497.782708
[2026-01-06 18:15:43][INFO] [Epoch 014] MSE Loss = 4265.229583
[2026-01-06 18:16:44][INFO] [Epoch 015] MSE Loss = 3927.169431
[2026-01-06 18:17:47][INFO] [Epoch 016] MSE Loss = 3831.807462
[2026-01-06 18:18:49][INFO] [Epoch 017] MSE Loss = 3607.361953
[2026-01-06 18:19:51][INFO] [Epoch 018] MSE Loss = 3413.127062
[2026-01-06 18:20:52][INFO] [Epoch 019] MSE Loss = 3312.165812
[2026-01-06 18:21:54][INFO] [Epoch 020] MSE Loss = 3114.548466
[2026-01-06 18:22:55][INFO] [Epoch 021] MSE Loss = 3010.555263
[2026-01-06 18:23:56][INFO] [Epoch 022] MSE Loss = 2941.086461
[2026-01-06 18:24:58][INFO] [Epoch 023] MSE Loss = 2713.284776
[2026-01-06 18:25:59][INFO] [Epoch 024] MSE Loss = 2552.642442
[2026-01-06 18:27:01][INFO] [Epoch 025] MSE Loss = 2450.285117
[2026-01-06 18:28:03][INFO] [Epoch 026] MSE Loss = 2439.950887
[2026-01-06 18:29:03][INFO] [Epoch 027] MSE Loss = 2354.586304
[2026-01-06 18:30:07][INFO] [Epoch 028] MSE Loss = 2239.005722
[2026-01-06 18:31:09][INFO] [Epoch 029] MSE Loss = 2147.559314
[2026-01-06 18:32:10][INFO] [Epoch 030] MSE Loss = 2062.081013
[2026-01-06 18:33:13][INFO] [Epoch 031] MSE Loss = 1941.450652
[2026-01-06 18:34:15][INFO] [Epoch 032] MSE Loss = 2050.565520
[2026-01-06 18:35:15][INFO] [Epoch 033] MSE Loss = 1879.773902
[2026-01-06 18:36:18][INFO] [Epoch 034] MSE Loss = 1713.368816
[2026-01-06 18:37:20][INFO] [Epoch 035] MSE Loss = 1816.171701
[2026-01-06 18:38:23][INFO] [Epoch 036] MSE Loss = 1595.020177
[2026-01-06 18:39:25][INFO] [Epoch 037] MSE Loss = 1666.684965
[2026-01-06 18:40:27][INFO] [Epoch 038] MSE Loss = 1550.641031
[2026-01-06 18:41:28][INFO] [Epoch 039] MSE Loss = 1436.656468
[2026-01-06 18:42:30][INFO] [Epoch 040] MSE Loss = 1383.951441
[2026-01-06 18:43:32][INFO] [Epoch 041] MSE Loss = 1374.401527
[2026-01-06 18:44:34][INFO] [Epoch 042] MSE Loss = 1289.109751
[2026-01-06 18:45:37][INFO] [Epoch 043] MSE Loss = 1198.541720
[2026-01-06 18:46:39][INFO] [Epoch 044] MSE Loss = 1175.794911
[2026-01-06 18:47:41][INFO] [Epoch 045] MSE Loss = 1173.125474
[2026-01-06 18:48:43][INFO] [Epoch 046] MSE Loss = 1113.059291
[2026-01-06 18:49:44][INFO] [Epoch 047] MSE Loss = 994.078852
[2026-01-06 18:50:45][INFO] [Epoch 048] MSE Loss = 961.473243
[2026-01-06 18:51:47][INFO] [Epoch 049] MSE Loss = 983.193236
[2026-01-06 18:52:49][INFO] [Epoch 050] MSE Loss = 929.104585
[2026-01-06 18:53:51][INFO] [Epoch 051] MSE Loss = 844.949447
[2026-01-06 18:54:51][INFO] [Epoch 052] MSE Loss = 811.647639
[2026-01-06 18:55:53][INFO] [Epoch 053] MSE Loss = 756.565845
[2026-01-06 18:56:55][INFO] [Epoch 054] MSE Loss = 703.032532
[2026-01-06 18:57:58][INFO] [Epoch 055] MSE Loss = 703.219205
[2026-01-06 18:59:00][INFO] [Epoch 056] MSE Loss = 635.782553
[2026-01-06 19:00:02][INFO] [Epoch 057] MSE Loss = 597.138952
[2026-01-06 19:01:02][INFO] [Epoch 058] MSE Loss = 568.243198
[2026-01-06 19:02:03][INFO] [Epoch 059] MSE Loss = 545.239783
[2026-01-06 19:03:04][INFO] [Epoch 060] MSE Loss = 558.731125
[2026-01-06 19:04:05][INFO] [Epoch 061] MSE Loss = 478.136493
[2026-01-06 19:05:07][INFO] [Epoch 062] MSE Loss = 455.737847
[2026-01-06 19:06:08][INFO] [Epoch 063] MSE Loss = 406.920746
[2026-01-06 19:07:10][INFO] [Epoch 064] MSE Loss = 398.026410
[2026-01-06 19:08:12][INFO] [Epoch 065] MSE Loss = 380.067449
[2026-01-06 19:09:13][INFO] [Epoch 066] MSE Loss = 371.356447
[2026-01-06 19:10:15][INFO] [Epoch 067] MSE Loss = 343.804825
[2026-01-06 19:11:17][INFO] [Epoch 068] MSE Loss = 318.269537
