[2026-01-19 17:01:24][INFO] 日志文件创建于: /data/sda/zjc/comsol_pinn/logs/exp08/train_20260119_170124_gpu3_pid3611567.log
[2026-01-19 17:01:24][INFO] 进程 PID: 3611567
[2026-01-19 17:01:24][INFO] ========== FCNN-MVP 训练开始 ==========
[2026-01-19 17:01:24][INFO] 使用设备: cuda
[2026-01-19 17:01:24][INFO] 训练参数: {'epochs': 120, 'lr': 0.0005, 'batch_cases': 1, 'points_per_case': 4096, 'num_workers': 8, 'device': 'cuda', 'log_dir': 'logs/exp08', 'ckpt_dir': 'checkpoints/exp08'}
[2026-01-19 17:01:24][INFO] 数据集大小: 141 cases
[2026-01-19 17:01:24][INFO] 每 case 采样点数: 4096
[2026-01-19 17:01:25][INFO] 模型结构:
SimplePINN(
  (net): Sequential(
    (0): Linear(in_features=7, out_features=128, bias=True)
    (1): SiLU()
    (2): Linear(in_features=128, out_features=128, bias=True)
    (3): SiLU()
    (4): Linear(in_features=128, out_features=1, bias=True)
  )
)
[2026-01-19 17:01:25][INFO] 优化器: AdamW, lr=0.0005
[2026-01-19 17:03:43][INFO] [Epoch 001] MSE Loss = 48169.754717
[2026-01-19 17:06:02][INFO] [Epoch 002] MSE Loss = 11770.816683
[2026-01-19 17:08:23][INFO] [Epoch 003] MSE Loss = 8744.173101
[2026-01-19 17:10:42][INFO] [Epoch 004] MSE Loss = 7274.576258
[2026-01-19 17:13:00][INFO] [Epoch 005] MSE Loss = 6607.853400
[2026-01-19 17:15:20][INFO] [Epoch 006] MSE Loss = 6140.078752
[2026-01-19 17:17:40][INFO] [Epoch 007] MSE Loss = 5778.923953
