[2026-01-19 17:28:55][INFO] 日志文件创建于: /data/sda/zjc/comsol_pinn/logs/exp08/train_20260119_172855_gpu3_pid3644311.log
[2026-01-19 17:28:55][INFO] 进程 PID: 3644311
[2026-01-19 17:28:55][INFO] ========== FCNN-MVP 训练开始 ==========
[2026-01-19 17:28:55][INFO] 使用设备: cuda
[2026-01-19 17:28:55][INFO] 训练参数: {'epochs': 120, 'lr': 0.0005, 'batch_cases': 1, 'points_per_case': 4096, 'num_workers': 8, 'device': 'cuda', 'log_dir': 'logs/exp08', 'ckpt_dir': 'checkpoints/exp08'}
[2026-01-19 17:28:55][INFO] 数据集大小: 141 cases
[2026-01-19 17:28:55][INFO] 每 case 采样点数: 4096
[2026-01-19 17:28:57][INFO] 模型结构:
SimplePINN(
  (net): Sequential(
    (0): Linear(in_features=7, out_features=128, bias=True)
    (1): SiLU()
    (2): Linear(in_features=128, out_features=128, bias=True)
    (3): SiLU()
    (4): Linear(in_features=128, out_features=1, bias=True)
  )
)
[2026-01-19 17:28:57][INFO] 优化器: AdamW, lr=0.0005
[2026-01-19 17:31:19][INFO] [Epoch 001] MSE Loss = 53121.790115
[2026-01-19 17:33:41][INFO] [Epoch 002] MSE Loss = 12152.693207
[2026-01-19 17:36:05][INFO] [Epoch 003] MSE Loss = 8724.857339
[2026-01-19 17:38:25][INFO] [Epoch 004] MSE Loss = 7148.061918
[2026-01-19 17:40:47][INFO] [Epoch 005] MSE Loss = 6442.369806
[2026-01-19 17:43:10][INFO] [Epoch 006] MSE Loss = 6037.413505
[2026-01-19 17:45:31][INFO] [Epoch 007] MSE Loss = 5884.124884
[2026-01-19 17:47:56][INFO] [Epoch 008] MSE Loss = 5492.125379
[2026-01-19 17:50:16][INFO] [Epoch 009] MSE Loss = 5207.100264
[2026-01-19 17:52:38][INFO] [Epoch 010] MSE Loss = 4956.623495
[2026-01-19 17:55:03][INFO] [Epoch 011] MSE Loss = 4815.609201
[2026-01-19 17:57:23][INFO] [Epoch 012] MSE Loss = 4518.482614
[2026-01-19 17:59:46][INFO] [Epoch 013] MSE Loss = 4305.371037
[2026-01-19 18:02:09][INFO] [Epoch 014] MSE Loss = 4093.115665
[2026-01-19 18:04:31][INFO] [Epoch 015] MSE Loss = 4014.098403
[2026-01-19 18:06:53][INFO] [Epoch 016] MSE Loss = 3673.995904
[2026-01-19 18:09:13][INFO] [Epoch 017] MSE Loss = 3396.460520
[2026-01-19 18:11:39][INFO] [Epoch 018] MSE Loss = 3147.036976
[2026-01-19 18:14:00][INFO] [Epoch 019] MSE Loss = 3008.574124
[2026-01-19 18:16:19][INFO] [Epoch 020] MSE Loss = 2867.100884
[2026-01-19 18:18:41][INFO] [Epoch 021] MSE Loss = 2719.156250
[2026-01-19 18:21:06][INFO] [Epoch 022] MSE Loss = 2523.687383
[2026-01-19 18:23:29][INFO] [Epoch 023] MSE Loss = 2344.623780
[2026-01-19 18:25:52][INFO] [Epoch 024] MSE Loss = 2309.031259
[2026-01-19 18:28:13][INFO] [Epoch 025] MSE Loss = 2180.133091
[2026-01-19 18:30:38][INFO] [Epoch 026] MSE Loss = 2097.395944
[2026-01-19 18:33:02][INFO] [Epoch 027] MSE Loss = 2063.342450
[2026-01-19 18:35:18][INFO] [Epoch 028] MSE Loss = 1927.273235
[2026-01-19 18:37:33][INFO] [Epoch 029] MSE Loss = 1702.362386
[2026-01-19 18:39:53][INFO] [Epoch 030] MSE Loss = 1737.737045
[2026-01-19 18:42:12][INFO] [Epoch 031] MSE Loss = 1675.414046
[2026-01-19 18:44:30][INFO] [Epoch 032] MSE Loss = 1567.078644
[2026-01-19 18:46:48][INFO] [Epoch 033] MSE Loss = 1604.736584
[2026-01-19 18:49:14][INFO] [Epoch 034] MSE Loss = 1456.617977
[2026-01-19 18:51:35][INFO] [Epoch 035] MSE Loss = 1429.175970
[2026-01-19 18:53:58][INFO] [Epoch 036] MSE Loss = 1409.574469
[2026-01-19 18:56:17][INFO] [Epoch 037] MSE Loss = 1335.918180
[2026-01-19 18:58:38][INFO] [Epoch 038] MSE Loss = 1366.714428
[2026-01-19 19:00:56][INFO] [Epoch 039] MSE Loss = 1163.151256
[2026-01-19 19:03:15][INFO] [Epoch 040] MSE Loss = 1176.787997
[2026-01-19 19:05:39][INFO] [Epoch 041] MSE Loss = 1233.058074
[2026-01-19 19:08:00][INFO] [Epoch 042] MSE Loss = 1134.655797
[2026-01-19 19:10:19][INFO] [Epoch 043] MSE Loss = 985.029215
[2026-01-19 19:12:35][INFO] [Epoch 044] MSE Loss = 963.605631
[2026-01-19 19:14:53][INFO] [Epoch 045] MSE Loss = 925.753888
[2026-01-19 19:17:11][INFO] [Epoch 046] MSE Loss = 910.362134
[2026-01-19 19:19:32][INFO] [Epoch 047] MSE Loss = 827.671206
[2026-01-19 19:21:55][INFO] [Epoch 048] MSE Loss = 760.324671
[2026-01-19 19:24:17][INFO] [Epoch 049] MSE Loss = 787.538756
[2026-01-19 19:26:39][INFO] [Epoch 050] MSE Loss = 707.177699
[2026-01-19 19:28:58][INFO] [Epoch 051] MSE Loss = 617.968498
[2026-01-19 19:31:19][INFO] [Epoch 052] MSE Loss = 635.401342
[2026-01-19 19:33:36][INFO] [Epoch 053] MSE Loss = 577.099100
[2026-01-19 19:35:56][INFO] [Epoch 054] MSE Loss = 543.366616
[2026-01-19 19:38:16][INFO] [Epoch 055] MSE Loss = 533.263208
[2026-01-19 19:40:34][INFO] [Epoch 056] MSE Loss = 490.171457
[2026-01-19 19:42:55][INFO] [Epoch 057] MSE Loss = 466.670043
[2026-01-19 19:45:17][INFO] [Epoch 058] MSE Loss = 484.779690
[2026-01-19 19:47:36][INFO] [Epoch 059] MSE Loss = 428.635576
[2026-01-19 19:49:54][INFO] [Epoch 060] MSE Loss = 395.757565
[2026-01-19 19:52:17][INFO] [Epoch 061] MSE Loss = 388.942703
[2026-01-19 19:54:41][INFO] [Epoch 062] MSE Loss = 354.530204
[2026-01-19 19:57:02][INFO] [Epoch 063] MSE Loss = 318.870584
[2026-01-19 19:59:21][INFO] [Epoch 064] MSE Loss = 322.506697
[2026-01-19 20:01:41][INFO] [Epoch 065] MSE Loss = 294.181971
[2026-01-19 20:03:58][INFO] [Epoch 066] MSE Loss = 305.614561
[2026-01-19 20:06:16][INFO] [Epoch 067] MSE Loss = 257.722845
[2026-01-19 20:08:34][INFO] [Epoch 068] MSE Loss = 260.218064
[2026-01-19 20:10:56][INFO] [Epoch 069] MSE Loss = 225.605310
[2026-01-19 20:13:16][INFO] [Epoch 070] MSE Loss = 214.584980
[2026-01-19 20:15:35][INFO] [Epoch 071] MSE Loss = 204.063490
[2026-01-19 20:17:57][INFO] [Epoch 072] MSE Loss = 198.079786
[2026-01-19 20:20:19][INFO] [Epoch 073] MSE Loss = 190.195821
[2026-01-19 20:22:38][INFO] [Epoch 074] MSE Loss = 177.223590
[2026-01-19 20:24:57][INFO] [Epoch 075] MSE Loss = 167.584341
[2026-01-19 20:27:20][INFO] [Epoch 076] MSE Loss = 164.821854
[2026-01-19 20:29:37][INFO] [Epoch 077] MSE Loss = 157.877764
[2026-01-19 20:31:55][INFO] [Epoch 078] MSE Loss = 153.469515
[2026-01-19 20:34:15][INFO] [Epoch 079] MSE Loss = 149.864984
[2026-01-19 20:36:09][INFO] [Epoch 080] MSE Loss = 144.645697
[2026-01-19 20:37:42][INFO] [Epoch 081] MSE Loss = 138.831748
[2026-01-19 20:39:18][INFO] [Epoch 082] MSE Loss = 138.340930
[2026-01-19 20:40:49][INFO] [Epoch 083] MSE Loss = 135.543789
[2026-01-19 20:42:20][INFO] [Epoch 084] MSE Loss = 132.135704
[2026-01-19 20:43:56][INFO] [Epoch 085] MSE Loss = 128.466299
[2026-01-19 20:45:28][INFO] [Epoch 086] MSE Loss = 125.993115
[2026-01-19 20:47:02][INFO] [Epoch 087] MSE Loss = 123.301134
[2026-01-19 20:48:36][INFO] [Epoch 088] MSE Loss = 119.993653
[2026-01-19 20:50:07][INFO] [Epoch 089] MSE Loss = 118.906235
[2026-01-19 20:51:38][INFO] [Epoch 090] MSE Loss = 113.466048
[2026-01-19 20:53:12][INFO] [Epoch 091] MSE Loss = 110.824474
[2026-01-19 20:54:44][INFO] [Epoch 092] MSE Loss = 107.931433
[2026-01-19 20:56:15][INFO] [Epoch 093] MSE Loss = 105.157801
[2026-01-19 20:57:47][INFO] [Epoch 094] MSE Loss = 101.917920
[2026-01-19 20:59:21][INFO] [Epoch 095] MSE Loss = 99.887209
[2026-01-19 21:00:54][INFO] [Epoch 096] MSE Loss = 101.004169
[2026-01-19 21:02:25][INFO] [Epoch 097] MSE Loss = 97.621529
[2026-01-19 21:03:56][INFO] [Epoch 098] MSE Loss = 93.586468
[2026-01-19 21:05:30][INFO] [Epoch 099] MSE Loss = 93.221780
[2026-01-19 21:06:28][INFO] [Epoch 100] MSE Loss = 91.741642
[2026-01-19 21:07:18][INFO] [Epoch 101] MSE Loss = 89.917918
[2026-01-19 21:08:07][INFO] [Epoch 102] MSE Loss = 88.809786
[2026-01-19 21:08:59][INFO] [Epoch 103] MSE Loss = 89.219002
[2026-01-19 21:09:48][INFO] [Epoch 104] MSE Loss = 84.599753
[2026-01-19 21:10:42][INFO] [Epoch 105] MSE Loss = 85.951226
[2026-01-19 21:11:30][INFO] [Epoch 106] MSE Loss = 85.377827
[2026-01-19 21:12:21][INFO] [Epoch 107] MSE Loss = 82.296275
[2026-01-19 21:13:10][INFO] [Epoch 108] MSE Loss = 80.968376
[2026-01-19 21:13:59][INFO] [Epoch 109] MSE Loss = 80.776859
[2026-01-19 21:14:51][INFO] [Epoch 110] MSE Loss = 76.919671
[2026-01-19 21:15:41][INFO] [Epoch 111] MSE Loss = 80.887648
[2026-01-19 21:16:32][INFO] [Epoch 112] MSE Loss = 75.334580
[2026-01-19 21:17:22][INFO] [Epoch 113] MSE Loss = 76.235250
[2026-01-19 21:18:14][INFO] [Epoch 114] MSE Loss = 74.665749
[2026-01-19 21:19:05][INFO] [Epoch 115] MSE Loss = 74.637749
[2026-01-19 21:19:55][INFO] [Epoch 116] MSE Loss = 75.238703
[2026-01-19 21:20:45][INFO] [Epoch 117] MSE Loss = 72.321320
[2026-01-19 21:21:37][INFO] [Epoch 118] MSE Loss = 72.237974
[2026-01-19 21:22:26][INFO] [Epoch 119] MSE Loss = 75.917778
[2026-01-19 21:23:08][INFO] [Epoch 120] MSE Loss = 70.997667
[2026-01-19 21:23:08][INFO] 模型已保存至: /data/sda/zjc/comsol_pinn/checkpoints/exp08/M01_fcnn_mvp.pt
[2026-01-19 21:23:08][INFO] ========== 训练结束 ==========
