[2026-01-30 16:17:41][INFO] 日志文件创建于: /data/sda/zjc/comsol_pinn/logs/M04d/exp01/train_20260130_161741_gpu1_pid2779545.log
[2026-01-30 16:17:41][INFO] 进程 PID: 2779545
[2026-01-30 16:17:41][INFO] ========== PINN 训练开始 ==========
[2026-01-30 16:17:41][INFO] 物理项权重 λ_pde = 0.0
[2026-01-30 16:17:41][INFO] 使用设备: cuda
[2026-01-30 16:17:41][INFO] 训练参数: {'lambda_pde': 0.0, 'epochs': 200, 'lr': 0.005, 'batch_cases': 1, 'lr_scheduler': 'hybrid', 'cosine_tmax': 150, 'cosine_eta_min': 1e-05, 'plateau_factor': 0.5, 'plateau_patience': 6, 'plateau_min_lr': 1e-05, 'use_pde_anneal': True, 'pde_anneal_gamma': 0.2, 'pde_lambda_min': 0.0, 'use_soft_mask': False, 'mask_alpha': 40.0, 'mask_temp_ratio': 0.7, 'points_per_case': 320000, 'device': 'cuda', 'num_workers': 8, 'log_dir': 'logs/M04d/exp01', 'ckpt_dir': 'checkpoints/M04d/exp01'}
[2026-01-30 16:17:41][INFO] 数据集大小: 141 cases
[2026-01-30 16:17:41][INFO] 每 case 采样点数: 320000
[2026-01-30 16:17:42][INFO] 模型结构:
SimplePINN(
  (net): Sequential(
    (0): Linear(in_features=7, out_features=128, bias=True)
    (1): SiLU()
    (2): Linear(in_features=128, out_features=128, bias=True)
    (3): SiLU()
    (4): Linear(in_features=128, out_features=1, bias=True)
  )
)
[2026-01-30 16:17:42][INFO] 优化器: AdamW, 初始 lr=0.005, 学习率调度器: hybrid
[2026-01-30 16:20:26][INFO] [Epoch 001] MSE Loss=23647.273332 | PDE Loss=18.327862 | λ_pde=0.000e+00 | LR=5.00e-03
[2026-01-30 16:23:07][INFO] [Epoch 002] MSE Loss=918.699797 | PDE Loss=39.241584 | λ_pde=0.000e+00 | LR=5.00e-03
[2026-01-30 16:25:46][INFO] [Epoch 003] MSE Loss=842.494279 | PDE Loss=37.654175 | λ_pde=0.000e+00 | LR=5.00e-03
[2026-01-30 16:28:27][INFO] [Epoch 004] MSE Loss=795.854487 | PDE Loss=23.129636 | λ_pde=0.000e+00 | LR=5.00e-03
[2026-01-30 16:31:10][INFO] [Epoch 005] MSE Loss=834.045781 | PDE Loss=13.810528 | λ_pde=0.000e+00 | LR=4.99e-03
[2026-01-30 16:33:54][INFO] [Epoch 006] MSE Loss=801.558174 | PDE Loss=28.452528 | λ_pde=0.000e+00 | LR=4.99e-03
[2026-01-30 16:36:38][INFO] [Epoch 007] MSE Loss=782.492311 | PDE Loss=58.869135 | λ_pde=0.000e+00 | LR=4.98e-03
[2026-01-30 16:39:19][INFO] [Epoch 008] MSE Loss=819.809334 | PDE Loss=99.478272 | λ_pde=0.000e+00 | LR=4.97e-03
[2026-01-30 16:42:00][INFO] [Epoch 009] MSE Loss=748.289859 | PDE Loss=126.810779 | λ_pde=0.000e+00 | LR=4.97e-03
[2026-01-30 16:44:43][INFO] [Epoch 010] MSE Loss=798.669090 | PDE Loss=129.416685 | λ_pde=0.000e+00 | LR=4.96e-03
[2026-01-30 16:47:24][INFO] [Epoch 011] MSE Loss=801.102161 | PDE Loss=144.503378 | λ_pde=0.000e+00 | LR=4.95e-03
[2026-01-30 16:50:05][INFO] [Epoch 012] MSE Loss=758.959301 | PDE Loss=264.762820 | λ_pde=0.000e+00 | LR=4.93e-03
[2026-01-30 16:52:49][INFO] [Epoch 013] MSE Loss=691.822956 | PDE Loss=640.094165 | λ_pde=0.000e+00 | LR=4.92e-03
[2026-01-30 16:55:31][INFO] [Epoch 014] MSE Loss=687.514219 | PDE Loss=1111.683998 | λ_pde=0.000e+00 | LR=4.91e-03
[2026-01-30 16:58:16][INFO] [Epoch 015] MSE Loss=644.599238 | PDE Loss=1555.552427 | λ_pde=0.000e+00 | LR=4.89e-03
[2026-01-30 17:00:57][INFO] [Epoch 016] MSE Loss=700.351039 | PDE Loss=2044.546683 | λ_pde=0.000e+00 | LR=4.88e-03
[2026-01-30 17:03:36][INFO] [Epoch 017] MSE Loss=633.988600 | PDE Loss=2167.494972 | λ_pde=0.000e+00 | LR=4.86e-03
[2026-01-30 17:06:19][INFO] [Epoch 018] MSE Loss=658.939086 | PDE Loss=2383.694890 | λ_pde=0.000e+00 | LR=4.84e-03
[2026-01-30 17:09:02][INFO] [Epoch 019] MSE Loss=629.747979 | PDE Loss=2609.799311 | λ_pde=0.000e+00 | LR=4.82e-03
[2026-01-30 17:11:45][INFO] [Epoch 020] MSE Loss=668.220748 | PDE Loss=2814.237161 | λ_pde=0.000e+00 | LR=4.81e-03
[2026-01-30 17:14:27][INFO] [Epoch 021] MSE Loss=736.291811 | PDE Loss=2461.937254 | λ_pde=0.000e+00 | LR=4.78e-03
[2026-01-30 17:17:12][INFO] [Epoch 022] MSE Loss=642.171740 | PDE Loss=2190.886067 | λ_pde=0.000e+00 | LR=4.76e-03
[2026-01-30 17:19:53][INFO] [Epoch 023] MSE Loss=606.860457 | PDE Loss=2407.037225 | λ_pde=0.000e+00 | LR=4.74e-03
[2026-01-30 17:22:33][INFO] [Epoch 024] MSE Loss=639.840908 | PDE Loss=2844.578404 | λ_pde=0.000e+00 | LR=4.72e-03
[2026-01-30 17:25:13][INFO] [Epoch 025] MSE Loss=637.029049 | PDE Loss=3058.279567 | λ_pde=0.000e+00 | LR=4.69e-03
[2026-01-30 17:27:56][INFO] [Epoch 026] MSE Loss=659.971074 | PDE Loss=3369.086852 | λ_pde=0.000e+00 | LR=4.67e-03
[2026-01-30 17:30:37][INFO] [Epoch 027] MSE Loss=603.320773 | PDE Loss=3541.666274 | λ_pde=0.000e+00 | LR=4.64e-03
[2026-01-30 17:33:23][INFO] [Epoch 028] MSE Loss=641.291051 | PDE Loss=3812.113841 | λ_pde=0.000e+00 | LR=4.61e-03
[2026-01-30 17:36:03][INFO] [Epoch 029] MSE Loss=643.371459 | PDE Loss=3870.628477 | λ_pde=0.000e+00 | LR=4.58e-03
[2026-01-30 17:38:46][INFO] [Epoch 030] MSE Loss=625.626768 | PDE Loss=3767.051739 | λ_pde=0.000e+00 | LR=4.55e-03
[2026-01-30 17:41:42][INFO] [Epoch 031] MSE Loss=612.476626 | PDE Loss=3563.240946 | λ_pde=0.000e+00 | LR=4.52e-03
[2026-01-30 17:45:11][INFO] [Epoch 032] MSE Loss=647.840716 | PDE Loss=3713.777655 | λ_pde=0.000e+00 | LR=4.49e-03
[2026-01-30 17:48:41][INFO] [Epoch 033] MSE Loss=572.695150 | PDE Loss=4032.938982 | λ_pde=0.000e+00 | LR=4.46e-03
[2026-01-30 17:52:08][INFO] [Epoch 034] MSE Loss=577.481035 | PDE Loss=4389.189716 | λ_pde=0.000e+00 | LR=4.43e-03
[2026-01-30 17:55:41][INFO] [Epoch 035] MSE Loss=621.103274 | PDE Loss=4607.855337 | λ_pde=0.000e+00 | LR=4.39e-03
[2026-01-30 17:59:14][INFO] [Epoch 036] MSE Loss=607.927225 | PDE Loss=4830.325029 | λ_pde=0.000e+00 | LR=4.36e-03
[2026-01-30 18:02:43][INFO] [Epoch 037] MSE Loss=626.967961 | PDE Loss=4820.802319 | λ_pde=0.000e+00 | LR=4.32e-03
[2026-01-30 18:06:15][INFO] [Epoch 038] MSE Loss=571.203231 | PDE Loss=4976.540822 | λ_pde=0.000e+00 | LR=4.29e-03
[2026-01-30 18:09:47][INFO] [Epoch 039] MSE Loss=577.431540 | PDE Loss=5245.999664 | λ_pde=0.000e+00 | LR=4.25e-03
[2026-01-30 18:13:19][INFO] [Epoch 040] MSE Loss=601.891612 | PDE Loss=5116.830674 | λ_pde=0.000e+00 | LR=4.21e-03
[2026-01-30 18:16:51][INFO] [Epoch 041] MSE Loss=600.447125 | PDE Loss=5265.802139 | λ_pde=0.000e+00 | LR=4.17e-03
[2026-01-30 18:20:22][INFO] [Epoch 042] MSE Loss=571.185723 | PDE Loss=5194.833579 | λ_pde=0.000e+00 | LR=4.14e-03
[2026-01-30 18:23:55][INFO] [Epoch 043] MSE Loss=585.391507 | PDE Loss=5544.038155 | λ_pde=0.000e+00 | LR=4.10e-03
[2026-01-30 18:27:26][INFO] [Epoch 044] MSE Loss=599.760388 | PDE Loss=5618.222642 | λ_pde=0.000e+00 | LR=4.05e-03
[2026-01-30 18:30:57][INFO] [Epoch 045] MSE Loss=584.916815 | PDE Loss=5854.413682 | λ_pde=0.000e+00 | LR=4.01e-03
[2026-01-30 18:34:31][INFO] [Epoch 046] MSE Loss=583.653874 | PDE Loss=5946.249325 | λ_pde=0.000e+00 | LR=1.99e-03
[2026-01-30 18:38:03][INFO] [Epoch 047] MSE Loss=538.886874 | PDE Loss=6103.754661 | λ_pde=0.000e+00 | LR=1.96e-03
[2026-01-30 18:41:29][INFO] [Epoch 048] MSE Loss=531.492348 | PDE Loss=6296.188054 | λ_pde=0.000e+00 | LR=1.94e-03
[2026-01-30 18:45:03][INFO] [Epoch 049] MSE Loss=553.765848 | PDE Loss=6397.970281 | λ_pde=0.000e+00 | LR=1.92e-03
[2026-01-30 18:48:33][INFO] [Epoch 050] MSE Loss=529.724539 | PDE Loss=6451.759551 | λ_pde=0.000e+00 | LR=1.90e-03
[2026-01-30 18:52:06][INFO] [Epoch 051] MSE Loss=546.005812 | PDE Loss=6655.741405 | λ_pde=0.000e+00 | LR=1.88e-03
[2026-01-30 18:55:35][INFO] [Epoch 052] MSE Loss=572.472828 | PDE Loss=6853.074693 | λ_pde=0.000e+00 | LR=1.85e-03
[2026-01-30 18:59:04][INFO] [Epoch 053] MSE Loss=530.964020 | PDE Loss=7127.897876 | λ_pde=0.000e+00 | LR=1.83e-03
[2026-01-30 19:02:35][INFO] [Epoch 054] MSE Loss=538.538621 | PDE Loss=7239.293803 | λ_pde=0.000e+00 | LR=1.81e-03
[2026-01-30 19:06:06][INFO] [Epoch 055] MSE Loss=564.462041 | PDE Loss=7433.705632 | λ_pde=0.000e+00 | LR=1.78e-03
[2026-01-30 19:09:36][INFO] [Epoch 056] MSE Loss=580.407939 | PDE Loss=7716.516477 | λ_pde=0.000e+00 | LR=1.76e-03
[2026-01-30 19:13:06][INFO] [Epoch 057] MSE Loss=533.559901 | PDE Loss=7643.553302 | λ_pde=0.000e+00 | LR=1.74e-03
[2026-01-30 19:16:39][INFO] [Epoch 058] MSE Loss=523.389354 | PDE Loss=7966.978311 | λ_pde=0.000e+00 | LR=8.56e-04
[2026-01-30 19:20:11][INFO] [Epoch 059] MSE Loss=533.386444 | PDE Loss=8068.532213 | λ_pde=0.000e+00 | LR=8.44e-04
[2026-01-30 19:23:41][INFO] [Epoch 060] MSE Loss=509.991559 | PDE Loss=8161.227217 | λ_pde=0.000e+00 | LR=8.32e-04
[2026-01-30 19:27:10][INFO] [Epoch 061] MSE Loss=512.783866 | PDE Loss=8357.006645 | λ_pde=0.000e+00 | LR=8.20e-04
[2026-01-30 19:30:41][INFO] [Epoch 062] MSE Loss=521.933833 | PDE Loss=8495.701234 | λ_pde=0.000e+00 | LR=8.07e-04
[2026-01-30 19:34:13][INFO] [Epoch 063] MSE Loss=517.360447 | PDE Loss=8721.263623 | λ_pde=0.000e+00 | LR=7.95e-04
[2026-01-30 19:37:42][INFO] [Epoch 064] MSE Loss=526.259853 | PDE Loss=8839.150131 | λ_pde=0.000e+00 | LR=7.82e-04
[2026-01-30 19:41:11][INFO] [Epoch 065] MSE Loss=512.696664 | PDE Loss=8890.681911 | λ_pde=0.000e+00 | LR=7.70e-04
[2026-01-30 19:44:40][INFO] [Epoch 066] MSE Loss=527.021166 | PDE Loss=9093.529647 | λ_pde=0.000e+00 | LR=7.57e-04
[2026-01-30 19:48:15][INFO] [Epoch 067] MSE Loss=508.884046 | PDE Loss=9262.514617 | λ_pde=0.000e+00 | LR=7.44e-04
[2026-01-30 19:51:43][INFO] [Epoch 068] MSE Loss=515.573654 | PDE Loss=9404.494930 | λ_pde=0.000e+00 | LR=7.32e-04
[2026-01-30 19:55:10][INFO] [Epoch 069] MSE Loss=509.653206 | PDE Loss=9555.547789 | λ_pde=0.000e+00 | LR=7.19e-04
[2026-01-30 19:58:43][INFO] [Epoch 070] MSE Loss=510.887330 | PDE Loss=9610.566465 | λ_pde=0.000e+00 | LR=7.06e-04
[2026-01-30 20:02:10][INFO] [Epoch 071] MSE Loss=508.211689 | PDE Loss=9744.958486 | λ_pde=0.000e+00 | LR=6.93e-04
[2026-01-30 20:05:41][INFO] [Epoch 072] MSE Loss=508.253726 | PDE Loss=9910.455279 | λ_pde=0.000e+00 | LR=6.80e-04
[2026-01-30 20:09:11][INFO] [Epoch 073] MSE Loss=499.700031 | PDE Loss=10105.295254 | λ_pde=0.000e+00 | LR=6.67e-04
[2026-01-30 20:12:41][INFO] [Epoch 074] MSE Loss=516.492942 | PDE Loss=10144.719415 | λ_pde=0.000e+00 | LR=6.54e-04
[2026-01-30 20:16:15][INFO] [Epoch 075] MSE Loss=505.372467 | PDE Loss=10302.662227 | λ_pde=0.000e+00 | LR=6.41e-04
[2026-01-30 20:19:46][INFO] [Epoch 076] MSE Loss=509.318161 | PDE Loss=10463.368808 | λ_pde=0.000e+00 | LR=6.29e-04
[2026-01-30 20:23:16][INFO] [Epoch 077] MSE Loss=503.176696 | PDE Loss=10604.463237 | λ_pde=0.000e+00 | LR=6.16e-04
[2026-01-30 20:26:48][INFO] [Epoch 078] MSE Loss=506.887008 | PDE Loss=10630.961395 | λ_pde=0.000e+00 | LR=6.03e-04
[2026-01-30 20:30:22][INFO] [Epoch 079] MSE Loss=498.144362 | PDE Loss=10736.016387 | λ_pde=0.000e+00 | LR=5.90e-04
[2026-01-30 20:33:51][INFO] [Epoch 080] MSE Loss=501.209225 | PDE Loss=10887.358717 | λ_pde=0.000e+00 | LR=5.77e-04
[2026-01-30 20:37:24][INFO] [Epoch 081] MSE Loss=499.005701 | PDE Loss=11049.766567 | λ_pde=0.000e+00 | LR=5.64e-04
[2026-01-30 20:40:53][INFO] [Epoch 082] MSE Loss=501.261880 | PDE Loss=11092.194634 | λ_pde=0.000e+00 | LR=5.51e-04
[2026-01-30 20:44:26][INFO] [Epoch 083] MSE Loss=507.069142 | PDE Loss=11178.495734 | λ_pde=0.000e+00 | LR=5.38e-04
[2026-01-30 20:47:57][INFO] [Epoch 084] MSE Loss=503.979020 | PDE Loss=11308.197591 | λ_pde=0.000e+00 | LR=5.25e-04
[2026-01-30 20:51:29][INFO] [Epoch 085] MSE Loss=495.229090 | PDE Loss=11469.071123 | λ_pde=0.000e+00 | LR=5.13e-04
[2026-01-30 20:54:58][INFO] [Epoch 086] MSE Loss=497.140144 | PDE Loss=11603.085467 | λ_pde=0.000e+00 | LR=5.00e-04
[2026-01-30 20:58:29][INFO] [Epoch 087] MSE Loss=496.778708 | PDE Loss=11619.446989 | λ_pde=0.000e+00 | LR=4.87e-04
[2026-01-30 21:02:00][INFO] [Epoch 088] MSE Loss=489.197720 | PDE Loss=11752.406202 | λ_pde=0.000e+00 | LR=4.75e-04
[2026-01-30 21:05:31][INFO] [Epoch 089] MSE Loss=493.173216 | PDE Loss=11818.227691 | λ_pde=0.000e+00 | LR=4.62e-04
[2026-01-30 21:09:05][INFO] [Epoch 090] MSE Loss=493.483994 | PDE Loss=11883.765791 | λ_pde=0.000e+00 | LR=4.50e-04
[2026-01-30 21:12:34][INFO] [Epoch 091] MSE Loss=485.806244 | PDE Loss=12023.206027 | λ_pde=0.000e+00 | LR=4.37e-04
[2026-01-30 21:16:06][INFO] [Epoch 092] MSE Loss=507.906873 | PDE Loss=12120.614486 | λ_pde=0.000e+00 | LR=4.25e-04
[2026-01-30 21:19:39][INFO] [Epoch 093] MSE Loss=494.079157 | PDE Loss=12183.944980 | λ_pde=0.000e+00 | LR=4.13e-04
[2026-01-30 21:23:14][INFO] [Epoch 094] MSE Loss=489.726097 | PDE Loss=12250.907885 | λ_pde=0.000e+00 | LR=4.01e-04
[2026-01-30 21:26:46][INFO] [Epoch 095] MSE Loss=485.005836 | PDE Loss=12361.179154 | λ_pde=0.000e+00 | LR=3.89e-04
[2026-01-30 21:30:08][INFO] [Epoch 096] MSE Loss=491.177057 | PDE Loss=12402.255693 | λ_pde=0.000e+00 | LR=3.77e-04
[2026-01-30 21:33:35][INFO] [Epoch 097] MSE Loss=494.512981 | PDE Loss=12496.801294 | λ_pde=0.000e+00 | LR=3.65e-04
[2026-01-30 21:37:04][INFO] [Epoch 098] MSE Loss=491.351180 | PDE Loss=12549.591416 | λ_pde=0.000e+00 | LR=3.54e-04
[2026-01-30 21:40:36][INFO] [Epoch 099] MSE Loss=490.199797 | PDE Loss=12612.350046 | λ_pde=0.000e+00 | LR=3.42e-04
[2026-01-30 21:44:04][INFO] [Epoch 100] MSE Loss=489.609727 | PDE Loss=12676.758554 | λ_pde=0.000e+00 | LR=3.31e-04
[2026-01-30 21:47:34][INFO] [Epoch 101] MSE Loss=486.873378 | PDE Loss=12780.322584 | λ_pde=0.000e+00 | LR=3.19e-04
[2026-01-30 21:51:03][INFO] [Epoch 102] MSE Loss=483.772933 | PDE Loss=12821.610199 | λ_pde=0.000e+00 | LR=3.08e-04
[2026-01-30 21:54:33][INFO] [Epoch 103] MSE Loss=489.101723 | PDE Loss=12840.682319 | λ_pde=0.000e+00 | LR=2.97e-04
[2026-01-30 21:58:01][INFO] [Epoch 104] MSE Loss=483.844597 | PDE Loss=12951.707004 | λ_pde=0.000e+00 | LR=2.86e-04
[2026-01-30 22:01:30][INFO] [Epoch 105] MSE Loss=483.090917 | PDE Loss=12977.429002 | λ_pde=0.000e+00 | LR=2.76e-04
[2026-01-30 22:05:00][INFO] [Epoch 106] MSE Loss=485.342200 | PDE Loss=13072.362526 | λ_pde=0.000e+00 | LR=2.65e-04
[2026-01-30 22:08:29][INFO] [Epoch 107] MSE Loss=485.854157 | PDE Loss=13143.294299 | λ_pde=0.000e+00 | LR=2.55e-04
[2026-01-30 22:12:04][INFO] [Epoch 108] MSE Loss=487.471562 | PDE Loss=13108.547450 | λ_pde=0.000e+00 | LR=2.44e-04
[2026-01-30 22:15:29][INFO] [Epoch 109] MSE Loss=482.837353 | PDE Loss=13163.248608 | λ_pde=0.000e+00 | LR=2.34e-04
[2026-01-30 22:19:00][INFO] [Epoch 110] MSE Loss=481.971993 | PDE Loss=13256.526755 | λ_pde=0.000e+00 | LR=2.24e-04
[2026-01-30 22:22:35][INFO] [Epoch 111] MSE Loss=486.667816 | PDE Loss=13270.364853 | λ_pde=0.000e+00 | LR=2.15e-04
[2026-01-30 22:26:06][INFO] [Epoch 112] MSE Loss=480.251711 | PDE Loss=13291.951380 | λ_pde=0.000e+00 | LR=2.05e-04
[2026-01-30 22:29:35][INFO] [Epoch 113] MSE Loss=482.098724 | PDE Loss=13387.620505 | λ_pde=0.000e+00 | LR=1.96e-04
[2026-01-30 22:33:06][INFO] [Epoch 114] MSE Loss=481.109564 | PDE Loss=13416.432396 | λ_pde=0.000e+00 | LR=1.87e-04
[2026-01-30 22:36:35][INFO] [Epoch 115] MSE Loss=481.342196 | PDE Loss=13433.474519 | λ_pde=0.000e+00 | LR=1.78e-04
[2026-01-30 22:40:03][INFO] [Epoch 116] MSE Loss=480.327586 | PDE Loss=13457.674825 | λ_pde=0.000e+00 | LR=1.69e-04
[2026-01-30 22:43:36][INFO] [Epoch 117] MSE Loss=484.649702 | PDE Loss=13506.445077 | λ_pde=0.000e+00 | LR=1.60e-04
[2026-01-30 22:47:05][INFO] [Epoch 118] MSE Loss=480.667674 | PDE Loss=13542.961055 | λ_pde=0.000e+00 | LR=1.52e-04
[2026-01-30 22:50:41][INFO] [Epoch 119] MSE Loss=481.677457 | PDE Loss=13577.123753 | λ_pde=0.000e+00 | LR=1.44e-04
[2026-01-30 22:54:12][INFO] [Epoch 120] MSE Loss=481.706552 | PDE Loss=13615.771886 | λ_pde=0.000e+00 | LR=6.79e-05
[2026-01-30 22:57:41][INFO] [Epoch 121] MSE Loss=483.673912 | PDE Loss=13597.864119 | λ_pde=0.000e+00 | LR=6.44e-05
[2026-01-30 23:01:07][INFO] [Epoch 122] MSE Loss=479.680935 | PDE Loss=13640.803039 | λ_pde=0.000e+00 | LR=6.09e-05
[2026-01-30 23:04:39][INFO] [Epoch 123] MSE Loss=479.860189 | PDE Loss=13622.192127 | λ_pde=0.000e+00 | LR=5.76e-05
[2026-01-30 23:08:05][INFO] [Epoch 124] MSE Loss=478.900794 | PDE Loss=13635.124363 | λ_pde=0.000e+00 | LR=5.43e-05
[2026-01-30 23:11:37][INFO] [Epoch 125] MSE Loss=479.001827 | PDE Loss=13663.366149 | λ_pde=0.000e+00 | LR=5.12e-05
[2026-01-30 23:15:12][INFO] [Epoch 126] MSE Loss=478.605333 | PDE Loss=13672.306606 | λ_pde=0.000e+00 | LR=4.81e-05
[2026-01-30 23:18:41][INFO] [Epoch 127] MSE Loss=479.076673 | PDE Loss=13640.400093 | λ_pde=0.000e+00 | LR=4.52e-05
[2026-01-30 23:22:10][INFO] [Epoch 128] MSE Loss=479.442240 | PDE Loss=13682.853633 | λ_pde=0.000e+00 | LR=4.24e-05
[2026-01-30 23:25:42][INFO] [Epoch 129] MSE Loss=478.265648 | PDE Loss=13686.469934 | λ_pde=0.000e+00 | LR=3.97e-05
[2026-01-30 23:29:12][INFO] [Epoch 130] MSE Loss=479.175673 | PDE Loss=13693.594934 | λ_pde=0.000e+00 | LR=3.71e-05
[2026-01-30 23:32:44][INFO] [Epoch 131] MSE Loss=478.245566 | PDE Loss=13724.237194 | λ_pde=0.000e+00 | LR=3.46e-05
[2026-01-30 23:36:10][INFO] [Epoch 132] MSE Loss=479.792848 | PDE Loss=13692.341021 | λ_pde=0.000e+00 | LR=3.22e-05
[2026-01-30 23:39:38][INFO] [Epoch 133] MSE Loss=478.610277 | PDE Loss=13728.278140 | λ_pde=0.000e+00 | LR=3.00e-05
[2026-01-30 23:43:05][INFO] [Epoch 134] MSE Loss=478.384592 | PDE Loss=13729.898583 | λ_pde=0.000e+00 | LR=2.79e-05
[2026-01-30 23:46:35][INFO] [Epoch 135] MSE Loss=477.918186 | PDE Loss=13726.643873 | λ_pde=0.000e+00 | LR=2.58e-05
[2026-01-30 23:50:06][INFO] [Epoch 136] MSE Loss=478.105244 | PDE Loss=13733.753082 | λ_pde=0.000e+00 | LR=2.39e-05
[2026-01-30 23:53:37][INFO] [Epoch 137] MSE Loss=477.880034 | PDE Loss=13739.088078 | λ_pde=0.000e+00 | LR=2.22e-05
[2026-01-30 23:57:01][INFO] [Epoch 138] MSE Loss=477.807235 | PDE Loss=13749.829787 | λ_pde=0.000e+00 | LR=2.05e-05
[2026-01-31 00:00:27][INFO] [Epoch 139] MSE Loss=477.955051 | PDE Loss=13752.172214 | λ_pde=0.000e+00 | LR=1.89e-05
[2026-01-31 00:03:56][INFO] [Epoch 140] MSE Loss=477.811096 | PDE Loss=13728.175664 | λ_pde=0.000e+00 | LR=1.75e-05
[2026-01-31 00:07:27][INFO] [Epoch 141] MSE Loss=478.120513 | PDE Loss=13763.271651 | λ_pde=0.000e+00 | LR=1.62e-05
[2026-01-31 00:10:56][INFO] [Epoch 142] MSE Loss=478.018963 | PDE Loss=13760.218736 | λ_pde=0.000e+00 | LR=1.50e-05
[2026-01-31 00:14:28][INFO] [Epoch 143] MSE Loss=477.612569 | PDE Loss=13779.129966 | λ_pde=0.000e+00 | LR=1.40e-05
[2026-01-31 00:18:01][INFO] [Epoch 144] MSE Loss=477.779075 | PDE Loss=13773.947806 | λ_pde=0.000e+00 | LR=1.31e-05
[2026-01-31 00:21:26][INFO] [Epoch 145] MSE Loss=477.593096 | PDE Loss=13776.158986 | λ_pde=0.000e+00 | LR=1.22e-05
[2026-01-31 00:24:55][INFO] [Epoch 146] MSE Loss=477.672675 | PDE Loss=13785.944945 | λ_pde=0.000e+00 | LR=1.16e-05
[2026-01-31 00:28:27][INFO] [Epoch 147] MSE Loss=477.805101 | PDE Loss=13766.493621 | λ_pde=0.000e+00 | LR=1.10e-05
[2026-01-31 00:31:59][INFO] [Epoch 148] MSE Loss=477.858382 | PDE Loss=13776.361813 | λ_pde=0.000e+00 | LR=1.06e-05
[2026-01-31 00:35:32][INFO] [Epoch 149] MSE Loss=477.917608 | PDE Loss=13767.298447 | λ_pde=0.000e+00 | LR=1.02e-05
[2026-01-31 00:39:03][INFO] [Epoch 150] MSE Loss=477.584969 | PDE Loss=13785.022295 | λ_pde=0.000e+00 | LR=1.01e-05
[2026-01-31 00:42:31][INFO] [Epoch 151] MSE Loss=477.199467 | PDE Loss=13786.788405 | λ_pde=0.000e+00 | LR=1.00e-05
[2026-01-31 00:46:01][INFO] [Epoch 152] MSE Loss=477.494554 | PDE Loss=13793.447584 | λ_pde=0.000e+00 | LR=1.05e-05
[2026-01-31 00:49:34][INFO] [Epoch 153] MSE Loss=477.692663 | PDE Loss=13794.789866 | λ_pde=0.000e+00 | LR=1.22e-05
[2026-01-31 00:53:07][INFO] [Epoch 154] MSE Loss=477.695295 | PDE Loss=13780.427180 | λ_pde=0.000e+00 | LR=1.49e-05
[2026-01-31 00:56:38][INFO] [Epoch 155] MSE Loss=477.512662 | PDE Loss=13786.280343 | λ_pde=0.000e+00 | LR=1.88e-05
[2026-01-31 01:00:07][INFO] [Epoch 156] MSE Loss=477.827061 | PDE Loss=13815.202626 | λ_pde=0.000e+00 | LR=2.37e-05
[2026-01-31 01:03:36][INFO] [Epoch 157] MSE Loss=478.803526 | PDE Loss=13795.269171 | λ_pde=0.000e+00 | LR=2.97e-05
[2026-01-31 01:07:06][INFO] [Epoch 158] MSE Loss=478.392813 | PDE Loss=13811.936156 | λ_pde=0.000e+00 | LR=3.68e-05
[2026-01-31 01:10:39][INFO] [Epoch 159] MSE Loss=478.116527 | PDE Loss=13813.927263 | λ_pde=0.000e+00 | LR=2.25e-05
[2026-01-31 01:14:09][INFO] [Epoch 160] MSE Loss=478.766685 | PDE Loss=13831.483322 | λ_pde=0.000e+00 | LR=2.58e-05
[2026-01-31 01:17:38][INFO] [Epoch 161] MSE Loss=477.925055 | PDE Loss=13831.954600 | λ_pde=0.000e+00 | LR=2.95e-05
[2026-01-31 01:21:10][INFO] [Epoch 162] MSE Loss=480.252457 | PDE Loss=13815.884710 | λ_pde=0.000e+00 | LR=3.35e-05
[2026-01-31 01:24:37][INFO] [Epoch 163] MSE Loss=478.401034 | PDE Loss=13845.226168 | λ_pde=0.000e+00 | LR=3.80e-05
[2026-01-31 01:28:09][INFO] [Epoch 164] MSE Loss=478.230872 | PDE Loss=13860.232470 | λ_pde=0.000e+00 | LR=4.28e-05
[2026-01-31 01:31:40][INFO] [Epoch 165] MSE Loss=478.658776 | PDE Loss=13854.767391 | λ_pde=0.000e+00 | LR=4.80e-05
[2026-01-31 01:35:11][INFO] [Epoch 166] MSE Loss=478.606623 | PDE Loss=13880.124397 | λ_pde=0.000e+00 | LR=2.68e-05
[2026-01-31 01:38:42][INFO] [Epoch 167] MSE Loss=478.152205 | PDE Loss=13858.786313 | λ_pde=0.000e+00 | LR=2.91e-05
[2026-01-31 01:42:16][INFO] [Epoch 168] MSE Loss=478.046773 | PDE Loss=13908.543647 | λ_pde=0.000e+00 | LR=3.15e-05
[2026-01-31 01:45:51][INFO] [Epoch 169] MSE Loss=478.180746 | PDE Loss=13892.104097 | λ_pde=0.000e+00 | LR=3.41e-05
[2026-01-31 01:49:17][INFO] [Epoch 170] MSE Loss=478.686493 | PDE Loss=13904.529879 | λ_pde=0.000e+00 | LR=3.68e-05
[2026-01-31 01:52:50][INFO] [Epoch 171] MSE Loss=478.283021 | PDE Loss=13920.321788 | λ_pde=0.000e+00 | LR=3.97e-05
[2026-01-31 01:56:20][INFO] [Epoch 172] MSE Loss=478.118915 | PDE Loss=13904.092136 | λ_pde=0.000e+00 | LR=4.27e-05
[2026-01-31 01:59:53][INFO] [Epoch 173] MSE Loss=477.284118 | PDE Loss=13940.111238 | λ_pde=0.000e+00 | LR=2.29e-05
[2026-01-31 02:03:19][INFO] [Epoch 174] MSE Loss=477.523662 | PDE Loss=13924.851223 | λ_pde=0.000e+00 | LR=2.41e-05
[2026-01-31 02:06:50][INFO] [Epoch 175] MSE Loss=477.607703 | PDE Loss=13924.830244 | λ_pde=0.000e+00 | LR=2.53e-05
[2026-01-31 02:10:21][INFO] [Epoch 176] MSE Loss=477.630633 | PDE Loss=13939.125776 | λ_pde=0.000e+00 | LR=2.66e-05
[2026-01-31 02:13:55][INFO] [Epoch 177] MSE Loss=477.785276 | PDE Loss=13958.403057 | λ_pde=0.000e+00 | LR=2.79e-05
[2026-01-31 02:17:28][INFO] [Epoch 178] MSE Loss=477.164790 | PDE Loss=13938.509260 | λ_pde=0.000e+00 | LR=2.92e-05
[2026-01-31 02:21:02][INFO] [Epoch 179] MSE Loss=477.752940 | PDE Loss=13963.148638 | λ_pde=0.000e+00 | LR=3.06e-05
[2026-01-31 02:24:33][INFO] [Epoch 180] MSE Loss=477.395003 | PDE Loss=13962.233828 | λ_pde=0.000e+00 | LR=1.61e-05
[2026-01-31 02:28:05][INFO] [Epoch 181] MSE Loss=477.259713 | PDE Loss=13976.284159 | λ_pde=0.000e+00 | LR=1.65e-05
[2026-01-31 02:31:37][INFO] [Epoch 182] MSE Loss=476.823191 | PDE Loss=13979.143402 | λ_pde=0.000e+00 | LR=1.69e-05
[2026-01-31 02:35:11][INFO] [Epoch 183] MSE Loss=477.221365 | PDE Loss=13979.812832 | λ_pde=0.000e+00 | LR=1.73e-05
[2026-01-31 02:38:44][INFO] [Epoch 184] MSE Loss=477.316837 | PDE Loss=13966.767654 | λ_pde=0.000e+00 | LR=1.78e-05
[2026-01-31 02:42:17][INFO] [Epoch 185] MSE Loss=477.161964 | PDE Loss=13974.127576 | λ_pde=0.000e+00 | LR=1.82e-05
[2026-01-31 02:45:50][INFO] [Epoch 186] MSE Loss=477.502932 | PDE Loss=13993.760791 | λ_pde=0.000e+00 | LR=1.87e-05
[2026-01-31 02:49:22][INFO] [Epoch 187] MSE Loss=477.491395 | PDE Loss=13988.378989 | λ_pde=0.000e+00 | LR=1.92e-05
[2026-01-31 02:52:51][INFO] [Epoch 188] MSE Loss=477.013023 | PDE Loss=13999.856757 | λ_pde=0.000e+00 | LR=1.97e-05
[2026-01-31 02:56:22][INFO] [Epoch 189] MSE Loss=477.332375 | PDE Loss=13993.549659 | λ_pde=0.000e+00 | LR=2.02e-05
[2026-01-31 02:59:54][INFO] [Epoch 190] MSE Loss=476.879161 | PDE Loss=14016.772856 | λ_pde=0.000e+00 | LR=1.03e-05
[2026-01-31 03:03:30][INFO] [Epoch 191] MSE Loss=476.791664 | PDE Loss=14001.474402 | λ_pde=0.000e+00 | LR=1.04e-05
[2026-01-31 03:06:59][INFO] [Epoch 192] MSE Loss=476.653778 | PDE Loss=14003.351521 | λ_pde=0.000e+00 | LR=1.04e-05
[2026-01-31 03:10:30][INFO] [Epoch 193] MSE Loss=476.595714 | PDE Loss=14006.172464 | λ_pde=0.000e+00 | LR=1.04e-05
[2026-01-31 03:13:59][INFO] [Epoch 194] MSE Loss=476.665817 | PDE Loss=14016.580930 | λ_pde=0.000e+00 | LR=1.04e-05
[2026-01-31 03:17:31][INFO] [Epoch 195] MSE Loss=476.861893 | PDE Loss=14008.766705 | λ_pde=0.000e+00 | LR=1.04e-05
[2026-01-31 03:21:01][INFO] [Epoch 196] MSE Loss=476.769364 | PDE Loss=14015.676827 | λ_pde=0.000e+00 | LR=1.04e-05
[2026-01-31 03:24:28][INFO] [Epoch 197] MSE Loss=476.751245 | PDE Loss=14019.164901 | λ_pde=0.000e+00 | LR=1.05e-05
[2026-01-31 03:27:57][INFO] [Epoch 198] MSE Loss=476.797984 | PDE Loss=14025.947640 | λ_pde=0.000e+00 | LR=1.05e-05
[2026-01-31 03:31:20][INFO] [Epoch 199] MSE Loss=476.789280 | PDE Loss=14028.260687 | λ_pde=0.000e+00 | LR=1.05e-05
[2026-01-31 03:33:18][INFO] [Epoch 200] MSE Loss=476.732968 | PDE Loss=14026.845821 | λ_pde=0.000e+00 | LR=1.05e-05
[2026-01-31 03:33:18][INFO] 训练结束，模型已保存至: /data/sda/zjc/comsol_pinn/checkpoints/M04d/exp01/M04d_pinn.pt
[2026-01-31 03:33:18][INFO] ========== 训练结束 ==========
