[2026-02-02 10:56:21][INFO] 日志文件创建于: /data/sda/zjc/comsol_pinn/logs/M04d1/exp04/train_20260202_105621_gpu4_pid1944470.log
[2026-02-02 10:56:21][INFO] 进程 PID: 1944470
[2026-02-02 10:56:21][INFO] ========== PINN 训练开始 ==========
[2026-02-02 10:56:21][INFO] 物理项 λ_pde = 2.0
[2026-02-02 10:56:21][INFO] 使用设备: cuda
[2026-02-02 10:56:21][INFO] 训练参数: {'lambda_pde': 2.0, 'epochs': 210, 'lr': 0.005, 'batch_cases': 1, 'lr_scheduler': 'hybrid', 'cosine_eta_min': 1e-05, 'cosine_t0': 30, 'cosine_tmult': 2, 'plateau_factor': 0.5, 'plateau_patience': 6, 'plateau_min_lr': 1e-05, 'use_pde_anneal': True, 'pde_anneal_gamma': 0.2, 'pde_lambda_min': 0.0, 'use_soft_mask': False, 'mask_alpha': 40.0, 'mask_temp_ratio': 0.7, 'points_per_case': 320000, 'device': 'cuda', 'num_workers': 8, 'log_dir': 'logs/M04d1/exp04', 'ckpt_dir': 'checkpoints/M04d1/exp04'}
[2026-02-02 10:56:21][INFO] 数据集大小: 141 cases
[2026-02-02 10:56:21][INFO] 每 case 采样点数: 320000
[2026-02-02 10:56:22][INFO] 模型结构:
SimplePINN(
  (net): Sequential(
    (0): Linear(in_features=7, out_features=128, bias=True)
    (1): SiLU()
    (2): Linear(in_features=128, out_features=128, bias=True)
    (3): SiLU()
    (4): Linear(in_features=128, out_features=1, bias=True)
  )
)
[2026-02-02 10:56:22][INFO] 优化器: AdamW, 初始 lr=0.005, 学习率调度器: hybrid
[2026-02-02 10:59:03][INFO] [Epoch 001] MSE Loss=14039.810026 | PDE Loss=0.065226 | λ_pde=2.000e+00 | LR=5.00e-03
[2026-02-02 11:01:41][INFO] [Epoch 002] MSE Loss=5787.649985 | PDE Loss=0.064312 | λ_pde=1.637e+00 | LR=4.99e-03
[2026-02-02 11:04:22][INFO] [Epoch 003] MSE Loss=3768.918545 | PDE Loss=0.078430 | λ_pde=1.341e+00 | LR=4.95e-03
[2026-02-02 11:07:01][INFO] [Epoch 004] MSE Loss=2989.165007 | PDE Loss=0.061937 | λ_pde=1.098e+00 | LR=4.88e-03
[2026-02-02 11:09:42][INFO] [Epoch 005] MSE Loss=2020.089832 | PDE Loss=0.080089 | λ_pde=8.987e-01 | LR=4.78e-03
[2026-02-02 11:12:21][INFO] [Epoch 006] MSE Loss=1740.854503 | PDE Loss=0.093063 | λ_pde=7.358e-01 | LR=4.67e-03
[2026-02-02 11:14:58][INFO] [Epoch 007] MSE Loss=1217.820626 | PDE Loss=0.097175 | λ_pde=6.024e-01 | LR=4.52e-03
[2026-02-02 11:17:36][INFO] [Epoch 008] MSE Loss=878.349937 | PDE Loss=0.087270 | λ_pde=4.932e-01 | LR=4.36e-03
[2026-02-02 11:20:12][INFO] [Epoch 009] MSE Loss=907.744389 | PDE Loss=0.081203 | λ_pde=4.038e-01 | LR=4.17e-03
[2026-02-02 11:22:54][INFO] [Epoch 010] MSE Loss=451.774076 | PDE Loss=0.091899 | λ_pde=3.306e-01 | LR=3.97e-03
[2026-02-02 11:25:38][INFO] [Epoch 011] MSE Loss=289.214666 | PDE Loss=0.110322 | λ_pde=2.707e-01 | LR=3.75e-03
[2026-02-02 11:28:20][INFO] [Epoch 012] MSE Loss=214.498695 | PDE Loss=0.137941 | λ_pde=2.216e-01 | LR=3.52e-03
[2026-02-02 11:30:58][INFO] [Epoch 013] MSE Loss=158.982714 | PDE Loss=0.175136 | λ_pde=1.814e-01 | LR=3.28e-03
[2026-02-02 11:33:36][INFO] [Epoch 014] MSE Loss=137.060726 | PDE Loss=0.230614 | λ_pde=1.485e-01 | LR=3.02e-03
[2026-02-02 11:36:17][INFO] [Epoch 015] MSE Loss=122.129004 | PDE Loss=0.296793 | λ_pde=1.216e-01 | LR=2.77e-03
[2026-02-02 11:39:00][INFO] [Epoch 016] MSE Loss=115.020603 | PDE Loss=0.379291 | λ_pde=9.957e-02 | LR=2.51e-03
[2026-02-02 11:41:39][INFO] [Epoch 017] MSE Loss=110.908430 | PDE Loss=0.518156 | λ_pde=8.152e-02 | LR=2.24e-03
[2026-02-02 11:44:20][INFO] [Epoch 018] MSE Loss=106.709789 | PDE Loss=0.692950 | λ_pde=6.675e-02 | LR=1.99e-03
[2026-02-02 11:47:00][INFO] [Epoch 019] MSE Loss=102.910714 | PDE Loss=0.903896 | λ_pde=5.465e-02 | LR=1.73e-03
[2026-02-02 11:49:41][INFO] [Epoch 020] MSE Loss=98.113869 | PDE Loss=1.240688 | λ_pde=4.474e-02 | LR=1.49e-03
[2026-02-02 11:52:25][INFO] [Epoch 021] MSE Loss=95.385397 | PDE Loss=1.530478 | λ_pde=3.663e-02 | LR=1.26e-03
[2026-02-02 11:55:04][INFO] [Epoch 022] MSE Loss=92.732068 | PDE Loss=1.846201 | λ_pde=2.999e-02 | LR=1.04e-03
[2026-02-02 11:57:45][INFO] [Epoch 023] MSE Loss=92.119309 | PDE Loss=2.323859 | λ_pde=2.455e-02 | LR=8.36e-04
[2026-02-02 12:00:22][INFO] [Epoch 024] MSE Loss=89.847610 | PDE Loss=2.667261 | λ_pde=2.010e-02 | LR=6.51e-04
[2026-02-02 12:03:03][INFO] [Epoch 025] MSE Loss=88.841283 | PDE Loss=2.994228 | λ_pde=1.646e-02 | LR=4.87e-04
[2026-02-02 12:05:41][INFO] [Epoch 026] MSE Loss=87.716023 | PDE Loss=3.205646 | λ_pde=1.348e-02 | LR=3.44e-04
[2026-02-02 12:08:22][INFO] [Epoch 027] MSE Loss=87.085672 | PDE Loss=3.379927 | λ_pde=1.103e-02 | LR=2.26e-04
[2026-02-02 12:11:04][INFO] [Epoch 028] MSE Loss=86.669703 | PDE Loss=3.469232 | λ_pde=9.033e-03 | LR=1.32e-04
[2026-02-02 12:13:42][INFO] [Epoch 029] MSE Loss=86.376512 | PDE Loss=3.582044 | λ_pde=7.396e-03 | LR=6.45e-05
[2026-02-02 12:16:21][INFO] [Epoch 030] MSE Loss=86.119397 | PDE Loss=3.594750 | λ_pde=6.055e-03 | LR=2.37e-05
[2026-02-02 12:18:58][INFO] [Epoch 031] MSE Loss=513.088467 | PDE Loss=3.857634 | λ_pde=4.958e-03 | LR=5.00e-03
[2026-02-02 12:21:37][INFO] [Epoch 032] MSE Loss=563.729193 | PDE Loss=7.080754 | λ_pde=4.059e-03 | LR=5.00e-03
[2026-02-02 12:24:19][INFO] [Epoch 033] MSE Loss=119.401916 | PDE Loss=8.679107 | λ_pde=3.323e-03 | LR=4.99e-03
[2026-02-02 12:27:01][INFO] [Epoch 034] MSE Loss=114.296254 | PDE Loss=10.708918 | λ_pde=2.721e-03 | LR=4.97e-03
[2026-02-02 12:29:40][INFO] [Epoch 035] MSE Loss=90.355110 | PDE Loss=11.995200 | λ_pde=2.228e-03 | LR=4.95e-03
[2026-02-02 12:32:18][INFO] [Epoch 036] MSE Loss=79.524513 | PDE Loss=11.840367 | λ_pde=1.824e-03 | LR=4.91e-03
[2026-02-02 12:35:00][INFO] [Epoch 037] MSE Loss=84.574441 | PDE Loss=13.150345 | λ_pde=1.493e-03 | LR=4.88e-03
[2026-02-02 12:37:40][INFO] [Epoch 038] MSE Loss=78.744403 | PDE Loss=13.676739 | λ_pde=1.223e-03 | LR=4.83e-03
[2026-02-02 12:40:21][INFO] [Epoch 039] MSE Loss=68.454072 | PDE Loss=15.436525 | λ_pde=1.001e-03 | LR=4.78e-03
[2026-02-02 12:43:01][INFO] [Epoch 040] MSE Loss=74.211953 | PDE Loss=17.426947 | λ_pde=8.195e-04 | LR=4.73e-03
[2026-02-02 12:45:39][INFO] [Epoch 041] MSE Loss=93.202462 | PDE Loss=18.493983 | λ_pde=6.709e-04 | LR=4.67e-03
[2026-02-02 12:48:18][INFO] [Epoch 042] MSE Loss=396.903807 | PDE Loss=18.690214 | λ_pde=5.493e-04 | LR=4.60e-03
[2026-02-02 12:50:58][INFO] [Epoch 043] MSE Loss=105.078637 | PDE Loss=18.831165 | λ_pde=4.497e-04 | LR=4.52e-03
[2026-02-02 12:53:38][INFO] [Epoch 044] MSE Loss=72.704482 | PDE Loss=20.424189 | λ_pde=3.682e-04 | LR=4.44e-03
[2026-02-02 12:56:17][INFO] [Epoch 045] MSE Loss=60.661305 | PDE Loss=20.797968 | λ_pde=3.015e-04 | LR=4.36e-03
[2026-02-02 12:58:58][INFO] [Epoch 046] MSE Loss=61.398670 | PDE Loss=21.728479 | λ_pde=2.468e-04 | LR=4.27e-03
[2026-02-02 13:01:36][INFO] [Epoch 047] MSE Loss=65.120233 | PDE Loss=22.386832 | λ_pde=2.021e-04 | LR=4.17e-03
[2026-02-02 13:04:16][INFO] [Epoch 048] MSE Loss=74.132273 | PDE Loss=21.471911 | λ_pde=1.654e-04 | LR=4.08e-03
[2026-02-02 13:06:55][INFO] [Epoch 049] MSE Loss=164.474641 | PDE Loss=25.599707 | λ_pde=1.355e-04 | LR=3.97e-03
[2026-02-02 13:09:34][INFO] [Epoch 050] MSE Loss=53.910479 | PDE Loss=25.014424 | λ_pde=1.109e-04 | LR=3.86e-03
[2026-02-02 13:12:14][INFO] [Epoch 051] MSE Loss=49.554430 | PDE Loss=24.787061 | λ_pde=9.080e-05 | LR=3.75e-03
[2026-02-02 13:14:54][INFO] [Epoch 052] MSE Loss=55.778274 | PDE Loss=25.879195 | λ_pde=7.434e-05 | LR=3.64e-03
[2026-02-02 13:17:32][INFO] [Epoch 053] MSE Loss=71.010911 | PDE Loss=26.454248 | λ_pde=6.086e-05 | LR=3.52e-03
[2026-02-02 13:20:10][INFO] [Epoch 054] MSE Loss=106.498024 | PDE Loss=30.967222 | λ_pde=4.983e-05 | LR=3.40e-03
[2026-02-02 13:22:48][INFO] [Epoch 055] MSE Loss=46.643102 | PDE Loss=31.701508 | λ_pde=4.080e-05 | LR=3.28e-03
[2026-02-02 13:25:24][INFO] [Epoch 056] MSE Loss=47.081224 | PDE Loss=31.644815 | λ_pde=3.340e-05 | LR=3.15e-03
[2026-02-02 13:28:01][INFO] [Epoch 057] MSE Loss=48.725483 | PDE Loss=28.969051 | λ_pde=2.735e-05 | LR=3.02e-03
[2026-02-02 13:30:40][INFO] [Epoch 058] MSE Loss=42.857228 | PDE Loss=32.304733 | λ_pde=2.239e-05 | LR=2.90e-03
[2026-02-02 13:33:18][INFO] [Epoch 059] MSE Loss=40.368309 | PDE Loss=33.031347 | λ_pde=1.833e-05 | LR=2.77e-03
[2026-02-02 13:36:04][INFO] [Epoch 060] MSE Loss=39.537228 | PDE Loss=34.448350 | λ_pde=1.501e-05 | LR=2.64e-03
[2026-02-02 13:38:44][INFO] [Epoch 061] MSE Loss=43.981883 | PDE Loss=37.396494 | λ_pde=1.229e-05 | LR=2.51e-03
[2026-02-02 13:41:23][INFO] [Epoch 062] MSE Loss=46.657648 | PDE Loss=39.460835 | λ_pde=1.006e-05 | LR=2.37e-03
[2026-02-02 13:44:01][INFO] [Epoch 063] MSE Loss=59.948159 | PDE Loss=42.100445 | λ_pde=8.237e-06 | LR=2.24e-03
[2026-02-02 13:46:42][INFO] [Epoch 064] MSE Loss=39.781008 | PDE Loss=46.763634 | λ_pde=6.744e-06 | LR=2.11e-03
[2026-02-02 13:49:22][INFO] [Epoch 065] MSE Loss=36.615844 | PDE Loss=43.958523 | λ_pde=5.522e-06 | LR=1.99e-03
[2026-02-02 13:52:00][INFO] [Epoch 066] MSE Loss=34.898721 | PDE Loss=49.093393 | λ_pde=4.521e-06 | LR=1.86e-03
[2026-02-02 13:54:36][INFO] [Epoch 067] MSE Loss=33.502004 | PDE Loss=49.924592 | λ_pde=3.701e-06 | LR=1.73e-03
[2026-02-02 13:57:15][INFO] [Epoch 068] MSE Loss=33.318556 | PDE Loss=55.943856 | λ_pde=3.030e-06 | LR=1.61e-03
[2026-02-02 13:59:56][INFO] [Epoch 069] MSE Loss=33.648121 | PDE Loss=56.121414 | λ_pde=2.481e-06 | LR=1.49e-03
[2026-02-02 14:02:33][INFO] [Epoch 070] MSE Loss=33.260794 | PDE Loss=56.364608 | λ_pde=2.031e-06 | LR=1.37e-03
[2026-02-02 14:05:11][INFO] [Epoch 071] MSE Loss=32.316856 | PDE Loss=61.569738 | λ_pde=1.663e-06 | LR=1.26e-03
[2026-02-02 14:07:53][INFO] [Epoch 072] MSE Loss=30.533764 | PDE Loss=61.930277 | λ_pde=1.362e-06 | LR=1.15e-03
[2026-02-02 14:10:34][INFO] [Epoch 073] MSE Loss=30.109538 | PDE Loss=64.418538 | λ_pde=1.115e-06 | LR=1.04e-03
[2026-02-02 14:13:11][INFO] [Epoch 074] MSE Loss=29.857875 | PDE Loss=63.126040 | λ_pde=9.127e-07 | LR=9.35e-04
[2026-02-02 14:15:53][INFO] [Epoch 075] MSE Loss=29.652634 | PDE Loss=67.630204 | λ_pde=7.473e-07 | LR=8.36e-04
[2026-02-02 14:18:32][INFO] [Epoch 076] MSE Loss=29.557061 | PDE Loss=67.140328 | λ_pde=6.118e-07 | LR=7.41e-04
[2026-02-02 14:21:19][INFO] [Epoch 077] MSE Loss=28.658162 | PDE Loss=70.727636 | λ_pde=5.009e-07 | LR=6.51e-04
[2026-02-02 14:23:59][INFO] [Epoch 078] MSE Loss=28.476628 | PDE Loss=71.727917 | λ_pde=4.101e-07 | LR=5.66e-04
[2026-02-02 14:26:38][INFO] [Epoch 079] MSE Loss=28.111926 | PDE Loss=73.767188 | λ_pde=3.358e-07 | LR=4.87e-04
[2026-02-02 14:29:14][INFO] [Epoch 080] MSE Loss=27.900266 | PDE Loss=73.261347 | λ_pde=2.749e-07 | LR=4.13e-04
[2026-02-02 14:32:01][INFO] [Epoch 081] MSE Loss=27.664996 | PDE Loss=75.013827 | λ_pde=2.251e-07 | LR=3.44e-04
[2026-02-02 14:34:44][INFO] [Epoch 082] MSE Loss=27.468753 | PDE Loss=78.407424 | λ_pde=1.843e-07 | LR=2.82e-04
[2026-02-02 14:37:21][INFO] [Epoch 083] MSE Loss=27.318660 | PDE Loss=76.894769 | λ_pde=1.509e-07 | LR=2.26e-04
[2026-02-02 14:40:04][INFO] [Epoch 084] MSE Loss=27.309783 | PDE Loss=77.517707 | λ_pde=1.235e-07 | LR=1.76e-04
[2026-02-02 14:42:44][INFO] [Epoch 085] MSE Loss=27.151328 | PDE Loss=78.868611 | λ_pde=1.011e-07 | LR=1.32e-04
[2026-02-02 14:45:25][INFO] [Epoch 086] MSE Loss=27.038613 | PDE Loss=79.162083 | λ_pde=8.280e-08 | LR=9.50e-05
[2026-02-02 14:48:02][INFO] [Epoch 087] MSE Loss=26.920470 | PDE Loss=77.599632 | λ_pde=6.779e-08 | LR=6.45e-05
[2026-02-02 14:50:41][INFO] [Epoch 088] MSE Loss=26.913167 | PDE Loss=78.957094 | λ_pde=5.550e-08 | LR=4.07e-05
[2026-02-02 14:53:21][INFO] [Epoch 089] MSE Loss=26.885925 | PDE Loss=79.349246 | λ_pde=4.544e-08 | LR=2.37e-05
[2026-02-02 14:56:02][INFO] [Epoch 090] MSE Loss=26.826792 | PDE Loss=79.866130 | λ_pde=3.720e-08 | LR=1.34e-05
[2026-02-02 14:58:42][INFO] [Epoch 091] MSE Loss=2281.668999 | PDE Loss=27.664940 | λ_pde=3.046e-08 | LR=5.00e-03
[2026-02-02 15:01:23][INFO] [Epoch 092] MSE Loss=190.318903 | PDE Loss=19.806062 | λ_pde=2.494e-08 | LR=5.00e-03
[2026-02-02 15:04:02][INFO] [Epoch 093] MSE Loss=82.665519 | PDE Loss=13.457617 | λ_pde=2.042e-08 | LR=5.00e-03
[2026-02-02 15:06:44][INFO] [Epoch 094] MSE Loss=66.648727 | PDE Loss=20.854969 | λ_pde=1.672e-08 | LR=4.99e-03
[2026-02-02 15:09:19][INFO] [Epoch 095] MSE Loss=62.053508 | PDE Loss=27.821789 | λ_pde=1.369e-08 | LR=4.99e-03
[2026-02-02 15:11:57][INFO] [Epoch 096] MSE Loss=56.176888 | PDE Loss=35.909323 | λ_pde=1.121e-08 | LR=4.98e-03
[2026-02-02 15:14:35][INFO] [Epoch 097] MSE Loss=56.605273 | PDE Loss=37.911962 | λ_pde=9.174e-09 | LR=4.97e-03
[2026-02-02 15:17:15][INFO] [Epoch 098] MSE Loss=49.842168 | PDE Loss=42.528553 | λ_pde=7.511e-09 | LR=2.48e-03
[2026-02-02 15:19:52][INFO] [Epoch 099] MSE Loss=53.564534 | PDE Loss=39.407855 | λ_pde=6.150e-09 | LR=4.95e-03
[2026-02-02 15:22:32][INFO] [Epoch 100] MSE Loss=50.876363 | PDE Loss=36.898467 | λ_pde=5.035e-09 | LR=4.93e-03
[2026-02-02 15:25:06][INFO] [Epoch 101] MSE Loss=45.788855 | PDE Loss=33.613465 | λ_pde=4.122e-09 | LR=4.91e-03
[2026-02-02 15:27:45][INFO] [Epoch 102] MSE Loss=46.643540 | PDE Loss=34.159936 | λ_pde=3.375e-09 | LR=4.90e-03
[2026-02-02 15:30:26][INFO] [Epoch 103] MSE Loss=88.035739 | PDE Loss=35.540481 | λ_pde=2.763e-09 | LR=4.88e-03
[2026-02-02 15:33:08][INFO] [Epoch 104] MSE Loss=54.699168 | PDE Loss=36.662730 | λ_pde=2.262e-09 | LR=4.86e-03
[2026-02-02 15:35:47][INFO] [Epoch 105] MSE Loss=41.080045 | PDE Loss=36.219038 | λ_pde=1.852e-09 | LR=2.42e-03
[2026-02-02 15:38:23][INFO] [Epoch 106] MSE Loss=62.931006 | PDE Loss=36.404021 | λ_pde=1.517e-09 | LR=4.81e-03
[2026-02-02 15:41:02][INFO] [Epoch 107] MSE Loss=132.685087 | PDE Loss=38.427339 | λ_pde=1.242e-09 | LR=4.78e-03
[2026-02-02 15:43:43][INFO] [Epoch 108] MSE Loss=150.064003 | PDE Loss=39.984556 | λ_pde=1.017e-09 | LR=4.76e-03
[2026-02-02 15:46:19][INFO] [Epoch 109] MSE Loss=49.085972 | PDE Loss=40.688295 | λ_pde=8.323e-10 | LR=4.73e-03
[2026-02-02 15:49:01][INFO] [Epoch 110] MSE Loss=42.344481 | PDE Loss=39.597578 | λ_pde=6.814e-10 | LR=4.70e-03
[2026-02-02 15:51:44][INFO] [Epoch 111] MSE Loss=38.585173 | PDE Loss=42.013597 | λ_pde=5.579e-10 | LR=4.67e-03
[2026-02-02 15:54:23][INFO] [Epoch 112] MSE Loss=37.744038 | PDE Loss=42.222549 | λ_pde=4.568e-10 | LR=2.32e-03
[2026-02-02 15:57:04][INFO] [Epoch 113] MSE Loss=46.471914 | PDE Loss=44.097011 | λ_pde=3.740e-10 | LR=4.60e-03
[2026-02-02 15:59:43][INFO] [Epoch 114] MSE Loss=39.311363 | PDE Loss=46.307928 | λ_pde=3.062e-10 | LR=4.56e-03
[2026-02-02 16:02:23][INFO] [Epoch 115] MSE Loss=40.472685 | PDE Loss=47.987678 | λ_pde=2.507e-10 | LR=4.52e-03
[2026-02-02 16:05:02][INFO] [Epoch 116] MSE Loss=45.028007 | PDE Loss=48.075577 | λ_pde=2.052e-10 | LR=4.48e-03
[2026-02-02 16:07:41][INFO] [Epoch 117] MSE Loss=48.245518 | PDE Loss=51.593092 | λ_pde=1.680e-10 | LR=4.44e-03
[2026-02-02 16:10:21][INFO] [Epoch 118] MSE Loss=62.064386 | PDE Loss=51.457208 | λ_pde=1.376e-10 | LR=4.40e-03
[2026-02-02 16:13:04][INFO] [Epoch 119] MSE Loss=33.552593 | PDE Loss=52.014977 | λ_pde=1.126e-10 | LR=2.18e-03
[2026-02-02 16:15:43][INFO] [Epoch 120] MSE Loss=37.178833 | PDE Loss=55.417511 | λ_pde=9.222e-11 | LR=4.31e-03
[2026-02-02 16:18:23][INFO] [Epoch 121] MSE Loss=40.114176 | PDE Loss=55.810902 | λ_pde=7.550e-11 | LR=4.27e-03
[2026-02-02 16:21:04][INFO] [Epoch 122] MSE Loss=33.620380 | PDE Loss=57.260782 | λ_pde=6.182e-11 | LR=4.22e-03
[2026-02-02 16:23:41][INFO] [Epoch 123] MSE Loss=64.006133 | PDE Loss=55.823217 | λ_pde=5.061e-11 | LR=4.17e-03
[2026-02-02 16:26:21][INFO] [Epoch 124] MSE Loss=70.674562 | PDE Loss=54.138565 | λ_pde=4.144e-11 | LR=4.13e-03
[2026-02-02 16:29:04][INFO] [Epoch 125] MSE Loss=56.312200 | PDE Loss=58.131902 | λ_pde=3.393e-11 | LR=4.08e-03
[2026-02-02 16:31:49][INFO] [Epoch 126] MSE Loss=34.490911 | PDE Loss=60.012711 | λ_pde=2.778e-11 | LR=2.01e-03
[2026-02-02 16:34:47][INFO] [Epoch 127] MSE Loss=31.860217 | PDE Loss=57.775286 | λ_pde=2.274e-11 | LR=3.97e-03
[2026-02-02 16:38:00][INFO] [Epoch 128] MSE Loss=32.080119 | PDE Loss=59.063827 | λ_pde=1.862e-11 | LR=3.92e-03
[2026-02-02 16:41:08][INFO] [Epoch 129] MSE Loss=53.255424 | PDE Loss=59.956004 | λ_pde=1.524e-11 | LR=3.86e-03
[2026-02-02 16:44:19][INFO] [Epoch 130] MSE Loss=57.950003 | PDE Loss=62.922722 | λ_pde=1.248e-11 | LR=3.81e-03
[2026-02-02 16:47:03][INFO] [Epoch 131] MSE Loss=79.812677 | PDE Loss=59.692184 | λ_pde=1.022e-11 | LR=3.75e-03
[2026-02-02 16:49:45][INFO] [Epoch 132] MSE Loss=33.808803 | PDE Loss=65.273338 | λ_pde=8.366e-12 | LR=3.70e-03
[2026-02-02 16:52:30][INFO] [Epoch 133] MSE Loss=27.761463 | PDE Loss=62.948610 | λ_pde=6.849e-12 | LR=1.82e-03
[2026-02-02 16:55:14][INFO] [Epoch 134] MSE Loss=29.622829 | PDE Loss=62.666023 | λ_pde=5.608e-12 | LR=3.58e-03
[2026-02-02 16:57:59][INFO] [Epoch 135] MSE Loss=29.578150 | PDE Loss=62.627036 | λ_pde=4.591e-12 | LR=3.52e-03
[2026-02-02 17:00:40][INFO] [Epoch 136] MSE Loss=87.549763 | PDE Loss=62.225992 | λ_pde=3.759e-12 | LR=3.46e-03
[2026-02-02 17:03:19][INFO] [Epoch 137] MSE Loss=30.744807 | PDE Loss=66.051926 | λ_pde=3.078e-12 | LR=3.40e-03
[2026-02-02 17:06:02][INFO] [Epoch 138] MSE Loss=29.968299 | PDE Loss=64.283677 | λ_pde=2.520e-12 | LR=3.34e-03
[2026-02-02 17:08:46][INFO] [Epoch 139] MSE Loss=31.530460 | PDE Loss=64.268082 | λ_pde=2.063e-12 | LR=3.28e-03
[2026-02-02 17:11:53][INFO] [Epoch 140] MSE Loss=26.423043 | PDE Loss=64.991075 | λ_pde=1.689e-12 | LR=1.61e-03
[2026-02-02 17:15:03][INFO] [Epoch 141] MSE Loss=27.562273 | PDE Loss=63.939416 | λ_pde=1.383e-12 | LR=3.15e-03
[2026-02-02 17:18:16][INFO] [Epoch 142] MSE Loss=46.493288 | PDE Loss=64.590195 | λ_pde=1.132e-12 | LR=3.09e-03
[2026-02-02 17:21:28][INFO] [Epoch 143] MSE Loss=61.567603 | PDE Loss=63.169121 | λ_pde=9.270e-13 | LR=3.02e-03
[2026-02-02 17:24:39][INFO] [Epoch 144] MSE Loss=27.139998 | PDE Loss=65.163986 | λ_pde=7.589e-13 | LR=2.96e-03
[2026-02-02 17:27:47][INFO] [Epoch 145] MSE Loss=26.949036 | PDE Loss=62.887745 | λ_pde=6.214e-13 | LR=2.90e-03
[2026-02-02 17:30:46][INFO] [Epoch 146] MSE Loss=25.425181 | PDE Loss=61.129739 | λ_pde=5.087e-13 | LR=2.83e-03
[2026-02-02 17:33:26][INFO] [Epoch 147] MSE Loss=25.434205 | PDE Loss=62.548113 | λ_pde=4.165e-13 | LR=2.77e-03
[2026-02-02 17:36:06][INFO] [Epoch 148] MSE Loss=26.389535 | PDE Loss=61.439207 | λ_pde=3.410e-13 | LR=2.70e-03
[2026-02-02 17:38:47][INFO] [Epoch 149] MSE Loss=25.483114 | PDE Loss=62.047894 | λ_pde=2.792e-13 | LR=2.64e-03
[2026-02-02 17:41:31][INFO] [Epoch 150] MSE Loss=38.233349 | PDE Loss=62.446460 | λ_pde=2.286e-13 | LR=2.57e-03
[2026-02-02 17:44:14][INFO] [Epoch 151] MSE Loss=111.805549 | PDE Loss=65.540826 | λ_pde=1.872e-13 | LR=2.51e-03
[2026-02-02 17:46:55][INFO] [Epoch 152] MSE Loss=34.366349 | PDE Loss=66.321661 | λ_pde=1.532e-13 | LR=2.44e-03
[2026-02-02 17:49:39][INFO] [Epoch 153] MSE Loss=24.674325 | PDE Loss=64.496170 | λ_pde=1.255e-13 | LR=2.37e-03
[2026-02-02 17:52:17][INFO] [Epoch 154] MSE Loss=23.605706 | PDE Loss=62.676649 | λ_pde=1.027e-13 | LR=2.31e-03
[2026-02-02 17:54:59][INFO] [Epoch 155] MSE Loss=23.062173 | PDE Loss=62.237868 | λ_pde=8.409e-14 | LR=2.24e-03
[2026-02-02 17:58:08][INFO] [Epoch 156] MSE Loss=23.888296 | PDE Loss=63.989074 | λ_pde=6.885e-14 | LR=2.18e-03
[2026-02-02 18:01:17][INFO] [Epoch 157] MSE Loss=22.797774 | PDE Loss=65.766757 | λ_pde=5.637e-14 | LR=2.11e-03
[2026-02-02 18:04:27][INFO] [Epoch 158] MSE Loss=23.166546 | PDE Loss=66.990902 | λ_pde=4.615e-14 | LR=2.05e-03
