[2026-01-05 16:56:45][INFO] 日志文件创建于: /data/sda/zjc/comsol_pinn/logs/exp01/train_20260105_165645_gpu1_pid4035973.log
[2026-01-05 16:56:45][INFO] 进程 PID: 4035973
[2026-01-05 16:56:45][INFO] ========== FCNN-MVP 训练开始 ==========
[2026-01-05 16:56:45][INFO] 使用设备: cuda
[2026-01-05 16:56:45][INFO] 训练参数: {'epochs': 80, 'lr': 0.0001, 'batch_cases': 1, 'points_per_case': 4096, 'num_workers': 8, 'device': 'cuda', 'log_dir': 'logs/exp01', 'ckpt_dir': 'checkpoints/exp01'}
[2026-01-05 16:56:45][INFO] 数据集大小: 141 cases
[2026-01-05 16:56:45][INFO] 每 case 采样点数: 4096
[2026-01-05 16:56:46][INFO] 模型结构:
SimplePINN(
  (net): Sequential(
    (0): Linear(in_features=7, out_features=128, bias=True)
    (1): SiLU()
    (2): Linear(in_features=128, out_features=128, bias=True)
    (3): SiLU()
    (4): Linear(in_features=128, out_features=1, bias=True)
  )
)
[2026-01-05 16:56:46][INFO] 优化器: AdamW, lr=0.0001
[2026-01-05 16:58:02][INFO] [Epoch 001] MSE Loss = 92929.180463
[2026-01-05 16:59:21][INFO] [Epoch 002] MSE Loss = 60972.135832
[2026-01-05 17:00:39][INFO] [Epoch 003] MSE Loss = 27573.045213
[2026-01-05 17:01:56][INFO] [Epoch 004] MSE Loss = 15379.284498
[2026-01-05 17:03:13][INFO] [Epoch 005] MSE Loss = 13400.778493
[2026-01-05 17:04:29][INFO] [Epoch 006] MSE Loss = 12404.376434
[2026-01-05 17:05:49][INFO] [Epoch 007] MSE Loss = 11556.533272
[2026-01-05 17:07:06][INFO] [Epoch 008] MSE Loss = 10872.602802
[2026-01-05 17:08:28][INFO] [Epoch 009] MSE Loss = 10231.303863
[2026-01-05 17:09:45][INFO] [Epoch 010] MSE Loss = 9662.731896
[2026-01-05 17:11:02][INFO] [Epoch 011] MSE Loss = 9158.218442
[2026-01-05 17:12:20][INFO] [Epoch 012] MSE Loss = 8631.059716
[2026-01-05 17:13:37][INFO] [Epoch 013] MSE Loss = 8203.539970
[2026-01-05 17:14:54][INFO] [Epoch 014] MSE Loss = 7796.169756
[2026-01-05 17:16:12][INFO] [Epoch 015] MSE Loss = 7489.404525
[2026-01-05 17:17:28][INFO] [Epoch 016] MSE Loss = 7199.756950
[2026-01-05 17:18:44][INFO] [Epoch 017] MSE Loss = 6964.109860
[2026-01-05 17:20:01][INFO] [Epoch 018] MSE Loss = 6776.614826
[2026-01-05 17:21:16][INFO] [Epoch 019] MSE Loss = 6660.965656
[2026-01-05 17:22:33][INFO] [Epoch 020] MSE Loss = 6468.681966
[2026-01-05 17:23:50][INFO] [Epoch 021] MSE Loss = 6380.102899
[2026-01-05 17:25:05][INFO] [Epoch 022] MSE Loss = 6247.866649
[2026-01-05 17:26:21][INFO] [Epoch 023] MSE Loss = 6213.011734
[2026-01-05 17:27:44][INFO] [Epoch 024] MSE Loss = 6092.779470
[2026-01-05 17:29:02][INFO] [Epoch 025] MSE Loss = 6002.848615
[2026-01-05 17:30:17][INFO] [Epoch 026] MSE Loss = 5960.669801
[2026-01-05 17:31:34][INFO] [Epoch 027] MSE Loss = 5898.843395
[2026-01-05 17:32:51][INFO] [Epoch 028] MSE Loss = 5873.382802
[2026-01-05 17:34:04][INFO] [Epoch 029] MSE Loss = 5806.981669
[2026-01-05 17:35:20][INFO] [Epoch 030] MSE Loss = 5720.994451
[2026-01-05 17:36:37][INFO] [Epoch 031] MSE Loss = 5678.871049
[2026-01-05 17:37:54][INFO] [Epoch 032] MSE Loss = 5575.493786
[2026-01-05 17:39:11][INFO] [Epoch 033] MSE Loss = 5543.090256
[2026-01-05 17:40:28][INFO] [Epoch 034] MSE Loss = 5473.180098
[2026-01-05 17:41:45][INFO] [Epoch 035] MSE Loss = 5420.170497
[2026-01-05 17:43:00][INFO] [Epoch 036] MSE Loss = 5339.880082
[2026-01-05 17:44:15][INFO] [Epoch 037] MSE Loss = 5376.558892
[2026-01-05 17:45:31][INFO] [Epoch 038] MSE Loss = 5285.490818
[2026-01-05 17:46:50][INFO] [Epoch 039] MSE Loss = 5240.697991
[2026-01-05 17:48:09][INFO] [Epoch 040] MSE Loss = 5163.886255
[2026-01-05 17:49:25][INFO] [Epoch 041] MSE Loss = 5092.359186
[2026-01-05 17:50:44][INFO] [Epoch 042] MSE Loss = 5062.440515
[2026-01-05 17:51:58][INFO] [Epoch 043] MSE Loss = 5031.636336
[2026-01-05 17:53:18][INFO] [Epoch 044] MSE Loss = 5000.533198
[2026-01-05 17:54:37][INFO] [Epoch 045] MSE Loss = 4955.508704
[2026-01-05 17:55:57][INFO] [Epoch 046] MSE Loss = 4868.705848
[2026-01-05 17:57:14][INFO] [Epoch 047] MSE Loss = 4830.479142
[2026-01-05 17:58:30][INFO] [Epoch 048] MSE Loss = 4761.495946
[2026-01-05 17:59:48][INFO] [Epoch 049] MSE Loss = 4725.654726
[2026-01-05 18:01:07][INFO] [Epoch 050] MSE Loss = 4692.335019
[2026-01-05 18:02:21][INFO] [Epoch 051] MSE Loss = 4603.545550
[2026-01-05 18:03:37][INFO] [Epoch 052] MSE Loss = 4578.469564
[2026-01-05 18:04:51][INFO] [Epoch 053] MSE Loss = 4542.047826
[2026-01-05 18:06:09][INFO] [Epoch 054] MSE Loss = 4510.743071
[2026-01-05 18:07:24][INFO] [Epoch 055] MSE Loss = 4466.813260
[2026-01-05 18:08:41][INFO] [Epoch 056] MSE Loss = 4400.211711
[2026-01-05 18:10:02][INFO] [Epoch 057] MSE Loss = 4354.812851
[2026-01-05 18:11:18][INFO] [Epoch 058] MSE Loss = 4319.438309
[2026-01-05 18:12:34][INFO] [Epoch 059] MSE Loss = 4278.173197
[2026-01-05 18:13:50][INFO] [Epoch 060] MSE Loss = 4262.603414
[2026-01-05 18:15:07][INFO] [Epoch 061] MSE Loss = 4176.206056
[2026-01-05 18:16:23][INFO] [Epoch 062] MSE Loss = 4137.248191
[2026-01-05 18:17:39][INFO] [Epoch 063] MSE Loss = 4094.548914
[2026-01-05 18:18:57][INFO] [Epoch 064] MSE Loss = 4061.974283
[2026-01-05 18:20:13][INFO] [Epoch 065] MSE Loss = 4010.579717
[2026-01-05 18:21:30][INFO] [Epoch 066] MSE Loss = 3952.132735
[2026-01-05 18:22:46][INFO] [Epoch 067] MSE Loss = 3909.303933
[2026-01-05 18:24:02][INFO] [Epoch 068] MSE Loss = 3876.629548
[2026-01-05 18:25:19][INFO] [Epoch 069] MSE Loss = 3838.750266
[2026-01-05 18:26:37][INFO] [Epoch 070] MSE Loss = 3790.787889
[2026-01-05 18:27:53][INFO] [Epoch 071] MSE Loss = 3737.873571
[2026-01-05 18:29:12][INFO] [Epoch 072] MSE Loss = 3721.275769
[2026-01-05 18:30:31][INFO] [Epoch 073] MSE Loss = 3697.042858
