[2026-01-26 14:44:25][INFO] 日志文件创建于: /data/sda/zjc/comsol_pinn/logs/M03/exp01/train_20260126_144425_gpu1_pid3380289.log
[2026-01-26 14:44:25][INFO] 进程 PID: 3380289
[2026-01-26 14:44:25][INFO] ========== FCNN-Fourier 训练开始 ==========
[2026-01-26 14:44:25][INFO] 使用设备: cuda
[2026-01-26 14:44:25][INFO] 训练参数: {'epochs': 150, 'lr': 0.005, 'batch_cases': 10, 'points_per_case': 10000, 'num_workers': 8, 'device': 'cuda', 'log_dir': 'logs/M03/exp01', 'ckpt_dir': 'checkpoints/M03/exp01'}
[2026-01-26 14:44:25][INFO] 数据集大小: 141 cases
[2026-01-26 14:44:25][INFO] 每 case 采样点数: 10000
[2026-01-26 14:44:26][INFO] 模型结构:
SimplePINN(
  (net): Sequential(
    (0): Linear(in_features=7, out_features=128, bias=True)
    (1): SiLU()
    (2): Linear(in_features=128, out_features=128, bias=True)
    (3): SiLU()
    (4): Linear(in_features=128, out_features=1, bias=True)
  )
)
[2026-01-26 14:44:26][INFO] 优化器: AdamW, 初始 lr=0.005, 调度策略: ReduceLROnPlateau(factor=0.5, patience=10)
[2026-01-26 14:46:45][INFO] [Epoch 001] MSE Loss = 58577.253125 | LR = 5.00e-03
[2026-01-26 14:49:03][INFO] [Epoch 002] MSE Loss = 17764.792057 | LR = 5.00e-03
[2026-01-26 14:51:23][INFO] [Epoch 003] MSE Loss = 10886.098372 | LR = 5.00e-03
[2026-01-26 14:53:40][INFO] [Epoch 004] MSE Loss = 8177.715853 | LR = 5.00e-03
[2026-01-26 14:55:58][INFO] [Epoch 005] MSE Loss = 6857.103809 | LR = 5.00e-03
[2026-01-26 14:58:17][INFO] [Epoch 006] MSE Loss = 6219.954639 | LR = 5.00e-03
[2026-01-26 15:00:35][INFO] [Epoch 007] MSE Loss = 6073.102376 | LR = 5.00e-03
[2026-01-26 15:02:54][INFO] [Epoch 008] MSE Loss = 5416.016439 | LR = 5.00e-03
[2026-01-26 15:05:14][INFO] [Epoch 009] MSE Loss = 5434.355615 | LR = 5.00e-03
[2026-01-26 15:07:29][INFO] [Epoch 010] MSE Loss = 5075.350195 | LR = 5.00e-03
[2026-01-26 15:09:46][INFO] [Epoch 011] MSE Loss = 4486.336621 | LR = 5.00e-03
[2026-01-26 15:12:04][INFO] [Epoch 012] MSE Loss = 4395.663346 | LR = 5.00e-03
[2026-01-26 15:14:24][INFO] [Epoch 013] MSE Loss = 3694.548145 | LR = 5.00e-03
[2026-01-26 15:16:44][INFO] [Epoch 014] MSE Loss = 3651.589876 | LR = 5.00e-03
[2026-01-26 15:19:00][INFO] [Epoch 015] MSE Loss = 3829.763721 | LR = 5.00e-03
[2026-01-26 15:21:16][INFO] [Epoch 016] MSE Loss = 3243.144840 | LR = 5.00e-03
[2026-01-26 15:23:33][INFO] [Epoch 017] MSE Loss = 3407.885718 | LR = 5.00e-03
[2026-01-26 15:25:52][INFO] [Epoch 018] MSE Loss = 2636.031689 | LR = 5.00e-03
[2026-01-26 15:28:08][INFO] [Epoch 019] MSE Loss = 2433.583122 | LR = 5.00e-03
[2026-01-26 15:30:26][INFO] [Epoch 020] MSE Loss = 2528.552832 | LR = 5.00e-03
[2026-01-26 15:32:45][INFO] [Epoch 021] MSE Loss = 2245.797013 | LR = 5.00e-03
[2026-01-26 15:35:05][INFO] [Epoch 022] MSE Loss = 2090.946322 | LR = 5.00e-03
[2026-01-26 15:37:21][INFO] [Epoch 023] MSE Loss = 2631.715975 | LR = 5.00e-03
[2026-01-26 15:39:43][INFO] [Epoch 024] MSE Loss = 2100.711751 | LR = 5.00e-03
[2026-01-26 15:41:58][INFO] [Epoch 025] MSE Loss = 1753.253918 | LR = 5.00e-03
[2026-01-26 15:44:17][INFO] [Epoch 026] MSE Loss = 1770.881970 | LR = 5.00e-03
[2026-01-26 15:46:34][INFO] [Epoch 027] MSE Loss = 1839.766895 | LR = 5.00e-03
[2026-01-26 15:48:53][INFO] [Epoch 028] MSE Loss = 1469.042586 | LR = 5.00e-03
[2026-01-26 15:51:11][INFO] [Epoch 029] MSE Loss = 1342.854826 | LR = 5.00e-03
[2026-01-26 15:53:25][INFO] [Epoch 030] MSE Loss = 1497.437252 | LR = 5.00e-03
[2026-01-26 15:55:44][INFO] [Epoch 031] MSE Loss = 1391.519450 | LR = 5.00e-03
[2026-01-26 15:58:01][INFO] [Epoch 032] MSE Loss = 1302.448161 | LR = 5.00e-03
[2026-01-26 16:00:17][INFO] [Epoch 033] MSE Loss = 1194.096696 | LR = 5.00e-03
[2026-01-26 16:02:33][INFO] [Epoch 034] MSE Loss = 1278.352958 | LR = 5.00e-03
[2026-01-26 16:04:50][INFO] [Epoch 035] MSE Loss = 861.503471 | LR = 5.00e-03
[2026-01-26 16:07:08][INFO] [Epoch 036] MSE Loss = 930.986292 | LR = 5.00e-03
[2026-01-26 16:09:28][INFO] [Epoch 037] MSE Loss = 738.239537 | LR = 5.00e-03
[2026-01-26 16:11:45][INFO] [Epoch 038] MSE Loss = 677.590855 | LR = 5.00e-03
[2026-01-26 16:14:06][INFO] [Epoch 039] MSE Loss = 665.181934 | LR = 5.00e-03
[2026-01-26 16:16:22][INFO] [Epoch 040] MSE Loss = 700.128176 | LR = 5.00e-03
[2026-01-26 16:18:44][INFO] [Epoch 041] MSE Loss = 667.162370 | LR = 5.00e-03
[2026-01-26 16:21:05][INFO] [Epoch 042] MSE Loss = 440.641907 | LR = 5.00e-03
[2026-01-26 16:23:25][INFO] [Epoch 043] MSE Loss = 471.596844 | LR = 5.00e-03
[2026-01-26 16:25:47][INFO] [Epoch 044] MSE Loss = 447.053878 | LR = 5.00e-03
[2026-01-26 16:28:08][INFO] [Epoch 045] MSE Loss = 365.596086 | LR = 5.00e-03
[2026-01-26 16:30:28][INFO] [Epoch 046] MSE Loss = 330.803937 | LR = 5.00e-03
[2026-01-26 16:32:47][INFO] [Epoch 047] MSE Loss = 313.184946 | LR = 5.00e-03
[2026-01-26 16:35:06][INFO] [Epoch 048] MSE Loss = 321.754963 | LR = 5.00e-03
[2026-01-26 16:37:29][INFO] [Epoch 049] MSE Loss = 226.153728 | LR = 5.00e-03
[2026-01-26 16:39:52][INFO] [Epoch 050] MSE Loss = 213.463716 | LR = 5.00e-03
[2026-01-26 16:42:14][INFO] [Epoch 051] MSE Loss = 225.675961 | LR = 5.00e-03
[2026-01-26 16:44:37][INFO] [Epoch 052] MSE Loss = 225.367448 | LR = 5.00e-03
[2026-01-26 16:46:56][INFO] [Epoch 053] MSE Loss = 204.779868 | LR = 5.00e-03
[2026-01-26 16:49:16][INFO] [Epoch 054] MSE Loss = 202.268085 | LR = 5.00e-03
[2026-01-26 16:51:34][INFO] [Epoch 055] MSE Loss = 192.089649 | LR = 5.00e-03
[2026-01-26 16:53:54][INFO] [Epoch 056] MSE Loss = 165.399697 | LR = 5.00e-03
[2026-01-26 16:56:14][INFO] [Epoch 057] MSE Loss = 165.459382 | LR = 5.00e-03
[2026-01-26 16:58:31][INFO] [Epoch 058] MSE Loss = 156.312287 | LR = 5.00e-03
[2026-01-26 17:00:48][INFO] [Epoch 059] MSE Loss = 152.866751 | LR = 5.00e-03
[2026-01-26 17:03:07][INFO] [Epoch 060] MSE Loss = 141.488283 | LR = 5.00e-03
[2026-01-26 17:05:25][INFO] [Epoch 061] MSE Loss = 151.542309 | LR = 5.00e-03
[2026-01-26 17:07:41][INFO] [Epoch 062] MSE Loss = 144.524648 | LR = 5.00e-03
[2026-01-26 17:09:59][INFO] [Epoch 063] MSE Loss = 142.088393 | LR = 5.00e-03
[2026-01-26 17:12:18][INFO] [Epoch 064] MSE Loss = 136.736078 | LR = 5.00e-03
[2026-01-26 17:14:38][INFO] [Epoch 065] MSE Loss = 131.905141 | LR = 5.00e-03
[2026-01-26 17:16:57][INFO] [Epoch 066] MSE Loss = 129.112324 | LR = 5.00e-03
[2026-01-26 17:19:16][INFO] [Epoch 067] MSE Loss = 138.181637 | LR = 5.00e-03
[2026-01-26 17:21:33][INFO] [Epoch 068] MSE Loss = 129.689222 | LR = 5.00e-03
[2026-01-26 17:23:52][INFO] [Epoch 069] MSE Loss = 128.673705 | LR = 5.00e-03
[2026-01-26 17:26:10][INFO] [Epoch 070] MSE Loss = 127.762946 | LR = 5.00e-03
[2026-01-26 17:28:29][INFO] [Epoch 071] MSE Loss = 120.862410 | LR = 5.00e-03
[2026-01-26 17:30:48][INFO] [Epoch 072] MSE Loss = 118.214653 | LR = 5.00e-03
[2026-01-26 17:33:04][INFO] [Epoch 073] MSE Loss = 119.382329 | LR = 5.00e-03
[2026-01-26 17:35:22][INFO] [Epoch 074] MSE Loss = 119.634541 | LR = 5.00e-03
[2026-01-26 17:37:41][INFO] [Epoch 075] MSE Loss = 114.766029 | LR = 5.00e-03
[2026-01-26 17:40:05][INFO] [Epoch 076] MSE Loss = 111.093222 | LR = 5.00e-03
[2026-01-26 17:42:19][INFO] [Epoch 077] MSE Loss = 110.899761 | LR = 5.00e-03
[2026-01-26 17:44:43][INFO] [Epoch 078] MSE Loss = 113.421982 | LR = 5.00e-03
[2026-01-26 17:47:03][INFO] [Epoch 079] MSE Loss = 111.534650 | LR = 5.00e-03
[2026-01-26 17:49:18][INFO] [Epoch 080] MSE Loss = 104.752157 | LR = 5.00e-03
[2026-01-26 17:51:50][INFO] [Epoch 081] MSE Loss = 106.451144 | LR = 5.00e-03
[2026-01-26 17:54:39][INFO] [Epoch 082] MSE Loss = 103.049365 | LR = 5.00e-03
[2026-01-26 17:57:17][INFO] [Epoch 083] MSE Loss = 104.139648 | LR = 5.00e-03
[2026-01-26 17:59:36][INFO] [Epoch 084] MSE Loss = 99.635165 | LR = 5.00e-03
[2026-01-26 18:01:55][INFO] [Epoch 085] MSE Loss = 99.150594 | LR = 5.00e-03
[2026-01-26 18:04:21][INFO] [Epoch 086] MSE Loss = 99.567474 | LR = 5.00e-03
[2026-01-26 18:06:41][INFO] [Epoch 087] MSE Loss = 95.127885 | LR = 5.00e-03
[2026-01-26 18:09:00][INFO] [Epoch 088] MSE Loss = 93.910878 | LR = 5.00e-03
[2026-01-26 18:11:19][INFO] [Epoch 089] MSE Loss = 100.460887 | LR = 5.00e-03
[2026-01-26 18:13:39][INFO] [Epoch 090] MSE Loss = 100.605266 | LR = 5.00e-03
[2026-01-26 18:15:59][INFO] [Epoch 091] MSE Loss = 99.204314 | LR = 5.00e-03
[2026-01-26 18:18:17][INFO] [Epoch 092] MSE Loss = 97.206475 | LR = 5.00e-03
[2026-01-26 18:22:40][INFO] [Epoch 093] MSE Loss = 90.312977 | LR = 5.00e-03
[2026-01-26 18:27:08][INFO] [Epoch 094] MSE Loss = 96.200566 | LR = 5.00e-03
[2026-01-26 18:31:30][INFO] [Epoch 095] MSE Loss = 90.120604 | LR = 5.00e-03
[2026-01-26 18:35:57][INFO] [Epoch 096] MSE Loss = 97.442030 | LR = 5.00e-03
[2026-01-26 18:40:22][INFO] [Epoch 097] MSE Loss = 88.386136 | LR = 5.00e-03
[2026-01-26 18:44:46][INFO] [Epoch 098] MSE Loss = 90.823389 | LR = 5.00e-03
[2026-01-26 18:49:13][INFO] [Epoch 099] MSE Loss = 88.708115 | LR = 5.00e-03
[2026-01-26 18:53:34][INFO] [Epoch 100] MSE Loss = 87.107798 | LR = 5.00e-03
[2026-01-26 18:58:01][INFO] [Epoch 101] MSE Loss = 87.819939 | LR = 5.00e-03
[2026-01-26 19:02:24][INFO] [Epoch 102] MSE Loss = 83.203880 | LR = 5.00e-03
[2026-01-26 19:06:47][INFO] [Epoch 103] MSE Loss = 84.481960 | LR = 5.00e-03
[2026-01-26 19:11:14][INFO] [Epoch 104] MSE Loss = 83.413889 | LR = 5.00e-03
[2026-01-26 19:15:37][INFO] [Epoch 105] MSE Loss = 82.783592 | LR = 5.00e-03
[2026-01-26 19:19:59][INFO] [Epoch 106] MSE Loss = 80.148115 | LR = 5.00e-03
[2026-01-26 19:24:24][INFO] [Epoch 107] MSE Loss = 79.456233 | LR = 5.00e-03
[2026-01-26 19:28:46][INFO] [Epoch 108] MSE Loss = 79.488101 | LR = 5.00e-03
[2026-01-26 19:33:10][INFO] [Epoch 109] MSE Loss = 78.482950 | LR = 5.00e-03
[2026-01-26 19:37:31][INFO] [Epoch 110] MSE Loss = 81.569526 | LR = 5.00e-03
[2026-01-26 19:41:57][INFO] [Epoch 111] MSE Loss = 78.287285 | LR = 5.00e-03
[2026-01-26 19:46:23][INFO] [Epoch 112] MSE Loss = 86.967027 | LR = 5.00e-03
[2026-01-26 19:50:44][INFO] [Epoch 113] MSE Loss = 78.642217 | LR = 5.00e-03
[2026-01-26 19:55:11][INFO] [Epoch 114] MSE Loss = 78.435115 | LR = 5.00e-03
[2026-01-26 19:59:32][INFO] [Epoch 115] MSE Loss = 77.536797 | LR = 5.00e-03
[2026-01-26 20:03:53][INFO] [Epoch 116] MSE Loss = 76.711066 | LR = 5.00e-03
[2026-01-26 20:08:15][INFO] [Epoch 117] MSE Loss = 75.982341 | LR = 5.00e-03
[2026-01-26 20:12:40][INFO] [Epoch 118] MSE Loss = 75.218404 | LR = 5.00e-03
[2026-01-26 20:17:04][INFO] [Epoch 119] MSE Loss = 78.153141 | LR = 5.00e-03
[2026-01-26 20:21:30][INFO] [Epoch 120] MSE Loss = 74.377435 | LR = 5.00e-03
[2026-01-26 20:25:53][INFO] [Epoch 121] MSE Loss = 75.551620 | LR = 5.00e-03
[2026-01-26 20:30:12][INFO] [Epoch 122] MSE Loss = 76.778303 | LR = 5.00e-03
[2026-01-26 20:34:36][INFO] [Epoch 123] MSE Loss = 72.473238 | LR = 5.00e-03
[2026-01-26 20:38:56][INFO] [Epoch 124] MSE Loss = 78.945139 | LR = 5.00e-03
[2026-01-26 20:43:19][INFO] [Epoch 125] MSE Loss = 71.424543 | LR = 5.00e-03
[2026-01-26 20:47:49][INFO] [Epoch 126] MSE Loss = 75.087877 | LR = 5.00e-03
[2026-01-26 20:52:10][INFO] [Epoch 127] MSE Loss = 73.498893 | LR = 5.00e-03
[2026-01-26 20:56:37][INFO] [Epoch 128] MSE Loss = 71.769249 | LR = 5.00e-03
[2026-01-26 21:01:01][INFO] [Epoch 129] MSE Loss = 75.225532 | LR = 5.00e-03
[2026-01-26 21:05:22][INFO] [Epoch 130] MSE Loss = 70.286371 | LR = 5.00e-03
[2026-01-26 21:09:41][INFO] [Epoch 131] MSE Loss = 69.869002 | LR = 5.00e-03
[2026-01-26 21:14:02][INFO] [Epoch 132] MSE Loss = 67.734242 | LR = 5.00e-03
[2026-01-26 21:18:24][INFO] [Epoch 133] MSE Loss = 70.933397 | LR = 5.00e-03
[2026-01-26 21:22:50][INFO] [Epoch 134] MSE Loss = 69.792869 | LR = 5.00e-03
[2026-01-26 21:27:13][INFO] [Epoch 135] MSE Loss = 74.216250 | LR = 5.00e-03
[2026-01-26 21:31:35][INFO] [Epoch 136] MSE Loss = 69.033592 | LR = 5.00e-03
[2026-01-26 21:35:58][INFO] [Epoch 137] MSE Loss = 70.386711 | LR = 5.00e-03
[2026-01-26 21:40:20][INFO] [Epoch 138] MSE Loss = 75.109022 | LR = 5.00e-03
[2026-01-26 21:44:43][INFO] [Epoch 139] MSE Loss = 90.978402 | LR = 5.00e-03
[2026-01-26 21:49:05][INFO] [Epoch 140] MSE Loss = 80.243208 | LR = 5.00e-03
[2026-01-26 21:53:27][INFO] [Epoch 141] MSE Loss = 70.481799 | LR = 5.00e-03
[2026-01-26 21:57:46][INFO] [Epoch 142] MSE Loss = 65.429237 | LR = 2.50e-03
[2026-01-26 22:02:07][INFO] [Epoch 143] MSE Loss = 66.822669 | LR = 2.50e-03
[2026-01-26 22:06:29][INFO] [Epoch 144] MSE Loss = 72.033525 | LR = 2.50e-03
[2026-01-26 22:10:54][INFO] [Epoch 145] MSE Loss = 65.960562 | LR = 2.50e-03
[2026-01-26 22:15:21][INFO] [Epoch 146] MSE Loss = 70.649600 | LR = 2.50e-03
[2026-01-26 22:19:46][INFO] [Epoch 147] MSE Loss = 68.042092 | LR = 2.50e-03
[2026-01-26 22:24:11][INFO] [Epoch 148] MSE Loss = 65.314230 | LR = 2.50e-03
[2026-01-26 22:28:32][INFO] [Epoch 149] MSE Loss = 66.805215 | LR = 2.50e-03
[2026-01-26 22:32:53][INFO] [Epoch 150] MSE Loss = 65.535064 | LR = 2.50e-03
[2026-01-26 22:32:53][INFO] 模型已保存至: /data/sda/zjc/comsol_pinn/checkpoints/M03/exp01/M02_fcnn_anneal.pt
[2026-01-26 22:32:53][INFO] ========== 训练结束 ==========
