[2026-01-26 17:50:27][INFO] 日志文件创建于: /data/sda/zjc/comsol_pinn/logs/M02/train_20260126_175027_gpucpu_pid3558081.log
[2026-01-26 17:50:27][INFO] 进程 PID: 3558081
[2026-01-26 17:50:27][INFO] ========== FCNN-ANNEAL 训练开始 ==========
[2026-01-26 17:50:27][INFO] 使用设备: cuda
[2026-01-26 17:50:27][INFO] 训练参数: {'lambda_pde': 1.0, 'epochs': 50, 'lr': 0.005, 'batch_cases': 2, 'points_per_case': 60000, 'num_workers': 16, 'device': 'cuda', 'log_dir': 'logs/M02', 'ckpt_dir': 'checkpoints/M02'}
[2026-01-26 17:50:27][INFO] 数据集大小: 141 cases
[2026-01-26 17:50:27][INFO] 每 case 采样点数: 60000
[2026-01-26 17:50:28][INFO] 模型结构:
SimplePINN(
  (net): Sequential(
    (0): Linear(in_features=7, out_features=128, bias=True)
    (1): SiLU()
    (2): Linear(in_features=128, out_features=128, bias=True)
    (3): SiLU()
    (4): Linear(in_features=128, out_features=1, bias=True)
  )
)
[2026-01-26 17:50:28][INFO] 优化器: AdamW, 初始 lr=0.005, 调度策略: ReduceLROnPlateau(factor=0.5, patience=10)
[2026-01-26 17:51:50][INFO] [Epoch 001] MSE Loss = 32025.353607 | LR = 5.00e-03
[2026-01-26 17:53:21][INFO] [Epoch 002] MSE Loss = 5053.568959 | LR = 5.00e-03
[2026-01-26 17:54:45][INFO] [Epoch 003] MSE Loss = 1300.550745 | LR = 5.00e-03
