[2026-02-02 10:56:21][INFO] 日志文件创建于: /data/sda/zjc/comsol_pinn/logs/M04d1/exp05/train_20260202_105621_gpu5_pid1944477.log
[2026-02-02 10:56:21][INFO] 进程 PID: 1944477
[2026-02-02 10:56:21][INFO] ========== PINN 训练开始 ==========
[2026-02-02 10:56:21][INFO] 物理项 λ_pde = 3.0
[2026-02-02 10:56:21][INFO] 使用设备: cuda
[2026-02-02 10:56:21][INFO] 训练参数: {'lambda_pde': 3.0, 'epochs': 210, 'lr': 0.005, 'batch_cases': 1, 'lr_scheduler': 'hybrid', 'cosine_eta_min': 1e-05, 'cosine_t0': 30, 'cosine_tmult': 2, 'plateau_factor': 0.5, 'plateau_patience': 6, 'plateau_min_lr': 1e-05, 'use_pde_anneal': True, 'pde_anneal_gamma': 0.2, 'pde_lambda_min': 0.0, 'use_soft_mask': False, 'mask_alpha': 40.0, 'mask_temp_ratio': 0.7, 'points_per_case': 320000, 'device': 'cuda', 'num_workers': 8, 'log_dir': 'logs/M04d1/exp05', 'ckpt_dir': 'checkpoints/M04d1/exp05'}
[2026-02-02 10:56:21][INFO] 数据集大小: 141 cases
[2026-02-02 10:56:21][INFO] 每 case 采样点数: 320000
[2026-02-02 10:56:22][INFO] 模型结构:
SimplePINN(
  (net): Sequential(
    (0): Linear(in_features=7, out_features=128, bias=True)
    (1): SiLU()
    (2): Linear(in_features=128, out_features=128, bias=True)
    (3): SiLU()
    (4): Linear(in_features=128, out_features=1, bias=True)
  )
)
[2026-02-02 10:56:22][INFO] 优化器: AdamW, 初始 lr=0.005, 学习率调度器: hybrid
[2026-02-02 10:59:04][INFO] [Epoch 001] MSE Loss=14269.910148 | PDE Loss=0.056865 | λ_pde=3.000e+00 | LR=5.00e-03
[2026-02-02 11:01:42][INFO] [Epoch 002] MSE Loss=5731.760708 | PDE Loss=0.047641 | λ_pde=2.456e+00 | LR=4.99e-03
[2026-02-02 11:04:21][INFO] [Epoch 003] MSE Loss=4262.344220 | PDE Loss=0.045370 | λ_pde=2.011e+00 | LR=4.95e-03
[2026-02-02 11:07:02][INFO] [Epoch 004] MSE Loss=3296.427374 | PDE Loss=0.044572 | λ_pde=1.646e+00 | LR=4.88e-03
[2026-02-02 11:09:41][INFO] [Epoch 005] MSE Loss=2775.064528 | PDE Loss=0.040857 | λ_pde=1.348e+00 | LR=4.78e-03
[2026-02-02 11:12:20][INFO] [Epoch 006] MSE Loss=2173.456366 | PDE Loss=0.037515 | λ_pde=1.104e+00 | LR=4.67e-03
[2026-02-02 11:15:02][INFO] [Epoch 007] MSE Loss=1690.784732 | PDE Loss=0.051227 | λ_pde=9.036e-01 | LR=4.52e-03
[2026-02-02 11:17:44][INFO] [Epoch 008] MSE Loss=1228.776377 | PDE Loss=0.060992 | λ_pde=7.398e-01 | LR=4.36e-03
[2026-02-02 11:20:22][INFO] [Epoch 009] MSE Loss=897.904618 | PDE Loss=0.070498 | λ_pde=6.057e-01 | LR=4.17e-03
[2026-02-02 11:23:00][INFO] [Epoch 010] MSE Loss=510.496135 | PDE Loss=0.083295 | λ_pde=4.959e-01 | LR=3.97e-03
[2026-02-02 11:25:46][INFO] [Epoch 011] MSE Loss=360.700880 | PDE Loss=0.105057 | λ_pde=4.060e-01 | LR=3.75e-03
[2026-02-02 11:28:29][INFO] [Epoch 012] MSE Loss=261.036507 | PDE Loss=0.139907 | λ_pde=3.324e-01 | LR=3.52e-03
[2026-02-02 11:31:11][INFO] [Epoch 013] MSE Loss=195.967961 | PDE Loss=0.171877 | λ_pde=2.722e-01 | LR=3.28e-03
[2026-02-02 11:33:52][INFO] [Epoch 014] MSE Loss=151.072226 | PDE Loss=0.197200 | λ_pde=2.228e-01 | LR=3.02e-03
[2026-02-02 11:36:29][INFO] [Epoch 015] MSE Loss=138.178277 | PDE Loss=0.224512 | λ_pde=1.824e-01 | LR=2.77e-03
[2026-02-02 11:39:13][INFO] [Epoch 016] MSE Loss=124.648839 | PDE Loss=0.254159 | λ_pde=1.494e-01 | LR=2.51e-03
[2026-02-02 11:41:51][INFO] [Epoch 017] MSE Loss=117.630370 | PDE Loss=0.274484 | λ_pde=1.223e-01 | LR=2.24e-03
[2026-02-02 11:44:32][INFO] [Epoch 018] MSE Loss=120.500173 | PDE Loss=0.302412 | λ_pde=1.001e-01 | LR=1.99e-03
[2026-02-02 11:47:13][INFO] [Epoch 019] MSE Loss=110.729539 | PDE Loss=0.327718 | λ_pde=8.197e-02 | LR=1.73e-03
[2026-02-02 11:49:51][INFO] [Epoch 020] MSE Loss=108.262705 | PDE Loss=0.343440 | λ_pde=6.711e-02 | LR=1.49e-03
[2026-02-02 11:52:31][INFO] [Epoch 021] MSE Loss=105.257218 | PDE Loss=0.362000 | λ_pde=5.495e-02 | LR=1.26e-03
[2026-02-02 11:55:15][INFO] [Epoch 022] MSE Loss=102.268199 | PDE Loss=0.387031 | λ_pde=4.499e-02 | LR=1.04e-03
[2026-02-02 11:57:52][INFO] [Epoch 023] MSE Loss=101.460718 | PDE Loss=0.399568 | λ_pde=3.683e-02 | LR=8.36e-04
[2026-02-02 12:00:29][INFO] [Epoch 024] MSE Loss=99.014705 | PDE Loss=0.412766 | λ_pde=3.016e-02 | LR=6.51e-04
[2026-02-02 12:03:09][INFO] [Epoch 025] MSE Loss=97.417271 | PDE Loss=0.423017 | λ_pde=2.469e-02 | LR=4.87e-04
[2026-02-02 12:05:49][INFO] [Epoch 026] MSE Loss=96.559503 | PDE Loss=0.433516 | λ_pde=2.021e-02 | LR=3.44e-04
[2026-02-02 12:08:28][INFO] [Epoch 027] MSE Loss=95.858124 | PDE Loss=0.439276 | λ_pde=1.655e-02 | LR=2.26e-04
[2026-02-02 12:11:10][INFO] [Epoch 028] MSE Loss=95.273076 | PDE Loss=0.444242 | λ_pde=1.355e-02 | LR=1.32e-04
[2026-02-02 12:13:52][INFO] [Epoch 029] MSE Loss=94.983705 | PDE Loss=0.446020 | λ_pde=1.109e-02 | LR=6.45e-05
[2026-02-02 12:16:33][INFO] [Epoch 030] MSE Loss=94.810559 | PDE Loss=0.447233 | λ_pde=9.083e-03 | LR=2.37e-05
[2026-02-02 12:19:10][INFO] [Epoch 031] MSE Loss=493.365370 | PDE Loss=0.388199 | λ_pde=7.436e-03 | LR=5.00e-03
[2026-02-02 12:21:46][INFO] [Epoch 032] MSE Loss=343.241114 | PDE Loss=0.387275 | λ_pde=6.088e-03 | LR=5.00e-03
[2026-02-02 12:24:24][INFO] [Epoch 033] MSE Loss=125.101369 | PDE Loss=0.430029 | λ_pde=4.985e-03 | LR=4.99e-03
[2026-02-02 12:27:05][INFO] [Epoch 034] MSE Loss=98.758747 | PDE Loss=0.491770 | λ_pde=4.081e-03 | LR=4.97e-03
[2026-02-02 12:29:43][INFO] [Epoch 035] MSE Loss=147.002817 | PDE Loss=0.542347 | λ_pde=3.341e-03 | LR=4.95e-03
[2026-02-02 12:32:23][INFO] [Epoch 036] MSE Loss=94.487916 | PDE Loss=0.686356 | λ_pde=2.736e-03 | LR=4.91e-03
[2026-02-02 12:35:03][INFO] [Epoch 037] MSE Loss=81.128227 | PDE Loss=0.898118 | λ_pde=2.240e-03 | LR=4.88e-03
[2026-02-02 12:37:43][INFO] [Epoch 038] MSE Loss=173.905750 | PDE Loss=1.115069 | λ_pde=1.834e-03 | LR=4.83e-03
[2026-02-02 12:40:23][INFO] [Epoch 039] MSE Loss=79.243159 | PDE Loss=1.371674 | λ_pde=1.501e-03 | LR=4.78e-03
[2026-02-02 12:43:05][INFO] [Epoch 040] MSE Loss=71.862252 | PDE Loss=1.612262 | λ_pde=1.229e-03 | LR=4.73e-03
[2026-02-02 12:45:45][INFO] [Epoch 041] MSE Loss=64.839534 | PDE Loss=2.058926 | λ_pde=1.006e-03 | LR=4.67e-03
[2026-02-02 12:48:28][INFO] [Epoch 042] MSE Loss=79.221943 | PDE Loss=2.331827 | λ_pde=8.240e-04 | LR=4.60e-03
[2026-02-02 12:51:08][INFO] [Epoch 043] MSE Loss=69.076840 | PDE Loss=2.658738 | λ_pde=6.746e-04 | LR=4.52e-03
[2026-02-02 12:53:44][INFO] [Epoch 044] MSE Loss=66.013139 | PDE Loss=2.969716 | λ_pde=5.523e-04 | LR=4.44e-03
[2026-02-02 12:56:26][INFO] [Epoch 045] MSE Loss=77.582440 | PDE Loss=3.138225 | λ_pde=4.522e-04 | LR=4.36e-03
[2026-02-02 12:59:04][INFO] [Epoch 046] MSE Loss=65.590288 | PDE Loss=3.483018 | λ_pde=3.702e-04 | LR=4.27e-03
[2026-02-02 13:01:45][INFO] [Epoch 047] MSE Loss=53.204590 | PDE Loss=3.877629 | λ_pde=3.031e-04 | LR=4.17e-03
[2026-02-02 13:04:26][INFO] [Epoch 048] MSE Loss=116.901625 | PDE Loss=4.082484 | λ_pde=2.482e-04 | LR=4.08e-03
[2026-02-02 13:07:06][INFO] [Epoch 049] MSE Loss=75.331577 | PDE Loss=4.165866 | λ_pde=2.032e-04 | LR=3.97e-03
[2026-02-02 13:09:47][INFO] [Epoch 050] MSE Loss=82.800983 | PDE Loss=4.496718 | λ_pde=1.664e-04 | LR=3.86e-03
[2026-02-02 13:12:26][INFO] [Epoch 051] MSE Loss=106.527966 | PDE Loss=4.513599 | λ_pde=1.362e-04 | LR=3.75e-03
[2026-02-02 13:15:05][INFO] [Epoch 052] MSE Loss=65.387370 | PDE Loss=4.806836 | λ_pde=1.115e-04 | LR=3.64e-03
[2026-02-02 13:17:44][INFO] [Epoch 053] MSE Loss=69.213186 | PDE Loss=5.015196 | λ_pde=9.130e-05 | LR=3.52e-03
[2026-02-02 13:20:24][INFO] [Epoch 054] MSE Loss=95.783035 | PDE Loss=4.944721 | λ_pde=7.475e-05 | LR=3.40e-03
[2026-02-02 13:23:02][INFO] [Epoch 055] MSE Loss=43.960522 | PDE Loss=5.357411 | λ_pde=6.120e-05 | LR=1.64e-03
[2026-02-02 13:25:42][INFO] [Epoch 056] MSE Loss=48.705162 | PDE Loss=5.736095 | λ_pde=5.011e-05 | LR=3.15e-03
[2026-02-02 13:28:23][INFO] [Epoch 057] MSE Loss=42.853039 | PDE Loss=6.204766 | λ_pde=4.102e-05 | LR=3.02e-03
[2026-02-02 13:31:02][INFO] [Epoch 058] MSE Loss=42.754788 | PDE Loss=6.621142 | λ_pde=3.359e-05 | LR=2.90e-03
[2026-02-02 13:33:43][INFO] [Epoch 059] MSE Loss=40.638369 | PDE Loss=7.227481 | λ_pde=2.750e-05 | LR=2.77e-03
[2026-02-02 13:36:24][INFO] [Epoch 060] MSE Loss=42.304271 | PDE Loss=7.386189 | λ_pde=2.251e-05 | LR=2.64e-03
[2026-02-02 13:39:03][INFO] [Epoch 061] MSE Loss=59.242748 | PDE Loss=7.920418 | λ_pde=1.843e-05 | LR=2.51e-03
[2026-02-02 13:41:47][INFO] [Epoch 062] MSE Loss=49.133909 | PDE Loss=7.895571 | λ_pde=1.509e-05 | LR=2.37e-03
[2026-02-02 13:44:25][INFO] [Epoch 063] MSE Loss=38.475968 | PDE Loss=8.337060 | λ_pde=1.236e-05 | LR=2.24e-03
[2026-02-02 13:47:03][INFO] [Epoch 064] MSE Loss=38.253878 | PDE Loss=8.676906 | λ_pde=1.012e-05 | LR=2.11e-03
[2026-02-02 13:49:40][INFO] [Epoch 065] MSE Loss=36.756653 | PDE Loss=8.850911 | λ_pde=8.282e-06 | LR=1.99e-03
[2026-02-02 13:52:18][INFO] [Epoch 066] MSE Loss=35.354232 | PDE Loss=9.305135 | λ_pde=6.781e-06 | LR=1.86e-03
[2026-02-02 13:54:55][INFO] [Epoch 067] MSE Loss=35.259473 | PDE Loss=9.557124 | λ_pde=5.552e-06 | LR=1.73e-03
[2026-02-02 13:57:35][INFO] [Epoch 068] MSE Loss=34.521868 | PDE Loss=9.938499 | λ_pde=4.545e-06 | LR=1.61e-03
[2026-02-02 14:00:14][INFO] [Epoch 069] MSE Loss=34.227559 | PDE Loss=10.258101 | λ_pde=3.721e-06 | LR=1.49e-03
[2026-02-02 14:02:52][INFO] [Epoch 070] MSE Loss=33.100244 | PDE Loss=10.454719 | λ_pde=3.047e-06 | LR=1.37e-03
[2026-02-02 14:05:35][INFO] [Epoch 071] MSE Loss=32.323923 | PDE Loss=10.949488 | λ_pde=2.495e-06 | LR=1.26e-03
[2026-02-02 14:08:16][INFO] [Epoch 072] MSE Loss=32.630752 | PDE Loss=11.133657 | λ_pde=2.042e-06 | LR=1.15e-03
[2026-02-02 14:10:57][INFO] [Epoch 073] MSE Loss=31.218523 | PDE Loss=11.406932 | λ_pde=1.672e-06 | LR=1.04e-03
[2026-02-02 14:13:38][INFO] [Epoch 074] MSE Loss=31.339178 | PDE Loss=11.599276 | λ_pde=1.369e-06 | LR=9.35e-04
[2026-02-02 14:16:13][INFO] [Epoch 075] MSE Loss=31.156717 | PDE Loss=11.856795 | λ_pde=1.121e-06 | LR=8.36e-04
[2026-02-02 14:18:53][INFO] [Epoch 076] MSE Loss=30.369558 | PDE Loss=12.153528 | λ_pde=9.177e-07 | LR=7.41e-04
[2026-02-02 14:21:32][INFO] [Epoch 077] MSE Loss=30.304510 | PDE Loss=12.227064 | λ_pde=7.514e-07 | LR=6.51e-04
[2026-02-02 14:24:12][INFO] [Epoch 078] MSE Loss=29.749842 | PDE Loss=12.464571 | λ_pde=6.152e-07 | LR=5.66e-04
[2026-02-02 14:26:53][INFO] [Epoch 079] MSE Loss=29.749807 | PDE Loss=12.512184 | λ_pde=5.036e-07 | LR=4.87e-04
[2026-02-02 14:29:34][INFO] [Epoch 080] MSE Loss=29.287350 | PDE Loss=12.731030 | λ_pde=4.124e-07 | LR=4.13e-04
[2026-02-02 14:32:13][INFO] [Epoch 081] MSE Loss=29.092840 | PDE Loss=12.708443 | λ_pde=3.376e-07 | LR=3.44e-04
[2026-02-02 14:34:54][INFO] [Epoch 082] MSE Loss=28.804724 | PDE Loss=13.000436 | λ_pde=2.764e-07 | LR=2.82e-04
[2026-02-02 14:37:31][INFO] [Epoch 083] MSE Loss=28.615020 | PDE Loss=12.993539 | λ_pde=2.263e-07 | LR=2.26e-04
[2026-02-02 14:40:09][INFO] [Epoch 084] MSE Loss=28.484861 | PDE Loss=13.107026 | λ_pde=1.853e-07 | LR=1.76e-04
[2026-02-02 14:42:50][INFO] [Epoch 085] MSE Loss=28.379903 | PDE Loss=13.054204 | λ_pde=1.517e-07 | LR=1.32e-04
[2026-02-02 14:45:31][INFO] [Epoch 086] MSE Loss=28.318882 | PDE Loss=13.166907 | λ_pde=1.242e-07 | LR=9.50e-05
[2026-02-02 14:48:10][INFO] [Epoch 087] MSE Loss=28.237589 | PDE Loss=13.147347 | λ_pde=1.017e-07 | LR=6.45e-05
[2026-02-02 14:50:49][INFO] [Epoch 088] MSE Loss=28.234100 | PDE Loss=13.227708 | λ_pde=8.325e-08 | LR=4.07e-05
[2026-02-02 14:53:27][INFO] [Epoch 089] MSE Loss=28.210264 | PDE Loss=13.246132 | λ_pde=6.816e-08 | LR=2.37e-05
[2026-02-02 14:56:11][INFO] [Epoch 090] MSE Loss=28.121651 | PDE Loss=13.226595 | λ_pde=5.581e-08 | LR=1.34e-05
[2026-02-02 14:58:51][INFO] [Epoch 091] MSE Loss=2066.282941 | PDE Loss=1.844405 | λ_pde=4.569e-08 | LR=5.00e-03
[2026-02-02 15:01:29][INFO] [Epoch 092] MSE Loss=147.271481 | PDE Loss=1.234178 | λ_pde=3.741e-08 | LR=5.00e-03
[2026-02-02 15:04:12][INFO] [Epoch 093] MSE Loss=82.887803 | PDE Loss=1.417378 | λ_pde=3.063e-08 | LR=5.00e-03
[2026-02-02 15:06:50][INFO] [Epoch 094] MSE Loss=71.242385 | PDE Loss=1.560022 | λ_pde=2.508e-08 | LR=4.99e-03
[2026-02-02 15:09:29][INFO] [Epoch 095] MSE Loss=66.367569 | PDE Loss=1.722865 | λ_pde=2.053e-08 | LR=4.99e-03
[2026-02-02 15:12:09][INFO] [Epoch 096] MSE Loss=62.886333 | PDE Loss=1.923104 | λ_pde=1.681e-08 | LR=4.98e-03
[2026-02-02 15:14:48][INFO] [Epoch 097] MSE Loss=64.620403 | PDE Loss=2.148694 | λ_pde=1.376e-08 | LR=4.97e-03
[2026-02-02 15:17:25][INFO] [Epoch 098] MSE Loss=58.343109 | PDE Loss=2.290448 | λ_pde=1.127e-08 | LR=2.48e-03
[2026-02-02 15:20:07][INFO] [Epoch 099] MSE Loss=56.745546 | PDE Loss=2.453879 | λ_pde=9.225e-09 | LR=4.95e-03
[2026-02-02 15:22:48][INFO] [Epoch 100] MSE Loss=62.281816 | PDE Loss=2.789875 | λ_pde=7.552e-09 | LR=4.93e-03
[2026-02-02 15:25:27][INFO] [Epoch 101] MSE Loss=69.150741 | PDE Loss=3.207532 | λ_pde=6.183e-09 | LR=4.91e-03
[2026-02-02 15:28:08][INFO] [Epoch 102] MSE Loss=67.544596 | PDE Loss=3.527053 | λ_pde=5.063e-09 | LR=4.90e-03
[2026-02-02 15:30:48][INFO] [Epoch 103] MSE Loss=69.249137 | PDE Loss=4.000203 | λ_pde=4.145e-09 | LR=4.88e-03
[2026-02-02 15:33:31][INFO] [Epoch 104] MSE Loss=158.480888 | PDE Loss=3.979006 | λ_pde=3.394e-09 | LR=4.86e-03
[2026-02-02 15:36:12][INFO] [Epoch 105] MSE Loss=52.418778 | PDE Loss=4.317113 | λ_pde=2.778e-09 | LR=2.42e-03
[2026-02-02 15:38:54][INFO] [Epoch 106] MSE Loss=55.059937 | PDE Loss=4.672379 | λ_pde=2.275e-09 | LR=4.81e-03
[2026-02-02 15:41:34][INFO] [Epoch 107] MSE Loss=201.224963 | PDE Loss=4.914248 | λ_pde=1.862e-09 | LR=4.78e-03
[2026-02-02 15:44:14][INFO] [Epoch 108] MSE Loss=225.374104 | PDE Loss=4.128224 | λ_pde=1.525e-09 | LR=4.76e-03
[2026-02-02 15:46:52][INFO] [Epoch 109] MSE Loss=58.631912 | PDE Loss=4.363855 | λ_pde=1.248e-09 | LR=4.73e-03
[2026-02-02 15:49:29][INFO] [Epoch 110] MSE Loss=48.301762 | PDE Loss=4.866032 | λ_pde=1.022e-09 | LR=4.70e-03
[2026-02-02 15:52:10][INFO] [Epoch 111] MSE Loss=45.474688 | PDE Loss=5.347177 | λ_pde=8.368e-10 | LR=4.67e-03
[2026-02-02 15:54:52][INFO] [Epoch 112] MSE Loss=43.037867 | PDE Loss=5.602213 | λ_pde=6.851e-10 | LR=2.32e-03
[2026-02-02 15:57:31][INFO] [Epoch 113] MSE Loss=41.890903 | PDE Loss=5.972607 | λ_pde=5.610e-10 | LR=4.60e-03
[2026-02-02 16:00:11][INFO] [Epoch 114] MSE Loss=43.013257 | PDE Loss=6.387124 | λ_pde=4.593e-10 | LR=4.56e-03
[2026-02-02 16:02:51][INFO] [Epoch 115] MSE Loss=48.384166 | PDE Loss=6.834932 | λ_pde=3.760e-10 | LR=4.52e-03
[2026-02-02 16:05:31][INFO] [Epoch 116] MSE Loss=62.919837 | PDE Loss=7.345096 | λ_pde=3.079e-10 | LR=4.48e-03
[2026-02-02 16:08:10][INFO] [Epoch 117] MSE Loss=41.754905 | PDE Loss=7.639885 | λ_pde=2.521e-10 | LR=4.44e-03
[2026-02-02 16:10:49][INFO] [Epoch 118] MSE Loss=41.213548 | PDE Loss=8.008539 | λ_pde=2.064e-10 | LR=4.40e-03
[2026-02-02 16:13:30][INFO] [Epoch 119] MSE Loss=35.672033 | PDE Loss=8.337754 | λ_pde=1.690e-10 | LR=2.18e-03
[2026-02-02 16:16:08][INFO] [Epoch 120] MSE Loss=39.269438 | PDE Loss=8.663690 | λ_pde=1.383e-10 | LR=4.31e-03
[2026-02-02 16:18:48][INFO] [Epoch 121] MSE Loss=139.603735 | PDE Loss=8.633495 | λ_pde=1.133e-10 | LR=4.27e-03
[2026-02-02 16:21:27][INFO] [Epoch 122] MSE Loss=98.419601 | PDE Loss=8.508349 | λ_pde=9.272e-11 | LR=4.22e-03
[2026-02-02 16:24:11][INFO] [Epoch 123] MSE Loss=49.108197 | PDE Loss=8.827227 | λ_pde=7.592e-11 | LR=4.17e-03
[2026-02-02 16:26:51][INFO] [Epoch 124] MSE Loss=41.881732 | PDE Loss=9.002462 | λ_pde=6.216e-11 | LR=4.13e-03
[2026-02-02 16:29:35][INFO] [Epoch 125] MSE Loss=49.147219 | PDE Loss=9.167806 | λ_pde=5.089e-11 | LR=4.08e-03
[2026-02-02 16:32:17][INFO] [Epoch 126] MSE Loss=34.795265 | PDE Loss=9.472160 | λ_pde=4.166e-11 | LR=2.01e-03
[2026-02-02 16:35:17][INFO] [Epoch 127] MSE Loss=43.342718 | PDE Loss=9.701923 | λ_pde=3.411e-11 | LR=3.97e-03
[2026-02-02 16:38:28][INFO] [Epoch 128] MSE Loss=47.054952 | PDE Loss=9.925687 | λ_pde=2.793e-11 | LR=3.92e-03
[2026-02-02 16:41:41][INFO] [Epoch 129] MSE Loss=56.435189 | PDE Loss=10.409569 | λ_pde=2.287e-11 | LR=3.86e-03
[2026-02-02 16:44:44][INFO] [Epoch 130] MSE Loss=56.270242 | PDE Loss=10.330585 | λ_pde=1.872e-11 | LR=3.81e-03
[2026-02-02 16:47:26][INFO] [Epoch 131] MSE Loss=36.581580 | PDE Loss=10.816915 | λ_pde=1.533e-11 | LR=3.75e-03
[2026-02-02 16:50:09][INFO] [Epoch 132] MSE Loss=35.052700 | PDE Loss=11.129791 | λ_pde=1.255e-11 | LR=3.70e-03
[2026-02-02 16:52:54][INFO] [Epoch 133] MSE Loss=30.694836 | PDE Loss=11.409179 | λ_pde=1.027e-11 | LR=1.82e-03
[2026-02-02 16:55:35][INFO] [Epoch 134] MSE Loss=32.497888 | PDE Loss=11.802957 | λ_pde=8.412e-12 | LR=3.58e-03
[2026-02-02 16:58:19][INFO] [Epoch 135] MSE Loss=60.497592 | PDE Loss=12.110207 | λ_pde=6.887e-12 | LR=3.52e-03
[2026-02-02 17:01:00][INFO] [Epoch 136] MSE Loss=35.043016 | PDE Loss=12.758205 | λ_pde=5.639e-12 | LR=3.46e-03
[2026-02-02 17:03:41][INFO] [Epoch 137] MSE Loss=58.205569 | PDE Loss=12.952251 | λ_pde=4.616e-12 | LR=3.40e-03
[2026-02-02 17:06:21][INFO] [Epoch 138] MSE Loss=30.975566 | PDE Loss=13.773028 | λ_pde=3.780e-12 | LR=3.34e-03
[2026-02-02 17:08:59][INFO] [Epoch 139] MSE Loss=28.893945 | PDE Loss=14.644710 | λ_pde=3.095e-12 | LR=3.28e-03
[2026-02-02 17:12:11][INFO] [Epoch 140] MSE Loss=27.586614 | PDE Loss=15.213561 | λ_pde=2.534e-12 | LR=1.61e-03
[2026-02-02 17:15:20][INFO] [Epoch 141] MSE Loss=28.806627 | PDE Loss=15.876548 | λ_pde=2.074e-12 | LR=3.15e-03
[2026-02-02 17:18:31][INFO] [Epoch 142] MSE Loss=32.436430 | PDE Loss=17.028485 | λ_pde=1.698e-12 | LR=3.09e-03
[2026-02-02 17:21:44][INFO] [Epoch 143] MSE Loss=52.694743 | PDE Loss=17.432368 | λ_pde=1.390e-12 | LR=3.02e-03
[2026-02-02 17:24:57][INFO] [Epoch 144] MSE Loss=36.414264 | PDE Loss=18.694634 | λ_pde=1.138e-12 | LR=2.96e-03
[2026-02-02 17:28:05][INFO] [Epoch 145] MSE Loss=31.767930 | PDE Loss=20.077641 | λ_pde=9.321e-13 | LR=2.90e-03
[2026-02-02 17:31:03][INFO] [Epoch 146] MSE Loss=33.649242 | PDE Loss=21.219820 | λ_pde=7.631e-13 | LR=2.83e-03
[2026-02-02 17:33:42][INFO] [Epoch 147] MSE Loss=44.153478 | PDE Loss=21.768278 | λ_pde=6.248e-13 | LR=2.77e-03
[2026-02-02 17:36:21][INFO] [Epoch 148] MSE Loss=25.463467 | PDE Loss=23.429449 | λ_pde=5.115e-13 | LR=1.35e-03
[2026-02-02 17:39:02][INFO] [Epoch 149] MSE Loss=25.185793 | PDE Loss=24.325107 | λ_pde=4.188e-13 | LR=2.64e-03
[2026-02-02 17:41:40][INFO] [Epoch 150] MSE Loss=26.703920 | PDE Loss=25.708914 | λ_pde=3.429e-13 | LR=2.57e-03
[2026-02-02 17:44:18][INFO] [Epoch 151] MSE Loss=31.266348 | PDE Loss=26.729596 | λ_pde=2.807e-13 | LR=2.51e-03
[2026-02-02 17:46:58][INFO] [Epoch 152] MSE Loss=26.915569 | PDE Loss=27.874655 | λ_pde=2.298e-13 | LR=2.44e-03
[2026-02-02 17:49:43][INFO] [Epoch 153] MSE Loss=27.044061 | PDE Loss=28.805135 | λ_pde=1.882e-13 | LR=2.37e-03
[2026-02-02 17:52:24][INFO] [Epoch 154] MSE Loss=43.518991 | PDE Loss=28.188133 | λ_pde=1.541e-13 | LR=2.31e-03
[2026-02-02 17:55:06][INFO] [Epoch 155] MSE Loss=34.297455 | PDE Loss=29.132600 | λ_pde=1.261e-13 | LR=2.24e-03
[2026-02-02 17:58:15][INFO] [Epoch 156] MSE Loss=24.298559 | PDE Loss=31.888923 | λ_pde=1.033e-13 | LR=2.18e-03
[2026-02-02 18:01:27][INFO] [Epoch 157] MSE Loss=27.554370 | PDE Loss=31.564205 | λ_pde=8.455e-14 | LR=2.11e-03
