[2026-02-02 10:56:21][INFO] 日志文件创建于: /data/sda/zjc/comsol_pinn/logs/M04d1/exp01/train_20260202_105621_gpu1_pid1944449.log
[2026-02-02 10:56:21][INFO] 进程 PID: 1944449
[2026-02-02 10:56:21][INFO] ========== PINN 训练开始 ==========
[2026-02-02 10:56:21][INFO] 物理项 λ_pde = 0.0
[2026-02-02 10:56:21][INFO] 使用设备: cuda
[2026-02-02 10:56:21][INFO] 训练参数: {'lambda_pde': 0.0, 'epochs': 210, 'lr': 0.005, 'batch_cases': 1, 'lr_scheduler': 'hybrid', 'cosine_eta_min': 1e-05, 'cosine_t0': 30, 'cosine_tmult': 2, 'plateau_factor': 0.5, 'plateau_patience': 6, 'plateau_min_lr': 1e-05, 'use_pde_anneal': True, 'pde_anneal_gamma': 0.2, 'pde_lambda_min': 0.0, 'use_soft_mask': False, 'mask_alpha': 40.0, 'mask_temp_ratio': 0.7, 'points_per_case': 320000, 'device': 'cuda', 'num_workers': 8, 'log_dir': 'logs/M04d1/exp01', 'ckpt_dir': 'checkpoints/M04d1/exp01'}
[2026-02-02 10:56:21][INFO] 数据集大小: 141 cases
[2026-02-02 10:56:21][INFO] 每 case 采样点数: 320000
[2026-02-02 10:56:22][INFO] 模型结构:
SimplePINN(
  (net): Sequential(
    (0): Linear(in_features=7, out_features=128, bias=True)
    (1): SiLU()
    (2): Linear(in_features=128, out_features=128, bias=True)
    (3): SiLU()
    (4): Linear(in_features=128, out_features=1, bias=True)
  )
)
[2026-02-02 10:56:22][INFO] 优化器: AdamW, 初始 lr=0.005, 学习率调度器: hybrid
[2026-02-02 10:59:03][INFO] [Epoch 001] MSE Loss=14197.314153 | PDE Loss=0.069423 | λ_pde=0.000e+00 | LR=5.00e-03
[2026-02-02 11:01:42][INFO] [Epoch 002] MSE Loss=6189.669654 | PDE Loss=0.064219 | λ_pde=0.000e+00 | LR=4.99e-03
[2026-02-02 11:04:21][INFO] [Epoch 003] MSE Loss=4388.209340 | PDE Loss=0.057836 | λ_pde=0.000e+00 | LR=4.95e-03
[2026-02-02 11:07:01][INFO] [Epoch 004] MSE Loss=3695.916465 | PDE Loss=0.051844 | λ_pde=0.000e+00 | LR=4.88e-03
[2026-02-02 11:09:39][INFO] [Epoch 005] MSE Loss=2852.576749 | PDE Loss=0.056487 | λ_pde=0.000e+00 | LR=4.78e-03
[2026-02-02 11:12:17][INFO] [Epoch 006] MSE Loss=2301.662801 | PDE Loss=0.074922 | λ_pde=0.000e+00 | LR=4.67e-03
[2026-02-02 11:14:56][INFO] [Epoch 007] MSE Loss=1942.017872 | PDE Loss=0.083843 | λ_pde=0.000e+00 | LR=4.52e-03
[2026-02-02 11:17:34][INFO] [Epoch 008] MSE Loss=1536.286024 | PDE Loss=0.087555 | λ_pde=0.000e+00 | LR=4.36e-03
[2026-02-02 11:20:14][INFO] [Epoch 009] MSE Loss=947.419571 | PDE Loss=0.095214 | λ_pde=0.000e+00 | LR=4.17e-03
[2026-02-02 11:22:57][INFO] [Epoch 010] MSE Loss=791.591788 | PDE Loss=0.094609 | λ_pde=0.000e+00 | LR=3.97e-03
[2026-02-02 11:25:39][INFO] [Epoch 011] MSE Loss=557.520941 | PDE Loss=0.103131 | λ_pde=0.000e+00 | LR=3.75e-03
[2026-02-02 11:28:20][INFO] [Epoch 012] MSE Loss=404.984627 | PDE Loss=0.118706 | λ_pde=0.000e+00 | LR=3.52e-03
[2026-02-02 11:31:02][INFO] [Epoch 013] MSE Loss=258.095996 | PDE Loss=0.133513 | λ_pde=0.000e+00 | LR=3.28e-03
[2026-02-02 11:33:39][INFO] [Epoch 014] MSE Loss=228.906695 | PDE Loss=0.151186 | λ_pde=0.000e+00 | LR=3.02e-03
[2026-02-02 11:36:23][INFO] [Epoch 015] MSE Loss=167.871150 | PDE Loss=0.168417 | λ_pde=0.000e+00 | LR=2.77e-03
[2026-02-02 11:39:06][INFO] [Epoch 016] MSE Loss=158.446092 | PDE Loss=0.188903 | λ_pde=0.000e+00 | LR=2.51e-03
[2026-02-02 11:41:49][INFO] [Epoch 017] MSE Loss=128.737176 | PDE Loss=0.213113 | λ_pde=0.000e+00 | LR=2.24e-03
[2026-02-02 11:44:25][INFO] [Epoch 018] MSE Loss=122.235786 | PDE Loss=0.237015 | λ_pde=0.000e+00 | LR=1.99e-03
[2026-02-02 11:47:05][INFO] [Epoch 019] MSE Loss=117.448972 | PDE Loss=0.266051 | λ_pde=0.000e+00 | LR=1.73e-03
[2026-02-02 11:49:44][INFO] [Epoch 020] MSE Loss=112.253094 | PDE Loss=0.290745 | λ_pde=0.000e+00 | LR=1.49e-03
[2026-02-02 11:52:25][INFO] [Epoch 021] MSE Loss=108.538942 | PDE Loss=0.314933 | λ_pde=0.000e+00 | LR=1.26e-03
[2026-02-02 11:55:02][INFO] [Epoch 022] MSE Loss=104.804453 | PDE Loss=0.333286 | λ_pde=0.000e+00 | LR=1.04e-03
[2026-02-02 11:57:41][INFO] [Epoch 023] MSE Loss=102.782595 | PDE Loss=0.356053 | λ_pde=0.000e+00 | LR=8.36e-04
[2026-02-02 12:00:19][INFO] [Epoch 024] MSE Loss=100.752713 | PDE Loss=0.367316 | λ_pde=0.000e+00 | LR=6.51e-04
[2026-02-02 12:02:59][INFO] [Epoch 025] MSE Loss=99.221884 | PDE Loss=0.379047 | λ_pde=0.000e+00 | LR=4.87e-04
[2026-02-02 12:05:40][INFO] [Epoch 026] MSE Loss=97.880943 | PDE Loss=0.384982 | λ_pde=0.000e+00 | LR=3.44e-04
[2026-02-02 12:08:22][INFO] [Epoch 027] MSE Loss=97.209588 | PDE Loss=0.392992 | λ_pde=0.000e+00 | LR=2.26e-04
[2026-02-02 12:11:01][INFO] [Epoch 028] MSE Loss=96.362375 | PDE Loss=0.395877 | λ_pde=0.000e+00 | LR=1.32e-04
[2026-02-02 12:13:39][INFO] [Epoch 029] MSE Loss=96.117887 | PDE Loss=0.399306 | λ_pde=0.000e+00 | LR=6.45e-05
[2026-02-02 12:16:18][INFO] [Epoch 030] MSE Loss=95.938868 | PDE Loss=0.400610 | λ_pde=0.000e+00 | LR=2.37e-05
[2026-02-02 12:18:58][INFO] [Epoch 031] MSE Loss=238.028368 | PDE Loss=0.447869 | λ_pde=0.000e+00 | LR=5.00e-03
[2026-02-02 12:21:42][INFO] [Epoch 032] MSE Loss=122.883551 | PDE Loss=0.531287 | λ_pde=0.000e+00 | LR=5.00e-03
[2026-02-02 12:24:20][INFO] [Epoch 033] MSE Loss=127.008411 | PDE Loss=0.638322 | λ_pde=0.000e+00 | LR=4.99e-03
[2026-02-02 12:26:59][INFO] [Epoch 034] MSE Loss=204.661727 | PDE Loss=0.750301 | λ_pde=0.000e+00 | LR=4.97e-03
[2026-02-02 12:29:43][INFO] [Epoch 035] MSE Loss=233.753425 | PDE Loss=0.957940 | λ_pde=0.000e+00 | LR=4.95e-03
[2026-02-02 12:32:22][INFO] [Epoch 036] MSE Loss=110.748567 | PDE Loss=1.059718 | λ_pde=0.000e+00 | LR=4.91e-03
[2026-02-02 12:35:01][INFO] [Epoch 037] MSE Loss=73.716293 | PDE Loss=1.202104 | λ_pde=0.000e+00 | LR=4.88e-03
[2026-02-02 12:37:38][INFO] [Epoch 038] MSE Loss=85.021006 | PDE Loss=1.333956 | λ_pde=0.000e+00 | LR=4.83e-03
[2026-02-02 12:40:17][INFO] [Epoch 039] MSE Loss=151.083090 | PDE Loss=1.458431 | λ_pde=0.000e+00 | LR=4.78e-03
[2026-02-02 12:42:56][INFO] [Epoch 040] MSE Loss=274.076290 | PDE Loss=1.488342 | λ_pde=0.000e+00 | LR=4.73e-03
[2026-02-02 12:45:35][INFO] [Epoch 041] MSE Loss=71.570646 | PDE Loss=1.535033 | λ_pde=0.000e+00 | LR=4.67e-03
[2026-02-02 12:48:16][INFO] [Epoch 042] MSE Loss=61.898657 | PDE Loss=1.654860 | λ_pde=0.000e+00 | LR=4.60e-03
[2026-02-02 12:50:52][INFO] [Epoch 043] MSE Loss=60.118323 | PDE Loss=1.800358 | λ_pde=0.000e+00 | LR=4.52e-03
[2026-02-02 12:53:35][INFO] [Epoch 044] MSE Loss=64.103515 | PDE Loss=1.880472 | λ_pde=0.000e+00 | LR=4.44e-03
[2026-02-02 12:56:17][INFO] [Epoch 045] MSE Loss=57.480110 | PDE Loss=2.024204 | λ_pde=0.000e+00 | LR=4.36e-03
[2026-02-02 12:58:57][INFO] [Epoch 046] MSE Loss=66.199836 | PDE Loss=2.171800 | λ_pde=0.000e+00 | LR=4.27e-03
[2026-02-02 13:01:39][INFO] [Epoch 047] MSE Loss=66.264991 | PDE Loss=2.351084 | λ_pde=0.000e+00 | LR=4.17e-03
[2026-02-02 13:04:19][INFO] [Epoch 048] MSE Loss=62.408762 | PDE Loss=2.538824 | λ_pde=0.000e+00 | LR=4.08e-03
[2026-02-02 13:07:02][INFO] [Epoch 049] MSE Loss=45.829636 | PDE Loss=2.754919 | λ_pde=0.000e+00 | LR=3.97e-03
[2026-02-02 13:09:43][INFO] [Epoch 050] MSE Loss=80.536443 | PDE Loss=3.004263 | λ_pde=0.000e+00 | LR=3.86e-03
[2026-02-02 13:12:21][INFO] [Epoch 051] MSE Loss=70.522585 | PDE Loss=3.119954 | λ_pde=0.000e+00 | LR=3.75e-03
[2026-02-02 13:15:03][INFO] [Epoch 052] MSE Loss=43.681462 | PDE Loss=3.392035 | λ_pde=0.000e+00 | LR=3.64e-03
[2026-02-02 13:17:45][INFO] [Epoch 053] MSE Loss=43.739325 | PDE Loss=3.655643 | λ_pde=0.000e+00 | LR=3.52e-03
[2026-02-02 13:20:26][INFO] [Epoch 054] MSE Loss=44.432850 | PDE Loss=3.998973 | λ_pde=0.000e+00 | LR=3.40e-03
[2026-02-02 13:23:04][INFO] [Epoch 055] MSE Loss=45.466321 | PDE Loss=4.285775 | λ_pde=0.000e+00 | LR=3.28e-03
[2026-02-02 13:25:42][INFO] [Epoch 056] MSE Loss=47.268626 | PDE Loss=4.620329 | λ_pde=0.000e+00 | LR=3.15e-03
[2026-02-02 13:28:23][INFO] [Epoch 057] MSE Loss=44.019903 | PDE Loss=4.874519 | λ_pde=0.000e+00 | LR=3.02e-03
[2026-02-02 13:31:02][INFO] [Epoch 058] MSE Loss=41.198680 | PDE Loss=5.209396 | λ_pde=0.000e+00 | LR=2.90e-03
[2026-02-02 13:33:42][INFO] [Epoch 059] MSE Loss=40.653600 | PDE Loss=5.524825 | λ_pde=0.000e+00 | LR=2.77e-03
[2026-02-02 13:36:22][INFO] [Epoch 060] MSE Loss=45.045954 | PDE Loss=5.857223 | λ_pde=0.000e+00 | LR=2.64e-03
[2026-02-02 13:39:02][INFO] [Epoch 061] MSE Loss=44.695725 | PDE Loss=6.139718 | λ_pde=0.000e+00 | LR=2.51e-03
[2026-02-02 13:41:40][INFO] [Epoch 062] MSE Loss=43.425035 | PDE Loss=6.400928 | λ_pde=0.000e+00 | LR=2.37e-03
[2026-02-02 13:44:22][INFO] [Epoch 063] MSE Loss=34.315524 | PDE Loss=6.736594 | λ_pde=0.000e+00 | LR=2.24e-03
[2026-02-02 13:47:00][INFO] [Epoch 064] MSE Loss=33.314302 | PDE Loss=7.053156 | λ_pde=0.000e+00 | LR=2.11e-03
[2026-02-02 13:49:40][INFO] [Epoch 065] MSE Loss=35.575931 | PDE Loss=7.370692 | λ_pde=0.000e+00 | LR=1.99e-03
[2026-02-02 13:52:19][INFO] [Epoch 066] MSE Loss=40.192669 | PDE Loss=7.628444 | λ_pde=0.000e+00 | LR=1.86e-03
[2026-02-02 13:55:00][INFO] [Epoch 067] MSE Loss=33.651465 | PDE Loss=8.039204 | λ_pde=0.000e+00 | LR=1.73e-03
[2026-02-02 13:57:40][INFO] [Epoch 068] MSE Loss=30.664882 | PDE Loss=8.213152 | λ_pde=0.000e+00 | LR=1.61e-03
[2026-02-02 14:00:19][INFO] [Epoch 069] MSE Loss=29.816797 | PDE Loss=8.602011 | λ_pde=0.000e+00 | LR=1.49e-03
[2026-02-02 14:02:59][INFO] [Epoch 070] MSE Loss=29.936663 | PDE Loss=8.802762 | λ_pde=0.000e+00 | LR=1.37e-03
[2026-02-02 14:05:40][INFO] [Epoch 071] MSE Loss=28.599521 | PDE Loss=9.107571 | λ_pde=0.000e+00 | LR=1.26e-03
[2026-02-02 14:08:20][INFO] [Epoch 072] MSE Loss=27.779141 | PDE Loss=9.364810 | λ_pde=0.000e+00 | LR=1.15e-03
[2026-02-02 14:10:59][INFO] [Epoch 073] MSE Loss=27.765724 | PDE Loss=9.636471 | λ_pde=0.000e+00 | LR=1.04e-03
[2026-02-02 14:13:41][INFO] [Epoch 074] MSE Loss=27.996385 | PDE Loss=9.917773 | λ_pde=0.000e+00 | LR=9.35e-04
[2026-02-02 14:16:20][INFO] [Epoch 075] MSE Loss=26.832657 | PDE Loss=10.206561 | λ_pde=0.000e+00 | LR=8.36e-04
[2026-02-02 14:19:02][INFO] [Epoch 076] MSE Loss=27.185608 | PDE Loss=10.375402 | λ_pde=0.000e+00 | LR=7.41e-04
[2026-02-02 14:21:43][INFO] [Epoch 077] MSE Loss=26.656853 | PDE Loss=10.529347 | λ_pde=0.000e+00 | LR=6.51e-04
[2026-02-02 14:24:22][INFO] [Epoch 078] MSE Loss=26.239209 | PDE Loss=10.798402 | λ_pde=0.000e+00 | LR=5.66e-04
[2026-02-02 14:27:01][INFO] [Epoch 079] MSE Loss=26.183125 | PDE Loss=10.955610 | λ_pde=0.000e+00 | LR=4.87e-04
[2026-02-02 14:29:43][INFO] [Epoch 080] MSE Loss=25.694001 | PDE Loss=11.100418 | λ_pde=0.000e+00 | LR=4.13e-04
[2026-02-02 14:32:27][INFO] [Epoch 081] MSE Loss=25.519645 | PDE Loss=11.275337 | λ_pde=0.000e+00 | LR=3.44e-04
[2026-02-02 14:35:05][INFO] [Epoch 082] MSE Loss=25.500373 | PDE Loss=11.410046 | λ_pde=0.000e+00 | LR=2.82e-04
[2026-02-02 14:37:48][INFO] [Epoch 083] MSE Loss=25.220418 | PDE Loss=11.489054 | λ_pde=0.000e+00 | LR=2.26e-04
[2026-02-02 14:40:25][INFO] [Epoch 084] MSE Loss=25.250239 | PDE Loss=11.612232 | λ_pde=0.000e+00 | LR=1.76e-04
[2026-02-02 14:43:06][INFO] [Epoch 085] MSE Loss=25.116336 | PDE Loss=11.698049 | λ_pde=0.000e+00 | LR=1.32e-04
[2026-02-02 14:45:43][INFO] [Epoch 086] MSE Loss=24.987855 | PDE Loss=11.736567 | λ_pde=0.000e+00 | LR=9.50e-05
[2026-02-02 14:48:24][INFO] [Epoch 087] MSE Loss=24.950503 | PDE Loss=11.813628 | λ_pde=0.000e+00 | LR=6.45e-05
[2026-02-02 14:51:05][INFO] [Epoch 088] MSE Loss=24.869064 | PDE Loss=11.807599 | λ_pde=0.000e+00 | LR=4.07e-05
[2026-02-02 14:53:42][INFO] [Epoch 089] MSE Loss=24.859413 | PDE Loss=11.830871 | λ_pde=0.000e+00 | LR=2.37e-05
[2026-02-02 14:56:18][INFO] [Epoch 090] MSE Loss=24.858829 | PDE Loss=11.870806 | λ_pde=0.000e+00 | LR=1.34e-05
[2026-02-02 14:58:58][INFO] [Epoch 091] MSE Loss=885.631058 | PDE Loss=4.624761 | λ_pde=0.000e+00 | LR=5.00e-03
[2026-02-02 15:01:37][INFO] [Epoch 092] MSE Loss=315.084095 | PDE Loss=2.133793 | λ_pde=0.000e+00 | LR=5.00e-03
[2026-02-02 15:04:14][INFO] [Epoch 093] MSE Loss=89.641777 | PDE Loss=2.042948 | λ_pde=0.000e+00 | LR=5.00e-03
[2026-02-02 15:06:55][INFO] [Epoch 094] MSE Loss=71.826788 | PDE Loss=1.964504 | λ_pde=0.000e+00 | LR=4.99e-03
[2026-02-02 15:09:35][INFO] [Epoch 095] MSE Loss=68.190838 | PDE Loss=2.030515 | λ_pde=0.000e+00 | LR=4.99e-03
[2026-02-02 15:12:15][INFO] [Epoch 096] MSE Loss=60.268785 | PDE Loss=2.184825 | λ_pde=0.000e+00 | LR=4.98e-03
[2026-02-02 15:14:56][INFO] [Epoch 097] MSE Loss=55.486310 | PDE Loss=2.387095 | λ_pde=0.000e+00 | LR=2.48e-03
[2026-02-02 15:17:36][INFO] [Epoch 098] MSE Loss=60.823958 | PDE Loss=2.496177 | λ_pde=0.000e+00 | LR=4.96e-03
[2026-02-02 15:20:13][INFO] [Epoch 099] MSE Loss=93.553969 | PDE Loss=2.588674 | λ_pde=0.000e+00 | LR=4.95e-03
[2026-02-02 15:22:59][INFO] [Epoch 100] MSE Loss=90.610677 | PDE Loss=2.657863 | λ_pde=0.000e+00 | LR=4.93e-03
[2026-02-02 15:25:40][INFO] [Epoch 101] MSE Loss=52.546291 | PDE Loss=2.859017 | λ_pde=0.000e+00 | LR=4.91e-03
[2026-02-02 15:28:19][INFO] [Epoch 102] MSE Loss=60.033490 | PDE Loss=3.076781 | λ_pde=0.000e+00 | LR=4.90e-03
[2026-02-02 15:31:02][INFO] [Epoch 103] MSE Loss=68.451513 | PDE Loss=3.354389 | λ_pde=0.000e+00 | LR=4.88e-03
[2026-02-02 15:33:41][INFO] [Epoch 104] MSE Loss=49.453624 | PDE Loss=3.654851 | λ_pde=0.000e+00 | LR=2.43e-03
[2026-02-02 15:36:24][INFO] [Epoch 105] MSE Loss=46.013218 | PDE Loss=3.965988 | λ_pde=0.000e+00 | LR=4.83e-03
[2026-02-02 15:38:59][INFO] [Epoch 106] MSE Loss=61.274986 | PDE Loss=4.285315 | λ_pde=0.000e+00 | LR=4.81e-03
[2026-02-02 15:41:43][INFO] [Epoch 107] MSE Loss=143.558656 | PDE Loss=4.299386 | λ_pde=0.000e+00 | LR=4.78e-03
[2026-02-02 15:44:22][INFO] [Epoch 108] MSE Loss=46.877689 | PDE Loss=4.574237 | λ_pde=0.000e+00 | LR=4.76e-03
[2026-02-02 15:47:02][INFO] [Epoch 109] MSE Loss=58.215180 | PDE Loss=4.990153 | λ_pde=0.000e+00 | LR=4.73e-03
[2026-02-02 15:49:36][INFO] [Epoch 110] MSE Loss=53.044684 | PDE Loss=5.224401 | λ_pde=0.000e+00 | LR=4.70e-03
[2026-02-02 15:52:16][INFO] [Epoch 111] MSE Loss=48.406509 | PDE Loss=5.399127 | λ_pde=0.000e+00 | LR=2.33e-03
[2026-02-02 15:54:53][INFO] [Epoch 112] MSE Loss=56.369169 | PDE Loss=5.568769 | λ_pde=0.000e+00 | LR=4.63e-03
[2026-02-02 15:57:30][INFO] [Epoch 113] MSE Loss=51.925267 | PDE Loss=5.956705 | λ_pde=0.000e+00 | LR=4.60e-03
[2026-02-02 16:00:10][INFO] [Epoch 114] MSE Loss=127.946113 | PDE Loss=6.020070 | λ_pde=0.000e+00 | LR=4.56e-03
[2026-02-02 16:02:50][INFO] [Epoch 115] MSE Loss=120.730008 | PDE Loss=6.090080 | λ_pde=0.000e+00 | LR=4.52e-03
[2026-02-02 16:05:28][INFO] [Epoch 116] MSE Loss=37.920105 | PDE Loss=6.594632 | λ_pde=0.000e+00 | LR=4.48e-03
[2026-02-02 16:08:13][INFO] [Epoch 117] MSE Loss=34.570229 | PDE Loss=7.470479 | λ_pde=0.000e+00 | LR=4.44e-03
[2026-02-02 16:10:51][INFO] [Epoch 118] MSE Loss=32.953017 | PDE Loss=8.022649 | λ_pde=0.000e+00 | LR=2.20e-03
[2026-02-02 16:13:33][INFO] [Epoch 119] MSE Loss=34.748873 | PDE Loss=8.735770 | λ_pde=0.000e+00 | LR=4.36e-03
[2026-02-02 16:16:13][INFO] [Epoch 120] MSE Loss=79.279014 | PDE Loss=9.426218 | λ_pde=0.000e+00 | LR=4.31e-03
[2026-02-02 16:18:54][INFO] [Epoch 121] MSE Loss=58.643704 | PDE Loss=9.742397 | λ_pde=0.000e+00 | LR=4.27e-03
[2026-02-02 16:21:30][INFO] [Epoch 122] MSE Loss=46.074902 | PDE Loss=10.538979 | λ_pde=0.000e+00 | LR=4.22e-03
[2026-02-02 16:24:11][INFO] [Epoch 123] MSE Loss=44.153793 | PDE Loss=11.323189 | λ_pde=0.000e+00 | LR=4.17e-03
[2026-02-02 16:26:54][INFO] [Epoch 124] MSE Loss=37.622064 | PDE Loss=11.840999 | λ_pde=0.000e+00 | LR=4.13e-03
[2026-02-02 16:29:37][INFO] [Epoch 125] MSE Loss=29.298175 | PDE Loss=12.953578 | λ_pde=0.000e+00 | LR=2.04e-03
[2026-02-02 16:32:18][INFO] [Epoch 126] MSE Loss=126.296003 | PDE Loss=12.286052 | λ_pde=0.000e+00 | LR=4.02e-03
[2026-02-02 16:35:19][INFO] [Epoch 127] MSE Loss=102.930590 | PDE Loss=11.693513 | λ_pde=0.000e+00 | LR=3.97e-03
[2026-02-02 16:38:30][INFO] [Epoch 128] MSE Loss=45.589412 | PDE Loss=13.867556 | λ_pde=0.000e+00 | LR=3.92e-03
[2026-02-02 16:41:42][INFO] [Epoch 129] MSE Loss=31.568077 | PDE Loss=15.376496 | λ_pde=0.000e+00 | LR=3.86e-03
[2026-02-02 16:44:46][INFO] [Epoch 130] MSE Loss=39.172782 | PDE Loss=16.305786 | λ_pde=0.000e+00 | LR=3.81e-03
[2026-02-02 16:47:27][INFO] [Epoch 131] MSE Loss=40.020831 | PDE Loss=17.379770 | λ_pde=0.000e+00 | LR=3.75e-03
[2026-02-02 16:50:07][INFO] [Epoch 132] MSE Loss=28.437363 | PDE Loss=18.339970 | λ_pde=0.000e+00 | LR=1.85e-03
[2026-02-02 16:52:48][INFO] [Epoch 133] MSE Loss=31.248021 | PDE Loss=19.454140 | λ_pde=0.000e+00 | LR=3.64e-03
[2026-02-02 16:55:33][INFO] [Epoch 134] MSE Loss=29.830997 | PDE Loss=20.770217 | λ_pde=0.000e+00 | LR=3.58e-03
[2026-02-02 16:58:17][INFO] [Epoch 135] MSE Loss=33.417479 | PDE Loss=22.389713 | λ_pde=0.000e+00 | LR=3.52e-03
[2026-02-02 17:00:58][INFO] [Epoch 136] MSE Loss=41.550290 | PDE Loss=24.567523 | λ_pde=0.000e+00 | LR=3.46e-03
[2026-02-02 17:03:40][INFO] [Epoch 137] MSE Loss=150.588582 | PDE Loss=21.446607 | λ_pde=0.000e+00 | LR=3.40e-03
[2026-02-02 17:06:22][INFO] [Epoch 138] MSE Loss=31.036039 | PDE Loss=24.626481 | λ_pde=0.000e+00 | LR=3.34e-03
[2026-02-02 17:09:05][INFO] [Epoch 139] MSE Loss=26.165021 | PDE Loss=26.125577 | λ_pde=0.000e+00 | LR=1.64e-03
[2026-02-02 17:12:19][INFO] [Epoch 140] MSE Loss=26.958077 | PDE Loss=26.876789 | λ_pde=0.000e+00 | LR=3.21e-03
[2026-02-02 17:15:28][INFO] [Epoch 141] MSE Loss=26.664497 | PDE Loss=28.529657 | λ_pde=0.000e+00 | LR=3.15e-03
[2026-02-02 17:18:40][INFO] [Epoch 142] MSE Loss=27.430491 | PDE Loss=29.875115 | λ_pde=0.000e+00 | LR=3.09e-03
[2026-02-02 17:21:54][INFO] [Epoch 143] MSE Loss=25.339397 | PDE Loss=32.078977 | λ_pde=0.000e+00 | LR=3.02e-03
[2026-02-02 17:25:03][INFO] [Epoch 144] MSE Loss=26.051571 | PDE Loss=33.952303 | λ_pde=0.000e+00 | LR=2.96e-03
[2026-02-02 17:28:09][INFO] [Epoch 145] MSE Loss=34.981647 | PDE Loss=35.317307 | λ_pde=0.000e+00 | LR=2.90e-03
[2026-02-02 17:31:07][INFO] [Epoch 146] MSE Loss=25.389978 | PDE Loss=37.058187 | λ_pde=0.000e+00 | LR=1.42e-03
[2026-02-02 17:33:51][INFO] [Epoch 147] MSE Loss=24.985917 | PDE Loss=38.191315 | λ_pde=0.000e+00 | LR=2.77e-03
[2026-02-02 17:36:31][INFO] [Epoch 148] MSE Loss=28.423768 | PDE Loss=39.711312 | λ_pde=0.000e+00 | LR=2.70e-03
[2026-02-02 17:39:13][INFO] [Epoch 149] MSE Loss=27.491498 | PDE Loss=41.567333 | λ_pde=0.000e+00 | LR=2.64e-03
[2026-02-02 17:41:58][INFO] [Epoch 150] MSE Loss=26.440026 | PDE Loss=43.157965 | λ_pde=0.000e+00 | LR=2.57e-03
[2026-02-02 17:44:42][INFO] [Epoch 151] MSE Loss=44.678009 | PDE Loss=44.287822 | λ_pde=0.000e+00 | LR=2.51e-03
[2026-02-02 17:47:26][INFO] [Epoch 152] MSE Loss=34.769043 | PDE Loss=45.348493 | λ_pde=0.000e+00 | LR=2.44e-03
[2026-02-02 17:50:10][INFO] [Epoch 153] MSE Loss=21.701051 | PDE Loss=47.038913 | λ_pde=0.000e+00 | LR=1.19e-03
[2026-02-02 17:52:51][INFO] [Epoch 154] MSE Loss=21.243629 | PDE Loss=48.143197 | λ_pde=0.000e+00 | LR=2.31e-03
[2026-02-02 17:55:35][INFO] [Epoch 155] MSE Loss=23.084185 | PDE Loss=49.038183 | λ_pde=0.000e+00 | LR=2.24e-03
[2026-02-02 17:58:46][INFO] [Epoch 156] MSE Loss=23.175103 | PDE Loss=50.621023 | λ_pde=0.000e+00 | LR=2.18e-03
[2026-02-02 18:01:54][INFO] [Epoch 157] MSE Loss=35.202859 | PDE Loss=50.623778 | λ_pde=0.000e+00 | LR=2.11e-03
