[2026-01-29 10:29:50][INFO] 日志文件创建于: /data/sda/zjc/comsol_pinn/logs/M04c/exp04/train_20260129_102950_gpu4_pid1035499.log
[2026-01-29 10:29:50][INFO] 进程 PID: 1035499
[2026-01-29 10:29:50][INFO] ========== PINN 训练开始 ==========
[2026-01-29 10:29:50][INFO] 物理项权重 λ_pde = 2.0
[2026-01-29 10:29:50][INFO] 使用设备: cuda
[2026-01-29 10:29:50][INFO] 训练参数: {'lambda_pde': 2.0, 'epochs': 200, 'lr': 0.005, 'batch_cases': 1, 'use_pde_anneal': True, 'pde_anneal_gamma': 0.03, 'pde_lambda_min': 0.0, 'use_soft_mask': False, 'mask_alpha': 40.0, 'mask_temp_ratio': 0.7, 'points_per_case': 320000, 'device': 'cuda', 'num_workers': 8, 'log_dir': 'logs/M04c/exp04', 'ckpt_dir': 'checkpoints/M04c/exp04'}
[2026-01-29 10:29:50][INFO] 数据集大小: 141 cases
[2026-01-29 10:29:50][INFO] 每 case 采样点数: 320000
[2026-01-29 10:29:51][INFO] 模型结构:
SimplePINN(
  (net): Sequential(
    (0): Linear(in_features=7, out_features=128, bias=True)
    (1): SiLU()
    (2): Linear(in_features=128, out_features=128, bias=True)
    (3): SiLU()
    (4): Linear(in_features=128, out_features=1, bias=True)
  )
)
[2026-01-29 10:29:51][INFO] 优化器: AdamW, 初始 lr=0.005, 调度策略: ReduceLROnPlateau(factor=0.5, patience=6)
[2026-01-29 10:32:08][INFO] [Epoch 001] MSE Loss=22719.484475 | PDE Loss=4.883369 | λ_pde=2.000e+00 | LR=5.00e-03
[2026-01-29 10:34:23][INFO] [Epoch 002] MSE Loss=1010.558588 | PDE Loss=0.605079 | λ_pde=1.941e+00 | LR=5.00e-03
[2026-01-29 10:36:38][INFO] [Epoch 003] MSE Loss=881.086904 | PDE Loss=0.171301 | λ_pde=1.884e+00 | LR=5.00e-03
[2026-01-29 10:38:52][INFO] [Epoch 004] MSE Loss=846.172088 | PDE Loss=0.316749 | λ_pde=1.828e+00 | LR=5.00e-03
[2026-01-29 10:41:06][INFO] [Epoch 005] MSE Loss=824.421784 | PDE Loss=0.491706 | λ_pde=1.774e+00 | LR=5.00e-03
[2026-01-29 10:43:20][INFO] [Epoch 006] MSE Loss=813.141861 | PDE Loss=0.749937 | λ_pde=1.721e+00 | LR=5.00e-03
[2026-01-29 10:45:33][INFO] [Epoch 007] MSE Loss=776.087742 | PDE Loss=0.932637 | λ_pde=1.671e+00 | LR=5.00e-03
[2026-01-29 10:47:46][INFO] [Epoch 008] MSE Loss=817.143801 | PDE Loss=1.106813 | λ_pde=1.621e+00 | LR=5.00e-03
[2026-01-29 10:50:01][INFO] [Epoch 009] MSE Loss=849.272891 | PDE Loss=1.260147 | λ_pde=1.573e+00 | LR=5.00e-03
[2026-01-29 10:52:16][INFO] [Epoch 010] MSE Loss=852.384029 | PDE Loss=1.185842 | λ_pde=1.527e+00 | LR=5.00e-03
[2026-01-29 10:54:31][INFO] [Epoch 011] MSE Loss=783.624286 | PDE Loss=1.500284 | λ_pde=1.482e+00 | LR=5.00e-03
[2026-01-29 10:56:45][INFO] [Epoch 012] MSE Loss=777.714818 | PDE Loss=1.954972 | λ_pde=1.438e+00 | LR=5.00e-03
[2026-01-29 10:58:59][INFO] [Epoch 013] MSE Loss=797.535419 | PDE Loss=2.051635 | λ_pde=1.395e+00 | LR=5.00e-03
[2026-01-29 11:01:13][INFO] [Epoch 014] MSE Loss=790.457521 | PDE Loss=2.231261 | λ_pde=1.354e+00 | LR=5.00e-03
[2026-01-29 11:03:27][INFO] [Epoch 015] MSE Loss=752.816532 | PDE Loss=2.412012 | λ_pde=1.314e+00 | LR=2.50e-03
[2026-01-29 11:05:41][INFO] [Epoch 016] MSE Loss=733.648193 | PDE Loss=2.455248 | λ_pde=1.275e+00 | LR=2.50e-03
[2026-01-29 11:07:57][INFO] [Epoch 017] MSE Loss=776.531574 | PDE Loss=2.841073 | λ_pde=1.238e+00 | LR=2.50e-03
[2026-01-29 11:10:12][INFO] [Epoch 018] MSE Loss=730.628039 | PDE Loss=3.109916 | λ_pde=1.201e+00 | LR=2.50e-03
[2026-01-29 11:12:30][INFO] [Epoch 019] MSE Loss=737.014046 | PDE Loss=3.919886 | λ_pde=1.165e+00 | LR=2.50e-03
[2026-01-29 11:14:46][INFO] [Epoch 020] MSE Loss=717.167069 | PDE Loss=4.996794 | λ_pde=1.131e+00 | LR=2.50e-03
[2026-01-29 11:17:03][INFO] [Epoch 021] MSE Loss=719.468176 | PDE Loss=6.486956 | λ_pde=1.098e+00 | LR=2.50e-03
[2026-01-29 11:19:16][INFO] [Epoch 022] MSE Loss=722.859704 | PDE Loss=7.783431 | λ_pde=1.065e+00 | LR=2.50e-03
[2026-01-29 11:21:36][INFO] [Epoch 023] MSE Loss=691.164974 | PDE Loss=7.926551 | λ_pde=1.034e+00 | LR=2.50e-03
[2026-01-29 11:23:50][INFO] [Epoch 024] MSE Loss=706.003799 | PDE Loss=8.420694 | λ_pde=1.003e+00 | LR=2.50e-03
[2026-01-29 11:26:04][INFO] [Epoch 025] MSE Loss=688.948759 | PDE Loss=8.033074 | λ_pde=9.735e-01 | LR=2.50e-03
[2026-01-29 11:28:19][INFO] [Epoch 026] MSE Loss=681.640833 | PDE Loss=8.866516 | λ_pde=9.447e-01 | LR=2.50e-03
[2026-01-29 11:30:36][INFO] [Epoch 027] MSE Loss=681.603907 | PDE Loss=9.134129 | λ_pde=9.168e-01 | LR=2.50e-03
[2026-01-29 11:32:53][INFO] [Epoch 028] MSE Loss=680.353031 | PDE Loss=9.483060 | λ_pde=8.897e-01 | LR=2.50e-03
[2026-01-29 11:35:12][INFO] [Epoch 029] MSE Loss=692.191535 | PDE Loss=9.590906 | λ_pde=8.634e-01 | LR=2.50e-03
[2026-01-29 11:37:27][INFO] [Epoch 030] MSE Loss=667.331595 | PDE Loss=10.137355 | λ_pde=8.379e-01 | LR=2.50e-03
[2026-01-29 11:39:46][INFO] [Epoch 031] MSE Loss=666.499201 | PDE Loss=10.313990 | λ_pde=8.131e-01 | LR=2.50e-03
[2026-01-29 11:42:01][INFO] [Epoch 032] MSE Loss=671.366057 | PDE Loss=10.363296 | λ_pde=7.891e-01 | LR=2.50e-03
[2026-01-29 11:44:18][INFO] [Epoch 033] MSE Loss=679.752546 | PDE Loss=10.815698 | λ_pde=7.658e-01 | LR=2.50e-03
[2026-01-29 11:46:33][INFO] [Epoch 034] MSE Loss=658.108921 | PDE Loss=10.315352 | λ_pde=7.432e-01 | LR=2.50e-03
[2026-01-29 11:48:52][INFO] [Epoch 035] MSE Loss=697.689868 | PDE Loss=11.161582 | λ_pde=7.212e-01 | LR=2.50e-03
[2026-01-29 11:51:09][INFO] [Epoch 036] MSE Loss=666.932987 | PDE Loss=11.638092 | λ_pde=6.999e-01 | LR=2.50e-03
[2026-01-29 11:53:27][INFO] [Epoch 037] MSE Loss=670.097500 | PDE Loss=11.329675 | λ_pde=6.792e-01 | LR=2.50e-03
[2026-01-29 11:55:42][INFO] [Epoch 038] MSE Loss=673.527132 | PDE Loss=11.409215 | λ_pde=6.591e-01 | LR=2.50e-03
[2026-01-29 11:57:58][INFO] [Epoch 039] MSE Loss=672.263430 | PDE Loss=11.680594 | λ_pde=6.396e-01 | LR=2.50e-03
[2026-01-29 12:00:14][INFO] [Epoch 040] MSE Loss=646.608685 | PDE Loss=11.752231 | λ_pde=6.207e-01 | LR=2.50e-03
[2026-01-29 12:02:30][INFO] [Epoch 041] MSE Loss=664.769865 | PDE Loss=12.653064 | λ_pde=6.024e-01 | LR=2.50e-03
[2026-01-29 12:04:46][INFO] [Epoch 042] MSE Loss=650.572852 | PDE Loss=12.451262 | λ_pde=5.846e-01 | LR=2.50e-03
[2026-01-29 12:07:06][INFO] [Epoch 043] MSE Loss=631.803949 | PDE Loss=12.218758 | λ_pde=5.673e-01 | LR=2.50e-03
[2026-01-29 12:09:22][INFO] [Epoch 044] MSE Loss=648.024080 | PDE Loss=12.493477 | λ_pde=5.505e-01 | LR=2.50e-03
[2026-01-29 12:11:38][INFO] [Epoch 045] MSE Loss=619.070018 | PDE Loss=12.269937 | λ_pde=5.343e-01 | LR=2.50e-03
[2026-01-29 12:13:49][INFO] [Epoch 046] MSE Loss=649.187494 | PDE Loss=13.814690 | λ_pde=5.185e-01 | LR=2.50e-03
[2026-01-29 12:16:00][INFO] [Epoch 047] MSE Loss=667.232426 | PDE Loss=13.015155 | λ_pde=5.032e-01 | LR=2.50e-03
[2026-01-29 12:18:13][INFO] [Epoch 048] MSE Loss=672.693912 | PDE Loss=13.037242 | λ_pde=4.883e-01 | LR=2.50e-03
[2026-01-29 12:20:27][INFO] [Epoch 049] MSE Loss=643.813297 | PDE Loss=13.359065 | λ_pde=4.739e-01 | LR=2.50e-03
[2026-01-29 12:22:40][INFO] [Epoch 050] MSE Loss=639.394563 | PDE Loss=15.187525 | λ_pde=4.599e-01 | LR=2.50e-03
[2026-01-29 12:24:55][INFO] [Epoch 051] MSE Loss=644.763700 | PDE Loss=13.583893 | λ_pde=4.463e-01 | LR=2.50e-03
[2026-01-29 12:27:06][INFO] [Epoch 052] MSE Loss=647.733842 | PDE Loss=14.820407 | λ_pde=4.331e-01 | LR=2.50e-03
[2026-01-29 12:29:24][INFO] [Epoch 053] MSE Loss=624.748568 | PDE Loss=14.701000 | λ_pde=4.203e-01 | LR=1.25e-03
[2026-01-29 12:31:38][INFO] [Epoch 054] MSE Loss=616.894039 | PDE Loss=14.484777 | λ_pde=4.079e-01 | LR=1.25e-03
[2026-01-29 12:33:52][INFO] [Epoch 055] MSE Loss=611.708644 | PDE Loss=15.683167 | λ_pde=3.958e-01 | LR=1.25e-03
[2026-01-29 12:36:07][INFO] [Epoch 056] MSE Loss=608.117651 | PDE Loss=15.679685 | λ_pde=3.841e-01 | LR=1.25e-03
[2026-01-29 12:38:22][INFO] [Epoch 057] MSE Loss=607.075021 | PDE Loss=16.262630 | λ_pde=3.727e-01 | LR=1.25e-03
[2026-01-29 12:40:37][INFO] [Epoch 058] MSE Loss=618.713419 | PDE Loss=18.494548 | λ_pde=3.617e-01 | LR=1.25e-03
[2026-01-29 12:42:52][INFO] [Epoch 059] MSE Loss=618.076371 | PDE Loss=17.332470 | λ_pde=3.510e-01 | LR=1.25e-03
[2026-01-29 12:45:08][INFO] [Epoch 060] MSE Loss=593.185587 | PDE Loss=17.766695 | λ_pde=3.407e-01 | LR=1.25e-03
[2026-01-29 12:47:20][INFO] [Epoch 061] MSE Loss=612.220030 | PDE Loss=18.215372 | λ_pde=3.306e-01 | LR=1.25e-03
[2026-01-29 12:49:35][INFO] [Epoch 062] MSE Loss=596.064290 | PDE Loss=19.096540 | λ_pde=3.208e-01 | LR=1.25e-03
[2026-01-29 12:51:50][INFO] [Epoch 063] MSE Loss=604.504791 | PDE Loss=19.868780 | λ_pde=3.113e-01 | LR=1.25e-03
[2026-01-29 12:54:05][INFO] [Epoch 064] MSE Loss=600.292276 | PDE Loss=20.694312 | λ_pde=3.021e-01 | LR=1.25e-03
[2026-01-29 12:56:19][INFO] [Epoch 065] MSE Loss=610.344413 | PDE Loss=22.184464 | λ_pde=2.932e-01 | LR=1.25e-03
[2026-01-29 12:58:34][INFO] [Epoch 066] MSE Loss=607.157851 | PDE Loss=21.357253 | λ_pde=2.845e-01 | LR=1.25e-03
[2026-01-29 13:00:48][INFO] [Epoch 067] MSE Loss=606.769530 | PDE Loss=22.051485 | λ_pde=2.761e-01 | LR=1.25e-03
[2026-01-29 13:03:00][INFO] [Epoch 068] MSE Loss=601.015642 | PDE Loss=22.465938 | λ_pde=2.680e-01 | LR=6.25e-04
[2026-01-29 13:05:13][INFO] [Epoch 069] MSE Loss=587.413906 | PDE Loss=22.867787 | λ_pde=2.601e-01 | LR=6.25e-04
[2026-01-29 13:07:27][INFO] [Epoch 070] MSE Loss=589.563335 | PDE Loss=23.099088 | λ_pde=2.524e-01 | LR=6.25e-04
[2026-01-29 13:09:43][INFO] [Epoch 071] MSE Loss=589.115988 | PDE Loss=24.453634 | λ_pde=2.449e-01 | LR=6.25e-04
[2026-01-29 13:11:57][INFO] [Epoch 072] MSE Loss=594.772960 | PDE Loss=26.084656 | λ_pde=2.377e-01 | LR=6.25e-04
[2026-01-29 13:14:14][INFO] [Epoch 073] MSE Loss=598.607713 | PDE Loss=26.161174 | λ_pde=2.307e-01 | LR=6.25e-04
[2026-01-29 13:16:29][INFO] [Epoch 074] MSE Loss=591.463132 | PDE Loss=27.050518 | λ_pde=2.238e-01 | LR=6.25e-04
[2026-01-29 13:18:43][INFO] [Epoch 075] MSE Loss=597.743970 | PDE Loss=27.116317 | λ_pde=2.172e-01 | LR=6.25e-04
[2026-01-29 13:20:55][INFO] [Epoch 076] MSE Loss=594.801724 | PDE Loss=27.821501 | λ_pde=2.108e-01 | LR=6.25e-04
[2026-01-29 13:23:09][INFO] [Epoch 077] MSE Loss=580.411982 | PDE Loss=27.634873 | λ_pde=2.046e-01 | LR=3.13e-04
[2026-01-29 13:25:25][INFO] [Epoch 078] MSE Loss=581.723585 | PDE Loss=29.516215 | λ_pde=1.985e-01 | LR=3.13e-04
[2026-01-29 13:27:39][INFO] [Epoch 079] MSE Loss=577.453661 | PDE Loss=29.627071 | λ_pde=1.927e-01 | LR=3.13e-04
[2026-01-29 13:29:54][INFO] [Epoch 080] MSE Loss=579.915630 | PDE Loss=30.982760 | λ_pde=1.870e-01 | LR=3.13e-04
[2026-01-29 13:32:08][INFO] [Epoch 081] MSE Loss=580.216851 | PDE Loss=30.406950 | λ_pde=1.814e-01 | LR=3.13e-04
[2026-01-29 13:34:21][INFO] [Epoch 082] MSE Loss=573.316972 | PDE Loss=33.287993 | λ_pde=1.761e-01 | LR=3.13e-04
[2026-01-29 13:36:33][INFO] [Epoch 083] MSE Loss=579.615565 | PDE Loss=33.036591 | λ_pde=1.709e-01 | LR=3.13e-04
[2026-01-29 13:38:49][INFO] [Epoch 084] MSE Loss=580.131405 | PDE Loss=34.274371 | λ_pde=1.658e-01 | LR=3.13e-04
[2026-01-29 13:41:03][INFO] [Epoch 085] MSE Loss=583.040849 | PDE Loss=35.103963 | λ_pde=1.609e-01 | LR=3.13e-04
[2026-01-29 13:43:15][INFO] [Epoch 086] MSE Loss=584.143268 | PDE Loss=36.426330 | λ_pde=1.562e-01 | LR=3.13e-04
[2026-01-29 13:45:28][INFO] [Epoch 087] MSE Loss=574.544736 | PDE Loss=36.067824 | λ_pde=1.515e-01 | LR=3.13e-04
[2026-01-29 13:47:45][INFO] [Epoch 088] MSE Loss=572.601344 | PDE Loss=37.665287 | λ_pde=1.471e-01 | LR=3.13e-04
[2026-01-29 13:49:59][INFO] [Epoch 089] MSE Loss=578.676478 | PDE Loss=37.678336 | λ_pde=1.427e-01 | LR=3.13e-04
[2026-01-29 13:52:14][INFO] [Epoch 090] MSE Loss=577.033798 | PDE Loss=39.772980 | λ_pde=1.385e-01 | LR=3.13e-04
[2026-01-29 13:54:32][INFO] [Epoch 091] MSE Loss=579.955388 | PDE Loss=42.032903 | λ_pde=1.344e-01 | LR=3.13e-04
[2026-01-29 13:56:49][INFO] [Epoch 092] MSE Loss=574.615987 | PDE Loss=41.617343 | λ_pde=1.304e-01 | LR=3.13e-04
[2026-01-29 13:59:03][INFO] [Epoch 093] MSE Loss=578.519411 | PDE Loss=42.679170 | λ_pde=1.266e-01 | LR=3.13e-04
[2026-01-29 14:01:20][INFO] [Epoch 094] MSE Loss=576.639789 | PDE Loss=45.289012 | λ_pde=1.228e-01 | LR=3.13e-04
[2026-01-29 14:03:37][INFO] [Epoch 095] MSE Loss=582.269165 | PDE Loss=46.040440 | λ_pde=1.192e-01 | LR=3.13e-04
[2026-01-29 14:05:52][INFO] [Epoch 096] MSE Loss=574.423868 | PDE Loss=46.695013 | λ_pde=1.157e-01 | LR=1.56e-04
[2026-01-29 14:08:07][INFO] [Epoch 097] MSE Loss=571.494872 | PDE Loss=47.064279 | λ_pde=1.123e-01 | LR=1.56e-04
[2026-01-29 14:10:23][INFO] [Epoch 098] MSE Loss=571.476129 | PDE Loss=48.117256 | λ_pde=1.090e-01 | LR=1.56e-04
[2026-01-29 14:12:39][INFO] [Epoch 099] MSE Loss=569.590791 | PDE Loss=49.965716 | λ_pde=1.057e-01 | LR=1.56e-04
[2026-01-29 14:14:55][INFO] [Epoch 100] MSE Loss=572.079330 | PDE Loss=50.104495 | λ_pde=1.026e-01 | LR=1.56e-04
[2026-01-29 14:17:09][INFO] [Epoch 101] MSE Loss=568.830924 | PDE Loss=51.493951 | λ_pde=9.957e-02 | LR=1.56e-04
[2026-01-29 14:19:25][INFO] [Epoch 102] MSE Loss=568.912904 | PDE Loss=51.816878 | λ_pde=9.663e-02 | LR=1.56e-04
[2026-01-29 14:21:40][INFO] [Epoch 103] MSE Loss=572.620732 | PDE Loss=52.712394 | λ_pde=9.378e-02 | LR=1.56e-04
[2026-01-29 14:23:53][INFO] [Epoch 104] MSE Loss=569.080451 | PDE Loss=54.617504 | λ_pde=9.100e-02 | LR=1.56e-04
[2026-01-29 14:26:06][INFO] [Epoch 105] MSE Loss=566.558470 | PDE Loss=56.400854 | λ_pde=8.831e-02 | LR=1.56e-04
[2026-01-29 14:28:24][INFO] [Epoch 106] MSE Loss=567.369026 | PDE Loss=57.121825 | λ_pde=8.570e-02 | LR=1.56e-04
[2026-01-29 14:30:39][INFO] [Epoch 107] MSE Loss=566.985468 | PDE Loss=58.843255 | λ_pde=8.317e-02 | LR=1.56e-04
[2026-01-29 14:32:58][INFO] [Epoch 108] MSE Loss=564.934732 | PDE Loss=60.284330 | λ_pde=8.071e-02 | LR=1.56e-04
[2026-01-29 14:35:13][INFO] [Epoch 109] MSE Loss=569.607289 | PDE Loss=61.189495 | λ_pde=7.833e-02 | LR=1.56e-04
[2026-01-29 14:37:22][INFO] [Epoch 110] MSE Loss=567.854737 | PDE Loss=63.102923 | λ_pde=7.601e-02 | LR=1.56e-04
[2026-01-29 14:39:41][INFO] [Epoch 111] MSE Loss=568.426405 | PDE Loss=64.011113 | λ_pde=7.377e-02 | LR=1.56e-04
[2026-01-29 14:41:56][INFO] [Epoch 112] MSE Loss=567.906925 | PDE Loss=67.036633 | λ_pde=7.159e-02 | LR=1.56e-04
[2026-01-29 14:44:09][INFO] [Epoch 113] MSE Loss=566.413395 | PDE Loss=68.514348 | λ_pde=6.947e-02 | LR=1.56e-04
[2026-01-29 14:46:24][INFO] [Epoch 114] MSE Loss=568.469576 | PDE Loss=70.315475 | λ_pde=6.742e-02 | LR=1.56e-04
[2026-01-29 14:48:43][INFO] [Epoch 115] MSE Loss=565.270194 | PDE Loss=71.980190 | λ_pde=6.542e-02 | LR=1.56e-04
[2026-01-29 14:50:57][INFO] [Epoch 116] MSE Loss=563.235927 | PDE Loss=73.706758 | λ_pde=6.349e-02 | LR=7.81e-05
[2026-01-29 14:53:12][INFO] [Epoch 117] MSE Loss=563.183476 | PDE Loss=74.670399 | λ_pde=6.161e-02 | LR=7.81e-05
[2026-01-29 14:55:28][INFO] [Epoch 118] MSE Loss=562.627319 | PDE Loss=74.599354 | λ_pde=5.979e-02 | LR=7.81e-05
[2026-01-29 14:57:43][INFO] [Epoch 119] MSE Loss=561.703014 | PDE Loss=76.641608 | λ_pde=5.803e-02 | LR=7.81e-05
[2026-01-29 15:00:00][INFO] [Epoch 120] MSE Loss=563.181073 | PDE Loss=77.138375 | λ_pde=5.631e-02 | LR=7.81e-05
[2026-01-29 15:02:17][INFO] [Epoch 121] MSE Loss=562.339035 | PDE Loss=78.893210 | λ_pde=5.465e-02 | LR=7.81e-05
[2026-01-29 15:04:34][INFO] [Epoch 122] MSE Loss=562.234189 | PDE Loss=80.609697 | λ_pde=5.303e-02 | LR=7.81e-05
[2026-01-29 15:06:51][INFO] [Epoch 123] MSE Loss=561.464999 | PDE Loss=81.410173 | λ_pde=5.147e-02 | LR=7.81e-05
[2026-01-29 15:09:06][INFO] [Epoch 124] MSE Loss=561.228447 | PDE Loss=82.802304 | λ_pde=4.994e-02 | LR=7.81e-05
[2026-01-29 15:11:22][INFO] [Epoch 125] MSE Loss=563.078322 | PDE Loss=84.672960 | λ_pde=4.847e-02 | LR=7.81e-05
[2026-01-29 15:13:40][INFO] [Epoch 126] MSE Loss=564.253857 | PDE Loss=86.678823 | λ_pde=4.704e-02 | LR=7.81e-05
[2026-01-29 15:15:57][INFO] [Epoch 127] MSE Loss=563.270737 | PDE Loss=87.951624 | λ_pde=4.565e-02 | LR=7.81e-05
[2026-01-29 15:18:12][INFO] [Epoch 128] MSE Loss=558.862038 | PDE Loss=90.468565 | λ_pde=4.430e-02 | LR=7.81e-05
[2026-01-29 15:20:28][INFO] [Epoch 129] MSE Loss=562.021237 | PDE Loss=90.648901 | λ_pde=4.299e-02 | LR=7.81e-05
[2026-01-29 15:22:43][INFO] [Epoch 130] MSE Loss=559.745783 | PDE Loss=93.625606 | λ_pde=4.172e-02 | LR=7.81e-05
[2026-01-29 15:25:02][INFO] [Epoch 131] MSE Loss=562.013193 | PDE Loss=95.305581 | λ_pde=4.048e-02 | LR=7.81e-05
[2026-01-29 15:27:18][INFO] [Epoch 132] MSE Loss=559.926599 | PDE Loss=97.715887 | λ_pde=3.929e-02 | LR=7.81e-05
[2026-01-29 15:29:30][INFO] [Epoch 133] MSE Loss=559.055708 | PDE Loss=99.067920 | λ_pde=3.813e-02 | LR=7.81e-05
[2026-01-29 15:31:49][INFO] [Epoch 134] MSE Loss=560.910621 | PDE Loss=101.266487 | λ_pde=3.700e-02 | LR=7.81e-05
[2026-01-29 15:34:09][INFO] [Epoch 135] MSE Loss=559.445291 | PDE Loss=102.776635 | λ_pde=3.591e-02 | LR=7.81e-05
[2026-01-29 15:36:20][INFO] [Epoch 136] MSE Loss=558.150637 | PDE Loss=104.043371 | λ_pde=3.484e-02 | LR=3.91e-05
[2026-01-29 15:38:35][INFO] [Epoch 137] MSE Loss=557.530667 | PDE Loss=105.924368 | λ_pde=3.381e-02 | LR=3.91e-05
[2026-01-29 15:40:51][INFO] [Epoch 138] MSE Loss=557.866357 | PDE Loss=107.530788 | λ_pde=3.282e-02 | LR=3.91e-05
[2026-01-29 15:43:08][INFO] [Epoch 139] MSE Loss=557.301594 | PDE Loss=108.002789 | λ_pde=3.185e-02 | LR=3.91e-05
[2026-01-29 15:45:24][INFO] [Epoch 140] MSE Loss=556.921061 | PDE Loss=109.030904 | λ_pde=3.090e-02 | LR=3.91e-05
[2026-01-29 15:47:37][INFO] [Epoch 141] MSE Loss=558.742908 | PDE Loss=111.858784 | λ_pde=2.999e-02 | LR=3.91e-05
[2026-01-29 15:49:52][INFO] [Epoch 142] MSE Loss=556.354439 | PDE Loss=112.009027 | λ_pde=2.910e-02 | LR=3.91e-05
[2026-01-29 15:52:08][INFO] [Epoch 143] MSE Loss=556.469433 | PDE Loss=113.697788 | λ_pde=2.824e-02 | LR=3.91e-05
[2026-01-29 15:54:26][INFO] [Epoch 144] MSE Loss=557.064907 | PDE Loss=115.539284 | λ_pde=2.741e-02 | LR=3.91e-05
[2026-01-29 15:56:47][INFO] [Epoch 145] MSE Loss=556.530462 | PDE Loss=116.627070 | λ_pde=2.660e-02 | LR=3.91e-05
[2026-01-29 15:59:01][INFO] [Epoch 146] MSE Loss=556.224709 | PDE Loss=118.402292 | λ_pde=2.581e-02 | LR=3.91e-05
[2026-01-29 16:01:17][INFO] [Epoch 147] MSE Loss=556.205285 | PDE Loss=120.780074 | λ_pde=2.505e-02 | LR=3.91e-05
[2026-01-29 16:03:34][INFO] [Epoch 148] MSE Loss=556.162215 | PDE Loss=121.564363 | λ_pde=2.431e-02 | LR=3.91e-05
[2026-01-29 16:05:52][INFO] [Epoch 149] MSE Loss=556.178504 | PDE Loss=123.926164 | λ_pde=2.359e-02 | LR=3.91e-05
[2026-01-29 16:08:10][INFO] [Epoch 150] MSE Loss=556.922075 | PDE Loss=124.259705 | λ_pde=2.289e-02 | LR=3.91e-05
[2026-01-29 16:10:25][INFO] [Epoch 151] MSE Loss=555.849994 | PDE Loss=126.394980 | λ_pde=2.222e-02 | LR=3.91e-05
[2026-01-29 16:12:41][INFO] [Epoch 152] MSE Loss=555.521739 | PDE Loss=128.417506 | λ_pde=2.156e-02 | LR=3.91e-05
[2026-01-29 16:14:55][INFO] [Epoch 153] MSE Loss=555.301833 | PDE Loss=130.937574 | λ_pde=2.092e-02 | LR=3.91e-05
[2026-01-29 16:17:11][INFO] [Epoch 154] MSE Loss=555.660193 | PDE Loss=130.978587 | λ_pde=2.031e-02 | LR=3.91e-05
[2026-01-29 16:19:27][INFO] [Epoch 155] MSE Loss=554.420879 | PDE Loss=134.891503 | λ_pde=1.971e-02 | LR=3.91e-05
[2026-01-29 16:21:44][INFO] [Epoch 156] MSE Loss=554.919014 | PDE Loss=135.147691 | λ_pde=1.912e-02 | LR=3.91e-05
[2026-01-29 16:23:59][INFO] [Epoch 157] MSE Loss=554.015737 | PDE Loss=139.210833 | λ_pde=1.856e-02 | LR=3.91e-05
[2026-01-29 16:26:16][INFO] [Epoch 158] MSE Loss=554.249792 | PDE Loss=139.221092 | λ_pde=1.801e-02 | LR=3.91e-05
[2026-01-29 16:28:34][INFO] [Epoch 159] MSE Loss=554.029054 | PDE Loss=142.105524 | λ_pde=1.748e-02 | LR=3.91e-05
[2026-01-29 16:30:51][INFO] [Epoch 160] MSE Loss=554.540561 | PDE Loss=142.731218 | λ_pde=1.696e-02 | LR=3.91e-05
[2026-01-29 16:33:11][INFO] [Epoch 161] MSE Loss=553.944693 | PDE Loss=145.598302 | λ_pde=1.646e-02 | LR=3.91e-05
[2026-01-29 16:35:27][INFO] [Epoch 162] MSE Loss=553.717670 | PDE Loss=147.226862 | λ_pde=1.597e-02 | LR=3.91e-05
[2026-01-29 16:37:41][INFO] [Epoch 163] MSE Loss=554.082215 | PDE Loss=151.012396 | λ_pde=1.550e-02 | LR=3.91e-05
[2026-01-29 16:39:56][INFO] [Epoch 164] MSE Loss=553.719336 | PDE Loss=151.405067 | λ_pde=1.504e-02 | LR=3.91e-05
[2026-01-29 16:42:10][INFO] [Epoch 165] MSE Loss=553.544331 | PDE Loss=154.147311 | λ_pde=1.460e-02 | LR=3.91e-05
[2026-01-29 16:44:27][INFO] [Epoch 166] MSE Loss=553.194423 | PDE Loss=155.994966 | λ_pde=1.417e-02 | LR=3.91e-05
[2026-01-29 16:46:45][INFO] [Epoch 167] MSE Loss=553.284761 | PDE Loss=158.919422 | λ_pde=1.375e-02 | LR=3.91e-05
[2026-01-29 16:49:07][INFO] [Epoch 168] MSE Loss=552.605558 | PDE Loss=161.000669 | λ_pde=1.334e-02 | LR=3.91e-05
[2026-01-29 16:51:27][INFO] [Epoch 169] MSE Loss=553.058825 | PDE Loss=163.601355 | λ_pde=1.295e-02 | LR=3.91e-05
[2026-01-29 16:53:43][INFO] [Epoch 170] MSE Loss=553.313323 | PDE Loss=165.757236 | λ_pde=1.256e-02 | LR=3.91e-05
[2026-01-29 16:55:59][INFO] [Epoch 171] MSE Loss=552.849835 | PDE Loss=167.221615 | λ_pde=1.219e-02 | LR=3.91e-05
[2026-01-29 16:58:17][INFO] [Epoch 172] MSE Loss=552.825785 | PDE Loss=169.572329 | λ_pde=1.183e-02 | LR=3.91e-05
[2026-01-29 17:00:37][INFO] [Epoch 173] MSE Loss=552.525199 | PDE Loss=171.870314 | λ_pde=1.148e-02 | LR=3.91e-05
[2026-01-29 17:02:51][INFO] [Epoch 174] MSE Loss=552.573367 | PDE Loss=173.728391 | λ_pde=1.114e-02 | LR=3.91e-05
[2026-01-29 17:05:08][INFO] [Epoch 175] MSE Loss=552.345064 | PDE Loss=176.363719 | λ_pde=1.081e-02 | LR=3.91e-05
[2026-01-29 17:07:25][INFO] [Epoch 176] MSE Loss=551.744331 | PDE Loss=179.799370 | λ_pde=1.050e-02 | LR=3.91e-05
[2026-01-29 17:09:42][INFO] [Epoch 177] MSE Loss=551.130614 | PDE Loss=181.991005 | λ_pde=1.018e-02 | LR=3.91e-05
[2026-01-29 17:12:01][INFO] [Epoch 178] MSE Loss=551.232470 | PDE Loss=183.374045 | λ_pde=9.884e-03 | LR=3.91e-05
[2026-01-29 17:14:19][INFO] [Epoch 179] MSE Loss=551.915722 | PDE Loss=186.337909 | λ_pde=9.592e-03 | LR=3.91e-05
[2026-01-29 17:16:37][INFO] [Epoch 180] MSE Loss=551.116984 | PDE Loss=189.804159 | λ_pde=9.308e-03 | LR=3.91e-05
[2026-01-29 17:18:53][INFO] [Epoch 181] MSE Loss=552.395129 | PDE Loss=192.321907 | λ_pde=9.033e-03 | LR=3.91e-05
[2026-01-29 17:21:09][INFO] [Epoch 182] MSE Loss=551.293605 | PDE Loss=194.756378 | λ_pde=8.766e-03 | LR=3.91e-05
[2026-01-29 17:23:31][INFO] [Epoch 183] MSE Loss=550.991633 | PDE Loss=196.300104 | λ_pde=8.507e-03 | LR=3.91e-05
[2026-01-29 17:25:48][INFO] [Epoch 184] MSE Loss=550.791484 | PDE Loss=198.702429 | λ_pde=8.256e-03 | LR=3.91e-05
[2026-01-29 17:28:06][INFO] [Epoch 185] MSE Loss=550.124657 | PDE Loss=202.790075 | λ_pde=8.012e-03 | LR=3.91e-05
[2026-01-29 17:30:22][INFO] [Epoch 186] MSE Loss=549.975631 | PDE Loss=205.295574 | λ_pde=7.775e-03 | LR=3.91e-05
[2026-01-29 17:32:35][INFO] [Epoch 187] MSE Loss=549.944957 | PDE Loss=206.420135 | λ_pde=7.545e-03 | LR=3.91e-05
[2026-01-29 17:34:49][INFO] [Epoch 188] MSE Loss=549.871929 | PDE Loss=209.590640 | λ_pde=7.322e-03 | LR=3.91e-05
[2026-01-29 17:37:04][INFO] [Epoch 189] MSE Loss=550.520388 | PDE Loss=212.239387 | λ_pde=7.106e-03 | LR=3.91e-05
[2026-01-29 17:39:20][INFO] [Epoch 190] MSE Loss=550.513756 | PDE Loss=215.229243 | λ_pde=6.896e-03 | LR=3.91e-05
[2026-01-29 17:41:34][INFO] [Epoch 191] MSE Loss=550.009587 | PDE Loss=217.082366 | λ_pde=6.692e-03 | LR=3.91e-05
[2026-01-29 17:43:48][INFO] [Epoch 192] MSE Loss=548.785899 | PDE Loss=221.401189 | λ_pde=6.494e-03 | LR=3.91e-05
[2026-01-29 17:46:05][INFO] [Epoch 193] MSE Loss=549.062886 | PDE Loss=222.287062 | λ_pde=6.302e-03 | LR=3.91e-05
[2026-01-29 17:48:20][INFO] [Epoch 194] MSE Loss=548.894103 | PDE Loss=225.340792 | λ_pde=6.116e-03 | LR=3.91e-05
[2026-01-29 17:50:35][INFO] [Epoch 195] MSE Loss=548.932406 | PDE Loss=230.853420 | λ_pde=5.935e-03 | LR=3.91e-05
[2026-01-29 17:52:52][INFO] [Epoch 196] MSE Loss=549.402542 | PDE Loss=231.920945 | λ_pde=5.760e-03 | LR=3.91e-05
[2026-01-29 17:55:09][INFO] [Epoch 197] MSE Loss=549.169626 | PDE Loss=234.592036 | λ_pde=5.590e-03 | LR=3.91e-05
[2026-01-29 17:57:26][INFO] [Epoch 198] MSE Loss=549.206306 | PDE Loss=236.159260 | λ_pde=5.424e-03 | LR=3.91e-05
[2026-01-29 17:59:40][INFO] [Epoch 199] MSE Loss=550.245695 | PDE Loss=239.402786 | λ_pde=5.264e-03 | LR=3.91e-05
[2026-01-29 18:02:01][INFO] [Epoch 200] MSE Loss=547.828423 | PDE Loss=244.365431 | λ_pde=5.108e-03 | LR=1.95e-05
[2026-01-29 18:02:01][INFO] 训练结束，模型已保存至: /data/sda/zjc/comsol_pinn/checkpoints/M04c/exp04/M04c_pinn.pt
[2026-01-29 18:02:01][INFO] ========== 训练结束 ==========
