[2026-01-30 16:17:41][INFO] 日志文件创建于: /data/sda/zjc/comsol_pinn/logs/M04d/exp04/train_20260130_161741_gpu4_pid2779568.log
[2026-01-30 16:17:41][INFO] 进程 PID: 2779568
[2026-01-30 16:17:41][INFO] ========== PINN 训练开始 ==========
[2026-01-30 16:17:41][INFO] 物理项权重 λ_pde = 2.0
[2026-01-30 16:17:41][INFO] 使用设备: cuda
[2026-01-30 16:17:41][INFO] 训练参数: {'lambda_pde': 2.0, 'epochs': 200, 'lr': 0.005, 'batch_cases': 1, 'lr_scheduler': 'hybrid', 'cosine_tmax': 150, 'cosine_eta_min': 1e-05, 'plateau_factor': 0.5, 'plateau_patience': 6, 'plateau_min_lr': 1e-05, 'use_pde_anneal': True, 'pde_anneal_gamma': 0.2, 'pde_lambda_min': 0.0, 'use_soft_mask': False, 'mask_alpha': 40.0, 'mask_temp_ratio': 0.7, 'points_per_case': 320000, 'device': 'cuda', 'num_workers': 8, 'log_dir': 'logs/M04d/exp04', 'ckpt_dir': 'checkpoints/M04d/exp04'}
[2026-01-30 16:17:41][INFO] 数据集大小: 141 cases
[2026-01-30 16:17:41][INFO] 每 case 采样点数: 320000
[2026-01-30 16:17:42][INFO] 模型结构:
SimplePINN(
  (net): Sequential(
    (0): Linear(in_features=7, out_features=128, bias=True)
    (1): SiLU()
    (2): Linear(in_features=128, out_features=128, bias=True)
    (3): SiLU()
    (4): Linear(in_features=128, out_features=1, bias=True)
  )
)
[2026-01-30 16:17:42][INFO] 优化器: AdamW, 初始 lr=0.005, 学习率调度器: hybrid
[2026-01-30 16:20:25][INFO] [Epoch 001] MSE Loss=22062.477337 | PDE Loss=4.766235 | λ_pde=2.000e+00 | LR=5.00e-03
[2026-01-30 16:23:07][INFO] [Epoch 002] MSE Loss=910.726593 | PDE Loss=2.349578 | λ_pde=1.637e+00 | LR=5.00e-03
[2026-01-30 16:25:50][INFO] [Epoch 003] MSE Loss=829.476335 | PDE Loss=1.864761 | λ_pde=1.341e+00 | LR=5.00e-03
[2026-01-30 16:28:32][INFO] [Epoch 004] MSE Loss=798.763468 | PDE Loss=1.904804 | λ_pde=1.098e+00 | LR=5.00e-03
[2026-01-30 16:31:16][INFO] [Epoch 005] MSE Loss=851.423178 | PDE Loss=2.031322 | λ_pde=8.987e-01 | LR=4.99e-03
[2026-01-30 16:34:01][INFO] [Epoch 006] MSE Loss=800.579140 | PDE Loss=2.522191 | λ_pde=7.358e-01 | LR=4.99e-03
[2026-01-30 16:36:45][INFO] [Epoch 007] MSE Loss=778.404941 | PDE Loss=3.205297 | λ_pde=6.024e-01 | LR=4.98e-03
[2026-01-30 16:39:25][INFO] [Epoch 008] MSE Loss=779.776339 | PDE Loss=4.322642 | λ_pde=4.932e-01 | LR=4.97e-03
[2026-01-30 16:42:05][INFO] [Epoch 009] MSE Loss=856.564780 | PDE Loss=4.829083 | λ_pde=4.038e-01 | LR=4.97e-03
[2026-01-30 16:44:44][INFO] [Epoch 010] MSE Loss=830.045224 | PDE Loss=6.772724 | λ_pde=3.306e-01 | LR=4.96e-03
[2026-01-30 16:47:26][INFO] [Epoch 011] MSE Loss=753.007357 | PDE Loss=8.759988 | λ_pde=2.707e-01 | LR=4.95e-03
[2026-01-30 16:50:05][INFO] [Epoch 012] MSE Loss=760.479281 | PDE Loss=11.771598 | λ_pde=2.216e-01 | LR=4.93e-03
[2026-01-30 16:52:47][INFO] [Epoch 013] MSE Loss=815.851579 | PDE Loss=13.698504 | λ_pde=1.814e-01 | LR=4.92e-03
[2026-01-30 16:55:26][INFO] [Epoch 014] MSE Loss=805.639069 | PDE Loss=16.524927 | λ_pde=1.485e-01 | LR=4.91e-03
[2026-01-30 16:58:05][INFO] [Epoch 015] MSE Loss=823.705024 | PDE Loss=20.040325 | λ_pde=1.216e-01 | LR=4.89e-03
[2026-01-30 17:00:46][INFO] [Epoch 016] MSE Loss=761.656837 | PDE Loss=26.077719 | λ_pde=9.957e-02 | LR=4.88e-03
[2026-01-30 17:03:25][INFO] [Epoch 017] MSE Loss=735.281600 | PDE Loss=38.314862 | λ_pde=8.152e-02 | LR=4.86e-03
[2026-01-30 17:06:06][INFO] [Epoch 018] MSE Loss=670.109302 | PDE Loss=62.922686 | λ_pde=6.675e-02 | LR=4.84e-03
[2026-01-30 17:08:47][INFO] [Epoch 019] MSE Loss=733.754527 | PDE Loss=115.091748 | λ_pde=5.465e-02 | LR=4.82e-03
[2026-01-30 17:11:29][INFO] [Epoch 020] MSE Loss=720.717487 | PDE Loss=139.191293 | λ_pde=4.474e-02 | LR=4.81e-03
[2026-01-30 17:14:10][INFO] [Epoch 021] MSE Loss=723.060795 | PDE Loss=202.037140 | λ_pde=3.663e-02 | LR=4.78e-03
[2026-01-30 17:16:55][INFO] [Epoch 022] MSE Loss=672.472564 | PDE Loss=251.133135 | λ_pde=2.999e-02 | LR=4.76e-03
[2026-01-30 17:19:36][INFO] [Epoch 023] MSE Loss=660.152670 | PDE Loss=278.773053 | λ_pde=2.455e-02 | LR=4.74e-03
[2026-01-30 17:22:18][INFO] [Epoch 024] MSE Loss=649.333847 | PDE Loss=366.708845 | λ_pde=2.010e-02 | LR=4.72e-03
[2026-01-30 17:24:58][INFO] [Epoch 025] MSE Loss=666.230572 | PDE Loss=429.523190 | λ_pde=1.646e-02 | LR=4.69e-03
[2026-01-30 17:27:42][INFO] [Epoch 026] MSE Loss=642.038006 | PDE Loss=477.638781 | λ_pde=1.348e-02 | LR=4.67e-03
[2026-01-30 17:30:24][INFO] [Epoch 027] MSE Loss=642.669088 | PDE Loss=537.064674 | λ_pde=1.103e-02 | LR=4.64e-03
[2026-01-30 17:33:05][INFO] [Epoch 028] MSE Loss=618.140369 | PDE Loss=657.147906 | λ_pde=9.033e-03 | LR=4.61e-03
[2026-01-30 17:35:48][INFO] [Epoch 029] MSE Loss=639.687133 | PDE Loss=729.599739 | λ_pde=7.396e-03 | LR=4.58e-03
[2026-01-30 17:38:27][INFO] [Epoch 030] MSE Loss=720.466999 | PDE Loss=845.537177 | λ_pde=6.055e-03 | LR=4.55e-03
[2026-01-30 17:41:22][INFO] [Epoch 031] MSE Loss=722.169640 | PDE Loss=838.560334 | λ_pde=4.958e-03 | LR=4.52e-03
[2026-01-30 17:44:51][INFO] [Epoch 032] MSE Loss=591.572872 | PDE Loss=930.124065 | λ_pde=4.059e-03 | LR=4.49e-03
[2026-01-30 17:48:21][INFO] [Epoch 033] MSE Loss=619.629686 | PDE Loss=1066.406224 | λ_pde=3.323e-03 | LR=4.46e-03
[2026-01-30 17:51:51][INFO] [Epoch 034] MSE Loss=640.950552 | PDE Loss=1277.796908 | λ_pde=2.721e-03 | LR=4.43e-03
[2026-01-30 17:55:17][INFO] [Epoch 035] MSE Loss=592.432760 | PDE Loss=1342.041245 | λ_pde=2.228e-03 | LR=4.39e-03
[2026-01-30 17:58:50][INFO] [Epoch 036] MSE Loss=655.416212 | PDE Loss=1465.450413 | λ_pde=1.824e-03 | LR=4.36e-03
[2026-01-30 18:02:19][INFO] [Epoch 037] MSE Loss=606.459353 | PDE Loss=1575.785045 | λ_pde=1.493e-03 | LR=4.32e-03
[2026-01-30 18:05:48][INFO] [Epoch 038] MSE Loss=605.062299 | PDE Loss=1814.317174 | λ_pde=1.223e-03 | LR=4.29e-03
[2026-01-30 18:09:17][INFO] [Epoch 039] MSE Loss=635.822413 | PDE Loss=2009.226073 | λ_pde=1.001e-03 | LR=4.25e-03
[2026-01-30 18:12:41][INFO] [Epoch 040] MSE Loss=560.338309 | PDE Loss=2224.530370 | λ_pde=8.195e-04 | LR=2.11e-03
[2026-01-30 18:16:13][INFO] [Epoch 041] MSE Loss=541.050675 | PDE Loss=2475.836696 | λ_pde=6.709e-04 | LR=2.09e-03
[2026-01-30 18:19:43][INFO] [Epoch 042] MSE Loss=566.428606 | PDE Loss=2674.960841 | λ_pde=5.493e-04 | LR=2.07e-03
[2026-01-30 18:23:13][INFO] [Epoch 043] MSE Loss=551.583557 | PDE Loss=2913.875587 | λ_pde=4.497e-04 | LR=2.05e-03
[2026-01-30 18:26:41][INFO] [Epoch 044] MSE Loss=565.524541 | PDE Loss=3176.994634 | λ_pde=3.682e-04 | LR=2.03e-03
[2026-01-30 18:30:14][INFO] [Epoch 045] MSE Loss=553.937831 | PDE Loss=3463.410807 | λ_pde=3.015e-04 | LR=2.01e-03
[2026-01-30 18:33:43][INFO] [Epoch 046] MSE Loss=571.294585 | PDE Loss=3792.935620 | λ_pde=2.468e-04 | LR=1.99e-03
[2026-01-30 18:37:12][INFO] [Epoch 047] MSE Loss=560.561768 | PDE Loss=4224.099419 | λ_pde=2.021e-04 | LR=1.96e-03
[2026-01-30 18:40:41][INFO] [Epoch 048] MSE Loss=587.818996 | PDE Loss=4664.239337 | λ_pde=1.654e-04 | LR=1.94e-03
[2026-01-30 18:44:13][INFO] [Epoch 049] MSE Loss=523.636070 | PDE Loss=5057.019265 | λ_pde=1.355e-04 | LR=9.61e-04
[2026-01-30 18:47:45][INFO] [Epoch 050] MSE Loss=522.019751 | PDE Loss=5348.282168 | λ_pde=1.109e-04 | LR=9.50e-04
[2026-01-30 18:51:15][INFO] [Epoch 051] MSE Loss=528.040785 | PDE Loss=5715.812161 | λ_pde=9.080e-05 | LR=9.39e-04
[2026-01-30 18:54:42][INFO] [Epoch 052] MSE Loss=513.529306 | PDE Loss=6069.340938 | λ_pde=7.434e-05 | LR=9.27e-04
[2026-01-30 18:58:07][INFO] [Epoch 053] MSE Loss=516.404458 | PDE Loss=6439.494373 | λ_pde=6.086e-05 | LR=9.16e-04
[2026-01-30 19:01:40][INFO] [Epoch 054] MSE Loss=513.461722 | PDE Loss=6762.923731 | λ_pde=4.983e-05 | LR=9.04e-04
[2026-01-30 19:05:08][INFO] [Epoch 055] MSE Loss=532.956888 | PDE Loss=7248.368649 | λ_pde=4.080e-05 | LR=8.93e-04
[2026-01-30 19:08:35][INFO] [Epoch 056] MSE Loss=515.568599 | PDE Loss=7691.351999 | λ_pde=3.340e-05 | LR=8.81e-04
[2026-01-30 19:12:01][INFO] [Epoch 057] MSE Loss=519.315698 | PDE Loss=8193.313477 | λ_pde=2.735e-05 | LR=8.69e-04
[2026-01-30 19:15:32][INFO] [Epoch 058] MSE Loss=509.695536 | PDE Loss=8496.627639 | λ_pde=2.239e-05 | LR=8.57e-04
[2026-01-30 19:19:03][INFO] [Epoch 059] MSE Loss=515.460388 | PDE Loss=8992.787476 | λ_pde=1.833e-05 | LR=8.45e-04
[2026-01-30 19:22:31][INFO] [Epoch 060] MSE Loss=521.850362 | PDE Loss=9470.595717 | λ_pde=1.501e-05 | LR=8.33e-04
[2026-01-30 19:25:58][INFO] [Epoch 061] MSE Loss=508.852421 | PDE Loss=9867.257646 | λ_pde=1.229e-05 | LR=8.20e-04
[2026-01-30 19:29:26][INFO] [Epoch 062] MSE Loss=512.397308 | PDE Loss=10366.613572 | λ_pde=1.006e-05 | LR=8.08e-04
[2026-01-30 19:32:56][INFO] [Epoch 063] MSE Loss=502.210931 | PDE Loss=10909.083368 | λ_pde=8.237e-06 | LR=7.95e-04
[2026-01-30 19:36:28][INFO] [Epoch 064] MSE Loss=505.906596 | PDE Loss=11333.426391 | λ_pde=6.744e-06 | LR=7.83e-04
[2026-01-30 19:39:52][INFO] [Epoch 065] MSE Loss=504.399670 | PDE Loss=11873.331830 | λ_pde=5.522e-06 | LR=7.70e-04
[2026-01-30 19:43:20][INFO] [Epoch 066] MSE Loss=503.628072 | PDE Loss=12156.028396 | λ_pde=4.521e-06 | LR=7.58e-04
[2026-01-30 19:46:49][INFO] [Epoch 067] MSE Loss=498.730247 | PDE Loss=12746.649601 | λ_pde=3.701e-06 | LR=7.45e-04
[2026-01-30 19:50:19][INFO] [Epoch 068] MSE Loss=504.682234 | PDE Loss=13068.973196 | λ_pde=3.030e-06 | LR=7.32e-04
[2026-01-30 19:53:50][INFO] [Epoch 069] MSE Loss=496.003911 | PDE Loss=13477.219720 | λ_pde=2.481e-06 | LR=7.19e-04
[2026-01-30 19:57:18][INFO] [Epoch 070] MSE Loss=505.966997 | PDE Loss=13979.194703 | λ_pde=2.031e-06 | LR=7.07e-04
[2026-01-30 20:00:48][INFO] [Epoch 071] MSE Loss=486.272839 | PDE Loss=14620.229555 | λ_pde=1.663e-06 | LR=6.94e-04
[2026-01-30 20:04:18][INFO] [Epoch 072] MSE Loss=489.085378 | PDE Loss=15119.004391 | λ_pde=1.362e-06 | LR=6.81e-04
[2026-01-30 20:07:43][INFO] [Epoch 073] MSE Loss=509.032344 | PDE Loss=15724.773839 | λ_pde=1.115e-06 | LR=6.68e-04
[2026-01-30 20:11:14][INFO] [Epoch 074] MSE Loss=492.936643 | PDE Loss=15915.152081 | λ_pde=9.127e-07 | LR=6.55e-04
[2026-01-30 20:14:43][INFO] [Epoch 075] MSE Loss=492.162732 | PDE Loss=16588.159505 | λ_pde=7.473e-07 | LR=6.42e-04
[2026-01-30 20:18:12][INFO] [Epoch 076] MSE Loss=501.575912 | PDE Loss=16945.820659 | λ_pde=6.118e-07 | LR=6.29e-04
[2026-01-30 20:21:38][INFO] [Epoch 077] MSE Loss=496.009855 | PDE Loss=17515.171778 | λ_pde=5.009e-07 | LR=6.16e-04
[2026-01-30 20:25:05][INFO] [Epoch 078] MSE Loss=483.301851 | PDE Loss=18064.044686 | λ_pde=4.101e-07 | LR=6.03e-04
[2026-01-30 20:28:39][INFO] [Epoch 079] MSE Loss=485.970636 | PDE Loss=18563.963583 | λ_pde=3.358e-07 | LR=5.90e-04
[2026-01-30 20:32:12][INFO] [Epoch 080] MSE Loss=486.165298 | PDE Loss=19089.918758 | λ_pde=2.749e-07 | LR=5.77e-04
[2026-01-30 20:35:41][INFO] [Epoch 081] MSE Loss=484.185024 | PDE Loss=19461.222061 | λ_pde=2.251e-07 | LR=5.64e-04
[2026-01-30 20:39:12][INFO] [Epoch 082] MSE Loss=478.248864 | PDE Loss=20139.861411 | λ_pde=1.843e-07 | LR=5.51e-04
[2026-01-30 20:42:40][INFO] [Epoch 083] MSE Loss=479.691471 | PDE Loss=20519.331186 | λ_pde=1.509e-07 | LR=5.39e-04
[2026-01-30 20:46:12][INFO] [Epoch 084] MSE Loss=476.718301 | PDE Loss=21023.975745 | λ_pde=1.235e-07 | LR=5.26e-04
[2026-01-30 20:49:40][INFO] [Epoch 085] MSE Loss=483.491774 | PDE Loss=21342.481632 | λ_pde=1.011e-07 | LR=5.13e-04
[2026-01-30 20:53:12][INFO] [Epoch 086] MSE Loss=477.927177 | PDE Loss=22055.166140 | λ_pde=8.280e-08 | LR=5.00e-04
[2026-01-30 20:56:44][INFO] [Epoch 087] MSE Loss=478.758062 | PDE Loss=22442.595523 | λ_pde=6.779e-08 | LR=4.88e-04
[2026-01-30 21:00:09][INFO] [Epoch 088] MSE Loss=475.647183 | PDE Loss=23007.797097 | λ_pde=5.550e-08 | LR=4.75e-04
[2026-01-30 21:03:35][INFO] [Epoch 089] MSE Loss=478.691526 | PDE Loss=23493.886594 | λ_pde=4.544e-08 | LR=4.63e-04
[2026-01-30 21:07:05][INFO] [Epoch 090] MSE Loss=473.360066 | PDE Loss=24041.905724 | λ_pde=3.720e-08 | LR=4.50e-04
[2026-01-30 21:10:36][INFO] [Epoch 091] MSE Loss=471.062970 | PDE Loss=24420.707890 | λ_pde=3.046e-08 | LR=4.38e-04
[2026-01-30 21:14:10][INFO] [Epoch 092] MSE Loss=466.241731 | PDE Loss=24870.878269 | λ_pde=2.494e-08 | LR=4.25e-04
[2026-01-30 21:17:37][INFO] [Epoch 093] MSE Loss=468.571845 | PDE Loss=25442.090232 | λ_pde=2.042e-08 | LR=4.13e-04
[2026-01-30 21:21:09][INFO] [Epoch 094] MSE Loss=464.208839 | PDE Loss=25892.064495 | λ_pde=1.672e-08 | LR=4.01e-04
[2026-01-30 21:24:35][INFO] [Epoch 095] MSE Loss=470.888089 | PDE Loss=26340.094664 | λ_pde=1.369e-08 | LR=3.89e-04
[2026-01-30 21:28:01][INFO] [Epoch 096] MSE Loss=467.933032 | PDE Loss=26838.591118 | λ_pde=1.121e-08 | LR=3.77e-04
[2026-01-30 21:31:28][INFO] [Epoch 097] MSE Loss=460.054457 | PDE Loss=27261.637134 | λ_pde=9.174e-09 | LR=3.65e-04
[2026-01-30 21:34:59][INFO] [Epoch 098] MSE Loss=463.139667 | PDE Loss=27578.666500 | λ_pde=7.511e-09 | LR=3.54e-04
[2026-01-30 21:38:27][INFO] [Epoch 099] MSE Loss=461.956567 | PDE Loss=28001.870567 | λ_pde=6.150e-09 | LR=3.42e-04
[2026-01-30 21:42:00][INFO] [Epoch 100] MSE Loss=462.220391 | PDE Loss=28520.699053 | λ_pde=5.035e-09 | LR=3.31e-04
[2026-01-30 21:45:30][INFO] [Epoch 101] MSE Loss=460.355972 | PDE Loss=28910.041140 | λ_pde=4.122e-09 | LR=3.20e-04
[2026-01-30 21:48:58][INFO] [Epoch 102] MSE Loss=464.344073 | PDE Loss=29328.192154 | λ_pde=3.375e-09 | LR=3.08e-04
[2026-01-30 21:52:26][INFO] [Epoch 103] MSE Loss=454.314053 | PDE Loss=29711.035156 | λ_pde=2.763e-09 | LR=2.97e-04
[2026-01-30 21:55:57][INFO] [Epoch 104] MSE Loss=465.920815 | PDE Loss=30132.015154 | λ_pde=2.262e-09 | LR=2.86e-04
[2026-01-30 21:59:27][INFO] [Epoch 105] MSE Loss=456.285205 | PDE Loss=30420.570146 | λ_pde=1.852e-09 | LR=2.76e-04
[2026-01-30 22:02:58][INFO] [Epoch 106] MSE Loss=454.709201 | PDE Loss=30866.510832 | λ_pde=1.517e-09 | LR=2.65e-04
[2026-01-30 22:06:25][INFO] [Epoch 107] MSE Loss=457.219794 | PDE Loss=31257.303690 | λ_pde=1.242e-09 | LR=2.55e-04
[2026-01-30 22:09:56][INFO] [Epoch 108] MSE Loss=453.896614 | PDE Loss=31545.297401 | λ_pde=1.017e-09 | LR=2.45e-04
[2026-01-30 22:13:25][INFO] [Epoch 109] MSE Loss=451.820013 | PDE Loss=31852.153369 | λ_pde=8.323e-10 | LR=2.34e-04
[2026-01-30 22:16:56][INFO] [Epoch 110] MSE Loss=458.962623 | PDE Loss=32162.346437 | λ_pde=6.814e-10 | LR=2.25e-04
[2026-01-30 22:20:27][INFO] [Epoch 111] MSE Loss=461.192669 | PDE Loss=32346.050199 | λ_pde=5.579e-10 | LR=2.15e-04
[2026-01-30 22:23:56][INFO] [Epoch 112] MSE Loss=452.794938 | PDE Loss=32955.816766 | λ_pde=4.568e-10 | LR=2.05e-04
[2026-01-30 22:27:29][INFO] [Epoch 113] MSE Loss=453.916766 | PDE Loss=33066.866495 | λ_pde=3.740e-10 | LR=1.96e-04
[2026-01-30 22:30:58][INFO] [Epoch 114] MSE Loss=448.570426 | PDE Loss=33251.098792 | λ_pde=3.062e-10 | LR=1.87e-04
[2026-01-30 22:34:26][INFO] [Epoch 115] MSE Loss=452.267223 | PDE Loss=33700.894088 | λ_pde=2.507e-10 | LR=1.78e-04
[2026-01-30 22:37:53][INFO] [Epoch 116] MSE Loss=455.520286 | PDE Loss=33914.199219 | λ_pde=2.052e-10 | LR=1.69e-04
[2026-01-30 22:41:21][INFO] [Epoch 117] MSE Loss=451.072682 | PDE Loss=34109.822917 | λ_pde=1.680e-10 | LR=1.60e-04
[2026-01-30 22:44:50][INFO] [Epoch 118] MSE Loss=449.486688 | PDE Loss=34443.676308 | λ_pde=1.376e-10 | LR=1.52e-04
[2026-01-30 22:48:17][INFO] [Epoch 119] MSE Loss=448.793272 | PDE Loss=34578.738918 | λ_pde=1.126e-10 | LR=1.44e-04
[2026-01-30 22:51:46][INFO] [Epoch 120] MSE Loss=448.660039 | PDE Loss=34903.548565 | λ_pde=9.222e-11 | LR=1.36e-04
[2026-01-30 22:55:14][INFO] [Epoch 121] MSE Loss=448.719318 | PDE Loss=35040.327266 | λ_pde=7.550e-11 | LR=1.28e-04
[2026-01-30 22:58:44][INFO] [Epoch 122] MSE Loss=446.573073 | PDE Loss=35259.413176 | λ_pde=6.182e-11 | LR=6.04e-05
[2026-01-30 23:02:14][INFO] [Epoch 123] MSE Loss=445.472206 | PDE Loss=35198.736841 | λ_pde=5.061e-11 | LR=5.70e-05
[2026-01-30 23:05:44][INFO] [Epoch 124] MSE Loss=446.626484 | PDE Loss=35274.278175 | λ_pde=4.144e-11 | LR=5.38e-05
[2026-01-30 23:09:11][INFO] [Epoch 125] MSE Loss=445.225649 | PDE Loss=35518.944592 | λ_pde=3.393e-11 | LR=5.07e-05
[2026-01-30 23:12:38][INFO] [Epoch 126] MSE Loss=445.201920 | PDE Loss=35562.244986 | λ_pde=2.778e-11 | LR=4.77e-05
[2026-01-30 23:16:07][INFO] [Epoch 127] MSE Loss=445.256440 | PDE Loss=35546.805962 | λ_pde=2.274e-11 | LR=4.48e-05
[2026-01-30 23:19:35][INFO] [Epoch 128] MSE Loss=445.000363 | PDE Loss=35621.132646 | λ_pde=1.862e-11 | LR=4.20e-05
[2026-01-30 23:23:05][INFO] [Epoch 129] MSE Loss=444.768972 | PDE Loss=35768.029366 | λ_pde=1.524e-11 | LR=3.94e-05
[2026-01-30 23:26:33][INFO] [Epoch 130] MSE Loss=443.901270 | PDE Loss=35684.039478 | λ_pde=1.248e-11 | LR=3.68e-05
[2026-01-30 23:30:01][INFO] [Epoch 131] MSE Loss=444.184256 | PDE Loss=35874.400820 | λ_pde=1.022e-11 | LR=3.43e-05
[2026-01-30 23:33:34][INFO] [Epoch 132] MSE Loss=443.907837 | PDE Loss=35919.733627 | λ_pde=8.366e-12 | LR=3.20e-05
[2026-01-30 23:37:03][INFO] [Epoch 133] MSE Loss=443.689712 | PDE Loss=35814.406389 | λ_pde=6.849e-12 | LR=2.98e-05
[2026-01-30 23:40:32][INFO] [Epoch 134] MSE Loss=443.617250 | PDE Loss=36083.796626 | λ_pde=5.608e-12 | LR=2.77e-05
[2026-01-30 23:43:59][INFO] [Epoch 135] MSE Loss=443.463130 | PDE Loss=36060.439993 | λ_pde=4.591e-12 | LR=2.57e-05
[2026-01-30 23:47:29][INFO] [Epoch 136] MSE Loss=443.450776 | PDE Loss=36034.530474 | λ_pde=3.759e-12 | LR=2.38e-05
[2026-01-30 23:51:03][INFO] [Epoch 137] MSE Loss=443.658049 | PDE Loss=36109.181793 | λ_pde=3.078e-12 | LR=2.20e-05
[2026-01-30 23:54:31][INFO] [Epoch 138] MSE Loss=443.225916 | PDE Loss=36164.818955 | λ_pde=2.520e-12 | LR=2.04e-05
[2026-01-30 23:57:59][INFO] [Epoch 139] MSE Loss=443.515626 | PDE Loss=36195.357270 | λ_pde=2.063e-12 | LR=1.88e-05
[2026-01-31 00:01:30][INFO] [Epoch 140] MSE Loss=443.379237 | PDE Loss=36124.124030 | λ_pde=1.689e-12 | LR=1.74e-05
[2026-01-31 00:04:58][INFO] [Epoch 141] MSE Loss=443.176048 | PDE Loss=36134.710854 | λ_pde=1.383e-12 | LR=1.62e-05
[2026-01-31 00:08:28][INFO] [Epoch 142] MSE Loss=443.055967 | PDE Loss=36260.569592 | λ_pde=1.132e-12 | LR=1.50e-05
[2026-01-31 00:11:57][INFO] [Epoch 143] MSE Loss=442.873776 | PDE Loss=36214.370346 | λ_pde=9.270e-13 | LR=1.39e-05
[2026-01-31 00:15:24][INFO] [Epoch 144] MSE Loss=442.906200 | PDE Loss=36364.906555 | λ_pde=7.589e-13 | LR=1.30e-05
[2026-01-31 00:18:55][INFO] [Epoch 145] MSE Loss=443.004031 | PDE Loss=36342.134336 | λ_pde=6.214e-13 | LR=1.22e-05
[2026-01-31 00:22:25][INFO] [Epoch 146] MSE Loss=442.843112 | PDE Loss=36271.097074 | λ_pde=5.087e-13 | LR=1.15e-05
[2026-01-31 00:25:57][INFO] [Epoch 147] MSE Loss=442.933179 | PDE Loss=36364.325521 | λ_pde=4.165e-13 | LR=1.10e-05
[2026-01-31 00:29:28][INFO] [Epoch 148] MSE Loss=442.964793 | PDE Loss=36361.072002 | λ_pde=3.410e-13 | LR=1.06e-05
[2026-01-31 00:32:59][INFO] [Epoch 149] MSE Loss=443.086892 | PDE Loss=36356.038453 | λ_pde=2.792e-13 | LR=1.02e-05
[2026-01-31 00:36:30][INFO] [Epoch 150] MSE Loss=442.661299 | PDE Loss=36453.399850 | λ_pde=2.286e-13 | LR=1.01e-05
[2026-01-31 00:39:58][INFO] [Epoch 151] MSE Loss=442.717616 | PDE Loss=36454.469387 | λ_pde=1.872e-13 | LR=1.00e-05
[2026-01-31 00:43:27][INFO] [Epoch 152] MSE Loss=442.699053 | PDE Loss=36409.492298 | λ_pde=1.532e-13 | LR=1.05e-05
[2026-01-31 00:46:56][INFO] [Epoch 153] MSE Loss=442.728093 | PDE Loss=36401.345274 | λ_pde=1.255e-13 | LR=1.22e-05
[2026-01-31 00:50:25][INFO] [Epoch 154] MSE Loss=442.757758 | PDE Loss=36643.561807 | λ_pde=1.027e-13 | LR=1.49e-05
[2026-01-31 00:53:55][INFO] [Epoch 155] MSE Loss=442.940252 | PDE Loss=36451.984264 | λ_pde=8.409e-14 | LR=1.88e-05
[2026-01-31 00:57:22][INFO] [Epoch 156] MSE Loss=443.199509 | PDE Loss=36539.068650 | λ_pde=6.885e-14 | LR=2.37e-05
[2026-01-31 01:00:54][INFO] [Epoch 157] MSE Loss=443.601244 | PDE Loss=36450.296986 | λ_pde=5.637e-14 | LR=2.97e-05
[2026-01-31 01:04:22][INFO] [Epoch 158] MSE Loss=442.651486 | PDE Loss=36649.863669 | λ_pde=4.615e-14 | LR=1.84e-05
[2026-01-31 01:07:50][INFO] [Epoch 159] MSE Loss=442.782578 | PDE Loss=36703.563913 | λ_pde=3.779e-14 | LR=2.09e-05
[2026-01-31 01:11:15][INFO] [Epoch 160] MSE Loss=442.640824 | PDE Loss=36552.470911 | λ_pde=3.094e-14 | LR=2.38e-05
[2026-01-31 01:14:44][INFO] [Epoch 161] MSE Loss=443.120845 | PDE Loss=36754.126385 | λ_pde=2.533e-14 | LR=2.71e-05
[2026-01-31 01:18:14][INFO] [Epoch 162] MSE Loss=444.053342 | PDE Loss=36682.326186 | λ_pde=2.074e-14 | LR=3.06e-05
[2026-01-31 01:21:43][INFO] [Epoch 163] MSE Loss=443.560735 | PDE Loss=36880.184369 | λ_pde=1.698e-14 | LR=3.45e-05
[2026-01-31 01:25:10][INFO] [Epoch 164] MSE Loss=443.244579 | PDE Loss=36864.647939 | λ_pde=1.390e-14 | LR=3.88e-05
[2026-01-31 01:28:42][INFO] [Epoch 165] MSE Loss=442.292853 | PDE Loss=36982.041611 | λ_pde=1.138e-14 | LR=2.17e-05
[2026-01-31 01:32:09][INFO] [Epoch 166] MSE Loss=442.459740 | PDE Loss=36982.828042 | λ_pde=9.318e-15 | LR=2.34e-05
[2026-01-31 01:35:35][INFO] [Epoch 167] MSE Loss=442.977786 | PDE Loss=37007.741550 | λ_pde=7.629e-15 | LR=2.52e-05
[2026-01-31 01:39:03][INFO] [Epoch 168] MSE Loss=441.773835 | PDE Loss=37097.180629 | λ_pde=6.246e-15 | LR=2.72e-05
[2026-01-31 01:42:30][INFO] [Epoch 169] MSE Loss=443.328229 | PDE Loss=37093.749584 | λ_pde=5.114e-15 | LR=2.92e-05
[2026-01-31 01:45:56][INFO] [Epoch 170] MSE Loss=442.966845 | PDE Loss=37022.019282 | λ_pde=4.187e-15 | LR=3.14e-05
[2026-01-31 01:49:24][INFO] [Epoch 171] MSE Loss=442.517099 | PDE Loss=37227.306184 | λ_pde=3.428e-15 | LR=3.37e-05
[2026-01-31 01:52:54][INFO] [Epoch 172] MSE Loss=443.287288 | PDE Loss=37331.009225 | λ_pde=2.806e-15 | LR=3.60e-05
[2026-01-31 01:56:25][INFO] [Epoch 173] MSE Loss=442.922164 | PDE Loss=37224.601119 | λ_pde=2.298e-15 | LR=3.85e-05
[2026-01-31 01:59:55][INFO] [Epoch 174] MSE Loss=442.310032 | PDE Loss=37240.031666 | λ_pde=1.881e-15 | LR=4.11e-05
[2026-01-31 02:03:24][INFO] [Epoch 175] MSE Loss=443.562016 | PDE Loss=37457.466783 | λ_pde=1.540e-15 | LR=4.38e-05
[2026-01-31 02:06:55][INFO] [Epoch 176] MSE Loss=442.294298 | PDE Loss=37501.052804 | λ_pde=1.261e-15 | LR=2.33e-05
[2026-01-31 02:10:23][INFO] [Epoch 177] MSE Loss=443.157976 | PDE Loss=37578.447972 | λ_pde=1.032e-15 | LR=2.44e-05
[2026-01-31 02:13:56][INFO] [Epoch 178] MSE Loss=441.877254 | PDE Loss=37646.091728 | λ_pde=8.453e-16 | LR=2.55e-05
[2026-01-31 02:17:22][INFO] [Epoch 179] MSE Loss=442.211178 | PDE Loss=37650.404117 | λ_pde=6.921e-16 | LR=2.66e-05
[2026-01-31 02:20:53][INFO] [Epoch 180] MSE Loss=442.224632 | PDE Loss=37693.436780 | λ_pde=5.666e-16 | LR=2.78e-05
[2026-01-31 02:24:21][INFO] [Epoch 181] MSE Loss=442.559591 | PDE Loss=37728.932513 | λ_pde=4.639e-16 | LR=2.90e-05
[2026-01-31 02:27:53][INFO] [Epoch 182] MSE Loss=441.924036 | PDE Loss=37693.685367 | λ_pde=3.798e-16 | LR=3.02e-05
[2026-01-31 02:31:24][INFO] [Epoch 183] MSE Loss=441.484543 | PDE Loss=37794.690464 | λ_pde=3.110e-16 | LR=1.58e-05
[2026-01-31 02:34:52][INFO] [Epoch 184] MSE Loss=441.173466 | PDE Loss=37809.512633 | λ_pde=2.546e-16 | LR=1.61e-05
[2026-01-31 02:38:22][INFO] [Epoch 185] MSE Loss=441.421920 | PDE Loss=37826.219747 | λ_pde=2.084e-16 | LR=1.65e-05
[2026-01-31 02:41:53][INFO] [Epoch 186] MSE Loss=442.178774 | PDE Loss=37949.375222 | λ_pde=1.707e-16 | LR=1.68e-05
[2026-01-31 02:45:23][INFO] [Epoch 187] MSE Loss=441.264108 | PDE Loss=37848.555546 | λ_pde=1.397e-16 | LR=1.72e-05
[2026-01-31 02:48:55][INFO] [Epoch 188] MSE Loss=441.236125 | PDE Loss=37875.613891 | λ_pde=1.144e-16 | LR=1.76e-05
[2026-01-31 02:52:24][INFO] [Epoch 189] MSE Loss=441.530533 | PDE Loss=37944.925837 | λ_pde=9.366e-17 | LR=1.80e-05
[2026-01-31 02:55:55][INFO] [Epoch 190] MSE Loss=441.074796 | PDE Loss=37975.644753 | λ_pde=7.668e-17 | LR=1.84e-05
[2026-01-31 02:59:22][INFO] [Epoch 191] MSE Loss=441.320975 | PDE Loss=38000.947141 | λ_pde=6.278e-17 | LR=1.88e-05
[2026-01-31 03:02:52][INFO] [Epoch 192] MSE Loss=441.241410 | PDE Loss=38153.518423 | λ_pde=5.140e-17 | LR=1.92e-05
[2026-01-31 03:06:20][INFO] [Epoch 193] MSE Loss=441.446593 | PDE Loss=38024.544465 | λ_pde=4.208e-17 | LR=1.96e-05
[2026-01-31 03:09:45][INFO] [Epoch 194] MSE Loss=441.285666 | PDE Loss=38087.083583 | λ_pde=3.446e-17 | LR=2.01e-05
[2026-01-31 03:13:15][INFO] [Epoch 195] MSE Loss=441.384478 | PDE Loss=38101.654560 | λ_pde=2.821e-17 | LR=2.05e-05
[2026-01-31 03:16:46][INFO] [Epoch 196] MSE Loss=441.587280 | PDE Loss=38217.866495 | λ_pde=2.310e-17 | LR=2.10e-05
[2026-01-31 03:20:14][INFO] [Epoch 197] MSE Loss=441.346525 | PDE Loss=38125.098931 | λ_pde=1.891e-17 | LR=2.14e-05
[2026-01-31 03:23:45][INFO] [Epoch 198] MSE Loss=440.762829 | PDE Loss=38223.495096 | λ_pde=1.548e-17 | LR=1.09e-05
[2026-01-31 03:27:13][INFO] [Epoch 199] MSE Loss=440.984491 | PDE Loss=38259.472601 | λ_pde=1.268e-17 | LR=1.10e-05
[2026-01-31 03:30:40][INFO] [Epoch 200] MSE Loss=440.500267 | PDE Loss=38295.482685 | λ_pde=1.038e-17 | LR=1.10e-05
[2026-01-31 03:30:40][INFO] 训练结束，模型已保存至: /data/sda/zjc/comsol_pinn/checkpoints/M04d/exp04/M04d_pinn.pt
[2026-01-31 03:30:40][INFO] ========== 训练结束 ==========
