[2026-02-02 10:56:21][INFO] 日志文件创建于: /data/sda/zjc/comsol_pinn/logs/M04d1/exp10/train_20260202_105621_gpu5_pid1944510.log
[2026-02-02 10:56:21][INFO] 进程 PID: 1944510
[2026-02-02 10:56:21][INFO] ========== PINN 训练开始 ==========
[2026-02-02 10:56:21][INFO] 物理项 λ_pde = 1.0
[2026-02-02 10:56:21][INFO] 使用设备: cuda
[2026-02-02 10:56:21][INFO] 训练参数: {'lambda_pde': 1.0, 'epochs': 210, 'lr': 0.005, 'batch_cases': 1, 'lr_scheduler': 'hybrid', 'cosine_eta_min': 1e-05, 'cosine_t0': 30, 'cosine_tmult': 2, 'plateau_factor': 0.5, 'plateau_patience': 6, 'plateau_min_lr': 1e-05, 'use_pde_anneal': True, 'pde_anneal_gamma': 3.0, 'pde_lambda_min': 0.0, 'use_soft_mask': False, 'mask_alpha': 40.0, 'mask_temp_ratio': 0.7, 'points_per_case': 320000, 'device': 'cuda', 'num_workers': 8, 'log_dir': 'logs/M04d1/exp10', 'ckpt_dir': 'checkpoints/M04d1/exp10'}
[2026-02-02 10:56:21][INFO] 数据集大小: 141 cases
[2026-02-02 10:56:21][INFO] 每 case 采样点数: 320000
[2026-02-02 10:56:22][INFO] 模型结构:
SimplePINN(
  (net): Sequential(
    (0): Linear(in_features=7, out_features=128, bias=True)
    (1): SiLU()
    (2): Linear(in_features=128, out_features=128, bias=True)
    (3): SiLU()
    (4): Linear(in_features=128, out_features=1, bias=True)
  )
)
[2026-02-02 10:56:22][INFO] 优化器: AdamW, 初始 lr=0.005, 学习率调度器: hybrid
[2026-02-02 10:59:04][INFO] [Epoch 001] MSE Loss=14206.078943 | PDE Loss=0.062388 | λ_pde=1.000e+00 | LR=5.00e-03
[2026-02-02 11:01:42][INFO] [Epoch 002] MSE Loss=5437.239434 | PDE Loss=0.060588 | λ_pde=4.979e-02 | LR=4.99e-03
[2026-02-02 11:04:22][INFO] [Epoch 003] MSE Loss=4243.531519 | PDE Loss=0.063269 | λ_pde=2.479e-03 | LR=4.95e-03
[2026-02-02 11:07:05][INFO] [Epoch 004] MSE Loss=3107.135675 | PDE Loss=0.054455 | λ_pde=1.234e-04 | LR=4.88e-03
[2026-02-02 11:09:43][INFO] [Epoch 005] MSE Loss=2439.952457 | PDE Loss=0.056128 | λ_pde=6.144e-06 | LR=4.78e-03
[2026-02-02 11:12:23][INFO] [Epoch 006] MSE Loss=2751.092031 | PDE Loss=0.068756 | λ_pde=3.059e-07 | LR=4.67e-03
[2026-02-02 11:15:00][INFO] [Epoch 007] MSE Loss=1751.731742 | PDE Loss=0.087677 | λ_pde=1.523e-08 | LR=4.52e-03
[2026-02-02 11:17:39][INFO] [Epoch 008] MSE Loss=1481.236080 | PDE Loss=0.090406 | λ_pde=7.583e-10 | LR=4.36e-03
[2026-02-02 11:20:22][INFO] [Epoch 009] MSE Loss=995.240275 | PDE Loss=0.089215 | λ_pde=3.775e-11 | LR=4.17e-03
[2026-02-02 11:23:03][INFO] [Epoch 010] MSE Loss=933.670729 | PDE Loss=0.101873 | λ_pde=1.880e-12 | LR=3.97e-03
[2026-02-02 11:25:47][INFO] [Epoch 011] MSE Loss=563.875423 | PDE Loss=0.111825 | λ_pde=9.358e-14 | LR=3.75e-03
[2026-02-02 11:28:28][INFO] [Epoch 012] MSE Loss=421.336608 | PDE Loss=0.133948 | λ_pde=4.659e-15 | LR=3.52e-03
[2026-02-02 11:31:12][INFO] [Epoch 013] MSE Loss=291.647924 | PDE Loss=0.153278 | λ_pde=2.320e-16 | LR=3.28e-03
[2026-02-02 11:33:49][INFO] [Epoch 014] MSE Loss=218.197941 | PDE Loss=0.172973 | λ_pde=1.155e-17 | LR=3.02e-03
[2026-02-02 11:36:30][INFO] [Epoch 015] MSE Loss=190.412099 | PDE Loss=0.194059 | λ_pde=5.750e-19 | LR=2.77e-03
[2026-02-02 11:39:14][INFO] [Epoch 016] MSE Loss=154.319526 | PDE Loss=0.224006 | λ_pde=2.863e-20 | LR=2.51e-03
[2026-02-02 11:41:51][INFO] [Epoch 017] MSE Loss=138.298874 | PDE Loss=0.250599 | λ_pde=1.425e-21 | LR=2.24e-03
[2026-02-02 11:44:32][INFO] [Epoch 018] MSE Loss=133.982126 | PDE Loss=0.282174 | λ_pde=7.095e-23 | LR=1.99e-03
[2026-02-02 11:47:11][INFO] [Epoch 019] MSE Loss=120.790017 | PDE Loss=0.315719 | λ_pde=3.533e-24 | LR=1.73e-03
[2026-02-02 11:49:51][INFO] [Epoch 020] MSE Loss=115.978250 | PDE Loss=0.341557 | λ_pde=1.759e-25 | LR=1.49e-03
[2026-02-02 11:52:29][INFO] [Epoch 021] MSE Loss=110.834376 | PDE Loss=0.364656 | λ_pde=8.757e-27 | LR=1.26e-03
[2026-02-02 11:55:09][INFO] [Epoch 022] MSE Loss=107.337932 | PDE Loss=0.388828 | λ_pde=4.360e-28 | LR=1.04e-03
[2026-02-02 11:57:50][INFO] [Epoch 023] MSE Loss=104.276986 | PDE Loss=0.412315 | λ_pde=2.171e-29 | LR=8.36e-04
[2026-02-02 12:00:34][INFO] [Epoch 024] MSE Loss=101.279687 | PDE Loss=0.429576 | λ_pde=1.081e-30 | LR=6.51e-04
[2026-02-02 12:03:12][INFO] [Epoch 025] MSE Loss=99.752607 | PDE Loss=0.442598 | λ_pde=5.380e-32 | LR=4.87e-04
[2026-02-02 12:05:51][INFO] [Epoch 026] MSE Loss=97.848482 | PDE Loss=0.454921 | λ_pde=2.679e-33 | LR=3.44e-04
[2026-02-02 12:08:31][INFO] [Epoch 027] MSE Loss=96.621124 | PDE Loss=0.461033 | λ_pde=1.334e-34 | LR=2.26e-04
[2026-02-02 12:11:09][INFO] [Epoch 028] MSE Loss=95.909882 | PDE Loss=0.467746 | λ_pde=6.640e-36 | LR=1.32e-04
[2026-02-02 12:13:49][INFO] [Epoch 029] MSE Loss=95.431869 | PDE Loss=0.470804 | λ_pde=3.306e-37 | LR=6.45e-05
[2026-02-02 12:16:27][INFO] [Epoch 030] MSE Loss=95.122854 | PDE Loss=0.471779 | λ_pde=1.646e-38 | LR=2.37e-05
[2026-02-02 12:19:07][INFO] [Epoch 031] MSE Loss=332.218962 | PDE Loss=0.503242 | λ_pde=8.194e-40 | LR=5.00e-03
[2026-02-02 12:21:49][INFO] [Epoch 032] MSE Loss=186.337151 | PDE Loss=0.589592 | λ_pde=4.080e-41 | LR=5.00e-03
[2026-02-02 12:24:30][INFO] [Epoch 033] MSE Loss=107.428719 | PDE Loss=0.837746 | λ_pde=2.031e-42 | LR=4.99e-03
[2026-02-02 12:27:08][INFO] [Epoch 034] MSE Loss=135.583642 | PDE Loss=0.999852 | λ_pde=1.011e-43 | LR=4.97e-03
[2026-02-02 12:29:47][INFO] [Epoch 035] MSE Loss=147.577290 | PDE Loss=1.150401 | λ_pde=5.035e-45 | LR=4.95e-03
[2026-02-02 12:32:23][INFO] [Epoch 036] MSE Loss=104.906427 | PDE Loss=1.262571 | λ_pde=2.507e-46 | LR=4.91e-03
[2026-02-02 12:35:03][INFO] [Epoch 037] MSE Loss=102.824606 | PDE Loss=1.387055 | λ_pde=1.248e-47 | LR=4.88e-03
[2026-02-02 12:37:44][INFO] [Epoch 038] MSE Loss=60.574325 | PDE Loss=1.483164 | λ_pde=6.213e-49 | LR=2.42e-03
[2026-02-02 12:40:25][INFO] [Epoch 039] MSE Loss=61.004573 | PDE Loss=1.583474 | λ_pde=3.093e-50 | LR=4.78e-03
[2026-02-02 12:43:07][INFO] [Epoch 040] MSE Loss=60.041955 | PDE Loss=1.704686 | λ_pde=1.540e-51 | LR=4.73e-03
[2026-02-02 12:45:47][INFO] [Epoch 041] MSE Loss=91.387985 | PDE Loss=1.923857 | λ_pde=7.668e-53 | LR=4.67e-03
[2026-02-02 12:48:25][INFO] [Epoch 042] MSE Loss=119.705833 | PDE Loss=1.946977 | λ_pde=3.817e-54 | LR=4.60e-03
[2026-02-02 12:51:05][INFO] [Epoch 043] MSE Loss=200.588390 | PDE Loss=2.014070 | λ_pde=1.901e-55 | LR=4.52e-03
[2026-02-02 12:53:45][INFO] [Epoch 044] MSE Loss=56.865712 | PDE Loss=2.153612 | λ_pde=9.463e-57 | LR=4.44e-03
[2026-02-02 12:56:23][INFO] [Epoch 045] MSE Loss=56.428049 | PDE Loss=2.569822 | λ_pde=4.711e-58 | LR=4.36e-03
[2026-02-02 12:59:01][INFO] [Epoch 046] MSE Loss=48.310158 | PDE Loss=2.584586 | λ_pde=2.346e-59 | LR=4.27e-03
[2026-02-02 13:01:40][INFO] [Epoch 047] MSE Loss=47.546659 | PDE Loss=2.863559 | λ_pde=1.168e-60 | LR=4.17e-03
[2026-02-02 13:04:19][INFO] [Epoch 048] MSE Loss=48.631405 | PDE Loss=3.071739 | λ_pde=5.814e-62 | LR=4.08e-03
[2026-02-02 13:06:57][INFO] [Epoch 049] MSE Loss=122.412724 | PDE Loss=3.317487 | λ_pde=2.895e-63 | LR=3.97e-03
[2026-02-02 13:09:37][INFO] [Epoch 050] MSE Loss=84.995842 | PDE Loss=3.206221 | λ_pde=1.441e-64 | LR=3.86e-03
[2026-02-02 13:12:17][INFO] [Epoch 051] MSE Loss=40.979493 | PDE Loss=3.449416 | λ_pde=7.175e-66 | LR=3.75e-03
[2026-02-02 13:14:55][INFO] [Epoch 052] MSE Loss=41.077906 | PDE Loss=3.906681 | λ_pde=3.572e-67 | LR=3.64e-03
[2026-02-02 13:17:35][INFO] [Epoch 053] MSE Loss=38.559825 | PDE Loss=4.030199 | λ_pde=1.779e-68 | LR=3.52e-03
[2026-02-02 13:20:14][INFO] [Epoch 054] MSE Loss=37.062775 | PDE Loss=4.353595 | λ_pde=8.855e-70 | LR=3.40e-03
[2026-02-02 13:22:56][INFO] [Epoch 055] MSE Loss=37.647552 | PDE Loss=4.679789 | λ_pde=4.409e-71 | LR=3.28e-03
[2026-02-02 13:25:35][INFO] [Epoch 056] MSE Loss=39.323846 | PDE Loss=4.909390 | λ_pde=2.195e-72 | LR=3.15e-03
[2026-02-02 13:28:16][INFO] [Epoch 057] MSE Loss=43.080855 | PDE Loss=5.198493 | λ_pde=1.093e-73 | LR=3.02e-03
[2026-02-02 13:30:57][INFO] [Epoch 058] MSE Loss=37.017238 | PDE Loss=5.500114 | λ_pde=5.441e-75 | LR=2.90e-03
[2026-02-02 13:33:38][INFO] [Epoch 059] MSE Loss=42.820998 | PDE Loss=5.796957 | λ_pde=2.709e-76 | LR=2.77e-03
[2026-02-02 13:36:19][INFO] [Epoch 060] MSE Loss=58.289503 | PDE Loss=5.931769 | λ_pde=1.349e-77 | LR=2.64e-03
[2026-02-02 13:38:58][INFO] [Epoch 061] MSE Loss=39.416499 | PDE Loss=6.215360 | λ_pde=6.714e-79 | LR=2.51e-03
[2026-02-02 13:41:40][INFO] [Epoch 062] MSE Loss=32.149859 | PDE Loss=6.563441 | λ_pde=3.343e-80 | LR=2.37e-03
[2026-02-02 13:44:22][INFO] [Epoch 063] MSE Loss=29.928110 | PDE Loss=6.961819 | λ_pde=1.664e-81 | LR=2.24e-03
[2026-02-02 13:47:02][INFO] [Epoch 064] MSE Loss=29.407870 | PDE Loss=7.265328 | λ_pde=8.286e-83 | LR=2.11e-03
[2026-02-02 13:49:42][INFO] [Epoch 065] MSE Loss=31.067491 | PDE Loss=7.634149 | λ_pde=4.125e-84 | LR=1.99e-03
[2026-02-02 13:52:19][INFO] [Epoch 066] MSE Loss=28.938849 | PDE Loss=7.908188 | λ_pde=2.054e-85 | LR=1.86e-03
[2026-02-02 13:55:00][INFO] [Epoch 067] MSE Loss=28.028325 | PDE Loss=8.229900 | λ_pde=1.023e-86 | LR=1.73e-03
[2026-02-02 13:57:41][INFO] [Epoch 068] MSE Loss=27.311571 | PDE Loss=8.637117 | λ_pde=5.091e-88 | LR=1.61e-03
[2026-02-02 14:00:24][INFO] [Epoch 069] MSE Loss=27.432876 | PDE Loss=8.985443 | λ_pde=2.535e-89 | LR=1.49e-03
[2026-02-02 14:03:03][INFO] [Epoch 070] MSE Loss=27.321579 | PDE Loss=9.199322 | λ_pde=1.262e-90 | LR=1.37e-03
[2026-02-02 14:05:41][INFO] [Epoch 071] MSE Loss=41.686758 | PDE Loss=9.510370 | λ_pde=6.283e-92 | LR=1.26e-03
[2026-02-02 14:08:24][INFO] [Epoch 072] MSE Loss=29.115114 | PDE Loss=9.725328 | λ_pde=3.128e-93 | LR=1.15e-03
[2026-02-02 14:11:01][INFO] [Epoch 073] MSE Loss=25.871022 | PDE Loss=9.940745 | λ_pde=1.557e-94 | LR=1.04e-03
[2026-02-02 14:13:44][INFO] [Epoch 074] MSE Loss=25.773362 | PDE Loss=10.239592 | λ_pde=7.754e-96 | LR=9.35e-04
[2026-02-02 14:16:23][INFO] [Epoch 075] MSE Loss=25.212819 | PDE Loss=10.413326 | λ_pde=3.860e-97 | LR=8.36e-04
[2026-02-02 14:19:02][INFO] [Epoch 076] MSE Loss=24.888712 | PDE Loss=10.602250 | λ_pde=1.922e-98 | LR=7.41e-04
[2026-02-02 14:21:43][INFO] [Epoch 077] MSE Loss=25.037578 | PDE Loss=10.869274 | λ_pde=9.569e-100 | LR=6.51e-04
[2026-02-02 14:24:20][INFO] [Epoch 078] MSE Loss=24.545413 | PDE Loss=11.042114 | λ_pde=4.764e-101 | LR=5.66e-04
[2026-02-02 14:27:04][INFO] [Epoch 079] MSE Loss=24.397540 | PDE Loss=11.274112 | λ_pde=2.372e-102 | LR=4.87e-04
[2026-02-02 14:29:46][INFO] [Epoch 080] MSE Loss=24.235309 | PDE Loss=11.363745 | λ_pde=1.181e-103 | LR=4.13e-04
[2026-02-02 14:32:25][INFO] [Epoch 081] MSE Loss=24.090026 | PDE Loss=11.440781 | λ_pde=5.879e-105 | LR=3.44e-04
[2026-02-02 14:35:06][INFO] [Epoch 082] MSE Loss=24.038246 | PDE Loss=11.669730 | λ_pde=2.927e-106 | LR=2.82e-04
[2026-02-02 14:37:48][INFO] [Epoch 083] MSE Loss=23.885632 | PDE Loss=11.788711 | λ_pde=1.457e-107 | LR=2.26e-04
[2026-02-02 14:40:29][INFO] [Epoch 084] MSE Loss=23.759402 | PDE Loss=11.852934 | λ_pde=7.256e-109 | LR=1.76e-04
[2026-02-02 14:43:12][INFO] [Epoch 085] MSE Loss=23.691203 | PDE Loss=11.924412 | λ_pde=3.612e-110 | LR=1.32e-04
[2026-02-02 14:45:50][INFO] [Epoch 086] MSE Loss=23.695867 | PDE Loss=11.985682 | λ_pde=1.798e-111 | LR=9.50e-05
[2026-02-02 14:48:29][INFO] [Epoch 087] MSE Loss=23.644351 | PDE Loss=12.007021 | λ_pde=8.954e-113 | LR=6.45e-05
[2026-02-02 14:51:09][INFO] [Epoch 088] MSE Loss=23.579864 | PDE Loss=12.016435 | λ_pde=4.458e-114 | LR=4.07e-05
[2026-02-02 14:53:50][INFO] [Epoch 089] MSE Loss=23.561267 | PDE Loss=12.047601 | λ_pde=2.220e-115 | LR=2.37e-05
[2026-02-02 14:56:26][INFO] [Epoch 090] MSE Loss=23.560008 | PDE Loss=12.091372 | λ_pde=1.105e-116 | LR=1.34e-05
[2026-02-02 14:59:04][INFO] [Epoch 091] MSE Loss=1263.170950 | PDE Loss=2.745876 | λ_pde=5.502e-118 | LR=5.00e-03
[2026-02-02 15:01:46][INFO] [Epoch 092] MSE Loss=113.981326 | PDE Loss=2.543948 | λ_pde=2.739e-119 | LR=5.00e-03
[2026-02-02 15:04:23][INFO] [Epoch 093] MSE Loss=81.735646 | PDE Loss=2.881884 | λ_pde=1.364e-120 | LR=5.00e-03
[2026-02-02 15:07:03][INFO] [Epoch 094] MSE Loss=69.530940 | PDE Loss=3.600251 | λ_pde=6.790e-122 | LR=4.99e-03
[2026-02-02 15:09:41][INFO] [Epoch 095] MSE Loss=65.007287 | PDE Loss=4.521548 | λ_pde=3.380e-123 | LR=4.99e-03
[2026-02-02 15:12:17][INFO] [Epoch 096] MSE Loss=60.459191 | PDE Loss=5.417969 | λ_pde=1.683e-124 | LR=4.98e-03
[2026-02-02 15:14:56][INFO] [Epoch 097] MSE Loss=52.890081 | PDE Loss=6.230989 | λ_pde=8.379e-126 | LR=2.48e-03
[2026-02-02 15:17:36][INFO] [Epoch 098] MSE Loss=50.245892 | PDE Loss=7.019515 | λ_pde=4.172e-127 | LR=4.96e-03
[2026-02-02 15:20:17][INFO] [Epoch 099] MSE Loss=48.449221 | PDE Loss=8.544086 | λ_pde=2.077e-128 | LR=4.95e-03
[2026-02-02 15:22:54][INFO] [Epoch 100] MSE Loss=46.378107 | PDE Loss=9.653306 | λ_pde=1.034e-129 | LR=4.93e-03
[2026-02-02 15:25:35][INFO] [Epoch 101] MSE Loss=61.894527 | PDE Loss=11.631538 | λ_pde=5.148e-131 | LR=4.91e-03
[2026-02-02 15:28:14][INFO] [Epoch 102] MSE Loss=57.576090 | PDE Loss=12.568037 | λ_pde=2.563e-132 | LR=4.90e-03
[2026-02-02 15:30:57][INFO] [Epoch 103] MSE Loss=45.364702 | PDE Loss=14.699901 | λ_pde=1.276e-133 | LR=4.88e-03
[2026-02-02 15:33:38][INFO] [Epoch 104] MSE Loss=40.588816 | PDE Loss=16.143132 | λ_pde=6.353e-135 | LR=2.43e-03
[2026-02-02 15:36:19][INFO] [Epoch 105] MSE Loss=46.912026 | PDE Loss=17.087274 | λ_pde=3.163e-136 | LR=4.83e-03
[2026-02-02 15:38:58][INFO] [Epoch 106] MSE Loss=53.065767 | PDE Loss=19.508775 | λ_pde=1.575e-137 | LR=4.81e-03
[2026-02-02 15:41:37][INFO] [Epoch 107] MSE Loss=138.589595 | PDE Loss=19.481018 | λ_pde=7.841e-139 | LR=4.78e-03
[2026-02-02 15:44:19][INFO] [Epoch 108] MSE Loss=49.271460 | PDE Loss=20.759793 | λ_pde=3.904e-140 | LR=4.76e-03
[2026-02-02 15:46:58][INFO] [Epoch 109] MSE Loss=38.737843 | PDE Loss=24.818224 | λ_pde=1.944e-141 | LR=4.73e-03
[2026-02-02 15:49:35][INFO] [Epoch 110] MSE Loss=43.186785 | PDE Loss=31.047099 | λ_pde=9.676e-143 | LR=4.70e-03
[2026-02-02 15:52:14][INFO] [Epoch 111] MSE Loss=35.598282 | PDE Loss=36.089920 | λ_pde=4.817e-144 | LR=2.33e-03
[2026-02-02 15:54:57][INFO] [Epoch 112] MSE Loss=40.677529 | PDE Loss=40.894218 | λ_pde=2.398e-145 | LR=4.63e-03
[2026-02-02 15:57:35][INFO] [Epoch 113] MSE Loss=102.682959 | PDE Loss=44.913173 | λ_pde=1.194e-146 | LR=4.60e-03
[2026-02-02 16:00:13][INFO] [Epoch 114] MSE Loss=74.668984 | PDE Loss=40.934755 | λ_pde=5.945e-148 | LR=4.56e-03
[2026-02-02 16:02:55][INFO] [Epoch 115] MSE Loss=46.474940 | PDE Loss=53.494124 | λ_pde=2.960e-149 | LR=4.52e-03
[2026-02-02 16:05:34][INFO] [Epoch 116] MSE Loss=38.124092 | PDE Loss=57.723391 | λ_pde=1.474e-150 | LR=4.48e-03
[2026-02-02 16:08:14][INFO] [Epoch 117] MSE Loss=46.640603 | PDE Loss=67.447840 | λ_pde=7.337e-152 | LR=4.44e-03
[2026-02-02 16:10:56][INFO] [Epoch 118] MSE Loss=32.056568 | PDE Loss=74.038372 | λ_pde=3.653e-153 | LR=2.20e-03
[2026-02-02 16:13:34][INFO] [Epoch 119] MSE Loss=34.792939 | PDE Loss=83.285893 | λ_pde=1.819e-154 | LR=4.36e-03
[2026-02-02 16:16:15][INFO] [Epoch 120] MSE Loss=246.940867 | PDE Loss=64.372208 | λ_pde=9.055e-156 | LR=4.31e-03
[2026-02-02 16:18:53][INFO] [Epoch 121] MSE Loss=71.886502 | PDE Loss=74.759347 | λ_pde=4.508e-157 | LR=4.27e-03
[2026-02-02 16:21:33][INFO] [Epoch 122] MSE Loss=38.882821 | PDE Loss=94.502332 | λ_pde=2.244e-158 | LR=4.22e-03
[2026-02-02 16:24:11][INFO] [Epoch 123] MSE Loss=31.178272 | PDE Loss=110.356793 | λ_pde=1.117e-159 | LR=4.17e-03
[2026-02-02 16:26:54][INFO] [Epoch 124] MSE Loss=31.262649 | PDE Loss=118.329433 | λ_pde=5.563e-161 | LR=4.13e-03
[2026-02-02 16:29:36][INFO] [Epoch 125] MSE Loss=28.394715 | PDE Loss=129.423014 | λ_pde=2.770e-162 | LR=2.04e-03
[2026-02-02 16:32:18][INFO] [Epoch 126] MSE Loss=31.081487 | PDE Loss=135.416803 | λ_pde=1.379e-163 | LR=4.02e-03
[2026-02-02 16:35:22][INFO] [Epoch 127] MSE Loss=43.257480 | PDE Loss=144.091040 | λ_pde=6.866e-165 | LR=3.97e-03
[2026-02-02 16:38:35][INFO] [Epoch 128] MSE Loss=34.019546 | PDE Loss=151.974235 | λ_pde=3.418e-166 | LR=3.92e-03
[2026-02-02 16:41:48][INFO] [Epoch 129] MSE Loss=27.942583 | PDE Loss=167.311144 | λ_pde=1.702e-167 | LR=3.86e-03
[2026-02-02 16:44:49][INFO] [Epoch 130] MSE Loss=36.962485 | PDE Loss=176.885089 | λ_pde=8.473e-169 | LR=3.81e-03
[2026-02-02 16:47:32][INFO] [Epoch 131] MSE Loss=66.013156 | PDE Loss=183.497932 | λ_pde=4.218e-170 | LR=3.75e-03
[2026-02-02 16:50:18][INFO] [Epoch 132] MSE Loss=28.000399 | PDE Loss=205.068003 | λ_pde=2.100e-171 | LR=1.85e-03
[2026-02-02 16:52:58][INFO] [Epoch 133] MSE Loss=31.714096 | PDE Loss=223.907549 | λ_pde=1.046e-172 | LR=3.64e-03
[2026-02-02 16:55:43][INFO] [Epoch 134] MSE Loss=25.295281 | PDE Loss=219.858631 | λ_pde=5.206e-174 | LR=3.58e-03
[2026-02-02 16:58:23][INFO] [Epoch 135] MSE Loss=29.313094 | PDE Loss=218.523074 | λ_pde=2.592e-175 | LR=3.52e-03
[2026-02-02 17:01:09][INFO] [Epoch 136] MSE Loss=34.813079 | PDE Loss=219.630306 | λ_pde=1.290e-176 | LR=3.46e-03
[2026-02-02 17:03:53][INFO] [Epoch 137] MSE Loss=34.535554 | PDE Loss=229.276569 | λ_pde=6.425e-178 | LR=3.40e-03
[2026-02-02 17:06:36][INFO] [Epoch 138] MSE Loss=31.611777 | PDE Loss=236.267029 | λ_pde=3.199e-179 | LR=3.34e-03
[2026-02-02 17:09:21][INFO] [Epoch 139] MSE Loss=23.148792 | PDE Loss=252.460308 | λ_pde=1.593e-180 | LR=1.64e-03
[2026-02-02 17:12:33][INFO] [Epoch 140] MSE Loss=24.275907 | PDE Loss=241.115410 | λ_pde=7.929e-182 | LR=3.21e-03
[2026-02-02 17:15:42][INFO] [Epoch 141] MSE Loss=23.982877 | PDE Loss=241.001316 | λ_pde=3.947e-183 | LR=3.15e-03
[2026-02-02 17:18:55][INFO] [Epoch 142] MSE Loss=22.519622 | PDE Loss=235.335174 | λ_pde=1.965e-184 | LR=3.09e-03
[2026-02-02 17:22:08][INFO] [Epoch 143] MSE Loss=24.197103 | PDE Loss=242.507115 | λ_pde=9.785e-186 | LR=3.02e-03
[2026-02-02 17:25:18][INFO] [Epoch 144] MSE Loss=273.731265 | PDE Loss=174.966970 | λ_pde=4.872e-187 | LR=2.96e-03
[2026-02-02 17:28:28][INFO] [Epoch 145] MSE Loss=36.762847 | PDE Loss=277.104036 | λ_pde=2.425e-188 | LR=2.90e-03
[2026-02-02 17:31:24][INFO] [Epoch 146] MSE Loss=24.277732 | PDE Loss=298.628460 | λ_pde=1.208e-189 | LR=2.83e-03
[2026-02-02 17:34:08][INFO] [Epoch 147] MSE Loss=23.447032 | PDE Loss=291.530603 | λ_pde=6.012e-191 | LR=2.77e-03
[2026-02-02 17:36:52][INFO] [Epoch 148] MSE Loss=21.831050 | PDE Loss=280.573988 | λ_pde=2.993e-192 | LR=2.70e-03
[2026-02-02 17:39:32][INFO] [Epoch 149] MSE Loss=21.596243 | PDE Loss=272.832520 | λ_pde=1.490e-193 | LR=2.64e-03
[2026-02-02 17:42:11][INFO] [Epoch 150] MSE Loss=20.882775 | PDE Loss=269.619806 | λ_pde=7.419e-195 | LR=2.57e-03
[2026-02-02 17:44:55][INFO] [Epoch 151] MSE Loss=20.756154 | PDE Loss=263.341112 | λ_pde=3.694e-196 | LR=2.51e-03
[2026-02-02 17:47:36][INFO] [Epoch 152] MSE Loss=20.233315 | PDE Loss=264.913008 | λ_pde=1.839e-197 | LR=2.44e-03
[2026-02-02 17:50:16][INFO] [Epoch 153] MSE Loss=21.063170 | PDE Loss=259.342546 | λ_pde=9.156e-199 | LR=2.37e-03
[2026-02-02 17:52:56][INFO] [Epoch 154] MSE Loss=19.896508 | PDE Loss=257.171686 | λ_pde=4.559e-200 | LR=2.31e-03
[2026-02-02 17:55:43][INFO] [Epoch 155] MSE Loss=19.507390 | PDE Loss=264.890452 | λ_pde=2.270e-201 | LR=2.24e-03
[2026-02-02 17:58:53][INFO] [Epoch 156] MSE Loss=19.458578 | PDE Loss=264.148498 | λ_pde=1.130e-202 | LR=2.18e-03
[2026-02-02 18:02:03][INFO] [Epoch 157] MSE Loss=24.053649 | PDE Loss=265.027666 | λ_pde=5.626e-204 | LR=2.11e-03
