[2026-01-29 10:29:51][INFO] 日志文件创建于: /data/sda/zjc/comsol_pinn/logs/M04c/exp06/train_20260129_102951_gpu1_pid1035513.log
[2026-01-29 10:29:51][INFO] 进程 PID: 1035513
[2026-01-29 10:29:51][INFO] ========== PINN 训练开始 ==========
[2026-01-29 10:29:51][INFO] 物理项权重 λ_pde = 1.0
[2026-01-29 10:29:51][INFO] 使用设备: cuda
[2026-01-29 10:29:51][INFO] 训练参数: {'lambda_pde': 1.0, 'epochs': 200, 'lr': 0.005, 'batch_cases': 1, 'use_pde_anneal': True, 'pde_anneal_gamma': 0.01, 'pde_lambda_min': 0.0, 'use_soft_mask': False, 'mask_alpha': 40.0, 'mask_temp_ratio': 0.7, 'points_per_case': 320000, 'device': 'cuda', 'num_workers': 8, 'log_dir': 'logs/M04c/exp06', 'ckpt_dir': 'checkpoints/M04c/exp06'}
[2026-01-29 10:29:51][INFO] 数据集大小: 141 cases
[2026-01-29 10:29:51][INFO] 每 case 采样点数: 320000
[2026-01-29 10:29:52][INFO] 模型结构:
SimplePINN(
  (net): Sequential(
    (0): Linear(in_features=7, out_features=128, bias=True)
    (1): SiLU()
    (2): Linear(in_features=128, out_features=128, bias=True)
    (3): SiLU()
    (4): Linear(in_features=128, out_features=1, bias=True)
  )
)
[2026-01-29 10:29:52][INFO] 优化器: AdamW, 初始 lr=0.005, 调度策略: ReduceLROnPlateau(factor=0.5, patience=6)
[2026-01-29 10:32:06][INFO] [Epoch 001] MSE Loss=20907.902635 | PDE Loss=9.472186 | λ_pde=1.000e+00 | LR=5.00e-03
[2026-01-29 10:34:20][INFO] [Epoch 002] MSE Loss=936.678651 | PDE Loss=2.907504 | λ_pde=9.900e-01 | LR=5.00e-03
[2026-01-29 10:36:36][INFO] [Epoch 003] MSE Loss=850.533708 | PDE Loss=1.639823 | λ_pde=9.802e-01 | LR=5.00e-03
[2026-01-29 10:38:53][INFO] [Epoch 004] MSE Loss=813.892145 | PDE Loss=1.467346 | λ_pde=9.704e-01 | LR=5.00e-03
[2026-01-29 10:41:08][INFO] [Epoch 005] MSE Loss=835.592375 | PDE Loss=1.522230 | λ_pde=9.608e-01 | LR=5.00e-03
[2026-01-29 10:43:22][INFO] [Epoch 006] MSE Loss=819.344122 | PDE Loss=1.884854 | λ_pde=9.512e-01 | LR=5.00e-03
[2026-01-29 10:45:40][INFO] [Epoch 007] MSE Loss=782.772093 | PDE Loss=2.184623 | λ_pde=9.418e-01 | LR=5.00e-03
[2026-01-29 10:47:57][INFO] [Epoch 008] MSE Loss=785.987324 | PDE Loss=2.375679 | λ_pde=9.324e-01 | LR=5.00e-03
[2026-01-29 10:50:09][INFO] [Epoch 009] MSE Loss=855.933001 | PDE Loss=2.275078 | λ_pde=9.231e-01 | LR=5.00e-03
[2026-01-29 10:52:25][INFO] [Epoch 010] MSE Loss=867.404415 | PDE Loss=2.509118 | λ_pde=9.139e-01 | LR=5.00e-03
[2026-01-29 10:54:40][INFO] [Epoch 011] MSE Loss=835.447626 | PDE Loss=3.059510 | λ_pde=9.048e-01 | LR=5.00e-03
[2026-01-29 10:56:54][INFO] [Epoch 012] MSE Loss=770.066298 | PDE Loss=3.483736 | λ_pde=8.958e-01 | LR=5.00e-03
[2026-01-29 10:59:09][INFO] [Epoch 013] MSE Loss=755.904566 | PDE Loss=3.881594 | λ_pde=8.869e-01 | LR=5.00e-03
[2026-01-29 11:01:27][INFO] [Epoch 014] MSE Loss=780.199512 | PDE Loss=4.373147 | λ_pde=8.781e-01 | LR=5.00e-03
[2026-01-29 11:03:42][INFO] [Epoch 015] MSE Loss=748.881959 | PDE Loss=4.922198 | λ_pde=8.694e-01 | LR=5.00e-03
[2026-01-29 11:05:54][INFO] [Epoch 016] MSE Loss=756.134574 | PDE Loss=5.421439 | λ_pde=8.607e-01 | LR=5.00e-03
[2026-01-29 11:08:12][INFO] [Epoch 017] MSE Loss=737.723028 | PDE Loss=6.334323 | λ_pde=8.521e-01 | LR=5.00e-03
[2026-01-29 11:10:29][INFO] [Epoch 018] MSE Loss=718.773743 | PDE Loss=7.218467 | λ_pde=8.437e-01 | LR=5.00e-03
[2026-01-29 11:12:46][INFO] [Epoch 019] MSE Loss=749.923126 | PDE Loss=10.037990 | λ_pde=8.353e-01 | LR=5.00e-03
[2026-01-29 11:15:06][INFO] [Epoch 020] MSE Loss=755.325477 | PDE Loss=10.379699 | λ_pde=8.270e-01 | LR=5.00e-03
[2026-01-29 11:17:24][INFO] [Epoch 021] MSE Loss=717.134353 | PDE Loss=11.397589 | λ_pde=8.187e-01 | LR=5.00e-03
[2026-01-29 11:19:36][INFO] [Epoch 022] MSE Loss=780.103518 | PDE Loss=14.776936 | λ_pde=8.106e-01 | LR=5.00e-03
[2026-01-29 11:21:54][INFO] [Epoch 023] MSE Loss=676.429422 | PDE Loss=15.720350 | λ_pde=8.025e-01 | LR=5.00e-03
[2026-01-29 11:24:08][INFO] [Epoch 024] MSE Loss=737.341386 | PDE Loss=15.246156 | λ_pde=7.945e-01 | LR=5.00e-03
[2026-01-29 11:26:22][INFO] [Epoch 025] MSE Loss=788.451965 | PDE Loss=15.515803 | λ_pde=7.866e-01 | LR=5.00e-03
[2026-01-29 11:28:39][INFO] [Epoch 026] MSE Loss=712.467917 | PDE Loss=14.053713 | λ_pde=7.788e-01 | LR=5.00e-03
[2026-01-29 11:30:56][INFO] [Epoch 027] MSE Loss=688.783209 | PDE Loss=11.792991 | λ_pde=7.711e-01 | LR=5.00e-03
[2026-01-29 11:33:12][INFO] [Epoch 028] MSE Loss=815.453746 | PDE Loss=12.317313 | λ_pde=7.634e-01 | LR=5.00e-03
[2026-01-29 11:35:27][INFO] [Epoch 029] MSE Loss=699.276797 | PDE Loss=10.209784 | λ_pde=7.558e-01 | LR=5.00e-03
[2026-01-29 11:37:41][INFO] [Epoch 030] MSE Loss=694.412074 | PDE Loss=9.318806 | λ_pde=7.483e-01 | LR=5.00e-03
[2026-01-29 11:39:54][INFO] [Epoch 031] MSE Loss=639.113377 | PDE Loss=7.420457 | λ_pde=7.408e-01 | LR=2.50e-03
[2026-01-29 11:42:11][INFO] [Epoch 032] MSE Loss=634.519513 | PDE Loss=6.489010 | λ_pde=7.334e-01 | LR=2.50e-03
[2026-01-29 11:44:28][INFO] [Epoch 033] MSE Loss=646.011752 | PDE Loss=8.307254 | λ_pde=7.261e-01 | LR=2.50e-03
[2026-01-29 11:46:43][INFO] [Epoch 034] MSE Loss=634.266808 | PDE Loss=7.523166 | λ_pde=7.189e-01 | LR=2.50e-03
[2026-01-29 11:49:00][INFO] [Epoch 035] MSE Loss=614.993159 | PDE Loss=6.808996 | λ_pde=7.118e-01 | LR=2.50e-03
[2026-01-29 11:51:13][INFO] [Epoch 036] MSE Loss=645.483714 | PDE Loss=6.784161 | λ_pde=7.047e-01 | LR=2.50e-03
[2026-01-29 11:53:29][INFO] [Epoch 037] MSE Loss=647.556718 | PDE Loss=7.930151 | λ_pde=6.977e-01 | LR=2.50e-03
[2026-01-29 11:55:44][INFO] [Epoch 038] MSE Loss=619.309050 | PDE Loss=6.223895 | λ_pde=6.907e-01 | LR=2.50e-03
[2026-01-29 11:58:02][INFO] [Epoch 039] MSE Loss=620.464690 | PDE Loss=7.676259 | λ_pde=6.839e-01 | LR=2.50e-03
[2026-01-29 12:00:20][INFO] [Epoch 040] MSE Loss=647.484398 | PDE Loss=7.957254 | λ_pde=6.771e-01 | LR=2.50e-03
[2026-01-29 12:02:35][INFO] [Epoch 041] MSE Loss=645.792394 | PDE Loss=7.147067 | λ_pde=6.703e-01 | LR=2.50e-03
[2026-01-29 12:04:52][INFO] [Epoch 042] MSE Loss=626.968458 | PDE Loss=7.833835 | λ_pde=6.637e-01 | LR=2.50e-03
[2026-01-29 12:07:10][INFO] [Epoch 043] MSE Loss=665.883288 | PDE Loss=7.022560 | λ_pde=6.570e-01 | LR=1.25e-03
[2026-01-29 12:09:26][INFO] [Epoch 044] MSE Loss=626.350687 | PDE Loss=6.825444 | λ_pde=6.505e-01 | LR=1.25e-03
[2026-01-29 12:11:42][INFO] [Epoch 045] MSE Loss=626.773968 | PDE Loss=6.549117 | λ_pde=6.440e-01 | LR=1.25e-03
[2026-01-29 12:13:57][INFO] [Epoch 046] MSE Loss=607.381456 | PDE Loss=6.757763 | λ_pde=6.376e-01 | LR=1.25e-03
[2026-01-29 12:16:09][INFO] [Epoch 047] MSE Loss=599.067327 | PDE Loss=7.128822 | λ_pde=6.313e-01 | LR=1.25e-03
[2026-01-29 12:18:22][INFO] [Epoch 048] MSE Loss=638.468266 | PDE Loss=8.340855 | λ_pde=6.250e-01 | LR=1.25e-03
[2026-01-29 12:20:36][INFO] [Epoch 049] MSE Loss=598.158475 | PDE Loss=6.289128 | λ_pde=6.188e-01 | LR=1.25e-03
[2026-01-29 12:22:49][INFO] [Epoch 050] MSE Loss=599.028124 | PDE Loss=6.723823 | λ_pde=6.126e-01 | LR=1.25e-03
[2026-01-29 12:25:06][INFO] [Epoch 051] MSE Loss=611.851849 | PDE Loss=7.245242 | λ_pde=6.065e-01 | LR=1.25e-03
[2026-01-29 12:27:18][INFO] [Epoch 052] MSE Loss=629.212958 | PDE Loss=8.059229 | λ_pde=6.005e-01 | LR=1.25e-03
[2026-01-29 12:29:34][INFO] [Epoch 053] MSE Loss=624.963748 | PDE Loss=7.273282 | λ_pde=5.945e-01 | LR=1.25e-03
[2026-01-29 12:31:50][INFO] [Epoch 054] MSE Loss=607.158792 | PDE Loss=7.226989 | λ_pde=5.886e-01 | LR=1.25e-03
[2026-01-29 12:34:03][INFO] [Epoch 055] MSE Loss=612.131508 | PDE Loss=8.143417 | λ_pde=5.827e-01 | LR=1.25e-03
[2026-01-29 12:36:20][INFO] [Epoch 056] MSE Loss=601.684565 | PDE Loss=7.760774 | λ_pde=5.769e-01 | LR=1.25e-03
[2026-01-29 12:38:33][INFO] [Epoch 057] MSE Loss=590.242029 | PDE Loss=6.945636 | λ_pde=5.712e-01 | LR=6.25e-04
[2026-01-29 12:40:46][INFO] [Epoch 058] MSE Loss=598.907375 | PDE Loss=6.995988 | λ_pde=5.655e-01 | LR=6.25e-04
[2026-01-29 12:43:06][INFO] [Epoch 059] MSE Loss=592.974514 | PDE Loss=7.357284 | λ_pde=5.599e-01 | LR=6.25e-04
[2026-01-29 12:45:17][INFO] [Epoch 060] MSE Loss=584.919032 | PDE Loss=7.361247 | λ_pde=5.543e-01 | LR=6.25e-04
[2026-01-29 12:47:31][INFO] [Epoch 061] MSE Loss=602.190932 | PDE Loss=7.470789 | λ_pde=5.488e-01 | LR=6.25e-04
[2026-01-29 12:49:44][INFO] [Epoch 062] MSE Loss=596.706544 | PDE Loss=7.918407 | λ_pde=5.434e-01 | LR=6.25e-04
[2026-01-29 12:51:58][INFO] [Epoch 063] MSE Loss=584.061767 | PDE Loss=7.450039 | λ_pde=5.379e-01 | LR=6.25e-04
[2026-01-29 12:54:13][INFO] [Epoch 064] MSE Loss=597.558902 | PDE Loss=7.738804 | λ_pde=5.326e-01 | LR=6.25e-04
[2026-01-29 12:56:26][INFO] [Epoch 065] MSE Loss=589.996567 | PDE Loss=7.703257 | λ_pde=5.273e-01 | LR=6.25e-04
[2026-01-29 12:58:39][INFO] [Epoch 066] MSE Loss=599.635084 | PDE Loss=8.363973 | λ_pde=5.220e-01 | LR=6.25e-04
[2026-01-29 13:00:54][INFO] [Epoch 067] MSE Loss=598.901326 | PDE Loss=8.420314 | λ_pde=5.169e-01 | LR=6.25e-04
[2026-01-29 13:03:06][INFO] [Epoch 068] MSE Loss=601.750979 | PDE Loss=8.760856 | λ_pde=5.117e-01 | LR=6.25e-04
[2026-01-29 13:05:21][INFO] [Epoch 069] MSE Loss=581.096414 | PDE Loss=9.096961 | λ_pde=5.066e-01 | LR=6.25e-04
[2026-01-29 13:07:36][INFO] [Epoch 070] MSE Loss=578.539932 | PDE Loss=7.978518 | λ_pde=5.016e-01 | LR=6.25e-04
[2026-01-29 13:09:50][INFO] [Epoch 071] MSE Loss=593.451956 | PDE Loss=9.222282 | λ_pde=4.966e-01 | LR=6.25e-04
[2026-01-29 13:12:04][INFO] [Epoch 072] MSE Loss=585.826357 | PDE Loss=8.753648 | λ_pde=4.916e-01 | LR=6.25e-04
[2026-01-29 13:14:18][INFO] [Epoch 073] MSE Loss=587.974380 | PDE Loss=9.014343 | λ_pde=4.868e-01 | LR=6.25e-04
[2026-01-29 13:16:37][INFO] [Epoch 074] MSE Loss=596.403591 | PDE Loss=8.936918 | λ_pde=4.819e-01 | LR=6.25e-04
[2026-01-29 13:18:52][INFO] [Epoch 075] MSE Loss=591.861173 | PDE Loss=9.966522 | λ_pde=4.771e-01 | LR=6.25e-04
[2026-01-29 13:21:08][INFO] [Epoch 076] MSE Loss=601.269069 | PDE Loss=9.845386 | λ_pde=4.724e-01 | LR=6.25e-04
[2026-01-29 13:23:22][INFO] [Epoch 077] MSE Loss=594.403929 | PDE Loss=9.616123 | λ_pde=4.677e-01 | LR=6.25e-04
[2026-01-29 13:25:40][INFO] [Epoch 078] MSE Loss=576.912540 | PDE Loss=9.815450 | λ_pde=4.630e-01 | LR=3.13e-04
[2026-01-29 13:27:57][INFO] [Epoch 079] MSE Loss=577.869002 | PDE Loss=9.790380 | λ_pde=4.584e-01 | LR=3.13e-04
[2026-01-29 13:30:11][INFO] [Epoch 080] MSE Loss=578.124592 | PDE Loss=9.603661 | λ_pde=4.538e-01 | LR=3.13e-04
[2026-01-29 13:32:26][INFO] [Epoch 081] MSE Loss=575.794912 | PDE Loss=10.816661 | λ_pde=4.493e-01 | LR=3.13e-04
[2026-01-29 13:34:40][INFO] [Epoch 082] MSE Loss=575.645312 | PDE Loss=9.435891 | λ_pde=4.449e-01 | LR=3.13e-04
[2026-01-29 13:36:51][INFO] [Epoch 083] MSE Loss=569.897965 | PDE Loss=10.947450 | λ_pde=4.404e-01 | LR=3.13e-04
[2026-01-29 13:39:09][INFO] [Epoch 084] MSE Loss=572.387618 | PDE Loss=9.849799 | λ_pde=4.360e-01 | LR=3.13e-04
[2026-01-29 13:41:21][INFO] [Epoch 085] MSE Loss=575.728054 | PDE Loss=10.478053 | λ_pde=4.317e-01 | LR=3.13e-04
[2026-01-29 13:43:36][INFO] [Epoch 086] MSE Loss=578.028196 | PDE Loss=10.609309 | λ_pde=4.274e-01 | LR=3.13e-04
[2026-01-29 13:45:49][INFO] [Epoch 087] MSE Loss=580.204315 | PDE Loss=11.189421 | λ_pde=4.232e-01 | LR=3.13e-04
[2026-01-29 13:48:04][INFO] [Epoch 088] MSE Loss=575.086964 | PDE Loss=10.191364 | λ_pde=4.190e-01 | LR=3.13e-04
[2026-01-29 13:50:21][INFO] [Epoch 089] MSE Loss=579.055412 | PDE Loss=10.893610 | λ_pde=4.148e-01 | LR=3.13e-04
[2026-01-29 13:52:36][INFO] [Epoch 090] MSE Loss=582.223593 | PDE Loss=12.215703 | λ_pde=4.107e-01 | LR=3.13e-04
[2026-01-29 13:54:52][INFO] [Epoch 091] MSE Loss=571.779303 | PDE Loss=10.471230 | λ_pde=4.066e-01 | LR=1.56e-04
[2026-01-29 13:57:10][INFO] [Epoch 092] MSE Loss=574.756028 | PDE Loss=11.007136 | λ_pde=4.025e-01 | LR=1.56e-04
[2026-01-29 13:59:27][INFO] [Epoch 093] MSE Loss=567.671939 | PDE Loss=11.342883 | λ_pde=3.985e-01 | LR=1.56e-04
[2026-01-29 14:01:43][INFO] [Epoch 094] MSE Loss=572.200445 | PDE Loss=11.241681 | λ_pde=3.946e-01 | LR=1.56e-04
[2026-01-29 14:04:00][INFO] [Epoch 095] MSE Loss=575.421150 | PDE Loss=11.574779 | λ_pde=3.906e-01 | LR=1.56e-04
[2026-01-29 14:06:16][INFO] [Epoch 096] MSE Loss=569.958861 | PDE Loss=11.355319 | λ_pde=3.867e-01 | LR=1.56e-04
[2026-01-29 14:08:38][INFO] [Epoch 097] MSE Loss=572.438075 | PDE Loss=11.951899 | λ_pde=3.829e-01 | LR=1.56e-04
[2026-01-29 14:10:54][INFO] [Epoch 098] MSE Loss=574.065568 | PDE Loss=12.257803 | λ_pde=3.791e-01 | LR=1.56e-04
[2026-01-29 14:13:11][INFO] [Epoch 099] MSE Loss=570.792189 | PDE Loss=12.407466 | λ_pde=3.753e-01 | LR=1.56e-04
[2026-01-29 14:15:26][INFO] [Epoch 100] MSE Loss=566.826014 | PDE Loss=12.226885 | λ_pde=3.716e-01 | LR=1.56e-04
[2026-01-29 14:17:43][INFO] [Epoch 101] MSE Loss=572.935742 | PDE Loss=12.700458 | λ_pde=3.679e-01 | LR=1.56e-04
[2026-01-29 14:19:59][INFO] [Epoch 102] MSE Loss=570.810052 | PDE Loss=12.298987 | λ_pde=3.642e-01 | LR=1.56e-04
[2026-01-29 14:22:16][INFO] [Epoch 103] MSE Loss=565.047786 | PDE Loss=13.375274 | λ_pde=3.606e-01 | LR=1.56e-04
[2026-01-29 14:24:33][INFO] [Epoch 104] MSE Loss=571.489226 | PDE Loss=13.080923 | λ_pde=3.570e-01 | LR=1.56e-04
[2026-01-29 14:26:49][INFO] [Epoch 105] MSE Loss=569.848909 | PDE Loss=13.529897 | λ_pde=3.535e-01 | LR=1.56e-04
[2026-01-29 14:29:02][INFO] [Epoch 106] MSE Loss=568.586441 | PDE Loss=13.082612 | λ_pde=3.499e-01 | LR=1.56e-04
[2026-01-29 14:31:15][INFO] [Epoch 107] MSE Loss=568.018672 | PDE Loss=13.005215 | λ_pde=3.465e-01 | LR=1.56e-04
[2026-01-29 14:33:33][INFO] [Epoch 108] MSE Loss=571.115538 | PDE Loss=13.768977 | λ_pde=3.430e-01 | LR=1.56e-04
[2026-01-29 14:35:46][INFO] [Epoch 109] MSE Loss=568.921599 | PDE Loss=13.594520 | λ_pde=3.396e-01 | LR=1.56e-04
[2026-01-29 14:38:02][INFO] [Epoch 110] MSE Loss=568.240866 | PDE Loss=14.191694 | λ_pde=3.362e-01 | LR=1.56e-04
[2026-01-29 14:40:15][INFO] [Epoch 111] MSE Loss=566.571347 | PDE Loss=13.824053 | λ_pde=3.329e-01 | LR=7.81e-05
[2026-01-29 14:42:28][INFO] [Epoch 112] MSE Loss=568.078878 | PDE Loss=13.863551 | λ_pde=3.296e-01 | LR=7.81e-05
[2026-01-29 14:44:42][INFO] [Epoch 113] MSE Loss=566.969293 | PDE Loss=14.389962 | λ_pde=3.263e-01 | LR=7.81e-05
[2026-01-29 14:46:58][INFO] [Epoch 114] MSE Loss=565.810155 | PDE Loss=14.562699 | λ_pde=3.230e-01 | LR=7.81e-05
[2026-01-29 14:49:14][INFO] [Epoch 115] MSE Loss=565.126728 | PDE Loss=14.415587 | λ_pde=3.198e-01 | LR=7.81e-05
[2026-01-29 14:51:29][INFO] [Epoch 116] MSE Loss=566.838317 | PDE Loss=15.104575 | λ_pde=3.166e-01 | LR=7.81e-05
[2026-01-29 14:53:45][INFO] [Epoch 117] MSE Loss=566.710755 | PDE Loss=14.569968 | λ_pde=3.135e-01 | LR=7.81e-05
[2026-01-29 14:56:03][INFO] [Epoch 118] MSE Loss=566.414464 | PDE Loss=15.094331 | λ_pde=3.104e-01 | LR=3.91e-05
[2026-01-29 14:58:18][INFO] [Epoch 119] MSE Loss=564.779178 | PDE Loss=15.088946 | λ_pde=3.073e-01 | LR=3.91e-05
[2026-01-29 15:00:36][INFO] [Epoch 120] MSE Loss=565.162757 | PDE Loss=15.460163 | λ_pde=3.042e-01 | LR=3.91e-05
[2026-01-29 15:02:50][INFO] [Epoch 121] MSE Loss=565.346965 | PDE Loss=15.490383 | λ_pde=3.012e-01 | LR=3.91e-05
[2026-01-29 15:05:06][INFO] [Epoch 122] MSE Loss=566.009587 | PDE Loss=15.555403 | λ_pde=2.982e-01 | LR=3.91e-05
[2026-01-29 15:07:21][INFO] [Epoch 123] MSE Loss=564.180228 | PDE Loss=15.683098 | λ_pde=2.952e-01 | LR=3.91e-05
[2026-01-29 15:09:38][INFO] [Epoch 124] MSE Loss=564.196572 | PDE Loss=15.856814 | λ_pde=2.923e-01 | LR=3.91e-05
[2026-01-29 15:11:58][INFO] [Epoch 125] MSE Loss=564.826844 | PDE Loss=15.910371 | λ_pde=2.894e-01 | LR=3.91e-05
[2026-01-29 15:14:16][INFO] [Epoch 126] MSE Loss=564.341663 | PDE Loss=16.241307 | λ_pde=2.865e-01 | LR=3.91e-05
[2026-01-29 15:16:36][INFO] [Epoch 127] MSE Loss=564.314592 | PDE Loss=16.032660 | λ_pde=2.837e-01 | LR=3.91e-05
[2026-01-29 15:18:55][INFO] [Epoch 128] MSE Loss=565.279205 | PDE Loss=16.317406 | λ_pde=2.808e-01 | LR=3.91e-05
[2026-01-29 15:21:12][INFO] [Epoch 129] MSE Loss=565.206685 | PDE Loss=16.759135 | λ_pde=2.780e-01 | LR=3.91e-05
[2026-01-29 15:23:29][INFO] [Epoch 130] MSE Loss=564.275690 | PDE Loss=17.074218 | λ_pde=2.753e-01 | LR=3.91e-05
[2026-01-29 15:25:44][INFO] [Epoch 131] MSE Loss=564.035988 | PDE Loss=16.908944 | λ_pde=2.725e-01 | LR=1.95e-05
[2026-01-29 15:27:59][INFO] [Epoch 132] MSE Loss=564.612396 | PDE Loss=16.632796 | λ_pde=2.698e-01 | LR=1.95e-05
[2026-01-29 15:30:18][INFO] [Epoch 133] MSE Loss=563.696545 | PDE Loss=17.209853 | λ_pde=2.671e-01 | LR=1.95e-05
[2026-01-29 15:32:32][INFO] [Epoch 134] MSE Loss=563.558872 | PDE Loss=17.315502 | λ_pde=2.645e-01 | LR=1.95e-05
[2026-01-29 15:34:54][INFO] [Epoch 135] MSE Loss=563.564612 | PDE Loss=17.237542 | λ_pde=2.618e-01 | LR=1.95e-05
[2026-01-29 15:37:10][INFO] [Epoch 136] MSE Loss=563.364318 | PDE Loss=17.805522 | λ_pde=2.592e-01 | LR=1.95e-05
[2026-01-29 15:39:24][INFO] [Epoch 137] MSE Loss=563.619716 | PDE Loss=17.514093 | λ_pde=2.567e-01 | LR=1.95e-05
[2026-01-29 15:41:37][INFO] [Epoch 138] MSE Loss=563.552496 | PDE Loss=17.748941 | λ_pde=2.541e-01 | LR=1.95e-05
[2026-01-29 15:43:52][INFO] [Epoch 139] MSE Loss=563.481138 | PDE Loss=18.113386 | λ_pde=2.516e-01 | LR=1.95e-05
[2026-01-29 15:46:07][INFO] [Epoch 140] MSE Loss=563.948926 | PDE Loss=18.327416 | λ_pde=2.491e-01 | LR=1.95e-05
[2026-01-29 15:48:22][INFO] [Epoch 141] MSE Loss=562.887597 | PDE Loss=18.822681 | λ_pde=2.466e-01 | LR=1.95e-05
[2026-01-29 15:50:38][INFO] [Epoch 142] MSE Loss=563.097107 | PDE Loss=18.383072 | λ_pde=2.441e-01 | LR=1.95e-05
[2026-01-29 15:52:52][INFO] [Epoch 143] MSE Loss=563.275671 | PDE Loss=18.591045 | λ_pde=2.417e-01 | LR=1.95e-05
[2026-01-29 15:55:11][INFO] [Epoch 144] MSE Loss=563.147883 | PDE Loss=19.022153 | λ_pde=2.393e-01 | LR=1.95e-05
[2026-01-29 15:57:28][INFO] [Epoch 145] MSE Loss=562.466124 | PDE Loss=19.064196 | λ_pde=2.369e-01 | LR=1.95e-05
[2026-01-29 15:59:45][INFO] [Epoch 146] MSE Loss=562.606884 | PDE Loss=18.978063 | λ_pde=2.346e-01 | LR=1.95e-05
[2026-01-29 16:02:00][INFO] [Epoch 147] MSE Loss=562.545761 | PDE Loss=19.666751 | λ_pde=2.322e-01 | LR=1.95e-05
[2026-01-29 16:04:16][INFO] [Epoch 148] MSE Loss=562.719181 | PDE Loss=19.561607 | λ_pde=2.299e-01 | LR=1.95e-05
[2026-01-29 16:06:30][INFO] [Epoch 149] MSE Loss=562.195136 | PDE Loss=19.805094 | λ_pde=2.276e-01 | LR=1.95e-05
[2026-01-29 16:08:47][INFO] [Epoch 150] MSE Loss=562.160479 | PDE Loss=20.024113 | λ_pde=2.254e-01 | LR=1.95e-05
[2026-01-29 16:11:03][INFO] [Epoch 151] MSE Loss=562.870842 | PDE Loss=20.172032 | λ_pde=2.231e-01 | LR=1.95e-05
[2026-01-29 16:13:23][INFO] [Epoch 152] MSE Loss=562.185116 | PDE Loss=20.444969 | λ_pde=2.209e-01 | LR=1.95e-05
[2026-01-29 16:15:41][INFO] [Epoch 153] MSE Loss=562.171317 | PDE Loss=20.971237 | λ_pde=2.187e-01 | LR=1.95e-05
[2026-01-29 16:18:00][INFO] [Epoch 154] MSE Loss=562.374265 | PDE Loss=20.790047 | λ_pde=2.165e-01 | LR=1.95e-05
[2026-01-29 16:20:17][INFO] [Epoch 155] MSE Loss=562.020326 | PDE Loss=21.362469 | λ_pde=2.144e-01 | LR=1.95e-05
[2026-01-29 16:22:35][INFO] [Epoch 156] MSE Loss=562.353505 | PDE Loss=21.240651 | λ_pde=2.122e-01 | LR=1.95e-05
[2026-01-29 16:24:46][INFO] [Epoch 157] MSE Loss=562.144051 | PDE Loss=21.470567 | λ_pde=2.101e-01 | LR=1.95e-05
[2026-01-29 16:27:02][INFO] [Epoch 158] MSE Loss=562.394352 | PDE Loss=21.914668 | λ_pde=2.080e-01 | LR=1.95e-05
[2026-01-29 16:29:18][INFO] [Epoch 159] MSE Loss=562.093593 | PDE Loss=22.231172 | λ_pde=2.060e-01 | LR=1.95e-05
[2026-01-29 16:31:36][INFO] [Epoch 160] MSE Loss=561.760040 | PDE Loss=22.282643 | λ_pde=2.039e-01 | LR=1.95e-05
[2026-01-29 16:33:56][INFO] [Epoch 161] MSE Loss=561.560904 | PDE Loss=22.669579 | λ_pde=2.019e-01 | LR=1.95e-05
[2026-01-29 16:36:13][INFO] [Epoch 162] MSE Loss=561.911932 | PDE Loss=23.310332 | λ_pde=1.999e-01 | LR=1.95e-05
[2026-01-29 16:38:28][INFO] [Epoch 163] MSE Loss=561.597949 | PDE Loss=23.085109 | λ_pde=1.979e-01 | LR=1.95e-05
[2026-01-29 16:40:46][INFO] [Epoch 164] MSE Loss=561.628255 | PDE Loss=22.792046 | λ_pde=1.959e-01 | LR=1.95e-05
[2026-01-29 16:43:04][INFO] [Epoch 165] MSE Loss=561.443732 | PDE Loss=23.631073 | λ_pde=1.940e-01 | LR=1.95e-05
[2026-01-29 16:45:24][INFO] [Epoch 166] MSE Loss=561.439996 | PDE Loss=23.983678 | λ_pde=1.920e-01 | LR=1.95e-05
[2026-01-29 16:47:41][INFO] [Epoch 167] MSE Loss=561.598264 | PDE Loss=24.423361 | λ_pde=1.901e-01 | LR=1.95e-05
[2026-01-29 16:49:59][INFO] [Epoch 168] MSE Loss=561.449748 | PDE Loss=24.139127 | λ_pde=1.882e-01 | LR=1.95e-05
[2026-01-29 16:52:12][INFO] [Epoch 169] MSE Loss=561.356800 | PDE Loss=24.453616 | λ_pde=1.864e-01 | LR=1.95e-05
[2026-01-29 16:54:31][INFO] [Epoch 170] MSE Loss=561.160181 | PDE Loss=24.652900 | λ_pde=1.845e-01 | LR=1.95e-05
[2026-01-29 16:56:49][INFO] [Epoch 171] MSE Loss=560.996970 | PDE Loss=25.105441 | λ_pde=1.827e-01 | LR=1.95e-05
[2026-01-29 16:59:11][INFO] [Epoch 172] MSE Loss=561.193464 | PDE Loss=25.940652 | λ_pde=1.809e-01 | LR=1.95e-05
[2026-01-29 17:01:26][INFO] [Epoch 173] MSE Loss=561.321220 | PDE Loss=25.685914 | λ_pde=1.791e-01 | LR=1.95e-05
[2026-01-29 17:03:44][INFO] [Epoch 174] MSE Loss=560.705274 | PDE Loss=26.240208 | λ_pde=1.773e-01 | LR=1.95e-05
[2026-01-29 17:05:59][INFO] [Epoch 175] MSE Loss=560.922750 | PDE Loss=26.480136 | λ_pde=1.755e-01 | LR=1.95e-05
[2026-01-29 17:08:16][INFO] [Epoch 176] MSE Loss=561.510989 | PDE Loss=26.324903 | λ_pde=1.738e-01 | LR=1.95e-05
[2026-01-29 17:10:31][INFO] [Epoch 177] MSE Loss=561.117738 | PDE Loss=27.116651 | λ_pde=1.720e-01 | LR=1.95e-05
[2026-01-29 17:12:51][INFO] [Epoch 178] MSE Loss=560.687626 | PDE Loss=27.555428 | λ_pde=1.703e-01 | LR=1.95e-05
[2026-01-29 17:15:11][INFO] [Epoch 179] MSE Loss=560.527567 | PDE Loss=27.616739 | λ_pde=1.686e-01 | LR=1.95e-05
[2026-01-29 17:17:25][INFO] [Epoch 180] MSE Loss=560.859366 | PDE Loss=27.484308 | λ_pde=1.670e-01 | LR=1.95e-05
[2026-01-29 17:19:43][INFO] [Epoch 181] MSE Loss=560.624052 | PDE Loss=28.304003 | λ_pde=1.653e-01 | LR=1.95e-05
[2026-01-29 17:22:00][INFO] [Epoch 182] MSE Loss=560.144792 | PDE Loss=28.838799 | λ_pde=1.637e-01 | LR=1.95e-05
[2026-01-29 17:24:14][INFO] [Epoch 183] MSE Loss=560.633363 | PDE Loss=28.782724 | λ_pde=1.620e-01 | LR=1.95e-05
[2026-01-29 17:26:31][INFO] [Epoch 184] MSE Loss=560.204573 | PDE Loss=29.319897 | λ_pde=1.604e-01 | LR=1.95e-05
[2026-01-29 17:28:47][INFO] [Epoch 185] MSE Loss=560.655737 | PDE Loss=29.856723 | λ_pde=1.588e-01 | LR=1.95e-05
[2026-01-29 17:31:03][INFO] [Epoch 186] MSE Loss=560.173233 | PDE Loss=29.573277 | λ_pde=1.572e-01 | LR=1.95e-05
[2026-01-29 17:33:17][INFO] [Epoch 187] MSE Loss=560.631529 | PDE Loss=30.098796 | λ_pde=1.557e-01 | LR=1.95e-05
[2026-01-29 17:35:32][INFO] [Epoch 188] MSE Loss=560.797694 | PDE Loss=31.076629 | λ_pde=1.541e-01 | LR=1.95e-05
[2026-01-29 17:37:50][INFO] [Epoch 189] MSE Loss=560.429995 | PDE Loss=30.557196 | λ_pde=1.526e-01 | LR=1.95e-05
[2026-01-29 17:40:05][INFO] [Epoch 190] MSE Loss=559.636681 | PDE Loss=31.624072 | λ_pde=1.511e-01 | LR=1.00e-05
[2026-01-29 17:42:24][INFO] [Epoch 191] MSE Loss=559.484660 | PDE Loss=31.466427 | λ_pde=1.496e-01 | LR=1.00e-05
[2026-01-29 17:44:39][INFO] [Epoch 192] MSE Loss=559.385600 | PDE Loss=31.708371 | λ_pde=1.481e-01 | LR=1.00e-05
[2026-01-29 17:46:49][INFO] [Epoch 193] MSE Loss=559.228005 | PDE Loss=31.972085 | λ_pde=1.466e-01 | LR=1.00e-05
[2026-01-29 17:49:05][INFO] [Epoch 194] MSE Loss=559.387315 | PDE Loss=32.212106 | λ_pde=1.451e-01 | LR=1.00e-05
[2026-01-29 17:51:24][INFO] [Epoch 195] MSE Loss=559.468103 | PDE Loss=32.199655 | λ_pde=1.437e-01 | LR=1.00e-05
[2026-01-29 17:53:41][INFO] [Epoch 196] MSE Loss=559.210515 | PDE Loss=33.023555 | λ_pde=1.423e-01 | LR=1.00e-05
[2026-01-29 17:55:59][INFO] [Epoch 197] MSE Loss=559.521901 | PDE Loss=32.841378 | λ_pde=1.409e-01 | LR=1.00e-05
[2026-01-29 17:58:16][INFO] [Epoch 198] MSE Loss=559.457152 | PDE Loss=33.808040 | λ_pde=1.395e-01 | LR=1.00e-05
[2026-01-29 18:00:35][INFO] [Epoch 199] MSE Loss=559.008866 | PDE Loss=33.686067 | λ_pde=1.381e-01 | LR=1.00e-05
[2026-01-29 18:02:39][INFO] [Epoch 200] MSE Loss=559.184801 | PDE Loss=33.824604 | λ_pde=1.367e-01 | LR=1.00e-05
[2026-01-29 18:02:39][INFO] 训练结束，模型已保存至: /data/sda/zjc/comsol_pinn/checkpoints/M04c/exp06/M04c_pinn.pt
[2026-01-29 18:02:39][INFO] ========== 训练结束 ==========
