[2026-02-02 10:56:21][INFO] 日志文件创建于: /data/sda/zjc/comsol_pinn/logs/M04d1/exp08/train_20260202_105621_gpu3_pid1944498.log
[2026-02-02 10:56:21][INFO] 进程 PID: 1944498
[2026-02-02 10:56:21][INFO] ========== PINN 训练开始 ==========
[2026-02-02 10:56:21][INFO] 物理项 λ_pde = 1.0
[2026-02-02 10:56:21][INFO] 使用设备: cuda
[2026-02-02 10:56:21][INFO] 训练参数: {'lambda_pde': 1.0, 'epochs': 210, 'lr': 0.005, 'batch_cases': 1, 'lr_scheduler': 'hybrid', 'cosine_eta_min': 1e-05, 'cosine_t0': 30, 'cosine_tmult': 2, 'plateau_factor': 0.5, 'plateau_patience': 6, 'plateau_min_lr': 1e-05, 'use_pde_anneal': True, 'pde_anneal_gamma': 1.0, 'pde_lambda_min': 0.0, 'use_soft_mask': False, 'mask_alpha': 40.0, 'mask_temp_ratio': 0.7, 'points_per_case': 320000, 'device': 'cuda', 'num_workers': 8, 'log_dir': 'logs/M04d1/exp08', 'ckpt_dir': 'checkpoints/M04d1/exp08'}
[2026-02-02 10:56:21][INFO] 数据集大小: 141 cases
[2026-02-02 10:56:21][INFO] 每 case 采样点数: 320000
[2026-02-02 10:56:21][INFO] 模型结构:
SimplePINN(
  (net): Sequential(
    (0): Linear(in_features=7, out_features=128, bias=True)
    (1): SiLU()
    (2): Linear(in_features=128, out_features=128, bias=True)
    (3): SiLU()
    (4): Linear(in_features=128, out_features=1, bias=True)
  )
)
[2026-02-02 10:56:21][INFO] 优化器: AdamW, 初始 lr=0.005, 学习率调度器: hybrid
[2026-02-02 10:59:00][INFO] [Epoch 001] MSE Loss=14525.926514 | PDE Loss=0.058651 | λ_pde=1.000e+00 | LR=5.00e-03
[2026-02-02 11:01:38][INFO] [Epoch 002] MSE Loss=5403.788088 | PDE Loss=0.060193 | λ_pde=3.679e-01 | LR=4.99e-03
[2026-02-02 11:04:18][INFO] [Epoch 003] MSE Loss=5148.680581 | PDE Loss=0.056565 | λ_pde=1.353e-01 | LR=4.95e-03
[2026-02-02 11:06:56][INFO] [Epoch 004] MSE Loss=3062.872333 | PDE Loss=0.063744 | λ_pde=4.979e-02 | LR=4.88e-03
[2026-02-02 11:09:33][INFO] [Epoch 005] MSE Loss=2924.604981 | PDE Loss=0.047563 | λ_pde=1.832e-02 | LR=4.78e-03
[2026-02-02 11:12:13][INFO] [Epoch 006] MSE Loss=2605.990813 | PDE Loss=0.046063 | λ_pde=6.738e-03 | LR=4.67e-03
[2026-02-02 11:14:53][INFO] [Epoch 007] MSE Loss=1937.226444 | PDE Loss=0.044696 | λ_pde=2.479e-03 | LR=4.52e-03
[2026-02-02 11:17:33][INFO] [Epoch 008] MSE Loss=1434.700221 | PDE Loss=0.052068 | λ_pde=9.119e-04 | LR=4.36e-03
[2026-02-02 11:20:10][INFO] [Epoch 009] MSE Loss=1141.598533 | PDE Loss=0.062892 | λ_pde=3.355e-04 | LR=4.17e-03
[2026-02-02 11:22:51][INFO] [Epoch 010] MSE Loss=935.245328 | PDE Loss=0.064026 | λ_pde=1.234e-04 | LR=3.97e-03
[2026-02-02 11:25:29][INFO] [Epoch 011] MSE Loss=755.838048 | PDE Loss=0.072624 | λ_pde=4.540e-05 | LR=3.75e-03
[2026-02-02 11:28:14][INFO] [Epoch 012] MSE Loss=490.294984 | PDE Loss=0.080751 | λ_pde=1.670e-05 | LR=3.52e-03
[2026-02-02 11:30:54][INFO] [Epoch 013] MSE Loss=322.246680 | PDE Loss=0.100410 | λ_pde=6.144e-06 | LR=3.28e-03
[2026-02-02 11:33:31][INFO] [Epoch 014] MSE Loss=262.707261 | PDE Loss=0.114282 | λ_pde=2.260e-06 | LR=3.02e-03
[2026-02-02 11:36:14][INFO] [Epoch 015] MSE Loss=204.445627 | PDE Loss=0.130972 | λ_pde=8.315e-07 | LR=2.77e-03
[2026-02-02 11:38:52][INFO] [Epoch 016] MSE Loss=161.626929 | PDE Loss=0.151838 | λ_pde=3.059e-07 | LR=2.51e-03
[2026-02-02 11:41:32][INFO] [Epoch 017] MSE Loss=141.243481 | PDE Loss=0.171144 | λ_pde=1.125e-07 | LR=2.24e-03
[2026-02-02 11:44:11][INFO] [Epoch 018] MSE Loss=134.656356 | PDE Loss=0.195502 | λ_pde=4.140e-08 | LR=1.99e-03
[2026-02-02 11:46:49][INFO] [Epoch 019] MSE Loss=125.959460 | PDE Loss=0.213962 | λ_pde=1.523e-08 | LR=1.73e-03
[2026-02-02 11:49:30][INFO] [Epoch 020] MSE Loss=123.154500 | PDE Loss=0.233796 | λ_pde=5.603e-09 | LR=1.49e-03
[2026-02-02 11:52:06][INFO] [Epoch 021] MSE Loss=115.508867 | PDE Loss=0.252983 | λ_pde=2.061e-09 | LR=1.26e-03
[2026-02-02 11:54:43][INFO] [Epoch 022] MSE Loss=115.425043 | PDE Loss=0.268369 | λ_pde=7.583e-10 | LR=1.04e-03
[2026-02-02 11:57:20][INFO] [Epoch 023] MSE Loss=110.129046 | PDE Loss=0.286979 | λ_pde=2.789e-10 | LR=8.36e-04
[2026-02-02 12:00:01][INFO] [Epoch 024] MSE Loss=108.211002 | PDE Loss=0.299085 | λ_pde=1.026e-10 | LR=6.51e-04
[2026-02-02 12:02:43][INFO] [Epoch 025] MSE Loss=105.689493 | PDE Loss=0.309886 | λ_pde=3.775e-11 | LR=4.87e-04
[2026-02-02 12:05:22][INFO] [Epoch 026] MSE Loss=104.959168 | PDE Loss=0.318493 | λ_pde=1.389e-11 | LR=3.44e-04
[2026-02-02 12:07:59][INFO] [Epoch 027] MSE Loss=103.293777 | PDE Loss=0.324490 | λ_pde=5.109e-12 | LR=2.26e-04
[2026-02-02 12:10:37][INFO] [Epoch 028] MSE Loss=102.913498 | PDE Loss=0.329334 | λ_pde=1.880e-12 | LR=1.32e-04
[2026-02-02 12:13:16][INFO] [Epoch 029] MSE Loss=102.271926 | PDE Loss=0.331209 | λ_pde=6.914e-13 | LR=6.45e-05
[2026-02-02 12:15:55][INFO] [Epoch 030] MSE Loss=102.054103 | PDE Loss=0.332553 | λ_pde=2.544e-13 | LR=2.37e-05
[2026-02-02 12:18:34][INFO] [Epoch 031] MSE Loss=449.372912 | PDE Loss=0.326699 | λ_pde=9.358e-14 | LR=5.00e-03
[2026-02-02 12:21:15][INFO] [Epoch 032] MSE Loss=189.780970 | PDE Loss=0.358353 | λ_pde=3.442e-14 | LR=5.00e-03
[2026-02-02 12:23:54][INFO] [Epoch 033] MSE Loss=114.794309 | PDE Loss=0.448764 | λ_pde=1.266e-14 | LR=4.99e-03
[2026-02-02 12:26:32][INFO] [Epoch 034] MSE Loss=123.886299 | PDE Loss=0.519385 | λ_pde=4.659e-15 | LR=4.97e-03
[2026-02-02 12:29:11][INFO] [Epoch 035] MSE Loss=106.496438 | PDE Loss=0.600098 | λ_pde=1.714e-15 | LR=4.95e-03
[2026-02-02 12:31:52][INFO] [Epoch 036] MSE Loss=83.422491 | PDE Loss=0.726727 | λ_pde=6.305e-16 | LR=4.91e-03
[2026-02-02 12:34:28][INFO] [Epoch 037] MSE Loss=76.921553 | PDE Loss=0.955514 | λ_pde=2.320e-16 | LR=4.88e-03
[2026-02-02 12:37:11][INFO] [Epoch 038] MSE Loss=115.019109 | PDE Loss=1.100152 | λ_pde=8.533e-17 | LR=4.83e-03
[2026-02-02 12:39:51][INFO] [Epoch 039] MSE Loss=107.415000 | PDE Loss=1.209580 | λ_pde=3.139e-17 | LR=4.78e-03
[2026-02-02 12:42:30][INFO] [Epoch 040] MSE Loss=103.144186 | PDE Loss=1.324154 | λ_pde=1.155e-17 | LR=4.73e-03
[2026-02-02 12:45:07][INFO] [Epoch 041] MSE Loss=75.432600 | PDE Loss=1.432728 | λ_pde=4.248e-18 | LR=4.67e-03
[2026-02-02 12:47:45][INFO] [Epoch 042] MSE Loss=60.496579 | PDE Loss=1.556785 | λ_pde=1.563e-18 | LR=4.60e-03
[2026-02-02 12:50:23][INFO] [Epoch 043] MSE Loss=78.790299 | PDE Loss=1.736495 | λ_pde=5.750e-19 | LR=4.52e-03
[2026-02-02 12:53:00][INFO] [Epoch 044] MSE Loss=75.060981 | PDE Loss=1.854276 | λ_pde=2.115e-19 | LR=4.44e-03
[2026-02-02 12:55:38][INFO] [Epoch 045] MSE Loss=60.549400 | PDE Loss=2.067523 | λ_pde=7.781e-20 | LR=4.36e-03
[2026-02-02 12:58:18][INFO] [Epoch 046] MSE Loss=54.302925 | PDE Loss=2.249426 | λ_pde=2.863e-20 | LR=4.27e-03
[2026-02-02 13:00:56][INFO] [Epoch 047] MSE Loss=51.072032 | PDE Loss=2.510759 | λ_pde=1.053e-20 | LR=4.17e-03
[2026-02-02 13:03:35][INFO] [Epoch 048] MSE Loss=57.293900 | PDE Loss=2.701985 | λ_pde=3.874e-21 | LR=4.08e-03
[2026-02-02 13:06:17][INFO] [Epoch 049] MSE Loss=63.577440 | PDE Loss=2.958915 | λ_pde=1.425e-21 | LR=3.97e-03
[2026-02-02 13:09:00][INFO] [Epoch 050] MSE Loss=62.395650 | PDE Loss=3.220963 | λ_pde=5.243e-22 | LR=3.86e-03
[2026-02-02 13:11:40][INFO] [Epoch 051] MSE Loss=49.239715 | PDE Loss=3.511332 | λ_pde=1.929e-22 | LR=3.75e-03
[2026-02-02 13:14:20][INFO] [Epoch 052] MSE Loss=80.217160 | PDE Loss=3.593784 | λ_pde=7.095e-23 | LR=3.64e-03
[2026-02-02 13:16:59][INFO] [Epoch 053] MSE Loss=57.815421 | PDE Loss=3.857481 | λ_pde=2.610e-23 | LR=3.52e-03
[2026-02-02 13:19:38][INFO] [Epoch 054] MSE Loss=57.809678 | PDE Loss=4.112938 | λ_pde=9.603e-24 | LR=3.40e-03
[2026-02-02 13:22:14][INFO] [Epoch 055] MSE Loss=39.619853 | PDE Loss=4.328489 | λ_pde=3.533e-24 | LR=3.28e-03
[2026-02-02 13:24:51][INFO] [Epoch 056] MSE Loss=42.097714 | PDE Loss=4.621895 | λ_pde=1.300e-24 | LR=3.15e-03
[2026-02-02 13:27:31][INFO] [Epoch 057] MSE Loss=39.106686 | PDE Loss=4.950488 | λ_pde=4.781e-25 | LR=3.02e-03
[2026-02-02 13:30:09][INFO] [Epoch 058] MSE Loss=48.218893 | PDE Loss=5.254848 | λ_pde=1.759e-25 | LR=2.90e-03
[2026-02-02 13:32:53][INFO] [Epoch 059] MSE Loss=41.763290 | PDE Loss=5.524372 | λ_pde=6.470e-26 | LR=2.77e-03
[2026-02-02 13:35:30][INFO] [Epoch 060] MSE Loss=34.259857 | PDE Loss=5.871648 | λ_pde=2.380e-26 | LR=2.64e-03
[2026-02-02 13:38:09][INFO] [Epoch 061] MSE Loss=35.704907 | PDE Loss=6.172917 | λ_pde=8.757e-27 | LR=2.51e-03
[2026-02-02 13:40:44][INFO] [Epoch 062] MSE Loss=33.288338 | PDE Loss=6.454131 | λ_pde=3.221e-27 | LR=2.37e-03
[2026-02-02 13:43:19][INFO] [Epoch 063] MSE Loss=32.047682 | PDE Loss=6.817100 | λ_pde=1.185e-27 | LR=2.24e-03
[2026-02-02 13:45:58][INFO] [Epoch 064] MSE Loss=38.245556 | PDE Loss=7.189053 | λ_pde=4.360e-28 | LR=2.11e-03
[2026-02-02 13:48:37][INFO] [Epoch 065] MSE Loss=40.636113 | PDE Loss=7.379391 | λ_pde=1.604e-28 | LR=1.99e-03
[2026-02-02 13:51:18][INFO] [Epoch 066] MSE Loss=30.475960 | PDE Loss=7.621537 | λ_pde=5.900e-29 | LR=1.86e-03
[2026-02-02 13:53:59][INFO] [Epoch 067] MSE Loss=29.515273 | PDE Loss=8.028597 | λ_pde=2.171e-29 | LR=1.73e-03
[2026-02-02 13:56:33][INFO] [Epoch 068] MSE Loss=31.300928 | PDE Loss=8.263410 | λ_pde=7.985e-30 | LR=1.61e-03
[2026-02-02 13:59:08][INFO] [Epoch 069] MSE Loss=29.327564 | PDE Loss=8.537150 | λ_pde=2.937e-30 | LR=1.49e-03
[2026-02-02 14:01:46][INFO] [Epoch 070] MSE Loss=28.347165 | PDE Loss=8.815009 | λ_pde=1.081e-30 | LR=1.37e-03
[2026-02-02 14:04:26][INFO] [Epoch 071] MSE Loss=27.879448 | PDE Loss=9.082048 | λ_pde=3.975e-31 | LR=1.26e-03
[2026-02-02 14:07:03][INFO] [Epoch 072] MSE Loss=27.683945 | PDE Loss=9.358322 | λ_pde=1.462e-31 | LR=1.15e-03
[2026-02-02 14:09:42][INFO] [Epoch 073] MSE Loss=27.301358 | PDE Loss=9.669041 | λ_pde=5.380e-32 | LR=1.04e-03
[2026-02-02 14:12:20][INFO] [Epoch 074] MSE Loss=26.744015 | PDE Loss=9.974590 | λ_pde=1.979e-32 | LR=9.35e-04
[2026-02-02 14:15:00][INFO] [Epoch 075] MSE Loss=26.327602 | PDE Loss=10.206790 | λ_pde=7.281e-33 | LR=8.36e-04
[2026-02-02 14:17:38][INFO] [Epoch 076] MSE Loss=26.007471 | PDE Loss=10.472444 | λ_pde=2.679e-33 | LR=7.41e-04
[2026-02-02 14:20:17][INFO] [Epoch 077] MSE Loss=25.727948 | PDE Loss=10.649985 | λ_pde=9.854e-34 | LR=6.51e-04
[2026-02-02 14:22:57][INFO] [Epoch 078] MSE Loss=25.601147 | PDE Loss=10.855561 | λ_pde=3.625e-34 | LR=5.66e-04
[2026-02-02 14:25:32][INFO] [Epoch 079] MSE Loss=25.389340 | PDE Loss=11.036999 | λ_pde=1.334e-34 | LR=4.87e-04
[2026-02-02 14:28:13][INFO] [Epoch 080] MSE Loss=24.938833 | PDE Loss=11.171169 | λ_pde=4.906e-35 | LR=4.13e-04
[2026-02-02 14:30:54][INFO] [Epoch 081] MSE Loss=24.825072 | PDE Loss=11.318309 | λ_pde=1.805e-35 | LR=3.44e-04
[2026-02-02 14:33:38][INFO] [Epoch 082] MSE Loss=24.647094 | PDE Loss=11.386294 | λ_pde=6.640e-36 | LR=2.82e-04
[2026-02-02 14:36:20][INFO] [Epoch 083] MSE Loss=24.517201 | PDE Loss=11.520947 | λ_pde=2.443e-36 | LR=2.26e-04
[2026-02-02 14:38:57][INFO] [Epoch 084] MSE Loss=24.468573 | PDE Loss=11.566585 | λ_pde=8.986e-37 | LR=1.76e-04
[2026-02-02 14:41:34][INFO] [Epoch 085] MSE Loss=24.339787 | PDE Loss=11.664517 | λ_pde=3.306e-37 | LR=1.32e-04
[2026-02-02 14:44:14][INFO] [Epoch 086] MSE Loss=24.313883 | PDE Loss=11.668109 | λ_pde=1.216e-37 | LR=9.50e-05
[2026-02-02 14:46:54][INFO] [Epoch 087] MSE Loss=24.245926 | PDE Loss=11.699126 | λ_pde=4.474e-38 | LR=6.45e-05
[2026-02-02 14:49:33][INFO] [Epoch 088] MSE Loss=24.170485 | PDE Loss=11.715817 | λ_pde=1.646e-38 | LR=4.07e-05
[2026-02-02 14:52:11][INFO] [Epoch 089] MSE Loss=24.118324 | PDE Loss=11.771233 | λ_pde=6.055e-39 | LR=2.37e-05
[2026-02-02 14:54:48][INFO] [Epoch 090] MSE Loss=24.111653 | PDE Loss=11.794596 | λ_pde=2.227e-39 | LR=1.34e-05
[2026-02-02 14:57:24][INFO] [Epoch 091] MSE Loss=1298.959210 | PDE Loss=2.170495 | λ_pde=8.194e-40 | LR=5.00e-03
[2026-02-02 15:00:07][INFO] [Epoch 092] MSE Loss=167.677811 | PDE Loss=2.330684 | λ_pde=3.014e-40 | LR=5.00e-03
[2026-02-02 15:02:49][INFO] [Epoch 093] MSE Loss=117.764330 | PDE Loss=3.216567 | λ_pde=1.109e-40 | LR=5.00e-03
[2026-02-02 15:05:26][INFO] [Epoch 094] MSE Loss=72.886914 | PDE Loss=3.886217 | λ_pde=4.080e-41 | LR=4.99e-03
[2026-02-02 15:08:08][INFO] [Epoch 095] MSE Loss=66.882997 | PDE Loss=3.866404 | λ_pde=1.501e-41 | LR=4.99e-03
[2026-02-02 15:10:46][INFO] [Epoch 096] MSE Loss=63.577082 | PDE Loss=3.509054 | λ_pde=5.521e-42 | LR=4.98e-03
[2026-02-02 15:13:23][INFO] [Epoch 097] MSE Loss=60.109705 | PDE Loss=3.449943 | λ_pde=2.031e-42 | LR=4.97e-03
[2026-02-02 15:16:01][INFO] [Epoch 098] MSE Loss=57.510379 | PDE Loss=3.387594 | λ_pde=7.472e-43 | LR=2.48e-03
[2026-02-02 15:18:38][INFO] [Epoch 099] MSE Loss=56.689523 | PDE Loss=3.481197 | λ_pde=2.749e-43 | LR=4.95e-03
[2026-02-02 15:21:18][INFO] [Epoch 100] MSE Loss=58.402922 | PDE Loss=3.569336 | λ_pde=1.011e-43 | LR=4.93e-03
[2026-02-02 15:24:00][INFO] [Epoch 101] MSE Loss=55.721528 | PDE Loss=3.636792 | λ_pde=3.720e-44 | LR=4.91e-03
[2026-02-02 15:26:39][INFO] [Epoch 102] MSE Loss=56.733603 | PDE Loss=3.820858 | λ_pde=1.369e-44 | LR=4.90e-03
[2026-02-02 15:29:19][INFO] [Epoch 103] MSE Loss=97.549252 | PDE Loss=4.011910 | λ_pde=5.035e-45 | LR=4.88e-03
[2026-02-02 15:31:59][INFO] [Epoch 104] MSE Loss=160.858115 | PDE Loss=4.176527 | λ_pde=1.852e-45 | LR=4.86e-03
[2026-02-02 15:34:37][INFO] [Epoch 105] MSE Loss=55.094579 | PDE Loss=4.152046 | λ_pde=6.814e-46 | LR=2.42e-03
[2026-02-02 15:37:15][INFO] [Epoch 106] MSE Loss=49.118308 | PDE Loss=4.496897 | λ_pde=2.507e-46 | LR=4.81e-03
[2026-02-02 15:39:58][INFO] [Epoch 107] MSE Loss=44.097698 | PDE Loss=4.979657 | λ_pde=9.221e-47 | LR=4.78e-03
[2026-02-02 15:42:38][INFO] [Epoch 108] MSE Loss=50.063815 | PDE Loss=5.349702 | λ_pde=3.392e-47 | LR=4.76e-03
[2026-02-02 15:45:22][INFO] [Epoch 109] MSE Loss=43.226280 | PDE Loss=5.672594 | λ_pde=1.248e-47 | LR=4.73e-03
[2026-02-02 15:48:01][INFO] [Epoch 110] MSE Loss=43.388310 | PDE Loss=6.136679 | λ_pde=4.591e-48 | LR=4.70e-03
[2026-02-02 15:50:39][INFO] [Epoch 111] MSE Loss=116.710546 | PDE Loss=6.298111 | λ_pde=1.689e-48 | LR=4.67e-03
[2026-02-02 15:53:15][INFO] [Epoch 112] MSE Loss=40.030763 | PDE Loss=6.475251 | λ_pde=6.213e-49 | LR=2.32e-03
[2026-02-02 15:55:50][INFO] [Epoch 113] MSE Loss=53.711910 | PDE Loss=6.770182 | λ_pde=2.286e-49 | LR=4.60e-03
[2026-02-02 15:58:27][INFO] [Epoch 114] MSE Loss=54.051320 | PDE Loss=7.391866 | λ_pde=8.409e-50 | LR=4.56e-03
[2026-02-02 16:01:09][INFO] [Epoch 115] MSE Loss=57.124547 | PDE Loss=7.510794 | λ_pde=3.093e-50 | LR=4.52e-03
[2026-02-02 16:03:52][INFO] [Epoch 116] MSE Loss=48.253650 | PDE Loss=7.579049 | λ_pde=1.138e-50 | LR=4.48e-03
[2026-02-02 16:06:27][INFO] [Epoch 117] MSE Loss=52.031736 | PDE Loss=8.101316 | λ_pde=4.186e-51 | LR=4.44e-03
[2026-02-02 16:09:09][INFO] [Epoch 118] MSE Loss=39.496149 | PDE Loss=8.777441 | λ_pde=1.540e-51 | LR=4.40e-03
[2026-02-02 16:11:47][INFO] [Epoch 119] MSE Loss=32.525346 | PDE Loss=9.438674 | λ_pde=5.666e-52 | LR=2.18e-03
[2026-02-02 16:14:24][INFO] [Epoch 120] MSE Loss=110.569742 | PDE Loss=9.455075 | λ_pde=2.084e-52 | LR=4.31e-03
[2026-02-02 16:17:01][INFO] [Epoch 121] MSE Loss=90.009660 | PDE Loss=9.433601 | λ_pde=7.668e-53 | LR=4.27e-03
[2026-02-02 16:19:43][INFO] [Epoch 122] MSE Loss=44.502478 | PDE Loss=10.086117 | λ_pde=2.821e-53 | LR=4.22e-03
[2026-02-02 16:22:23][INFO] [Epoch 123] MSE Loss=51.850533 | PDE Loss=10.029646 | λ_pde=1.038e-53 | LR=4.17e-03
[2026-02-02 16:24:57][INFO] [Epoch 124] MSE Loss=49.609524 | PDE Loss=10.880679 | λ_pde=3.817e-54 | LR=4.13e-03
[2026-02-02 16:27:44][INFO] [Epoch 125] MSE Loss=36.733391 | PDE Loss=11.371447 | λ_pde=1.404e-54 | LR=4.08e-03
[2026-02-02 16:30:23][INFO] [Epoch 126] MSE Loss=33.749665 | PDE Loss=11.576142 | λ_pde=5.166e-55 | LR=2.01e-03
[2026-02-02 16:33:07][INFO] [Epoch 127] MSE Loss=31.478911 | PDE Loss=11.933834 | λ_pde=1.901e-55 | LR=3.97e-03
[2026-02-02 16:36:19][INFO] [Epoch 128] MSE Loss=37.299363 | PDE Loss=12.644122 | λ_pde=6.992e-56 | LR=3.92e-03
[2026-02-02 16:39:32][INFO] [Epoch 129] MSE Loss=42.150391 | PDE Loss=12.654185 | λ_pde=2.572e-56 | LR=3.86e-03
[2026-02-02 16:42:42][INFO] [Epoch 130] MSE Loss=51.972256 | PDE Loss=13.167130 | λ_pde=9.463e-57 | LR=3.81e-03
[2026-02-02 16:45:41][INFO] [Epoch 131] MSE Loss=56.733706 | PDE Loss=12.614164 | λ_pde=3.481e-57 | LR=3.75e-03
[2026-02-02 16:48:22][INFO] [Epoch 132] MSE Loss=35.439347 | PDE Loss=13.466205 | λ_pde=1.281e-57 | LR=3.70e-03
[2026-02-02 16:51:01][INFO] [Epoch 133] MSE Loss=27.613783 | PDE Loss=14.055224 | λ_pde=4.711e-58 | LR=1.82e-03
[2026-02-02 16:53:41][INFO] [Epoch 134] MSE Loss=38.910602 | PDE Loss=14.391065 | λ_pde=1.733e-58 | LR=3.58e-03
[2026-02-02 16:56:21][INFO] [Epoch 135] MSE Loss=40.370093 | PDE Loss=14.602795 | λ_pde=6.376e-59 | LR=3.52e-03
[2026-02-02 16:59:04][INFO] [Epoch 136] MSE Loss=37.756354 | PDE Loss=15.469037 | λ_pde=2.346e-59 | LR=3.46e-03
[2026-02-02 17:01:48][INFO] [Epoch 137] MSE Loss=61.551501 | PDE Loss=16.116734 | λ_pde=8.629e-60 | LR=3.40e-03
[2026-02-02 17:04:31][INFO] [Epoch 138] MSE Loss=30.855265 | PDE Loss=16.955193 | λ_pde=3.174e-60 | LR=3.34e-03
[2026-02-02 17:07:13][INFO] [Epoch 139] MSE Loss=25.269914 | PDE Loss=18.637850 | λ_pde=1.168e-60 | LR=3.28e-03
[2026-02-02 17:10:06][INFO] [Epoch 140] MSE Loss=24.311949 | PDE Loss=19.491967 | λ_pde=4.296e-61 | LR=1.61e-03
[2026-02-02 17:13:17][INFO] [Epoch 141] MSE Loss=25.091073 | PDE Loss=21.909732 | λ_pde=1.580e-61 | LR=3.15e-03
[2026-02-02 17:16:32][INFO] [Epoch 142] MSE Loss=27.370800 | PDE Loss=24.988831 | λ_pde=5.814e-62 | LR=3.09e-03
[2026-02-02 17:19:44][INFO] [Epoch 143] MSE Loss=113.405615 | PDE Loss=21.109377 | λ_pde=2.139e-62 | LR=3.02e-03
[2026-02-02 17:22:54][INFO] [Epoch 144] MSE Loss=31.733868 | PDE Loss=24.630472 | λ_pde=7.868e-63 | LR=2.96e-03
[2026-02-02 17:26:02][INFO] [Epoch 145] MSE Loss=25.272678 | PDE Loss=27.320548 | λ_pde=2.895e-63 | LR=2.90e-03
[2026-02-02 17:29:08][INFO] [Epoch 146] MSE Loss=23.187218 | PDE Loss=32.245637 | λ_pde=1.065e-63 | LR=2.83e-03
[2026-02-02 17:31:57][INFO] [Epoch 147] MSE Loss=22.631026 | PDE Loss=37.248223 | λ_pde=3.917e-64 | LR=2.77e-03
[2026-02-02 17:34:41][INFO] [Epoch 148] MSE Loss=26.356112 | PDE Loss=40.707042 | λ_pde=1.441e-64 | LR=2.70e-03
[2026-02-02 17:37:20][INFO] [Epoch 149] MSE Loss=23.142566 | PDE Loss=43.856073 | λ_pde=5.302e-65 | LR=2.64e-03
[2026-02-02 17:40:05][INFO] [Epoch 150] MSE Loss=21.871176 | PDE Loss=47.474268 | λ_pde=1.950e-65 | LR=2.57e-03
[2026-02-02 17:42:47][INFO] [Epoch 151] MSE Loss=22.354862 | PDE Loss=55.598075 | λ_pde=7.175e-66 | LR=2.51e-03
[2026-02-02 17:45:25][INFO] [Epoch 152] MSE Loss=22.426558 | PDE Loss=63.248968 | λ_pde=2.640e-66 | LR=2.44e-03
[2026-02-02 17:48:08][INFO] [Epoch 153] MSE Loss=27.200622 | PDE Loss=72.139108 | λ_pde=9.710e-67 | LR=2.37e-03
[2026-02-02 17:50:49][INFO] [Epoch 154] MSE Loss=20.880712 | PDE Loss=82.689435 | λ_pde=3.572e-67 | LR=2.31e-03
[2026-02-02 17:53:27][INFO] [Epoch 155] MSE Loss=27.162720 | PDE Loss=84.954075 | λ_pde=1.314e-67 | LR=2.24e-03
[2026-02-02 17:56:13][INFO] [Epoch 156] MSE Loss=19.603662 | PDE Loss=97.333156 | λ_pde=4.835e-68 | LR=2.18e-03
[2026-02-02 17:59:26][INFO] [Epoch 157] MSE Loss=23.374401 | PDE Loss=106.963173 | λ_pde=1.779e-68 | LR=2.11e-03
[2026-02-02 18:02:36][INFO] [Epoch 158] MSE Loss=23.343136 | PDE Loss=118.078816 | λ_pde=6.543e-69 | LR=2.05e-03
