[2026-02-02 10:56:21][INFO] 日志文件创建于: /data/sda/zjc/comsol_pinn/logs/M04d1/exp06/train_20260202_105621_gpu1_pid1944486.log
[2026-02-02 10:56:21][INFO] 进程 PID: 1944486
[2026-02-02 10:56:21][INFO] ========== PINN 训练开始 ==========
[2026-02-02 10:56:21][INFO] 物理项 λ_pde = 1.0
[2026-02-02 10:56:21][INFO] 使用设备: cuda
[2026-02-02 10:56:21][INFO] 训练参数: {'lambda_pde': 1.0, 'epochs': 210, 'lr': 0.005, 'batch_cases': 1, 'lr_scheduler': 'hybrid', 'cosine_eta_min': 1e-05, 'cosine_t0': 30, 'cosine_tmult': 2, 'plateau_factor': 0.5, 'plateau_patience': 6, 'plateau_min_lr': 1e-05, 'use_pde_anneal': True, 'pde_anneal_gamma': 0.1, 'pde_lambda_min': 0.0, 'use_soft_mask': False, 'mask_alpha': 40.0, 'mask_temp_ratio': 0.7, 'points_per_case': 320000, 'device': 'cuda', 'num_workers': 8, 'log_dir': 'logs/M04d1/exp06', 'ckpt_dir': 'checkpoints/M04d1/exp06'}
[2026-02-02 10:56:21][INFO] 数据集大小: 141 cases
[2026-02-02 10:56:21][INFO] 每 case 采样点数: 320000
[2026-02-02 10:56:21][INFO] 模型结构:
SimplePINN(
  (net): Sequential(
    (0): Linear(in_features=7, out_features=128, bias=True)
    (1): SiLU()
    (2): Linear(in_features=128, out_features=128, bias=True)
    (3): SiLU()
    (4): Linear(in_features=128, out_features=1, bias=True)
  )
)
[2026-02-02 10:56:21][INFO] 优化器: AdamW, 初始 lr=0.005, 学习率调度器: hybrid
[2026-02-02 10:59:03][INFO] [Epoch 001] MSE Loss=13578.540914 | PDE Loss=0.057654 | λ_pde=1.000e+00 | LR=5.00e-03
[2026-02-02 11:01:41][INFO] [Epoch 002] MSE Loss=5135.776003 | PDE Loss=0.063146 | λ_pde=9.048e-01 | LR=4.99e-03
[2026-02-02 11:04:21][INFO] [Epoch 003] MSE Loss=4316.783747 | PDE Loss=0.065062 | λ_pde=8.187e-01 | LR=4.95e-03
[2026-02-02 11:07:00][INFO] [Epoch 004] MSE Loss=3039.182377 | PDE Loss=0.062160 | λ_pde=7.408e-01 | LR=4.88e-03
[2026-02-02 11:09:41][INFO] [Epoch 005] MSE Loss=2580.913966 | PDE Loss=0.057044 | λ_pde=6.703e-01 | LR=4.78e-03
[2026-02-02 11:12:19][INFO] [Epoch 006] MSE Loss=1953.998605 | PDE Loss=0.058232 | λ_pde=6.065e-01 | LR=4.67e-03
[2026-02-02 11:14:57][INFO] [Epoch 007] MSE Loss=1563.050253 | PDE Loss=0.061847 | λ_pde=5.488e-01 | LR=4.52e-03
[2026-02-02 11:17:37][INFO] [Epoch 008] MSE Loss=1371.807592 | PDE Loss=0.055986 | λ_pde=4.966e-01 | LR=4.36e-03
[2026-02-02 11:20:19][INFO] [Epoch 009] MSE Loss=1020.405522 | PDE Loss=0.061163 | λ_pde=4.493e-01 | LR=4.17e-03
[2026-02-02 11:22:59][INFO] [Epoch 010] MSE Loss=650.628974 | PDE Loss=0.065885 | λ_pde=4.066e-01 | LR=3.97e-03
[2026-02-02 11:25:43][INFO] [Epoch 011] MSE Loss=522.392319 | PDE Loss=0.081702 | λ_pde=3.679e-01 | LR=3.75e-03
[2026-02-02 11:28:23][INFO] [Epoch 012] MSE Loss=347.086536 | PDE Loss=0.102220 | λ_pde=3.329e-01 | LR=3.52e-03
[2026-02-02 11:31:02][INFO] [Epoch 013] MSE Loss=239.809687 | PDE Loss=0.127256 | λ_pde=3.012e-01 | LR=3.28e-03
[2026-02-02 11:33:40][INFO] [Epoch 014] MSE Loss=188.584259 | PDE Loss=0.152000 | λ_pde=2.725e-01 | LR=3.02e-03
[2026-02-02 11:36:22][INFO] [Epoch 015] MSE Loss=151.601739 | PDE Loss=0.181430 | λ_pde=2.466e-01 | LR=2.77e-03
[2026-02-02 11:39:04][INFO] [Epoch 016] MSE Loss=135.671483 | PDE Loss=0.202046 | λ_pde=2.231e-01 | LR=2.51e-03
[2026-02-02 11:41:44][INFO] [Epoch 017] MSE Loss=125.878016 | PDE Loss=0.226251 | λ_pde=2.019e-01 | LR=2.24e-03
[2026-02-02 11:44:23][INFO] [Epoch 018] MSE Loss=118.833547 | PDE Loss=0.249976 | λ_pde=1.827e-01 | LR=1.99e-03
[2026-02-02 11:47:04][INFO] [Epoch 019] MSE Loss=113.871784 | PDE Loss=0.273537 | λ_pde=1.653e-01 | LR=1.73e-03
[2026-02-02 11:49:43][INFO] [Epoch 020] MSE Loss=110.545941 | PDE Loss=0.299288 | λ_pde=1.496e-01 | LR=1.49e-03
[2026-02-02 11:52:25][INFO] [Epoch 021] MSE Loss=107.073799 | PDE Loss=0.317386 | λ_pde=1.353e-01 | LR=1.26e-03
[2026-02-02 11:55:02][INFO] [Epoch 022] MSE Loss=104.233753 | PDE Loss=0.342096 | λ_pde=1.225e-01 | LR=1.04e-03
[2026-02-02 11:57:43][INFO] [Epoch 023] MSE Loss=101.605552 | PDE Loss=0.366295 | λ_pde=1.108e-01 | LR=8.36e-04
[2026-02-02 12:00:27][INFO] [Epoch 024] MSE Loss=99.942418 | PDE Loss=0.383639 | λ_pde=1.003e-01 | LR=6.51e-04
[2026-02-02 12:03:06][INFO] [Epoch 025] MSE Loss=97.887139 | PDE Loss=0.406840 | λ_pde=9.072e-02 | LR=4.87e-04
[2026-02-02 12:05:46][INFO] [Epoch 026] MSE Loss=96.627842 | PDE Loss=0.427258 | λ_pde=8.208e-02 | LR=3.44e-04
[2026-02-02 12:08:25][INFO] [Epoch 027] MSE Loss=95.593112 | PDE Loss=0.438715 | λ_pde=7.427e-02 | LR=2.26e-04
[2026-02-02 12:11:04][INFO] [Epoch 028] MSE Loss=95.013568 | PDE Loss=0.447847 | λ_pde=6.721e-02 | LR=1.32e-04
[2026-02-02 12:13:43][INFO] [Epoch 029] MSE Loss=94.661402 | PDE Loss=0.452254 | λ_pde=6.081e-02 | LR=6.45e-05
[2026-02-02 12:16:24][INFO] [Epoch 030] MSE Loss=94.540104 | PDE Loss=0.454754 | λ_pde=5.502e-02 | LR=2.37e-05
[2026-02-02 12:19:03][INFO] [Epoch 031] MSE Loss=634.404676 | PDE Loss=0.422756 | λ_pde=4.979e-02 | LR=5.00e-03
[2026-02-02 12:21:43][INFO] [Epoch 032] MSE Loss=228.082762 | PDE Loss=0.667421 | λ_pde=4.505e-02 | LR=5.00e-03
[2026-02-02 12:24:23][INFO] [Epoch 033] MSE Loss=135.867095 | PDE Loss=1.093616 | λ_pde=4.076e-02 | LR=4.99e-03
[2026-02-02 12:27:04][INFO] [Epoch 034] MSE Loss=92.488340 | PDE Loss=1.331716 | λ_pde=3.688e-02 | LR=4.97e-03
[2026-02-02 12:29:42][INFO] [Epoch 035] MSE Loss=97.793149 | PDE Loss=1.673755 | λ_pde=3.337e-02 | LR=4.95e-03
[2026-02-02 12:32:22][INFO] [Epoch 036] MSE Loss=85.591715 | PDE Loss=1.943355 | λ_pde=3.020e-02 | LR=4.91e-03
[2026-02-02 12:35:01][INFO] [Epoch 037] MSE Loss=75.273452 | PDE Loss=2.153100 | λ_pde=2.732e-02 | LR=4.88e-03
[2026-02-02 12:37:42][INFO] [Epoch 038] MSE Loss=75.298724 | PDE Loss=2.584670 | λ_pde=2.472e-02 | LR=4.83e-03
[2026-02-02 12:40:23][INFO] [Epoch 039] MSE Loss=122.800026 | PDE Loss=2.717146 | λ_pde=2.237e-02 | LR=4.78e-03
[2026-02-02 12:42:59][INFO] [Epoch 040] MSE Loss=125.919708 | PDE Loss=2.739378 | λ_pde=2.024e-02 | LR=4.73e-03
[2026-02-02 12:45:41][INFO] [Epoch 041] MSE Loss=88.228724 | PDE Loss=3.128305 | λ_pde=1.832e-02 | LR=4.67e-03
[2026-02-02 12:48:21][INFO] [Epoch 042] MSE Loss=63.103610 | PDE Loss=3.240555 | λ_pde=1.657e-02 | LR=4.60e-03
[2026-02-02 12:51:03][INFO] [Epoch 043] MSE Loss=69.032233 | PDE Loss=3.488954 | λ_pde=1.500e-02 | LR=4.52e-03
[2026-02-02 12:53:40][INFO] [Epoch 044] MSE Loss=59.255481 | PDE Loss=3.621744 | λ_pde=1.357e-02 | LR=4.44e-03
[2026-02-02 12:56:21][INFO] [Epoch 045] MSE Loss=94.392907 | PDE Loss=3.949567 | λ_pde=1.228e-02 | LR=4.36e-03
[2026-02-02 12:59:01][INFO] [Epoch 046] MSE Loss=73.108677 | PDE Loss=3.911639 | λ_pde=1.111e-02 | LR=4.27e-03
[2026-02-02 13:01:44][INFO] [Epoch 047] MSE Loss=51.679634 | PDE Loss=4.145907 | λ_pde=1.005e-02 | LR=4.17e-03
[2026-02-02 13:04:22][INFO] [Epoch 048] MSE Loss=58.266655 | PDE Loss=4.350810 | λ_pde=9.095e-03 | LR=4.08e-03
[2026-02-02 13:07:00][INFO] [Epoch 049] MSE Loss=119.347185 | PDE Loss=4.489939 | λ_pde=8.230e-03 | LR=3.97e-03
[2026-02-02 13:09:43][INFO] [Epoch 050] MSE Loss=53.549786 | PDE Loss=4.760597 | λ_pde=7.447e-03 | LR=3.86e-03
[2026-02-02 13:12:20][INFO] [Epoch 051] MSE Loss=48.436976 | PDE Loss=4.859378 | λ_pde=6.738e-03 | LR=3.75e-03
[2026-02-02 13:14:58][INFO] [Epoch 052] MSE Loss=97.980071 | PDE Loss=5.090081 | λ_pde=6.097e-03 | LR=3.64e-03
[2026-02-02 13:17:39][INFO] [Epoch 053] MSE Loss=73.807553 | PDE Loss=5.306675 | λ_pde=5.517e-03 | LR=3.52e-03
[2026-02-02 13:20:20][INFO] [Epoch 054] MSE Loss=50.481536 | PDE Loss=5.267088 | λ_pde=4.992e-03 | LR=3.40e-03
[2026-02-02 13:23:04][INFO] [Epoch 055] MSE Loss=46.297360 | PDE Loss=5.491410 | λ_pde=4.517e-03 | LR=3.28e-03
[2026-02-02 13:25:47][INFO] [Epoch 056] MSE Loss=50.088613 | PDE Loss=5.562856 | λ_pde=4.087e-03 | LR=3.15e-03
[2026-02-02 13:28:27][INFO] [Epoch 057] MSE Loss=74.038966 | PDE Loss=5.727081 | λ_pde=3.698e-03 | LR=3.02e-03
[2026-02-02 13:31:04][INFO] [Epoch 058] MSE Loss=51.171652 | PDE Loss=5.904497 | λ_pde=3.346e-03 | LR=2.90e-03
[2026-02-02 13:33:44][INFO] [Epoch 059] MSE Loss=43.456655 | PDE Loss=5.933021 | λ_pde=3.028e-03 | LR=2.77e-03
[2026-02-02 13:36:23][INFO] [Epoch 060] MSE Loss=37.653050 | PDE Loss=6.326130 | λ_pde=2.739e-03 | LR=2.64e-03
[2026-02-02 13:39:05][INFO] [Epoch 061] MSE Loss=43.661427 | PDE Loss=6.670296 | λ_pde=2.479e-03 | LR=2.51e-03
[2026-02-02 13:41:44][INFO] [Epoch 062] MSE Loss=37.521285 | PDE Loss=6.908689 | λ_pde=2.243e-03 | LR=2.37e-03
[2026-02-02 13:44:24][INFO] [Epoch 063] MSE Loss=35.800596 | PDE Loss=7.492626 | λ_pde=2.029e-03 | LR=2.24e-03
[2026-02-02 13:47:02][INFO] [Epoch 064] MSE Loss=36.376579 | PDE Loss=7.806258 | λ_pde=1.836e-03 | LR=2.11e-03
[2026-02-02 13:49:38][INFO] [Epoch 065] MSE Loss=69.085448 | PDE Loss=7.867777 | λ_pde=1.662e-03 | LR=1.99e-03
[2026-02-02 13:52:16][INFO] [Epoch 066] MSE Loss=38.197115 | PDE Loss=8.577791 | λ_pde=1.503e-03 | LR=1.86e-03
[2026-02-02 13:54:55][INFO] [Epoch 067] MSE Loss=34.982027 | PDE Loss=8.968861 | λ_pde=1.360e-03 | LR=1.73e-03
[2026-02-02 13:57:38][INFO] [Epoch 068] MSE Loss=35.571902 | PDE Loss=9.190825 | λ_pde=1.231e-03 | LR=1.61e-03
[2026-02-02 14:00:16][INFO] [Epoch 069] MSE Loss=33.551534 | PDE Loss=9.489872 | λ_pde=1.114e-03 | LR=1.49e-03
[2026-02-02 14:02:56][INFO] [Epoch 070] MSE Loss=32.292162 | PDE Loss=9.923892 | λ_pde=1.008e-03 | LR=1.37e-03
[2026-02-02 14:05:37][INFO] [Epoch 071] MSE Loss=32.006441 | PDE Loss=10.102331 | λ_pde=9.119e-04 | LR=1.26e-03
[2026-02-02 14:08:17][INFO] [Epoch 072] MSE Loss=30.982872 | PDE Loss=10.630188 | λ_pde=8.251e-04 | LR=1.15e-03
[2026-02-02 14:10:59][INFO] [Epoch 073] MSE Loss=30.806022 | PDE Loss=10.777936 | λ_pde=7.466e-04 | LR=1.04e-03
[2026-02-02 14:13:38][INFO] [Epoch 074] MSE Loss=29.905671 | PDE Loss=11.219766 | λ_pde=6.755e-04 | LR=9.35e-04
[2026-02-02 14:16:20][INFO] [Epoch 075] MSE Loss=29.691404 | PDE Loss=11.561746 | λ_pde=6.113e-04 | LR=8.36e-04
[2026-02-02 14:18:59][INFO] [Epoch 076] MSE Loss=29.261093 | PDE Loss=11.862072 | λ_pde=5.531e-04 | LR=7.41e-04
[2026-02-02 14:21:40][INFO] [Epoch 077] MSE Loss=29.024240 | PDE Loss=11.979869 | λ_pde=5.005e-04 | LR=6.51e-04
[2026-02-02 14:24:20][INFO] [Epoch 078] MSE Loss=28.820778 | PDE Loss=12.146573 | λ_pde=4.528e-04 | LR=5.66e-04
[2026-02-02 14:27:03][INFO] [Epoch 079] MSE Loss=28.491720 | PDE Loss=12.349134 | λ_pde=4.097e-04 | LR=4.87e-04
[2026-02-02 14:29:45][INFO] [Epoch 080] MSE Loss=28.278951 | PDE Loss=12.534055 | λ_pde=3.707e-04 | LR=4.13e-04
[2026-02-02 14:32:25][INFO] [Epoch 081] MSE Loss=27.964229 | PDE Loss=12.693596 | λ_pde=3.355e-04 | LR=3.44e-04
[2026-02-02 14:35:03][INFO] [Epoch 082] MSE Loss=27.840558 | PDE Loss=12.775920 | λ_pde=3.035e-04 | LR=2.82e-04
[2026-02-02 14:37:45][INFO] [Epoch 083] MSE Loss=27.665209 | PDE Loss=12.847787 | λ_pde=2.747e-04 | LR=2.26e-04
[2026-02-02 14:40:22][INFO] [Epoch 084] MSE Loss=27.558185 | PDE Loss=12.898338 | λ_pde=2.485e-04 | LR=1.76e-04
[2026-02-02 14:42:56][INFO] [Epoch 085] MSE Loss=27.449140 | PDE Loss=12.947028 | λ_pde=2.249e-04 | LR=1.32e-04
[2026-02-02 14:45:36][INFO] [Epoch 086] MSE Loss=27.357229 | PDE Loss=13.118652 | λ_pde=2.035e-04 | LR=9.50e-05
[2026-02-02 14:48:17][INFO] [Epoch 087] MSE Loss=27.283737 | PDE Loss=13.035640 | λ_pde=1.841e-04 | LR=6.45e-05
[2026-02-02 14:50:59][INFO] [Epoch 088] MSE Loss=27.259444 | PDE Loss=13.074676 | λ_pde=1.666e-04 | LR=4.07e-05
[2026-02-02 14:53:37][INFO] [Epoch 089] MSE Loss=27.223681 | PDE Loss=13.076326 | λ_pde=1.507e-04 | LR=2.37e-05
[2026-02-02 14:56:17][INFO] [Epoch 090] MSE Loss=27.205481 | PDE Loss=13.136853 | λ_pde=1.364e-04 | LR=1.34e-05
[2026-02-02 14:58:57][INFO] [Epoch 091] MSE Loss=1652.222055 | PDE Loss=1.531261 | λ_pde=1.234e-04 | LR=5.00e-03
[2026-02-02 15:01:36][INFO] [Epoch 092] MSE Loss=130.638078 | PDE Loss=1.068565 | λ_pde=1.117e-04 | LR=5.00e-03
[2026-02-02 15:04:18][INFO] [Epoch 093] MSE Loss=87.811046 | PDE Loss=1.246727 | λ_pde=1.010e-04 | LR=5.00e-03
[2026-02-02 15:06:56][INFO] [Epoch 094] MSE Loss=75.952051 | PDE Loss=1.307516 | λ_pde=9.142e-05 | LR=4.99e-03
[2026-02-02 15:09:34][INFO] [Epoch 095] MSE Loss=68.128220 | PDE Loss=1.615482 | λ_pde=8.272e-05 | LR=4.99e-03
[2026-02-02 15:12:13][INFO] [Epoch 096] MSE Loss=62.272883 | PDE Loss=1.973547 | λ_pde=7.485e-05 | LR=4.98e-03
[2026-02-02 15:14:56][INFO] [Epoch 097] MSE Loss=57.082061 | PDE Loss=2.311312 | λ_pde=6.773e-05 | LR=4.97e-03
[2026-02-02 15:17:37][INFO] [Epoch 098] MSE Loss=53.275930 | PDE Loss=2.541112 | λ_pde=6.128e-05 | LR=2.48e-03
[2026-02-02 15:20:15][INFO] [Epoch 099] MSE Loss=52.298432 | PDE Loss=2.763576 | λ_pde=5.545e-05 | LR=4.95e-03
[2026-02-02 15:22:54][INFO] [Epoch 100] MSE Loss=51.832585 | PDE Loss=3.245025 | λ_pde=5.017e-05 | LR=4.93e-03
[2026-02-02 15:25:32][INFO] [Epoch 101] MSE Loss=49.956373 | PDE Loss=3.589873 | λ_pde=4.540e-05 | LR=4.91e-03
[2026-02-02 15:28:12][INFO] [Epoch 102] MSE Loss=47.717104 | PDE Loss=4.056308 | λ_pde=4.108e-05 | LR=4.90e-03
[2026-02-02 15:30:53][INFO] [Epoch 103] MSE Loss=94.043688 | PDE Loss=4.652642 | λ_pde=3.717e-05 | LR=4.88e-03
[2026-02-02 15:33:33][INFO] [Epoch 104] MSE Loss=83.662973 | PDE Loss=4.745592 | λ_pde=3.363e-05 | LR=4.86e-03
[2026-02-02 15:36:12][INFO] [Epoch 105] MSE Loss=44.120566 | PDE Loss=5.152756 | λ_pde=3.043e-05 | LR=2.42e-03
[2026-02-02 15:38:53][INFO] [Epoch 106] MSE Loss=46.775801 | PDE Loss=5.510846 | λ_pde=2.754e-05 | LR=4.81e-03
[2026-02-02 15:41:33][INFO] [Epoch 107] MSE Loss=54.664000 | PDE Loss=5.885298 | λ_pde=2.492e-05 | LR=4.78e-03
[2026-02-02 15:44:10][INFO] [Epoch 108] MSE Loss=244.515950 | PDE Loss=5.543692 | λ_pde=2.254e-05 | LR=4.76e-03
[2026-02-02 15:46:49][INFO] [Epoch 109] MSE Loss=62.254660 | PDE Loss=5.853515 | λ_pde=2.040e-05 | LR=4.73e-03
[2026-02-02 15:49:30][INFO] [Epoch 110] MSE Loss=92.010547 | PDE Loss=5.957258 | λ_pde=1.846e-05 | LR=4.70e-03
[2026-02-02 15:52:11][INFO] [Epoch 111] MSE Loss=58.344175 | PDE Loss=6.365106 | λ_pde=1.670e-05 | LR=4.67e-03
[2026-02-02 15:54:50][INFO] [Epoch 112] MSE Loss=41.401871 | PDE Loss=6.636178 | λ_pde=1.511e-05 | LR=2.32e-03
[2026-02-02 15:57:29][INFO] [Epoch 113] MSE Loss=42.240448 | PDE Loss=6.955011 | λ_pde=1.367e-05 | LR=4.60e-03
[2026-02-02 16:00:08][INFO] [Epoch 114] MSE Loss=40.260431 | PDE Loss=7.413691 | λ_pde=1.237e-05 | LR=4.56e-03
[2026-02-02 16:02:46][INFO] [Epoch 115] MSE Loss=43.992407 | PDE Loss=8.018585 | λ_pde=1.120e-05 | LR=4.52e-03
[2026-02-02 16:05:28][INFO] [Epoch 116] MSE Loss=67.887300 | PDE Loss=8.840416 | λ_pde=1.013e-05 | LR=4.48e-03
[2026-02-02 16:08:11][INFO] [Epoch 117] MSE Loss=42.052873 | PDE Loss=9.422820 | λ_pde=9.166e-06 | LR=4.44e-03
[2026-02-02 16:10:52][INFO] [Epoch 118] MSE Loss=45.027919 | PDE Loss=10.097304 | λ_pde=8.294e-06 | LR=4.40e-03
[2026-02-02 16:13:30][INFO] [Epoch 119] MSE Loss=46.451349 | PDE Loss=10.923398 | λ_pde=7.505e-06 | LR=2.18e-03
[2026-02-02 16:16:08][INFO] [Epoch 120] MSE Loss=43.084665 | PDE Loss=11.289900 | λ_pde=6.790e-06 | LR=4.31e-03
[2026-02-02 16:18:46][INFO] [Epoch 121] MSE Loss=35.772284 | PDE Loss=11.805457 | λ_pde=6.144e-06 | LR=4.27e-03
[2026-02-02 16:21:26][INFO] [Epoch 122] MSE Loss=66.100097 | PDE Loss=12.557601 | λ_pde=5.560e-06 | LR=4.22e-03
[2026-02-02 16:24:14][INFO] [Epoch 123] MSE Loss=68.711878 | PDE Loss=12.935321 | λ_pde=5.030e-06 | LR=4.17e-03
[2026-02-02 16:26:54][INFO] [Epoch 124] MSE Loss=38.311240 | PDE Loss=13.420453 | λ_pde=4.552e-06 | LR=4.13e-03
[2026-02-02 16:29:36][INFO] [Epoch 125] MSE Loss=40.392836 | PDE Loss=13.978138 | λ_pde=4.119e-06 | LR=4.08e-03
[2026-02-02 16:32:19][INFO] [Epoch 126] MSE Loss=42.004432 | PDE Loss=14.213908 | λ_pde=3.727e-06 | LR=2.01e-03
[2026-02-02 16:35:26][INFO] [Epoch 127] MSE Loss=50.296974 | PDE Loss=14.546849 | λ_pde=3.372e-06 | LR=3.97e-03
[2026-02-02 16:38:36][INFO] [Epoch 128] MSE Loss=88.049608 | PDE Loss=15.043078 | λ_pde=3.051e-06 | LR=3.92e-03
[2026-02-02 16:41:44][INFO] [Epoch 129] MSE Loss=55.193899 | PDE Loss=15.699012 | λ_pde=2.761e-06 | LR=3.86e-03
[2026-02-02 16:44:51][INFO] [Epoch 130] MSE Loss=41.323248 | PDE Loss=15.929593 | λ_pde=2.498e-06 | LR=3.81e-03
[2026-02-02 16:47:29][INFO] [Epoch 131] MSE Loss=31.447232 | PDE Loss=16.493934 | λ_pde=2.260e-06 | LR=3.75e-03
[2026-02-02 16:50:08][INFO] [Epoch 132] MSE Loss=35.402781 | PDE Loss=16.486530 | λ_pde=2.045e-06 | LR=3.70e-03
[2026-02-02 16:52:53][INFO] [Epoch 133] MSE Loss=28.832796 | PDE Loss=16.813004 | λ_pde=1.851e-06 | LR=1.82e-03
[2026-02-02 16:55:39][INFO] [Epoch 134] MSE Loss=31.410612 | PDE Loss=17.292680 | λ_pde=1.674e-06 | LR=3.58e-03
[2026-02-02 16:58:23][INFO] [Epoch 135] MSE Loss=32.202943 | PDE Loss=17.709027 | λ_pde=1.515e-06 | LR=3.52e-03
[2026-02-02 17:01:04][INFO] [Epoch 136] MSE Loss=63.425842 | PDE Loss=17.510046 | λ_pde=1.371e-06 | LR=3.46e-03
[2026-02-02 17:03:51][INFO] [Epoch 137] MSE Loss=61.451938 | PDE Loss=18.014274 | λ_pde=1.240e-06 | LR=3.40e-03
[2026-02-02 17:06:34][INFO] [Epoch 138] MSE Loss=43.954961 | PDE Loss=19.262574 | λ_pde=1.122e-06 | LR=3.34e-03
[2026-02-02 17:09:17][INFO] [Epoch 139] MSE Loss=47.545452 | PDE Loss=19.176975 | λ_pde=1.016e-06 | LR=3.28e-03
[2026-02-02 17:12:30][INFO] [Epoch 140] MSE Loss=27.680267 | PDE Loss=20.290247 | λ_pde=9.190e-07 | LR=1.61e-03
[2026-02-02 17:15:44][INFO] [Epoch 141] MSE Loss=30.192420 | PDE Loss=20.086725 | λ_pde=8.315e-07 | LR=3.15e-03
[2026-02-02 17:18:56][INFO] [Epoch 142] MSE Loss=29.371910 | PDE Loss=21.023059 | λ_pde=7.524e-07 | LR=3.09e-03
[2026-02-02 17:22:07][INFO] [Epoch 143] MSE Loss=48.206816 | PDE Loss=20.671228 | λ_pde=6.808e-07 | LR=3.02e-03
[2026-02-02 17:25:15][INFO] [Epoch 144] MSE Loss=39.474978 | PDE Loss=21.494174 | λ_pde=6.160e-07 | LR=2.96e-03
[2026-02-02 17:28:24][INFO] [Epoch 145] MSE Loss=26.487298 | PDE Loss=22.492595 | λ_pde=5.574e-07 | LR=2.90e-03
[2026-02-02 17:31:21][INFO] [Epoch 146] MSE Loss=31.509572 | PDE Loss=22.746655 | λ_pde=5.043e-07 | LR=2.83e-03
[2026-02-02 17:34:03][INFO] [Epoch 147] MSE Loss=30.193197 | PDE Loss=23.242439 | λ_pde=4.564e-07 | LR=2.77e-03
[2026-02-02 17:36:48][INFO] [Epoch 148] MSE Loss=38.363607 | PDE Loss=23.579810 | λ_pde=4.129e-07 | LR=2.70e-03
[2026-02-02 17:39:31][INFO] [Epoch 149] MSE Loss=28.002416 | PDE Loss=24.320434 | λ_pde=3.736e-07 | LR=2.64e-03
[2026-02-02 17:42:10][INFO] [Epoch 150] MSE Loss=46.305477 | PDE Loss=23.474868 | λ_pde=3.381e-07 | LR=2.57e-03
[2026-02-02 17:44:49][INFO] [Epoch 151] MSE Loss=47.296593 | PDE Loss=23.590632 | λ_pde=3.059e-07 | LR=2.51e-03
[2026-02-02 17:47:32][INFO] [Epoch 152] MSE Loss=28.819463 | PDE Loss=25.816545 | λ_pde=2.768e-07 | LR=2.44e-03
[2026-02-02 17:50:13][INFO] [Epoch 153] MSE Loss=24.491757 | PDE Loss=26.557431 | λ_pde=2.505e-07 | LR=1.19e-03
[2026-02-02 17:52:52][INFO] [Epoch 154] MSE Loss=25.567183 | PDE Loss=26.773910 | λ_pde=2.266e-07 | LR=2.31e-03
[2026-02-02 17:55:31][INFO] [Epoch 155] MSE Loss=24.307012 | PDE Loss=27.196584 | λ_pde=2.051e-07 | LR=2.24e-03
[2026-02-02 17:58:45][INFO] [Epoch 156] MSE Loss=26.456379 | PDE Loss=26.960272 | λ_pde=1.855e-07 | LR=2.18e-03
[2026-02-02 18:01:54][INFO] [Epoch 157] MSE Loss=25.399763 | PDE Loss=26.865351 | λ_pde=1.679e-07 | LR=2.11e-03
[2026-02-02 18:05:09][INFO] [Epoch 158] MSE Loss=23.609287 | PDE Loss=27.635177 | λ_pde=1.519e-07 | LR=2.05e-03
[2026-02-02 18:08:20][INFO] [Epoch 159] MSE Loss=30.550297 | PDE Loss=27.003375 | λ_pde=1.375e-07 | LR=1.99e-03
[2026-02-02 18:11:29][INFO] [Epoch 160] MSE Loss=24.193766 | PDE Loss=27.676672 | λ_pde=1.244e-07 | LR=1.92e-03
[2026-02-02 18:14:42][INFO] [Epoch 161] MSE Loss=25.842711 | PDE Loss=27.861774 | λ_pde=1.125e-07 | LR=1.86e-03
[2026-02-02 18:17:54][INFO] [Epoch 162] MSE Loss=35.125115 | PDE Loss=27.060936 | λ_pde=1.018e-07 | LR=1.80e-03
[2026-02-02 18:20:46][INFO] [Epoch 163] MSE Loss=22.451663 | PDE Loss=28.285498 | λ_pde=9.214e-08 | LR=1.73e-03
[2026-02-02 18:23:29][INFO] [Epoch 164] MSE Loss=23.393567 | PDE Loss=28.207810 | λ_pde=8.337e-08 | LR=1.67e-03
[2026-02-02 18:26:12][INFO] [Epoch 165] MSE Loss=22.655753 | PDE Loss=28.519578 | λ_pde=7.543e-08 | LR=1.61e-03
[2026-02-02 18:28:53][INFO] [Epoch 166] MSE Loss=23.685695 | PDE Loss=28.688587 | λ_pde=6.826e-08 | LR=1.55e-03
[2026-02-02 18:31:33][INFO] [Epoch 167] MSE Loss=21.176260 | PDE Loss=29.227353 | λ_pde=6.176e-08 | LR=1.49e-03
[2026-02-02 18:34:13][INFO] [Epoch 168] MSE Loss=20.970166 | PDE Loss=29.405916 | λ_pde=5.588e-08 | LR=1.43e-03
[2026-02-02 18:36:51][INFO] [Epoch 169] MSE Loss=20.713991 | PDE Loss=29.270060 | λ_pde=5.057e-08 | LR=1.37e-03
[2026-02-02 18:39:34][INFO] [Epoch 170] MSE Loss=20.693136 | PDE Loss=29.384711 | λ_pde=4.575e-08 | LR=1.31e-03
[2026-02-02 18:42:16][INFO] [Epoch 171] MSE Loss=20.845389 | PDE Loss=29.858353 | λ_pde=4.140e-08 | LR=1.26e-03
[2026-02-02 18:44:54][INFO] [Epoch 172] MSE Loss=21.601641 | PDE Loss=29.762006 | λ_pde=3.746e-08 | LR=1.20e-03
[2026-02-02 18:47:34][INFO] [Epoch 173] MSE Loss=21.296763 | PDE Loss=29.888901 | λ_pde=3.389e-08 | LR=1.15e-03
[2026-02-02 18:50:12][INFO] [Epoch 174] MSE Loss=20.093784 | PDE Loss=30.348021 | λ_pde=3.067e-08 | LR=1.09e-03
[2026-02-02 18:52:54][INFO] [Epoch 175] MSE Loss=20.277423 | PDE Loss=30.850487 | λ_pde=2.775e-08 | LR=1.04e-03
[2026-02-02 18:55:30][INFO] [Epoch 176] MSE Loss=19.798676 | PDE Loss=31.053077 | λ_pde=2.511e-08 | LR=9.86e-04
[2026-02-02 18:58:09][INFO] [Epoch 177] MSE Loss=19.636619 | PDE Loss=32.361351 | λ_pde=2.272e-08 | LR=9.35e-04
[2026-02-02 19:00:51][INFO] [Epoch 178] MSE Loss=22.731377 | PDE Loss=32.550262 | λ_pde=2.056e-08 | LR=8.85e-04
[2026-02-02 19:03:30][INFO] [Epoch 179] MSE Loss=19.263455 | PDE Loss=33.412814 | λ_pde=1.860e-08 | LR=8.36e-04
[2026-02-02 19:06:14][INFO] [Epoch 180] MSE Loss=20.197722 | PDE Loss=33.596233 | λ_pde=1.683e-08 | LR=7.88e-04
[2026-02-02 19:08:52][INFO] [Epoch 181] MSE Loss=18.622115 | PDE Loss=34.320978 | λ_pde=1.523e-08 | LR=7.41e-04
[2026-02-02 19:11:32][INFO] [Epoch 182] MSE Loss=19.269944 | PDE Loss=34.560789 | λ_pde=1.378e-08 | LR=6.95e-04
[2026-02-02 19:14:12][INFO] [Epoch 183] MSE Loss=18.356056 | PDE Loss=35.497283 | λ_pde=1.247e-08 | LR=6.51e-04
[2026-02-02 19:16:53][INFO] [Epoch 184] MSE Loss=18.136024 | PDE Loss=35.721516 | λ_pde=1.128e-08 | LR=6.08e-04
[2026-02-02 19:19:35][INFO] [Epoch 185] MSE Loss=17.998460 | PDE Loss=36.196260 | λ_pde=1.021e-08 | LR=5.66e-04
[2026-02-02 19:22:16][INFO] [Epoch 186] MSE Loss=18.032186 | PDE Loss=36.657374 | λ_pde=9.237e-09 | LR=5.26e-04
[2026-02-02 19:24:55][INFO] [Epoch 187] MSE Loss=17.835401 | PDE Loss=37.447172 | λ_pde=8.358e-09 | LR=4.87e-04
[2026-02-02 19:27:34][INFO] [Epoch 188] MSE Loss=17.712376 | PDE Loss=37.316969 | λ_pde=7.563e-09 | LR=4.49e-04
[2026-02-02 19:30:13][INFO] [Epoch 189] MSE Loss=17.559365 | PDE Loss=37.876958 | λ_pde=6.843e-09 | LR=4.13e-04
[2026-02-02 19:32:54][INFO] [Epoch 190] MSE Loss=17.458927 | PDE Loss=38.130973 | λ_pde=6.192e-09 | LR=3.78e-04
[2026-02-02 19:35:35][INFO] [Epoch 191] MSE Loss=17.424792 | PDE Loss=38.590044 | λ_pde=5.603e-09 | LR=3.44e-04
[2026-02-02 19:38:14][INFO] [Epoch 192] MSE Loss=17.334221 | PDE Loss=38.791513 | λ_pde=5.070e-09 | LR=3.12e-04
[2026-02-02 19:40:52][INFO] [Epoch 193] MSE Loss=17.273588 | PDE Loss=39.192235 | λ_pde=4.587e-09 | LR=2.82e-04
[2026-02-02 19:43:29][INFO] [Epoch 194] MSE Loss=17.193406 | PDE Loss=39.573119 | λ_pde=4.151e-09 | LR=2.53e-04
[2026-02-02 19:46:08][INFO] [Epoch 195] MSE Loss=17.086328 | PDE Loss=39.831874 | λ_pde=3.756e-09 | LR=2.26e-04
[2026-02-02 19:48:46][INFO] [Epoch 196] MSE Loss=17.100437 | PDE Loss=39.995622 | λ_pde=3.398e-09 | LR=2.00e-04
[2026-02-02 19:51:22][INFO] [Epoch 197] MSE Loss=16.989838 | PDE Loss=40.529762 | λ_pde=3.075e-09 | LR=1.76e-04
[2026-02-02 19:54:00][INFO] [Epoch 198] MSE Loss=16.974529 | PDE Loss=40.485598 | λ_pde=2.782e-09 | LR=1.53e-04
[2026-02-02 19:56:37][INFO] [Epoch 199] MSE Loss=16.913769 | PDE Loss=40.878077 | λ_pde=2.517e-09 | LR=1.32e-04
[2026-02-02 19:59:16][INFO] [Epoch 200] MSE Loss=16.885756 | PDE Loss=40.827062 | λ_pde=2.278e-09 | LR=1.13e-04
[2026-02-02 20:01:51][INFO] [Epoch 201] MSE Loss=16.859029 | PDE Loss=40.975609 | λ_pde=2.061e-09 | LR=9.50e-05
[2026-02-02 20:04:31][INFO] [Epoch 202] MSE Loss=16.830885 | PDE Loss=41.305870 | λ_pde=1.865e-09 | LR=7.89e-05
[2026-02-02 20:07:10][INFO] [Epoch 203] MSE Loss=16.824354 | PDE Loss=41.393493 | λ_pde=1.688e-09 | LR=6.45e-05
[2026-02-02 20:09:51][INFO] [Epoch 204] MSE Loss=16.765558 | PDE Loss=41.402142 | λ_pde=1.527e-09 | LR=5.18e-05
[2026-02-02 20:12:33][INFO] [Epoch 205] MSE Loss=16.750148 | PDE Loss=41.514030 | λ_pde=1.382e-09 | LR=4.07e-05
[2026-02-02 20:15:09][INFO] [Epoch 206] MSE Loss=16.780494 | PDE Loss=41.668849 | λ_pde=1.250e-09 | LR=3.13e-05
[2026-02-02 20:18:07][INFO] [Epoch 207] MSE Loss=16.749718 | PDE Loss=41.640021 | λ_pde=1.131e-09 | LR=2.37e-05
[2026-02-02 20:21:19][INFO] [Epoch 208] MSE Loss=16.715383 | PDE Loss=41.694991 | λ_pde=1.024e-09 | LR=1.77e-05
[2026-02-02 20:24:30][INFO] [Epoch 209] MSE Loss=16.718154 | PDE Loss=41.633523 | λ_pde=9.261e-10 | LR=1.34e-05
[2026-02-02 20:26:49][INFO] [Epoch 210] MSE Loss=16.720374 | PDE Loss=41.832907 | λ_pde=8.380e-10 | LR=1.09e-05
[2026-02-02 20:26:49][INFO] 训练结束，模型已保存至: /data/sda/zjc/comsol_pinn/checkpoints/M04d1/exp06/M04d1_pinn.pt
[2026-02-02 20:26:49][INFO] ========== 训练结束 ==========
