[2026-01-30 16:17:41][INFO] 日志文件创建于: /data/sda/zjc/comsol_pinn/logs/M04d/exp03/train_20260130_161741_gpu3_pid2779559.log
[2026-01-30 16:17:41][INFO] 进程 PID: 2779559
[2026-01-30 16:17:41][INFO] ========== PINN 训练开始 ==========
[2026-01-30 16:17:41][INFO] 物理项权重 λ_pde = 0.5
[2026-01-30 16:17:41][INFO] 使用设备: cuda
[2026-01-30 16:17:41][INFO] 训练参数: {'lambda_pde': 0.5, 'epochs': 200, 'lr': 0.005, 'batch_cases': 1, 'lr_scheduler': 'hybrid', 'cosine_tmax': 150, 'cosine_eta_min': 1e-05, 'plateau_factor': 0.5, 'plateau_patience': 6, 'plateau_min_lr': 1e-05, 'use_pde_anneal': True, 'pde_anneal_gamma': 0.2, 'pde_lambda_min': 0.0, 'use_soft_mask': False, 'mask_alpha': 40.0, 'mask_temp_ratio': 0.7, 'points_per_case': 320000, 'device': 'cuda', 'num_workers': 8, 'log_dir': 'logs/M04d/exp03', 'ckpt_dir': 'checkpoints/M04d/exp03'}
[2026-01-30 16:17:41][INFO] 数据集大小: 141 cases
[2026-01-30 16:17:41][INFO] 每 case 采样点数: 320000
[2026-01-30 16:17:41][INFO] 模型结构:
SimplePINN(
  (net): Sequential(
    (0): Linear(in_features=7, out_features=128, bias=True)
    (1): SiLU()
    (2): Linear(in_features=128, out_features=128, bias=True)
    (3): SiLU()
    (4): Linear(in_features=128, out_features=1, bias=True)
  )
)
[2026-01-30 16:17:41][INFO] 优化器: AdamW, 初始 lr=0.005, 学习率调度器: hybrid
[2026-01-30 16:20:25][INFO] [Epoch 001] MSE Loss=22650.068445 | PDE Loss=8.566418 | λ_pde=5.000e-01 | LR=5.00e-03
[2026-01-30 16:23:07][INFO] [Epoch 002] MSE Loss=919.763189 | PDE Loss=6.493410 | λ_pde=4.094e-01 | LR=5.00e-03
[2026-01-30 16:25:47][INFO] [Epoch 003] MSE Loss=839.541075 | PDE Loss=3.760521 | λ_pde=3.352e-01 | LR=5.00e-03
[2026-01-30 16:28:30][INFO] [Epoch 004] MSE Loss=805.889683 | PDE Loss=5.355434 | λ_pde=2.744e-01 | LR=5.00e-03
[2026-01-30 16:31:11][INFO] [Epoch 005] MSE Loss=808.436653 | PDE Loss=8.538943 | λ_pde=2.247e-01 | LR=4.99e-03
[2026-01-30 16:33:53][INFO] [Epoch 006] MSE Loss=832.147417 | PDE Loss=12.015209 | λ_pde=1.839e-01 | LR=4.99e-03
[2026-01-30 16:36:35][INFO] [Epoch 007] MSE Loss=831.308388 | PDE Loss=15.815333 | λ_pde=1.506e-01 | LR=4.98e-03
[2026-01-30 16:39:16][INFO] [Epoch 008] MSE Loss=767.851106 | PDE Loss=22.311506 | λ_pde=1.233e-01 | LR=4.97e-03
[2026-01-30 16:41:59][INFO] [Epoch 009] MSE Loss=783.806401 | PDE Loss=26.002864 | λ_pde=1.009e-01 | LR=4.97e-03
[2026-01-30 16:44:41][INFO] [Epoch 010] MSE Loss=804.830048 | PDE Loss=32.164366 | λ_pde=8.265e-02 | LR=4.96e-03
[2026-01-30 16:47:21][INFO] [Epoch 011] MSE Loss=835.261476 | PDE Loss=38.051597 | λ_pde=6.767e-02 | LR=4.95e-03
[2026-01-30 16:50:07][INFO] [Epoch 012] MSE Loss=839.178919 | PDE Loss=42.469890 | λ_pde=5.540e-02 | LR=4.93e-03
[2026-01-30 16:52:47][INFO] [Epoch 013] MSE Loss=755.020005 | PDE Loss=53.453365 | λ_pde=4.536e-02 | LR=4.92e-03
[2026-01-30 16:55:30][INFO] [Epoch 014] MSE Loss=784.245020 | PDE Loss=60.704510 | λ_pde=3.714e-02 | LR=4.91e-03
[2026-01-30 16:58:14][INFO] [Epoch 015] MSE Loss=740.711460 | PDE Loss=64.853529 | λ_pde=3.041e-02 | LR=4.89e-03
[2026-01-30 17:00:56][INFO] [Epoch 016] MSE Loss=740.284291 | PDE Loss=77.443346 | λ_pde=2.489e-02 | LR=4.88e-03
[2026-01-30 17:03:36][INFO] [Epoch 017] MSE Loss=760.929344 | PDE Loss=82.386307 | λ_pde=2.038e-02 | LR=4.86e-03
[2026-01-30 17:06:18][INFO] [Epoch 018] MSE Loss=777.703066 | PDE Loss=100.017518 | λ_pde=1.669e-02 | LR=4.84e-03
[2026-01-30 17:09:03][INFO] [Epoch 019] MSE Loss=762.526239 | PDE Loss=113.207412 | λ_pde=1.366e-02 | LR=4.82e-03
[2026-01-30 17:11:42][INFO] [Epoch 020] MSE Loss=758.018672 | PDE Loss=127.854994 | λ_pde=1.119e-02 | LR=4.81e-03
[2026-01-30 17:14:26][INFO] [Epoch 021] MSE Loss=749.738874 | PDE Loss=150.448460 | λ_pde=9.158e-03 | LR=4.78e-03
[2026-01-30 17:17:06][INFO] [Epoch 022] MSE Loss=730.541285 | PDE Loss=180.438580 | λ_pde=7.498e-03 | LR=4.76e-03
[2026-01-30 17:19:43][INFO] [Epoch 023] MSE Loss=692.264407 | PDE Loss=203.648087 | λ_pde=6.139e-03 | LR=4.74e-03
[2026-01-30 17:22:25][INFO] [Epoch 024] MSE Loss=681.348475 | PDE Loss=250.158307 | λ_pde=5.026e-03 | LR=4.72e-03
[2026-01-30 17:25:05][INFO] [Epoch 025] MSE Loss=736.185169 | PDE Loss=296.844431 | λ_pde=4.115e-03 | LR=4.69e-03
[2026-01-30 17:27:44][INFO] [Epoch 026] MSE Loss=686.900475 | PDE Loss=404.432560 | λ_pde=3.369e-03 | LR=4.67e-03
[2026-01-30 17:30:25][INFO] [Epoch 027] MSE Loss=667.354751 | PDE Loss=425.614593 | λ_pde=2.758e-03 | LR=4.64e-03
[2026-01-30 17:33:06][INFO] [Epoch 028] MSE Loss=644.792195 | PDE Loss=518.349279 | λ_pde=2.258e-03 | LR=4.61e-03
[2026-01-30 17:35:46][INFO] [Epoch 029] MSE Loss=702.434688 | PDE Loss=548.141804 | λ_pde=1.849e-03 | LR=4.58e-03
[2026-01-30 17:38:26][INFO] [Epoch 030] MSE Loss=669.568230 | PDE Loss=637.188141 | λ_pde=1.514e-03 | LR=4.55e-03
[2026-01-30 17:41:23][INFO] [Epoch 031] MSE Loss=716.445244 | PDE Loss=651.083303 | λ_pde=1.239e-03 | LR=4.52e-03
[2026-01-30 17:44:51][INFO] [Epoch 032] MSE Loss=645.825313 | PDE Loss=748.907590 | λ_pde=1.015e-03 | LR=4.49e-03
[2026-01-30 17:48:23][INFO] [Epoch 033] MSE Loss=636.019480 | PDE Loss=864.256877 | λ_pde=8.308e-04 | LR=4.46e-03
[2026-01-30 17:51:54][INFO] [Epoch 034] MSE Loss=680.092657 | PDE Loss=858.615878 | λ_pde=6.802e-04 | LR=4.43e-03
[2026-01-30 17:55:24][INFO] [Epoch 035] MSE Loss=608.607224 | PDE Loss=1124.014495 | λ_pde=5.569e-04 | LR=4.39e-03
[2026-01-30 17:58:50][INFO] [Epoch 036] MSE Loss=656.687369 | PDE Loss=1297.576333 | λ_pde=4.559e-04 | LR=4.36e-03
[2026-01-30 18:02:20][INFO] [Epoch 037] MSE Loss=650.368082 | PDE Loss=1248.109318 | λ_pde=3.733e-04 | LR=4.32e-03
[2026-01-30 18:05:49][INFO] [Epoch 038] MSE Loss=658.784421 | PDE Loss=1230.690031 | λ_pde=3.056e-04 | LR=4.29e-03
[2026-01-30 18:09:20][INFO] [Epoch 039] MSE Loss=636.634263 | PDE Loss=1573.682818 | λ_pde=2.502e-04 | LR=4.25e-03
[2026-01-30 18:12:49][INFO] [Epoch 040] MSE Loss=606.873676 | PDE Loss=1765.876996 | λ_pde=2.049e-04 | LR=4.21e-03
[2026-01-30 18:16:22][INFO] [Epoch 041] MSE Loss=577.283884 | PDE Loss=2460.986505 | λ_pde=1.677e-04 | LR=4.17e-03
[2026-01-30 18:19:50][INFO] [Epoch 042] MSE Loss=625.588945 | PDE Loss=2972.588046 | λ_pde=1.373e-04 | LR=4.14e-03
[2026-01-30 18:23:21][INFO] [Epoch 043] MSE Loss=604.616252 | PDE Loss=3524.299313 | λ_pde=1.124e-04 | LR=4.10e-03
[2026-01-30 18:26:54][INFO] [Epoch 044] MSE Loss=586.401087 | PDE Loss=4388.379588 | λ_pde=9.205e-05 | LR=4.05e-03
[2026-01-30 18:30:23][INFO] [Epoch 045] MSE Loss=586.634311 | PDE Loss=5576.307119 | λ_pde=7.537e-05 | LR=4.01e-03
[2026-01-30 18:33:49][INFO] [Epoch 046] MSE Loss=599.972044 | PDE Loss=6714.493462 | λ_pde=6.170e-05 | LR=3.97e-03
[2026-01-30 18:37:18][INFO] [Epoch 047] MSE Loss=544.536285 | PDE Loss=8315.867215 | λ_pde=5.052e-05 | LR=3.93e-03
[2026-01-30 18:40:47][INFO] [Epoch 048] MSE Loss=535.157639 | PDE Loss=9080.532698 | λ_pde=4.136e-05 | LR=3.89e-03
[2026-01-30 18:44:17][INFO] [Epoch 049] MSE Loss=537.879482 | PDE Loss=11196.791999 | λ_pde=3.386e-05 | LR=3.84e-03
[2026-01-30 18:47:46][INFO] [Epoch 050] MSE Loss=532.072146 | PDE Loss=13013.630416 | λ_pde=2.773e-05 | LR=3.80e-03
[2026-01-30 18:51:16][INFO] [Epoch 051] MSE Loss=527.072008 | PDE Loss=14530.623781 | λ_pde=2.270e-05 | LR=3.75e-03
[2026-01-30 18:54:43][INFO] [Epoch 052] MSE Loss=573.462391 | PDE Loss=16389.466451 | λ_pde=1.859e-05 | LR=3.71e-03
[2026-01-30 18:58:11][INFO] [Epoch 053] MSE Loss=534.258196 | PDE Loss=17779.792082 | λ_pde=1.522e-05 | LR=3.66e-03
[2026-01-30 19:01:43][INFO] [Epoch 054] MSE Loss=515.825300 | PDE Loss=20143.951033 | λ_pde=1.246e-05 | LR=3.61e-03
[2026-01-30 19:05:12][INFO] [Epoch 055] MSE Loss=515.310101 | PDE Loss=23249.050615 | λ_pde=1.020e-05 | LR=3.57e-03
[2026-01-30 19:08:43][INFO] [Epoch 056] MSE Loss=527.945814 | PDE Loss=24631.968473 | λ_pde=8.351e-06 | LR=3.52e-03
[2026-01-30 19:12:16][INFO] [Epoch 057] MSE Loss=502.328082 | PDE Loss=27103.080452 | λ_pde=6.837e-06 | LR=3.47e-03
[2026-01-30 19:15:45][INFO] [Epoch 058] MSE Loss=484.432263 | PDE Loss=29548.136248 | λ_pde=5.598e-06 | LR=3.42e-03
[2026-01-30 19:19:17][INFO] [Epoch 059] MSE Loss=512.514981 | PDE Loss=32002.756510 | λ_pde=4.583e-06 | LR=3.37e-03
[2026-01-30 19:22:47][INFO] [Epoch 060] MSE Loss=517.612829 | PDE Loss=34601.833195 | λ_pde=3.752e-06 | LR=3.33e-03
[2026-01-30 19:26:21][INFO] [Epoch 061] MSE Loss=501.194733 | PDE Loss=35789.041584 | λ_pde=3.072e-06 | LR=3.28e-03
[2026-01-30 19:29:51][INFO] [Epoch 062] MSE Loss=539.607282 | PDE Loss=41661.634170 | λ_pde=2.515e-06 | LR=3.23e-03
[2026-01-30 19:33:22][INFO] [Epoch 063] MSE Loss=478.253989 | PDE Loss=38843.872091 | λ_pde=2.059e-06 | LR=3.18e-03
[2026-01-30 19:36:51][INFO] [Epoch 064] MSE Loss=475.372792 | PDE Loss=42321.342808 | λ_pde=1.686e-06 | LR=3.13e-03
[2026-01-30 19:40:23][INFO] [Epoch 065] MSE Loss=495.034290 | PDE Loss=44939.452128 | λ_pde=1.380e-06 | LR=3.07e-03
[2026-01-30 19:43:56][INFO] [Epoch 066] MSE Loss=521.847354 | PDE Loss=47879.422318 | λ_pde=1.130e-06 | LR=3.02e-03
[2026-01-30 19:47:24][INFO] [Epoch 067] MSE Loss=476.734344 | PDE Loss=49991.040725 | λ_pde=9.253e-07 | LR=2.97e-03
[2026-01-30 19:50:58][INFO] [Epoch 068] MSE Loss=448.279146 | PDE Loss=52487.504654 | λ_pde=7.576e-07 | LR=2.92e-03
[2026-01-30 19:54:24][INFO] [Epoch 069] MSE Loss=465.930325 | PDE Loss=55385.714705 | λ_pde=6.202e-07 | LR=2.87e-03
[2026-01-30 19:57:52][INFO] [Epoch 070] MSE Loss=456.424619 | PDE Loss=57701.203901 | λ_pde=5.078e-07 | LR=2.82e-03
[2026-01-30 20:01:24][INFO] [Epoch 071] MSE Loss=477.105275 | PDE Loss=59968.917276 | λ_pde=4.158e-07 | LR=2.77e-03
[2026-01-30 20:04:52][INFO] [Epoch 072] MSE Loss=474.838534 | PDE Loss=63372.766789 | λ_pde=3.404e-07 | LR=2.71e-03
[2026-01-30 20:08:25][INFO] [Epoch 073] MSE Loss=469.329543 | PDE Loss=66429.532912 | λ_pde=2.787e-07 | LR=2.66e-03
[2026-01-30 20:11:57][INFO] [Epoch 074] MSE Loss=473.120465 | PDE Loss=66416.569426 | λ_pde=2.282e-07 | LR=2.61e-03
[2026-01-30 20:15:25][INFO] [Epoch 075] MSE Loss=445.676835 | PDE Loss=70563.925089 | λ_pde=1.868e-07 | LR=2.56e-03
[2026-01-30 20:18:54][INFO] [Epoch 076] MSE Loss=454.646105 | PDE Loss=71450.680352 | λ_pde=1.530e-07 | LR=2.50e-03
[2026-01-30 20:22:22][INFO] [Epoch 077] MSE Loss=439.450108 | PDE Loss=73686.567154 | λ_pde=1.252e-07 | LR=2.45e-03
[2026-01-30 20:25:53][INFO] [Epoch 078] MSE Loss=449.746717 | PDE Loss=76461.537844 | λ_pde=1.025e-07 | LR=2.40e-03
[2026-01-30 20:29:22][INFO] [Epoch 079] MSE Loss=434.586432 | PDE Loss=75365.247728 | λ_pde=8.394e-08 | LR=2.35e-03
[2026-01-30 20:32:53][INFO] [Epoch 080] MSE Loss=451.236861 | PDE Loss=77854.297263 | λ_pde=6.873e-08 | LR=2.30e-03
[2026-01-30 20:36:23][INFO] [Epoch 081] MSE Loss=449.773684 | PDE Loss=77378.743462 | λ_pde=5.627e-08 | LR=2.24e-03
[2026-01-30 20:39:56][INFO] [Epoch 082] MSE Loss=427.883079 | PDE Loss=79407.109098 | λ_pde=4.607e-08 | LR=2.19e-03
[2026-01-30 20:43:26][INFO] [Epoch 083] MSE Loss=455.501273 | PDE Loss=83044.212101 | λ_pde=3.772e-08 | LR=2.14e-03
[2026-01-30 20:46:54][INFO] [Epoch 084] MSE Loss=438.637854 | PDE Loss=82360.258200 | λ_pde=3.088e-08 | LR=2.09e-03
[2026-01-30 20:50:23][INFO] [Epoch 085] MSE Loss=462.602070 | PDE Loss=83389.022939 | λ_pde=2.528e-08 | LR=2.04e-03
[2026-01-30 20:53:55][INFO] [Epoch 086] MSE Loss=438.889551 | PDE Loss=82908.571033 | λ_pde=2.070e-08 | LR=1.99e-03
[2026-01-30 20:57:30][INFO] [Epoch 087] MSE Loss=447.496181 | PDE Loss=85041.422540 | λ_pde=1.695e-08 | LR=1.94e-03
[2026-01-30 21:01:00][INFO] [Epoch 088] MSE Loss=428.893607 | PDE Loss=86169.066600 | λ_pde=1.388e-08 | LR=1.88e-03
[2026-01-30 21:04:28][INFO] [Epoch 089] MSE Loss=424.327485 | PDE Loss=86797.511414 | λ_pde=1.136e-08 | LR=1.83e-03
[2026-01-30 21:07:59][INFO] [Epoch 090] MSE Loss=437.631661 | PDE Loss=86474.841977 | λ_pde=9.301e-09 | LR=1.78e-03
[2026-01-30 21:11:25][INFO] [Epoch 091] MSE Loss=476.367382 | PDE Loss=87017.921875 | λ_pde=7.615e-09 | LR=1.73e-03
[2026-01-30 21:14:55][INFO] [Epoch 092] MSE Loss=428.795503 | PDE Loss=89227.676751 | λ_pde=6.235e-09 | LR=1.68e-03
[2026-01-30 21:18:23][INFO] [Epoch 093] MSE Loss=432.051993 | PDE Loss=88231.540226 | λ_pde=5.104e-09 | LR=1.64e-03
[2026-01-30 21:21:53][INFO] [Epoch 094] MSE Loss=415.331367 | PDE Loss=88926.008090 | λ_pde=4.179e-09 | LR=1.59e-03
[2026-01-30 21:25:23][INFO] [Epoch 095] MSE Loss=439.136835 | PDE Loss=89756.224845 | λ_pde=3.422e-09 | LR=1.54e-03
[2026-01-30 21:28:53][INFO] [Epoch 096] MSE Loss=418.780532 | PDE Loss=91394.521609 | λ_pde=2.801e-09 | LR=1.49e-03
[2026-01-30 21:32:22][INFO] [Epoch 097] MSE Loss=411.452275 | PDE Loss=89692.032801 | λ_pde=2.294e-09 | LR=1.44e-03
[2026-01-30 21:35:49][INFO] [Epoch 098] MSE Loss=405.558237 | PDE Loss=91154.764074 | λ_pde=1.878e-09 | LR=1.40e-03
[2026-01-30 21:39:19][INFO] [Epoch 099] MSE Loss=435.897590 | PDE Loss=91486.963098 | λ_pde=1.537e-09 | LR=1.35e-03
[2026-01-30 21:42:50][INFO] [Epoch 100] MSE Loss=415.090775 | PDE Loss=92220.399047 | λ_pde=1.259e-09 | LR=1.30e-03
[2026-01-30 21:46:17][INFO] [Epoch 101] MSE Loss=416.607391 | PDE Loss=92565.968750 | λ_pde=1.031e-09 | LR=1.26e-03
[2026-01-30 21:49:49][INFO] [Epoch 102] MSE Loss=433.643156 | PDE Loss=92460.288564 | λ_pde=8.438e-10 | LR=1.21e-03
[2026-01-30 21:53:19][INFO] [Epoch 103] MSE Loss=411.758106 | PDE Loss=92614.178856 | λ_pde=6.908e-10 | LR=1.17e-03
[2026-01-30 21:56:51][INFO] [Epoch 104] MSE Loss=417.957689 | PDE Loss=93750.724512 | λ_pde=5.656e-10 | LR=1.12e-03
[2026-01-30 22:00:20][INFO] [Epoch 105] MSE Loss=414.934482 | PDE Loss=93497.269725 | λ_pde=4.631e-10 | LR=1.08e-03
[2026-01-30 22:03:53][INFO] [Epoch 106] MSE Loss=399.441702 | PDE Loss=93435.281361 | λ_pde=3.791e-10 | LR=5.19e-04
[2026-01-30 22:07:22][INFO] [Epoch 107] MSE Loss=398.222721 | PDE Loss=94267.921210 | λ_pde=3.104e-10 | LR=4.98e-04
[2026-01-30 22:10:54][INFO] [Epoch 108] MSE Loss=403.021391 | PDE Loss=93848.984153 | λ_pde=2.541e-10 | LR=4.78e-04
[2026-01-30 22:14:24][INFO] [Epoch 109] MSE Loss=404.532411 | PDE Loss=95228.520168 | λ_pde=2.081e-10 | LR=4.58e-04
[2026-01-30 22:17:59][INFO] [Epoch 110] MSE Loss=403.943657 | PDE Loss=94526.537012 | λ_pde=1.704e-10 | LR=4.38e-04
[2026-01-30 22:21:29][INFO] [Epoch 111] MSE Loss=395.258053 | PDE Loss=94680.917221 | λ_pde=1.395e-10 | LR=4.19e-04
[2026-01-30 22:25:00][INFO] [Epoch 112] MSE Loss=393.013752 | PDE Loss=95177.579344 | λ_pde=1.142e-10 | LR=4.00e-04
[2026-01-30 22:28:31][INFO] [Epoch 113] MSE Loss=395.248506 | PDE Loss=94799.143395 | λ_pde=9.349e-11 | LR=3.81e-04
[2026-01-30 22:32:01][INFO] [Epoch 114] MSE Loss=386.052217 | PDE Loss=94847.918551 | λ_pde=7.654e-11 | LR=3.63e-04
[2026-01-30 22:35:29][INFO] [Epoch 115] MSE Loss=396.250420 | PDE Loss=95618.962101 | λ_pde=6.267e-11 | LR=3.45e-04
[2026-01-30 22:39:01][INFO] [Epoch 116] MSE Loss=389.272451 | PDE Loss=96135.340315 | λ_pde=5.131e-11 | LR=3.27e-04
[2026-01-30 22:42:31][INFO] [Epoch 117] MSE Loss=395.841998 | PDE Loss=95643.758865 | λ_pde=4.201e-11 | LR=3.10e-04
[2026-01-30 22:46:00][INFO] [Epoch 118] MSE Loss=393.096460 | PDE Loss=95781.022496 | λ_pde=3.439e-11 | LR=2.94e-04
[2026-01-30 22:49:34][INFO] [Epoch 119] MSE Loss=391.660987 | PDE Loss=95870.457779 | λ_pde=2.816e-11 | LR=2.77e-04
[2026-01-30 22:53:02][INFO] [Epoch 120] MSE Loss=395.096510 | PDE Loss=96032.923205 | λ_pde=2.305e-11 | LR=2.61e-04
[2026-01-30 22:56:33][INFO] [Epoch 121] MSE Loss=397.197894 | PDE Loss=96144.985151 | λ_pde=1.888e-11 | LR=2.46e-04
[2026-01-30 23:00:05][INFO] [Epoch 122] MSE Loss=392.113691 | PDE Loss=96313.696033 | λ_pde=1.545e-11 | LR=1.15e-04
[2026-01-30 23:03:37][INFO] [Epoch 123] MSE Loss=389.034083 | PDE Loss=96456.577793 | λ_pde=1.265e-11 | LR=1.09e-04
[2026-01-30 23:07:07][INFO] [Epoch 124] MSE Loss=389.743227 | PDE Loss=96503.190049 | λ_pde=1.036e-11 | LR=1.02e-04
[2026-01-30 23:10:42][INFO] [Epoch 125] MSE Loss=387.791954 | PDE Loss=96624.189938 | λ_pde=8.481e-12 | LR=9.53e-05
[2026-01-30 23:14:10][INFO] [Epoch 126] MSE Loss=389.852854 | PDE Loss=96738.659464 | λ_pde=6.944e-12 | LR=8.90e-05
[2026-01-30 23:17:41][INFO] [Epoch 127] MSE Loss=387.778427 | PDE Loss=96897.023382 | λ_pde=5.685e-12 | LR=8.29e-05
[2026-01-30 23:21:11][INFO] [Epoch 128] MSE Loss=387.920553 | PDE Loss=96647.711547 | λ_pde=4.655e-12 | LR=7.71e-05
[2026-01-30 23:24:42][INFO] [Epoch 129] MSE Loss=387.410501 | PDE Loss=96663.428967 | λ_pde=3.811e-12 | LR=3.58e-05
[2026-01-30 23:28:08][INFO] [Epoch 130] MSE Loss=386.956704 | PDE Loss=96668.457114 | λ_pde=3.120e-12 | LR=3.35e-05
[2026-01-30 23:31:38][INFO] [Epoch 131] MSE Loss=386.639536 | PDE Loss=96873.707447 | λ_pde=2.555e-12 | LR=3.13e-05
[2026-01-30 23:35:09][INFO] [Epoch 132] MSE Loss=386.613313 | PDE Loss=96764.698692 | λ_pde=2.091e-12 | LR=2.93e-05
[2026-01-30 23:38:41][INFO] [Epoch 133] MSE Loss=386.900288 | PDE Loss=96718.510306 | λ_pde=1.712e-12 | LR=2.73e-05
[2026-01-30 23:42:09][INFO] [Epoch 134] MSE Loss=386.620917 | PDE Loss=97062.492243 | λ_pde=1.402e-12 | LR=2.55e-05
[2026-01-30 23:45:38][INFO] [Epoch 135] MSE Loss=386.313686 | PDE Loss=96963.472739 | λ_pde=1.148e-12 | LR=2.37e-05
[2026-01-30 23:49:11][INFO] [Epoch 136] MSE Loss=386.117956 | PDE Loss=96749.869792 | λ_pde=9.398e-13 | LR=1.10e-05
[2026-01-30 23:52:41][INFO] [Epoch 137] MSE Loss=386.362642 | PDE Loss=96940.502216 | λ_pde=7.694e-13 | LR=1.09e-05
[2026-01-30 23:56:09][INFO] [Epoch 138] MSE Loss=386.192439 | PDE Loss=96796.410683 | λ_pde=6.299e-13 | LR=1.08e-05
[2026-01-30 23:59:40][INFO] [Epoch 139] MSE Loss=386.304020 | PDE Loss=96819.749778 | λ_pde=5.158e-13 | LR=1.07e-05
[2026-01-31 00:03:10][INFO] [Epoch 140] MSE Loss=385.893410 | PDE Loss=96668.409020 | λ_pde=4.223e-13 | LR=1.06e-05
[2026-01-31 00:06:39][INFO] [Epoch 141] MSE Loss=386.177566 | PDE Loss=96685.208223 | λ_pde=3.457e-13 | LR=1.05e-05
[2026-01-31 00:10:07][INFO] [Epoch 142] MSE Loss=385.993355 | PDE Loss=96662.277704 | λ_pde=2.831e-13 | LR=1.04e-05
[2026-01-31 00:13:39][INFO] [Epoch 143] MSE Loss=386.404760 | PDE Loss=96902.992686 | λ_pde=2.317e-13 | LR=1.03e-05
[2026-01-31 00:17:09][INFO] [Epoch 144] MSE Loss=386.162390 | PDE Loss=96856.817708 | λ_pde=1.897e-13 | LR=1.02e-05
[2026-01-31 00:20:38][INFO] [Epoch 145] MSE Loss=386.266528 | PDE Loss=96960.361591 | λ_pde=1.553e-13 | LR=1.02e-05
[2026-01-31 00:24:14][INFO] [Epoch 146] MSE Loss=386.109939 | PDE Loss=96833.759530 | λ_pde=1.272e-13 | LR=1.01e-05
[2026-01-31 00:27:49][INFO] [Epoch 147] MSE Loss=386.038177 | PDE Loss=96975.038010 | λ_pde=1.041e-13 | LR=1.01e-05
[2026-01-31 00:31:18][INFO] [Epoch 148] MSE Loss=385.988077 | PDE Loss=97103.570590 | λ_pde=8.525e-14 | LR=1.00e-05
[2026-01-31 00:34:48][INFO] [Epoch 149] MSE Loss=386.028109 | PDE Loss=96712.167775 | λ_pde=6.980e-14 | LR=1.00e-05
[2026-01-31 00:38:18][INFO] [Epoch 150] MSE Loss=385.934264 | PDE Loss=96842.453014 | λ_pde=5.715e-14 | LR=1.00e-05
[2026-01-31 00:41:47][INFO] [Epoch 151] MSE Loss=386.354666 | PDE Loss=96999.512633 | λ_pde=4.679e-14 | LR=1.00e-05
[2026-01-31 00:45:19][INFO] [Epoch 152] MSE Loss=386.072366 | PDE Loss=96779.810838 | λ_pde=3.831e-14 | LR=1.05e-05
[2026-01-31 00:48:52][INFO] [Epoch 153] MSE Loss=386.127018 | PDE Loss=96802.851175 | λ_pde=3.136e-14 | LR=1.22e-05
[2026-01-31 00:52:17][INFO] [Epoch 154] MSE Loss=386.089948 | PDE Loss=96901.753214 | λ_pde=2.568e-14 | LR=1.49e-05
[2026-01-31 00:55:52][INFO] [Epoch 155] MSE Loss=386.097792 | PDE Loss=96741.571587 | λ_pde=2.102e-14 | LR=1.00e-05
[2026-01-31 00:59:21][INFO] [Epoch 156] MSE Loss=386.257168 | PDE Loss=97205.310173 | λ_pde=1.721e-14 | LR=1.00e-05
[2026-01-31 01:02:52][INFO] [Epoch 157] MSE Loss=386.083881 | PDE Loss=96783.471299 | λ_pde=1.409e-14 | LR=1.00e-05
[2026-01-31 01:06:23][INFO] [Epoch 158] MSE Loss=386.112211 | PDE Loss=96790.820035 | λ_pde=1.154e-14 | LR=1.00e-05
[2026-01-31 01:09:54][INFO] [Epoch 159] MSE Loss=385.860639 | PDE Loss=96788.832558 | λ_pde=9.446e-15 | LR=1.00e-05
[2026-01-31 01:13:24][INFO] [Epoch 160] MSE Loss=385.985925 | PDE Loss=96898.118794 | λ_pde=7.734e-15 | LR=1.00e-05
[2026-01-31 01:16:54][INFO] [Epoch 161] MSE Loss=386.132632 | PDE Loss=97063.738475 | λ_pde=6.332e-15 | LR=1.00e-05
[2026-01-31 01:20:29][INFO] [Epoch 162] MSE Loss=386.158144 | PDE Loss=97015.355275 | λ_pde=5.184e-15 | LR=1.00e-05
[2026-01-31 01:24:01][INFO] [Epoch 163] MSE Loss=386.151257 | PDE Loss=97014.218639 | λ_pde=4.245e-15 | LR=1.00e-05
[2026-01-31 01:27:30][INFO] [Epoch 164] MSE Loss=386.063843 | PDE Loss=96906.910129 | λ_pde=3.475e-15 | LR=1.00e-05
[2026-01-31 01:30:59][INFO] [Epoch 165] MSE Loss=386.025551 | PDE Loss=97162.737921 | λ_pde=2.845e-15 | LR=1.00e-05
[2026-01-31 01:34:28][INFO] [Epoch 166] MSE Loss=385.856297 | PDE Loss=96863.324357 | λ_pde=2.329e-15 | LR=1.00e-05
[2026-01-31 01:38:01][INFO] [Epoch 167] MSE Loss=385.887906 | PDE Loss=96984.624889 | λ_pde=1.907e-15 | LR=1.00e-05
[2026-01-31 01:41:29][INFO] [Epoch 168] MSE Loss=385.957571 | PDE Loss=96886.561835 | λ_pde=1.561e-15 | LR=1.00e-05
[2026-01-31 01:44:59][INFO] [Epoch 169] MSE Loss=386.084959 | PDE Loss=97183.154477 | λ_pde=1.278e-15 | LR=1.00e-05
[2026-01-31 01:48:24][INFO] [Epoch 170] MSE Loss=385.959630 | PDE Loss=96650.359597 | λ_pde=1.047e-15 | LR=1.00e-05
[2026-01-31 01:51:53][INFO] [Epoch 171] MSE Loss=386.020432 | PDE Loss=97117.038231 | λ_pde=8.570e-16 | LR=1.00e-05
[2026-01-31 01:55:22][INFO] [Epoch 172] MSE Loss=385.834357 | PDE Loss=96883.226175 | λ_pde=7.016e-16 | LR=1.00e-05
[2026-01-31 01:58:52][INFO] [Epoch 173] MSE Loss=386.183258 | PDE Loss=96950.769171 | λ_pde=5.744e-16 | LR=1.00e-05
[2026-01-31 02:02:21][INFO] [Epoch 174] MSE Loss=386.141403 | PDE Loss=97314.318816 | λ_pde=4.703e-16 | LR=1.00e-05
[2026-01-31 02:05:52][INFO] [Epoch 175] MSE Loss=385.889003 | PDE Loss=96988.271941 | λ_pde=3.851e-16 | LR=1.00e-05
[2026-01-31 02:09:27][INFO] [Epoch 176] MSE Loss=385.905947 | PDE Loss=97089.700022 | λ_pde=3.153e-16 | LR=1.00e-05
[2026-01-31 02:12:56][INFO] [Epoch 177] MSE Loss=385.922575 | PDE Loss=97208.976396 | λ_pde=2.581e-16 | LR=1.00e-05
[2026-01-31 02:16:26][INFO] [Epoch 178] MSE Loss=386.092032 | PDE Loss=97081.184286 | λ_pde=2.113e-16 | LR=1.00e-05
[2026-01-31 02:19:59][INFO] [Epoch 179] MSE Loss=385.812283 | PDE Loss=97012.766068 | λ_pde=1.730e-16 | LR=1.00e-05
[2026-01-31 02:23:27][INFO] [Epoch 180] MSE Loss=386.114645 | PDE Loss=97016.413675 | λ_pde=1.417e-16 | LR=1.00e-05
[2026-01-31 02:26:57][INFO] [Epoch 181] MSE Loss=385.853310 | PDE Loss=97480.636636 | λ_pde=1.160e-16 | LR=1.00e-05
[2026-01-31 02:30:28][INFO] [Epoch 182] MSE Loss=385.830205 | PDE Loss=97090.988697 | λ_pde=9.495e-17 | LR=1.00e-05
[2026-01-31 02:33:57][INFO] [Epoch 183] MSE Loss=386.093172 | PDE Loss=96951.996786 | λ_pde=7.774e-17 | LR=1.00e-05
[2026-01-31 02:37:30][INFO] [Epoch 184] MSE Loss=385.980968 | PDE Loss=97085.191822 | λ_pde=6.365e-17 | LR=1.00e-05
[2026-01-31 02:41:01][INFO] [Epoch 185] MSE Loss=386.056343 | PDE Loss=97239.735483 | λ_pde=5.211e-17 | LR=1.00e-05
[2026-01-31 02:44:31][INFO] [Epoch 186] MSE Loss=386.032512 | PDE Loss=97098.727504 | λ_pde=4.267e-17 | LR=1.00e-05
[2026-01-31 02:48:04][INFO] [Epoch 187] MSE Loss=385.939076 | PDE Loss=97319.562611 | λ_pde=3.493e-17 | LR=1.00e-05
[2026-01-31 02:51:38][INFO] [Epoch 188] MSE Loss=385.930063 | PDE Loss=97185.036237 | λ_pde=2.860e-17 | LR=1.00e-05
[2026-01-31 02:55:02][INFO] [Epoch 189] MSE Loss=386.184925 | PDE Loss=97109.874778 | λ_pde=2.342e-17 | LR=1.00e-05
[2026-01-31 02:58:32][INFO] [Epoch 190] MSE Loss=385.747549 | PDE Loss=97120.704787 | λ_pde=1.917e-17 | LR=1.00e-05
[2026-01-31 03:02:07][INFO] [Epoch 191] MSE Loss=385.911562 | PDE Loss=96993.451574 | λ_pde=1.570e-17 | LR=1.00e-05
[2026-01-31 03:05:39][INFO] [Epoch 192] MSE Loss=385.726185 | PDE Loss=97077.166999 | λ_pde=1.285e-17 | LR=1.00e-05
[2026-01-31 03:09:08][INFO] [Epoch 193] MSE Loss=385.613754 | PDE Loss=97045.148825 | λ_pde=1.052e-17 | LR=1.00e-05
[2026-01-31 03:12:36][INFO] [Epoch 194] MSE Loss=385.836498 | PDE Loss=97206.884087 | λ_pde=8.614e-18 | LR=1.00e-05
[2026-01-31 03:16:07][INFO] [Epoch 195] MSE Loss=386.124975 | PDE Loss=97279.308732 | λ_pde=7.053e-18 | LR=1.00e-05
[2026-01-31 03:19:36][INFO] [Epoch 196] MSE Loss=386.126168 | PDE Loss=96972.691933 | λ_pde=5.774e-18 | LR=1.00e-05
[2026-01-31 03:23:06][INFO] [Epoch 197] MSE Loss=385.879163 | PDE Loss=97321.458112 | λ_pde=4.727e-18 | LR=1.00e-05
[2026-01-31 03:26:36][INFO] [Epoch 198] MSE Loss=386.289506 | PDE Loss=97496.442265 | λ_pde=3.871e-18 | LR=1.00e-05
[2026-01-31 03:30:05][INFO] [Epoch 199] MSE Loss=385.726828 | PDE Loss=97134.847296 | λ_pde=3.169e-18 | LR=1.00e-05
[2026-01-31 03:32:40][INFO] [Epoch 200] MSE Loss=385.720430 | PDE Loss=97006.457668 | λ_pde=2.594e-18 | LR=1.00e-05
[2026-01-31 03:32:40][INFO] 训练结束，模型已保存至: /data/sda/zjc/comsol_pinn/checkpoints/M04d/exp03/M04d_pinn.pt
[2026-01-31 03:32:40][INFO] ========== 训练结束 ==========
