[2026-01-30 17:40:36][INFO] 日志文件创建于: /data/sda/zjc/comsol_pinn/logs/M04d/exp09/train_20260130_174036_gpu2_pid2857712.log
[2026-01-30 17:40:36][INFO] 进程 PID: 2857712
[2026-01-30 17:40:36][INFO] ========== PINN 训练开始 ==========
[2026-01-30 17:40:36][INFO] 物理项权重 λ_pde = 1.0
[2026-01-30 17:40:36][INFO] 使用设备: cuda
[2026-01-30 17:40:36][INFO] 训练参数: {'lambda_pde': 1.0, 'epochs': 200, 'lr': 0.005, 'batch_cases': 1, 'lr_scheduler': 'hybrid', 'cosine_tmax': 150, 'cosine_eta_min': 1e-05, 'plateau_factor': 0.5, 'plateau_patience': 6, 'plateau_min_lr': 1e-05, 'use_pde_anneal': True, 'pde_anneal_gamma': 2.0, 'pde_lambda_min': 0.0, 'use_soft_mask': False, 'mask_alpha': 40.0, 'mask_temp_ratio': 0.7, 'points_per_case': 320000, 'device': 'cuda', 'num_workers': 8, 'log_dir': 'logs/M04d/exp09', 'ckpt_dir': 'checkpoints/M04d/exp09'}
[2026-01-30 17:40:36][INFO] 数据集大小: 141 cases
[2026-01-30 17:40:36][INFO] 每 case 采样点数: 320000
[2026-01-30 17:40:38][INFO] 模型结构:
SimplePINN(
  (net): Sequential(
    (0): Linear(in_features=7, out_features=128, bias=True)
    (1): SiLU()
    (2): Linear(in_features=128, out_features=128, bias=True)
    (3): SiLU()
    (4): Linear(in_features=128, out_features=1, bias=True)
  )
)
[2026-01-30 17:40:38][INFO] 优化器: AdamW, 初始 lr=0.005, 学习率调度器: hybrid
[2026-01-30 17:44:03][INFO] [Epoch 001] MSE Loss=22794.404030 | PDE Loss=15.523327 | λ_pde=1.000e+00 | LR=5.00e-03
[2026-01-30 17:47:32][INFO] [Epoch 002] MSE Loss=913.904879 | PDE Loss=11.319246 | λ_pde=1.353e-01 | LR=5.00e-03
[2026-01-30 17:51:01][INFO] [Epoch 003] MSE Loss=826.591833 | PDE Loss=19.428982 | λ_pde=1.832e-02 | LR=5.00e-03
[2026-01-30 17:54:31][INFO] [Epoch 004] MSE Loss=805.933887 | PDE Loss=20.289245 | λ_pde=2.479e-03 | LR=5.00e-03
[2026-01-30 17:58:02][INFO] [Epoch 005] MSE Loss=772.018474 | PDE Loss=13.210819 | λ_pde=3.355e-04 | LR=4.99e-03
[2026-01-30 18:01:33][INFO] [Epoch 006] MSE Loss=829.298283 | PDE Loss=29.767903 | λ_pde=4.540e-05 | LR=4.99e-03
[2026-01-30 18:05:00][INFO] [Epoch 007] MSE Loss=790.693786 | PDE Loss=72.296290 | λ_pde=6.144e-06 | LR=4.98e-03
[2026-01-30 18:08:34][INFO] [Epoch 008] MSE Loss=798.112607 | PDE Loss=101.071491 | λ_pde=8.315e-07 | LR=4.97e-03
[2026-01-30 18:12:03][INFO] [Epoch 009] MSE Loss=781.869896 | PDE Loss=120.919859 | λ_pde=1.125e-07 | LR=4.97e-03
[2026-01-30 18:15:29][INFO] [Epoch 010] MSE Loss=768.047240 | PDE Loss=129.129886 | λ_pde=1.523e-08 | LR=4.96e-03
[2026-01-30 18:19:01][INFO] [Epoch 011] MSE Loss=751.375518 | PDE Loss=143.111229 | λ_pde=2.061e-09 | LR=4.95e-03
[2026-01-30 18:22:27][INFO] [Epoch 012] MSE Loss=748.876519 | PDE Loss=178.948518 | λ_pde=2.789e-10 | LR=4.93e-03
[2026-01-30 18:25:58][INFO] [Epoch 013] MSE Loss=766.679770 | PDE Loss=199.368084 | λ_pde=3.775e-11 | LR=4.92e-03
[2026-01-30 18:29:25][INFO] [Epoch 014] MSE Loss=794.919692 | PDE Loss=284.407851 | λ_pde=5.109e-12 | LR=4.91e-03
[2026-01-30 18:33:00][INFO] [Epoch 015] MSE Loss=737.568028 | PDE Loss=336.021068 | λ_pde=6.914e-13 | LR=4.89e-03
[2026-01-30 18:36:31][INFO] [Epoch 016] MSE Loss=734.275727 | PDE Loss=396.570464 | λ_pde=9.358e-14 | LR=4.88e-03
[2026-01-30 18:40:03][INFO] [Epoch 017] MSE Loss=763.714016 | PDE Loss=586.976351 | λ_pde=1.266e-14 | LR=4.86e-03
[2026-01-30 18:43:31][INFO] [Epoch 018] MSE Loss=685.836781 | PDE Loss=680.919215 | λ_pde=1.714e-15 | LR=4.84e-03
[2026-01-30 18:47:00][INFO] [Epoch 019] MSE Loss=806.207020 | PDE Loss=828.454671 | λ_pde=2.320e-16 | LR=4.82e-03
[2026-01-30 18:50:31][INFO] [Epoch 020] MSE Loss=704.064198 | PDE Loss=934.005323 | λ_pde=3.139e-17 | LR=4.81e-03
[2026-01-30 18:54:02][INFO] [Epoch 021] MSE Loss=710.824433 | PDE Loss=1232.780388 | λ_pde=4.248e-18 | LR=4.78e-03
[2026-01-30 18:57:32][INFO] [Epoch 022] MSE Loss=739.338880 | PDE Loss=1451.697326 | λ_pde=5.750e-19 | LR=4.76e-03
[2026-01-30 19:01:05][INFO] [Epoch 023] MSE Loss=687.740972 | PDE Loss=1600.164194 | λ_pde=7.781e-20 | LR=4.74e-03
[2026-01-30 19:04:32][INFO] [Epoch 024] MSE Loss=629.744365 | PDE Loss=1742.941658 | λ_pde=1.053e-20 | LR=4.72e-03
[2026-01-30 19:08:00][INFO] [Epoch 025] MSE Loss=652.680730 | PDE Loss=2120.259078 | λ_pde=1.425e-21 | LR=4.69e-03
[2026-01-30 19:11:29][INFO] [Epoch 026] MSE Loss=664.243110 | PDE Loss=2075.090244 | λ_pde=1.929e-22 | LR=4.67e-03
[2026-01-30 19:14:57][INFO] [Epoch 027] MSE Loss=650.279232 | PDE Loss=1828.114521 | λ_pde=2.610e-23 | LR=4.64e-03
[2026-01-30 19:18:27][INFO] [Epoch 028] MSE Loss=627.685140 | PDE Loss=1776.085428 | λ_pde=3.533e-24 | LR=4.61e-03
[2026-01-30 19:21:52][INFO] [Epoch 029] MSE Loss=584.482727 | PDE Loss=1849.336364 | λ_pde=4.781e-25 | LR=4.58e-03
[2026-01-30 19:25:26][INFO] [Epoch 030] MSE Loss=591.861835 | PDE Loss=2230.973332 | λ_pde=6.470e-26 | LR=4.55e-03
[2026-01-30 19:28:56][INFO] [Epoch 031] MSE Loss=634.341216 | PDE Loss=2523.148933 | λ_pde=8.757e-27 | LR=4.52e-03
[2026-01-30 19:32:26][INFO] [Epoch 032] MSE Loss=671.348752 | PDE Loss=2791.123457 | λ_pde=1.185e-27 | LR=4.49e-03
[2026-01-30 19:36:00][INFO] [Epoch 033] MSE Loss=624.960404 | PDE Loss=3038.506479 | λ_pde=1.604e-28 | LR=4.46e-03
[2026-01-30 19:39:31][INFO] [Epoch 034] MSE Loss=629.093711 | PDE Loss=3335.647487 | λ_pde=2.171e-29 | LR=4.43e-03
[2026-01-30 19:42:59][INFO] [Epoch 035] MSE Loss=671.651848 | PDE Loss=3753.226801 | λ_pde=2.937e-30 | LR=4.39e-03
[2026-01-30 19:46:27][INFO] [Epoch 036] MSE Loss=595.541614 | PDE Loss=3873.063099 | λ_pde=3.975e-31 | LR=4.36e-03
[2026-01-30 19:50:00][INFO] [Epoch 037] MSE Loss=560.202511 | PDE Loss=4328.403809 | λ_pde=5.380e-32 | LR=2.16e-03
[2026-01-30 19:53:26][INFO] [Epoch 038] MSE Loss=577.803169 | PDE Loss=4335.180172 | λ_pde=7.281e-33 | LR=2.14e-03
[2026-01-30 19:56:55][INFO] [Epoch 039] MSE Loss=584.749189 | PDE Loss=4343.514617 | λ_pde=9.854e-34 | LR=2.13e-03
[2026-01-30 20:00:22][INFO] [Epoch 040] MSE Loss=596.765383 | PDE Loss=4420.444270 | λ_pde=1.334e-34 | LR=2.11e-03
[2026-01-30 20:03:51][INFO] [Epoch 041] MSE Loss=569.265727 | PDE Loss=4602.643174 | λ_pde=1.805e-35 | LR=2.09e-03
[2026-01-30 20:07:22][INFO] [Epoch 042] MSE Loss=543.911561 | PDE Loss=4639.076111 | λ_pde=2.443e-36 | LR=2.07e-03
[2026-01-30 20:10:48][INFO] [Epoch 043] MSE Loss=555.863517 | PDE Loss=4871.492354 | λ_pde=3.306e-37 | LR=2.05e-03
[2026-01-30 20:14:16][INFO] [Epoch 044] MSE Loss=575.138657 | PDE Loss=4754.972118 | λ_pde=4.474e-38 | LR=2.03e-03
[2026-01-30 20:17:46][INFO] [Epoch 045] MSE Loss=571.316764 | PDE Loss=4799.539364 | λ_pde=6.055e-39 | LR=2.01e-03
[2026-01-30 20:21:20][INFO] [Epoch 046] MSE Loss=561.031066 | PDE Loss=5045.779583 | λ_pde=8.194e-40 | LR=1.99e-03
[2026-01-30 20:24:48][INFO] [Epoch 047] MSE Loss=557.636397 | PDE Loss=5124.496532 | λ_pde=1.109e-40 | LR=1.96e-03
[2026-01-30 20:28:20][INFO] [Epoch 048] MSE Loss=582.253401 | PDE Loss=5296.780691 | λ_pde=1.501e-41 | LR=1.94e-03
[2026-01-30 20:31:49][INFO] [Epoch 049] MSE Loss=570.432616 | PDE Loss=5204.574603 | λ_pde=2.031e-42 | LR=1.92e-03
[2026-01-30 20:35:17][INFO] [Epoch 050] MSE Loss=531.588025 | PDE Loss=5460.292300 | λ_pde=2.749e-43 | LR=9.50e-04
[2026-01-30 20:38:46][INFO] [Epoch 051] MSE Loss=533.386466 | PDE Loss=5527.036976 | λ_pde=3.720e-44 | LR=9.39e-04
[2026-01-30 20:42:12][INFO] [Epoch 052] MSE Loss=529.134403 | PDE Loss=5556.088206 | λ_pde=5.035e-45 | LR=9.27e-04
[2026-01-30 20:45:46][INFO] [Epoch 053] MSE Loss=527.502682 | PDE Loss=5599.735210 | λ_pde=6.814e-46 | LR=9.16e-04
[2026-01-30 20:49:16][INFO] [Epoch 054] MSE Loss=535.002945 | PDE Loss=5612.013076 | λ_pde=9.221e-47 | LR=9.04e-04
[2026-01-30 20:52:46][INFO] [Epoch 055] MSE Loss=546.508658 | PDE Loss=5802.417846 | λ_pde=1.248e-47 | LR=8.93e-04
[2026-01-30 20:56:13][INFO] [Epoch 056] MSE Loss=529.401996 | PDE Loss=5876.157358 | λ_pde=1.689e-48 | LR=8.81e-04
[2026-01-30 20:59:40][INFO] [Epoch 057] MSE Loss=526.124651 | PDE Loss=5811.632347 | λ_pde=2.286e-49 | LR=8.69e-04
[2026-01-30 21:03:11][INFO] [Epoch 058] MSE Loss=541.619267 | PDE Loss=6012.040559 | λ_pde=3.093e-50 | LR=8.57e-04
[2026-01-30 21:06:42][INFO] [Epoch 059] MSE Loss=540.406993 | PDE Loss=5960.063071 | λ_pde=4.186e-51 | LR=8.45e-04
[2026-01-30 21:10:14][INFO] [Epoch 060] MSE Loss=542.242056 | PDE Loss=6144.106776 | λ_pde=5.666e-52 | LR=8.33e-04
[2026-01-30 21:13:46][INFO] [Epoch 061] MSE Loss=527.568989 | PDE Loss=6140.396912 | λ_pde=7.668e-53 | LR=8.20e-04
[2026-01-30 21:17:13][INFO] [Epoch 062] MSE Loss=524.066043 | PDE Loss=6241.961241 | λ_pde=1.038e-53 | LR=8.08e-04
[2026-01-30 21:20:43][INFO] [Epoch 063] MSE Loss=525.728612 | PDE Loss=6323.108146 | λ_pde=1.404e-54 | LR=7.95e-04
[2026-01-30 21:24:10][INFO] [Epoch 064] MSE Loss=534.856726 | PDE Loss=6339.595050 | λ_pde=1.901e-55 | LR=7.83e-04
[2026-01-30 21:27:40][INFO] [Epoch 065] MSE Loss=519.637693 | PDE Loss=6469.852376 | λ_pde=2.572e-56 | LR=7.70e-04
[2026-01-30 21:31:09][INFO] [Epoch 066] MSE Loss=520.159869 | PDE Loss=6517.095019 | λ_pde=3.481e-57 | LR=7.58e-04
[2026-01-30 21:34:41][INFO] [Epoch 067] MSE Loss=534.237951 | PDE Loss=6616.444339 | λ_pde=4.711e-58 | LR=7.45e-04
[2026-01-30 21:38:08][INFO] [Epoch 068] MSE Loss=529.914892 | PDE Loss=6612.409050 | λ_pde=6.376e-59 | LR=7.32e-04
[2026-01-30 21:41:38][INFO] [Epoch 069] MSE Loss=524.475055 | PDE Loss=6669.213914 | λ_pde=8.629e-60 | LR=7.19e-04
[2026-01-30 21:45:09][INFO] [Epoch 070] MSE Loss=517.880455 | PDE Loss=6766.466535 | λ_pde=1.168e-60 | LR=7.07e-04
[2026-01-30 21:48:38][INFO] [Epoch 071] MSE Loss=527.289306 | PDE Loss=6782.355966 | λ_pde=1.580e-61 | LR=6.94e-04
[2026-01-30 21:52:07][INFO] [Epoch 072] MSE Loss=518.577986 | PDE Loss=6886.411580 | λ_pde=2.139e-62 | LR=6.81e-04
[2026-01-30 21:55:28][INFO] [Epoch 073] MSE Loss=515.794874 | PDE Loss=6933.077261 | λ_pde=2.895e-63 | LR=6.68e-04
[2026-01-30 21:58:56][INFO] [Epoch 074] MSE Loss=522.894725 | PDE Loss=6938.280209 | λ_pde=3.917e-64 | LR=6.55e-04
[2026-01-30 22:02:28][INFO] [Epoch 075] MSE Loss=511.200801 | PDE Loss=7066.528698 | λ_pde=5.302e-65 | LR=6.42e-04
[2026-01-30 22:05:59][INFO] [Epoch 076] MSE Loss=526.684323 | PDE Loss=7108.404962 | λ_pde=7.175e-66 | LR=6.29e-04
[2026-01-30 22:09:31][INFO] [Epoch 077] MSE Loss=517.465041 | PDE Loss=7170.081510 | λ_pde=9.710e-67 | LR=6.16e-04
[2026-01-30 22:13:01][INFO] [Epoch 078] MSE Loss=516.756860 | PDE Loss=7171.871161 | λ_pde=1.314e-67 | LR=6.03e-04
[2026-01-30 22:16:31][INFO] [Epoch 079] MSE Loss=520.273529 | PDE Loss=7295.761085 | λ_pde=1.779e-68 | LR=5.90e-04
[2026-01-30 22:19:59][INFO] [Epoch 080] MSE Loss=517.473787 | PDE Loss=7345.735088 | λ_pde=2.407e-69 | LR=5.77e-04
[2026-01-30 22:23:29][INFO] [Epoch 081] MSE Loss=509.912927 | PDE Loss=7371.805716 | λ_pde=3.257e-70 | LR=5.64e-04
[2026-01-30 22:27:02][INFO] [Epoch 082] MSE Loss=511.621452 | PDE Loss=7434.905464 | λ_pde=4.409e-71 | LR=5.51e-04
[2026-01-30 22:30:33][INFO] [Epoch 083] MSE Loss=518.019405 | PDE Loss=7387.155911 | λ_pde=5.966e-72 | LR=5.39e-04
[2026-01-30 22:34:04][INFO] [Epoch 084] MSE Loss=508.053722 | PDE Loss=7508.692764 | λ_pde=8.075e-73 | LR=5.26e-04
[2026-01-30 22:37:35][INFO] [Epoch 085] MSE Loss=504.038664 | PDE Loss=7611.637488 | λ_pde=1.093e-73 | LR=5.13e-04
[2026-01-30 22:41:04][INFO] [Epoch 086] MSE Loss=511.010591 | PDE Loss=7614.779553 | λ_pde=1.479e-74 | LR=5.00e-04
[2026-01-30 22:44:31][INFO] [Epoch 087] MSE Loss=506.314439 | PDE Loss=7681.824361 | λ_pde=2.001e-75 | LR=4.88e-04
[2026-01-30 22:48:02][INFO] [Epoch 088] MSE Loss=509.018462 | PDE Loss=7694.367974 | λ_pde=2.709e-76 | LR=4.75e-04
[2026-01-30 22:51:30][INFO] [Epoch 089] MSE Loss=516.660099 | PDE Loss=7755.837759 | λ_pde=3.666e-77 | LR=4.63e-04
[2026-01-30 22:54:57][INFO] [Epoch 090] MSE Loss=509.170412 | PDE Loss=7849.595004 | λ_pde=4.961e-78 | LR=4.50e-04
[2026-01-30 22:58:26][INFO] [Epoch 091] MSE Loss=505.081019 | PDE Loss=7799.574046 | λ_pde=6.714e-79 | LR=4.38e-04
[2026-01-30 23:01:54][INFO] [Epoch 092] MSE Loss=502.508533 | PDE Loss=7881.430134 | λ_pde=9.087e-80 | LR=4.25e-04
[2026-01-30 23:05:24][INFO] [Epoch 093] MSE Loss=499.982502 | PDE Loss=7911.107076 | λ_pde=1.230e-80 | LR=4.13e-04
[2026-01-30 23:08:49][INFO] [Epoch 094] MSE Loss=504.866778 | PDE Loss=7987.565118 | λ_pde=1.664e-81 | LR=4.01e-04
[2026-01-30 23:12:22][INFO] [Epoch 095] MSE Loss=502.873726 | PDE Loss=7981.367842 | λ_pde=2.252e-82 | LR=3.89e-04
[2026-01-30 23:15:51][INFO] [Epoch 096] MSE Loss=507.119979 | PDE Loss=8030.078700 | λ_pde=3.048e-83 | LR=3.77e-04
[2026-01-30 23:19:19][INFO] [Epoch 097] MSE Loss=507.549163 | PDE Loss=8170.523230 | λ_pde=4.125e-84 | LR=3.65e-04
[2026-01-30 23:22:52][INFO] [Epoch 098] MSE Loss=507.683063 | PDE Loss=8162.854967 | λ_pde=5.583e-85 | LR=3.54e-04
[2026-01-30 23:26:23][INFO] [Epoch 099] MSE Loss=507.781304 | PDE Loss=8097.921401 | λ_pde=7.556e-86 | LR=3.42e-04
[2026-01-30 23:29:53][INFO] [Epoch 100] MSE Loss=501.697368 | PDE Loss=8193.023829 | λ_pde=1.023e-86 | LR=3.31e-04
[2026-01-30 23:33:23][INFO] [Epoch 101] MSE Loss=500.866834 | PDE Loss=8187.463867 | λ_pde=1.384e-87 | LR=1.60e-04
[2026-01-30 23:36:56][INFO] [Epoch 102] MSE Loss=497.127500 | PDE Loss=8217.305349 | λ_pde=1.873e-88 | LR=1.54e-04
[2026-01-30 23:40:27][INFO] [Epoch 103] MSE Loss=500.319446 | PDE Loss=8223.441732 | λ_pde=2.535e-89 | LR=1.49e-04
[2026-01-30 23:43:56][INFO] [Epoch 104] MSE Loss=497.607609 | PDE Loss=8296.187206 | λ_pde=3.430e-90 | LR=1.44e-04
[2026-01-30 23:47:25][INFO] [Epoch 105] MSE Loss=497.673259 | PDE Loss=8267.296923 | λ_pde=4.642e-91 | LR=1.39e-04
[2026-01-30 23:50:52][INFO] [Epoch 106] MSE Loss=497.078885 | PDE Loss=8290.777406 | λ_pde=6.283e-92 | LR=1.33e-04
[2026-01-30 23:54:23][INFO] [Epoch 107] MSE Loss=499.335431 | PDE Loss=8269.212517 | λ_pde=8.503e-93 | LR=1.28e-04
[2026-01-30 23:57:54][INFO] [Epoch 108] MSE Loss=496.940182 | PDE Loss=8331.554469 | λ_pde=1.151e-93 | LR=1.23e-04
[2026-01-31 00:01:24][INFO] [Epoch 109] MSE Loss=501.382645 | PDE Loss=8304.274341 | λ_pde=1.557e-94 | LR=1.19e-04
[2026-01-31 00:04:53][INFO] [Epoch 110] MSE Loss=498.265561 | PDE Loss=8312.067927 | λ_pde=2.108e-95 | LR=1.14e-04
[2026-01-31 00:08:27][INFO] [Epoch 111] MSE Loss=497.466755 | PDE Loss=8372.367503 | λ_pde=2.852e-96 | LR=1.09e-04
[2026-01-31 00:11:59][INFO] [Epoch 112] MSE Loss=496.297648 | PDE Loss=8319.848446 | λ_pde=3.860e-97 | LR=1.04e-04
[2026-01-31 00:15:34][INFO] [Epoch 113] MSE Loss=496.251346 | PDE Loss=8378.968653 | λ_pde=5.224e-98 | LR=1.00e-04
[2026-01-31 00:19:07][INFO] [Epoch 114] MSE Loss=499.143040 | PDE Loss=8379.896775 | λ_pde=7.070e-99 | LR=9.55e-05
[2026-01-31 00:22:37][INFO] [Epoch 115] MSE Loss=495.481155 | PDE Loss=8358.116460 | λ_pde=9.569e-100 | LR=9.12e-05
[2026-01-31 00:26:10][INFO] [Epoch 116] MSE Loss=495.945237 | PDE Loss=8403.034439 | λ_pde=1.295e-100 | LR=8.69e-05
[2026-01-31 00:29:36][INFO] [Epoch 117] MSE Loss=498.026294 | PDE Loss=8386.179670 | λ_pde=1.753e-101 | LR=8.28e-05
[2026-01-31 00:33:10][INFO] [Epoch 118] MSE Loss=494.207452 | PDE Loss=8408.110854 | λ_pde=2.372e-102 | LR=7.87e-05
[2026-01-31 00:36:38][INFO] [Epoch 119] MSE Loss=495.125676 | PDE Loss=8431.146052 | λ_pde=3.210e-103 | LR=7.48e-05
[2026-01-31 00:40:02][INFO] [Epoch 120] MSE Loss=495.122308 | PDE Loss=8388.998352 | λ_pde=4.344e-104 | LR=7.09e-05
[2026-01-31 00:43:31][INFO] [Epoch 121] MSE Loss=496.072697 | PDE Loss=8431.781409 | λ_pde=5.879e-105 | LR=6.72e-05
[2026-01-31 00:47:03][INFO] [Epoch 122] MSE Loss=495.991487 | PDE Loss=8439.026786 | λ_pde=7.957e-106 | LR=6.36e-05
[2026-01-31 00:50:34][INFO] [Epoch 123] MSE Loss=495.966177 | PDE Loss=8436.743036 | λ_pde=1.077e-106 | LR=6.00e-05
[2026-01-31 00:54:04][INFO] [Epoch 124] MSE Loss=496.481297 | PDE Loss=8450.550397 | λ_pde=1.457e-107 | LR=5.66e-05
[2026-01-31 00:57:37][INFO] [Epoch 125] MSE Loss=493.777830 | PDE Loss=8417.564346 | λ_pde=1.972e-108 | LR=5.33e-05
[2026-01-31 01:01:09][INFO] [Epoch 126] MSE Loss=496.518043 | PDE Loss=8473.796975 | λ_pde=2.669e-109 | LR=5.01e-05
[2026-01-31 01:04:39][INFO] [Epoch 127] MSE Loss=494.508750 | PDE Loss=8440.292082 | λ_pde=3.612e-110 | LR=4.70e-05
[2026-01-31 01:08:09][INFO] [Epoch 128] MSE Loss=495.040934 | PDE Loss=8481.276229 | λ_pde=4.889e-111 | LR=4.41e-05
[2026-01-31 01:11:38][INFO] [Epoch 129] MSE Loss=494.859300 | PDE Loss=8479.652780 | λ_pde=6.616e-112 | LR=4.12e-05
[2026-01-31 01:15:07][INFO] [Epoch 130] MSE Loss=493.914756 | PDE Loss=8474.645196 | λ_pde=8.954e-113 | LR=3.85e-05
[2026-01-31 01:18:36][INFO] [Epoch 131] MSE Loss=495.743841 | PDE Loss=8475.975285 | λ_pde=1.212e-113 | LR=3.59e-05
[2026-01-31 01:22:06][INFO] [Epoch 132] MSE Loss=494.604940 | PDE Loss=8451.925404 | λ_pde=1.640e-114 | LR=3.34e-05
[2026-01-31 01:25:41][INFO] [Epoch 133] MSE Loss=493.929172 | PDE Loss=8472.904473 | λ_pde=2.220e-115 | LR=1.55e-05
[2026-01-31 01:29:11][INFO] [Epoch 134] MSE Loss=493.533141 | PDE Loss=8491.186492 | λ_pde=3.004e-116 | LR=1.49e-05
[2026-01-31 01:32:43][INFO] [Epoch 135] MSE Loss=493.536789 | PDE Loss=8491.588268 | λ_pde=4.065e-117 | LR=1.44e-05
[2026-01-31 01:36:15][INFO] [Epoch 136] MSE Loss=493.611286 | PDE Loss=8493.951930 | λ_pde=5.502e-118 | LR=1.38e-05
[2026-01-31 01:39:46][INFO] [Epoch 137] MSE Loss=493.281933 | PDE Loss=8487.653822 | λ_pde=7.446e-119 | LR=1.34e-05
[2026-01-31 01:43:18][INFO] [Epoch 138] MSE Loss=493.467929 | PDE Loss=8483.005755 | λ_pde=1.008e-119 | LR=1.29e-05
[2026-01-31 01:46:47][INFO] [Epoch 139] MSE Loss=493.601193 | PDE Loss=8501.095869 | λ_pde=1.364e-120 | LR=1.25e-05
[2026-01-31 01:50:17][INFO] [Epoch 140] MSE Loss=493.302746 | PDE Loss=8487.713971 | λ_pde=1.846e-121 | LR=1.21e-05
[2026-01-31 01:53:49][INFO] [Epoch 141] MSE Loss=493.396710 | PDE Loss=8487.520470 | λ_pde=2.498e-122 | LR=1.17e-05
[2026-01-31 01:57:21][INFO] [Epoch 142] MSE Loss=493.232359 | PDE Loss=8499.933552 | λ_pde=3.380e-123 | LR=1.14e-05
[2026-01-31 02:00:49][INFO] [Epoch 143] MSE Loss=493.226796 | PDE Loss=8500.562621 | λ_pde=4.575e-124 | LR=1.11e-05
[2026-01-31 02:04:19][INFO] [Epoch 144] MSE Loss=493.287657 | PDE Loss=8488.794596 | λ_pde=6.191e-125 | LR=1.08e-05
[2026-01-31 02:07:52][INFO] [Epoch 145] MSE Loss=493.454056 | PDE Loss=8505.397558 | λ_pde=8.379e-126 | LR=1.06e-05
[2026-01-31 02:11:20][INFO] [Epoch 146] MSE Loss=493.371577 | PDE Loss=8492.363205 | λ_pde=1.134e-126 | LR=1.04e-05
[2026-01-31 02:14:48][INFO] [Epoch 147] MSE Loss=493.195557 | PDE Loss=8501.982567 | λ_pde=1.535e-127 | LR=1.03e-05
[2026-01-31 02:18:12][INFO] [Epoch 148] MSE Loss=493.227935 | PDE Loss=8497.294184 | λ_pde=2.077e-128 | LR=1.02e-05
[2026-01-31 02:21:41][INFO] [Epoch 149] MSE Loss=493.318055 | PDE Loss=8505.268028 | λ_pde=2.811e-129 | LR=1.01e-05
[2026-01-31 02:25:10][INFO] [Epoch 150] MSE Loss=493.256627 | PDE Loss=8504.637089 | λ_pde=3.804e-130 | LR=1.00e-05
[2026-01-31 02:28:39][INFO] [Epoch 151] MSE Loss=493.306407 | PDE Loss=8510.458763 | λ_pde=5.148e-131 | LR=1.00e-05
[2026-01-31 02:32:08][INFO] [Epoch 152] MSE Loss=493.623487 | PDE Loss=8500.233831 | λ_pde=6.967e-132 | LR=1.05e-05
[2026-01-31 02:35:37][INFO] [Epoch 153] MSE Loss=493.494951 | PDE Loss=8521.060838 | λ_pde=9.429e-133 | LR=1.22e-05
[2026-01-31 02:39:08][INFO] [Epoch 154] MSE Loss=493.563779 | PDE Loss=8497.640372 | λ_pde=1.276e-133 | LR=1.49e-05
[2026-01-31 02:42:38][INFO] [Epoch 155] MSE Loss=493.637252 | PDE Loss=8516.882539 | λ_pde=1.727e-134 | LR=1.88e-05
[2026-01-31 02:46:07][INFO] [Epoch 156] MSE Loss=493.529610 | PDE Loss=8503.165735 | λ_pde=2.337e-135 | LR=2.37e-05
[2026-01-31 02:49:34][INFO] [Epoch 157] MSE Loss=493.537965 | PDE Loss=8517.265774 | λ_pde=3.163e-136 | LR=1.48e-05
[2026-01-31 02:53:08][INFO] [Epoch 158] MSE Loss=493.636783 | PDE Loss=8521.397759 | λ_pde=4.281e-137 | LR=1.66e-05
[2026-01-31 02:56:36][INFO] [Epoch 159] MSE Loss=493.664808 | PDE Loss=8540.104343 | λ_pde=5.794e-138 | LR=1.86e-05
[2026-01-31 03:00:03][INFO] [Epoch 160] MSE Loss=493.643515 | PDE Loss=8497.515611 | λ_pde=7.841e-139 | LR=2.09e-05
[2026-01-31 03:03:33][INFO] [Epoch 161] MSE Loss=493.668465 | PDE Loss=8541.022354 | λ_pde=1.061e-139 | LR=2.34e-05
[2026-01-31 03:07:08][INFO] [Epoch 162] MSE Loss=493.844692 | PDE Loss=8526.656105 | λ_pde=1.436e-140 | LR=2.62e-05
[2026-01-31 03:10:41][INFO] [Epoch 163] MSE Loss=493.561691 | PDE Loss=8503.792577 | λ_pde=1.944e-141 | LR=2.93e-05
[2026-01-31 03:14:12][INFO] [Epoch 164] MSE Loss=493.585237 | PDE Loss=8523.009101 | λ_pde=2.630e-142 | LR=1.63e-05
[2026-01-31 03:17:42][INFO] [Epoch 165] MSE Loss=493.715593 | PDE Loss=8538.963663 | λ_pde=3.560e-143 | LR=1.73e-05
[2026-01-31 03:21:12][INFO] [Epoch 166] MSE Loss=493.507779 | PDE Loss=8543.292865 | λ_pde=4.817e-144 | LR=1.84e-05
[2026-01-31 03:24:42][INFO] [Epoch 167] MSE Loss=493.572416 | PDE Loss=8529.847542 | λ_pde=6.520e-145 | LR=1.95e-05
[2026-01-31 03:28:10][INFO] [Epoch 168] MSE Loss=493.256128 | PDE Loss=8535.458624 | λ_pde=8.824e-146 | LR=2.07e-05
[2026-01-31 03:31:29][INFO] [Epoch 169] MSE Loss=493.564124 | PDE Loss=8549.176249 | λ_pde=1.194e-146 | LR=2.20e-05
[2026-01-31 03:33:17][INFO] [Epoch 170] MSE Loss=493.317754 | PDE Loss=8563.054338 | λ_pde=1.616e-147 | LR=2.34e-05
[2026-01-31 03:34:15][INFO] [Epoch 171] MSE Loss=492.947414 | PDE Loss=8535.725108 | λ_pde=2.187e-148 | LR=1.24e-05
[2026-01-31 03:35:08][INFO] [Epoch 172] MSE Loss=493.167213 | PDE Loss=8536.860324 | λ_pde=2.960e-149 | LR=1.26e-05
[2026-01-31 03:36:02][INFO] [Epoch 173] MSE Loss=493.026696 | PDE Loss=8533.972566 | λ_pde=4.006e-150 | LR=1.29e-05
[2026-01-31 03:36:59][INFO] [Epoch 174] MSE Loss=493.268996 | PDE Loss=8563.302766 | λ_pde=5.421e-151 | LR=1.31e-05
[2026-01-31 03:37:51][INFO] [Epoch 175] MSE Loss=493.364636 | PDE Loss=8536.585293 | λ_pde=7.337e-152 | LR=1.34e-05
[2026-01-31 03:38:48][INFO] [Epoch 176] MSE Loss=493.130418 | PDE Loss=8553.387120 | λ_pde=9.930e-153 | LR=1.37e-05
[2026-01-31 03:39:43][INFO] [Epoch 177] MSE Loss=492.852861 | PDE Loss=8557.211595 | λ_pde=1.344e-153 | LR=1.40e-05
[2026-01-31 03:40:38][INFO] [Epoch 178] MSE Loss=492.849680 | PDE Loss=8549.371807 | λ_pde=1.819e-154 | LR=1.43e-05
[2026-01-31 03:41:33][INFO] [Epoch 179] MSE Loss=493.784644 | PDE Loss=8564.584982 | λ_pde=2.461e-155 | LR=1.46e-05
[2026-01-31 03:42:29][INFO] [Epoch 180] MSE Loss=493.274134 | PDE Loss=8552.713898 | λ_pde=3.331e-156 | LR=1.49e-05
[2026-01-31 03:43:23][INFO] [Epoch 181] MSE Loss=493.398949 | PDE Loss=8562.921543 | λ_pde=4.508e-157 | LR=1.53e-05
[2026-01-31 03:44:18][INFO] [Epoch 182] MSE Loss=493.196320 | PDE Loss=8553.549237 | λ_pde=6.101e-158 | LR=1.56e-05
[2026-01-31 03:45:13][INFO] [Epoch 183] MSE Loss=493.226984 | PDE Loss=8563.070977 | λ_pde=8.257e-159 | LR=1.60e-05
[2026-01-31 03:46:10][INFO] [Epoch 184] MSE Loss=493.360361 | PDE Loss=8566.827924 | λ_pde=1.117e-159 | LR=1.63e-05
[2026-01-31 03:47:06][INFO] [Epoch 185] MSE Loss=493.124190 | PDE Loss=8576.288799 | λ_pde=1.512e-160 | LR=1.00e-05
[2026-01-31 03:47:59][INFO] [Epoch 186] MSE Loss=492.870432 | PDE Loss=8575.562649 | λ_pde=2.047e-161 | LR=1.00e-05
[2026-01-31 03:48:54][INFO] [Epoch 187] MSE Loss=492.902949 | PDE Loss=8563.694516 | λ_pde=2.770e-162 | LR=1.00e-05
[2026-01-31 03:49:49][INFO] [Epoch 188] MSE Loss=492.793266 | PDE Loss=8569.140961 | λ_pde=3.749e-163 | LR=1.00e-05
[2026-01-31 03:50:43][INFO] [Epoch 189] MSE Loss=493.032994 | PDE Loss=8564.710557 | λ_pde=5.073e-164 | LR=1.00e-05
[2026-01-31 03:51:38][INFO] [Epoch 190] MSE Loss=492.633833 | PDE Loss=8578.726895 | λ_pde=6.866e-165 | LR=1.00e-05
[2026-01-31 03:52:34][INFO] [Epoch 191] MSE Loss=492.711594 | PDE Loss=8570.643835 | λ_pde=9.292e-166 | LR=1.00e-05
[2026-01-31 03:53:27][INFO] [Epoch 192] MSE Loss=493.132662 | PDE Loss=8579.842815 | λ_pde=1.257e-166 | LR=1.00e-05
[2026-01-31 03:54:24][INFO] [Epoch 193] MSE Loss=492.906304 | PDE Loss=8570.651911 | λ_pde=1.702e-167 | LR=1.00e-05
[2026-01-31 03:55:18][INFO] [Epoch 194] MSE Loss=492.831243 | PDE Loss=8572.445340 | λ_pde=2.303e-168 | LR=1.00e-05
[2026-01-31 03:56:15][INFO] [Epoch 195] MSE Loss=493.039516 | PDE Loss=8576.958468 | λ_pde=3.117e-169 | LR=1.00e-05
[2026-01-31 03:57:09][INFO] [Epoch 196] MSE Loss=492.805331 | PDE Loss=8584.278033 | λ_pde=4.218e-170 | LR=1.00e-05
[2026-01-31 03:58:03][INFO] [Epoch 197] MSE Loss=493.150947 | PDE Loss=8575.747320 | λ_pde=5.709e-171 | LR=1.00e-05
[2026-01-31 03:58:58][INFO] [Epoch 198] MSE Loss=492.947440 | PDE Loss=8591.074607 | λ_pde=7.726e-172 | LR=1.00e-05
[2026-01-31 03:59:54][INFO] [Epoch 199] MSE Loss=492.891278 | PDE Loss=8583.830393 | λ_pde=1.046e-172 | LR=1.00e-05
[2026-01-31 04:00:49][INFO] [Epoch 200] MSE Loss=492.794640 | PDE Loss=8585.137886 | λ_pde=1.415e-173 | LR=1.00e-05
[2026-01-31 04:00:49][INFO] 训练结束，模型已保存至: /data/sda/zjc/comsol_pinn/checkpoints/M04d/exp09/M04d_pinn.pt
[2026-01-31 04:00:49][INFO] ========== 训练结束 ==========
INFO] ========== 训练结束 ==========
