[2026-01-30 17:40:36][INFO] 日志文件创建于: /data/sda/zjc/comsol_pinn/logs/M04d/exp08a/train_20260130_174036_gpu1_pid2857705.log
[2026-01-30 17:40:36][INFO] 进程 PID: 2857705
[2026-01-30 17:40:36][INFO] ========== PINN 训练开始 ==========
[2026-01-30 17:40:36][INFO] 物理项权重 λ_pde = 1.0
[2026-01-30 17:40:36][INFO] 使用设备: cuda
[2026-01-30 17:40:36][INFO] 训练参数: {'lambda_pde': 1.0, 'epochs': 200, 'lr': 0.005, 'batch_cases': 1, 'lr_scheduler': 'hybrid', 'cosine_tmax': 150, 'cosine_eta_min': 1e-05, 'plateau_factor': 0.5, 'plateau_patience': 6, 'plateau_min_lr': 1e-05, 'use_pde_anneal': True, 'pde_anneal_gamma': 1.0, 'pde_lambda_min': 0.0, 'use_soft_mask': False, 'mask_alpha': 40.0, 'mask_temp_ratio': 0.7, 'points_per_case': 320000, 'device': 'cuda', 'num_workers': 8, 'log_dir': 'logs/M04d/exp08a', 'ckpt_dir': 'checkpoints/M04d/exp08a'}
[2026-01-30 17:40:36][INFO] 数据集大小: 141 cases
[2026-01-30 17:40:36][INFO] 每 case 采样点数: 320000
[2026-01-30 17:40:40][INFO] 模型结构:
SimplePINN(
  (net): Sequential(
    (0): Linear(in_features=7, out_features=128, bias=True)
    (1): SiLU()
    (2): Linear(in_features=128, out_features=128, bias=True)
    (3): SiLU()
    (4): Linear(in_features=128, out_features=1, bias=True)
  )
)
[2026-01-30 17:40:40][INFO] 优化器: AdamW, 初始 lr=0.005, 学习率调度器: hybrid
[2026-01-30 17:44:09][INFO] [Epoch 001] MSE Loss=20542.003324 | PDE Loss=17.727329 | λ_pde=1.000e+00 | LR=5.00e-03
[2026-01-30 17:47:40][INFO] [Epoch 002] MSE Loss=905.135556 | PDE Loss=4.423659 | λ_pde=3.679e-01 | LR=5.00e-03
[2026-01-30 17:51:10][INFO] [Epoch 003] MSE Loss=832.972922 | PDE Loss=1.963144 | λ_pde=1.353e-01 | LR=5.00e-03
[2026-01-30 17:54:37][INFO] [Epoch 004] MSE Loss=904.187256 | PDE Loss=3.794691 | λ_pde=4.979e-02 | LR=5.00e-03
[2026-01-30 17:58:08][INFO] [Epoch 005] MSE Loss=790.524353 | PDE Loss=17.370218 | λ_pde=1.832e-02 | LR=4.99e-03
[2026-01-30 18:01:40][INFO] [Epoch 006] MSE Loss=845.554375 | PDE Loss=41.964262 | λ_pde=6.738e-03 | LR=4.99e-03
[2026-01-30 18:05:11][INFO] [Epoch 007] MSE Loss=782.980701 | PDE Loss=77.438030 | λ_pde=2.479e-03 | LR=4.98e-03
[2026-01-30 18:08:44][INFO] [Epoch 008] MSE Loss=827.293329 | PDE Loss=112.860697 | λ_pde=9.119e-04 | LR=4.97e-03
[2026-01-30 18:12:17][INFO] [Epoch 009] MSE Loss=793.642496 | PDE Loss=120.258071 | λ_pde=3.355e-04 | LR=4.97e-03
[2026-01-30 18:15:46][INFO] [Epoch 010] MSE Loss=795.039581 | PDE Loss=132.322336 | λ_pde=1.234e-04 | LR=4.96e-03
[2026-01-30 18:19:12][INFO] [Epoch 011] MSE Loss=821.177347 | PDE Loss=129.357331 | λ_pde=4.540e-05 | LR=4.95e-03
[2026-01-30 18:22:42][INFO] [Epoch 012] MSE Loss=756.360587 | PDE Loss=139.886463 | λ_pde=1.670e-05 | LR=4.93e-03
[2026-01-30 18:26:12][INFO] [Epoch 013] MSE Loss=815.681075 | PDE Loss=171.366704 | λ_pde=6.144e-06 | LR=4.92e-03
[2026-01-30 18:29:43][INFO] [Epoch 014] MSE Loss=733.568909 | PDE Loss=196.822077 | λ_pde=2.260e-06 | LR=4.91e-03
[2026-01-30 18:33:13][INFO] [Epoch 015] MSE Loss=751.366674 | PDE Loss=246.366711 | λ_pde=8.315e-07 | LR=4.89e-03
[2026-01-30 18:36:46][INFO] [Epoch 016] MSE Loss=795.115020 | PDE Loss=338.700228 | λ_pde=3.059e-07 | LR=4.88e-03
[2026-01-30 18:40:17][INFO] [Epoch 017] MSE Loss=676.051196 | PDE Loss=413.117512 | λ_pde=1.125e-07 | LR=4.86e-03
[2026-01-30 18:43:47][INFO] [Epoch 018] MSE Loss=682.593656 | PDE Loss=633.485317 | λ_pde=4.140e-08 | LR=4.84e-03
[2026-01-30 18:47:14][INFO] [Epoch 019] MSE Loss=685.120294 | PDE Loss=937.061171 | λ_pde=1.523e-08 | LR=4.82e-03
[2026-01-30 18:50:43][INFO] [Epoch 020] MSE Loss=666.005872 | PDE Loss=1299.662792 | λ_pde=5.603e-09 | LR=4.81e-03
[2026-01-30 18:54:12][INFO] [Epoch 021] MSE Loss=683.943714 | PDE Loss=1573.105190 | λ_pde=2.061e-09 | LR=4.78e-03
[2026-01-30 18:57:45][INFO] [Epoch 022] MSE Loss=684.069272 | PDE Loss=1505.422955 | λ_pde=7.583e-10 | LR=4.76e-03
[2026-01-30 19:01:12][INFO] [Epoch 023] MSE Loss=624.749273 | PDE Loss=1668.423892 | λ_pde=2.789e-10 | LR=4.74e-03
[2026-01-30 19:04:42][INFO] [Epoch 024] MSE Loss=628.651737 | PDE Loss=1772.799590 | λ_pde=1.026e-10 | LR=4.72e-03
[2026-01-30 19:08:12][INFO] [Epoch 025] MSE Loss=632.010852 | PDE Loss=1685.763290 | λ_pde=3.775e-11 | LR=4.69e-03
[2026-01-30 19:11:42][INFO] [Epoch 026] MSE Loss=645.518437 | PDE Loss=1698.347208 | λ_pde=1.389e-11 | LR=4.67e-03
[2026-01-30 19:15:15][INFO] [Epoch 027] MSE Loss=613.969450 | PDE Loss=1967.579467 | λ_pde=5.109e-12 | LR=4.64e-03
[2026-01-30 19:18:45][INFO] [Epoch 028] MSE Loss=633.431569 | PDE Loss=2346.511805 | λ_pde=1.880e-12 | LR=4.61e-03
[2026-01-30 19:22:17][INFO] [Epoch 029] MSE Loss=598.224117 | PDE Loss=2719.105396 | λ_pde=6.914e-13 | LR=4.58e-03
[2026-01-30 19:25:48][INFO] [Epoch 030] MSE Loss=581.140283 | PDE Loss=3285.747675 | λ_pde=2.544e-13 | LR=4.55e-03
[2026-01-30 19:29:18][INFO] [Epoch 031] MSE Loss=627.801681 | PDE Loss=3420.417382 | λ_pde=9.358e-14 | LR=4.52e-03
[2026-01-30 19:32:51][INFO] [Epoch 032] MSE Loss=752.283002 | PDE Loss=3477.001444 | λ_pde=3.442e-14 | LR=4.49e-03
[2026-01-30 19:36:18][INFO] [Epoch 033] MSE Loss=604.874729 | PDE Loss=3679.733882 | λ_pde=1.266e-14 | LR=4.46e-03
[2026-01-30 19:39:49][INFO] [Epoch 034] MSE Loss=611.126138 | PDE Loss=3782.069795 | λ_pde=4.659e-15 | LR=4.43e-03
[2026-01-30 19:43:20][INFO] [Epoch 035] MSE Loss=725.256095 | PDE Loss=3993.569121 | λ_pde=1.714e-15 | LR=4.39e-03
[2026-01-30 19:46:45][INFO] [Epoch 036] MSE Loss=610.115106 | PDE Loss=4198.515197 | λ_pde=6.305e-16 | LR=4.36e-03
[2026-01-30 19:50:15][INFO] [Epoch 037] MSE Loss=627.540568 | PDE Loss=4342.811731 | λ_pde=2.320e-16 | LR=4.32e-03
[2026-01-30 19:53:43][INFO] [Epoch 038] MSE Loss=558.963876 | PDE Loss=4639.328430 | λ_pde=8.533e-17 | LR=2.14e-03
[2026-01-30 19:57:09][INFO] [Epoch 039] MSE Loss=561.721942 | PDE Loss=4650.368774 | λ_pde=3.139e-17 | LR=2.13e-03
[2026-01-30 20:00:40][INFO] [Epoch 040] MSE Loss=547.817720 | PDE Loss=4886.250848 | λ_pde=1.155e-17 | LR=2.11e-03
[2026-01-30 20:04:08][INFO] [Epoch 041] MSE Loss=537.572170 | PDE Loss=5036.479679 | λ_pde=4.248e-18 | LR=2.09e-03
[2026-01-30 20:07:34][INFO] [Epoch 042] MSE Loss=580.955618 | PDE Loss=5223.926126 | λ_pde=1.563e-18 | LR=2.07e-03
[2026-01-30 20:11:01][INFO] [Epoch 043] MSE Loss=567.929812 | PDE Loss=5492.852716 | λ_pde=5.750e-19 | LR=2.05e-03
[2026-01-30 20:14:29][INFO] [Epoch 044] MSE Loss=543.447496 | PDE Loss=5732.228855 | λ_pde=2.115e-19 | LR=2.03e-03
[2026-01-30 20:17:58][INFO] [Epoch 045] MSE Loss=598.661303 | PDE Loss=5939.136428 | λ_pde=7.781e-20 | LR=2.01e-03
[2026-01-30 20:21:31][INFO] [Epoch 046] MSE Loss=537.121676 | PDE Loss=6235.032282 | λ_pde=2.863e-20 | LR=1.99e-03
[2026-01-30 20:24:59][INFO] [Epoch 047] MSE Loss=532.409767 | PDE Loss=6527.128068 | λ_pde=1.053e-20 | LR=1.96e-03
[2026-01-30 20:28:27][INFO] [Epoch 048] MSE Loss=526.947888 | PDE Loss=7002.183531 | λ_pde=3.874e-21 | LR=1.94e-03
[2026-01-30 20:31:55][INFO] [Epoch 049] MSE Loss=524.698308 | PDE Loss=7328.002036 | λ_pde=1.425e-21 | LR=1.92e-03
[2026-01-30 20:35:28][INFO] [Epoch 050] MSE Loss=560.290591 | PDE Loss=7892.857768 | λ_pde=5.243e-22 | LR=1.90e-03
[2026-01-30 20:38:56][INFO] [Epoch 051] MSE Loss=520.181089 | PDE Loss=8493.927710 | λ_pde=1.929e-22 | LR=1.88e-03
[2026-01-30 20:42:25][INFO] [Epoch 052] MSE Loss=523.696953 | PDE Loss=8942.735968 | λ_pde=7.095e-23 | LR=1.85e-03
[2026-01-30 20:45:56][INFO] [Epoch 053] MSE Loss=546.848713 | PDE Loss=9530.807361 | λ_pde=2.610e-23 | LR=1.83e-03
[2026-01-30 20:49:24][INFO] [Epoch 054] MSE Loss=546.255693 | PDE Loss=10304.974859 | λ_pde=9.603e-24 | LR=1.81e-03
[2026-01-30 20:52:53][INFO] [Epoch 055] MSE Loss=533.939002 | PDE Loss=10708.736030 | λ_pde=3.533e-24 | LR=1.78e-03
[2026-01-30 20:56:25][INFO] [Epoch 056] MSE Loss=522.372252 | PDE Loss=11712.248864 | λ_pde=1.300e-24 | LR=1.76e-03
[2026-01-30 20:59:57][INFO] [Epoch 057] MSE Loss=527.591313 | PDE Loss=12471.551571 | λ_pde=4.781e-25 | LR=1.74e-03
[2026-01-30 21:03:30][INFO] [Epoch 058] MSE Loss=502.422364 | PDE Loss=13384.714823 | λ_pde=1.759e-25 | LR=1.71e-03
[2026-01-30 21:07:01][INFO] [Epoch 059] MSE Loss=526.382435 | PDE Loss=14497.724298 | λ_pde=6.470e-26 | LR=1.69e-03
[2026-01-30 21:10:27][INFO] [Epoch 060] MSE Loss=501.132380 | PDE Loss=15322.149587 | λ_pde=2.380e-26 | LR=1.66e-03
[2026-01-30 21:13:57][INFO] [Epoch 061] MSE Loss=503.403573 | PDE Loss=16285.016290 | λ_pde=8.757e-27 | LR=1.64e-03
[2026-01-30 21:17:30][INFO] [Epoch 062] MSE Loss=527.349750 | PDE Loss=17471.209566 | λ_pde=3.221e-27 | LR=1.61e-03
[2026-01-30 21:20:59][INFO] [Epoch 063] MSE Loss=506.918769 | PDE Loss=18440.331990 | λ_pde=1.185e-27 | LR=1.59e-03
[2026-01-30 21:24:30][INFO] [Epoch 064] MSE Loss=484.326518 | PDE Loss=19636.685228 | λ_pde=4.360e-28 | LR=1.56e-03
[2026-01-30 21:27:59][INFO] [Epoch 065] MSE Loss=488.057163 | PDE Loss=21005.070867 | λ_pde=1.604e-28 | LR=1.54e-03
[2026-01-30 21:31:29][INFO] [Epoch 066] MSE Loss=544.089807 | PDE Loss=21683.448748 | λ_pde=5.900e-29 | LR=1.51e-03
[2026-01-30 21:35:00][INFO] [Epoch 067] MSE Loss=527.276309 | PDE Loss=23392.567902 | λ_pde=2.171e-29 | LR=1.49e-03
[2026-01-30 21:38:31][INFO] [Epoch 068] MSE Loss=485.776693 | PDE Loss=24020.620373 | λ_pde=7.985e-30 | LR=1.46e-03
[2026-01-30 21:42:05][INFO] [Epoch 069] MSE Loss=493.745403 | PDE Loss=25071.245457 | λ_pde=2.937e-30 | LR=1.44e-03
[2026-01-30 21:45:36][INFO] [Epoch 070] MSE Loss=497.665036 | PDE Loss=26786.903064 | λ_pde=1.081e-30 | LR=1.41e-03
[2026-01-30 21:49:08][INFO] [Epoch 071] MSE Loss=476.647626 | PDE Loss=27538.855746 | λ_pde=3.975e-31 | LR=1.38e-03
[2026-01-30 21:52:40][INFO] [Epoch 072] MSE Loss=481.489226 | PDE Loss=28467.957308 | λ_pde=1.462e-31 | LR=1.36e-03
[2026-01-30 21:56:08][INFO] [Epoch 073] MSE Loss=487.338746 | PDE Loss=30626.167248 | λ_pde=5.380e-32 | LR=1.33e-03
[2026-01-30 21:59:38][INFO] [Epoch 074] MSE Loss=478.190777 | PDE Loss=32694.413342 | λ_pde=1.979e-32 | LR=1.31e-03
[2026-01-30 22:03:09][INFO] [Epoch 075] MSE Loss=474.499845 | PDE Loss=34244.535489 | λ_pde=7.281e-33 | LR=1.28e-03
[2026-01-30 22:06:37][INFO] [Epoch 076] MSE Loss=478.102074 | PDE Loss=35836.932209 | λ_pde=2.679e-33 | LR=1.25e-03
[2026-01-30 22:10:06][INFO] [Epoch 077] MSE Loss=476.947634 | PDE Loss=37874.193983 | λ_pde=9.854e-34 | LR=1.23e-03
[2026-01-30 22:13:40][INFO] [Epoch 078] MSE Loss=471.632713 | PDE Loss=40163.561724 | λ_pde=3.625e-34 | LR=1.20e-03
[2026-01-30 22:17:10][INFO] [Epoch 079] MSE Loss=481.814013 | PDE Loss=42690.935893 | λ_pde=1.334e-34 | LR=1.18e-03
[2026-01-30 22:20:41][INFO] [Epoch 080] MSE Loss=467.373341 | PDE Loss=44138.856549 | λ_pde=4.906e-35 | LR=1.15e-03
[2026-01-30 22:24:12][INFO] [Epoch 081] MSE Loss=457.240881 | PDE Loss=46415.684453 | λ_pde=1.805e-35 | LR=1.12e-03
[2026-01-30 22:27:44][INFO] [Epoch 082] MSE Loss=470.728166 | PDE Loss=49979.713930 | λ_pde=6.640e-36 | LR=1.10e-03
[2026-01-30 22:31:16][INFO] [Epoch 083] MSE Loss=467.800356 | PDE Loss=52780.511469 | λ_pde=2.443e-36 | LR=1.07e-03
[2026-01-30 22:34:49][INFO] [Epoch 084] MSE Loss=455.700306 | PDE Loss=54100.651707 | λ_pde=8.986e-37 | LR=1.05e-03
[2026-01-30 22:38:24][INFO] [Epoch 085] MSE Loss=461.827713 | PDE Loss=57083.415946 | λ_pde=3.306e-37 | LR=1.02e-03
[2026-01-30 22:41:53][INFO] [Epoch 086] MSE Loss=454.154180 | PDE Loss=59092.226950 | λ_pde=1.216e-37 | LR=9.96e-04
[2026-01-30 22:45:24][INFO] [Epoch 087] MSE Loss=449.229849 | PDE Loss=61532.818484 | λ_pde=4.474e-38 | LR=9.70e-04
[2026-01-30 22:48:52][INFO] [Epoch 088] MSE Loss=446.523160 | PDE Loss=63399.799535 | λ_pde=1.646e-38 | LR=9.45e-04
[2026-01-30 22:52:20][INFO] [Epoch 089] MSE Loss=447.573777 | PDE Loss=64712.590315 | λ_pde=6.055e-39 | LR=9.20e-04
[2026-01-30 22:55:50][INFO] [Epoch 090] MSE Loss=428.565650 | PDE Loss=66453.231937 | λ_pde=2.227e-39 | LR=8.95e-04
[2026-01-30 22:59:19][INFO] [Epoch 091] MSE Loss=438.981766 | PDE Loss=67821.282358 | λ_pde=8.194e-40 | LR=8.70e-04
[2026-01-30 23:02:50][INFO] [Epoch 092] MSE Loss=437.774071 | PDE Loss=69349.490691 | λ_pde=3.014e-40 | LR=8.45e-04
[2026-01-30 23:06:14][INFO] [Epoch 093] MSE Loss=438.140754 | PDE Loss=71771.072196 | λ_pde=1.109e-40 | LR=8.21e-04
[2026-01-30 23:09:44][INFO] [Epoch 094] MSE Loss=437.100140 | PDE Loss=73246.172374 | λ_pde=4.080e-41 | LR=7.96e-04
[2026-01-30 23:13:15][INFO] [Epoch 095] MSE Loss=435.490448 | PDE Loss=73907.844470 | λ_pde=1.501e-41 | LR=7.72e-04
[2026-01-30 23:16:48][INFO] [Epoch 096] MSE Loss=425.899169 | PDE Loss=75139.484375 | λ_pde=5.521e-42 | LR=7.48e-04
[2026-01-30 23:20:17][INFO] [Epoch 097] MSE Loss=431.780754 | PDE Loss=76494.112422 | λ_pde=2.031e-42 | LR=7.25e-04
[2026-01-30 23:23:50][INFO] [Epoch 098] MSE Loss=437.506301 | PDE Loss=78273.940603 | λ_pde=7.472e-43 | LR=7.01e-04
[2026-01-30 23:27:20][INFO] [Epoch 099] MSE Loss=435.956774 | PDE Loss=78584.785239 | λ_pde=2.749e-43 | LR=6.78e-04
[2026-01-30 23:30:49][INFO] [Epoch 100] MSE Loss=463.370525 | PDE Loss=79748.983378 | λ_pde=1.011e-43 | LR=6.55e-04
[2026-01-30 23:34:20][INFO] [Epoch 101] MSE Loss=440.071718 | PDE Loss=80733.111370 | λ_pde=3.720e-44 | LR=6.32e-04
[2026-01-30 23:37:47][INFO] [Epoch 102] MSE Loss=436.589452 | PDE Loss=81199.603280 | λ_pde=1.369e-44 | LR=6.10e-04
[2026-01-30 23:41:17][INFO] [Epoch 103] MSE Loss=435.733495 | PDE Loss=82155.102837 | λ_pde=5.035e-45 | LR=5.88e-04
[2026-01-30 23:44:48][INFO] [Epoch 104] MSE Loss=421.610172 | PDE Loss=81876.151263 | λ_pde=1.852e-45 | LR=2.83e-04
[2026-01-30 23:48:18][INFO] [Epoch 105] MSE Loss=421.526264 | PDE Loss=82765.269614 | λ_pde=6.814e-46 | LR=2.72e-04
[2026-01-30 23:51:52][INFO] [Epoch 106] MSE Loss=415.247496 | PDE Loss=82097.097850 | λ_pde=2.507e-46 | LR=2.62e-04
[2026-01-30 23:55:23][INFO] [Epoch 107] MSE Loss=421.441987 | PDE Loss=82440.330895 | λ_pde=9.221e-47 | LR=2.52e-04
[2026-01-30 23:58:55][INFO] [Epoch 108] MSE Loss=421.035908 | PDE Loss=82946.527371 | λ_pde=3.392e-47 | LR=2.42e-04
[2026-01-31 00:02:28][INFO] [Epoch 109] MSE Loss=422.083006 | PDE Loss=82779.931184 | λ_pde=1.248e-47 | LR=2.32e-04
[2026-01-31 00:05:56][INFO] [Epoch 110] MSE Loss=421.574306 | PDE Loss=82936.282580 | λ_pde=4.591e-48 | LR=2.22e-04
[2026-01-31 00:09:26][INFO] [Epoch 111] MSE Loss=418.491042 | PDE Loss=83401.544326 | λ_pde=1.689e-48 | LR=2.12e-04
[2026-01-31 00:12:59][INFO] [Epoch 112] MSE Loss=423.560811 | PDE Loss=83242.183732 | λ_pde=6.213e-49 | LR=2.03e-04
[2026-01-31 00:16:29][INFO] [Epoch 113] MSE Loss=419.033842 | PDE Loss=83114.673648 | λ_pde=2.286e-49 | LR=1.94e-04
[2026-01-31 00:19:58][INFO] [Epoch 114] MSE Loss=414.845488 | PDE Loss=83657.467199 | λ_pde=8.409e-50 | LR=9.22e-05
[2026-01-31 00:23:29][INFO] [Epoch 115] MSE Loss=414.259885 | PDE Loss=83089.533577 | λ_pde=3.093e-50 | LR=8.81e-05
[2026-01-31 00:27:03][INFO] [Epoch 116] MSE Loss=417.339460 | PDE Loss=83206.164229 | λ_pde=1.138e-50 | LR=8.40e-05
[2026-01-31 00:30:31][INFO] [Epoch 117] MSE Loss=414.512240 | PDE Loss=83707.875554 | λ_pde=4.186e-51 | LR=8.00e-05
[2026-01-31 00:34:04][INFO] [Epoch 118] MSE Loss=413.475808 | PDE Loss=83704.978502 | λ_pde=1.540e-51 | LR=7.61e-05
[2026-01-31 00:37:34][INFO] [Epoch 119] MSE Loss=412.980872 | PDE Loss=83885.625887 | λ_pde=5.666e-52 | LR=7.23e-05
[2026-01-31 00:41:08][INFO] [Epoch 120] MSE Loss=418.241522 | PDE Loss=83503.359375 | λ_pde=2.084e-52 | LR=6.86e-05
[2026-01-31 00:44:39][INFO] [Epoch 121] MSE Loss=414.810903 | PDE Loss=83608.581449 | λ_pde=7.668e-53 | LR=6.50e-05
[2026-01-31 00:48:12][INFO] [Epoch 122] MSE Loss=413.400458 | PDE Loss=83824.252881 | λ_pde=2.821e-53 | LR=6.15e-05
[2026-01-31 00:51:45][INFO] [Epoch 123] MSE Loss=413.921506 | PDE Loss=83663.077571 | λ_pde=1.038e-53 | LR=5.81e-05
[2026-01-31 00:55:12][INFO] [Epoch 124] MSE Loss=412.567007 | PDE Loss=84046.899601 | λ_pde=3.817e-54 | LR=5.48e-05
[2026-01-31 00:58:41][INFO] [Epoch 125] MSE Loss=414.027845 | PDE Loss=83756.634419 | λ_pde=1.404e-54 | LR=5.17e-05
[2026-01-31 01:02:09][INFO] [Epoch 126] MSE Loss=413.071438 | PDE Loss=83973.811059 | λ_pde=5.166e-55 | LR=4.86e-05
[2026-01-31 01:05:36][INFO] [Epoch 127] MSE Loss=412.838279 | PDE Loss=83743.045656 | λ_pde=1.901e-55 | LR=4.56e-05
[2026-01-31 01:09:06][INFO] [Epoch 128] MSE Loss=413.572334 | PDE Loss=84146.700355 | λ_pde=6.992e-56 | LR=4.28e-05
[2026-01-31 01:12:34][INFO] [Epoch 129] MSE Loss=414.115509 | PDE Loss=84016.287012 | λ_pde=2.572e-56 | LR=4.00e-05
[2026-01-31 01:16:05][INFO] [Epoch 130] MSE Loss=412.564656 | PDE Loss=84202.523493 | λ_pde=9.463e-57 | LR=3.74e-05
[2026-01-31 01:19:34][INFO] [Epoch 131] MSE Loss=412.468368 | PDE Loss=84146.465315 | λ_pde=3.481e-57 | LR=3.49e-05
[2026-01-31 01:23:04][INFO] [Epoch 132] MSE Loss=412.770767 | PDE Loss=84095.166113 | λ_pde=1.281e-57 | LR=3.25e-05
[2026-01-31 01:26:33][INFO] [Epoch 133] MSE Loss=411.940119 | PDE Loss=83964.862921 | λ_pde=4.711e-58 | LR=3.02e-05
[2026-01-31 01:30:04][INFO] [Epoch 134] MSE Loss=412.487545 | PDE Loss=84164.922872 | λ_pde=1.733e-58 | LR=2.81e-05
[2026-01-31 01:33:32][INFO] [Epoch 135] MSE Loss=413.105094 | PDE Loss=84098.162677 | λ_pde=6.376e-59 | LR=2.60e-05
[2026-01-31 01:37:00][INFO] [Epoch 136] MSE Loss=411.926029 | PDE Loss=83962.618573 | λ_pde=2.346e-59 | LR=2.41e-05
[2026-01-31 01:40:28][INFO] [Epoch 137] MSE Loss=412.397454 | PDE Loss=84388.559176 | λ_pde=8.629e-60 | LR=2.23e-05
[2026-01-31 01:43:55][INFO] [Epoch 138] MSE Loss=411.847658 | PDE Loss=84077.143839 | λ_pde=3.174e-60 | LR=2.06e-05
[2026-01-31 01:47:27][INFO] [Epoch 139] MSE Loss=411.698295 | PDE Loss=84382.929521 | λ_pde=1.168e-60 | LR=1.90e-05
[2026-01-31 01:51:00][INFO] [Epoch 140] MSE Loss=411.590392 | PDE Loss=84297.269504 | λ_pde=4.296e-61 | LR=1.76e-05
[2026-01-31 01:54:30][INFO] [Epoch 141] MSE Loss=411.829665 | PDE Loss=84442.035683 | λ_pde=1.580e-61 | LR=1.63e-05
[2026-01-31 01:58:03][INFO] [Epoch 142] MSE Loss=412.424591 | PDE Loss=84093.118573 | λ_pde=5.814e-62 | LR=1.51e-05
[2026-01-31 02:01:34][INFO] [Epoch 143] MSE Loss=411.816500 | PDE Loss=84158.070922 | λ_pde=2.139e-62 | LR=1.40e-05
[2026-01-31 02:05:01][INFO] [Epoch 144] MSE Loss=411.496840 | PDE Loss=84274.080785 | λ_pde=7.868e-63 | LR=1.31e-05
[2026-01-31 02:08:32][INFO] [Epoch 145] MSE Loss=411.277696 | PDE Loss=84430.297097 | λ_pde=2.895e-63 | LR=1.23e-05
[2026-01-31 02:12:04][INFO] [Epoch 146] MSE Loss=411.566633 | PDE Loss=84386.763187 | λ_pde=1.065e-63 | LR=1.16e-05
[2026-01-31 02:15:34][INFO] [Epoch 147] MSE Loss=411.649445 | PDE Loss=84469.660461 | λ_pde=3.917e-64 | LR=1.10e-05
[2026-01-31 02:19:04][INFO] [Epoch 148] MSE Loss=411.663860 | PDE Loss=84278.269060 | λ_pde=1.441e-64 | LR=1.06e-05
[2026-01-31 02:22:30][INFO] [Epoch 149] MSE Loss=411.495688 | PDE Loss=84365.541556 | λ_pde=5.302e-65 | LR=1.03e-05
[2026-01-31 02:26:00][INFO] [Epoch 150] MSE Loss=411.227326 | PDE Loss=84273.158023 | λ_pde=1.950e-65 | LR=1.01e-05
[2026-01-31 02:29:33][INFO] [Epoch 151] MSE Loss=411.287784 | PDE Loss=84386.416888 | λ_pde=7.175e-66 | LR=1.00e-05
[2026-01-31 02:33:02][INFO] [Epoch 152] MSE Loss=412.018481 | PDE Loss=84267.914340 | λ_pde=2.640e-66 | LR=1.05e-05
[2026-01-31 02:36:34][INFO] [Epoch 153] MSE Loss=411.188286 | PDE Loss=84426.668661 | λ_pde=9.710e-67 | LR=1.22e-05
[2026-01-31 02:40:07][INFO] [Epoch 154] MSE Loss=411.476448 | PDE Loss=84463.558511 | λ_pde=3.572e-67 | LR=1.49e-05
[2026-01-31 02:43:34][INFO] [Epoch 155] MSE Loss=411.687693 | PDE Loss=84295.512301 | λ_pde=1.314e-67 | LR=1.88e-05
[2026-01-31 02:47:01][INFO] [Epoch 156] MSE Loss=412.457357 | PDE Loss=84229.362589 | λ_pde=4.835e-68 | LR=2.37e-05
[2026-01-31 02:50:29][INFO] [Epoch 157] MSE Loss=411.938672 | PDE Loss=84696.642952 | λ_pde=1.779e-68 | LR=2.97e-05
[2026-01-31 02:53:57][INFO] [Epoch 158] MSE Loss=411.366649 | PDE Loss=84224.318816 | λ_pde=6.543e-69 | LR=1.84e-05
[2026-01-31 02:57:25][INFO] [Epoch 159] MSE Loss=411.663972 | PDE Loss=84267.058400 | λ_pde=2.407e-69 | LR=2.09e-05
[2026-01-31 03:00:50][INFO] [Epoch 160] MSE Loss=411.527516 | PDE Loss=84469.269836 | λ_pde=8.855e-70 | LR=2.38e-05
[2026-01-31 03:04:22][INFO] [Epoch 161] MSE Loss=411.905391 | PDE Loss=84303.176308 | λ_pde=3.257e-70 | LR=2.71e-05
[2026-01-31 03:07:53][INFO] [Epoch 162] MSE Loss=411.729358 | PDE Loss=84390.659020 | λ_pde=1.198e-70 | LR=3.06e-05
[2026-01-31 03:11:24][INFO] [Epoch 163] MSE Loss=412.457860 | PDE Loss=84792.881316 | λ_pde=4.409e-71 | LR=3.45e-05
[2026-01-31 03:14:53][INFO] [Epoch 164] MSE Loss=412.236974 | PDE Loss=84594.125554 | λ_pde=1.622e-71 | LR=3.88e-05
[2026-01-31 03:18:27][INFO] [Epoch 165] MSE Loss=411.619447 | PDE Loss=84718.258976 | λ_pde=5.966e-72 | LR=2.17e-05
[2026-01-31 03:21:58][INFO] [Epoch 166] MSE Loss=411.869822 | PDE Loss=84649.897828 | λ_pde=2.195e-72 | LR=2.34e-05
[2026-01-31 03:25:29][INFO] [Epoch 167] MSE Loss=411.734210 | PDE Loss=84434.195479 | λ_pde=8.075e-73 | LR=2.52e-05
[2026-01-31 03:28:57][INFO] [Epoch 168] MSE Loss=411.708063 | PDE Loss=84776.702903 | λ_pde=2.970e-73 | LR=2.72e-05
[2026-01-31 03:31:59][INFO] [Epoch 169] MSE Loss=411.328875 | PDE Loss=84796.664672 | λ_pde=1.093e-73 | LR=2.92e-05
[2026-01-31 03:33:33][INFO] [Epoch 170] MSE Loss=412.156305 | PDE Loss=84593.879987 | λ_pde=4.020e-74 | LR=3.14e-05
[2026-01-31 03:34:28][INFO] [Epoch 171] MSE Loss=413.116875 | PDE Loss=84823.888298 | λ_pde=1.479e-74 | LR=3.37e-05
[2026-01-31 03:35:23][INFO] [Epoch 172] MSE Loss=411.458498 | PDE Loss=84843.431073 | λ_pde=5.441e-75 | LR=1.80e-05
[2026-01-31 03:36:19][INFO] [Epoch 173] MSE Loss=411.313096 | PDE Loss=84784.850842 | λ_pde=2.001e-75 | LR=1.88e-05
[2026-01-31 03:37:15][INFO] [Epoch 174] MSE Loss=411.043434 | PDE Loss=84571.996897 | λ_pde=7.363e-76 | LR=1.96e-05
[2026-01-31 03:38:12][INFO] [Epoch 175] MSE Loss=411.041447 | PDE Loss=84743.657137 | λ_pde=2.709e-76 | LR=2.04e-05
[2026-01-31 03:39:08][INFO] [Epoch 176] MSE Loss=412.314782 | PDE Loss=84652.315714 | λ_pde=9.965e-77 | LR=2.13e-05
[2026-01-31 03:40:01][INFO] [Epoch 177] MSE Loss=411.120465 | PDE Loss=84983.447030 | λ_pde=3.666e-77 | LR=2.22e-05
[2026-01-31 03:40:56][INFO] [Epoch 178] MSE Loss=411.222978 | PDE Loss=84951.511746 | λ_pde=1.349e-77 | LR=2.31e-05
[2026-01-31 03:41:50][INFO] [Epoch 179] MSE Loss=411.562819 | PDE Loss=84864.613032 | λ_pde=4.961e-78 | LR=2.41e-05
[2026-01-31 03:42:46][INFO] [Epoch 180] MSE Loss=411.282627 | PDE Loss=84516.007979 | λ_pde=1.825e-78 | LR=2.51e-05
[2026-01-31 03:43:43][INFO] [Epoch 181] MSE Loss=411.269352 | PDE Loss=85062.072695 | λ_pde=6.714e-79 | LR=2.61e-05
[2026-01-31 03:44:37][INFO] [Epoch 182] MSE Loss=410.965813 | PDE Loss=84749.090093 | λ_pde=2.470e-79 | LR=1.36e-05
[2026-01-31 03:45:34][INFO] [Epoch 183] MSE Loss=410.741663 | PDE Loss=84982.262965 | λ_pde=9.087e-80 | LR=1.38e-05
[2026-01-31 03:46:31][INFO] [Epoch 184] MSE Loss=410.736500 | PDE Loss=84886.787123 | λ_pde=3.343e-80 | LR=1.40e-05
[2026-01-31 03:47:25][INFO] [Epoch 185] MSE Loss=410.750820 | PDE Loss=84975.353613 | λ_pde=1.230e-80 | LR=1.43e-05
[2026-01-31 03:48:21][INFO] [Epoch 186] MSE Loss=411.398215 | PDE Loss=84765.430186 | λ_pde=4.524e-81 | LR=1.45e-05
[2026-01-31 03:49:16][INFO] [Epoch 187] MSE Loss=411.002160 | PDE Loss=84982.710439 | λ_pde=1.664e-81 | LR=1.48e-05
[2026-01-31 03:50:12][INFO] [Epoch 188] MSE Loss=411.037766 | PDE Loss=84975.632425 | λ_pde=6.123e-82 | LR=1.50e-05
[2026-01-31 03:51:10][INFO] [Epoch 189] MSE Loss=410.957769 | PDE Loss=84884.629211 | λ_pde=2.252e-82 | LR=1.53e-05
[2026-01-31 03:52:07][INFO] [Epoch 190] MSE Loss=410.813141 | PDE Loss=85050.465869 | λ_pde=8.286e-83 | LR=1.55e-05
[2026-01-31 03:53:02][INFO] [Epoch 191] MSE Loss=410.501907 | PDE Loss=85110.433067 | λ_pde=3.048e-83 | LR=1.00e-05
[2026-01-31 03:53:58][INFO] [Epoch 192] MSE Loss=410.601555 | PDE Loss=84949.617686 | λ_pde=1.121e-83 | LR=1.00e-05
[2026-01-31 03:54:54][INFO] [Epoch 193] MSE Loss=410.500655 | PDE Loss=84980.995789 | λ_pde=4.125e-84 | LR=1.00e-05
[2026-01-31 03:55:49][INFO] [Epoch 194] MSE Loss=410.785536 | PDE Loss=84938.355607 | λ_pde=1.518e-84 | LR=1.00e-05
[2026-01-31 03:56:46][INFO] [Epoch 195] MSE Loss=410.579509 | PDE Loss=84917.501551 | λ_pde=5.583e-85 | LR=1.00e-05
[2026-01-31 03:57:41][INFO] [Epoch 196] MSE Loss=410.607656 | PDE Loss=84910.593528 | λ_pde=2.054e-85 | LR=1.00e-05
[2026-01-31 03:58:35][INFO] [Epoch 197] MSE Loss=410.645597 | PDE Loss=85000.638852 | λ_pde=7.556e-86 | LR=1.00e-05
[2026-01-31 03:59:30][INFO] [Epoch 198] MSE Loss=410.525448 | PDE Loss=85020.280363 | λ_pde=2.780e-86 | LR=1.00e-05
[2026-01-31 04:00:22][INFO] [Epoch 199] MSE Loss=410.800097 | PDE Loss=84991.149269 | λ_pde=1.023e-86 | LR=1.00e-05
[2026-01-31 04:01:11][INFO] [Epoch 200] MSE Loss=410.525691 | PDE Loss=85127.764074 | λ_pde=3.762e-87 | LR=1.00e-05
[2026-01-31 04:01:11][INFO] 训练结束，模型已保存至: /data/sda/zjc/comsol_pinn/checkpoints/M04d/exp08a/M04d_pinn.pt
[2026-01-31 04:01:11][INFO] ========== 训练结束 ==========
