[2026-01-20 16:33:03][INFO] 日志文件创建于: /data/sda/zjc/comsol_pinn/logs/M03/exp01/train_20260120_163303_gpu1_pid633449.log
[2026-01-20 16:33:03][INFO] 进程 PID: 633449
[2026-01-20 16:33:03][INFO] ========== FCNN-ANNEAL 训练开始 ==========
[2026-01-20 16:33:03][INFO] 使用设备: cuda
[2026-01-20 16:33:03][INFO] 训练参数: {'epochs': 120, 'lr': 0.005, 'batch_cases': 10, 'points_per_case': 10000, 'num_workers': 8, 'device': 'cuda', 'log_dir': 'logs/M03/exp01', 'ckpt_dir': 'checkpoints/M03/exp01'}
[2026-01-20 16:33:03][INFO] 数据集大小: 141 cases
[2026-01-20 16:33:03][INFO] 每 case 采样点数: 10000
[2026-01-20 16:33:05][INFO] 模型结构:
SimplePINN(
  (net): Sequential(
    (0): Linear(in_features=7, out_features=128, bias=True)
    (1): SiLU()
    (2): Linear(in_features=128, out_features=128, bias=True)
    (3): SiLU()
    (4): Linear(in_features=128, out_features=1, bias=True)
  )
)
[2026-01-20 16:33:05][INFO] 优化器: AdamW, 初始 lr=0.005, 调度策略: ReduceLROnPlateau(factor=0.5, patience=10)
[2026-01-20 16:35:26][INFO] [Epoch 001] MSE Loss = 58358.984896 | LR = 5.00e-03
[2026-01-20 16:37:49][INFO] [Epoch 002] MSE Loss = 18529.823893 | LR = 5.00e-03
[2026-01-20 16:40:10][INFO] [Epoch 003] MSE Loss = 11104.682878 | LR = 5.00e-03
[2026-01-20 16:42:31][INFO] [Epoch 004] MSE Loss = 8298.942676 | LR = 5.00e-03
[2026-01-20 16:44:51][INFO] [Epoch 005] MSE Loss = 6688.416569 | LR = 5.00e-03
[2026-01-20 16:47:15][INFO] [Epoch 006] MSE Loss = 6101.190527 | LR = 5.00e-03
[2026-01-20 16:49:38][INFO] [Epoch 007] MSE Loss = 5426.043685 | LR = 5.00e-03
[2026-01-20 16:51:56][INFO] [Epoch 008] MSE Loss = 6081.914062 | LR = 5.00e-03
[2026-01-20 16:54:15][INFO] [Epoch 009] MSE Loss = 5178.926628 | LR = 5.00e-03
[2026-01-20 16:56:33][INFO] [Epoch 010] MSE Loss = 5159.331885 | LR = 5.00e-03
[2026-01-20 16:58:53][INFO] [Epoch 011] MSE Loss = 4728.962760 | LR = 5.00e-03
[2026-01-20 17:01:16][INFO] [Epoch 012] MSE Loss = 4390.975423 | LR = 5.00e-03
[2026-01-20 17:03:37][INFO] [Epoch 013] MSE Loss = 3775.510864 | LR = 5.00e-03
[2026-01-20 17:06:00][INFO] [Epoch 014] MSE Loss = 3703.278483 | LR = 5.00e-03
[2026-01-20 17:08:23][INFO] [Epoch 015] MSE Loss = 4248.231738 | LR = 5.00e-03
[2026-01-20 17:10:49][INFO] [Epoch 016] MSE Loss = 3646.190715 | LR = 5.00e-03
[2026-01-20 17:13:13][INFO] [Epoch 017] MSE Loss = 3133.077458 | LR = 5.00e-03
[2026-01-20 17:15:36][INFO] [Epoch 018] MSE Loss = 3197.526042 | LR = 5.00e-03
[2026-01-20 17:17:55][INFO] [Epoch 019] MSE Loss = 3049.411711 | LR = 5.00e-03
[2026-01-20 17:20:11][INFO] [Epoch 020] MSE Loss = 2482.426400 | LR = 5.00e-03
[2026-01-20 17:22:31][INFO] [Epoch 021] MSE Loss = 2271.195150 | LR = 5.00e-03
[2026-01-20 17:24:50][INFO] [Epoch 022] MSE Loss = 2120.708842 | LR = 5.00e-03
[2026-01-20 17:27:09][INFO] [Epoch 023] MSE Loss = 2200.198543 | LR = 5.00e-03
[2026-01-20 17:29:27][INFO] [Epoch 024] MSE Loss = 2273.788867 | LR = 5.00e-03
[2026-01-20 17:31:44][INFO] [Epoch 025] MSE Loss = 2303.148649 | LR = 5.00e-03
[2026-01-20 17:34:04][INFO] [Epoch 026] MSE Loss = 2116.685946 | LR = 5.00e-03
[2026-01-20 17:36:23][INFO] [Epoch 027] MSE Loss = 1796.842733 | LR = 5.00e-03
[2026-01-20 17:38:46][INFO] [Epoch 028] MSE Loss = 1563.780880 | LR = 5.00e-03
[2026-01-20 17:41:05][INFO] [Epoch 029] MSE Loss = 1603.630408 | LR = 5.00e-03
[2026-01-20 17:45:46][INFO] [Epoch 030] MSE Loss = 1317.057007 | LR = 5.00e-03
[2026-01-20 17:50:38][INFO] [Epoch 031] MSE Loss = 1593.900484 | LR = 5.00e-03
[2026-01-20 17:55:40][INFO] [Epoch 032] MSE Loss = 1672.297774 | LR = 5.00e-03
[2026-01-20 18:00:38][INFO] [Epoch 033] MSE Loss = 1458.518278 | LR = 5.00e-03
[2026-01-20 18:05:43][INFO] [Epoch 034] MSE Loss = 1206.803357 | LR = 5.00e-03
[2026-01-20 18:10:46][INFO] [Epoch 035] MSE Loss = 1205.941191 | LR = 5.00e-03
[2026-01-20 18:15:42][INFO] [Epoch 036] MSE Loss = 926.707898 | LR = 5.00e-03
[2026-01-20 18:20:41][INFO] [Epoch 037] MSE Loss = 1180.503829 | LR = 5.00e-03
[2026-01-20 18:25:42][INFO] [Epoch 038] MSE Loss = 829.174215 | LR = 5.00e-03
[2026-01-20 18:30:38][INFO] [Epoch 039] MSE Loss = 752.552002 | LR = 5.00e-03
[2026-01-20 18:35:36][INFO] [Epoch 040] MSE Loss = 640.562785 | LR = 5.00e-03
[2026-01-20 18:40:35][INFO] [Epoch 041] MSE Loss = 609.049052 | LR = 5.00e-03
[2026-01-20 18:45:36][INFO] [Epoch 042] MSE Loss = 548.870886 | LR = 5.00e-03
[2026-01-20 18:50:37][INFO] [Epoch 043] MSE Loss = 528.762201 | LR = 5.00e-03
[2026-01-20 18:55:40][INFO] [Epoch 044] MSE Loss = 528.592096 | LR = 5.00e-03
[2026-01-20 19:00:43][INFO] [Epoch 045] MSE Loss = 383.168343 | LR = 5.00e-03
[2026-01-20 19:05:42][INFO] [Epoch 046] MSE Loss = 355.666921 | LR = 5.00e-03
[2026-01-20 19:10:38][INFO] [Epoch 047] MSE Loss = 341.802136 | LR = 5.00e-03
[2026-01-20 19:15:33][INFO] [Epoch 048] MSE Loss = 298.973177 | LR = 5.00e-03
[2026-01-20 19:20:26][INFO] [Epoch 049] MSE Loss = 278.005547 | LR = 5.00e-03
[2026-01-20 19:25:21][INFO] [Epoch 050] MSE Loss = 283.519151 | LR = 5.00e-03
[2026-01-20 19:30:20][INFO] [Epoch 051] MSE Loss = 232.414332 | LR = 5.00e-03
[2026-01-20 19:35:17][INFO] [Epoch 052] MSE Loss = 213.928472 | LR = 5.00e-03
[2026-01-20 19:40:15][INFO] [Epoch 053] MSE Loss = 217.587855 | LR = 5.00e-03
[2026-01-20 19:45:15][INFO] [Epoch 054] MSE Loss = 217.026630 | LR = 5.00e-03
[2026-01-20 19:50:12][INFO] [Epoch 055] MSE Loss = 190.790375 | LR = 5.00e-03
[2026-01-20 19:55:10][INFO] [Epoch 056] MSE Loss = 171.759869 | LR = 5.00e-03
[2026-01-20 20:00:09][INFO] [Epoch 057] MSE Loss = 177.565825 | LR = 5.00e-03
[2026-01-20 20:05:04][INFO] [Epoch 058] MSE Loss = 162.118683 | LR = 5.00e-03
[2026-01-20 20:09:57][INFO] [Epoch 059] MSE Loss = 154.063446 | LR = 5.00e-03
[2026-01-20 20:14:56][INFO] [Epoch 060] MSE Loss = 149.518679 | LR = 5.00e-03
[2026-01-20 20:19:55][INFO] [Epoch 061] MSE Loss = 151.475852 | LR = 5.00e-03
[2026-01-20 20:24:52][INFO] [Epoch 062] MSE Loss = 151.445789 | LR = 5.00e-03
[2026-01-20 20:29:52][INFO] [Epoch 063] MSE Loss = 151.918783 | LR = 5.00e-03
[2026-01-20 20:34:51][INFO] [Epoch 064] MSE Loss = 131.813550 | LR = 5.00e-03
[2026-01-20 20:39:46][INFO] [Epoch 065] MSE Loss = 124.256961 | LR = 5.00e-03
[2026-01-20 20:44:45][INFO] [Epoch 066] MSE Loss = 126.212392 | LR = 5.00e-03
[2026-01-20 20:49:40][INFO] [Epoch 067] MSE Loss = 119.183376 | LR = 5.00e-03
[2026-01-20 20:54:33][INFO] [Epoch 068] MSE Loss = 127.743882 | LR = 5.00e-03
[2026-01-20 20:59:30][INFO] [Epoch 069] MSE Loss = 120.536518 | LR = 5.00e-03
[2026-01-20 21:04:27][INFO] [Epoch 070] MSE Loss = 116.628854 | LR = 5.00e-03
[2026-01-20 21:09:25][INFO] [Epoch 071] MSE Loss = 129.375274 | LR = 5.00e-03
[2026-01-20 21:14:16][INFO] [Epoch 072] MSE Loss = 139.472369 | LR = 5.00e-03
[2026-01-20 21:19:16][INFO] [Epoch 073] MSE Loss = 121.498277 | LR = 5.00e-03
[2026-01-20 21:24:13][INFO] [Epoch 074] MSE Loss = 117.589839 | LR = 5.00e-03
[2026-01-20 21:29:13][INFO] [Epoch 075] MSE Loss = 109.810733 | LR = 5.00e-03
[2026-01-20 21:34:12][INFO] [Epoch 076] MSE Loss = 114.020607 | LR = 5.00e-03
[2026-01-20 21:39:12][INFO] [Epoch 077] MSE Loss = 109.584291 | LR = 5.00e-03
[2026-01-20 21:44:11][INFO] [Epoch 078] MSE Loss = 109.465744 | LR = 5.00e-03
[2026-01-20 21:49:06][INFO] [Epoch 079] MSE Loss = 107.092172 | LR = 5.00e-03
[2026-01-20 21:54:07][INFO] [Epoch 080] MSE Loss = 102.767505 | LR = 5.00e-03
[2026-01-20 21:59:04][INFO] [Epoch 081] MSE Loss = 102.804985 | LR = 5.00e-03
[2026-01-20 22:04:04][INFO] [Epoch 082] MSE Loss = 110.774262 | LR = 5.00e-03
[2026-01-20 22:09:07][INFO] [Epoch 083] MSE Loss = 107.918676 | LR = 5.00e-03
[2026-01-20 22:14:05][INFO] [Epoch 084] MSE Loss = 104.561499 | LR = 5.00e-03
[2026-01-20 22:19:02][INFO] [Epoch 085] MSE Loss = 97.011865 | LR = 5.00e-03
[2026-01-20 22:24:03][INFO] [Epoch 086] MSE Loss = 101.184246 | LR = 5.00e-03
[2026-01-20 22:28:56][INFO] [Epoch 087] MSE Loss = 97.939302 | LR = 5.00e-03
[2026-01-20 22:33:51][INFO] [Epoch 088] MSE Loss = 101.975381 | LR = 5.00e-03
[2026-01-20 22:38:47][INFO] [Epoch 089] MSE Loss = 105.100603 | LR = 5.00e-03
[2026-01-20 22:43:46][INFO] [Epoch 090] MSE Loss = 99.172754 | LR = 5.00e-03
[2026-01-20 22:48:44][INFO] [Epoch 091] MSE Loss = 94.032218 | LR = 5.00e-03
[2026-01-20 22:53:40][INFO] [Epoch 092] MSE Loss = 91.806011 | LR = 5.00e-03
[2026-01-20 22:58:38][INFO] [Epoch 093] MSE Loss = 115.744026 | LR = 5.00e-03
[2026-01-20 23:03:38][INFO] [Epoch 094] MSE Loss = 162.740726 | LR = 5.00e-03
[2026-01-20 23:08:37][INFO] [Epoch 095] MSE Loss = 176.447588 | LR = 5.00e-03
[2026-01-20 23:13:34][INFO] [Epoch 096] MSE Loss = 125.130131 | LR = 5.00e-03
[2026-01-20 23:18:33][INFO] [Epoch 097] MSE Loss = 95.745357 | LR = 5.00e-03
[2026-01-20 23:23:32][INFO] [Epoch 098] MSE Loss = 92.584725 | LR = 5.00e-03
[2026-01-20 23:28:31][INFO] [Epoch 099] MSE Loss = 94.812905 | LR = 5.00e-03
[2026-01-20 23:33:31][INFO] [Epoch 100] MSE Loss = 89.581364 | LR = 5.00e-03
[2026-01-20 23:38:26][INFO] [Epoch 101] MSE Loss = 89.062793 | LR = 5.00e-03
[2026-01-20 23:43:24][INFO] [Epoch 102] MSE Loss = 89.778282 | LR = 5.00e-03
[2026-01-20 23:48:22][INFO] [Epoch 103] MSE Loss = 90.950662 | LR = 5.00e-03
[2026-01-20 23:53:20][INFO] [Epoch 104] MSE Loss = 87.001292 | LR = 5.00e-03
[2026-01-20 23:58:18][INFO] [Epoch 105] MSE Loss = 86.765954 | LR = 5.00e-03
[2026-01-21 00:03:12][INFO] [Epoch 106] MSE Loss = 87.830133 | LR = 5.00e-03
[2026-01-21 00:08:12][INFO] [Epoch 107] MSE Loss = 84.020389 | LR = 5.00e-03
[2026-01-21 00:13:11][INFO] [Epoch 108] MSE Loss = 83.789103 | LR = 5.00e-03
[2026-01-21 00:18:10][INFO] [Epoch 109] MSE Loss = 89.139692 | LR = 5.00e-03
[2026-01-21 00:23:10][INFO] [Epoch 110] MSE Loss = 91.499906 | LR = 5.00e-03
[2026-01-21 00:28:10][INFO] [Epoch 111] MSE Loss = 86.818960 | LR = 5.00e-03
[2026-01-21 00:33:09][INFO] [Epoch 112] MSE Loss = 84.101758 | LR = 5.00e-03
[2026-01-21 00:38:09][INFO] [Epoch 113] MSE Loss = 83.967027 | LR = 5.00e-03
[2026-01-21 00:43:09][INFO] [Epoch 114] MSE Loss = 84.487912 | LR = 5.00e-03
[2026-01-21 00:48:07][INFO] [Epoch 115] MSE Loss = 81.772643 | LR = 5.00e-03
[2026-01-21 00:53:05][INFO] [Epoch 116] MSE Loss = 80.316356 | LR = 5.00e-03
[2026-01-21 00:58:03][INFO] [Epoch 117] MSE Loss = 82.604612 | LR = 5.00e-03
[2026-01-21 01:03:04][INFO] [Epoch 118] MSE Loss = 83.161121 | LR = 5.00e-03
[2026-01-21 01:08:01][INFO] [Epoch 119] MSE Loss = 88.438353 | LR = 5.00e-03
[2026-01-21 01:12:38][INFO] [Epoch 120] MSE Loss = 85.149825 | LR = 5.00e-03
