[2026-01-19 17:28:55][INFO] 日志文件创建于: /data/sda/zjc/comsol_pinn/logs/exp07/train_20260119_172855_gpu2_pid3644305.log
[2026-01-19 17:28:55][INFO] 进程 PID: 3644305
[2026-01-19 17:28:55][INFO] ========== FCNN-MVP 训练开始 ==========
[2026-01-19 17:28:55][INFO] 使用设备: cuda
[2026-01-19 17:28:55][INFO] 训练参数: {'epochs': 120, 'lr': 0.0001, 'batch_cases': 1, 'points_per_case': 8192, 'num_workers': 8, 'device': 'cuda', 'log_dir': 'logs/exp07', 'ckpt_dir': 'checkpoints/exp07'}
[2026-01-19 17:28:55][INFO] 数据集大小: 141 cases
[2026-01-19 17:28:55][INFO] 每 case 采样点数: 8192
[2026-01-19 17:28:57][INFO] 模型结构:
SimplePINN(
  (net): Sequential(
    (0): Linear(in_features=7, out_features=128, bias=True)
    (1): SiLU()
    (2): Linear(in_features=128, out_features=128, bias=True)
    (3): SiLU()
    (4): Linear(in_features=128, out_features=1, bias=True)
  )
)
[2026-01-19 17:28:57][INFO] 优化器: AdamW, lr=0.0001
[2026-01-19 17:31:17][INFO] [Epoch 001] MSE Loss = 97196.449634
[2026-01-19 17:33:37][INFO] [Epoch 002] MSE Loss = 72918.284935
[2026-01-19 17:35:58][INFO] [Epoch 003] MSE Loss = 39903.023382
[2026-01-19 17:38:20][INFO] [Epoch 004] MSE Loss = 19571.015985
[2026-01-19 17:40:44][INFO] [Epoch 005] MSE Loss = 14705.381462
[2026-01-19 17:43:04][INFO] [Epoch 006] MSE Loss = 13381.828312
[2026-01-19 17:45:25][INFO] [Epoch 007] MSE Loss = 12427.762259
[2026-01-19 17:47:45][INFO] [Epoch 008] MSE Loss = 11610.388492
[2026-01-19 17:50:05][INFO] [Epoch 009] MSE Loss = 10899.215619
[2026-01-19 17:52:30][INFO] [Epoch 010] MSE Loss = 10253.815229
[2026-01-19 17:54:51][INFO] [Epoch 011] MSE Loss = 9672.506490
[2026-01-19 17:57:11][INFO] [Epoch 012] MSE Loss = 9157.235165
[2026-01-19 17:59:36][INFO] [Epoch 013] MSE Loss = 8700.218892
[2026-01-19 18:01:56][INFO] [Epoch 014] MSE Loss = 8259.778272
[2026-01-19 18:04:21][INFO] [Epoch 015] MSE Loss = 7885.594716
[2026-01-19 18:06:37][INFO] [Epoch 016] MSE Loss = 7553.589667
[2026-01-19 18:08:57][INFO] [Epoch 017] MSE Loss = 7263.130991
[2026-01-19 18:11:19][INFO] [Epoch 018] MSE Loss = 7021.981577
[2026-01-19 18:13:38][INFO] [Epoch 019] MSE Loss = 6826.351351
[2026-01-19 18:16:04][INFO] [Epoch 020] MSE Loss = 6674.332191
[2026-01-19 18:18:25][INFO] [Epoch 021] MSE Loss = 6533.220738
[2026-01-19 18:20:47][INFO] [Epoch 022] MSE Loss = 6424.274807
[2026-01-19 18:23:06][INFO] [Epoch 023] MSE Loss = 6297.262157
[2026-01-19 18:25:28][INFO] [Epoch 024] MSE Loss = 6231.666442
[2026-01-19 18:27:48][INFO] [Epoch 025] MSE Loss = 6135.761684
[2026-01-19 18:30:12][INFO] [Epoch 026] MSE Loss = 6045.055268
[2026-01-19 18:32:33][INFO] [Epoch 027] MSE Loss = 5976.821672
[2026-01-19 18:34:51][INFO] [Epoch 028] MSE Loss = 5910.720031
[2026-01-19 18:37:11][INFO] [Epoch 029] MSE Loss = 5861.772625
[2026-01-19 18:39:32][INFO] [Epoch 030] MSE Loss = 5802.431594
[2026-01-19 18:41:52][INFO] [Epoch 031] MSE Loss = 5708.325488
[2026-01-19 18:44:14][INFO] [Epoch 032] MSE Loss = 5668.626338
[2026-01-19 18:46:36][INFO] [Epoch 033] MSE Loss = 5626.041739
[2026-01-19 18:48:55][INFO] [Epoch 034] MSE Loss = 5558.479508
[2026-01-19 18:51:16][INFO] [Epoch 035] MSE Loss = 5516.716975
[2026-01-19 18:53:33][INFO] [Epoch 036] MSE Loss = 5459.745448
[2026-01-19 18:55:54][INFO] [Epoch 037] MSE Loss = 5437.320640
[2026-01-19 18:58:14][INFO] [Epoch 038] MSE Loss = 5372.544354
[2026-01-19 19:00:32][INFO] [Epoch 039] MSE Loss = 5333.144254
[2026-01-19 19:02:50][INFO] [Epoch 040] MSE Loss = 5278.766506
[2026-01-19 19:05:12][INFO] [Epoch 041] MSE Loss = 5229.868472
[2026-01-19 19:07:28][INFO] [Epoch 042] MSE Loss = 5209.831681
[2026-01-19 19:09:47][INFO] [Epoch 043] MSE Loss = 5175.698211
[2026-01-19 19:12:03][INFO] [Epoch 044] MSE Loss = 5126.410042
[2026-01-19 19:14:22][INFO] [Epoch 045] MSE Loss = 5050.463317
[2026-01-19 19:16:39][INFO] [Epoch 046] MSE Loss = 5036.551178
[2026-01-19 19:18:56][INFO] [Epoch 047] MSE Loss = 4980.569500
[2026-01-19 19:21:18][INFO] [Epoch 048] MSE Loss = 4927.048475
[2026-01-19 19:23:37][INFO] [Epoch 049] MSE Loss = 4930.321696
[2026-01-19 19:25:57][INFO] [Epoch 050] MSE Loss = 4853.875291
[2026-01-19 19:28:17][INFO] [Epoch 051] MSE Loss = 4826.955869
[2026-01-19 19:30:35][INFO] [Epoch 052] MSE Loss = 4774.510456
[2026-01-19 19:32:54][INFO] [Epoch 053] MSE Loss = 4733.469396
[2026-01-19 19:35:12][INFO] [Epoch 054] MSE Loss = 4699.040429
[2026-01-19 19:37:30][INFO] [Epoch 055] MSE Loss = 4672.746677
[2026-01-19 19:39:53][INFO] [Epoch 056] MSE Loss = 4638.557190
[2026-01-19 19:42:12][INFO] [Epoch 057] MSE Loss = 4557.578496
[2026-01-19 19:44:29][INFO] [Epoch 058] MSE Loss = 4525.184128
[2026-01-19 19:46:48][INFO] [Epoch 059] MSE Loss = 4502.676545
[2026-01-19 19:49:08][INFO] [Epoch 060] MSE Loss = 4494.834137
[2026-01-19 19:51:27][INFO] [Epoch 061] MSE Loss = 4423.046893
[2026-01-19 19:53:49][INFO] [Epoch 062] MSE Loss = 4403.401958
[2026-01-19 19:56:09][INFO] [Epoch 063] MSE Loss = 4361.073498
[2026-01-19 19:58:29][INFO] [Epoch 064] MSE Loss = 4305.778129
[2026-01-19 20:00:46][INFO] [Epoch 065] MSE Loss = 4260.146760
[2026-01-19 20:03:05][INFO] [Epoch 066] MSE Loss = 4225.832733
[2026-01-19 20:05:25][INFO] [Epoch 067] MSE Loss = 4192.915613
[2026-01-19 20:07:46][INFO] [Epoch 068] MSE Loss = 4159.285509
[2026-01-19 20:10:03][INFO] [Epoch 069] MSE Loss = 4112.478762
[2026-01-19 20:12:22][INFO] [Epoch 070] MSE Loss = 4076.915017
[2026-01-19 20:14:41][INFO] [Epoch 071] MSE Loss = 4048.310765
[2026-01-19 20:17:00][INFO] [Epoch 072] MSE Loss = 3999.118443
[2026-01-19 20:19:19][INFO] [Epoch 073] MSE Loss = 3955.335225
[2026-01-19 20:21:38][INFO] [Epoch 074] MSE Loss = 3947.742697
[2026-01-19 20:24:02][INFO] [Epoch 075] MSE Loss = 3898.730756
[2026-01-19 20:26:22][INFO] [Epoch 076] MSE Loss = 3866.936576
[2026-01-19 20:28:39][INFO] [Epoch 077] MSE Loss = 3809.138643
[2026-01-19 20:30:56][INFO] [Epoch 078] MSE Loss = 3762.899211
[2026-01-19 20:33:12][INFO] [Epoch 079] MSE Loss = 3727.842626
[2026-01-19 20:35:28][INFO] [Epoch 080] MSE Loss = 3678.488422
[2026-01-19 20:37:03][INFO] [Epoch 081] MSE Loss = 3659.412061
[2026-01-19 20:38:30][INFO] [Epoch 082] MSE Loss = 3633.124348
[2026-01-19 20:40:03][INFO] [Epoch 083] MSE Loss = 3589.726911
[2026-01-19 20:41:36][INFO] [Epoch 084] MSE Loss = 3556.944700
[2026-01-19 20:43:06][INFO] [Epoch 085] MSE Loss = 3506.607395
[2026-01-19 20:44:34][INFO] [Epoch 086] MSE Loss = 3441.147698
[2026-01-19 20:46:08][INFO] [Epoch 087] MSE Loss = 3442.582131
[2026-01-19 20:47:39][INFO] [Epoch 088] MSE Loss = 3430.035674
[2026-01-19 20:49:08][INFO] [Epoch 089] MSE Loss = 3378.737996
[2026-01-19 20:50:41][INFO] [Epoch 090] MSE Loss = 3336.087731
[2026-01-19 20:52:14][INFO] [Epoch 091] MSE Loss = 3313.753265
[2026-01-19 20:53:47][INFO] [Epoch 092] MSE Loss = 3284.277690
[2026-01-19 20:55:18][INFO] [Epoch 093] MSE Loss = 3252.557035
[2026-01-19 20:56:53][INFO] [Epoch 094] MSE Loss = 3220.977854
[2026-01-19 20:58:24][INFO] [Epoch 095] MSE Loss = 3168.810815
[2026-01-19 20:59:58][INFO] [Epoch 096] MSE Loss = 3139.225485
[2026-01-19 21:01:26][INFO] [Epoch 097] MSE Loss = 3104.798873
[2026-01-19 21:02:59][INFO] [Epoch 098] MSE Loss = 3107.159839
[2026-01-19 21:04:33][INFO] [Epoch 099] MSE Loss = 3055.859374
[2026-01-19 21:06:00][INFO] [Epoch 100] MSE Loss = 3046.234987
[2026-01-19 21:06:50][INFO] [Epoch 101] MSE Loss = 3007.214055
[2026-01-19 21:07:38][INFO] [Epoch 102] MSE Loss = 2990.641365
[2026-01-19 21:08:29][INFO] [Epoch 103] MSE Loss = 2940.026988
[2026-01-19 21:09:20][INFO] [Epoch 104] MSE Loss = 2933.662044
[2026-01-19 21:10:11][INFO] [Epoch 105] MSE Loss = 2900.325114
[2026-01-19 21:11:01][INFO] [Epoch 106] MSE Loss = 2841.094101
[2026-01-19 21:11:53][INFO] [Epoch 107] MSE Loss = 2834.134925
[2026-01-19 21:12:42][INFO] [Epoch 108] MSE Loss = 2784.544041
[2026-01-19 21:13:34][INFO] [Epoch 109] MSE Loss = 2776.207929
[2026-01-19 21:14:26][INFO] [Epoch 110] MSE Loss = 2750.521534
[2026-01-19 21:15:16][INFO] [Epoch 111] MSE Loss = 2735.736185
[2026-01-19 21:16:08][INFO] [Epoch 112] MSE Loss = 2688.651423
[2026-01-19 21:16:58][INFO] [Epoch 113] MSE Loss = 2643.604779
[2026-01-19 21:17:51][INFO] [Epoch 114] MSE Loss = 2659.195629
[2026-01-19 21:18:39][INFO] [Epoch 115] MSE Loss = 2607.607957
[2026-01-19 21:19:29][INFO] [Epoch 116] MSE Loss = 2604.781447
[2026-01-19 21:20:18][INFO] [Epoch 117] MSE Loss = 2563.459117
[2026-01-19 21:21:10][INFO] [Epoch 118] MSE Loss = 2534.314117
[2026-01-19 21:21:59][INFO] [Epoch 119] MSE Loss = 2528.756231
[2026-01-19 21:22:51][INFO] [Epoch 120] MSE Loss = 2508.482677
[2026-01-19 21:22:51][INFO] 模型已保存至: /data/sda/zjc/comsol_pinn/checkpoints/exp07/M01_fcnn_mvp.pt
[2026-01-19 21:22:51][INFO] ========== 训练结束 ==========
