[2026-01-06 18:01:19][INFO] 日志文件创建于: /data/sda/zjc/comsol_pinn/logs/exp07/train_20260106_180119_gpu2_pid1094636.log
[2026-01-06 18:01:19][INFO] 进程 PID: 1094636
[2026-01-06 18:01:19][INFO] ========== FCNN-MVP 训练开始 ==========
[2026-01-06 18:01:19][INFO] 使用设备: cuda
[2026-01-06 18:01:19][INFO] 训练参数: {'epochs': 120, 'lr': 0.0001, 'batch_cases': 1, 'points_per_case': 8192, 'num_workers': 8, 'device': 'cuda', 'log_dir': 'logs/exp07', 'ckpt_dir': 'checkpoints/exp07'}
[2026-01-06 18:01:19][INFO] 数据集大小: 141 cases
[2026-01-06 18:01:19][INFO] 每 case 采样点数: 8192
[2026-01-06 18:01:20][INFO] 模型结构:
SimplePINN(
  (net): Sequential(
    (0): Linear(in_features=7, out_features=128, bias=True)
    (1): SiLU()
    (2): Linear(in_features=128, out_features=128, bias=True)
    (3): SiLU()
    (4): Linear(in_features=128, out_features=1, bias=True)
  )
)
[2026-01-06 18:01:20][INFO] 优化器: AdamW, lr=0.0001
[2026-01-06 18:02:22][INFO] [Epoch 001] MSE Loss = 93043.109430
[2026-01-06 18:03:23][INFO] [Epoch 002] MSE Loss = 61444.138132
[2026-01-06 18:04:24][INFO] [Epoch 003] MSE Loss = 28156.616079
[2026-01-06 18:05:28][INFO] [Epoch 004] MSE Loss = 15615.519732
[2026-01-06 18:06:30][INFO] [Epoch 005] MSE Loss = 13535.007459
[2026-01-06 18:07:31][INFO] [Epoch 006] MSE Loss = 12528.835321
[2026-01-06 18:08:32][INFO] [Epoch 007] MSE Loss = 11708.356459
[2026-01-06 18:09:35][INFO] [Epoch 008] MSE Loss = 10920.850247
[2026-01-06 18:10:37][INFO] [Epoch 009] MSE Loss = 10263.320929
[2026-01-06 18:11:39][INFO] [Epoch 010] MSE Loss = 9667.404020
[2026-01-06 18:12:42][INFO] [Epoch 011] MSE Loss = 9099.041068
[2026-01-06 18:13:43][INFO] [Epoch 012] MSE Loss = 8626.053690
[2026-01-06 18:14:45][INFO] [Epoch 013] MSE Loss = 8180.079701
[2026-01-06 18:15:47][INFO] [Epoch 014] MSE Loss = 7811.371835
[2026-01-06 18:16:47][INFO] [Epoch 015] MSE Loss = 7519.383782
[2026-01-06 18:17:48][INFO] [Epoch 016] MSE Loss = 7230.588424
[2026-01-06 18:18:50][INFO] [Epoch 017] MSE Loss = 7031.423042
[2026-01-06 18:19:52][INFO] [Epoch 018] MSE Loss = 6849.425726
[2026-01-06 18:20:54][INFO] [Epoch 019] MSE Loss = 6729.092109
[2026-01-06 18:21:56][INFO] [Epoch 020] MSE Loss = 6580.866450
[2026-01-06 18:22:57][INFO] [Epoch 021] MSE Loss = 6442.526345
[2026-01-06 18:23:59][INFO] [Epoch 022] MSE Loss = 6382.209448
[2026-01-06 18:25:01][INFO] [Epoch 023] MSE Loss = 6271.206534
[2026-01-06 18:26:03][INFO] [Epoch 024] MSE Loss = 6204.992794
[2026-01-06 18:27:05][INFO] [Epoch 025] MSE Loss = 6095.809943
[2026-01-06 18:28:07][INFO] [Epoch 026] MSE Loss = 6009.774908
[2026-01-06 18:29:07][INFO] [Epoch 027] MSE Loss = 5942.795085
[2026-01-06 18:30:09][INFO] [Epoch 028] MSE Loss = 5908.595542
[2026-01-06 18:31:10][INFO] [Epoch 029] MSE Loss = 5831.814747
[2026-01-06 18:32:10][INFO] [Epoch 030] MSE Loss = 5743.407975
[2026-01-06 18:33:12][INFO] [Epoch 031] MSE Loss = 5725.363174
[2026-01-06 18:34:14][INFO] [Epoch 032] MSE Loss = 5661.054043
[2026-01-06 18:35:15][INFO] [Epoch 033] MSE Loss = 5597.773346
[2026-01-06 18:36:18][INFO] [Epoch 034] MSE Loss = 5554.278457
[2026-01-06 18:37:20][INFO] [Epoch 035] MSE Loss = 5527.370076
[2026-01-06 18:38:22][INFO] [Epoch 036] MSE Loss = 5464.712619
[2026-01-06 18:39:24][INFO] [Epoch 037] MSE Loss = 5431.405090
[2026-01-06 18:40:26][INFO] [Epoch 038] MSE Loss = 5356.909131
[2026-01-06 18:41:26][INFO] [Epoch 039] MSE Loss = 5315.731695
[2026-01-06 18:42:28][INFO] [Epoch 040] MSE Loss = 5280.302553
[2026-01-06 18:43:30][INFO] [Epoch 041] MSE Loss = 5224.822773
[2026-01-06 18:44:31][INFO] [Epoch 042] MSE Loss = 5192.318574
[2026-01-06 18:45:32][INFO] [Epoch 043] MSE Loss = 5150.859373
[2026-01-06 18:46:35][INFO] [Epoch 044] MSE Loss = 5076.905904
[2026-01-06 18:47:35][INFO] [Epoch 045] MSE Loss = 5044.394202
[2026-01-06 18:48:36][INFO] [Epoch 046] MSE Loss = 5037.756635
[2026-01-06 18:49:38][INFO] [Epoch 047] MSE Loss = 4968.087981
[2026-01-06 18:50:41][INFO] [Epoch 048] MSE Loss = 4902.181869
[2026-01-06 18:51:43][INFO] [Epoch 049] MSE Loss = 4875.298899
[2026-01-06 18:52:45][INFO] [Epoch 050] MSE Loss = 4811.583874
[2026-01-06 18:53:46][INFO] [Epoch 051] MSE Loss = 4782.969931
[2026-01-06 18:54:47][INFO] [Epoch 052] MSE Loss = 4737.206879
[2026-01-06 18:55:49][INFO] [Epoch 053] MSE Loss = 4692.987693
[2026-01-06 18:56:51][INFO] [Epoch 054] MSE Loss = 4655.564767
[2026-01-06 18:57:53][INFO] [Epoch 055] MSE Loss = 4627.640398
[2026-01-06 18:58:54][INFO] [Epoch 056] MSE Loss = 4557.046389
[2026-01-06 18:59:55][INFO] [Epoch 057] MSE Loss = 4512.921563
[2026-01-06 19:00:57][INFO] [Epoch 058] MSE Loss = 4496.353923
[2026-01-06 19:01:59][INFO] [Epoch 059] MSE Loss = 4440.975621
[2026-01-06 19:03:00][INFO] [Epoch 060] MSE Loss = 4405.539113
[2026-01-06 19:04:03][INFO] [Epoch 061] MSE Loss = 4380.140164
[2026-01-06 19:05:04][INFO] [Epoch 062] MSE Loss = 4326.437836
[2026-01-06 19:06:04][INFO] [Epoch 063] MSE Loss = 4296.401607
[2026-01-06 19:07:07][INFO] [Epoch 064] MSE Loss = 4249.766254
[2026-01-06 19:08:09][INFO] [Epoch 065] MSE Loss = 4219.461349
[2026-01-06 19:09:11][INFO] [Epoch 066] MSE Loss = 4162.550290
[2026-01-06 19:10:12][INFO] [Epoch 067] MSE Loss = 4140.806738
[2026-01-06 19:11:14][INFO] [Epoch 068] MSE Loss = 4092.134186
