[2026-02-02 10:56:21][INFO] 日志文件创建于: /data/sda/zjc/comsol_pinn/logs/M04d1/exp07/train_20260202_105621_gpu2_pid1944493.log
[2026-02-02 10:56:21][INFO] 进程 PID: 1944493
[2026-02-02 10:56:21][INFO] ========== PINN 训练开始 ==========
[2026-02-02 10:56:21][INFO] 物理项 λ_pde = 1.0
[2026-02-02 10:56:21][INFO] 使用设备: cuda
[2026-02-02 10:56:21][INFO] 训练参数: {'lambda_pde': 1.0, 'epochs': 210, 'lr': 0.005, 'batch_cases': 1, 'lr_scheduler': 'hybrid', 'cosine_eta_min': 1e-05, 'cosine_t0': 30, 'cosine_tmult': 2, 'plateau_factor': 0.5, 'plateau_patience': 6, 'plateau_min_lr': 1e-05, 'use_pde_anneal': True, 'pde_anneal_gamma': 0.5, 'pde_lambda_min': 0.0, 'use_soft_mask': False, 'mask_alpha': 40.0, 'mask_temp_ratio': 0.7, 'points_per_case': 320000, 'device': 'cuda', 'num_workers': 8, 'log_dir': 'logs/M04d1/exp07', 'ckpt_dir': 'checkpoints/M04d1/exp07'}
[2026-02-02 10:56:21][INFO] 数据集大小: 141 cases
[2026-02-02 10:56:21][INFO] 每 case 采样点数: 320000
[2026-02-02 10:56:22][INFO] 模型结构:
SimplePINN(
  (net): Sequential(
    (0): Linear(in_features=7, out_features=128, bias=True)
    (1): SiLU()
    (2): Linear(in_features=128, out_features=128, bias=True)
    (3): SiLU()
    (4): Linear(in_features=128, out_features=1, bias=True)
  )
)
[2026-02-02 10:56:22][INFO] 优化器: AdamW, 初始 lr=0.005, 学习率调度器: hybrid
[2026-02-02 10:59:02][INFO] [Epoch 001] MSE Loss=14406.493905 | PDE Loss=0.055002 | λ_pde=1.000e+00 | LR=5.00e-03
[2026-02-02 11:01:41][INFO] [Epoch 002] MSE Loss=5553.974350 | PDE Loss=0.072854 | λ_pde=6.065e-01 | LR=4.99e-03
[2026-02-02 11:04:26][INFO] [Epoch 003] MSE Loss=4233.468262 | PDE Loss=0.087031 | λ_pde=3.679e-01 | LR=4.95e-03
[2026-02-02 11:07:08][INFO] [Epoch 004] MSE Loss=3942.455501 | PDE Loss=0.071824 | λ_pde=2.231e-01 | LR=4.88e-03
[2026-02-02 11:09:53][INFO] [Epoch 005] MSE Loss=3033.847742 | PDE Loss=0.050501 | λ_pde=1.353e-01 | LR=4.78e-03
[2026-02-02 11:12:34][INFO] [Epoch 006] MSE Loss=2382.795865 | PDE Loss=0.039619 | λ_pde=8.208e-02 | LR=4.67e-03
[2026-02-02 11:15:21][INFO] [Epoch 007] MSE Loss=1857.467624 | PDE Loss=0.038514 | λ_pde=4.979e-02 | LR=4.52e-03
[2026-02-02 11:17:58][INFO] [Epoch 008] MSE Loss=1471.448606 | PDE Loss=0.040950 | λ_pde=3.020e-02 | LR=4.36e-03
[2026-02-02 11:20:42][INFO] [Epoch 009] MSE Loss=1355.404960 | PDE Loss=0.047213 | λ_pde=1.832e-02 | LR=4.17e-03
[2026-02-02 11:23:20][INFO] [Epoch 010] MSE Loss=978.428737 | PDE Loss=0.054773 | λ_pde=1.111e-02 | LR=3.97e-03
[2026-02-02 11:26:02][INFO] [Epoch 011] MSE Loss=858.652005 | PDE Loss=0.059139 | λ_pde=6.738e-03 | LR=3.75e-03
[2026-02-02 11:28:43][INFO] [Epoch 012] MSE Loss=523.264020 | PDE Loss=0.066112 | λ_pde=4.087e-03 | LR=3.52e-03
[2026-02-02 11:31:25][INFO] [Epoch 013] MSE Loss=397.463844 | PDE Loss=0.074306 | λ_pde=2.479e-03 | LR=3.28e-03
[2026-02-02 11:34:06][INFO] [Epoch 014] MSE Loss=261.601748 | PDE Loss=0.086822 | λ_pde=1.503e-03 | LR=3.02e-03
[2026-02-02 11:36:47][INFO] [Epoch 015] MSE Loss=223.733609 | PDE Loss=0.101380 | λ_pde=9.119e-04 | LR=2.77e-03
[2026-02-02 11:39:30][INFO] [Epoch 016] MSE Loss=180.449954 | PDE Loss=0.122793 | λ_pde=5.531e-04 | LR=2.51e-03
[2026-02-02 11:42:10][INFO] [Epoch 017] MSE Loss=157.567207 | PDE Loss=0.142941 | λ_pde=3.355e-04 | LR=2.24e-03
[2026-02-02 11:44:47][INFO] [Epoch 018] MSE Loss=139.575935 | PDE Loss=0.160412 | λ_pde=2.035e-04 | LR=1.99e-03
[2026-02-02 11:47:24][INFO] [Epoch 019] MSE Loss=127.911409 | PDE Loss=0.182632 | λ_pde=1.234e-04 | LR=1.73e-03
[2026-02-02 11:50:03][INFO] [Epoch 020] MSE Loss=121.283658 | PDE Loss=0.198869 | λ_pde=7.485e-05 | LR=1.49e-03
[2026-02-02 11:52:41][INFO] [Epoch 021] MSE Loss=116.076515 | PDE Loss=0.215395 | λ_pde=4.540e-05 | LR=1.26e-03
[2026-02-02 11:55:21][INFO] [Epoch 022] MSE Loss=112.532998 | PDE Loss=0.229903 | λ_pde=2.754e-05 | LR=1.04e-03
[2026-02-02 11:58:04][INFO] [Epoch 023] MSE Loss=109.208935 | PDE Loss=0.237389 | λ_pde=1.670e-05 | LR=8.36e-04
[2026-02-02 12:00:43][INFO] [Epoch 024] MSE Loss=107.629132 | PDE Loss=0.249380 | λ_pde=1.013e-05 | LR=6.51e-04
[2026-02-02 12:03:22][INFO] [Epoch 025] MSE Loss=105.552766 | PDE Loss=0.259947 | λ_pde=6.144e-06 | LR=4.87e-04
[2026-02-02 12:06:01][INFO] [Epoch 026] MSE Loss=104.033681 | PDE Loss=0.264938 | λ_pde=3.727e-06 | LR=3.44e-04
[2026-02-02 12:08:40][INFO] [Epoch 027] MSE Loss=103.031952 | PDE Loss=0.270602 | λ_pde=2.260e-06 | LR=2.26e-04
[2026-02-02 12:11:20][INFO] [Epoch 028] MSE Loss=102.475271 | PDE Loss=0.274045 | λ_pde=1.371e-06 | LR=1.32e-04
[2026-02-02 12:13:59][INFO] [Epoch 029] MSE Loss=101.930349 | PDE Loss=0.276196 | λ_pde=8.315e-07 | LR=6.45e-05
[2026-02-02 12:16:37][INFO] [Epoch 030] MSE Loss=101.772911 | PDE Loss=0.277575 | λ_pde=5.043e-07 | LR=2.37e-05
[2026-02-02 12:19:19][INFO] [Epoch 031] MSE Loss=184.340968 | PDE Loss=0.314886 | λ_pde=3.059e-07 | LR=5.00e-03
[2026-02-02 12:22:00][INFO] [Epoch 032] MSE Loss=251.320399 | PDE Loss=0.378347 | λ_pde=1.855e-07 | LR=5.00e-03
[2026-02-02 12:24:40][INFO] [Epoch 033] MSE Loss=197.197880 | PDE Loss=0.429805 | λ_pde=1.125e-07 | LR=4.99e-03
[2026-02-02 12:27:22][INFO] [Epoch 034] MSE Loss=264.790634 | PDE Loss=0.495120 | λ_pde=6.826e-08 | LR=4.97e-03
[2026-02-02 12:29:58][INFO] [Epoch 035] MSE Loss=142.556696 | PDE Loss=0.523055 | λ_pde=4.140e-08 | LR=4.95e-03
[2026-02-02 12:32:41][INFO] [Epoch 036] MSE Loss=89.067198 | PDE Loss=0.606607 | λ_pde=2.511e-08 | LR=4.91e-03
[2026-02-02 12:35:19][INFO] [Epoch 037] MSE Loss=86.683583 | PDE Loss=0.704073 | λ_pde=1.523e-08 | LR=4.88e-03
[2026-02-02 12:37:56][INFO] [Epoch 038] MSE Loss=83.865455 | PDE Loss=0.781655 | λ_pde=9.237e-09 | LR=4.83e-03
[2026-02-02 12:40:34][INFO] [Epoch 039] MSE Loss=141.433131 | PDE Loss=0.822944 | λ_pde=5.603e-09 | LR=4.78e-03
[2026-02-02 12:43:14][INFO] [Epoch 040] MSE Loss=79.673860 | PDE Loss=0.900991 | λ_pde=3.398e-09 | LR=4.73e-03
[2026-02-02 12:45:54][INFO] [Epoch 041] MSE Loss=93.784063 | PDE Loss=1.057641 | λ_pde=2.061e-09 | LR=4.67e-03
[2026-02-02 12:48:35][INFO] [Epoch 042] MSE Loss=65.366657 | PDE Loss=1.226898 | λ_pde=1.250e-09 | LR=4.60e-03
[2026-02-02 12:51:18][INFO] [Epoch 043] MSE Loss=65.260195 | PDE Loss=1.479644 | λ_pde=7.583e-10 | LR=4.52e-03
[2026-02-02 12:53:59][INFO] [Epoch 044] MSE Loss=89.278062 | PDE Loss=1.659058 | λ_pde=4.599e-10 | LR=4.44e-03
[2026-02-02 12:56:40][INFO] [Epoch 045] MSE Loss=102.803091 | PDE Loss=1.832389 | λ_pde=2.789e-10 | LR=4.36e-03
[2026-02-02 12:59:21][INFO] [Epoch 046] MSE Loss=56.297766 | PDE Loss=2.095293 | λ_pde=1.692e-10 | LR=4.27e-03
[2026-02-02 13:02:00][INFO] [Epoch 047] MSE Loss=57.310071 | PDE Loss=2.330034 | λ_pde=1.026e-10 | LR=4.17e-03
[2026-02-02 13:04:40][INFO] [Epoch 048] MSE Loss=51.211984 | PDE Loss=2.639757 | λ_pde=6.224e-11 | LR=4.08e-03
[2026-02-02 13:07:21][INFO] [Epoch 049] MSE Loss=82.997098 | PDE Loss=2.928316 | λ_pde=3.775e-11 | LR=3.97e-03
[2026-02-02 13:09:58][INFO] [Epoch 050] MSE Loss=123.715325 | PDE Loss=3.058914 | λ_pde=2.290e-11 | LR=3.86e-03
[2026-02-02 13:12:42][INFO] [Epoch 051] MSE Loss=93.733694 | PDE Loss=3.195667 | λ_pde=1.389e-11 | LR=3.75e-03
[2026-02-02 13:15:23][INFO] [Epoch 052] MSE Loss=48.314540 | PDE Loss=3.524198 | λ_pde=8.423e-12 | LR=3.64e-03
[2026-02-02 13:17:54][INFO] [Epoch 053] MSE Loss=41.910570 | PDE Loss=3.889968 | λ_pde=5.109e-12 | LR=3.52e-03
[2026-02-02 13:20:37][INFO] [Epoch 054] MSE Loss=44.969303 | PDE Loss=4.214577 | λ_pde=3.099e-12 | LR=3.40e-03
[2026-02-02 13:23:16][INFO] [Epoch 055] MSE Loss=41.956476 | PDE Loss=4.672415 | λ_pde=1.880e-12 | LR=3.28e-03
[2026-02-02 13:25:55][INFO] [Epoch 056] MSE Loss=41.617736 | PDE Loss=5.114738 | λ_pde=1.140e-12 | LR=3.15e-03
[2026-02-02 13:28:32][INFO] [Epoch 057] MSE Loss=37.416901 | PDE Loss=5.525952 | λ_pde=6.914e-13 | LR=3.02e-03
[2026-02-02 13:31:11][INFO] [Epoch 058] MSE Loss=43.571106 | PDE Loss=5.871061 | λ_pde=4.194e-13 | LR=2.90e-03
[2026-02-02 13:33:48][INFO] [Epoch 059] MSE Loss=39.494399 | PDE Loss=6.215317 | λ_pde=2.544e-13 | LR=2.77e-03
[2026-02-02 13:36:24][INFO] [Epoch 060] MSE Loss=45.797295 | PDE Loss=6.623888 | λ_pde=1.543e-13 | LR=2.64e-03
[2026-02-02 13:39:06][INFO] [Epoch 061] MSE Loss=55.468316 | PDE Loss=6.864692 | λ_pde=9.358e-14 | LR=2.51e-03
[2026-02-02 13:41:45][INFO] [Epoch 062] MSE Loss=37.105959 | PDE Loss=7.174380 | λ_pde=5.676e-14 | LR=2.37e-03
[2026-02-02 13:44:25][INFO] [Epoch 063] MSE Loss=32.232361 | PDE Loss=7.600933 | λ_pde=3.442e-14 | LR=2.24e-03
[2026-02-02 13:47:03][INFO] [Epoch 064] MSE Loss=32.173942 | PDE Loss=7.980808 | λ_pde=2.088e-14 | LR=2.11e-03
[2026-02-02 13:49:44][INFO] [Epoch 065] MSE Loss=35.651491 | PDE Loss=8.229143 | λ_pde=1.266e-14 | LR=1.99e-03
[2026-02-02 13:52:24][INFO] [Epoch 066] MSE Loss=32.087453 | PDE Loss=8.623745 | λ_pde=7.681e-15 | LR=1.86e-03
[2026-02-02 13:55:01][INFO] [Epoch 067] MSE Loss=29.953187 | PDE Loss=8.912031 | λ_pde=4.659e-15 | LR=1.73e-03
[2026-02-02 13:57:43][INFO] [Epoch 068] MSE Loss=28.931702 | PDE Loss=9.285730 | λ_pde=2.826e-15 | LR=1.61e-03
[2026-02-02 14:00:21][INFO] [Epoch 069] MSE Loss=28.530020 | PDE Loss=9.624294 | λ_pde=1.714e-15 | LR=1.49e-03
[2026-02-02 14:03:02][INFO] [Epoch 070] MSE Loss=28.256022 | PDE Loss=9.913990 | λ_pde=1.040e-15 | LR=1.37e-03
[2026-02-02 14:05:41][INFO] [Epoch 071] MSE Loss=27.527551 | PDE Loss=10.227904 | λ_pde=6.305e-16 | LR=1.26e-03
[2026-02-02 14:08:19][INFO] [Epoch 072] MSE Loss=27.425570 | PDE Loss=10.569216 | λ_pde=3.824e-16 | LR=1.15e-03
[2026-02-02 14:10:58][INFO] [Epoch 073] MSE Loss=26.768754 | PDE Loss=10.848437 | λ_pde=2.320e-16 | LR=1.04e-03
[2026-02-02 14:13:39][INFO] [Epoch 074] MSE Loss=26.276094 | PDE Loss=11.178333 | λ_pde=1.407e-16 | LR=9.35e-04
[2026-02-02 14:16:16][INFO] [Epoch 075] MSE Loss=26.606259 | PDE Loss=11.447306 | λ_pde=8.533e-17 | LR=8.36e-04
[2026-02-02 14:18:55][INFO] [Epoch 076] MSE Loss=25.386427 | PDE Loss=11.681856 | λ_pde=5.176e-17 | LR=7.41e-04
[2026-02-02 14:21:31][INFO] [Epoch 077] MSE Loss=25.008656 | PDE Loss=11.926851 | λ_pde=3.139e-17 | LR=6.51e-04
[2026-02-02 14:24:10][INFO] [Epoch 078] MSE Loss=24.828952 | PDE Loss=12.094185 | λ_pde=1.904e-17 | LR=5.66e-04
[2026-02-02 14:26:49][INFO] [Epoch 079] MSE Loss=24.508288 | PDE Loss=12.314785 | λ_pde=1.155e-17 | LR=4.87e-04
[2026-02-02 14:29:31][INFO] [Epoch 080] MSE Loss=24.370819 | PDE Loss=12.541684 | λ_pde=7.004e-18 | LR=4.13e-04
[2026-02-02 14:32:13][INFO] [Epoch 081] MSE Loss=24.027539 | PDE Loss=12.674566 | λ_pde=4.248e-18 | LR=3.44e-04
[2026-02-02 14:34:56][INFO] [Epoch 082] MSE Loss=23.967457 | PDE Loss=12.878056 | λ_pde=2.577e-18 | LR=2.82e-04
[2026-02-02 14:37:35][INFO] [Epoch 083] MSE Loss=23.738530 | PDE Loss=12.985856 | λ_pde=1.563e-18 | LR=2.26e-04
[2026-02-02 14:40:13][INFO] [Epoch 084] MSE Loss=23.659592 | PDE Loss=13.131345 | λ_pde=9.479e-19 | LR=1.76e-04
[2026-02-02 14:42:54][INFO] [Epoch 085] MSE Loss=23.575610 | PDE Loss=13.157329 | λ_pde=5.750e-19 | LR=1.32e-04
[2026-02-02 14:45:36][INFO] [Epoch 086] MSE Loss=23.476275 | PDE Loss=13.192583 | λ_pde=3.487e-19 | LR=9.50e-05
[2026-02-02 14:48:19][INFO] [Epoch 087] MSE Loss=23.374223 | PDE Loss=13.268074 | λ_pde=2.115e-19 | LR=6.45e-05
[2026-02-02 14:50:58][INFO] [Epoch 088] MSE Loss=23.371412 | PDE Loss=13.310732 | λ_pde=1.283e-19 | LR=4.07e-05
[2026-02-02 14:53:38][INFO] [Epoch 089] MSE Loss=23.298350 | PDE Loss=13.357785 | λ_pde=7.781e-20 | LR=2.37e-05
[2026-02-02 14:56:19][INFO] [Epoch 090] MSE Loss=23.325278 | PDE Loss=13.340720 | λ_pde=4.719e-20 | LR=1.34e-05
[2026-02-02 14:58:58][INFO] [Epoch 091] MSE Loss=1159.658418 | PDE Loss=1.887185 | λ_pde=2.863e-20 | LR=5.00e-03
[2026-02-02 15:01:36][INFO] [Epoch 092] MSE Loss=109.599802 | PDE Loss=1.791985 | λ_pde=1.736e-20 | LR=5.00e-03
[2026-02-02 15:04:17][INFO] [Epoch 093] MSE Loss=79.487941 | PDE Loss=2.212950 | λ_pde=1.053e-20 | LR=5.00e-03
[2026-02-02 15:06:58][INFO] [Epoch 094] MSE Loss=72.986436 | PDE Loss=2.595806 | λ_pde=6.387e-21 | LR=4.99e-03
[2026-02-02 15:09:37][INFO] [Epoch 095] MSE Loss=66.970732 | PDE Loss=2.836858 | λ_pde=3.874e-21 | LR=4.99e-03
[2026-02-02 15:12:13][INFO] [Epoch 096] MSE Loss=63.141378 | PDE Loss=3.116156 | λ_pde=2.350e-21 | LR=4.98e-03
[2026-02-02 15:14:51][INFO] [Epoch 097] MSE Loss=57.337923 | PDE Loss=3.175563 | λ_pde=1.425e-21 | LR=2.48e-03
[2026-02-02 15:17:29][INFO] [Epoch 098] MSE Loss=59.378767 | PDE Loss=3.382512 | λ_pde=8.644e-22 | LR=4.96e-03
[2026-02-02 15:20:11][INFO] [Epoch 099] MSE Loss=59.746064 | PDE Loss=3.553733 | λ_pde=5.243e-22 | LR=4.95e-03
[2026-02-02 15:22:51][INFO] [Epoch 100] MSE Loss=70.655166 | PDE Loss=3.743362 | λ_pde=3.180e-22 | LR=4.93e-03
[2026-02-02 15:25:31][INFO] [Epoch 101] MSE Loss=54.626111 | PDE Loss=3.951388 | λ_pde=1.929e-22 | LR=4.91e-03
[2026-02-02 15:28:11][INFO] [Epoch 102] MSE Loss=55.321471 | PDE Loss=4.179447 | λ_pde=1.170e-22 | LR=4.90e-03
[2026-02-02 15:30:50][INFO] [Epoch 103] MSE Loss=67.595746 | PDE Loss=4.432192 | λ_pde=7.095e-23 | LR=4.88e-03
[2026-02-02 15:33:31][INFO] [Epoch 104] MSE Loss=45.304906 | PDE Loss=4.578942 | λ_pde=4.304e-23 | LR=2.43e-03
[2026-02-02 15:36:08][INFO] [Epoch 105] MSE Loss=68.211512 | PDE Loss=4.767686 | λ_pde=2.610e-23 | LR=4.83e-03
[2026-02-02 15:38:48][INFO] [Epoch 106] MSE Loss=101.136939 | PDE Loss=4.883896 | λ_pde=1.583e-23 | LR=4.81e-03
[2026-02-02 15:41:28][INFO] [Epoch 107] MSE Loss=63.695203 | PDE Loss=4.967683 | λ_pde=9.603e-24 | LR=4.78e-03
[2026-02-02 15:44:05][INFO] [Epoch 108] MSE Loss=101.665584 | PDE Loss=5.125762 | λ_pde=5.824e-24 | LR=4.76e-03
[2026-02-02 15:46:41][INFO] [Epoch 109] MSE Loss=89.635928 | PDE Loss=5.022281 | λ_pde=3.533e-24 | LR=4.73e-03
[2026-02-02 15:49:20][INFO] [Epoch 110] MSE Loss=69.514271 | PDE Loss=5.298480 | λ_pde=2.143e-24 | LR=4.70e-03
[2026-02-02 15:51:58][INFO] [Epoch 111] MSE Loss=58.529752 | PDE Loss=5.363051 | λ_pde=1.300e-24 | LR=2.33e-03
[2026-02-02 15:54:40][INFO] [Epoch 112] MSE Loss=46.685254 | PDE Loss=5.621418 | λ_pde=7.882e-25 | LR=4.63e-03
[2026-02-02 15:57:17][INFO] [Epoch 113] MSE Loss=57.229030 | PDE Loss=5.798641 | λ_pde=4.781e-25 | LR=4.60e-03
[2026-02-02 15:59:53][INFO] [Epoch 114] MSE Loss=56.364940 | PDE Loss=6.131951 | λ_pde=2.900e-25 | LR=4.56e-03
[2026-02-02 16:02:31][INFO] [Epoch 115] MSE Loss=40.929524 | PDE Loss=6.450275 | λ_pde=1.759e-25 | LR=4.52e-03
[2026-02-02 16:05:11][INFO] [Epoch 116] MSE Loss=41.720076 | PDE Loss=6.820954 | λ_pde=1.067e-25 | LR=4.48e-03
[2026-02-02 16:07:52][INFO] [Epoch 117] MSE Loss=62.882876 | PDE Loss=6.960059 | λ_pde=6.470e-26 | LR=4.44e-03
[2026-02-02 16:10:30][INFO] [Epoch 118] MSE Loss=33.260817 | PDE Loss=7.262468 | λ_pde=3.924e-26 | LR=2.20e-03
[2026-02-02 16:13:07][INFO] [Epoch 119] MSE Loss=182.089368 | PDE Loss=7.094324 | λ_pde=2.380e-26 | LR=4.36e-03
[2026-02-02 16:15:48][INFO] [Epoch 120] MSE Loss=55.310856 | PDE Loss=6.639677 | λ_pde=1.444e-26 | LR=4.31e-03
[2026-02-02 16:18:23][INFO] [Epoch 121] MSE Loss=35.204301 | PDE Loss=7.011507 | λ_pde=8.757e-27 | LR=4.27e-03
[2026-02-02 16:21:03][INFO] [Epoch 122] MSE Loss=33.623968 | PDE Loss=7.444528 | λ_pde=5.311e-27 | LR=4.22e-03
[2026-02-02 16:23:43][INFO] [Epoch 123] MSE Loss=30.163740 | PDE Loss=7.799445 | λ_pde=3.221e-27 | LR=4.17e-03
[2026-02-02 16:26:23][INFO] [Epoch 124] MSE Loss=31.836744 | PDE Loss=8.278910 | λ_pde=1.954e-27 | LR=4.13e-03
[2026-02-02 16:29:03][INFO] [Epoch 125] MSE Loss=28.618079 | PDE Loss=8.606987 | λ_pde=1.185e-27 | LR=2.04e-03
[2026-02-02 16:31:44][INFO] [Epoch 126] MSE Loss=39.158457 | PDE Loss=8.923628 | λ_pde=7.188e-28 | LR=4.02e-03
[2026-02-02 16:34:41][INFO] [Epoch 127] MSE Loss=128.696701 | PDE Loss=8.447278 | λ_pde=4.360e-28 | LR=3.97e-03
[2026-02-02 16:37:51][INFO] [Epoch 128] MSE Loss=43.307150 | PDE Loss=8.733661 | λ_pde=2.644e-28 | LR=3.92e-03
[2026-02-02 16:41:02][INFO] [Epoch 129] MSE Loss=58.419124 | PDE Loss=8.972726 | λ_pde=1.604e-28 | LR=3.86e-03
[2026-02-02 16:44:09][INFO] [Epoch 130] MSE Loss=38.845162 | PDE Loss=9.293554 | λ_pde=9.728e-29 | LR=3.81e-03
[2026-02-02 16:46:51][INFO] [Epoch 131] MSE Loss=31.098590 | PDE Loss=9.570681 | λ_pde=5.900e-29 | LR=3.75e-03
[2026-02-02 16:49:31][INFO] [Epoch 132] MSE Loss=26.451817 | PDE Loss=10.066945 | λ_pde=3.579e-29 | LR=1.85e-03
[2026-02-02 16:52:11][INFO] [Epoch 133] MSE Loss=27.381357 | PDE Loss=10.391007 | λ_pde=2.171e-29 | LR=3.64e-03
[2026-02-02 16:54:46][INFO] [Epoch 134] MSE Loss=54.381967 | PDE Loss=10.671261 | λ_pde=1.316e-29 | LR=3.58e-03
[2026-02-02 16:57:27][INFO] [Epoch 135] MSE Loss=85.832278 | PDE Loss=10.171063 | λ_pde=7.985e-30 | LR=3.52e-03
[2026-02-02 17:00:06][INFO] [Epoch 136] MSE Loss=27.572114 | PDE Loss=10.661605 | λ_pde=4.843e-30 | LR=3.46e-03
[2026-02-02 17:02:46][INFO] [Epoch 137] MSE Loss=42.575950 | PDE Loss=10.968495 | λ_pde=2.937e-30 | LR=3.40e-03
[2026-02-02 17:05:23][INFO] [Epoch 138] MSE Loss=39.375157 | PDE Loss=11.320426 | λ_pde=1.782e-30 | LR=3.34e-03
[2026-02-02 17:08:06][INFO] [Epoch 139] MSE Loss=24.897685 | PDE Loss=11.628349 | λ_pde=1.081e-30 | LR=1.64e-03
[2026-02-02 17:11:07][INFO] [Epoch 140] MSE Loss=24.513867 | PDE Loss=12.021317 | λ_pde=6.554e-31 | LR=3.21e-03
[2026-02-02 17:14:14][INFO] [Epoch 141] MSE Loss=24.219909 | PDE Loss=12.538585 | λ_pde=3.975e-31 | LR=3.15e-03
[2026-02-02 17:17:27][INFO] [Epoch 142] MSE Loss=32.650675 | PDE Loss=12.913086 | λ_pde=2.411e-31 | LR=3.09e-03
[2026-02-02 17:20:39][INFO] [Epoch 143] MSE Loss=44.858936 | PDE Loss=12.833093 | λ_pde=1.462e-31 | LR=3.02e-03
[2026-02-02 17:23:46][INFO] [Epoch 144] MSE Loss=142.553347 | PDE Loss=12.783905 | λ_pde=8.870e-32 | LR=2.96e-03
[2026-02-02 17:26:53][INFO] [Epoch 145] MSE Loss=38.135368 | PDE Loss=12.601371 | λ_pde=5.380e-32 | LR=2.90e-03
[2026-02-02 17:29:59][INFO] [Epoch 146] MSE Loss=23.398314 | PDE Loss=13.158939 | λ_pde=3.263e-32 | LR=1.42e-03
[2026-02-02 17:32:38][INFO] [Epoch 147] MSE Loss=23.675720 | PDE Loss=13.529718 | λ_pde=1.979e-32 | LR=2.77e-03
[2026-02-02 17:35:18][INFO] [Epoch 148] MSE Loss=22.897588 | PDE Loss=13.873689 | λ_pde=1.200e-32 | LR=2.70e-03
[2026-02-02 17:38:00][INFO] [Epoch 149] MSE Loss=23.713711 | PDE Loss=14.318254 | λ_pde=7.281e-33 | LR=2.64e-03
[2026-02-02 17:40:44][INFO] [Epoch 150] MSE Loss=22.203298 | PDE Loss=14.771491 | λ_pde=4.416e-33 | LR=2.57e-03
[2026-02-02 17:43:28][INFO] [Epoch 151] MSE Loss=22.321950 | PDE Loss=15.350473 | λ_pde=2.679e-33 | LR=2.51e-03
[2026-02-02 17:46:11][INFO] [Epoch 152] MSE Loss=21.904031 | PDE Loss=15.794130 | λ_pde=1.625e-33 | LR=2.44e-03
[2026-02-02 17:48:52][INFO] [Epoch 153] MSE Loss=21.731268 | PDE Loss=16.289169 | λ_pde=9.854e-34 | LR=2.37e-03
[2026-02-02 17:51:32][INFO] [Epoch 154] MSE Loss=21.590851 | PDE Loss=16.647115 | λ_pde=5.977e-34 | LR=2.31e-03
[2026-02-02 17:54:17][INFO] [Epoch 155] MSE Loss=21.681710 | PDE Loss=17.183522 | λ_pde=3.625e-34 | LR=2.24e-03
[2026-02-02 17:57:14][INFO] [Epoch 156] MSE Loss=22.217780 | PDE Loss=17.920974 | λ_pde=2.199e-34 | LR=2.18e-03
[2026-02-02 18:00:24][INFO] [Epoch 157] MSE Loss=82.129563 | PDE Loss=18.354928 | λ_pde=1.334e-34 | LR=2.11e-03
[2026-02-02 18:03:33][INFO] [Epoch 158] MSE Loss=33.918775 | PDE Loss=18.068416 | λ_pde=8.089e-35 | LR=2.05e-03
