[2026-02-02 10:56:21][INFO] 日志文件创建于: /data/sda/zjc/comsol_pinn/logs/M04d1/exp02/train_20260202_105621_gpu2_pid1944456.log
[2026-02-02 10:56:21][INFO] 进程 PID: 1944456
[2026-02-02 10:56:21][INFO] ========== PINN 训练开始 ==========
[2026-02-02 10:56:21][INFO] 物理项 λ_pde = 0.25
[2026-02-02 10:56:21][INFO] 使用设备: cuda
[2026-02-02 10:56:21][INFO] 训练参数: {'lambda_pde': 0.25, 'epochs': 210, 'lr': 0.005, 'batch_cases': 1, 'lr_scheduler': 'hybrid', 'cosine_eta_min': 1e-05, 'cosine_t0': 30, 'cosine_tmult': 2, 'plateau_factor': 0.5, 'plateau_patience': 6, 'plateau_min_lr': 1e-05, 'use_pde_anneal': True, 'pde_anneal_gamma': 0.2, 'pde_lambda_min': 0.0, 'use_soft_mask': False, 'mask_alpha': 40.0, 'mask_temp_ratio': 0.7, 'points_per_case': 320000, 'device': 'cuda', 'num_workers': 8, 'log_dir': 'logs/M04d1/exp02', 'ckpt_dir': 'checkpoints/M04d1/exp02'}
[2026-02-02 10:56:21][INFO] 数据集大小: 141 cases
[2026-02-02 10:56:21][INFO] 每 case 采样点数: 320000
[2026-02-02 10:56:22][INFO] 模型结构:
SimplePINN(
  (net): Sequential(
    (0): Linear(in_features=7, out_features=128, bias=True)
    (1): SiLU()
    (2): Linear(in_features=128, out_features=128, bias=True)
    (3): SiLU()
    (4): Linear(in_features=128, out_features=1, bias=True)
  )
)
[2026-02-02 10:56:22][INFO] 优化器: AdamW, 初始 lr=0.005, 学习率调度器: hybrid
[2026-02-02 10:59:01][INFO] [Epoch 001] MSE Loss=14963.728183 | PDE Loss=0.060786 | λ_pde=2.500e-01 | LR=5.00e-03
[2026-02-02 11:01:40][INFO] [Epoch 002] MSE Loss=5377.716251 | PDE Loss=0.055618 | λ_pde=2.047e-01 | LR=4.99e-03
[2026-02-02 11:04:22][INFO] [Epoch 003] MSE Loss=5486.745000 | PDE Loss=0.046538 | λ_pde=1.676e-01 | LR=4.95e-03
[2026-02-02 11:07:03][INFO] [Epoch 004] MSE Loss=3109.693498 | PDE Loss=0.043808 | λ_pde=1.372e-01 | LR=4.88e-03
[2026-02-02 11:09:42][INFO] [Epoch 005] MSE Loss=2365.469173 | PDE Loss=0.071320 | λ_pde=1.123e-01 | LR=4.78e-03
[2026-02-02 11:12:21][INFO] [Epoch 006] MSE Loss=2223.357781 | PDE Loss=0.091627 | λ_pde=9.197e-02 | LR=4.67e-03
[2026-02-02 11:15:06][INFO] [Epoch 007] MSE Loss=1599.062156 | PDE Loss=0.102261 | λ_pde=7.530e-02 | LR=4.52e-03
[2026-02-02 11:17:44][INFO] [Epoch 008] MSE Loss=1651.128934 | PDE Loss=0.108309 | λ_pde=6.165e-02 | LR=4.36e-03
[2026-02-02 11:20:22][INFO] [Epoch 009] MSE Loss=1097.515471 | PDE Loss=0.116409 | λ_pde=5.047e-02 | LR=4.17e-03
[2026-02-02 11:23:00][INFO] [Epoch 010] MSE Loss=905.483273 | PDE Loss=0.125017 | λ_pde=4.132e-02 | LR=3.97e-03
[2026-02-02 11:25:44][INFO] [Epoch 011] MSE Loss=694.684397 | PDE Loss=0.131733 | λ_pde=3.383e-02 | LR=3.75e-03
[2026-02-02 11:28:27][INFO] [Epoch 012] MSE Loss=504.373695 | PDE Loss=0.161732 | λ_pde=2.770e-02 | LR=3.52e-03
[2026-02-02 11:31:06][INFO] [Epoch 013] MSE Loss=373.799347 | PDE Loss=0.184298 | λ_pde=2.268e-02 | LR=3.28e-03
[2026-02-02 11:33:46][INFO] [Epoch 014] MSE Loss=248.986183 | PDE Loss=0.216407 | λ_pde=1.857e-02 | LR=3.02e-03
[2026-02-02 11:36:25][INFO] [Epoch 015] MSE Loss=216.243061 | PDE Loss=0.265680 | λ_pde=1.520e-02 | LR=2.77e-03
[2026-02-02 11:39:09][INFO] [Epoch 016] MSE Loss=160.988529 | PDE Loss=0.332471 | λ_pde=1.245e-02 | LR=2.51e-03
[2026-02-02 11:41:48][INFO] [Epoch 017] MSE Loss=138.327238 | PDE Loss=0.448106 | λ_pde=1.019e-02 | LR=2.24e-03
[2026-02-02 11:44:28][INFO] [Epoch 018] MSE Loss=128.501322 | PDE Loss=0.572970 | λ_pde=8.343e-03 | LR=1.99e-03
[2026-02-02 11:47:08][INFO] [Epoch 019] MSE Loss=115.998394 | PDE Loss=0.700593 | λ_pde=6.831e-03 | LR=1.73e-03
[2026-02-02 11:49:51][INFO] [Epoch 020] MSE Loss=109.238407 | PDE Loss=0.863716 | λ_pde=5.593e-03 | LR=1.49e-03
[2026-02-02 11:52:30][INFO] [Epoch 021] MSE Loss=106.384552 | PDE Loss=1.019346 | λ_pde=4.579e-03 | LR=1.26e-03
[2026-02-02 11:55:13][INFO] [Epoch 022] MSE Loss=101.589967 | PDE Loss=1.148172 | λ_pde=3.749e-03 | LR=1.04e-03
[2026-02-02 11:57:50][INFO] [Epoch 023] MSE Loss=97.868897 | PDE Loss=1.239829 | λ_pde=3.069e-03 | LR=8.36e-04
[2026-02-02 12:00:29][INFO] [Epoch 024] MSE Loss=95.960395 | PDE Loss=1.360997 | λ_pde=2.513e-03 | LR=6.51e-04
[2026-02-02 12:03:08][INFO] [Epoch 025] MSE Loss=93.713786 | PDE Loss=1.446325 | λ_pde=2.057e-03 | LR=4.87e-04
[2026-02-02 12:05:44][INFO] [Epoch 026] MSE Loss=92.348805 | PDE Loss=1.520825 | λ_pde=1.684e-03 | LR=3.44e-04
[2026-02-02 12:08:21][INFO] [Epoch 027] MSE Loss=91.367219 | PDE Loss=1.570746 | λ_pde=1.379e-03 | LR=2.26e-04
[2026-02-02 12:11:03][INFO] [Epoch 028] MSE Loss=90.590476 | PDE Loss=1.607128 | λ_pde=1.129e-03 | LR=1.32e-04
[2026-02-02 12:13:40][INFO] [Epoch 029] MSE Loss=90.158769 | PDE Loss=1.634943 | λ_pde=9.245e-04 | LR=6.45e-05
[2026-02-02 12:16:19][INFO] [Epoch 030] MSE Loss=89.876487 | PDE Loss=1.643172 | λ_pde=7.569e-04 | LR=2.37e-05
[2026-02-02 12:19:01][INFO] [Epoch 031] MSE Loss=544.630726 | PDE Loss=1.821383 | λ_pde=6.197e-04 | LR=5.00e-03
[2026-02-02 12:21:40][INFO] [Epoch 032] MSE Loss=175.000564 | PDE Loss=2.738335 | λ_pde=5.074e-04 | LR=5.00e-03
[2026-02-02 12:24:16][INFO] [Epoch 033] MSE Loss=198.669829 | PDE Loss=3.302219 | λ_pde=4.154e-04 | LR=4.99e-03
[2026-02-02 12:26:54][INFO] [Epoch 034] MSE Loss=130.755639 | PDE Loss=3.576777 | λ_pde=3.401e-04 | LR=4.97e-03
[2026-02-02 12:29:34][INFO] [Epoch 035] MSE Loss=105.295595 | PDE Loss=4.188230 | λ_pde=2.784e-04 | LR=4.95e-03
[2026-02-02 12:32:14][INFO] [Epoch 036] MSE Loss=83.622653 | PDE Loss=4.994819 | λ_pde=2.280e-04 | LR=4.91e-03
[2026-02-02 12:34:54][INFO] [Epoch 037] MSE Loss=95.001016 | PDE Loss=6.073663 | λ_pde=1.866e-04 | LR=4.88e-03
[2026-02-02 12:37:37][INFO] [Epoch 038] MSE Loss=132.399991 | PDE Loss=7.716134 | λ_pde=1.528e-04 | LR=4.83e-03
[2026-02-02 12:40:17][INFO] [Epoch 039] MSE Loss=101.012175 | PDE Loss=8.485176 | λ_pde=1.251e-04 | LR=4.78e-03
[2026-02-02 12:42:55][INFO] [Epoch 040] MSE Loss=237.041082 | PDE Loss=11.022058 | λ_pde=1.024e-04 | LR=4.73e-03
[2026-02-02 12:45:33][INFO] [Epoch 041] MSE Loss=78.139240 | PDE Loss=10.613825 | λ_pde=8.387e-05 | LR=4.67e-03
[2026-02-02 12:48:15][INFO] [Epoch 042] MSE Loss=70.309271 | PDE Loss=11.053160 | λ_pde=6.866e-05 | LR=4.60e-03
[2026-02-02 12:50:56][INFO] [Epoch 043] MSE Loss=66.182035 | PDE Loss=12.522963 | λ_pde=5.622e-05 | LR=4.52e-03
[2026-02-02 12:53:34][INFO] [Epoch 044] MSE Loss=67.874533 | PDE Loss=14.263924 | λ_pde=4.603e-05 | LR=4.44e-03
[2026-02-02 12:56:15][INFO] [Epoch 045] MSE Loss=68.197813 | PDE Loss=16.233080 | λ_pde=3.768e-05 | LR=4.36e-03
[2026-02-02 12:58:55][INFO] [Epoch 046] MSE Loss=68.139904 | PDE Loss=18.056118 | λ_pde=3.085e-05 | LR=4.27e-03
[2026-02-02 13:01:33][INFO] [Epoch 047] MSE Loss=63.609952 | PDE Loss=19.801717 | λ_pde=2.526e-05 | LR=4.17e-03
[2026-02-02 13:04:10][INFO] [Epoch 048] MSE Loss=98.299894 | PDE Loss=22.271303 | λ_pde=2.068e-05 | LR=4.08e-03
[2026-02-02 13:06:46][INFO] [Epoch 049] MSE Loss=118.939685 | PDE Loss=23.676449 | λ_pde=1.693e-05 | LR=3.97e-03
[2026-02-02 13:09:21][INFO] [Epoch 050] MSE Loss=76.910841 | PDE Loss=25.649121 | λ_pde=1.386e-05 | LR=3.86e-03
[2026-02-02 13:12:00][INFO] [Epoch 051] MSE Loss=56.064967 | PDE Loss=28.173393 | λ_pde=1.135e-05 | LR=3.75e-03
[2026-02-02 13:14:39][INFO] [Epoch 052] MSE Loss=53.506702 | PDE Loss=30.991213 | λ_pde=9.293e-06 | LR=3.64e-03
[2026-02-02 13:17:16][INFO] [Epoch 053] MSE Loss=77.095626 | PDE Loss=35.119982 | λ_pde=7.608e-06 | LR=3.52e-03
[2026-02-02 13:19:52][INFO] [Epoch 054] MSE Loss=54.800412 | PDE Loss=37.312377 | λ_pde=6.229e-06 | LR=3.40e-03
[2026-02-02 13:22:32][INFO] [Epoch 055] MSE Loss=51.505519 | PDE Loss=41.008518 | λ_pde=5.100e-06 | LR=3.28e-03
[2026-02-02 13:25:11][INFO] [Epoch 056] MSE Loss=52.055062 | PDE Loss=43.181997 | λ_pde=4.175e-06 | LR=3.15e-03
[2026-02-02 13:27:48][INFO] [Epoch 057] MSE Loss=56.313809 | PDE Loss=46.080263 | λ_pde=3.419e-06 | LR=3.02e-03
[2026-02-02 13:30:24][INFO] [Epoch 058] MSE Loss=47.027234 | PDE Loss=50.100734 | λ_pde=2.799e-06 | LR=2.90e-03
[2026-02-02 13:33:03][INFO] [Epoch 059] MSE Loss=45.993236 | PDE Loss=53.492182 | λ_pde=2.292e-06 | LR=2.77e-03
[2026-02-02 13:35:43][INFO] [Epoch 060] MSE Loss=42.137024 | PDE Loss=56.678051 | λ_pde=1.876e-06 | LR=2.64e-03
[2026-02-02 13:38:21][INFO] [Epoch 061] MSE Loss=42.560048 | PDE Loss=59.427245 | λ_pde=1.536e-06 | LR=2.51e-03
[2026-02-02 13:41:01][INFO] [Epoch 062] MSE Loss=40.819503 | PDE Loss=63.807730 | λ_pde=1.258e-06 | LR=2.37e-03
[2026-02-02 13:43:39][INFO] [Epoch 063] MSE Loss=42.329203 | PDE Loss=64.389267 | λ_pde=1.030e-06 | LR=2.24e-03
[2026-02-02 13:46:16][INFO] [Epoch 064] MSE Loss=40.601393 | PDE Loss=68.463793 | λ_pde=8.430e-07 | LR=2.11e-03
[2026-02-02 13:48:56][INFO] [Epoch 065] MSE Loss=41.028949 | PDE Loss=69.723458 | λ_pde=6.902e-07 | LR=1.99e-03
[2026-02-02 13:51:40][INFO] [Epoch 066] MSE Loss=41.267120 | PDE Loss=72.745779 | λ_pde=5.651e-07 | LR=1.86e-03
[2026-02-02 13:54:21][INFO] [Epoch 067] MSE Loss=57.883838 | PDE Loss=75.153598 | λ_pde=4.627e-07 | LR=1.73e-03
[2026-02-02 13:56:55][INFO] [Epoch 068] MSE Loss=34.564639 | PDE Loss=77.165603 | λ_pde=3.788e-07 | LR=1.61e-03
[2026-02-02 13:59:34][INFO] [Epoch 069] MSE Loss=34.448095 | PDE Loss=77.983068 | λ_pde=3.101e-07 | LR=1.49e-03
[2026-02-02 14:02:14][INFO] [Epoch 070] MSE Loss=33.995562 | PDE Loss=81.832984 | λ_pde=2.539e-07 | LR=1.37e-03
[2026-02-02 14:04:59][INFO] [Epoch 071] MSE Loss=33.774044 | PDE Loss=83.275179 | λ_pde=2.079e-07 | LR=1.26e-03
[2026-02-02 14:07:43][INFO] [Epoch 072] MSE Loss=33.172846 | PDE Loss=85.987090 | λ_pde=1.702e-07 | LR=1.15e-03
[2026-02-02 14:10:22][INFO] [Epoch 073] MSE Loss=32.438414 | PDE Loss=88.160114 | λ_pde=1.393e-07 | LR=1.04e-03
[2026-02-02 14:12:58][INFO] [Epoch 074] MSE Loss=32.235691 | PDE Loss=89.004315 | λ_pde=1.141e-07 | LR=9.35e-04
[2026-02-02 14:15:40][INFO] [Epoch 075] MSE Loss=32.116491 | PDE Loss=93.136280 | λ_pde=9.341e-08 | LR=8.36e-04
[2026-02-02 14:18:17][INFO] [Epoch 076] MSE Loss=31.676204 | PDE Loss=94.939049 | λ_pde=7.648e-08 | LR=7.41e-04
[2026-02-02 14:20:53][INFO] [Epoch 077] MSE Loss=31.522563 | PDE Loss=95.624055 | λ_pde=6.261e-08 | LR=6.51e-04
[2026-02-02 14:23:30][INFO] [Epoch 078] MSE Loss=30.852833 | PDE Loss=96.488041 | λ_pde=5.126e-08 | LR=5.66e-04
[2026-02-02 14:26:08][INFO] [Epoch 079] MSE Loss=30.836465 | PDE Loss=98.197014 | λ_pde=4.197e-08 | LR=4.87e-04
[2026-02-02 14:28:50][INFO] [Epoch 080] MSE Loss=31.216175 | PDE Loss=100.059920 | λ_pde=3.436e-08 | LR=4.13e-04
[2026-02-02 14:31:31][INFO] [Epoch 081] MSE Loss=30.382620 | PDE Loss=100.372944 | λ_pde=2.813e-08 | LR=3.44e-04
[2026-02-02 14:34:12][INFO] [Epoch 082] MSE Loss=30.219389 | PDE Loss=102.109153 | λ_pde=2.303e-08 | LR=2.82e-04
[2026-02-02 14:36:53][INFO] [Epoch 083] MSE Loss=30.233362 | PDE Loss=102.851670 | λ_pde=1.886e-08 | LR=2.26e-04
[2026-02-02 14:39:33][INFO] [Epoch 084] MSE Loss=30.052125 | PDE Loss=104.512982 | λ_pde=1.544e-08 | LR=1.76e-04
[2026-02-02 14:42:16][INFO] [Epoch 085] MSE Loss=29.849644 | PDE Loss=104.280618 | λ_pde=1.264e-08 | LR=1.32e-04
[2026-02-02 14:44:54][INFO] [Epoch 086] MSE Loss=29.773039 | PDE Loss=104.725377 | λ_pde=1.035e-08 | LR=9.50e-05
[2026-02-02 14:47:36][INFO] [Epoch 087] MSE Loss=29.745668 | PDE Loss=104.996756 | λ_pde=8.474e-09 | LR=6.45e-05
[2026-02-02 14:50:11][INFO] [Epoch 088] MSE Loss=29.679129 | PDE Loss=105.279374 | λ_pde=6.938e-09 | LR=4.07e-05
[2026-02-02 14:52:57][INFO] [Epoch 089] MSE Loss=29.604984 | PDE Loss=105.065992 | λ_pde=5.680e-09 | LR=2.37e-05
[2026-02-02 14:55:40][INFO] [Epoch 090] MSE Loss=29.592305 | PDE Loss=105.592570 | λ_pde=4.650e-09 | LR=1.34e-05
[2026-02-02 14:58:23][INFO] [Epoch 091] MSE Loss=1095.225986 | PDE Loss=41.742910 | λ_pde=3.807e-09 | LR=5.00e-03
[2026-02-02 15:00:55][INFO] [Epoch 092] MSE Loss=145.208777 | PDE Loss=25.934097 | λ_pde=3.117e-09 | LR=5.00e-03
[2026-02-02 15:03:35][INFO] [Epoch 093] MSE Loss=75.914510 | PDE Loss=28.398806 | λ_pde=2.552e-09 | LR=5.00e-03
[2026-02-02 15:06:11][INFO] [Epoch 094] MSE Loss=67.421264 | PDE Loss=31.189607 | λ_pde=2.090e-09 | LR=4.99e-03
[2026-02-02 15:08:51][INFO] [Epoch 095] MSE Loss=69.010407 | PDE Loss=37.227915 | λ_pde=1.711e-09 | LR=4.99e-03
[2026-02-02 15:11:32][INFO] [Epoch 096] MSE Loss=78.448038 | PDE Loss=41.240653 | λ_pde=1.401e-09 | LR=4.98e-03
[2026-02-02 15:14:11][INFO] [Epoch 097] MSE Loss=69.418584 | PDE Loss=53.531957 | λ_pde=1.147e-09 | LR=4.97e-03
[2026-02-02 15:16:47][INFO] [Epoch 098] MSE Loss=51.942058 | PDE Loss=66.348002 | λ_pde=9.389e-10 | LR=2.48e-03
[2026-02-02 15:19:24][INFO] [Epoch 099] MSE Loss=52.445949 | PDE Loss=71.732976 | λ_pde=7.687e-10 | LR=4.95e-03
[2026-02-02 15:22:03][INFO] [Epoch 100] MSE Loss=49.289080 | PDE Loss=75.995264 | λ_pde=6.294e-10 | LR=4.93e-03
[2026-02-02 15:24:42][INFO] [Epoch 101] MSE Loss=54.555189 | PDE Loss=74.513096 | λ_pde=5.153e-10 | LR=4.91e-03
[2026-02-02 15:27:20][INFO] [Epoch 102] MSE Loss=55.229694 | PDE Loss=73.833568 | λ_pde=4.219e-10 | LR=4.90e-03
[2026-02-02 15:29:58][INFO] [Epoch 103] MSE Loss=60.353577 | PDE Loss=73.035548 | λ_pde=3.454e-10 | LR=4.88e-03
[2026-02-02 15:32:34][INFO] [Epoch 104] MSE Loss=75.256540 | PDE Loss=63.380708 | λ_pde=2.828e-10 | LR=4.86e-03
[2026-02-02 15:35:12][INFO] [Epoch 105] MSE Loss=40.361223 | PDE Loss=72.918497 | λ_pde=2.315e-10 | LR=2.42e-03
[2026-02-02 15:37:47][INFO] [Epoch 106] MSE Loss=50.168043 | PDE Loss=73.016254 | λ_pde=1.896e-10 | LR=4.81e-03
[2026-02-02 15:40:29][INFO] [Epoch 107] MSE Loss=134.893663 | PDE Loss=63.238321 | λ_pde=1.552e-10 | LR=4.78e-03
[2026-02-02 15:43:09][INFO] [Epoch 108] MSE Loss=73.625617 | PDE Loss=63.107292 | λ_pde=1.271e-10 | LR=4.76e-03
[2026-02-02 15:45:50][INFO] [Epoch 109] MSE Loss=43.207883 | PDE Loss=70.201311 | λ_pde=1.040e-10 | LR=4.73e-03
[2026-02-02 15:48:32][INFO] [Epoch 110] MSE Loss=37.634224 | PDE Loss=72.031860 | λ_pde=8.518e-11 | LR=4.70e-03
[2026-02-02 15:51:12][INFO] [Epoch 111] MSE Loss=110.868159 | PDE Loss=69.174114 | λ_pde=6.974e-11 | LR=4.67e-03
[2026-02-02 15:53:49][INFO] [Epoch 112] MSE Loss=62.412347 | PDE Loss=72.062326 | λ_pde=5.710e-11 | LR=2.32e-03
[2026-02-02 15:56:32][INFO] [Epoch 113] MSE Loss=38.275118 | PDE Loss=74.223562 | λ_pde=4.675e-11 | LR=4.60e-03
[2026-02-02 15:59:08][INFO] [Epoch 114] MSE Loss=50.455081 | PDE Loss=78.313651 | λ_pde=3.827e-11 | LR=4.56e-03
[2026-02-02 16:01:48][INFO] [Epoch 115] MSE Loss=42.149059 | PDE Loss=83.954109 | λ_pde=3.133e-11 | LR=4.52e-03
[2026-02-02 16:04:30][INFO] [Epoch 116] MSE Loss=280.133793 | PDE Loss=67.723402 | λ_pde=2.565e-11 | LR=4.48e-03
[2026-02-02 16:07:12][INFO] [Epoch 117] MSE Loss=61.510558 | PDE Loss=70.757254 | λ_pde=2.100e-11 | LR=4.44e-03
[2026-02-02 16:09:51][INFO] [Epoch 118] MSE Loss=35.406508 | PDE Loss=78.113240 | λ_pde=1.720e-11 | LR=4.40e-03
[2026-02-02 16:12:31][INFO] [Epoch 119] MSE Loss=32.518487 | PDE Loss=83.669483 | λ_pde=1.408e-11 | LR=2.18e-03
[2026-02-02 16:15:10][INFO] [Epoch 120] MSE Loss=34.227942 | PDE Loss=85.435990 | λ_pde=1.153e-11 | LR=4.31e-03
[2026-02-02 16:17:45][INFO] [Epoch 121] MSE Loss=33.436805 | PDE Loss=87.208007 | λ_pde=9.438e-12 | LR=4.27e-03
[2026-02-02 16:20:25][INFO] [Epoch 122] MSE Loss=30.760072 | PDE Loss=91.310180 | λ_pde=7.727e-12 | LR=4.22e-03
[2026-02-02 16:23:03][INFO] [Epoch 123] MSE Loss=31.083042 | PDE Loss=92.673648 | λ_pde=6.326e-12 | LR=4.17e-03
[2026-02-02 16:25:39][INFO] [Epoch 124] MSE Loss=253.130918 | PDE Loss=72.962497 | λ_pde=5.180e-12 | LR=4.13e-03
[2026-02-02 16:28:23][INFO] [Epoch 125] MSE Loss=132.826118 | PDE Loss=65.607845 | λ_pde=4.241e-12 | LR=4.08e-03
[2026-02-02 16:31:03][INFO] [Epoch 126] MSE Loss=38.316293 | PDE Loss=80.681206 | λ_pde=3.472e-12 | LR=2.01e-03
[2026-02-02 16:33:51][INFO] [Epoch 127] MSE Loss=34.762541 | PDE Loss=85.698243 | λ_pde=2.843e-12 | LR=3.97e-03
[2026-02-02 16:37:03][INFO] [Epoch 128] MSE Loss=31.195307 | PDE Loss=86.988857 | λ_pde=2.327e-12 | LR=3.92e-03
[2026-02-02 16:40:14][INFO] [Epoch 129] MSE Loss=29.158385 | PDE Loss=89.836990 | λ_pde=1.905e-12 | LR=3.86e-03
[2026-02-02 16:43:26][INFO] [Epoch 130] MSE Loss=28.284721 | PDE Loss=91.887318 | λ_pde=1.560e-12 | LR=3.81e-03
[2026-02-02 16:46:13][INFO] [Epoch 131] MSE Loss=63.737336 | PDE Loss=87.065175 | λ_pde=1.277e-12 | LR=3.75e-03
[2026-02-02 16:48:54][INFO] [Epoch 132] MSE Loss=49.496814 | PDE Loss=81.186093 | λ_pde=1.046e-12 | LR=3.70e-03
[2026-02-02 16:51:31][INFO] [Epoch 133] MSE Loss=27.388640 | PDE Loss=91.894356 | λ_pde=8.562e-13 | LR=3.64e-03
[2026-02-02 16:54:13][INFO] [Epoch 134] MSE Loss=26.364426 | PDE Loss=93.936704 | λ_pde=7.010e-13 | LR=3.58e-03
[2026-02-02 16:56:51][INFO] [Epoch 135] MSE Loss=32.026441 | PDE Loss=94.304895 | λ_pde=5.739e-13 | LR=3.52e-03
[2026-02-02 16:59:33][INFO] [Epoch 136] MSE Loss=25.272684 | PDE Loss=97.773961 | λ_pde=4.699e-13 | LR=3.46e-03
[2026-02-02 17:02:12][INFO] [Epoch 137] MSE Loss=30.404317 | PDE Loss=100.105603 | λ_pde=3.847e-13 | LR=3.40e-03
[2026-02-02 17:04:51][INFO] [Epoch 138] MSE Loss=24.325196 | PDE Loss=103.807837 | λ_pde=3.150e-13 | LR=3.34e-03
[2026-02-02 17:07:31][INFO] [Epoch 139] MSE Loss=46.597772 | PDE Loss=98.742551 | λ_pde=2.579e-13 | LR=3.28e-03
[2026-02-02 17:10:29][INFO] [Epoch 140] MSE Loss=43.148534 | PDE Loss=104.237483 | λ_pde=2.111e-13 | LR=3.21e-03
[2026-02-02 17:13:41][INFO] [Epoch 141] MSE Loss=24.069579 | PDE Loss=107.987534 | λ_pde=1.729e-13 | LR=3.15e-03
[2026-02-02 17:16:52][INFO] [Epoch 142] MSE Loss=22.205066 | PDE Loss=111.564699 | λ_pde=1.415e-13 | LR=3.09e-03
[2026-02-02 17:20:02][INFO] [Epoch 143] MSE Loss=23.822728 | PDE Loss=113.588820 | λ_pde=1.159e-13 | LR=3.02e-03
[2026-02-02 17:23:11][INFO] [Epoch 144] MSE Loss=24.786580 | PDE Loss=114.073520 | λ_pde=9.487e-14 | LR=2.96e-03
[2026-02-02 17:26:22][INFO] [Epoch 145] MSE Loss=27.596400 | PDE Loss=115.917497 | λ_pde=7.767e-14 | LR=2.90e-03
[2026-02-02 17:29:30][INFO] [Epoch 146] MSE Loss=25.356480 | PDE Loss=115.510128 | λ_pde=6.359e-14 | LR=2.83e-03
[2026-02-02 17:32:15][INFO] [Epoch 147] MSE Loss=28.972139 | PDE Loss=115.856426 | λ_pde=5.206e-14 | LR=2.77e-03
[2026-02-02 17:34:54][INFO] [Epoch 148] MSE Loss=35.346407 | PDE Loss=117.467060 | λ_pde=4.263e-14 | LR=2.70e-03
[2026-02-02 17:37:35][INFO] [Epoch 149] MSE Loss=27.024048 | PDE Loss=117.750068 | λ_pde=3.490e-14 | LR=2.64e-03
[2026-02-02 17:40:19][INFO] [Epoch 150] MSE Loss=19.267104 | PDE Loss=124.098315 | λ_pde=2.857e-14 | LR=1.29e-03
[2026-02-02 17:43:04][INFO] [Epoch 151] MSE Loss=21.606652 | PDE Loss=123.796029 | λ_pde=2.339e-14 | LR=2.51e-03
[2026-02-02 17:45:47][INFO] [Epoch 152] MSE Loss=21.791160 | PDE Loss=124.368127 | λ_pde=1.915e-14 | LR=2.44e-03
[2026-02-02 17:48:29][INFO] [Epoch 153] MSE Loss=55.075898 | PDE Loss=115.225443 | λ_pde=1.568e-14 | LR=2.37e-03
[2026-02-02 17:51:12][INFO] [Epoch 154] MSE Loss=43.599966 | PDE Loss=114.833183 | λ_pde=1.284e-14 | LR=2.31e-03
[2026-02-02 17:53:52][INFO] [Epoch 155] MSE Loss=21.499044 | PDE Loss=130.760807 | λ_pde=1.051e-14 | LR=2.24e-03
[2026-02-02 17:56:55][INFO] [Epoch 156] MSE Loss=18.688157 | PDE Loss=133.198763 | λ_pde=8.606e-15 | LR=2.18e-03
[2026-02-02 18:00:04][INFO] [Epoch 157] MSE Loss=19.073552 | PDE Loss=134.227233 | λ_pde=7.046e-15 | LR=2.11e-03
[2026-02-02 18:03:16][INFO] [Epoch 158] MSE Loss=18.430705 | PDE Loss=136.075291 | λ_pde=5.769e-15 | LR=2.05e-03
