[2026-01-30 16:17:41][INFO] 日志文件创建于: /data/sda/zjc/comsol_pinn/logs/M04d/exp06/train_20260130_161741_gpu1_pid2779594.log
[2026-01-30 16:17:41][INFO] 进程 PID: 2779594
[2026-01-30 16:17:41][INFO] ========== PINN 训练开始 ==========
[2026-01-30 16:17:41][INFO] 物理项权重 λ_pde = 1.0
[2026-01-30 16:17:41][INFO] 使用设备: cuda
[2026-01-30 16:17:41][INFO] 训练参数: {'lambda_pde': 1.0, 'epochs': 200, 'lr': 0.005, 'batch_cases': 1, 'lr_scheduler': 'hybrid', 'cosine_tmax': 150, 'cosine_eta_min': 1e-05, 'plateau_factor': 0.5, 'plateau_patience': 6, 'plateau_min_lr': 1e-05, 'use_pde_anneal': True, 'pde_anneal_gamma': 0.1, 'pde_lambda_min': 0.0, 'use_soft_mask': False, 'mask_alpha': 40.0, 'mask_temp_ratio': 0.7, 'points_per_case': 320000, 'device': 'cuda', 'num_workers': 8, 'log_dir': 'logs/M04d/exp06', 'ckpt_dir': 'checkpoints/M04d/exp06'}
[2026-01-30 16:17:41][INFO] 数据集大小: 141 cases
[2026-01-30 16:17:41][INFO] 每 case 采样点数: 320000
[2026-01-30 16:17:41][INFO] 模型结构:
SimplePINN(
  (net): Sequential(
    (0): Linear(in_features=7, out_features=128, bias=True)
    (1): SiLU()
    (2): Linear(in_features=128, out_features=128, bias=True)
    (3): SiLU()
    (4): Linear(in_features=128, out_features=1, bias=True)
  )
)
[2026-01-30 16:17:41][INFO] 优化器: AdamW, 初始 lr=0.005, 学习率调度器: hybrid
[2026-01-30 16:20:24][INFO] [Epoch 001] MSE Loss=20347.588343 | PDE Loss=10.177702 | λ_pde=1.000e+00 | LR=5.00e-03
[2026-01-30 16:23:06][INFO] [Epoch 002] MSE Loss=956.485567 | PDE Loss=2.336513 | λ_pde=9.048e-01 | LR=5.00e-03
[2026-01-30 16:25:48][INFO] [Epoch 003] MSE Loss=830.729285 | PDE Loss=0.819107 | λ_pde=8.187e-01 | LR=5.00e-03
[2026-01-30 16:28:30][INFO] [Epoch 004] MSE Loss=801.952600 | PDE Loss=1.310972 | λ_pde=7.408e-01 | LR=5.00e-03
[2026-01-30 16:31:11][INFO] [Epoch 005] MSE Loss=775.297102 | PDE Loss=2.168772 | λ_pde=6.703e-01 | LR=4.99e-03
[2026-01-30 16:33:54][INFO] [Epoch 006] MSE Loss=792.480221 | PDE Loss=2.708110 | λ_pde=6.065e-01 | LR=4.99e-03
[2026-01-30 16:36:37][INFO] [Epoch 007] MSE Loss=754.505624 | PDE Loss=3.491521 | λ_pde=5.488e-01 | LR=4.98e-03
[2026-01-30 16:39:18][INFO] [Epoch 008] MSE Loss=799.898745 | PDE Loss=3.648428 | λ_pde=4.966e-01 | LR=4.97e-03
[2026-01-30 16:42:04][INFO] [Epoch 009] MSE Loss=786.096842 | PDE Loss=4.051213 | λ_pde=4.493e-01 | LR=4.97e-03
[2026-01-30 16:44:49][INFO] [Epoch 010] MSE Loss=868.724305 | PDE Loss=5.365859 | λ_pde=4.066e-01 | LR=4.96e-03
[2026-01-30 16:47:28][INFO] [Epoch 011] MSE Loss=810.655601 | PDE Loss=6.814130 | λ_pde=3.679e-01 | LR=4.95e-03
[2026-01-30 16:50:07][INFO] [Epoch 012] MSE Loss=783.493925 | PDE Loss=8.264639 | λ_pde=3.329e-01 | LR=4.93e-03
[2026-01-30 16:52:49][INFO] [Epoch 013] MSE Loss=809.719140 | PDE Loss=9.431286 | λ_pde=3.012e-01 | LR=4.92e-03
[2026-01-30 16:55:35][INFO] [Epoch 014] MSE Loss=717.432441 | PDE Loss=10.882195 | λ_pde=2.725e-01 | LR=4.91e-03
[2026-01-30 16:58:16][INFO] [Epoch 015] MSE Loss=724.331369 | PDE Loss=12.930748 | λ_pde=2.466e-01 | LR=4.89e-03
[2026-01-30 17:00:56][INFO] [Epoch 016] MSE Loss=832.228322 | PDE Loss=13.819887 | λ_pde=2.231e-01 | LR=4.88e-03
[2026-01-30 17:03:36][INFO] [Epoch 017] MSE Loss=779.917314 | PDE Loss=17.404048 | λ_pde=2.019e-01 | LR=4.86e-03
[2026-01-30 17:06:17][INFO] [Epoch 018] MSE Loss=723.787775 | PDE Loss=23.016013 | λ_pde=1.827e-01 | LR=4.84e-03
[2026-01-30 17:08:59][INFO] [Epoch 019] MSE Loss=741.469694 | PDE Loss=33.346422 | λ_pde=1.653e-01 | LR=4.82e-03
[2026-01-30 17:11:41][INFO] [Epoch 020] MSE Loss=718.469972 | PDE Loss=45.588988 | λ_pde=1.496e-01 | LR=4.81e-03
[2026-01-30 17:14:21][INFO] [Epoch 021] MSE Loss=723.163889 | PDE Loss=59.876155 | λ_pde=1.353e-01 | LR=4.78e-03
[2026-01-30 17:17:01][INFO] [Epoch 022] MSE Loss=696.281116 | PDE Loss=66.404225 | λ_pde=1.225e-01 | LR=2.38e-03
[2026-01-30 17:19:46][INFO] [Epoch 023] MSE Loss=666.478503 | PDE Loss=71.511621 | λ_pde=1.108e-01 | LR=2.37e-03
[2026-01-30 17:22:30][INFO] [Epoch 024] MSE Loss=608.782575 | PDE Loss=79.364240 | λ_pde=1.003e-01 | LR=2.36e-03
[2026-01-30 17:25:13][INFO] [Epoch 025] MSE Loss=670.765762 | PDE Loss=86.842930 | λ_pde=9.072e-02 | LR=2.35e-03
[2026-01-30 17:27:57][INFO] [Epoch 026] MSE Loss=642.204309 | PDE Loss=98.886686 | λ_pde=8.208e-02 | LR=2.33e-03
[2026-01-30 17:30:43][INFO] [Epoch 027] MSE Loss=648.821855 | PDE Loss=110.712990 | λ_pde=7.427e-02 | LR=2.32e-03
[2026-01-30 17:33:21][INFO] [Epoch 028] MSE Loss=644.027576 | PDE Loss=119.392376 | λ_pde=6.721e-02 | LR=2.31e-03
[2026-01-30 17:36:01][INFO] [Epoch 029] MSE Loss=645.399130 | PDE Loss=135.964137 | λ_pde=6.081e-02 | LR=2.29e-03
[2026-01-30 17:38:46][INFO] [Epoch 030] MSE Loss=630.898444 | PDE Loss=146.383025 | λ_pde=5.502e-02 | LR=2.28e-03
[2026-01-30 17:41:43][INFO] [Epoch 031] MSE Loss=645.384992 | PDE Loss=160.946946 | λ_pde=4.979e-02 | LR=2.26e-03
[2026-01-30 17:45:16][INFO] [Epoch 032] MSE Loss=610.868997 | PDE Loss=158.551492 | λ_pde=4.505e-02 | LR=1.12e-03
[2026-01-30 17:48:49][INFO] [Epoch 033] MSE Loss=607.301014 | PDE Loss=180.583255 | λ_pde=4.076e-02 | LR=1.12e-03
[2026-01-30 17:52:22][INFO] [Epoch 034] MSE Loss=603.014380 | PDE Loss=192.487940 | λ_pde=3.688e-02 | LR=1.11e-03
[2026-01-30 17:55:49][INFO] [Epoch 035] MSE Loss=606.342277 | PDE Loss=204.279518 | λ_pde=3.337e-02 | LR=1.10e-03
[2026-01-30 17:59:19][INFO] [Epoch 036] MSE Loss=608.349669 | PDE Loss=217.390519 | λ_pde=3.020e-02 | LR=1.09e-03
[2026-01-30 18:02:50][INFO] [Epoch 037] MSE Loss=601.130169 | PDE Loss=245.352026 | λ_pde=2.732e-02 | LR=1.08e-03
[2026-01-30 18:06:17][INFO] [Epoch 038] MSE Loss=607.124777 | PDE Loss=264.242239 | λ_pde=2.472e-02 | LR=1.07e-03
[2026-01-30 18:09:51][INFO] [Epoch 039] MSE Loss=609.254196 | PDE Loss=273.871135 | λ_pde=2.237e-02 | LR=1.06e-03
[2026-01-30 18:13:24][INFO] [Epoch 040] MSE Loss=593.623913 | PDE Loss=305.170706 | λ_pde=2.024e-02 | LR=1.05e-03
[2026-01-30 18:16:55][INFO] [Epoch 041] MSE Loss=594.488037 | PDE Loss=310.061648 | λ_pde=1.832e-02 | LR=1.04e-03
[2026-01-30 18:20:25][INFO] [Epoch 042] MSE Loss=592.138346 | PDE Loss=360.328625 | λ_pde=1.657e-02 | LR=1.03e-03
[2026-01-30 18:23:52][INFO] [Epoch 043] MSE Loss=592.984111 | PDE Loss=384.705333 | λ_pde=1.500e-02 | LR=1.02e-03
[2026-01-30 18:27:25][INFO] [Epoch 044] MSE Loss=587.505893 | PDE Loss=388.586494 | λ_pde=1.357e-02 | LR=1.01e-03
[2026-01-30 18:30:53][INFO] [Epoch 045] MSE Loss=582.529295 | PDE Loss=416.233223 | λ_pde=1.228e-02 | LR=1.00e-03
[2026-01-30 18:34:19][INFO] [Epoch 046] MSE Loss=601.050441 | PDE Loss=450.405866 | λ_pde=1.111e-02 | LR=9.94e-04
[2026-01-30 18:37:46][INFO] [Epoch 047] MSE Loss=591.443691 | PDE Loss=488.824367 | λ_pde=1.005e-02 | LR=9.83e-04
[2026-01-30 18:41:19][INFO] [Epoch 048] MSE Loss=577.539233 | PDE Loss=510.522085 | λ_pde=9.095e-03 | LR=9.73e-04
[2026-01-30 18:44:51][INFO] [Epoch 049] MSE Loss=608.544041 | PDE Loss=565.542447 | λ_pde=8.230e-03 | LR=9.62e-04
[2026-01-30 18:48:23][INFO] [Epoch 050] MSE Loss=588.841880 | PDE Loss=593.933282 | λ_pde=7.447e-03 | LR=9.51e-04
[2026-01-30 18:51:54][INFO] [Epoch 051] MSE Loss=607.306698 | PDE Loss=634.546721 | λ_pde=6.738e-03 | LR=9.39e-04
[2026-01-30 18:55:26][INFO] [Epoch 052] MSE Loss=580.728538 | PDE Loss=665.896312 | λ_pde=6.097e-03 | LR=9.28e-04
[2026-01-30 18:58:55][INFO] [Epoch 053] MSE Loss=585.609400 | PDE Loss=705.010639 | λ_pde=5.517e-03 | LR=9.17e-04
[2026-01-30 19:02:28][INFO] [Epoch 054] MSE Loss=573.156145 | PDE Loss=740.950146 | λ_pde=4.992e-03 | LR=9.05e-04
[2026-01-30 19:05:59][INFO] [Epoch 055] MSE Loss=584.244609 | PDE Loss=801.222322 | λ_pde=4.517e-03 | LR=8.93e-04
[2026-01-30 19:09:37][INFO] [Epoch 056] MSE Loss=578.258403 | PDE Loss=839.343396 | λ_pde=4.087e-03 | LR=8.82e-04
[2026-01-30 19:13:06][INFO] [Epoch 057] MSE Loss=582.325791 | PDE Loss=911.255904 | λ_pde=3.698e-03 | LR=8.70e-04
[2026-01-30 19:16:37][INFO] [Epoch 058] MSE Loss=569.610540 | PDE Loss=963.546881 | λ_pde=3.346e-03 | LR=8.58e-04
[2026-01-30 19:20:03][INFO] [Epoch 059] MSE Loss=566.276158 | PDE Loss=1022.357701 | λ_pde=3.028e-03 | LR=8.46e-04
[2026-01-30 19:23:32][INFO] [Epoch 060] MSE Loss=563.987745 | PDE Loss=1111.335144 | λ_pde=2.739e-03 | LR=8.33e-04
[2026-01-30 19:27:01][INFO] [Epoch 061] MSE Loss=580.183421 | PDE Loss=1221.781924 | λ_pde=2.479e-03 | LR=8.21e-04
[2026-01-30 19:30:32][INFO] [Epoch 062] MSE Loss=560.284086 | PDE Loss=1281.890258 | λ_pde=2.243e-03 | LR=8.09e-04
[2026-01-30 19:34:01][INFO] [Epoch 063] MSE Loss=553.022223 | PDE Loss=1395.560941 | λ_pde=2.029e-03 | LR=7.96e-04
[2026-01-30 19:37:34][INFO] [Epoch 064] MSE Loss=561.612495 | PDE Loss=1554.961979 | λ_pde=1.836e-03 | LR=7.84e-04
[2026-01-30 19:41:04][INFO] [Epoch 065] MSE Loss=557.964611 | PDE Loss=1640.328041 | λ_pde=1.662e-03 | LR=7.71e-04
[2026-01-30 19:44:32][INFO] [Epoch 066] MSE Loss=566.289267 | PDE Loss=1791.422768 | λ_pde=1.503e-03 | LR=7.58e-04
[2026-01-30 19:48:05][INFO] [Epoch 067] MSE Loss=555.011836 | PDE Loss=1924.454174 | λ_pde=1.360e-03 | LR=7.46e-04
[2026-01-30 19:51:38][INFO] [Epoch 068] MSE Loss=553.539749 | PDE Loss=2133.931582 | λ_pde=1.231e-03 | LR=7.33e-04
[2026-01-30 19:55:06][INFO] [Epoch 069] MSE Loss=542.993909 | PDE Loss=2272.577995 | λ_pde=1.114e-03 | LR=7.20e-04
[2026-01-30 19:58:37][INFO] [Epoch 070] MSE Loss=552.451220 | PDE Loss=2475.884560 | λ_pde=1.008e-03 | LR=7.07e-04
[2026-01-30 20:02:05][INFO] [Epoch 071] MSE Loss=547.921752 | PDE Loss=2719.701612 | λ_pde=9.119e-04 | LR=6.94e-04
[2026-01-30 20:05:35][INFO] [Epoch 072] MSE Loss=543.947142 | PDE Loss=2923.627066 | λ_pde=8.251e-04 | LR=6.82e-04
[2026-01-30 20:09:09][INFO] [Epoch 073] MSE Loss=544.304517 | PDE Loss=3124.704751 | λ_pde=7.466e-04 | LR=6.69e-04
[2026-01-30 20:12:39][INFO] [Epoch 074] MSE Loss=540.666382 | PDE Loss=3383.998201 | λ_pde=6.755e-04 | LR=6.56e-04
[2026-01-30 20:16:08][INFO] [Epoch 075] MSE Loss=541.088114 | PDE Loss=3607.186487 | λ_pde=6.113e-04 | LR=6.43e-04
[2026-01-30 20:19:35][INFO] [Epoch 076] MSE Loss=546.941462 | PDE Loss=3864.305247 | λ_pde=5.531e-04 | LR=6.30e-04
[2026-01-30 20:23:07][INFO] [Epoch 077] MSE Loss=525.769721 | PDE Loss=4101.191382 | λ_pde=5.005e-04 | LR=6.17e-04
[2026-01-30 20:26:38][INFO] [Epoch 078] MSE Loss=539.080569 | PDE Loss=4341.687477 | λ_pde=4.528e-04 | LR=6.04e-04
[2026-01-30 20:30:13][INFO] [Epoch 079] MSE Loss=525.952221 | PDE Loss=4614.611823 | λ_pde=4.097e-04 | LR=5.91e-04
[2026-01-30 20:33:47][INFO] [Epoch 080] MSE Loss=517.933117 | PDE Loss=4870.364653 | λ_pde=3.707e-04 | LR=5.78e-04
[2026-01-30 20:37:18][INFO] [Epoch 081] MSE Loss=518.336987 | PDE Loss=5131.970762 | λ_pde=3.355e-04 | LR=5.65e-04
[2026-01-30 20:40:54][INFO] [Epoch 082] MSE Loss=517.140705 | PDE Loss=5397.157978 | λ_pde=3.035e-04 | LR=5.52e-04
[2026-01-30 20:44:27][INFO] [Epoch 083] MSE Loss=517.218337 | PDE Loss=5692.186704 | λ_pde=2.747e-04 | LR=5.39e-04
[2026-01-30 20:47:54][INFO] [Epoch 084] MSE Loss=513.958071 | PDE Loss=5908.431495 | λ_pde=2.485e-04 | LR=5.26e-04
[2026-01-30 20:51:25][INFO] [Epoch 085] MSE Loss=516.023514 | PDE Loss=6225.111979 | λ_pde=2.249e-04 | LR=5.14e-04
[2026-01-30 20:54:57][INFO] [Epoch 086] MSE Loss=517.195327 | PDE Loss=6502.831193 | λ_pde=2.035e-04 | LR=5.01e-04
[2026-01-30 20:58:31][INFO] [Epoch 087] MSE Loss=510.819926 | PDE Loss=6750.654498 | λ_pde=1.841e-04 | LR=4.88e-04
[2026-01-30 21:01:59][INFO] [Epoch 088] MSE Loss=513.374515 | PDE Loss=6971.790631 | λ_pde=1.666e-04 | LR=4.76e-04
[2026-01-30 21:05:31][INFO] [Epoch 089] MSE Loss=516.266260 | PDE Loss=7233.273341 | λ_pde=1.507e-04 | LR=4.63e-04
[2026-01-30 21:09:02][INFO] [Epoch 090] MSE Loss=503.936251 | PDE Loss=7524.509980 | λ_pde=1.364e-04 | LR=4.51e-04
[2026-01-30 21:12:32][INFO] [Epoch 091] MSE Loss=507.974647 | PDE Loss=7807.749217 | λ_pde=1.234e-04 | LR=4.38e-04
[2026-01-30 21:16:06][INFO] [Epoch 092] MSE Loss=505.110370 | PDE Loss=7992.276603 | λ_pde=1.117e-04 | LR=4.26e-04
[2026-01-30 21:19:36][INFO] [Epoch 093] MSE Loss=510.889647 | PDE Loss=8290.100676 | λ_pde=1.010e-04 | LR=4.14e-04
[2026-01-30 21:23:12][INFO] [Epoch 094] MSE Loss=500.707651 | PDE Loss=8542.382577 | λ_pde=9.142e-05 | LR=4.02e-04
[2026-01-30 21:26:40][INFO] [Epoch 095] MSE Loss=503.861489 | PDE Loss=8762.704898 | λ_pde=8.272e-05 | LR=3.90e-04
[2026-01-30 21:30:09][INFO] [Epoch 096] MSE Loss=496.724559 | PDE Loss=9021.501247 | λ_pde=7.485e-05 | LR=3.78e-04
[2026-01-30 21:33:41][INFO] [Epoch 097] MSE Loss=505.334108 | PDE Loss=9238.728938 | λ_pde=6.773e-05 | LR=3.66e-04
[2026-01-30 21:37:14][INFO] [Epoch 098] MSE Loss=497.345135 | PDE Loss=9465.940935 | λ_pde=6.128e-05 | LR=3.54e-04
[2026-01-30 21:40:44][INFO] [Epoch 099] MSE Loss=494.786900 | PDE Loss=9676.583576 | λ_pde=5.545e-05 | LR=3.43e-04
[2026-01-30 21:44:19][INFO] [Epoch 100] MSE Loss=496.353852 | PDE Loss=9947.980933 | λ_pde=5.017e-05 | LR=3.31e-04
[2026-01-30 21:47:43][INFO] [Epoch 101] MSE Loss=499.666631 | PDE Loss=10185.083340 | λ_pde=4.540e-05 | LR=3.20e-04
[2026-01-30 21:51:14][INFO] [Epoch 102] MSE Loss=490.352141 | PDE Loss=10376.049832 | λ_pde=4.108e-05 | LR=3.09e-04
[2026-01-30 21:54:48][INFO] [Epoch 103] MSE Loss=499.646092 | PDE Loss=10544.249134 | λ_pde=3.717e-05 | LR=2.98e-04
[2026-01-30 21:58:21][INFO] [Epoch 104] MSE Loss=490.871549 | PDE Loss=10735.225073 | λ_pde=3.363e-05 | LR=2.87e-04
[2026-01-30 22:01:54][INFO] [Epoch 105] MSE Loss=490.824919 | PDE Loss=10910.337053 | λ_pde=3.043e-05 | LR=2.76e-04
[2026-01-30 22:05:26][INFO] [Epoch 106] MSE Loss=490.410596 | PDE Loss=11130.334933 | λ_pde=2.754e-05 | LR=2.65e-04
[2026-01-30 22:08:58][INFO] [Epoch 107] MSE Loss=497.929723 | PDE Loss=11305.419749 | λ_pde=2.492e-05 | LR=2.55e-04
[2026-01-30 22:12:32][INFO] [Epoch 108] MSE Loss=486.730466 | PDE Loss=11439.035558 | λ_pde=2.254e-05 | LR=2.45e-04
[2026-01-30 22:16:00][INFO] [Epoch 109] MSE Loss=490.862034 | PDE Loss=11598.040482 | λ_pde=2.040e-05 | LR=2.35e-04
[2026-01-30 22:19:29][INFO] [Epoch 110] MSE Loss=487.946185 | PDE Loss=11783.853800 | λ_pde=1.846e-05 | LR=2.25e-04
[2026-01-30 22:22:54][INFO] [Epoch 111] MSE Loss=488.092880 | PDE Loss=11920.523881 | λ_pde=1.670e-05 | LR=2.15e-04
[2026-01-30 22:26:29][INFO] [Epoch 112] MSE Loss=486.976306 | PDE Loss=12054.844526 | λ_pde=1.511e-05 | LR=2.05e-04
[2026-01-30 22:29:56][INFO] [Epoch 113] MSE Loss=485.069646 | PDE Loss=12190.237443 | λ_pde=1.367e-05 | LR=1.96e-04
[2026-01-30 22:33:26][INFO] [Epoch 114] MSE Loss=482.927971 | PDE Loss=12336.029996 | λ_pde=1.237e-05 | LR=1.87e-04
[2026-01-30 22:37:00][INFO] [Epoch 115] MSE Loss=487.666939 | PDE Loss=12422.337406 | λ_pde=1.120e-05 | LR=1.78e-04
[2026-01-30 22:40:32][INFO] [Epoch 116] MSE Loss=485.707135 | PDE Loss=12598.267606 | λ_pde=1.013e-05 | LR=1.69e-04
[2026-01-30 22:44:06][INFO] [Epoch 117] MSE Loss=485.874734 | PDE Loss=12694.887536 | λ_pde=9.166e-06 | LR=1.61e-04
[2026-01-30 22:47:37][INFO] [Epoch 118] MSE Loss=480.740820 | PDE Loss=12734.999737 | λ_pde=8.294e-06 | LR=1.52e-04
[2026-01-30 22:51:08][INFO] [Epoch 119] MSE Loss=483.451379 | PDE Loss=12856.875609 | λ_pde=7.505e-06 | LR=1.44e-04
[2026-01-30 22:54:35][INFO] [Epoch 120] MSE Loss=482.034191 | PDE Loss=12997.135964 | λ_pde=6.790e-06 | LR=1.36e-04
[2026-01-30 22:58:07][INFO] [Epoch 121] MSE Loss=478.732465 | PDE Loss=13065.876011 | λ_pde=6.144e-06 | LR=1.28e-04
[2026-01-30 23:01:37][INFO] [Epoch 122] MSE Loss=482.706327 | PDE Loss=13117.880257 | λ_pde=5.560e-06 | LR=1.21e-04
[2026-01-30 23:05:08][INFO] [Epoch 123] MSE Loss=480.547097 | PDE Loss=13214.109417 | λ_pde=5.030e-06 | LR=1.14e-04
[2026-01-30 23:08:38][INFO] [Epoch 124] MSE Loss=478.519554 | PDE Loss=13280.085577 | λ_pde=4.552e-06 | LR=1.06e-04
[2026-01-30 23:12:11][INFO] [Epoch 125] MSE Loss=479.121214 | PDE Loss=13352.594429 | λ_pde=4.119e-06 | LR=9.96e-05
[2026-01-30 23:15:41][INFO] [Epoch 126] MSE Loss=477.563467 | PDE Loss=13423.386663 | λ_pde=3.727e-06 | LR=9.30e-05
[2026-01-30 23:19:12][INFO] [Epoch 127] MSE Loss=478.085579 | PDE Loss=13492.903369 | λ_pde=3.372e-06 | LR=8.66e-05
[2026-01-30 23:22:45][INFO] [Epoch 128] MSE Loss=477.018809 | PDE Loss=13544.257092 | λ_pde=3.051e-06 | LR=8.05e-05
[2026-01-30 23:26:14][INFO] [Epoch 129] MSE Loss=477.717813 | PDE Loss=13579.195070 | λ_pde=2.761e-06 | LR=7.46e-05
[2026-01-30 23:29:44][INFO] [Epoch 130] MSE Loss=477.966341 | PDE Loss=13623.206602 | λ_pde=2.498e-06 | LR=6.90e-05
[2026-01-30 23:33:16][INFO] [Epoch 131] MSE Loss=475.980943 | PDE Loss=13687.699149 | λ_pde=2.260e-06 | LR=6.36e-05
[2026-01-30 23:36:49][INFO] [Epoch 132] MSE Loss=476.444090 | PDE Loss=13729.338888 | λ_pde=2.045e-06 | LR=5.84e-05
[2026-01-30 23:40:22][INFO] [Epoch 133] MSE Loss=475.495520 | PDE Loss=13756.131912 | λ_pde=1.851e-06 | LR=5.35e-05
[2026-01-30 23:43:53][INFO] [Epoch 134] MSE Loss=476.782459 | PDE Loss=13816.517827 | λ_pde=1.674e-06 | LR=4.89e-05
[2026-01-30 23:47:25][INFO] [Epoch 135] MSE Loss=476.725201 | PDE Loss=13862.170130 | λ_pde=1.515e-06 | LR=4.45e-05
[2026-01-30 23:50:56][INFO] [Epoch 136] MSE Loss=475.122666 | PDE Loss=13856.187306 | λ_pde=1.371e-06 | LR=4.03e-05
[2026-01-30 23:54:28][INFO] [Epoch 137] MSE Loss=474.877078 | PDE Loss=13908.238101 | λ_pde=1.240e-06 | LR=3.64e-05
[2026-01-30 23:57:56][INFO] [Epoch 138] MSE Loss=474.718654 | PDE Loss=13906.668357 | λ_pde=1.122e-06 | LR=3.28e-05
[2026-01-31 00:01:27][INFO] [Epoch 139] MSE Loss=474.671510 | PDE Loss=13964.006621 | λ_pde=1.016e-06 | LR=2.95e-05
[2026-01-31 00:04:59][INFO] [Epoch 140] MSE Loss=474.736364 | PDE Loss=13946.944911 | λ_pde=9.190e-07 | LR=2.64e-05
[2026-01-31 00:08:29][INFO] [Epoch 141] MSE Loss=474.572006 | PDE Loss=13957.956325 | λ_pde=8.315e-07 | LR=2.35e-05
[2026-01-31 00:11:58][INFO] [Epoch 142] MSE Loss=474.255625 | PDE Loss=13969.109430 | λ_pde=7.524e-07 | LR=2.10e-05
[2026-01-31 00:15:34][INFO] [Epoch 143] MSE Loss=474.645435 | PDE Loss=14023.150044 | λ_pde=6.808e-07 | LR=1.87e-05
[2026-01-31 00:19:08][INFO] [Epoch 144] MSE Loss=474.100187 | PDE Loss=14026.646152 | λ_pde=6.160e-07 | LR=1.66e-05
[2026-01-31 00:22:38][INFO] [Epoch 145] MSE Loss=474.105700 | PDE Loss=14030.365678 | λ_pde=5.574e-07 | LR=1.49e-05
[2026-01-31 00:26:08][INFO] [Epoch 146] MSE Loss=474.048171 | PDE Loss=14045.740248 | λ_pde=5.043e-07 | LR=1.34e-05
[2026-01-31 00:29:40][INFO] [Epoch 147] MSE Loss=473.906696 | PDE Loss=14065.208666 | λ_pde=4.564e-07 | LR=1.22e-05
[2026-01-31 00:33:09][INFO] [Epoch 148] MSE Loss=474.019034 | PDE Loss=14080.258450 | λ_pde=4.129e-07 | LR=1.12e-05
[2026-01-31 00:36:42][INFO] [Epoch 149] MSE Loss=473.811571 | PDE Loss=14065.313899 | λ_pde=3.736e-07 | LR=1.05e-05
[2026-01-31 00:40:13][INFO] [Epoch 150] MSE Loss=473.644873 | PDE Loss=14091.348515 | λ_pde=3.381e-07 | LR=1.01e-05
[2026-01-31 00:43:41][INFO] [Epoch 151] MSE Loss=473.669063 | PDE Loss=14066.103142 | λ_pde=3.059e-07 | LR=1.00e-05
[2026-01-31 00:47:11][INFO] [Epoch 152] MSE Loss=473.578135 | PDE Loss=14082.631247 | λ_pde=2.768e-07 | LR=1.05e-05
[2026-01-31 00:50:40][INFO] [Epoch 153] MSE Loss=473.734738 | PDE Loss=14101.851466 | λ_pde=2.505e-07 | LR=1.22e-05
[2026-01-31 00:54:12][INFO] [Epoch 154] MSE Loss=473.716788 | PDE Loss=14090.487021 | λ_pde=2.266e-07 | LR=1.49e-05
[2026-01-31 00:57:41][INFO] [Epoch 155] MSE Loss=473.788567 | PDE Loss=14095.794035 | λ_pde=2.051e-07 | LR=1.88e-05
[2026-01-31 01:01:12][INFO] [Epoch 156] MSE Loss=474.650115 | PDE Loss=14130.970024 | λ_pde=1.855e-07 | LR=2.37e-05
[2026-01-31 01:04:42][INFO] [Epoch 157] MSE Loss=473.603180 | PDE Loss=14182.937181 | λ_pde=1.679e-07 | LR=2.97e-05
[2026-01-31 01:08:16][INFO] [Epoch 158] MSE Loss=473.794051 | PDE Loss=14162.512924 | λ_pde=1.519e-07 | LR=3.68e-05
[2026-01-31 01:11:44][INFO] [Epoch 159] MSE Loss=474.742909 | PDE Loss=14203.211478 | λ_pde=1.375e-07 | LR=4.49e-05
[2026-01-31 01:15:14][INFO] [Epoch 160] MSE Loss=473.675083 | PDE Loss=14208.819952 | λ_pde=1.244e-07 | LR=2.71e-05
[2026-01-31 01:18:43][INFO] [Epoch 161] MSE Loss=474.185826 | PDE Loss=14246.217406 | λ_pde=1.125e-07 | LR=3.11e-05
[2026-01-31 01:22:13][INFO] [Epoch 162] MSE Loss=473.913931 | PDE Loss=14260.606826 | λ_pde=1.018e-07 | LR=3.55e-05
[2026-01-31 01:25:40][INFO] [Epoch 163] MSE Loss=473.484815 | PDE Loss=14284.984929 | λ_pde=9.214e-08 | LR=4.03e-05
[2026-01-31 01:29:13][INFO] [Epoch 164] MSE Loss=473.560995 | PDE Loss=14349.888589 | λ_pde=8.337e-08 | LR=4.56e-05
[2026-01-31 01:32:41][INFO] [Epoch 165] MSE Loss=474.219553 | PDE Loss=14380.815617 | λ_pde=7.543e-08 | LR=5.12e-05
[2026-01-31 01:36:14][INFO] [Epoch 166] MSE Loss=475.186942 | PDE Loss=14406.086879 | λ_pde=6.826e-08 | LR=5.72e-05
[2026-01-31 01:39:46][INFO] [Epoch 167] MSE Loss=476.850243 | PDE Loss=14422.223266 | λ_pde=6.176e-08 | LR=6.37e-05
[2026-01-31 01:43:18][INFO] [Epoch 168] MSE Loss=474.437996 | PDE Loss=14488.374141 | λ_pde=5.588e-08 | LR=7.05e-05
[2026-01-31 01:46:52][INFO] [Epoch 169] MSE Loss=476.710244 | PDE Loss=14547.380347 | λ_pde=5.057e-08 | LR=7.78e-05
[2026-01-31 01:50:21][INFO] [Epoch 170] MSE Loss=474.581669 | PDE Loss=14602.625166 | λ_pde=4.575e-08 | LR=8.54e-05
[2026-01-31 01:53:53][INFO] [Epoch 171] MSE Loss=473.196905 | PDE Loss=14706.786167 | λ_pde=4.140e-08 | LR=4.67e-05
[2026-01-31 01:57:24][INFO] [Epoch 172] MSE Loss=474.434683 | PDE Loss=14688.275432 | λ_pde=3.746e-08 | LR=5.04e-05
[2026-01-31 02:00:56][INFO] [Epoch 173] MSE Loss=474.886659 | PDE Loss=14714.540240 | λ_pde=3.389e-08 | LR=5.43e-05
[2026-01-31 02:04:24][INFO] [Epoch 174] MSE Loss=472.902034 | PDE Loss=14738.858641 | λ_pde=3.067e-08 | LR=5.83e-05
[2026-01-31 02:07:53][INFO] [Epoch 175] MSE Loss=472.906874 | PDE Loss=14833.454912 | λ_pde=2.775e-08 | LR=6.25e-05
[2026-01-31 02:11:24][INFO] [Epoch 176] MSE Loss=473.667691 | PDE Loss=14831.513367 | λ_pde=2.511e-08 | LR=6.69e-05
[2026-01-31 02:14:56][INFO] [Epoch 177] MSE Loss=476.269335 | PDE Loss=14907.277801 | λ_pde=2.272e-08 | LR=7.14e-05
[2026-01-31 02:18:29][INFO] [Epoch 178] MSE Loss=473.619508 | PDE Loss=14926.605898 | λ_pde=2.056e-08 | LR=7.61e-05
[2026-01-31 02:22:02][INFO] [Epoch 179] MSE Loss=472.574258 | PDE Loss=14994.504862 | λ_pde=1.860e-08 | LR=8.10e-05
[2026-01-31 02:25:32][INFO] [Epoch 180] MSE Loss=474.713493 | PDE Loss=15052.154754 | λ_pde=1.683e-08 | LR=8.60e-05
[2026-01-31 02:29:05][INFO] [Epoch 181] MSE Loss=473.708297 | PDE Loss=15109.721534 | λ_pde=1.523e-08 | LR=9.11e-05
[2026-01-31 02:32:34][INFO] [Epoch 182] MSE Loss=474.555046 | PDE Loss=15201.729305 | λ_pde=1.378e-08 | LR=9.64e-05
[2026-01-31 02:36:06][INFO] [Epoch 183] MSE Loss=473.977839 | PDE Loss=15258.860996 | λ_pde=1.247e-08 | LR=1.02e-04
[2026-01-31 02:39:34][INFO] [Epoch 184] MSE Loss=472.245411 | PDE Loss=15349.711353 | λ_pde=1.128e-08 | LR=1.07e-04
[2026-01-31 02:43:04][INFO] [Epoch 185] MSE Loss=469.379098 | PDE Loss=15388.005832 | λ_pde=1.021e-08 | LR=1.13e-04
[2026-01-31 02:46:30][INFO] [Epoch 186] MSE Loss=472.966843 | PDE Loss=15460.839497 | λ_pde=9.237e-09 | LR=1.19e-04
[2026-01-31 02:50:05][INFO] [Epoch 187] MSE Loss=473.907020 | PDE Loss=15598.309314 | λ_pde=8.358e-09 | LR=1.25e-04
[2026-01-31 02:53:38][INFO] [Epoch 188] MSE Loss=474.450118 | PDE Loss=15646.406292 | λ_pde=7.563e-09 | LR=1.31e-04
[2026-01-31 02:57:11][INFO] [Epoch 189] MSE Loss=472.037909 | PDE Loss=15793.334594 | λ_pde=6.843e-09 | LR=1.38e-04
[2026-01-31 03:00:40][INFO] [Epoch 190] MSE Loss=476.594017 | PDE Loss=15804.013090 | λ_pde=6.192e-09 | LR=1.44e-04
[2026-01-31 03:04:11][INFO] [Epoch 191] MSE Loss=475.081746 | PDE Loss=15989.941822 | λ_pde=5.603e-09 | LR=1.51e-04
[2026-01-31 03:07:43][INFO] [Epoch 192] MSE Loss=469.944190 | PDE Loss=16109.119515 | λ_pde=5.070e-09 | LR=1.57e-04
[2026-01-31 03:11:14][INFO] [Epoch 193] MSE Loss=471.138933 | PDE Loss=16122.025460 | λ_pde=4.587e-09 | LR=8.20e-05
[2026-01-31 03:14:49][INFO] [Epoch 194] MSE Loss=469.190316 | PDE Loss=16210.941780 | λ_pde=4.151e-09 | LR=8.52e-05
[2026-01-31 03:18:23][INFO] [Epoch 195] MSE Loss=472.489273 | PDE Loss=16209.092296 | λ_pde=3.756e-09 | LR=8.85e-05
[2026-01-31 03:21:55][INFO] [Epoch 196] MSE Loss=470.423967 | PDE Loss=16324.498379 | λ_pde=3.398e-09 | LR=9.19e-05
[2026-01-31 03:25:21][INFO] [Epoch 197] MSE Loss=471.051825 | PDE Loss=16354.689799 | λ_pde=3.075e-09 | LR=9.53e-05
[2026-01-31 03:28:50][INFO] [Epoch 198] MSE Loss=468.137824 | PDE Loss=16424.967296 | λ_pde=2.782e-09 | LR=9.87e-05
[2026-01-31 03:31:58][INFO] [Epoch 199] MSE Loss=470.241229 | PDE Loss=16530.393451 | λ_pde=2.517e-09 | LR=1.02e-04
[2026-01-31 03:33:34][INFO] [Epoch 200] MSE Loss=470.544276 | PDE Loss=16586.034658 | λ_pde=2.278e-09 | LR=1.06e-04
[2026-01-31 03:33:34][INFO] 训练结束，模型已保存至: /data/sda/zjc/comsol_pinn/checkpoints/M04d/exp06/M04d_pinn.pt
[2026-01-31 03:33:34][INFO] ========== 训练结束 ==========
