[2026-01-26 14:44:25][INFO] 日志文件创建于: /data/sda/zjc/comsol_pinn/logs/M03/exp05/train_20260126_144425_gpu5_pid3380317.log
[2026-01-26 14:44:25][INFO] 进程 PID: 3380317
[2026-01-26 14:44:25][INFO] ========== FCNN-Fourier 训练开始 ==========
[2026-01-26 14:44:25][INFO] 使用设备: cuda
[2026-01-26 14:44:25][INFO] 训练参数: {'epochs': 150, 'lr': 0.005, 'batch_cases': 10, 'points_per_case': 100000, 'num_workers': 8, 'device': 'cuda', 'log_dir': 'logs/M03/exp05', 'ckpt_dir': 'checkpoints/M03/exp05'}
[2026-01-26 14:44:25][INFO] 数据集大小: 141 cases
[2026-01-26 14:44:25][INFO] 每 case 采样点数: 100000
[2026-01-26 14:44:25][INFO] 模型结构:
SimplePINN(
  (net): Sequential(
    (0): Linear(in_features=7, out_features=128, bias=True)
    (1): SiLU()
    (2): Linear(in_features=128, out_features=128, bias=True)
    (3): SiLU()
    (4): Linear(in_features=128, out_features=1, bias=True)
  )
)
[2026-01-26 14:44:25][INFO] 优化器: AdamW, 初始 lr=0.005, 调度策略: ReduceLROnPlateau(factor=0.5, patience=10)
[2026-01-26 14:46:44][INFO] [Epoch 001] MSE Loss = 52750.219661 | LR = 5.00e-03
[2026-01-26 14:49:04][INFO] [Epoch 002] MSE Loss = 18043.011849 | LR = 5.00e-03
[2026-01-26 14:51:27][INFO] [Epoch 003] MSE Loss = 11041.576172 | LR = 5.00e-03
[2026-01-26 14:53:46][INFO] [Epoch 004] MSE Loss = 8585.869336 | LR = 5.00e-03
[2026-01-26 14:56:05][INFO] [Epoch 005] MSE Loss = 6764.159212 | LR = 5.00e-03
[2026-01-26 14:58:23][INFO] [Epoch 006] MSE Loss = 6941.929980 | LR = 5.00e-03
[2026-01-26 15:00:44][INFO] [Epoch 007] MSE Loss = 5941.444157 | LR = 5.00e-03
[2026-01-26 15:03:04][INFO] [Epoch 008] MSE Loss = 5714.849951 | LR = 5.00e-03
[2026-01-26 15:05:22][INFO] [Epoch 009] MSE Loss = 5097.207666 | LR = 5.00e-03
[2026-01-26 15:07:38][INFO] [Epoch 010] MSE Loss = 4666.749772 | LR = 5.00e-03
[2026-01-26 15:09:58][INFO] [Epoch 011] MSE Loss = 4739.370622 | LR = 5.00e-03
[2026-01-26 15:12:19][INFO] [Epoch 012] MSE Loss = 4259.434196 | LR = 5.00e-03
[2026-01-26 15:14:39][INFO] [Epoch 013] MSE Loss = 3773.199504 | LR = 5.00e-03
[2026-01-26 15:16:59][INFO] [Epoch 014] MSE Loss = 3694.202653 | LR = 5.00e-03
[2026-01-26 15:19:19][INFO] [Epoch 015] MSE Loss = 3698.392269 | LR = 5.00e-03
[2026-01-26 15:21:38][INFO] [Epoch 016] MSE Loss = 3382.020980 | LR = 5.00e-03
[2026-01-26 15:23:56][INFO] [Epoch 017] MSE Loss = 2821.422485 | LR = 5.00e-03
[2026-01-26 15:26:19][INFO] [Epoch 018] MSE Loss = 3174.337663 | LR = 5.00e-03
[2026-01-26 15:28:40][INFO] [Epoch 019] MSE Loss = 2686.121802 | LR = 5.00e-03
[2026-01-26 15:31:00][INFO] [Epoch 020] MSE Loss = 2423.656746 | LR = 5.00e-03
[2026-01-26 15:33:16][INFO] [Epoch 021] MSE Loss = 2272.332511 | LR = 5.00e-03
[2026-01-26 15:35:34][INFO] [Epoch 022] MSE Loss = 2144.542082 | LR = 5.00e-03
[2026-01-26 15:37:54][INFO] [Epoch 023] MSE Loss = 2124.937712 | LR = 5.00e-03
[2026-01-26 15:40:14][INFO] [Epoch 024] MSE Loss = 2145.779077 | LR = 5.00e-03
[2026-01-26 15:42:36][INFO] [Epoch 025] MSE Loss = 2714.844507 | LR = 5.00e-03
[2026-01-26 15:44:55][INFO] [Epoch 026] MSE Loss = 2281.179012 | LR = 5.00e-03
[2026-01-26 15:47:15][INFO] [Epoch 027] MSE Loss = 2063.070715 | LR = 5.00e-03
[2026-01-26 15:49:32][INFO] [Epoch 028] MSE Loss = 2021.757161 | LR = 5.00e-03
[2026-01-26 15:51:53][INFO] [Epoch 029] MSE Loss = 1709.756421 | LR = 5.00e-03
[2026-01-26 15:54:13][INFO] [Epoch 030] MSE Loss = 1478.782979 | LR = 5.00e-03
[2026-01-26 15:56:32][INFO] [Epoch 031] MSE Loss = 1313.061064 | LR = 5.00e-03
[2026-01-26 15:58:51][INFO] [Epoch 032] MSE Loss = 1406.801172 | LR = 5.00e-03
[2026-01-26 16:01:11][INFO] [Epoch 033] MSE Loss = 1214.425049 | LR = 5.00e-03
[2026-01-26 16:03:30][INFO] [Epoch 034] MSE Loss = 1015.797062 | LR = 5.00e-03
[2026-01-26 16:05:52][INFO] [Epoch 035] MSE Loss = 972.103743 | LR = 5.00e-03
[2026-01-26 16:08:09][INFO] [Epoch 036] MSE Loss = 786.064144 | LR = 5.00e-03
[2026-01-26 16:10:28][INFO] [Epoch 037] MSE Loss = 758.239726 | LR = 5.00e-03
[2026-01-26 16:12:45][INFO] [Epoch 038] MSE Loss = 797.939286 | LR = 5.00e-03
[2026-01-26 16:15:04][INFO] [Epoch 039] MSE Loss = 634.734373 | LR = 5.00e-03
[2026-01-26 16:17:25][INFO] [Epoch 040] MSE Loss = 726.731889 | LR = 5.00e-03
[2026-01-26 16:19:48][INFO] [Epoch 041] MSE Loss = 725.905901 | LR = 5.00e-03
[2026-01-26 16:22:09][INFO] [Epoch 042] MSE Loss = 756.195268 | LR = 5.00e-03
[2026-01-26 16:24:33][INFO] [Epoch 043] MSE Loss = 544.321293 | LR = 5.00e-03
[2026-01-26 16:26:53][INFO] [Epoch 044] MSE Loss = 520.110380 | LR = 5.00e-03
[2026-01-26 16:29:18][INFO] [Epoch 045] MSE Loss = 358.805858 | LR = 5.00e-03
[2026-01-26 16:31:41][INFO] [Epoch 046] MSE Loss = 314.558980 | LR = 5.00e-03
[2026-01-26 16:34:04][INFO] [Epoch 047] MSE Loss = 310.100825 | LR = 5.00e-03
[2026-01-26 16:36:26][INFO] [Epoch 048] MSE Loss = 321.711290 | LR = 5.00e-03
[2026-01-26 16:38:48][INFO] [Epoch 049] MSE Loss = 225.412933 | LR = 5.00e-03
[2026-01-26 16:41:06][INFO] [Epoch 050] MSE Loss = 207.372940 | LR = 5.00e-03
[2026-01-26 16:43:30][INFO] [Epoch 051] MSE Loss = 207.989776 | LR = 5.00e-03
[2026-01-26 16:45:52][INFO] [Epoch 052] MSE Loss = 181.181129 | LR = 5.00e-03
[2026-01-26 16:48:11][INFO] [Epoch 053] MSE Loss = 190.930533 | LR = 5.00e-03
[2026-01-26 16:50:29][INFO] [Epoch 054] MSE Loss = 169.449382 | LR = 5.00e-03
[2026-01-26 16:52:48][INFO] [Epoch 055] MSE Loss = 168.485328 | LR = 5.00e-03
[2026-01-26 16:55:08][INFO] [Epoch 056] MSE Loss = 162.049428 | LR = 5.00e-03
[2026-01-26 16:57:24][INFO] [Epoch 057] MSE Loss = 150.384771 | LR = 5.00e-03
[2026-01-26 16:59:46][INFO] [Epoch 058] MSE Loss = 144.790686 | LR = 5.00e-03
[2026-01-26 17:02:05][INFO] [Epoch 059] MSE Loss = 135.959515 | LR = 5.00e-03
[2026-01-26 17:04:23][INFO] [Epoch 060] MSE Loss = 145.446450 | LR = 5.00e-03
[2026-01-26 17:06:42][INFO] [Epoch 061] MSE Loss = 135.278726 | LR = 5.00e-03
[2026-01-26 17:09:00][INFO] [Epoch 062] MSE Loss = 131.781276 | LR = 5.00e-03
[2026-01-26 17:11:16][INFO] [Epoch 063] MSE Loss = 133.076231 | LR = 5.00e-03
[2026-01-26 17:13:35][INFO] [Epoch 064] MSE Loss = 130.185460 | LR = 5.00e-03
[2026-01-26 17:15:55][INFO] [Epoch 065] MSE Loss = 132.035625 | LR = 5.00e-03
[2026-01-26 17:18:11][INFO] [Epoch 066] MSE Loss = 122.003982 | LR = 5.00e-03
[2026-01-26 17:20:30][INFO] [Epoch 067] MSE Loss = 122.102060 | LR = 5.00e-03
[2026-01-26 17:22:47][INFO] [Epoch 068] MSE Loss = 121.775816 | LR = 5.00e-03
[2026-01-26 17:25:05][INFO] [Epoch 069] MSE Loss = 123.332720 | LR = 5.00e-03
[2026-01-26 17:27:22][INFO] [Epoch 070] MSE Loss = 120.458794 | LR = 5.00e-03
[2026-01-26 17:29:40][INFO] [Epoch 071] MSE Loss = 121.602124 | LR = 5.00e-03
[2026-01-26 17:32:00][INFO] [Epoch 072] MSE Loss = 115.392220 | LR = 5.00e-03
[2026-01-26 17:34:21][INFO] [Epoch 073] MSE Loss = 119.588744 | LR = 5.00e-03
[2026-01-26 17:36:39][INFO] [Epoch 074] MSE Loss = 114.415671 | LR = 5.00e-03
[2026-01-26 17:38:55][INFO] [Epoch 075] MSE Loss = 115.209216 | LR = 5.00e-03
[2026-01-26 17:41:15][INFO] [Epoch 076] MSE Loss = 108.427682 | LR = 5.00e-03
[2026-01-26 17:43:33][INFO] [Epoch 077] MSE Loss = 110.991307 | LR = 5.00e-03
[2026-01-26 17:45:49][INFO] [Epoch 078] MSE Loss = 105.517740 | LR = 5.00e-03
[2026-01-26 17:48:09][INFO] [Epoch 079] MSE Loss = 113.403161 | LR = 5.00e-03
[2026-01-26 17:50:26][INFO] [Epoch 080] MSE Loss = 112.352810 | LR = 5.00e-03
[2026-01-26 17:53:18][INFO] [Epoch 081] MSE Loss = 109.911330 | LR = 5.00e-03
[2026-01-26 17:56:06][INFO] [Epoch 082] MSE Loss = 105.957765 | LR = 5.00e-03
[2026-01-26 17:58:20][INFO] [Epoch 083] MSE Loss = 113.592526 | LR = 5.00e-03
[2026-01-26 18:00:39][INFO] [Epoch 084] MSE Loss = 105.970318 | LR = 5.00e-03
[2026-01-26 18:03:02][INFO] [Epoch 085] MSE Loss = 102.693873 | LR = 5.00e-03
[2026-01-26 18:05:27][INFO] [Epoch 086] MSE Loss = 98.428595 | LR = 5.00e-03
[2026-01-26 18:07:47][INFO] [Epoch 087] MSE Loss = 108.335900 | LR = 5.00e-03
[2026-01-26 18:10:08][INFO] [Epoch 088] MSE Loss = 102.607426 | LR = 5.00e-03
[2026-01-26 18:12:30][INFO] [Epoch 089] MSE Loss = 100.957858 | LR = 5.00e-03
[2026-01-26 18:14:49][INFO] [Epoch 090] MSE Loss = 100.397641 | LR = 5.00e-03
[2026-01-26 18:17:13][INFO] [Epoch 091] MSE Loss = 99.091109 | LR = 5.00e-03
[2026-01-26 18:20:44][INFO] [Epoch 092] MSE Loss = 99.410755 | LR = 5.00e-03
[2026-01-26 18:25:15][INFO] [Epoch 093] MSE Loss = 93.776024 | LR = 5.00e-03
[2026-01-26 18:29:41][INFO] [Epoch 094] MSE Loss = 94.719910 | LR = 5.00e-03
[2026-01-26 18:34:09][INFO] [Epoch 095] MSE Loss = 97.729992 | LR = 5.00e-03
[2026-01-26 18:38:31][INFO] [Epoch 096] MSE Loss = 92.977024 | LR = 5.00e-03
[2026-01-26 18:42:53][INFO] [Epoch 097] MSE Loss = 90.708358 | LR = 5.00e-03
[2026-01-26 18:47:18][INFO] [Epoch 098] MSE Loss = 92.948892 | LR = 5.00e-03
[2026-01-26 18:51:44][INFO] [Epoch 099] MSE Loss = 95.703739 | LR = 5.00e-03
[2026-01-26 18:56:08][INFO] [Epoch 100] MSE Loss = 97.485086 | LR = 5.00e-03
[2026-01-26 19:00:33][INFO] [Epoch 101] MSE Loss = 89.588350 | LR = 5.00e-03
[2026-01-26 19:04:57][INFO] [Epoch 102] MSE Loss = 89.984851 | LR = 5.00e-03
[2026-01-26 19:09:23][INFO] [Epoch 103] MSE Loss = 89.719619 | LR = 5.00e-03
[2026-01-26 19:13:48][INFO] [Epoch 104] MSE Loss = 91.591865 | LR = 5.00e-03
[2026-01-26 19:18:14][INFO] [Epoch 105] MSE Loss = 87.718255 | LR = 5.00e-03
[2026-01-26 19:22:38][INFO] [Epoch 106] MSE Loss = 84.477529 | LR = 5.00e-03
[2026-01-26 19:26:59][INFO] [Epoch 107] MSE Loss = 89.567309 | LR = 5.00e-03
[2026-01-26 19:31:21][INFO] [Epoch 108] MSE Loss = 88.455898 | LR = 5.00e-03
[2026-01-26 19:35:43][INFO] [Epoch 109] MSE Loss = 83.063812 | LR = 5.00e-03
[2026-01-26 19:40:08][INFO] [Epoch 110] MSE Loss = 93.067450 | LR = 5.00e-03
[2026-01-26 19:44:30][INFO] [Epoch 111] MSE Loss = 111.771009 | LR = 5.00e-03
[2026-01-26 19:48:51][INFO] [Epoch 112] MSE Loss = 103.830668 | LR = 5.00e-03
[2026-01-26 19:53:16][INFO] [Epoch 113] MSE Loss = 98.284982 | LR = 5.00e-03
[2026-01-26 19:57:39][INFO] [Epoch 114] MSE Loss = 88.141030 | LR = 5.00e-03
[2026-01-26 20:02:07][INFO] [Epoch 115] MSE Loss = 85.298010 | LR = 5.00e-03
[2026-01-26 20:06:34][INFO] [Epoch 116] MSE Loss = 78.258933 | LR = 5.00e-03
[2026-01-26 20:11:00][INFO] [Epoch 117] MSE Loss = 85.570004 | LR = 5.00e-03
[2026-01-26 20:15:27][INFO] [Epoch 118] MSE Loss = 86.311843 | LR = 5.00e-03
[2026-01-26 20:19:53][INFO] [Epoch 119] MSE Loss = 83.206424 | LR = 5.00e-03
[2026-01-26 20:24:10][INFO] [Epoch 120] MSE Loss = 89.378868 | LR = 5.00e-03
[2026-01-26 20:28:34][INFO] [Epoch 121] MSE Loss = 92.189145 | LR = 5.00e-03
[2026-01-26 20:32:59][INFO] [Epoch 122] MSE Loss = 95.254736 | LR = 5.00e-03
[2026-01-26 20:37:27][INFO] [Epoch 123] MSE Loss = 85.642529 | LR = 5.00e-03
[2026-01-26 20:41:52][INFO] [Epoch 124] MSE Loss = 78.044674 | LR = 5.00e-03
[2026-01-26 20:46:17][INFO] [Epoch 125] MSE Loss = 79.229194 | LR = 5.00e-03
[2026-01-26 20:50:45][INFO] [Epoch 126] MSE Loss = 81.991227 | LR = 5.00e-03
[2026-01-26 20:55:08][INFO] [Epoch 127] MSE Loss = 78.576565 | LR = 5.00e-03
[2026-01-26 20:59:36][INFO] [Epoch 128] MSE Loss = 78.918896 | LR = 5.00e-03
[2026-01-26 21:03:55][INFO] [Epoch 129] MSE Loss = 72.878033 | LR = 5.00e-03
[2026-01-26 21:08:19][INFO] [Epoch 130] MSE Loss = 74.869247 | LR = 5.00e-03
[2026-01-26 21:12:44][INFO] [Epoch 131] MSE Loss = 81.484611 | LR = 5.00e-03
[2026-01-26 21:17:08][INFO] [Epoch 132] MSE Loss = 76.549022 | LR = 5.00e-03
[2026-01-26 21:21:30][INFO] [Epoch 133] MSE Loss = 76.850984 | LR = 5.00e-03
[2026-01-26 21:25:53][INFO] [Epoch 134] MSE Loss = 71.190314 | LR = 5.00e-03
[2026-01-26 21:30:15][INFO] [Epoch 135] MSE Loss = 74.090542 | LR = 5.00e-03
[2026-01-26 21:34:42][INFO] [Epoch 136] MSE Loss = 71.699387 | LR = 5.00e-03
[2026-01-26 21:39:07][INFO] [Epoch 137] MSE Loss = 76.487988 | LR = 5.00e-03
[2026-01-26 21:43:36][INFO] [Epoch 138] MSE Loss = 69.949892 | LR = 5.00e-03
[2026-01-26 21:48:03][INFO] [Epoch 139] MSE Loss = 76.640718 | LR = 5.00e-03
[2026-01-26 21:52:23][INFO] [Epoch 140] MSE Loss = 89.676313 | LR = 5.00e-03
[2026-01-26 21:56:48][INFO] [Epoch 141] MSE Loss = 80.563663 | LR = 5.00e-03
[2026-01-26 22:01:10][INFO] [Epoch 142] MSE Loss = 70.346297 | LR = 5.00e-03
[2026-01-26 22:05:35][INFO] [Epoch 143] MSE Loss = 69.968699 | LR = 5.00e-03
[2026-01-26 22:09:59][INFO] [Epoch 144] MSE Loss = 71.894370 | LR = 5.00e-03
[2026-01-26 22:14:21][INFO] [Epoch 145] MSE Loss = 70.703893 | LR = 5.00e-03
[2026-01-26 22:18:50][INFO] [Epoch 146] MSE Loss = 79.640070 | LR = 5.00e-03
[2026-01-26 22:23:07][INFO] [Epoch 147] MSE Loss = 67.326435 | LR = 5.00e-03
[2026-01-26 22:27:35][INFO] [Epoch 148] MSE Loss = 70.042748 | LR = 5.00e-03
[2026-01-26 22:32:00][INFO] [Epoch 149] MSE Loss = 78.831819 | LR = 5.00e-03
[2026-01-26 22:36:01][INFO] [Epoch 150] MSE Loss = 69.762688 | LR = 5.00e-03
[2026-01-26 22:36:01][INFO] 模型已保存至: /data/sda/zjc/comsol_pinn/checkpoints/M03/exp05/M02_fcnn_anneal.pt
[2026-01-26 22:36:01][INFO] ========== 训练结束 ==========
