[2026-01-20 16:33:03][INFO] 日志文件创建于: /data/sda/zjc/comsol_pinn/logs/M03/exp03/train_20260120_163303_gpu3_pid633461.log
[2026-01-20 16:33:03][INFO] 进程 PID: 633461
[2026-01-20 16:33:03][INFO] ========== FCNN-ANNEAL 训练开始 ==========
[2026-01-20 16:33:03][INFO] 使用设备: cuda
[2026-01-20 16:33:03][INFO] 训练参数: {'epochs': 120, 'lr': 0.005, 'batch_cases': 10, 'points_per_case': 40000, 'num_workers': 8, 'device': 'cuda', 'log_dir': 'logs/M03/exp03', 'ckpt_dir': 'checkpoints/M03/exp03'}
[2026-01-20 16:33:03][INFO] 数据集大小: 141 cases
[2026-01-20 16:33:03][INFO] 每 case 采样点数: 40000
[2026-01-20 16:33:04][INFO] 模型结构:
SimplePINN(
  (net): Sequential(
    (0): Linear(in_features=7, out_features=128, bias=True)
    (1): SiLU()
    (2): Linear(in_features=128, out_features=128, bias=True)
    (3): SiLU()
    (4): Linear(in_features=128, out_features=1, bias=True)
  )
)
[2026-01-20 16:33:04][INFO] 优化器: AdamW, 初始 lr=0.005, 调度策略: ReduceLROnPlateau(factor=0.5, patience=10)
[2026-01-20 16:35:23][INFO] [Epoch 001] MSE Loss = 55869.007552 | LR = 5.00e-03
[2026-01-20 16:37:44][INFO] [Epoch 002] MSE Loss = 18038.150846 | LR = 5.00e-03
[2026-01-20 16:40:06][INFO] [Epoch 003] MSE Loss = 11282.864583 | LR = 5.00e-03
[2026-01-20 16:42:28][INFO] [Epoch 004] MSE Loss = 8284.600879 | LR = 5.00e-03
[2026-01-20 16:44:47][INFO] [Epoch 005] MSE Loss = 6955.151400 | LR = 5.00e-03
[2026-01-20 16:47:09][INFO] [Epoch 006] MSE Loss = 6722.742969 | LR = 5.00e-03
[2026-01-20 16:49:28][INFO] [Epoch 007] MSE Loss = 5849.408366 | LR = 5.00e-03
[2026-01-20 16:51:45][INFO] [Epoch 008] MSE Loss = 5539.025293 | LR = 5.00e-03
[2026-01-20 16:54:04][INFO] [Epoch 009] MSE Loss = 5498.040186 | LR = 5.00e-03
[2026-01-20 16:56:25][INFO] [Epoch 010] MSE Loss = 5627.892806 | LR = 5.00e-03
[2026-01-20 16:58:49][INFO] [Epoch 011] MSE Loss = 4802.043229 | LR = 5.00e-03
[2026-01-20 17:01:10][INFO] [Epoch 012] MSE Loss = 4495.949854 | LR = 5.00e-03
[2026-01-20 17:03:33][INFO] [Epoch 013] MSE Loss = 4413.364876 | LR = 5.00e-03
[2026-01-20 17:05:55][INFO] [Epoch 014] MSE Loss = 4285.015072 | LR = 5.00e-03
[2026-01-20 17:08:14][INFO] [Epoch 015] MSE Loss = 3954.167676 | LR = 5.00e-03
[2026-01-20 17:10:31][INFO] [Epoch 016] MSE Loss = 3891.999854 | LR = 5.00e-03
[2026-01-20 17:12:53][INFO] [Epoch 017] MSE Loss = 3484.997673 | LR = 5.00e-03
[2026-01-20 17:15:13][INFO] [Epoch 018] MSE Loss = 3413.075659 | LR = 5.00e-03
[2026-01-20 17:17:35][INFO] [Epoch 019] MSE Loss = 3910.271338 | LR = 5.00e-03
[2026-01-20 17:19:55][INFO] [Epoch 020] MSE Loss = 3314.622803 | LR = 5.00e-03
[2026-01-20 17:22:15][INFO] [Epoch 021] MSE Loss = 2666.804175 | LR = 5.00e-03
[2026-01-20 17:24:31][INFO] [Epoch 022] MSE Loss = 2664.117139 | LR = 5.00e-03
[2026-01-20 17:26:47][INFO] [Epoch 023] MSE Loss = 2509.333602 | LR = 5.00e-03
[2026-01-20 17:29:08][INFO] [Epoch 024] MSE Loss = 2629.352612 | LR = 5.00e-03
[2026-01-20 17:31:26][INFO] [Epoch 025] MSE Loss = 3395.935897 | LR = 5.00e-03
[2026-01-20 17:33:43][INFO] [Epoch 026] MSE Loss = 2357.602409 | LR = 5.00e-03
[2026-01-20 17:36:01][INFO] [Epoch 027] MSE Loss = 1987.327043 | LR = 5.00e-03
[2026-01-20 17:38:17][INFO] [Epoch 028] MSE Loss = 1851.790527 | LR = 5.00e-03
[2026-01-20 17:40:36][INFO] [Epoch 029] MSE Loss = 1804.068302 | LR = 5.00e-03
[2026-01-20 17:44:36][INFO] [Epoch 030] MSE Loss = 1793.005347 | LR = 5.00e-03
[2026-01-20 17:49:32][INFO] [Epoch 031] MSE Loss = 1558.645239 | LR = 5.00e-03
[2026-01-20 17:54:30][INFO] [Epoch 032] MSE Loss = 1419.110217 | LR = 5.00e-03
[2026-01-20 17:59:22][INFO] [Epoch 033] MSE Loss = 1293.599597 | LR = 5.00e-03
[2026-01-20 18:04:13][INFO] [Epoch 034] MSE Loss = 1479.899284 | LR = 5.00e-03
[2026-01-20 18:09:08][INFO] [Epoch 035] MSE Loss = 2082.348409 | LR = 5.00e-03
[2026-01-20 18:14:06][INFO] [Epoch 036] MSE Loss = 1796.345365 | LR = 5.00e-03
[2026-01-20 18:19:02][INFO] [Epoch 037] MSE Loss = 1068.574626 | LR = 5.00e-03
[2026-01-20 18:24:00][INFO] [Epoch 038] MSE Loss = 1097.961125 | LR = 5.00e-03
[2026-01-20 18:29:00][INFO] [Epoch 039] MSE Loss = 1303.667594 | LR = 5.00e-03
[2026-01-20 18:34:04][INFO] [Epoch 040] MSE Loss = 1096.248397 | LR = 5.00e-03
[2026-01-20 18:39:03][INFO] [Epoch 041] MSE Loss = 740.187079 | LR = 5.00e-03
[2026-01-20 18:44:02][INFO] [Epoch 042] MSE Loss = 738.305833 | LR = 5.00e-03
[2026-01-20 18:48:57][INFO] [Epoch 043] MSE Loss = 593.829429 | LR = 5.00e-03
[2026-01-20 18:53:53][INFO] [Epoch 044] MSE Loss = 542.382880 | LR = 5.00e-03
[2026-01-20 18:58:49][INFO] [Epoch 045] MSE Loss = 595.049917 | LR = 5.00e-03
[2026-01-20 19:03:46][INFO] [Epoch 046] MSE Loss = 528.754985 | LR = 5.00e-03
[2026-01-20 19:08:46][INFO] [Epoch 047] MSE Loss = 517.572306 | LR = 5.00e-03
[2026-01-20 19:13:45][INFO] [Epoch 048] MSE Loss = 441.561816 | LR = 5.00e-03
[2026-01-20 19:18:43][INFO] [Epoch 049] MSE Loss = 398.305127 | LR = 5.00e-03
[2026-01-20 19:23:42][INFO] [Epoch 050] MSE Loss = 625.325557 | LR = 5.00e-03
[2026-01-20 19:28:37][INFO] [Epoch 051] MSE Loss = 414.232427 | LR = 5.00e-03
[2026-01-20 19:33:34][INFO] [Epoch 052] MSE Loss = 423.417058 | LR = 5.00e-03
[2026-01-20 19:38:32][INFO] [Epoch 053] MSE Loss = 388.556723 | LR = 5.00e-03
[2026-01-20 19:43:26][INFO] [Epoch 054] MSE Loss = 311.467105 | LR = 5.00e-03
[2026-01-20 19:48:23][INFO] [Epoch 055] MSE Loss = 266.524353 | LR = 5.00e-03
[2026-01-20 19:53:18][INFO] [Epoch 056] MSE Loss = 229.454941 | LR = 5.00e-03
[2026-01-20 19:58:14][INFO] [Epoch 057] MSE Loss = 185.997481 | LR = 5.00e-03
[2026-01-20 20:03:06][INFO] [Epoch 058] MSE Loss = 177.117111 | LR = 5.00e-03
[2026-01-20 20:08:00][INFO] [Epoch 059] MSE Loss = 167.091706 | LR = 5.00e-03
[2026-01-20 20:13:00][INFO] [Epoch 060] MSE Loss = 157.508111 | LR = 5.00e-03
[2026-01-20 20:17:55][INFO] [Epoch 061] MSE Loss = 156.535700 | LR = 5.00e-03
[2026-01-20 20:22:49][INFO] [Epoch 062] MSE Loss = 154.031157 | LR = 5.00e-03
[2026-01-20 20:27:42][INFO] [Epoch 063] MSE Loss = 141.486682 | LR = 5.00e-03
[2026-01-20 20:32:36][INFO] [Epoch 064] MSE Loss = 145.104266 | LR = 5.00e-03
[2026-01-20 20:37:34][INFO] [Epoch 065] MSE Loss = 143.921881 | LR = 5.00e-03
[2026-01-20 20:42:29][INFO] [Epoch 066] MSE Loss = 137.233754 | LR = 5.00e-03
[2026-01-20 20:47:24][INFO] [Epoch 067] MSE Loss = 138.254066 | LR = 5.00e-03
[2026-01-20 20:52:19][INFO] [Epoch 068] MSE Loss = 134.308062 | LR = 5.00e-03
[2026-01-20 20:57:11][INFO] [Epoch 069] MSE Loss = 132.371469 | LR = 5.00e-03
[2026-01-20 21:02:04][INFO] [Epoch 070] MSE Loss = 122.922465 | LR = 5.00e-03
[2026-01-20 21:06:56][INFO] [Epoch 071] MSE Loss = 124.582291 | LR = 5.00e-03
[2026-01-20 21:11:52][INFO] [Epoch 072] MSE Loss = 132.887047 | LR = 5.00e-03
[2026-01-20 21:16:49][INFO] [Epoch 073] MSE Loss = 130.690692 | LR = 5.00e-03
[2026-01-20 21:21:46][INFO] [Epoch 074] MSE Loss = 122.438266 | LR = 5.00e-03
[2026-01-20 21:26:38][INFO] [Epoch 075] MSE Loss = 129.106349 | LR = 5.00e-03
[2026-01-20 21:31:31][INFO] [Epoch 076] MSE Loss = 118.965111 | LR = 5.00e-03
[2026-01-20 21:36:26][INFO] [Epoch 077] MSE Loss = 130.014459 | LR = 5.00e-03
[2026-01-20 21:41:26][INFO] [Epoch 078] MSE Loss = 123.619234 | LR = 5.00e-03
[2026-01-20 21:46:22][INFO] [Epoch 079] MSE Loss = 117.976793 | LR = 5.00e-03
[2026-01-20 21:51:18][INFO] [Epoch 080] MSE Loss = 113.868595 | LR = 5.00e-03
[2026-01-20 21:56:11][INFO] [Epoch 081] MSE Loss = 112.057278 | LR = 5.00e-03
[2026-01-20 22:01:03][INFO] [Epoch 082] MSE Loss = 112.981199 | LR = 5.00e-03
[2026-01-20 22:05:58][INFO] [Epoch 083] MSE Loss = 115.180147 | LR = 5.00e-03
[2026-01-20 22:10:56][INFO] [Epoch 084] MSE Loss = 116.685872 | LR = 5.00e-03
[2026-01-20 22:15:50][INFO] [Epoch 085] MSE Loss = 116.593427 | LR = 5.00e-03
[2026-01-20 22:20:47][INFO] [Epoch 086] MSE Loss = 112.001181 | LR = 5.00e-03
[2026-01-20 22:25:38][INFO] [Epoch 087] MSE Loss = 111.022338 | LR = 5.00e-03
[2026-01-20 22:30:34][INFO] [Epoch 088] MSE Loss = 104.457499 | LR = 5.00e-03
[2026-01-20 22:35:31][INFO] [Epoch 089] MSE Loss = 103.570452 | LR = 5.00e-03
[2026-01-20 22:40:28][INFO] [Epoch 090] MSE Loss = 103.694487 | LR = 5.00e-03
[2026-01-20 22:45:29][INFO] [Epoch 091] MSE Loss = 102.872990 | LR = 5.00e-03
[2026-01-20 22:50:19][INFO] [Epoch 092] MSE Loss = 103.414653 | LR = 5.00e-03
[2026-01-20 22:55:19][INFO] [Epoch 093] MSE Loss = 104.388748 | LR = 5.00e-03
[2026-01-20 23:00:17][INFO] [Epoch 094] MSE Loss = 102.990495 | LR = 5.00e-03
[2026-01-20 23:05:10][INFO] [Epoch 095] MSE Loss = 104.172388 | LR = 5.00e-03
[2026-01-20 23:10:08][INFO] [Epoch 096] MSE Loss = 99.802573 | LR = 5.00e-03
[2026-01-20 23:15:06][INFO] [Epoch 097] MSE Loss = 100.638809 | LR = 5.00e-03
[2026-01-20 23:20:03][INFO] [Epoch 098] MSE Loss = 97.709832 | LR = 5.00e-03
[2026-01-20 23:25:00][INFO] [Epoch 099] MSE Loss = 101.904937 | LR = 5.00e-03
[2026-01-20 23:29:59][INFO] [Epoch 100] MSE Loss = 97.545236 | LR = 5.00e-03
[2026-01-20 23:34:58][INFO] [Epoch 101] MSE Loss = 97.267434 | LR = 5.00e-03
[2026-01-20 23:39:53][INFO] [Epoch 102] MSE Loss = 104.768147 | LR = 5.00e-03
[2026-01-20 23:44:49][INFO] [Epoch 103] MSE Loss = 99.848527 | LR = 5.00e-03
[2026-01-20 23:49:43][INFO] [Epoch 104] MSE Loss = 97.832440 | LR = 5.00e-03
[2026-01-20 23:54:38][INFO] [Epoch 105] MSE Loss = 95.864465 | LR = 5.00e-03
[2026-01-20 23:59:33][INFO] [Epoch 106] MSE Loss = 98.366964 | LR = 5.00e-03
[2026-01-21 00:04:36][INFO] [Epoch 107] MSE Loss = 96.862568 | LR = 5.00e-03
[2026-01-21 00:09:34][INFO] [Epoch 108] MSE Loss = 109.261632 | LR = 5.00e-03
[2026-01-21 00:14:29][INFO] [Epoch 109] MSE Loss = 97.097398 | LR = 5.00e-03
[2026-01-21 00:19:27][INFO] [Epoch 110] MSE Loss = 93.923464 | LR = 5.00e-03
[2026-01-21 00:24:28][INFO] [Epoch 111] MSE Loss = 89.508380 | LR = 5.00e-03
[2026-01-21 00:29:21][INFO] [Epoch 112] MSE Loss = 89.042630 | LR = 5.00e-03
[2026-01-21 00:34:13][INFO] [Epoch 113] MSE Loss = 90.768392 | LR = 5.00e-03
[2026-01-21 00:39:11][INFO] [Epoch 114] MSE Loss = 97.570788 | LR = 5.00e-03
[2026-01-21 00:44:04][INFO] [Epoch 115] MSE Loss = 94.291096 | LR = 5.00e-03
[2026-01-21 00:48:59][INFO] [Epoch 116] MSE Loss = 89.280413 | LR = 5.00e-03
[2026-01-21 00:53:55][INFO] [Epoch 117] MSE Loss = 86.420886 | LR = 5.00e-03
[2026-01-21 00:58:53][INFO] [Epoch 118] MSE Loss = 84.199564 | LR = 5.00e-03
[2026-01-21 01:03:47][INFO] [Epoch 119] MSE Loss = 84.645320 | LR = 5.00e-03
[2026-01-21 01:08:44][INFO] [Epoch 120] MSE Loss = 86.305416 | LR = 5.00e-03
Traceback (most recent call last):
  File "/data/sda/zjc/comsol_pinn/M03_fcnn_fourier/train.py", line 120, in <module>
    main()
  File "/data/sda/zjc/comsol_pinn/M03_fcnn_fourier/train.py", line 110, in main
    ckpt_dir.mkdir(parents=True, exist_ok=True)
  File "/home/ubuntu/se42/anaconda3/envs/torch/lib/python3.10/pathlib.py", line 1175, in mkdir
    self._accessor.mkdir(self, mode)
FileNotFoundError: [Errno 2] No such file or directory: '/data/sda/zjc/comsol_pinn/checkpoints/M03/exp03'
