[2026-01-30 16:17:41][INFO] 日志文件创建于: /data/sda/zjc/comsol_pinn/logs/M04d/exp08/train_20260130_161741_gpu5_pid2779620.log
[2026-01-30 16:17:41][INFO] 进程 PID: 2779620
[2026-01-30 16:17:41][INFO] ========== PINN 训练开始 ==========
[2026-01-30 16:17:41][INFO] 物理项权重 λ_pde = 1.0
[2026-01-30 16:17:41][INFO] 使用设备: cuda
[2026-01-30 16:17:41][INFO] 训练参数: {'lambda_pde': 1.0, 'epochs': 200, 'lr': 0.005, 'batch_cases': 1, 'lr_scheduler': 'hybrid', 'cosine_tmax': 150, 'cosine_eta_min': 1e-05, 'plateau_factor': 0.5, 'plateau_patience': 6, 'plateau_min_lr': 1e-05, 'use_pde_anneal': True, 'pde_anneal_gamma': 3.0, 'pde_lambda_min': 0.0, 'use_soft_mask': False, 'mask_alpha': 40.0, 'mask_temp_ratio': 0.7, 'points_per_case': 320000, 'device': 'cuda', 'num_workers': 8, 'log_dir': 'logs/M04d/exp08', 'ckpt_dir': 'checkpoints/M04d/exp09'}
[2026-01-30 16:17:41][INFO] 数据集大小: 141 cases
[2026-01-30 16:17:41][INFO] 每 case 采样点数: 320000
[2026-01-30 16:17:42][INFO] 模型结构:
SimplePINN(
  (net): Sequential(
    (0): Linear(in_features=7, out_features=128, bias=True)
    (1): SiLU()
    (2): Linear(in_features=128, out_features=128, bias=True)
    (3): SiLU()
    (4): Linear(in_features=128, out_features=1, bias=True)
  )
)
[2026-01-30 16:17:42][INFO] 优化器: AdamW, 初始 lr=0.005, 学习率调度器: hybrid
[2026-01-30 16:20:24][INFO] [Epoch 001] MSE Loss=22080.332231 | PDE Loss=4.585108 | λ_pde=1.000e+00 | LR=5.00e-03
[2026-01-30 16:23:07][INFO] [Epoch 002] MSE Loss=916.115071 | PDE Loss=8.870293 | λ_pde=4.979e-02 | LR=5.00e-03
[2026-01-30 16:25:49][INFO] [Epoch 003] MSE Loss=852.355223 | PDE Loss=10.462088 | λ_pde=2.479e-03 | LR=5.00e-03
[2026-01-30 16:28:30][INFO] [Epoch 004] MSE Loss=826.571411 | PDE Loss=6.671245 | λ_pde=1.234e-04 | LR=5.00e-03
[2026-01-30 16:31:11][INFO] [Epoch 005] MSE Loss=786.493108 | PDE Loss=12.790524 | λ_pde=6.144e-06 | LR=4.99e-03
[2026-01-30 16:33:54][INFO] [Epoch 006] MSE Loss=806.164424 | PDE Loss=43.112298 | λ_pde=3.059e-07 | LR=4.99e-03
[2026-01-30 16:36:34][INFO] [Epoch 007] MSE Loss=842.027822 | PDE Loss=87.595788 | λ_pde=1.523e-08 | LR=4.98e-03
[2026-01-30 16:39:15][INFO] [Epoch 008] MSE Loss=782.039185 | PDE Loss=125.597881 | λ_pde=7.583e-10 | LR=4.97e-03
[2026-01-30 16:41:55][INFO] [Epoch 009] MSE Loss=832.832620 | PDE Loss=140.206839 | λ_pde=3.775e-11 | LR=4.97e-03
[2026-01-30 16:44:34][INFO] [Epoch 010] MSE Loss=759.052385 | PDE Loss=151.406038 | λ_pde=1.880e-12 | LR=4.96e-03
[2026-01-30 16:47:16][INFO] [Epoch 011] MSE Loss=792.446695 | PDE Loss=162.007996 | λ_pde=9.358e-14 | LR=4.95e-03
[2026-01-30 16:49:57][INFO] [Epoch 012] MSE Loss=756.299824 | PDE Loss=153.791861 | λ_pde=4.659e-15 | LR=4.93e-03
[2026-01-30 16:52:38][INFO] [Epoch 013] MSE Loss=755.883807 | PDE Loss=160.207807 | λ_pde=2.320e-16 | LR=4.92e-03
[2026-01-30 16:55:19][INFO] [Epoch 014] MSE Loss=758.762040 | PDE Loss=178.410881 | λ_pde=1.155e-17 | LR=4.91e-03
[2026-01-30 16:58:03][INFO] [Epoch 015] MSE Loss=730.733623 | PDE Loss=178.953290 | λ_pde=5.750e-19 | LR=4.89e-03
[2026-01-30 17:00:43][INFO] [Epoch 016] MSE Loss=760.250121 | PDE Loss=221.248622 | λ_pde=2.863e-20 | LR=4.88e-03
[2026-01-30 17:03:27][INFO] [Epoch 017] MSE Loss=778.631521 | PDE Loss=252.879497 | λ_pde=1.425e-21 | LR=4.86e-03
[2026-01-30 17:06:07][INFO] [Epoch 018] MSE Loss=742.763375 | PDE Loss=308.231456 | λ_pde=7.095e-23 | LR=4.84e-03
[2026-01-30 17:08:48][INFO] [Epoch 019] MSE Loss=723.998546 | PDE Loss=367.077834 | λ_pde=3.533e-24 | LR=4.82e-03
[2026-01-30 17:11:27][INFO] [Epoch 020] MSE Loss=725.962757 | PDE Loss=479.949922 | λ_pde=1.759e-25 | LR=4.81e-03
[2026-01-30 17:14:10][INFO] [Epoch 021] MSE Loss=711.692373 | PDE Loss=676.673895 | λ_pde=8.757e-27 | LR=4.78e-03
[2026-01-30 17:16:51][INFO] [Epoch 022] MSE Loss=695.781784 | PDE Loss=865.663744 | λ_pde=4.360e-28 | LR=4.76e-03
[2026-01-30 17:19:30][INFO] [Epoch 023] MSE Loss=670.834841 | PDE Loss=1078.630962 | λ_pde=2.171e-29 | LR=4.74e-03
[2026-01-30 17:22:11][INFO] [Epoch 024] MSE Loss=728.674444 | PDE Loss=1153.867452 | λ_pde=1.081e-30 | LR=4.72e-03
[2026-01-30 17:24:53][INFO] [Epoch 025] MSE Loss=669.614859 | PDE Loss=1337.813554 | λ_pde=5.380e-32 | LR=4.69e-03
[2026-01-30 17:27:35][INFO] [Epoch 026] MSE Loss=614.828798 | PDE Loss=1363.163489 | λ_pde=2.679e-33 | LR=4.67e-03
[2026-01-30 17:30:14][INFO] [Epoch 027] MSE Loss=732.066607 | PDE Loss=1480.073950 | λ_pde=1.334e-34 | LR=4.64e-03
[2026-01-30 17:32:55][INFO] [Epoch 028] MSE Loss=672.075133 | PDE Loss=1570.354896 | λ_pde=6.640e-36 | LR=4.61e-03
[2026-01-30 17:35:34][INFO] [Epoch 029] MSE Loss=610.006424 | PDE Loss=1925.533066 | λ_pde=3.306e-37 | LR=4.58e-03
[2026-01-30 17:38:14][INFO] [Epoch 030] MSE Loss=619.647432 | PDE Loss=2373.225711 | λ_pde=1.646e-38 | LR=4.55e-03
[2026-01-30 17:40:56][INFO] [Epoch 031] MSE Loss=627.010056 | PDE Loss=2751.708415 | λ_pde=8.194e-40 | LR=4.52e-03
[2026-01-30 17:44:24][INFO] [Epoch 032] MSE Loss=620.858275 | PDE Loss=3056.872084 | λ_pde=4.080e-41 | LR=4.49e-03
[2026-01-30 17:47:52][INFO] [Epoch 033] MSE Loss=677.045479 | PDE Loss=2932.439102 | λ_pde=2.031e-42 | LR=4.46e-03
[2026-01-30 17:51:20][INFO] [Epoch 034] MSE Loss=599.742688 | PDE Loss=3102.367139 | λ_pde=1.011e-43 | LR=4.43e-03
[2026-01-30 17:54:50][INFO] [Epoch 035] MSE Loss=593.199497 | PDE Loss=3326.519846 | λ_pde=5.035e-45 | LR=4.39e-03
[2026-01-30 17:58:19][INFO] [Epoch 036] MSE Loss=577.848686 | PDE Loss=3668.678245 | λ_pde=2.507e-46 | LR=4.36e-03
[2026-01-30 18:01:48][INFO] [Epoch 037] MSE Loss=594.810636 | PDE Loss=3945.435602 | λ_pde=1.248e-47 | LR=4.32e-03
[2026-01-30 18:05:18][INFO] [Epoch 038] MSE Loss=577.450879 | PDE Loss=4164.027333 | λ_pde=6.213e-49 | LR=4.29e-03
[2026-01-30 18:08:47][INFO] [Epoch 039] MSE Loss=570.174212 | PDE Loss=4569.461668 | λ_pde=3.093e-50 | LR=4.25e-03
[2026-01-30 18:12:14][INFO] [Epoch 040] MSE Loss=607.701572 | PDE Loss=5144.359462 | λ_pde=1.540e-51 | LR=4.21e-03
[2026-01-30 18:15:41][INFO] [Epoch 041] MSE Loss=568.814405 | PDE Loss=5137.710844 | λ_pde=7.668e-53 | LR=4.17e-03
[2026-01-30 18:19:09][INFO] [Epoch 042] MSE Loss=597.714022 | PDE Loss=5499.415306 | λ_pde=3.817e-54 | LR=4.14e-03
[2026-01-30 18:22:41][INFO] [Epoch 043] MSE Loss=551.998912 | PDE Loss=5812.664488 | λ_pde=1.901e-55 | LR=4.10e-03
[2026-01-30 18:26:09][INFO] [Epoch 044] MSE Loss=566.750507 | PDE Loss=6322.714072 | λ_pde=9.463e-57 | LR=4.05e-03
[2026-01-30 18:29:38][INFO] [Epoch 045] MSE Loss=557.447868 | PDE Loss=6888.086827 | λ_pde=4.711e-58 | LR=4.01e-03
[2026-01-30 18:33:08][INFO] [Epoch 046] MSE Loss=548.024593 | PDE Loss=7328.741249 | λ_pde=2.346e-59 | LR=3.97e-03
[2026-01-30 18:36:37][INFO] [Epoch 047] MSE Loss=616.306497 | PDE Loss=7694.730552 | λ_pde=1.168e-60 | LR=3.93e-03
[2026-01-30 18:40:05][INFO] [Epoch 048] MSE Loss=587.254096 | PDE Loss=8106.068491 | λ_pde=5.814e-62 | LR=3.89e-03
[2026-01-30 18:43:33][INFO] [Epoch 049] MSE Loss=547.373967 | PDE Loss=8998.983883 | λ_pde=2.895e-63 | LR=3.84e-03
[2026-01-30 18:47:06][INFO] [Epoch 050] MSE Loss=625.410242 | PDE Loss=8919.250679 | λ_pde=1.441e-64 | LR=3.80e-03
[2026-01-30 18:50:31][INFO] [Epoch 051] MSE Loss=561.777177 | PDE Loss=9183.670538 | λ_pde=7.175e-66 | LR=3.75e-03
[2026-01-30 18:53:58][INFO] [Epoch 052] MSE Loss=565.293061 | PDE Loss=10042.178475 | λ_pde=3.572e-67 | LR=3.71e-03
[2026-01-30 18:57:27][INFO] [Epoch 053] MSE Loss=595.523603 | PDE Loss=10971.178337 | λ_pde=1.779e-68 | LR=3.66e-03
[2026-01-30 19:00:56][INFO] [Epoch 054] MSE Loss=587.206430 | PDE Loss=11715.434335 | λ_pde=8.855e-70 | LR=3.61e-03
[2026-01-30 19:04:27][INFO] [Epoch 055] MSE Loss=604.196505 | PDE Loss=11880.394517 | λ_pde=4.409e-71 | LR=3.57e-03
[2026-01-30 19:07:54][INFO] [Epoch 056] MSE Loss=548.592471 | PDE Loss=13226.241280 | λ_pde=2.195e-72 | LR=3.52e-03
[2026-01-30 19:11:25][INFO] [Epoch 057] MSE Loss=510.664337 | PDE Loss=13802.703935 | λ_pde=1.093e-73 | LR=1.74e-03
[2026-01-30 19:14:52][INFO] [Epoch 058] MSE Loss=524.069155 | PDE Loss=14710.582876 | λ_pde=5.441e-75 | LR=1.71e-03
[2026-01-30 19:18:21][INFO] [Epoch 059] MSE Loss=512.826970 | PDE Loss=15248.223709 | λ_pde=2.709e-76 | LR=1.69e-03
[2026-01-30 19:21:51][INFO] [Epoch 060] MSE Loss=504.471939 | PDE Loss=16107.850842 | λ_pde=1.349e-77 | LR=1.66e-03
[2026-01-30 19:25:19][INFO] [Epoch 061] MSE Loss=498.593359 | PDE Loss=16848.659353 | λ_pde=6.714e-79 | LR=1.64e-03
[2026-01-30 19:28:47][INFO] [Epoch 062] MSE Loss=500.190678 | PDE Loss=18005.708804 | λ_pde=3.343e-80 | LR=1.61e-03
[2026-01-30 19:32:15][INFO] [Epoch 063] MSE Loss=501.874658 | PDE Loss=18397.976978 | λ_pde=1.664e-81 | LR=1.59e-03
[2026-01-30 19:35:44][INFO] [Epoch 064] MSE Loss=520.262926 | PDE Loss=19505.253186 | λ_pde=8.286e-83 | LR=1.56e-03
[2026-01-30 19:39:16][INFO] [Epoch 065] MSE Loss=488.426679 | PDE Loss=20382.875859 | λ_pde=4.125e-84 | LR=1.54e-03
[2026-01-30 19:42:45][INFO] [Epoch 066] MSE Loss=522.925601 | PDE Loss=21325.167235 | λ_pde=2.054e-85 | LR=1.51e-03
[2026-01-30 19:46:15][INFO] [Epoch 067] MSE Loss=503.852877 | PDE Loss=22038.006912 | λ_pde=1.023e-86 | LR=1.49e-03
[2026-01-30 19:49:43][INFO] [Epoch 068] MSE Loss=472.360456 | PDE Loss=23413.425920 | λ_pde=5.091e-88 | LR=1.46e-03
[2026-01-30 19:53:16][INFO] [Epoch 069] MSE Loss=472.300503 | PDE Loss=23989.948014 | λ_pde=2.535e-89 | LR=1.44e-03
[2026-01-30 19:56:45][INFO] [Epoch 070] MSE Loss=492.932688 | PDE Loss=25326.615068 | λ_pde=1.262e-90 | LR=1.41e-03
[2026-01-30 20:00:14][INFO] [Epoch 071] MSE Loss=497.729346 | PDE Loss=26097.980164 | λ_pde=6.283e-92 | LR=1.38e-03
[2026-01-30 20:03:46][INFO] [Epoch 072] MSE Loss=490.295738 | PDE Loss=27348.485566 | λ_pde=3.128e-93 | LR=1.36e-03
[2026-01-30 20:07:13][INFO] [Epoch 073] MSE Loss=472.478329 | PDE Loss=27948.740082 | λ_pde=1.557e-94 | LR=1.33e-03
[2026-01-30 20:10:44][INFO] [Epoch 074] MSE Loss=469.428461 | PDE Loss=28854.483544 | λ_pde=7.754e-96 | LR=1.31e-03
[2026-01-30 20:14:10][INFO] [Epoch 075] MSE Loss=485.120432 | PDE Loss=30011.518783 | λ_pde=3.860e-97 | LR=1.28e-03
[2026-01-30 20:17:41][INFO] [Epoch 076] MSE Loss=481.245210 | PDE Loss=31017.997617 | λ_pde=1.922e-98 | LR=1.25e-03
[2026-01-30 20:21:10][INFO] [Epoch 077] MSE Loss=513.150429 | PDE Loss=32196.203984 | λ_pde=9.569e-100 | LR=1.23e-03
[2026-01-30 20:24:38][INFO] [Epoch 078] MSE Loss=484.482965 | PDE Loss=32699.788314 | λ_pde=4.764e-101 | LR=1.20e-03
[2026-01-30 20:28:10][INFO] [Epoch 079] MSE Loss=475.004170 | PDE Loss=33749.308428 | λ_pde=2.372e-102 | LR=1.18e-03
[2026-01-30 20:31:38][INFO] [Epoch 080] MSE Loss=467.678148 | PDE Loss=35229.592476 | λ_pde=1.181e-103 | LR=1.15e-03
[2026-01-30 20:35:08][INFO] [Epoch 081] MSE Loss=471.075559 | PDE Loss=35383.700770 | λ_pde=5.879e-105 | LR=1.12e-03
[2026-01-30 20:38:38][INFO] [Epoch 082] MSE Loss=457.541058 | PDE Loss=36007.155834 | λ_pde=2.927e-106 | LR=1.10e-03
[2026-01-30 20:42:07][INFO] [Epoch 083] MSE Loss=479.658240 | PDE Loss=37247.845246 | λ_pde=1.457e-107 | LR=1.07e-03
[2026-01-30 20:45:38][INFO] [Epoch 084] MSE Loss=458.481253 | PDE Loss=38301.459220 | λ_pde=7.256e-109 | LR=1.05e-03
[2026-01-30 20:49:08][INFO] [Epoch 085] MSE Loss=451.421518 | PDE Loss=39723.167525 | λ_pde=3.612e-110 | LR=1.02e-03
[2026-01-30 20:52:38][INFO] [Epoch 086] MSE Loss=456.440354 | PDE Loss=40510.262633 | λ_pde=1.798e-111 | LR=9.95e-04
[2026-01-30 20:56:08][INFO] [Epoch 087] MSE Loss=462.967190 | PDE Loss=41715.100925 | λ_pde=8.954e-113 | LR=9.70e-04
[2026-01-30 20:59:39][INFO] [Epoch 088] MSE Loss=457.081772 | PDE Loss=42441.088126 | λ_pde=4.458e-114 | LR=9.45e-04
[2026-01-30 21:03:09][INFO] [Epoch 089] MSE Loss=457.802656 | PDE Loss=43585.319814 | λ_pde=2.220e-115 | LR=9.19e-04
[2026-01-30 21:06:37][INFO] [Epoch 090] MSE Loss=446.963054 | PDE Loss=43674.470994 | λ_pde=1.105e-116 | LR=8.94e-04
[2026-01-30 21:10:07][INFO] [Epoch 091] MSE Loss=457.739949 | PDE Loss=45315.189439 | λ_pde=5.502e-118 | LR=8.70e-04
[2026-01-30 21:13:34][INFO] [Epoch 092] MSE Loss=443.488115 | PDE Loss=46084.615304 | λ_pde=2.739e-119 | LR=8.45e-04
[2026-01-30 21:17:01][INFO] [Epoch 093] MSE Loss=450.083018 | PDE Loss=46773.821421 | λ_pde=1.364e-120 | LR=8.20e-04
[2026-01-30 21:20:31][INFO] [Epoch 094] MSE Loss=450.863693 | PDE Loss=47985.353557 | λ_pde=6.790e-122 | LR=7.96e-04
[2026-01-30 21:24:00][INFO] [Epoch 095] MSE Loss=443.239490 | PDE Loss=48437.307680 | λ_pde=3.380e-123 | LR=7.72e-04
[2026-01-30 21:27:30][INFO] [Epoch 096] MSE Loss=438.919558 | PDE Loss=49696.377992 | λ_pde=1.683e-124 | LR=7.48e-04
[2026-01-30 21:31:01][INFO] [Epoch 097] MSE Loss=436.632393 | PDE Loss=49990.681793 | λ_pde=8.379e-126 | LR=7.24e-04
[2026-01-30 21:34:30][INFO] [Epoch 098] MSE Loss=449.043365 | PDE Loss=50791.277759 | λ_pde=4.172e-127 | LR=7.01e-04
[2026-01-30 21:38:01][INFO] [Epoch 099] MSE Loss=438.743641 | PDE Loss=51319.443262 | λ_pde=2.077e-128 | LR=6.78e-04
[2026-01-30 21:41:33][INFO] [Epoch 100] MSE Loss=433.899089 | PDE Loss=52598.460771 | λ_pde=1.034e-129 | LR=6.55e-04
[2026-01-30 21:45:06][INFO] [Epoch 101] MSE Loss=444.493433 | PDE Loss=53312.878158 | λ_pde=5.148e-131 | LR=6.32e-04
[2026-01-30 21:48:38][INFO] [Epoch 102] MSE Loss=439.110358 | PDE Loss=53343.454122 | λ_pde=2.563e-132 | LR=6.10e-04
[2026-01-30 21:52:11][INFO] [Epoch 103] MSE Loss=432.938817 | PDE Loss=53496.969304 | λ_pde=1.276e-133 | LR=5.87e-04
[2026-01-30 21:55:42][INFO] [Epoch 104] MSE Loss=432.513115 | PDE Loss=54797.351008 | λ_pde=6.353e-135 | LR=5.66e-04
[2026-01-30 21:59:10][INFO] [Epoch 105] MSE Loss=439.793785 | PDE Loss=54428.410239 | λ_pde=3.163e-136 | LR=5.44e-04
[2026-01-30 22:02:41][INFO] [Epoch 106] MSE Loss=436.804144 | PDE Loss=55524.324690 | λ_pde=1.575e-137 | LR=5.23e-04
[2026-01-30 22:06:09][INFO] [Epoch 107] MSE Loss=442.188754 | PDE Loss=56056.101618 | λ_pde=7.841e-139 | LR=5.02e-04
[2026-01-30 22:09:39][INFO] [Epoch 108] MSE Loss=435.733930 | PDE Loss=57021.309176 | λ_pde=3.904e-140 | LR=4.81e-04
[2026-01-30 22:13:12][INFO] [Epoch 109] MSE Loss=431.056715 | PDE Loss=57429.243406 | λ_pde=1.944e-141 | LR=4.61e-04
[2026-01-30 22:16:42][INFO] [Epoch 110] MSE Loss=424.162891 | PDE Loss=57420.491855 | λ_pde=9.676e-143 | LR=4.41e-04
[2026-01-30 22:20:12][INFO] [Epoch 111] MSE Loss=424.666915 | PDE Loss=57851.517010 | λ_pde=4.817e-144 | LR=4.22e-04
[2026-01-30 22:23:42][INFO] [Epoch 112] MSE Loss=432.276256 | PDE Loss=57848.144559 | λ_pde=2.398e-145 | LR=4.02e-04
[2026-01-30 22:27:12][INFO] [Epoch 113] MSE Loss=419.410330 | PDE Loss=58410.707668 | λ_pde=1.194e-146 | LR=3.84e-04
[2026-01-30 22:30:40][INFO] [Epoch 114] MSE Loss=426.858412 | PDE Loss=58773.660295 | λ_pde=5.945e-148 | LR=3.65e-04
[2026-01-30 22:34:11][INFO] [Epoch 115] MSE Loss=427.013518 | PDE Loss=59336.595578 | λ_pde=2.960e-149 | LR=3.47e-04
[2026-01-30 22:37:39][INFO] [Epoch 116] MSE Loss=422.117893 | PDE Loss=59228.597573 | λ_pde=1.474e-150 | LR=3.30e-04
[2026-01-30 22:41:08][INFO] [Epoch 117] MSE Loss=423.496981 | PDE Loss=60171.910793 | λ_pde=7.337e-152 | LR=3.12e-04
[2026-01-30 22:44:36][INFO] [Epoch 118] MSE Loss=425.507958 | PDE Loss=60216.957945 | λ_pde=3.653e-153 | LR=2.95e-04
[2026-01-30 22:48:04][INFO] [Epoch 119] MSE Loss=420.024112 | PDE Loss=60466.309231 | λ_pde=1.819e-154 | LR=2.79e-04
[2026-01-30 22:51:34][INFO] [Epoch 120] MSE Loss=421.028161 | PDE Loss=60599.410239 | λ_pde=9.055e-156 | LR=2.63e-04
[2026-01-30 22:55:04][INFO] [Epoch 121] MSE Loss=419.247241 | PDE Loss=60700.011691 | λ_pde=4.508e-157 | LR=1.24e-04
[2026-01-30 22:58:35][INFO] [Epoch 122] MSE Loss=420.789334 | PDE Loss=60581.431405 | λ_pde=2.244e-158 | LR=1.17e-04
[2026-01-30 23:02:02][INFO] [Epoch 123] MSE Loss=417.717521 | PDE Loss=61139.310450 | λ_pde=1.117e-159 | LR=1.10e-04
[2026-01-30 23:05:33][INFO] [Epoch 124] MSE Loss=416.684417 | PDE Loss=61298.662844 | λ_pde=5.563e-161 | LR=1.03e-04
[2026-01-30 23:09:00][INFO] [Epoch 125] MSE Loss=421.182967 | PDE Loss=60996.978169 | λ_pde=2.770e-162 | LR=9.62e-05
[2026-01-30 23:12:29][INFO] [Epoch 126] MSE Loss=418.322401 | PDE Loss=61193.729942 | λ_pde=1.379e-163 | LR=8.98e-05
[2026-01-30 23:15:55][INFO] [Epoch 127] MSE Loss=416.875300 | PDE Loss=61409.026374 | λ_pde=6.866e-165 | LR=8.37e-05
[2026-01-30 23:19:25][INFO] [Epoch 128] MSE Loss=415.552222 | PDE Loss=61695.395390 | λ_pde=3.418e-166 | LR=7.78e-05
[2026-01-30 23:22:56][INFO] [Epoch 129] MSE Loss=415.854491 | PDE Loss=61366.148659 | λ_pde=1.702e-167 | LR=7.21e-05
[2026-01-30 23:26:26][INFO] [Epoch 130] MSE Loss=415.549248 | PDE Loss=61793.159907 | λ_pde=8.473e-169 | LR=6.67e-05
[2026-01-30 23:29:57][INFO] [Epoch 131] MSE Loss=415.179960 | PDE Loss=61417.712766 | λ_pde=4.218e-170 | LR=6.15e-05
[2026-01-30 23:33:21][INFO] [Epoch 132] MSE Loss=414.380691 | PDE Loss=62027.269171 | λ_pde=2.100e-171 | LR=5.66e-05
[2026-01-30 23:36:51][INFO] [Epoch 133] MSE Loss=417.138843 | PDE Loss=61688.561503 | λ_pde=1.046e-172 | LR=5.18e-05
[2026-01-30 23:40:20][INFO] [Epoch 134] MSE Loss=415.398706 | PDE Loss=61869.577183 | λ_pde=5.206e-174 | LR=4.74e-05
[2026-01-30 23:43:50][INFO] [Epoch 135] MSE Loss=416.528018 | PDE Loss=61805.282691 | λ_pde=2.592e-175 | LR=4.31e-05
[2026-01-30 23:47:19][INFO] [Epoch 136] MSE Loss=415.370198 | PDE Loss=61873.468584 | λ_pde=1.290e-176 | LR=3.92e-05
[2026-01-30 23:50:45][INFO] [Epoch 137] MSE Loss=414.577473 | PDE Loss=61985.653313 | λ_pde=6.425e-178 | LR=3.54e-05
[2026-01-30 23:54:15][INFO] [Epoch 138] MSE Loss=414.608758 | PDE Loss=61869.799645 | λ_pde=3.199e-179 | LR=3.19e-05
[2026-01-30 23:57:45][INFO] [Epoch 139] MSE Loss=414.298476 | PDE Loss=62049.804577 | λ_pde=1.593e-180 | LR=2.87e-05
[2026-01-31 00:01:13][INFO] [Epoch 140] MSE Loss=414.535574 | PDE Loss=61966.402261 | λ_pde=7.929e-182 | LR=2.57e-05
[2026-01-31 00:04:42][INFO] [Epoch 141] MSE Loss=413.973402 | PDE Loss=62142.716423 | λ_pde=3.947e-183 | LR=2.30e-05
[2026-01-31 00:08:13][INFO] [Epoch 142] MSE Loss=414.714986 | PDE Loss=61959.703734 | λ_pde=1.965e-184 | LR=2.06e-05
[2026-01-31 00:11:39][INFO] [Epoch 143] MSE Loss=414.260875 | PDE Loss=62152.618074 | λ_pde=9.785e-186 | LR=1.83e-05
[2026-01-31 00:15:05][INFO] [Epoch 144] MSE Loss=414.021669 | PDE Loss=62215.426751 | λ_pde=4.872e-187 | LR=1.64e-05
[2026-01-31 00:18:35][INFO] [Epoch 145] MSE Loss=413.787962 | PDE Loss=62194.886746 | λ_pde=2.425e-188 | LR=1.47e-05
[2026-01-31 00:22:02][INFO] [Epoch 146] MSE Loss=414.133915 | PDE Loss=62182.154255 | λ_pde=1.208e-189 | LR=1.33e-05
[2026-01-31 00:25:33][INFO] [Epoch 147] MSE Loss=414.264829 | PDE Loss=62106.755264 | λ_pde=6.012e-191 | LR=1.21e-05
[2026-01-31 00:29:05][INFO] [Epoch 148] MSE Loss=413.994627 | PDE Loss=62242.771664 | λ_pde=2.993e-192 | LR=1.12e-05
[2026-01-31 00:32:32][INFO] [Epoch 149] MSE Loss=414.072163 | PDE Loss=62089.490470 | λ_pde=1.490e-193 | LR=1.05e-05
[2026-01-31 00:35:58][INFO] [Epoch 150] MSE Loss=413.905959 | PDE Loss=62199.720357 | λ_pde=7.419e-195 | LR=1.01e-05
[2026-01-31 00:39:27][INFO] [Epoch 151] MSE Loss=413.747078 | PDE Loss=62200.460827 | λ_pde=3.694e-196 | LR=1.00e-05
[2026-01-31 00:42:59][INFO] [Epoch 152] MSE Loss=413.730807 | PDE Loss=62228.221520 | λ_pde=1.839e-197 | LR=1.05e-05
[2026-01-31 00:46:25][INFO] [Epoch 153] MSE Loss=414.128983 | PDE Loss=62230.045102 | λ_pde=9.156e-199 | LR=1.22e-05
[2026-01-31 00:49:53][INFO] [Epoch 154] MSE Loss=413.865113 | PDE Loss=62199.687555 | λ_pde=4.559e-200 | LR=1.49e-05
[2026-01-31 00:53:20][INFO] [Epoch 155] MSE Loss=414.389143 | PDE Loss=62185.646997 | λ_pde=2.270e-201 | LR=1.88e-05
[2026-01-31 00:56:51][INFO] [Epoch 156] MSE Loss=414.101455 | PDE Loss=62361.901928 | λ_pde=1.130e-202 | LR=2.37e-05
[2026-01-31 01:00:24][INFO] [Epoch 157] MSE Loss=414.365990 | PDE Loss=62381.399656 | λ_pde=5.626e-204 | LR=2.97e-05
[2026-01-31 01:03:52][INFO] [Epoch 158] MSE Loss=414.569717 | PDE Loss=62267.828402 | λ_pde=2.801e-205 | LR=3.68e-05
[2026-01-31 01:07:23][INFO] [Epoch 159] MSE Loss=414.877867 | PDE Loss=62565.939051 | λ_pde=1.394e-206 | LR=4.49e-05
[2026-01-31 01:10:50][INFO] [Epoch 160] MSE Loss=415.215246 | PDE Loss=62256.906970 | λ_pde=6.943e-208 | LR=2.71e-05
[2026-01-31 01:14:20][INFO] [Epoch 161] MSE Loss=414.307242 | PDE Loss=62417.398271 | λ_pde=3.457e-209 | LR=3.11e-05
[2026-01-31 01:17:52][INFO] [Epoch 162] MSE Loss=414.348914 | PDE Loss=62428.577460 | λ_pde=1.721e-210 | LR=3.55e-05
[2026-01-31 01:21:19][INFO] [Epoch 163] MSE Loss=415.210224 | PDE Loss=62388.618961 | λ_pde=8.568e-212 | LR=4.03e-05
[2026-01-31 01:24:47][INFO] [Epoch 164] MSE Loss=414.993201 | PDE Loss=62485.221188 | λ_pde=4.266e-213 | LR=4.56e-05
[2026-01-31 01:28:12][INFO] [Epoch 165] MSE Loss=414.472183 | PDE Loss=62769.851008 | λ_pde=2.124e-214 | LR=5.12e-05
[2026-01-31 01:31:47][INFO] [Epoch 166] MSE Loss=415.425916 | PDE Loss=62582.465758 | λ_pde=1.057e-215 | LR=5.72e-05
[2026-01-31 01:35:17][INFO] [Epoch 167] MSE Loss=414.129833 | PDE Loss=62700.134087 | λ_pde=5.264e-217 | LR=3.18e-05
[2026-01-31 01:38:44][INFO] [Epoch 168] MSE Loss=413.621303 | PDE Loss=62704.302748 | λ_pde=2.621e-218 | LR=3.46e-05
[2026-01-31 01:42:13][INFO] [Epoch 169] MSE Loss=413.938188 | PDE Loss=62716.138797 | λ_pde=1.305e-219 | LR=3.76e-05
[2026-01-31 01:45:42][INFO] [Epoch 170] MSE Loss=413.475152 | PDE Loss=62840.411070 | λ_pde=6.497e-221 | LR=4.07e-05
[2026-01-31 01:49:13][INFO] [Epoch 171] MSE Loss=413.823691 | PDE Loss=62882.119847 | λ_pde=3.235e-222 | LR=4.40e-05
[2026-01-31 01:52:43][INFO] [Epoch 172] MSE Loss=414.509348 | PDE Loss=62917.244625 | λ_pde=1.610e-223 | LR=4.74e-05
[2026-01-31 01:56:12][INFO] [Epoch 173] MSE Loss=415.548190 | PDE Loss=63073.189772 | λ_pde=8.018e-225 | LR=5.10e-05
[2026-01-31 01:59:39][INFO] [Epoch 174] MSE Loss=414.519297 | PDE Loss=63028.381316 | λ_pde=3.992e-226 | LR=5.47e-05
[2026-01-31 02:03:09][INFO] [Epoch 175] MSE Loss=415.963482 | PDE Loss=62907.512467 | λ_pde=1.987e-227 | LR=5.86e-05
[2026-01-31 02:06:37][INFO] [Epoch 176] MSE Loss=415.452071 | PDE Loss=63089.579510 | λ_pde=9.895e-229 | LR=6.26e-05
[2026-01-31 02:10:07][INFO] [Epoch 177] MSE Loss=414.878173 | PDE Loss=63140.244404 | λ_pde=4.926e-230 | LR=6.68e-05
[2026-01-31 02:13:38][INFO] [Epoch 178] MSE Loss=413.990885 | PDE Loss=63338.997285 | λ_pde=2.453e-231 | LR=3.56e-05
[2026-01-31 02:17:07][INFO] [Epoch 179] MSE Loss=413.414327 | PDE Loss=63281.436281 | λ_pde=1.221e-232 | LR=3.74e-05
[2026-01-31 02:20:40][INFO] [Epoch 180] MSE Loss=413.385309 | PDE Loss=63438.793440 | λ_pde=6.079e-234 | LR=3.94e-05
[2026-01-31 02:24:09][INFO] [Epoch 181] MSE Loss=413.413320 | PDE Loss=63437.971354 | λ_pde=3.027e-235 | LR=4.14e-05
[2026-01-31 02:27:38][INFO] [Epoch 182] MSE Loss=413.625145 | PDE Loss=63356.989417 | λ_pde=1.507e-236 | LR=4.34e-05
[2026-01-31 02:31:03][INFO] [Epoch 183] MSE Loss=414.476289 | PDE Loss=63400.357768 | λ_pde=7.503e-238 | LR=4.55e-05
[2026-01-31 02:34:32][INFO] [Epoch 184] MSE Loss=414.226624 | PDE Loss=63480.178690 | λ_pde=3.735e-239 | LR=4.77e-05
[2026-01-31 02:38:03][INFO] [Epoch 185] MSE Loss=414.026190 | PDE Loss=63389.526817 | λ_pde=1.860e-240 | LR=4.99e-05
[2026-01-31 02:41:30][INFO] [Epoch 186] MSE Loss=413.900628 | PDE Loss=63752.449468 | λ_pde=9.259e-242 | LR=5.22e-05
[2026-01-31 02:44:59][INFO] [Epoch 187] MSE Loss=413.701726 | PDE Loss=63558.602061 | λ_pde=4.610e-243 | LR=2.73e-05
[2026-01-31 02:48:26][INFO] [Epoch 188] MSE Loss=413.049309 | PDE Loss=63590.627549 | λ_pde=2.295e-244 | LR=2.82e-05
[2026-01-31 02:51:54][INFO] [Epoch 189] MSE Loss=413.384889 | PDE Loss=63797.261192 | λ_pde=1.143e-245 | LR=2.91e-05
[2026-01-31 02:55:24][INFO] [Epoch 190] MSE Loss=413.181431 | PDE Loss=63618.679854 | λ_pde=5.689e-247 | LR=3.01e-05
[2026-01-31 02:58:53][INFO] [Epoch 191] MSE Loss=413.612355 | PDE Loss=63769.531084 | λ_pde=2.832e-248 | LR=3.11e-05
[2026-01-31 03:02:21][INFO] [Epoch 192] MSE Loss=412.793189 | PDE Loss=63809.312722 | λ_pde=1.410e-249 | LR=3.21e-05
[2026-01-31 03:05:47][INFO] [Epoch 193] MSE Loss=412.655809 | PDE Loss=63800.188442 | λ_pde=7.021e-251 | LR=3.31e-05
[2026-01-31 03:09:17][INFO] [Epoch 194] MSE Loss=412.722267 | PDE Loss=63824.064328 | λ_pde=3.495e-252 | LR=3.41e-05
[2026-01-31 03:12:49][INFO] [Epoch 195] MSE Loss=413.761676 | PDE Loss=63785.259696 | λ_pde=1.740e-253 | LR=3.52e-05
[2026-01-31 03:16:18][INFO] [Epoch 196] MSE Loss=413.707735 | PDE Loss=63951.464705 | λ_pde=8.664e-255 | LR=3.62e-05
[2026-01-31 03:19:44][INFO] [Epoch 197] MSE Loss=413.123174 | PDE Loss=63818.368462 | λ_pde=4.314e-256 | LR=3.73e-05
[2026-01-31 03:23:13][INFO] [Epoch 198] MSE Loss=413.758000 | PDE Loss=64013.097074 | λ_pde=2.148e-257 | LR=3.84e-05
[2026-01-31 03:26:47][INFO] [Epoch 199] MSE Loss=413.012532 | PDE Loss=64055.113586 | λ_pde=1.069e-258 | LR=3.96e-05
[2026-01-31 03:30:21][INFO] [Epoch 200] MSE Loss=412.952676 | PDE Loss=64056.136137 | λ_pde=5.323e-260 | LR=4.07e-05
[2026-01-31 03:30:21][INFO] 训练结束，模型已保存至: /data/sda/zjc/comsol_pinn/checkpoints/M04d/exp09/M04d_pinn.pt
[2026-01-31 03:30:21][INFO] ========== 训练结束 ==========
