[2026-01-19 17:28:56][INFO] 日志文件创建于: /data/sda/zjc/comsol_pinn/logs/exp09/train_20260119_172856_gpu4_pid3644316.log
[2026-01-19 17:28:56][INFO] 进程 PID: 3644316
[2026-01-19 17:28:56][INFO] ========== FCNN-MVP 训练开始 ==========
[2026-01-19 17:28:56][INFO] 使用设备: cuda
[2026-01-19 17:28:56][INFO] 训练参数: {'epochs': 120, 'lr': 0.001, 'batch_cases': 1, 'points_per_case': 6144, 'num_workers': 8, 'device': 'cuda', 'log_dir': 'logs/exp09', 'ckpt_dir': 'checkpoints/exp09'}
[2026-01-19 17:28:56][INFO] 数据集大小: 141 cases
[2026-01-19 17:28:56][INFO] 每 case 采样点数: 6144
[2026-01-19 17:28:57][INFO] 模型结构:
SimplePINN(
  (net): Sequential(
    (0): Linear(in_features=7, out_features=128, bias=True)
    (1): SiLU()
    (2): Linear(in_features=128, out_features=128, bias=True)
    (3): SiLU()
    (4): Linear(in_features=128, out_features=1, bias=True)
  )
)
[2026-01-19 17:28:57][INFO] 优化器: AdamW, lr=0.001
[2026-01-19 17:31:17][INFO] [Epoch 001] MSE Loss = 32627.414346
[2026-01-19 17:33:39][INFO] [Epoch 002] MSE Loss = 8928.278189
[2026-01-19 17:35:59][INFO] [Epoch 003] MSE Loss = 6562.455707
[2026-01-19 17:38:19][INFO] [Epoch 004] MSE Loss = 5836.096332
[2026-01-19 17:40:42][INFO] [Epoch 005] MSE Loss = 5360.594518
[2026-01-19 17:43:03][INFO] [Epoch 006] MSE Loss = 5268.262768
[2026-01-19 17:45:21][INFO] [Epoch 007] MSE Loss = 4718.487086
[2026-01-19 17:47:43][INFO] [Epoch 008] MSE Loss = 4311.107869
[2026-01-19 17:50:05][INFO] [Epoch 009] MSE Loss = 3915.991862
[2026-01-19 17:52:25][INFO] [Epoch 010] MSE Loss = 3641.791345
[2026-01-19 17:54:47][INFO] [Epoch 011] MSE Loss = 3436.455970
[2026-01-19 17:57:07][INFO] [Epoch 012] MSE Loss = 2991.797309
[2026-01-19 17:59:28][INFO] [Epoch 013] MSE Loss = 2792.427795
[2026-01-19 18:01:48][INFO] [Epoch 014] MSE Loss = 2757.534279
[2026-01-19 18:04:06][INFO] [Epoch 015] MSE Loss = 2369.996784
[2026-01-19 18:06:25][INFO] [Epoch 016] MSE Loss = 2347.669506
[2026-01-19 18:08:48][INFO] [Epoch 017] MSE Loss = 2056.570738
[2026-01-19 18:11:08][INFO] [Epoch 018] MSE Loss = 1920.402067
[2026-01-19 18:13:28][INFO] [Epoch 019] MSE Loss = 1832.412116
[2026-01-19 18:15:50][INFO] [Epoch 020] MSE Loss = 1678.653858
[2026-01-19 18:18:10][INFO] [Epoch 021] MSE Loss = 1593.940988
[2026-01-19 18:20:30][INFO] [Epoch 022] MSE Loss = 1405.864592
[2026-01-19 18:22:54][INFO] [Epoch 023] MSE Loss = 1327.883349
[2026-01-19 18:25:15][INFO] [Epoch 024] MSE Loss = 1286.788508
[2026-01-19 18:27:38][INFO] [Epoch 025] MSE Loss = 1275.013268
[2026-01-19 18:29:57][INFO] [Epoch 026] MSE Loss = 1002.804235
[2026-01-19 18:32:22][INFO] [Epoch 027] MSE Loss = 1059.370376
[2026-01-19 18:34:42][INFO] [Epoch 028] MSE Loss = 943.950829
[2026-01-19 18:37:00][INFO] [Epoch 029] MSE Loss = 865.623114
[2026-01-19 18:39:18][INFO] [Epoch 030] MSE Loss = 701.673304
[2026-01-19 18:41:37][INFO] [Epoch 031] MSE Loss = 650.398420
[2026-01-19 18:43:58][INFO] [Epoch 032] MSE Loss = 621.221432
[2026-01-19 18:46:18][INFO] [Epoch 033] MSE Loss = 572.254175
[2026-01-19 18:48:39][INFO] [Epoch 034] MSE Loss = 467.565238
[2026-01-19 18:50:58][INFO] [Epoch 035] MSE Loss = 526.695818
[2026-01-19 18:53:20][INFO] [Epoch 036] MSE Loss = 390.692616
[2026-01-19 18:55:40][INFO] [Epoch 037] MSE Loss = 331.645478
[2026-01-19 18:57:58][INFO] [Epoch 038] MSE Loss = 313.332035
[2026-01-19 19:00:15][INFO] [Epoch 039] MSE Loss = 290.879064
[2026-01-19 19:02:32][INFO] [Epoch 040] MSE Loss = 239.981117
[2026-01-19 19:04:52][INFO] [Epoch 041] MSE Loss = 226.953388
[2026-01-19 19:07:13][INFO] [Epoch 042] MSE Loss = 247.425407
[2026-01-19 19:09:34][INFO] [Epoch 043] MSE Loss = 186.846489
[2026-01-19 19:11:53][INFO] [Epoch 044] MSE Loss = 154.272364
[2026-01-19 19:14:13][INFO] [Epoch 045] MSE Loss = 141.040816
[2026-01-19 19:16:32][INFO] [Epoch 046] MSE Loss = 135.500643
[2026-01-19 19:18:53][INFO] [Epoch 047] MSE Loss = 128.566842
[2026-01-19 19:21:12][INFO] [Epoch 048] MSE Loss = 119.735845
[2026-01-19 19:23:32][INFO] [Epoch 049] MSE Loss = 115.267998
[2026-01-19 19:25:47][INFO] [Epoch 050] MSE Loss = 110.115474
[2026-01-19 19:28:01][INFO] [Epoch 051] MSE Loss = 107.790641
[2026-01-19 19:30:18][INFO] [Epoch 052] MSE Loss = 103.975473
[2026-01-19 19:32:36][INFO] [Epoch 053] MSE Loss = 101.974662
[2026-01-19 19:34:55][INFO] [Epoch 054] MSE Loss = 98.747810
[2026-01-19 19:37:13][INFO] [Epoch 055] MSE Loss = 95.886048
[2026-01-19 19:39:31][INFO] [Epoch 056] MSE Loss = 95.007385
[2026-01-19 19:41:49][INFO] [Epoch 057] MSE Loss = 92.649062
[2026-01-19 19:44:09][INFO] [Epoch 058] MSE Loss = 92.892189
[2026-01-19 19:46:29][INFO] [Epoch 059] MSE Loss = 89.790361
[2026-01-19 19:48:52][INFO] [Epoch 060] MSE Loss = 88.241745
[2026-01-19 19:51:10][INFO] [Epoch 061] MSE Loss = 86.078997
[2026-01-19 19:53:24][INFO] [Epoch 062] MSE Loss = 82.775513
[2026-01-19 19:55:41][INFO] [Epoch 063] MSE Loss = 83.952492
[2026-01-19 19:58:00][INFO] [Epoch 064] MSE Loss = 84.267181
[2026-01-19 20:00:19][INFO] [Epoch 065] MSE Loss = 80.288834
[2026-01-19 20:02:37][INFO] [Epoch 066] MSE Loss = 86.630583
[2026-01-19 20:04:58][INFO] [Epoch 067] MSE Loss = 77.982195
[2026-01-19 20:07:17][INFO] [Epoch 068] MSE Loss = 74.862536
[2026-01-19 20:09:37][INFO] [Epoch 069] MSE Loss = 74.070415
[2026-01-19 20:11:55][INFO] [Epoch 070] MSE Loss = 73.446585
[2026-01-19 20:14:13][INFO] [Epoch 071] MSE Loss = 72.330825
[2026-01-19 20:16:31][INFO] [Epoch 072] MSE Loss = 70.056855
[2026-01-19 20:18:52][INFO] [Epoch 073] MSE Loss = 68.997044
[2026-01-19 20:21:10][INFO] [Epoch 074] MSE Loss = 76.904136
[2026-01-19 20:23:27][INFO] [Epoch 075] MSE Loss = 67.243909
[2026-01-19 20:25:44][INFO] [Epoch 076] MSE Loss = 68.243732
[2026-01-19 20:28:05][INFO] [Epoch 077] MSE Loss = 63.037455
[2026-01-19 20:30:21][INFO] [Epoch 078] MSE Loss = 64.763432
[2026-01-19 20:32:41][INFO] [Epoch 079] MSE Loss = 110.698321
[2026-01-19 20:35:00][INFO] [Epoch 080] MSE Loss = 67.831677
[2026-01-19 20:36:41][INFO] [Epoch 081] MSE Loss = 60.005539
[2026-01-19 20:38:12][INFO] [Epoch 082] MSE Loss = 60.549286
[2026-01-19 20:39:48][INFO] [Epoch 083] MSE Loss = 60.001344
[2026-01-19 20:41:22][INFO] [Epoch 084] MSE Loss = 60.665249
[2026-01-19 20:42:53][INFO] [Epoch 085] MSE Loss = 65.206435
[2026-01-19 20:44:26][INFO] [Epoch 086] MSE Loss = 58.377527
[2026-01-19 20:45:57][INFO] [Epoch 087] MSE Loss = 98.045032
[2026-01-19 20:47:33][INFO] [Epoch 088] MSE Loss = 59.654219
[2026-01-19 20:49:04][INFO] [Epoch 089] MSE Loss = 61.003297
[2026-01-19 20:50:38][INFO] [Epoch 090] MSE Loss = 57.966046
[2026-01-19 20:52:11][INFO] [Epoch 091] MSE Loss = 53.543432
[2026-01-19 20:53:45][INFO] [Epoch 092] MSE Loss = 58.013539
[2026-01-19 20:55:18][INFO] [Epoch 093] MSE Loss = 53.795804
[2026-01-19 20:56:49][INFO] [Epoch 094] MSE Loss = 53.866144
[2026-01-19 20:58:23][INFO] [Epoch 095] MSE Loss = 52.149210
[2026-01-19 21:00:00][INFO] [Epoch 096] MSE Loss = 51.924406
[2026-01-19 21:01:35][INFO] [Epoch 097] MSE Loss = 48.658793
[2026-01-19 21:03:07][INFO] [Epoch 098] MSE Loss = 49.335021
[2026-01-19 21:04:38][INFO] [Epoch 099] MSE Loss = 50.389466
[2026-01-19 21:06:01][INFO] [Epoch 100] MSE Loss = 62.117114
[2026-01-19 21:06:54][INFO] [Epoch 101] MSE Loss = 48.121219
[2026-01-19 21:07:45][INFO] [Epoch 102] MSE Loss = 52.271484
[2026-01-19 21:08:35][INFO] [Epoch 103] MSE Loss = 46.344576
[2026-01-19 21:09:25][INFO] [Epoch 104] MSE Loss = 45.542872
[2026-01-19 21:10:15][INFO] [Epoch 105] MSE Loss = 51.050321
[2026-01-19 21:11:04][INFO] [Epoch 106] MSE Loss = 57.410066
[2026-01-19 21:11:54][INFO] [Epoch 107] MSE Loss = 47.329207
[2026-01-19 21:12:45][INFO] [Epoch 108] MSE Loss = 44.849122
[2026-01-19 21:13:36][INFO] [Epoch 109] MSE Loss = 42.473605
[2026-01-19 21:14:26][INFO] [Epoch 110] MSE Loss = 42.018346
[2026-01-19 21:15:17][INFO] [Epoch 111] MSE Loss = 49.476843
[2026-01-19 21:16:08][INFO] [Epoch 112] MSE Loss = 50.489103
[2026-01-19 21:16:56][INFO] [Epoch 113] MSE Loss = 42.629463
[2026-01-19 21:17:46][INFO] [Epoch 114] MSE Loss = 44.976596
[2026-01-19 21:18:36][INFO] [Epoch 115] MSE Loss = 40.287497
[2026-01-19 21:19:28][INFO] [Epoch 116] MSE Loss = 44.369943
[2026-01-19 21:20:19][INFO] [Epoch 117] MSE Loss = 41.066520
[2026-01-19 21:21:09][INFO] [Epoch 118] MSE Loss = 39.944850
[2026-01-19 21:21:59][INFO] [Epoch 119] MSE Loss = 38.274746
[2026-01-19 21:22:50][INFO] [Epoch 120] MSE Loss = 38.042063
[2026-01-19 21:22:50][INFO] 模型已保存至: /data/sda/zjc/comsol_pinn/checkpoints/exp09/M01_fcnn_mvp.pt
[2026-01-19 21:22:50][INFO] ========== 训练结束 ==========
