[2026-01-26 18:18:21][INFO] 日志文件创建于: /data/sda/zjc/comsol_pinn/logs/M04/exp04/train_20260126_181821_gpu4_pid3585868.log
[2026-01-26 18:18:21][INFO] 进程 PID: 3585868
[2026-01-26 18:18:21][INFO] ========== PINN 训练开始 ==========
[2026-01-26 18:18:21][INFO] 物理项权重 λ_pde = 0.8
[2026-01-26 18:18:21][INFO] 使用设备: cuda
[2026-01-26 18:18:21][INFO] 训练参数: {'lambda_pde': 0.8, 'epochs': 120, 'lr': 0.005, 'batch_cases': 1, 'points_per_case': 600000, 'num_workers': 8, 'device': 'cuda', 'log_dir': 'logs/M04/exp04', 'ckpt_dir': 'checkpoints/M04/exp04'}
[2026-01-26 18:18:21][INFO] 数据集大小: 141 cases
[2026-01-26 18:18:21][INFO] 每 case 采样点数: 600000
[2026-01-26 18:18:23][INFO] 模型结构:
SimplePINN(
  (net): Sequential(
    (0): Linear(in_features=7, out_features=128, bias=True)
    (1): SiLU()
    (2): Linear(in_features=128, out_features=128, bias=True)
    (3): SiLU()
    (4): Linear(in_features=128, out_features=1, bias=True)
  )
)
[2026-01-26 18:18:23][INFO] 优化器: AdamW, 初始 lr=0.005, 调度策略: ReduceLROnPlateau(factor=0.5, patience=10)
[2026-01-26 18:22:34][INFO] [Epoch 001] MSE Loss = 22847.776788 | PDE LOSS = 1.025686 |  LR = 5.00e-03
[2026-01-26 18:26:41][INFO] [Epoch 002] MSE Loss = 1230.967671 | PDE LOSS = 0.000000 |  LR = 5.00e-03
[2026-01-26 18:30:49][INFO] [Epoch 003] MSE Loss = 609.754796 | PDE LOSS = 1.975470 |  LR = 5.00e-03
[2026-01-26 18:34:51][INFO] [Epoch 004] MSE Loss = 494.833576 | PDE LOSS = 0.000000 |  LR = 5.00e-03
[2026-01-26 18:38:52][INFO] [Epoch 005] MSE Loss = 479.982625 | PDE LOSS = 0.000000 |  LR = 5.00e-03
[2026-01-26 18:42:52][INFO] [Epoch 006] MSE Loss = 442.417823 | PDE LOSS = 4.907255 |  LR = 5.00e-03
[2026-01-26 18:46:56][INFO] [Epoch 007] MSE Loss = 439.019518 | PDE LOSS = 0.000000 |  LR = 5.00e-03
[2026-01-26 18:51:00][INFO] [Epoch 008] MSE Loss = 425.125038 | PDE LOSS = 0.000000 |  LR = 5.00e-03
[2026-01-26 18:55:01][INFO] [Epoch 009] MSE Loss = 457.502086 | PDE LOSS = 0.000000 |  LR = 5.00e-03
[2026-01-26 18:59:03][INFO] [Epoch 010] MSE Loss = 437.475473 | PDE LOSS = 0.000000 |  LR = 5.00e-03
[2026-01-26 19:03:09][INFO] [Epoch 011] MSE Loss = 426.516334 | PDE LOSS = 0.000000 |  LR = 5.00e-03
[2026-01-26 19:07:08][INFO] [Epoch 012] MSE Loss = 439.896773 | PDE LOSS = 4.872865 |  LR = 5.00e-03
[2026-01-26 19:11:08][INFO] [Epoch 013] MSE Loss = 430.550688 | PDE LOSS = 5.178877 |  LR = 5.00e-03
[2026-01-26 19:15:10][INFO] [Epoch 014] MSE Loss = 509.276665 | PDE LOSS = 0.000000 |  LR = 5.00e-03
[2026-01-26 19:19:11][INFO] [Epoch 015] MSE Loss = 419.424844 | PDE LOSS = 0.000000 |  LR = 5.00e-03
[2026-01-26 19:23:11][INFO] [Epoch 016] MSE Loss = 378.444589 | PDE LOSS = 10.773973 |  LR = 5.00e-03
[2026-01-26 19:27:13][INFO] [Epoch 017] MSE Loss = 389.695218 | PDE LOSS = 13.709745 |  LR = 5.00e-03
[2026-01-26 19:31:12][INFO] [Epoch 018] MSE Loss = 371.442005 | PDE LOSS = 17.319023 |  LR = 5.00e-03
[2026-01-26 19:35:11][INFO] [Epoch 019] MSE Loss = 386.807063 | PDE LOSS = 17.750082 |  LR = 5.00e-03
[2026-01-26 19:39:10][INFO] [Epoch 020] MSE Loss = 363.176574 | PDE LOSS = 12.777079 |  LR = 5.00e-03
[2026-01-26 19:43:11][INFO] [Epoch 021] MSE Loss = 356.471259 | PDE LOSS = 20.788551 |  LR = 5.00e-03
[2026-01-26 19:47:13][INFO] [Epoch 022] MSE Loss = 342.612050 | PDE LOSS = 13.691662 |  LR = 5.00e-03
[2026-01-26 19:51:17][INFO] [Epoch 023] MSE Loss = 367.263483 | PDE LOSS = 13.391221 |  LR = 5.00e-03
[2026-01-26 19:55:17][INFO] [Epoch 024] MSE Loss = 343.658704 | PDE LOSS = 0.000000 |  LR = 5.00e-03
[2026-01-26 19:59:13][INFO] [Epoch 025] MSE Loss = 383.304529 | PDE LOSS = 8.071532 |  LR = 5.00e-03
[2026-01-26 20:03:12][INFO] [Epoch 026] MSE Loss = 336.744675 | PDE LOSS = 10.091382 |  LR = 5.00e-03
[2026-01-26 20:07:15][INFO] [Epoch 027] MSE Loss = 421.125391 | PDE LOSS = 0.000000 |  LR = 5.00e-03
[2026-01-26 20:11:16][INFO] [Epoch 028] MSE Loss = 520.711060 | PDE LOSS = 0.000000 |  LR = 5.00e-03
[2026-01-26 20:15:20][INFO] [Epoch 029] MSE Loss = 334.293883 | PDE LOSS = 9.211625 |  LR = 5.00e-03
[2026-01-26 20:19:22][INFO] [Epoch 030] MSE Loss = 330.029358 | PDE LOSS = 25.389954 |  LR = 5.00e-03
[2026-01-26 20:23:25][INFO] [Epoch 031] MSE Loss = 323.971102 | PDE LOSS = 48.435349 |  LR = 5.00e-03
[2026-01-26 20:27:29][INFO] [Epoch 032] MSE Loss = 329.331180 | PDE LOSS = 44.345596 |  LR = 5.00e-03
[2026-01-26 20:31:34][INFO] [Epoch 033] MSE Loss = 324.952097 | PDE LOSS = 0.000000 |  LR = 5.00e-03
[2026-01-26 20:35:38][INFO] [Epoch 034] MSE Loss = 319.406868 | PDE LOSS = 19.058018 |  LR = 5.00e-03
[2026-01-26 20:39:41][INFO] [Epoch 035] MSE Loss = 320.908840 | PDE LOSS = 0.000000 |  LR = 5.00e-03
[2026-01-26 20:43:42][INFO] [Epoch 036] MSE Loss = 317.446749 | PDE LOSS = 0.000000 |  LR = 5.00e-03
[2026-01-26 20:47:42][INFO] [Epoch 037] MSE Loss = 313.630839 | PDE LOSS = 10.900270 |  LR = 5.00e-03
[2026-01-26 20:51:47][INFO] [Epoch 038] MSE Loss = 341.521154 | PDE LOSS = 0.000000 |  LR = 5.00e-03
[2026-01-26 20:55:52][INFO] [Epoch 039] MSE Loss = 314.558920 | PDE LOSS = 17.134972 |  LR = 5.00e-03
[2026-01-26 20:59:52][INFO] [Epoch 040] MSE Loss = 316.914110 | PDE LOSS = 0.000000 |  LR = 5.00e-03
[2026-01-26 21:03:53][INFO] [Epoch 041] MSE Loss = 319.806389 | PDE LOSS = 6.410655 |  LR = 5.00e-03
[2026-01-26 21:07:52][INFO] [Epoch 042] MSE Loss = 311.754665 | PDE LOSS = 0.000000 |  LR = 5.00e-03
[2026-01-26 21:11:54][INFO] [Epoch 043] MSE Loss = 394.850349 | PDE LOSS = 4.522767 |  LR = 5.00e-03
[2026-01-26 21:15:58][INFO] [Epoch 044] MSE Loss = 365.543343 | PDE LOSS = 0.000000 |  LR = 5.00e-03
[2026-01-26 21:20:02][INFO] [Epoch 045] MSE Loss = 308.914987 | PDE LOSS = 0.000000 |  LR = 5.00e-03
[2026-01-26 21:24:05][INFO] [Epoch 046] MSE Loss = 303.793736 | PDE LOSS = 19.979288 |  LR = 5.00e-03
[2026-01-26 21:28:08][INFO] [Epoch 047] MSE Loss = 301.647907 | PDE LOSS = 0.000000 |  LR = 5.00e-03
[2026-01-26 21:32:06][INFO] [Epoch 048] MSE Loss = 304.925191 | PDE LOSS = 0.000000 |  LR = 5.00e-03
[2026-01-26 21:36:06][INFO] [Epoch 049] MSE Loss = 301.959513 | PDE LOSS = 0.000000 |  LR = 5.00e-03
[2026-01-26 21:40:02][INFO] [Epoch 050] MSE Loss = 322.950153 | PDE LOSS = 0.000000 |  LR = 5.00e-03
[2026-01-26 21:44:07][INFO] [Epoch 051] MSE Loss = 302.062596 | PDE LOSS = 8.543142 |  LR = 5.00e-03
[2026-01-26 21:48:15][INFO] [Epoch 052] MSE Loss = 308.739452 | PDE LOSS = 0.000000 |  LR = 5.00e-03
[2026-01-26 21:52:17][INFO] [Epoch 053] MSE Loss = 420.240895 | PDE LOSS = 0.000000 |  LR = 5.00e-03
[2026-01-26 21:56:20][INFO] [Epoch 054] MSE Loss = 369.041307 | PDE LOSS = 0.000000 |  LR = 5.00e-03
[2026-01-26 22:00:28][INFO] [Epoch 055] MSE Loss = 301.185701 | PDE LOSS = 0.000000 |  LR = 5.00e-03
[2026-01-26 22:04:32][INFO] [Epoch 056] MSE Loss = 299.075500 | PDE LOSS = 0.000000 |  LR = 5.00e-03
[2026-01-26 22:08:29][INFO] [Epoch 057] MSE Loss = 294.993925 | PDE LOSS = 0.000000 |  LR = 5.00e-03
[2026-01-26 22:12:29][INFO] [Epoch 058] MSE Loss = 293.155068 | PDE LOSS = 23.146441 |  LR = 5.00e-03
[2026-01-26 22:16:29][INFO] [Epoch 059] MSE Loss = 300.144356 | PDE LOSS = 0.000000 |  LR = 5.00e-03
[2026-01-26 22:20:35][INFO] [Epoch 060] MSE Loss = 306.103168 | PDE LOSS = 0.000000 |  LR = 5.00e-03
[2026-01-26 22:24:37][INFO] [Epoch 061] MSE Loss = 299.416713 | PDE LOSS = 7.915477 |  LR = 5.00e-03
[2026-01-26 22:28:40][INFO] [Epoch 062] MSE Loss = 323.801211 | PDE LOSS = 18.381996 |  LR = 5.00e-03
[2026-01-26 22:32:43][INFO] [Epoch 063] MSE Loss = 302.249769 | PDE LOSS = 9.809660 |  LR = 5.00e-03
[2026-01-26 22:36:15][INFO] [Epoch 064] MSE Loss = 301.402905 | PDE LOSS = 14.377522 |  LR = 5.00e-03
[2026-01-26 22:39:09][INFO] [Epoch 065] MSE Loss = 356.165584 | PDE LOSS = 19.258022 |  LR = 5.00e-03
[2026-01-26 22:41:39][INFO] [Epoch 066] MSE Loss = 298.295835 | PDE LOSS = 0.000000 |  LR = 5.00e-03
[2026-01-26 22:43:55][INFO] [Epoch 067] MSE Loss = 382.048113 | PDE LOSS = 59.283428 |  LR = 5.00e-03
[2026-01-26 22:45:59][INFO] [Epoch 068] MSE Loss = 329.351667 | PDE LOSS = 0.000000 |  LR = 2.50e-03
[2026-01-26 22:47:51][INFO] [Epoch 069] MSE Loss = 298.517708 | PDE LOSS = 0.000000 |  LR = 2.50e-03
[2026-01-26 22:49:48][INFO] [Epoch 070] MSE Loss = 294.881486 | PDE LOSS = 4.366254 |  LR = 2.50e-03
[2026-01-26 22:51:46][INFO] [Epoch 071] MSE Loss = 291.961829 | PDE LOSS = 5.182996 |  LR = 2.50e-03
[2026-01-26 22:53:42][INFO] [Epoch 072] MSE Loss = 291.176679 | PDE LOSS = 0.000000 |  LR = 2.50e-03
[2026-01-26 22:55:42][INFO] [Epoch 073] MSE Loss = 289.915154 | PDE LOSS = 0.000000 |  LR = 2.50e-03
[2026-01-26 22:57:36][INFO] [Epoch 074] MSE Loss = 288.811428 | PDE LOSS = 3.601774 |  LR = 2.50e-03
[2026-01-26 22:59:33][INFO] [Epoch 075] MSE Loss = 288.141011 | PDE LOSS = 0.000000 |  LR = 2.50e-03
[2026-01-26 23:01:26][INFO] [Epoch 076] MSE Loss = 287.345924 | PDE LOSS = 4.254439 |  LR = 2.50e-03
[2026-01-26 23:03:21][INFO] [Epoch 077] MSE Loss = 287.283809 | PDE LOSS = 4.518465 |  LR = 2.50e-03
[2026-01-26 23:05:22][INFO] [Epoch 078] MSE Loss = 286.636915 | PDE LOSS = 0.000000 |  LR = 2.50e-03
[2026-01-26 23:07:17][INFO] [Epoch 079] MSE Loss = 286.153103 | PDE LOSS = 0.000000 |  LR = 2.50e-03
[2026-01-26 23:09:14][INFO] [Epoch 080] MSE Loss = 286.080922 | PDE LOSS = 3.028653 |  LR = 2.50e-03
[2026-01-26 23:11:10][INFO] [Epoch 081] MSE Loss = 296.453874 | PDE LOSS = 8.623607 |  LR = 2.50e-03
[2026-01-26 23:13:08][INFO] [Epoch 082] MSE Loss = 303.987954 | PDE LOSS = 0.000000 |  LR = 2.50e-03
[2026-01-26 23:14:59][INFO] [Epoch 083] MSE Loss = 285.068590 | PDE LOSS = 4.325135 |  LR = 2.50e-03
[2026-01-26 23:16:58][INFO] [Epoch 084] MSE Loss = 282.975815 | PDE LOSS = 0.000000 |  LR = 2.50e-03
[2026-01-26 23:18:57][INFO] [Epoch 085] MSE Loss = 283.479417 | PDE LOSS = 0.000000 |  LR = 2.50e-03
[2026-01-26 23:20:52][INFO] [Epoch 086] MSE Loss = 286.719780 | PDE LOSS = 0.000000 |  LR = 2.50e-03
[2026-01-26 23:22:41][INFO] [Epoch 087] MSE Loss = 283.175420 | PDE LOSS = 8.711878 |  LR = 2.50e-03
[2026-01-26 23:24:36][INFO] [Epoch 088] MSE Loss = 285.823499 | PDE LOSS = 0.000000 |  LR = 2.50e-03
[2026-01-26 23:26:32][INFO] [Epoch 089] MSE Loss = 311.066089 | PDE LOSS = 0.000000 |  LR = 2.50e-03
[2026-01-26 23:28:28][INFO] [Epoch 090] MSE Loss = 294.498528 | PDE LOSS = 0.000000 |  LR = 2.50e-03
[2026-01-26 23:30:21][INFO] [Epoch 091] MSE Loss = 280.726155 | PDE LOSS = 0.000000 |  LR = 2.50e-03
[2026-01-26 23:32:15][INFO] [Epoch 092] MSE Loss = 280.423374 | PDE LOSS = 0.000000 |  LR = 2.50e-03
[2026-01-26 23:34:10][INFO] [Epoch 093] MSE Loss = 279.808415 | PDE LOSS = 7.061141 |  LR = 2.50e-03
[2026-01-26 23:36:04][INFO] [Epoch 094] MSE Loss = 280.126923 | PDE LOSS = 6.338188 |  LR = 2.50e-03
[2026-01-26 23:37:58][INFO] [Epoch 095] MSE Loss = 280.951791 | PDE LOSS = 33.320984 |  LR = 2.50e-03
[2026-01-26 23:39:53][INFO] [Epoch 096] MSE Loss = 305.377588 | PDE LOSS = 14.218197 |  LR = 2.50e-03
[2026-01-26 23:41:49][INFO] [Epoch 097] MSE Loss = 281.362463 | PDE LOSS = 0.000000 |  LR = 2.50e-03
[2026-01-26 23:43:45][INFO] [Epoch 098] MSE Loss = 282.241328 | PDE LOSS = 0.000000 |  LR = 2.50e-03
[2026-01-26 23:45:42][INFO] [Epoch 099] MSE Loss = 304.341460 | PDE LOSS = 0.000000 |  LR = 2.50e-03
[2026-01-26 23:47:39][INFO] [Epoch 100] MSE Loss = 289.338464 | PDE LOSS = 39.017838 |  LR = 2.50e-03
[2026-01-26 23:49:35][INFO] [Epoch 101] MSE Loss = 289.121230 | PDE LOSS = 6.621052 |  LR = 2.50e-03
[2026-01-26 23:51:31][INFO] [Epoch 102] MSE Loss = 275.988310 | PDE LOSS = 0.000000 |  LR = 2.50e-03
[2026-01-26 23:53:27][INFO] [Epoch 103] MSE Loss = 275.743480 | PDE LOSS = 0.000000 |  LR = 2.50e-03
[2026-01-26 23:55:23][INFO] [Epoch 104] MSE Loss = 276.153087 | PDE LOSS = 51.471401 |  LR = 2.50e-03
[2026-01-26 23:57:19][INFO] [Epoch 105] MSE Loss = 280.714850 | PDE LOSS = 9.183083 |  LR = 2.50e-03
[2026-01-26 23:59:14][INFO] [Epoch 106] MSE Loss = 275.245640 | PDE LOSS = 0.000000 |  LR = 2.50e-03
[2026-01-27 00:01:11][INFO] [Epoch 107] MSE Loss = 279.445219 | PDE LOSS = 6.383494 |  LR = 2.50e-03
[2026-01-27 00:03:05][INFO] [Epoch 108] MSE Loss = 280.168962 | PDE LOSS = 0.000000 |  LR = 2.50e-03
[2026-01-27 00:04:59][INFO] [Epoch 109] MSE Loss = 282.437866 | PDE LOSS = 41.026623 |  LR = 2.50e-03
[2026-01-27 00:06:57][INFO] [Epoch 110] MSE Loss = 273.134694 | PDE LOSS = 0.000000 |  LR = 2.50e-03
[2026-01-27 00:08:53][INFO] [Epoch 111] MSE Loss = 274.347219 | PDE LOSS = 4.535436 |  LR = 2.50e-03
[2026-01-27 00:10:50][INFO] [Epoch 112] MSE Loss = 283.561220 | PDE LOSS = 0.000000 |  LR = 2.50e-03
[2026-01-27 00:12:48][INFO] [Epoch 113] MSE Loss = 284.087246 | PDE LOSS = 0.000000 |  LR = 2.50e-03
[2026-01-27 00:14:38][INFO] [Epoch 114] MSE Loss = 278.166807 | PDE LOSS = 10.338223 |  LR = 2.50e-03
[2026-01-27 00:16:33][INFO] [Epoch 115] MSE Loss = 270.978148 | PDE LOSS = 11.314106 |  LR = 2.50e-03
[2026-01-27 00:18:25][INFO] [Epoch 116] MSE Loss = 270.062046 | PDE LOSS = 0.000000 |  LR = 2.50e-03
[2026-01-27 00:20:19][INFO] [Epoch 117] MSE Loss = 273.510378 | PDE LOSS = 5.807204 |  LR = 2.50e-03
[2026-01-27 00:22:15][INFO] [Epoch 118] MSE Loss = 272.343962 | PDE LOSS = 0.000000 |  LR = 2.50e-03
[2026-01-27 00:24:12][INFO] [Epoch 119] MSE Loss = 297.221534 | PDE LOSS = 0.000000 |  LR = 2.50e-03
[2026-01-27 00:26:08][INFO] [Epoch 120] MSE Loss = 273.482829 | PDE LOSS = 7.323832 |  LR = 2.50e-03
[2026-01-27 00:26:08][INFO] 训练结束，模型已保存至: /data/sda/zjc/comsol_pinn/checkpoints/M04/exp04/M04_pinn.pt
[2026-01-27 00:26:08][INFO] ========== 训练结束 ==========
