[2026-01-19 17:28:55][INFO] 日志文件创建于: /data/sda/zjc/comsol_pinn/logs/exp02/train_20260119_172855_gpu2_pid3644269.log
[2026-01-19 17:28:55][INFO] 进程 PID: 3644269
[2026-01-19 17:28:55][INFO] ========== FCNN-MVP 训练开始 ==========
[2026-01-19 17:28:55][INFO] 使用设备: cuda
[2026-01-19 17:28:55][INFO] 训练参数: {'epochs': 80, 'lr': 0.0005, 'batch_cases': 1, 'points_per_case': 6144, 'num_workers': 8, 'device': 'cuda', 'log_dir': 'logs/exp02', 'ckpt_dir': 'checkpoints/exp02'}
[2026-01-19 17:28:55][INFO] 数据集大小: 141 cases
[2026-01-19 17:28:55][INFO] 每 case 采样点数: 6144
[2026-01-19 17:28:57][INFO] 模型结构:
SimplePINN(
  (net): Sequential(
    (0): Linear(in_features=7, out_features=128, bias=True)
    (1): SiLU()
    (2): Linear(in_features=128, out_features=128, bias=True)
    (3): SiLU()
    (4): Linear(in_features=128, out_features=1, bias=True)
  )
)
[2026-01-19 17:28:57][INFO] 优化器: AdamW, lr=0.0005
[2026-01-19 17:31:15][INFO] [Epoch 001] MSE Loss = 47900.081048
[2026-01-19 17:33:37][INFO] [Epoch 002] MSE Loss = 11795.283854
[2026-01-19 17:36:02][INFO] [Epoch 003] MSE Loss = 8768.096361
[2026-01-19 17:38:24][INFO] [Epoch 004] MSE Loss = 7201.892034
[2026-01-19 17:40:43][INFO] [Epoch 005] MSE Loss = 6393.130724
[2026-01-19 17:43:06][INFO] [Epoch 006] MSE Loss = 6226.098510
[2026-01-19 17:45:27][INFO] [Epoch 007] MSE Loss = 5806.529751
[2026-01-19 17:47:45][INFO] [Epoch 008] MSE Loss = 5494.647548
[2026-01-19 17:50:04][INFO] [Epoch 009] MSE Loss = 5313.434903
[2026-01-19 17:52:27][INFO] [Epoch 010] MSE Loss = 5082.257405
[2026-01-19 17:54:49][INFO] [Epoch 011] MSE Loss = 4907.055184
[2026-01-19 17:57:10][INFO] [Epoch 012] MSE Loss = 4640.954164
[2026-01-19 17:59:32][INFO] [Epoch 013] MSE Loss = 4495.657146
[2026-01-19 18:01:53][INFO] [Epoch 014] MSE Loss = 4253.749584
[2026-01-19 18:04:09][INFO] [Epoch 015] MSE Loss = 4087.337459
[2026-01-19 18:06:27][INFO] [Epoch 016] MSE Loss = 3828.364223
[2026-01-19 18:08:49][INFO] [Epoch 017] MSE Loss = 3733.106046
[2026-01-19 18:11:10][INFO] [Epoch 018] MSE Loss = 3506.575287
[2026-01-19 18:13:28][INFO] [Epoch 019] MSE Loss = 3327.614427
[2026-01-19 18:15:48][INFO] [Epoch 020] MSE Loss = 3145.878039
[2026-01-19 18:18:09][INFO] [Epoch 021] MSE Loss = 3000.656740
[2026-01-19 18:20:29][INFO] [Epoch 022] MSE Loss = 2968.966664
[2026-01-19 18:22:52][INFO] [Epoch 023] MSE Loss = 2807.281082
[2026-01-19 18:25:15][INFO] [Epoch 024] MSE Loss = 2590.787183
[2026-01-19 18:27:39][INFO] [Epoch 025] MSE Loss = 2644.687562
[2026-01-19 18:29:57][INFO] [Epoch 026] MSE Loss = 2438.248821
[2026-01-19 18:32:21][INFO] [Epoch 027] MSE Loss = 2373.379780
[2026-01-19 18:34:42][INFO] [Epoch 028] MSE Loss = 2318.610926
[2026-01-19 18:37:00][INFO] [Epoch 029] MSE Loss = 2151.886124
[2026-01-19 18:39:18][INFO] [Epoch 030] MSE Loss = 2082.809686
[2026-01-19 18:41:37][INFO] [Epoch 031] MSE Loss = 2202.888832
[2026-01-19 18:43:57][INFO] [Epoch 032] MSE Loss = 1950.694453
[2026-01-19 18:46:17][INFO] [Epoch 033] MSE Loss = 1894.509567
[2026-01-19 18:48:40][INFO] [Epoch 034] MSE Loss = 1875.013945
[2026-01-19 18:51:02][INFO] [Epoch 035] MSE Loss = 1766.773226
[2026-01-19 18:53:22][INFO] [Epoch 036] MSE Loss = 1737.584510
[2026-01-19 18:55:42][INFO] [Epoch 037] MSE Loss = 1648.547135
[2026-01-19 18:58:03][INFO] [Epoch 038] MSE Loss = 1598.851822
[2026-01-19 19:00:22][INFO] [Epoch 039] MSE Loss = 1619.716697
[2026-01-19 19:02:43][INFO] [Epoch 040] MSE Loss = 1571.240327
[2026-01-19 19:05:01][INFO] [Epoch 041] MSE Loss = 1528.848931
[2026-01-19 19:07:21][INFO] [Epoch 042] MSE Loss = 1429.896630
[2026-01-19 19:09:41][INFO] [Epoch 043] MSE Loss = 1389.506008
[2026-01-19 19:11:59][INFO] [Epoch 044] MSE Loss = 1335.501099
[2026-01-19 19:14:20][INFO] [Epoch 045] MSE Loss = 1349.677131
[2026-01-19 19:16:38][INFO] [Epoch 046] MSE Loss = 1152.701186
[2026-01-19 19:18:58][INFO] [Epoch 047] MSE Loss = 1217.211134
[2026-01-19 19:21:18][INFO] [Epoch 048] MSE Loss = 1149.403386
[2026-01-19 19:23:39][INFO] [Epoch 049] MSE Loss = 1059.830696
[2026-01-19 19:26:00][INFO] [Epoch 050] MSE Loss = 1018.468935
[2026-01-19 19:28:21][INFO] [Epoch 051] MSE Loss = 939.111025
[2026-01-19 19:30:40][INFO] [Epoch 052] MSE Loss = 937.193478
[2026-01-19 19:33:04][INFO] [Epoch 053] MSE Loss = 874.619663
[2026-01-19 19:35:25][INFO] [Epoch 054] MSE Loss = 884.401102
[2026-01-19 19:37:44][INFO] [Epoch 055] MSE Loss = 846.246074
[2026-01-19 19:40:04][INFO] [Epoch 056] MSE Loss = 771.982714
[2026-01-19 19:42:25][INFO] [Epoch 057] MSE Loss = 726.985838
[2026-01-19 19:44:42][INFO] [Epoch 058] MSE Loss = 716.440654
[2026-01-19 19:47:03][INFO] [Epoch 059] MSE Loss = 639.582499
[2026-01-19 19:49:18][INFO] [Epoch 060] MSE Loss = 602.159217
[2026-01-19 19:51:39][INFO] [Epoch 061] MSE Loss = 583.305664
[2026-01-19 19:54:01][INFO] [Epoch 062] MSE Loss = 525.664221
[2026-01-19 19:56:19][INFO] [Epoch 063] MSE Loss = 503.103389
[2026-01-19 19:58:35][INFO] [Epoch 064] MSE Loss = 513.261496
[2026-01-19 20:00:52][INFO] [Epoch 065] MSE Loss = 444.758501
[2026-01-19 20:03:15][INFO] [Epoch 066] MSE Loss = 407.249351
[2026-01-19 20:05:34][INFO] [Epoch 067] MSE Loss = 376.505381
[2026-01-19 20:07:55][INFO] [Epoch 068] MSE Loss = 359.642201
[2026-01-19 20:10:10][INFO] [Epoch 069] MSE Loss = 352.530222
[2026-01-19 20:12:29][INFO] [Epoch 070] MSE Loss = 334.732317
[2026-01-19 20:14:48][INFO] [Epoch 071] MSE Loss = 293.124797
[2026-01-19 20:17:08][INFO] [Epoch 072] MSE Loss = 269.975788
[2026-01-19 20:19:23][INFO] [Epoch 073] MSE Loss = 257.789712
[2026-01-19 20:21:43][INFO] [Epoch 074] MSE Loss = 248.933329
[2026-01-19 20:23:58][INFO] [Epoch 075] MSE Loss = 229.800316
[2026-01-19 20:26:18][INFO] [Epoch 076] MSE Loss = 220.301444
[2026-01-19 20:28:36][INFO] [Epoch 077] MSE Loss = 208.982060
[2026-01-19 20:30:53][INFO] [Epoch 078] MSE Loss = 196.594783
[2026-01-19 20:33:11][INFO] [Epoch 079] MSE Loss = 189.150256
[2026-01-19 20:35:27][INFO] [Epoch 080] MSE Loss = 176.170689
[2026-01-19 20:35:27][INFO] 模型已保存至: /data/sda/zjc/comsol_pinn/checkpoints/exp02/M01_fcnn_mvp.pt
[2026-01-19 20:35:27][INFO] ========== 训练结束 ==========
