[2026-02-02 10:56:21][INFO] 日志文件创建于: /data/sda/zjc/comsol_pinn/logs/M04d1/exp03/train_20260202_105621_gpu3_pid1944463.log
[2026-02-02 10:56:21][INFO] 进程 PID: 1944463
[2026-02-02 10:56:21][INFO] ========== PINN 训练开始 ==========
[2026-02-02 10:56:21][INFO] 物理项 λ_pde = 0.5
[2026-02-02 10:56:21][INFO] 使用设备: cuda
[2026-02-02 10:56:21][INFO] 训练参数: {'lambda_pde': 0.5, 'epochs': 210, 'lr': 0.005, 'batch_cases': 1, 'lr_scheduler': 'hybrid', 'cosine_eta_min': 1e-05, 'cosine_t0': 30, 'cosine_tmult': 2, 'plateau_factor': 0.5, 'plateau_patience': 6, 'plateau_min_lr': 1e-05, 'use_pde_anneal': True, 'pde_anneal_gamma': 0.2, 'pde_lambda_min': 0.0, 'use_soft_mask': False, 'mask_alpha': 40.0, 'mask_temp_ratio': 0.7, 'points_per_case': 320000, 'device': 'cuda', 'num_workers': 8, 'log_dir': 'logs/M04d1/exp03', 'ckpt_dir': 'checkpoints/M04d1/exp03'}
[2026-02-02 10:56:21][INFO] 数据集大小: 141 cases
[2026-02-02 10:56:21][INFO] 每 case 采样点数: 320000
[2026-02-02 10:56:22][INFO] 模型结构:
SimplePINN(
  (net): Sequential(
    (0): Linear(in_features=7, out_features=128, bias=True)
    (1): SiLU()
    (2): Linear(in_features=128, out_features=128, bias=True)
    (3): SiLU()
    (4): Linear(in_features=128, out_features=1, bias=True)
  )
)
[2026-02-02 10:56:22][INFO] 优化器: AdamW, 初始 lr=0.005, 学习率调度器: hybrid
[2026-02-02 10:59:02][INFO] [Epoch 001] MSE Loss=14329.474151 | PDE Loss=0.065474 | λ_pde=5.000e-01 | LR=5.00e-03
[2026-02-02 11:01:41][INFO] [Epoch 002] MSE Loss=5886.249390 | PDE Loss=0.049456 | λ_pde=4.094e-01 | LR=4.99e-03
[2026-02-02 11:04:22][INFO] [Epoch 003] MSE Loss=4307.575325 | PDE Loss=0.057904 | λ_pde=3.352e-01 | LR=4.95e-03
[2026-02-02 11:07:04][INFO] [Epoch 004] MSE Loss=3119.765106 | PDE Loss=0.060909 | λ_pde=2.744e-01 | LR=4.88e-03
[2026-02-02 11:09:43][INFO] [Epoch 005] MSE Loss=2396.792915 | PDE Loss=0.052994 | λ_pde=2.247e-01 | LR=4.78e-03
[2026-02-02 11:12:23][INFO] [Epoch 006] MSE Loss=1869.102298 | PDE Loss=0.053141 | λ_pde=1.839e-01 | LR=4.67e-03
[2026-02-02 11:14:59][INFO] [Epoch 007] MSE Loss=2008.081301 | PDE Loss=0.054146 | λ_pde=1.506e-01 | LR=4.52e-03
[2026-02-02 11:17:41][INFO] [Epoch 008] MSE Loss=1190.069003 | PDE Loss=0.060014 | λ_pde=1.233e-01 | LR=4.36e-03
[2026-02-02 11:20:22][INFO] [Epoch 009] MSE Loss=1026.647865 | PDE Loss=0.063905 | λ_pde=1.009e-01 | LR=4.17e-03
[2026-02-02 11:23:02][INFO] [Epoch 010] MSE Loss=959.645740 | PDE Loss=0.070024 | λ_pde=8.265e-02 | LR=3.97e-03
[2026-02-02 11:25:44][INFO] [Epoch 011] MSE Loss=689.164828 | PDE Loss=0.078903 | λ_pde=6.767e-02 | LR=3.75e-03
[2026-02-02 11:28:26][INFO] [Epoch 012] MSE Loss=448.341305 | PDE Loss=0.088168 | λ_pde=5.540e-02 | LR=3.52e-03
[2026-02-02 11:31:07][INFO] [Epoch 013] MSE Loss=330.850838 | PDE Loss=0.098756 | λ_pde=4.536e-02 | LR=3.28e-03
[2026-02-02 11:33:46][INFO] [Epoch 014] MSE Loss=235.399662 | PDE Loss=0.120756 | λ_pde=3.714e-02 | LR=3.02e-03
[2026-02-02 11:36:27][INFO] [Epoch 015] MSE Loss=195.512941 | PDE Loss=0.138936 | λ_pde=3.041e-02 | LR=2.77e-03
[2026-02-02 11:39:10][INFO] [Epoch 016] MSE Loss=158.989943 | PDE Loss=0.161339 | λ_pde=2.489e-02 | LR=2.51e-03
[2026-02-02 11:41:51][INFO] [Epoch 017] MSE Loss=139.972272 | PDE Loss=0.177912 | λ_pde=2.038e-02 | LR=2.24e-03
[2026-02-02 11:44:28][INFO] [Epoch 018] MSE Loss=131.030122 | PDE Loss=0.194421 | λ_pde=1.669e-02 | LR=1.99e-03
[2026-02-02 11:47:07][INFO] [Epoch 019] MSE Loss=125.478089 | PDE Loss=0.204858 | λ_pde=1.366e-02 | LR=1.73e-03
[2026-02-02 11:49:46][INFO] [Epoch 020] MSE Loss=123.589599 | PDE Loss=0.216735 | λ_pde=1.119e-02 | LR=1.49e-03
[2026-02-02 11:52:30][INFO] [Epoch 021] MSE Loss=118.083485 | PDE Loss=0.228637 | λ_pde=9.158e-03 | LR=1.26e-03
[2026-02-02 11:55:10][INFO] [Epoch 022] MSE Loss=115.260633 | PDE Loss=0.236892 | λ_pde=7.498e-03 | LR=1.04e-03
[2026-02-02 11:57:49][INFO] [Epoch 023] MSE Loss=113.549591 | PDE Loss=0.240076 | λ_pde=6.139e-03 | LR=8.36e-04
[2026-02-02 12:00:28][INFO] [Epoch 024] MSE Loss=112.567635 | PDE Loss=0.246618 | λ_pde=5.026e-03 | LR=6.51e-04
[2026-02-02 12:03:08][INFO] [Epoch 025] MSE Loss=110.747157 | PDE Loss=0.249070 | λ_pde=4.115e-03 | LR=4.87e-04
[2026-02-02 12:05:48][INFO] [Epoch 026] MSE Loss=109.456696 | PDE Loss=0.253262 | λ_pde=3.369e-03 | LR=3.44e-04
[2026-02-02 12:08:29][INFO] [Epoch 027] MSE Loss=109.078610 | PDE Loss=0.252981 | λ_pde=2.758e-03 | LR=2.26e-04
[2026-02-02 12:11:10][INFO] [Epoch 028] MSE Loss=108.235470 | PDE Loss=0.255220 | λ_pde=2.258e-03 | LR=1.32e-04
[2026-02-02 12:13:51][INFO] [Epoch 029] MSE Loss=107.937795 | PDE Loss=0.256207 | λ_pde=1.849e-03 | LR=6.45e-05
[2026-02-02 12:16:29][INFO] [Epoch 030] MSE Loss=107.736356 | PDE Loss=0.257121 | λ_pde=1.514e-03 | LR=2.37e-05
[2026-02-02 12:19:09][INFO] [Epoch 031] MSE Loss=142.197894 | PDE Loss=0.269124 | λ_pde=1.239e-03 | LR=5.00e-03
[2026-02-02 12:21:49][INFO] [Epoch 032] MSE Loss=207.971233 | PDE Loss=0.304969 | λ_pde=1.015e-03 | LR=5.00e-03
[2026-02-02 12:24:31][INFO] [Epoch 033] MSE Loss=244.491201 | PDE Loss=0.321471 | λ_pde=8.308e-04 | LR=4.99e-03
[2026-02-02 12:27:14][INFO] [Epoch 034] MSE Loss=97.632646 | PDE Loss=0.364952 | λ_pde=6.802e-04 | LR=4.97e-03
[2026-02-02 12:29:53][INFO] [Epoch 035] MSE Loss=98.214791 | PDE Loss=0.405419 | λ_pde=5.569e-04 | LR=4.95e-03
[2026-02-02 12:32:30][INFO] [Epoch 036] MSE Loss=161.479804 | PDE Loss=0.445151 | λ_pde=4.559e-04 | LR=4.91e-03
[2026-02-02 12:35:13][INFO] [Epoch 037] MSE Loss=151.401958 | PDE Loss=0.487859 | λ_pde=3.733e-04 | LR=4.88e-03
[2026-02-02 12:37:48][INFO] [Epoch 038] MSE Loss=110.970901 | PDE Loss=0.530257 | λ_pde=3.056e-04 | LR=4.83e-03
[2026-02-02 12:40:29][INFO] [Epoch 039] MSE Loss=92.895015 | PDE Loss=0.583916 | λ_pde=2.502e-04 | LR=4.78e-03
[2026-02-02 12:43:12][INFO] [Epoch 040] MSE Loss=108.605539 | PDE Loss=0.635163 | λ_pde=2.049e-04 | LR=4.73e-03
[2026-02-02 12:45:46][INFO] [Epoch 041] MSE Loss=87.061942 | PDE Loss=0.704608 | λ_pde=1.677e-04 | LR=4.67e-03
[2026-02-02 12:48:26][INFO] [Epoch 042] MSE Loss=107.401191 | PDE Loss=0.799928 | λ_pde=1.373e-04 | LR=4.60e-03
[2026-02-02 12:51:07][INFO] [Epoch 043] MSE Loss=76.126112 | PDE Loss=1.004396 | λ_pde=1.124e-04 | LR=4.52e-03
[2026-02-02 12:53:52][INFO] [Epoch 044] MSE Loss=60.493761 | PDE Loss=1.291100 | λ_pde=9.205e-05 | LR=4.44e-03
[2026-02-02 12:56:29][INFO] [Epoch 045] MSE Loss=77.672500 | PDE Loss=1.571552 | λ_pde=7.537e-05 | LR=4.36e-03
[2026-02-02 12:59:08][INFO] [Epoch 046] MSE Loss=64.169900 | PDE Loss=1.903176 | λ_pde=6.170e-05 | LR=4.27e-03
[2026-02-02 13:01:49][INFO] [Epoch 047] MSE Loss=56.901492 | PDE Loss=2.072772 | λ_pde=5.052e-05 | LR=4.17e-03
[2026-02-02 13:04:29][INFO] [Epoch 048] MSE Loss=80.656044 | PDE Loss=2.424930 | λ_pde=4.136e-05 | LR=4.08e-03
[2026-02-02 13:07:10][INFO] [Epoch 049] MSE Loss=66.954201 | PDE Loss=2.663934 | λ_pde=3.386e-05 | LR=3.97e-03
[2026-02-02 13:09:47][INFO] [Epoch 050] MSE Loss=135.035238 | PDE Loss=2.750987 | λ_pde=2.773e-05 | LR=3.86e-03
[2026-02-02 13:12:25][INFO] [Epoch 051] MSE Loss=57.122655 | PDE Loss=2.959376 | λ_pde=2.270e-05 | LR=3.75e-03
[2026-02-02 13:15:05][INFO] [Epoch 052] MSE Loss=47.277846 | PDE Loss=3.069783 | λ_pde=1.859e-05 | LR=3.64e-03
[2026-02-02 13:17:45][INFO] [Epoch 053] MSE Loss=65.742436 | PDE Loss=3.417748 | λ_pde=1.522e-05 | LR=3.52e-03
[2026-02-02 13:20:27][INFO] [Epoch 054] MSE Loss=47.633242 | PDE Loss=3.626661 | λ_pde=1.246e-05 | LR=3.40e-03
[2026-02-02 13:23:06][INFO] [Epoch 055] MSE Loss=45.958781 | PDE Loss=3.787854 | λ_pde=1.020e-05 | LR=3.28e-03
[2026-02-02 13:25:43][INFO] [Epoch 056] MSE Loss=41.421087 | PDE Loss=3.930705 | λ_pde=8.351e-06 | LR=3.15e-03
[2026-02-02 13:28:23][INFO] [Epoch 057] MSE Loss=40.373009 | PDE Loss=4.227206 | λ_pde=6.837e-06 | LR=3.02e-03
[2026-02-02 13:31:02][INFO] [Epoch 058] MSE Loss=42.886546 | PDE Loss=4.315766 | λ_pde=5.598e-06 | LR=2.90e-03
[2026-02-02 13:33:40][INFO] [Epoch 059] MSE Loss=57.773746 | PDE Loss=4.549226 | λ_pde=4.583e-06 | LR=2.77e-03
[2026-02-02 13:36:18][INFO] [Epoch 060] MSE Loss=44.794722 | PDE Loss=4.687748 | λ_pde=3.752e-06 | LR=2.64e-03
[2026-02-02 13:38:57][INFO] [Epoch 061] MSE Loss=36.731305 | PDE Loss=4.894456 | λ_pde=3.072e-06 | LR=2.51e-03
[2026-02-02 13:41:36][INFO] [Epoch 062] MSE Loss=37.494905 | PDE Loss=5.133857 | λ_pde=2.515e-06 | LR=2.37e-03
[2026-02-02 13:44:18][INFO] [Epoch 063] MSE Loss=37.027269 | PDE Loss=5.256800 | λ_pde=2.059e-06 | LR=2.24e-03
[2026-02-02 13:46:58][INFO] [Epoch 064] MSE Loss=35.861839 | PDE Loss=5.557719 | λ_pde=1.686e-06 | LR=2.11e-03
[2026-02-02 13:49:39][INFO] [Epoch 065] MSE Loss=33.634481 | PDE Loss=5.850008 | λ_pde=1.380e-06 | LR=1.99e-03
[2026-02-02 13:52:20][INFO] [Epoch 066] MSE Loss=34.475663 | PDE Loss=6.022441 | λ_pde=1.130e-06 | LR=1.86e-03
[2026-02-02 13:55:01][INFO] [Epoch 067] MSE Loss=33.210510 | PDE Loss=6.298688 | λ_pde=9.253e-07 | LR=1.73e-03
[2026-02-02 13:57:44][INFO] [Epoch 068] MSE Loss=33.520079 | PDE Loss=6.585914 | λ_pde=7.576e-07 | LR=1.61e-03
[2026-02-02 14:00:20][INFO] [Epoch 069] MSE Loss=35.054722 | PDE Loss=6.944120 | λ_pde=6.202e-07 | LR=1.49e-03
[2026-02-02 14:03:01][INFO] [Epoch 070] MSE Loss=30.873291 | PDE Loss=7.134843 | λ_pde=5.078e-07 | LR=1.37e-03
[2026-02-02 14:05:40][INFO] [Epoch 071] MSE Loss=31.763062 | PDE Loss=7.394676 | λ_pde=4.158e-07 | LR=1.26e-03
[2026-02-02 14:08:22][INFO] [Epoch 072] MSE Loss=30.062934 | PDE Loss=7.624172 | λ_pde=3.404e-07 | LR=1.15e-03
[2026-02-02 14:10:59][INFO] [Epoch 073] MSE Loss=29.908313 | PDE Loss=7.841470 | λ_pde=2.787e-07 | LR=1.04e-03
[2026-02-02 14:13:43][INFO] [Epoch 074] MSE Loss=29.261342 | PDE Loss=8.098699 | λ_pde=2.282e-07 | LR=9.35e-04
[2026-02-02 14:16:26][INFO] [Epoch 075] MSE Loss=28.902224 | PDE Loss=8.218470 | λ_pde=1.868e-07 | LR=8.36e-04
[2026-02-02 14:19:04][INFO] [Epoch 076] MSE Loss=28.717954 | PDE Loss=8.445142 | λ_pde=1.530e-07 | LR=7.41e-04
[2026-02-02 14:21:47][INFO] [Epoch 077] MSE Loss=28.221144 | PDE Loss=8.623929 | λ_pde=1.252e-07 | LR=6.51e-04
[2026-02-02 14:24:25][INFO] [Epoch 078] MSE Loss=28.060171 | PDE Loss=8.810010 | λ_pde=1.025e-07 | LR=5.66e-04
[2026-02-02 14:27:08][INFO] [Epoch 079] MSE Loss=27.851486 | PDE Loss=8.944651 | λ_pde=8.394e-08 | LR=4.87e-04
[2026-02-02 14:29:51][INFO] [Epoch 080] MSE Loss=27.795955 | PDE Loss=9.134150 | λ_pde=6.873e-08 | LR=4.13e-04
[2026-02-02 14:32:33][INFO] [Epoch 081] MSE Loss=27.443592 | PDE Loss=9.219161 | λ_pde=5.627e-08 | LR=3.44e-04
[2026-02-02 14:35:16][INFO] [Epoch 082] MSE Loss=27.311275 | PDE Loss=9.381280 | λ_pde=4.607e-08 | LR=2.82e-04
[2026-02-02 14:37:53][INFO] [Epoch 083] MSE Loss=27.211951 | PDE Loss=9.468075 | λ_pde=3.772e-08 | LR=2.26e-04
[2026-02-02 14:40:32][INFO] [Epoch 084] MSE Loss=27.070143 | PDE Loss=9.584513 | λ_pde=3.088e-08 | LR=1.76e-04
[2026-02-02 14:43:09][INFO] [Epoch 085] MSE Loss=26.968102 | PDE Loss=9.621983 | λ_pde=2.528e-08 | LR=1.32e-04
[2026-02-02 14:45:46][INFO] [Epoch 086] MSE Loss=26.912452 | PDE Loss=9.691054 | λ_pde=2.070e-08 | LR=9.50e-05
[2026-02-02 14:48:25][INFO] [Epoch 087] MSE Loss=26.865925 | PDE Loss=9.753805 | λ_pde=1.695e-08 | LR=6.45e-05
[2026-02-02 14:51:08][INFO] [Epoch 088] MSE Loss=26.820088 | PDE Loss=9.778553 | λ_pde=1.388e-08 | LR=4.07e-05
[2026-02-02 14:53:49][INFO] [Epoch 089] MSE Loss=26.754128 | PDE Loss=9.812270 | λ_pde=1.136e-08 | LR=2.37e-05
[2026-02-02 14:56:29][INFO] [Epoch 090] MSE Loss=26.744552 | PDE Loss=9.796748 | λ_pde=9.301e-09 | LR=1.34e-05
[2026-02-02 14:59:09][INFO] [Epoch 091] MSE Loss=1340.353427 | PDE Loss=2.516928 | λ_pde=7.615e-09 | LR=5.00e-03
[2026-02-02 15:01:50][INFO] [Epoch 092] MSE Loss=240.579404 | PDE Loss=1.938998 | λ_pde=6.235e-09 | LR=5.00e-03
[2026-02-02 15:04:27][INFO] [Epoch 093] MSE Loss=91.937698 | PDE Loss=2.032943 | λ_pde=5.104e-09 | LR=5.00e-03
[2026-02-02 15:07:08][INFO] [Epoch 094] MSE Loss=65.597423 | PDE Loss=2.292460 | λ_pde=4.179e-09 | LR=4.99e-03
[2026-02-02 15:09:48][INFO] [Epoch 095] MSE Loss=62.605768 | PDE Loss=2.563882 | λ_pde=3.422e-09 | LR=4.99e-03
[2026-02-02 15:12:31][INFO] [Epoch 096] MSE Loss=56.339488 | PDE Loss=3.103638 | λ_pde=2.801e-09 | LR=4.98e-03
[2026-02-02 15:15:13][INFO] [Epoch 097] MSE Loss=57.334524 | PDE Loss=3.525411 | λ_pde=2.294e-09 | LR=4.97e-03
[2026-02-02 15:17:54][INFO] [Epoch 098] MSE Loss=50.812498 | PDE Loss=3.887429 | λ_pde=1.878e-09 | LR=2.48e-03
[2026-02-02 15:20:34][INFO] [Epoch 099] MSE Loss=50.197488 | PDE Loss=4.092037 | λ_pde=1.537e-09 | LR=4.95e-03
[2026-02-02 15:23:10][INFO] [Epoch 100] MSE Loss=67.770771 | PDE Loss=4.468648 | λ_pde=1.259e-09 | LR=4.93e-03
[2026-02-02 15:25:48][INFO] [Epoch 101] MSE Loss=57.482311 | PDE Loss=4.588324 | λ_pde=1.031e-09 | LR=4.91e-03
[2026-02-02 15:28:28][INFO] [Epoch 102] MSE Loss=47.279896 | PDE Loss=4.903640 | λ_pde=8.438e-10 | LR=4.90e-03
[2026-02-02 15:31:04][INFO] [Epoch 103] MSE Loss=65.670798 | PDE Loss=5.250697 | λ_pde=6.908e-10 | LR=4.88e-03
[2026-02-02 15:33:45][INFO] [Epoch 104] MSE Loss=113.354677 | PDE Loss=4.717873 | λ_pde=5.656e-10 | LR=4.86e-03
[2026-02-02 15:36:25][INFO] [Epoch 105] MSE Loss=38.751201 | PDE Loss=5.255974 | λ_pde=4.631e-10 | LR=2.42e-03
[2026-02-02 15:39:01][INFO] [Epoch 106] MSE Loss=51.514610 | PDE Loss=5.506497 | λ_pde=3.791e-10 | LR=4.81e-03
[2026-02-02 15:41:41][INFO] [Epoch 107] MSE Loss=49.040125 | PDE Loss=5.940333 | λ_pde=3.104e-10 | LR=4.78e-03
[2026-02-02 15:44:21][INFO] [Epoch 108] MSE Loss=45.768201 | PDE Loss=6.522798 | λ_pde=2.541e-10 | LR=4.76e-03
[2026-02-02 15:47:03][INFO] [Epoch 109] MSE Loss=42.122007 | PDE Loss=7.236410 | λ_pde=2.081e-10 | LR=4.73e-03
[2026-02-02 15:49:39][INFO] [Epoch 110] MSE Loss=47.348530 | PDE Loss=8.093035 | λ_pde=1.704e-10 | LR=4.70e-03
[2026-02-02 15:52:20][INFO] [Epoch 111] MSE Loss=50.747586 | PDE Loss=8.206300 | λ_pde=1.395e-10 | LR=4.67e-03
[2026-02-02 15:55:01][INFO] [Epoch 112] MSE Loss=39.353034 | PDE Loss=8.901531 | λ_pde=1.142e-10 | LR=2.32e-03
[2026-02-02 15:57:42][INFO] [Epoch 113] MSE Loss=90.857993 | PDE Loss=9.311349 | λ_pde=9.349e-11 | LR=4.60e-03
[2026-02-02 16:00:22][INFO] [Epoch 114] MSE Loss=75.768427 | PDE Loss=8.904408 | λ_pde=7.654e-11 | LR=4.56e-03
[2026-02-02 16:03:00][INFO] [Epoch 115] MSE Loss=33.447641 | PDE Loss=9.156592 | λ_pde=6.267e-11 | LR=4.52e-03
[2026-02-02 16:05:38][INFO] [Epoch 116] MSE Loss=31.288799 | PDE Loss=10.394032 | λ_pde=5.131e-11 | LR=4.48e-03
[2026-02-02 16:08:14][INFO] [Epoch 117] MSE Loss=49.544753 | PDE Loss=11.085509 | λ_pde=4.201e-11 | LR=4.44e-03
[2026-02-02 16:10:56][INFO] [Epoch 118] MSE Loss=31.032011 | PDE Loss=11.495076 | λ_pde=3.439e-11 | LR=4.40e-03
[2026-02-02 16:13:38][INFO] [Epoch 119] MSE Loss=29.451309 | PDE Loss=12.312161 | λ_pde=2.816e-11 | LR=2.18e-03
[2026-02-02 16:16:24][INFO] [Epoch 120] MSE Loss=58.439774 | PDE Loss=13.113845 | λ_pde=2.305e-11 | LR=4.31e-03
[2026-02-02 16:19:03][INFO] [Epoch 121] MSE Loss=37.659335 | PDE Loss=13.145719 | λ_pde=1.888e-11 | LR=4.27e-03
[2026-02-02 16:21:42][INFO] [Epoch 122] MSE Loss=30.071485 | PDE Loss=14.213621 | λ_pde=1.545e-11 | LR=4.22e-03
[2026-02-02 16:24:20][INFO] [Epoch 123] MSE Loss=32.329158 | PDE Loss=15.258309 | λ_pde=1.265e-11 | LR=4.17e-03
[2026-02-02 16:27:06][INFO] [Epoch 124] MSE Loss=32.231653 | PDE Loss=16.370634 | λ_pde=1.036e-11 | LR=4.13e-03
[2026-02-02 16:29:50][INFO] [Epoch 125] MSE Loss=98.603298 | PDE Loss=15.838089 | λ_pde=8.481e-12 | LR=4.08e-03
[2026-02-02 16:32:33][INFO] [Epoch 126] MSE Loss=57.519717 | PDE Loss=16.140346 | λ_pde=6.944e-12 | LR=2.01e-03
[2026-02-02 16:35:40][INFO] [Epoch 127] MSE Loss=26.755572 | PDE Loss=17.157910 | λ_pde=5.685e-12 | LR=3.97e-03
[2026-02-02 16:38:51][INFO] [Epoch 128] MSE Loss=32.693003 | PDE Loss=17.947474 | λ_pde=4.655e-12 | LR=3.92e-03
[2026-02-02 16:42:02][INFO] [Epoch 129] MSE Loss=33.042703 | PDE Loss=19.067785 | λ_pde=3.811e-12 | LR=3.86e-03
[2026-02-02 16:45:01][INFO] [Epoch 130] MSE Loss=42.763282 | PDE Loss=19.444098 | λ_pde=3.120e-12 | LR=3.81e-03
[2026-02-02 16:47:43][INFO] [Epoch 131] MSE Loss=51.443749 | PDE Loss=20.588066 | λ_pde=2.555e-12 | LR=3.75e-03
[2026-02-02 16:50:28][INFO] [Epoch 132] MSE Loss=47.059833 | PDE Loss=21.070477 | λ_pde=2.091e-12 | LR=3.70e-03
[2026-02-02 16:53:10][INFO] [Epoch 133] MSE Loss=23.555915 | PDE Loss=21.722992 | λ_pde=1.712e-12 | LR=1.82e-03
[2026-02-02 16:55:49][INFO] [Epoch 134] MSE Loss=23.629278 | PDE Loss=22.863745 | λ_pde=1.402e-12 | LR=3.58e-03
[2026-02-02 16:58:28][INFO] [Epoch 135] MSE Loss=33.210401 | PDE Loss=23.993358 | λ_pde=1.148e-12 | LR=3.52e-03
[2026-02-02 17:01:09][INFO] [Epoch 136] MSE Loss=49.750057 | PDE Loss=23.307618 | λ_pde=9.398e-13 | LR=3.46e-03
[2026-02-02 17:03:49][INFO] [Epoch 137] MSE Loss=26.694528 | PDE Loss=25.437708 | λ_pde=7.694e-13 | LR=3.40e-03
[2026-02-02 17:06:30][INFO] [Epoch 138] MSE Loss=35.174244 | PDE Loss=26.601050 | λ_pde=6.299e-13 | LR=3.34e-03
[2026-02-02 17:09:15][INFO] [Epoch 139] MSE Loss=45.909070 | PDE Loss=26.498073 | λ_pde=5.158e-13 | LR=3.28e-03
[2026-02-02 17:12:25][INFO] [Epoch 140] MSE Loss=24.759325 | PDE Loss=28.491575 | λ_pde=4.223e-13 | LR=3.21e-03
[2026-02-02 17:15:35][INFO] [Epoch 141] MSE Loss=21.950320 | PDE Loss=29.996092 | λ_pde=3.457e-13 | LR=1.58e-03
[2026-02-02 17:18:48][INFO] [Epoch 142] MSE Loss=22.607571 | PDE Loss=30.190222 | λ_pde=2.831e-13 | LR=3.09e-03
[2026-02-02 17:21:56][INFO] [Epoch 143] MSE Loss=21.494840 | PDE Loss=30.788345 | λ_pde=2.317e-13 | LR=3.02e-03
[2026-02-02 17:25:09][INFO] [Epoch 144] MSE Loss=25.717848 | PDE Loss=32.985738 | λ_pde=1.897e-13 | LR=2.96e-03
[2026-02-02 17:28:18][INFO] [Epoch 145] MSE Loss=47.546446 | PDE Loss=30.990172 | λ_pde=1.553e-13 | LR=2.90e-03
[2026-02-02 17:31:16][INFO] [Epoch 146] MSE Loss=26.914222 | PDE Loss=32.998091 | λ_pde=1.272e-13 | LR=2.83e-03
[2026-02-02 17:33:59][INFO] [Epoch 147] MSE Loss=23.054048 | PDE Loss=35.234914 | λ_pde=1.041e-13 | LR=2.77e-03
[2026-02-02 17:36:41][INFO] [Epoch 148] MSE Loss=65.611967 | PDE Loss=30.968141 | λ_pde=8.525e-14 | LR=2.70e-03
[2026-02-02 17:39:20][INFO] [Epoch 149] MSE Loss=31.577340 | PDE Loss=33.635733 | λ_pde=6.980e-14 | LR=2.64e-03
[2026-02-02 17:42:02][INFO] [Epoch 150] MSE Loss=21.533601 | PDE Loss=36.370022 | λ_pde=5.715e-14 | LR=2.57e-03
[2026-02-02 17:44:41][INFO] [Epoch 151] MSE Loss=19.925041 | PDE Loss=36.376352 | λ_pde=4.679e-14 | LR=1.25e-03
[2026-02-02 17:47:25][INFO] [Epoch 152] MSE Loss=20.252554 | PDE Loss=37.942903 | λ_pde=3.831e-14 | LR=2.44e-03
[2026-02-02 17:50:04][INFO] [Epoch 153] MSE Loss=22.085849 | PDE Loss=38.225212 | λ_pde=3.136e-14 | LR=2.37e-03
[2026-02-02 17:52:48][INFO] [Epoch 154] MSE Loss=21.355419 | PDE Loss=38.911953 | λ_pde=2.568e-14 | LR=2.31e-03
[2026-02-02 17:55:33][INFO] [Epoch 155] MSE Loss=19.963474 | PDE Loss=39.786964 | λ_pde=2.102e-14 | LR=2.24e-03
[2026-02-02 17:58:45][INFO] [Epoch 156] MSE Loss=19.621497 | PDE Loss=41.153739 | λ_pde=1.721e-14 | LR=2.18e-03
[2026-02-02 18:01:50][INFO] [Epoch 157] MSE Loss=19.856539 | PDE Loss=41.687006 | λ_pde=1.409e-14 | LR=2.11e-03
[2026-02-02 18:05:01][INFO] [Epoch 158] MSE Loss=29.264931 | PDE Loss=42.413457 | λ_pde=1.154e-14 | LR=2.05e-03
[2026-02-02 18:08:16][INFO] [Epoch 159] MSE Loss=24.383809 | PDE Loss=42.552090 | λ_pde=9.446e-15 | LR=1.99e-03
[2026-02-02 18:11:27][INFO] [Epoch 160] MSE Loss=18.277694 | PDE Loss=44.968764 | λ_pde=7.734e-15 | LR=1.92e-03
[2026-02-02 18:14:39][INFO] [Epoch 161] MSE Loss=21.390388 | PDE Loss=45.374850 | λ_pde=6.332e-15 | LR=1.86e-03
[2026-02-02 18:17:49][INFO] [Epoch 162] MSE Loss=24.589479 | PDE Loss=46.620902 | λ_pde=5.184e-15 | LR=1.80e-03
[2026-02-02 18:20:40][INFO] [Epoch 163] MSE Loss=19.610987 | PDE Loss=47.557956 | λ_pde=4.245e-15 | LR=1.73e-03
[2026-02-02 18:23:21][INFO] [Epoch 164] MSE Loss=17.255634 | PDE Loss=48.186709 | λ_pde=3.475e-15 | LR=1.67e-03
[2026-02-02 18:26:01][INFO] [Epoch 165] MSE Loss=19.276714 | PDE Loss=49.298147 | λ_pde=2.845e-15 | LR=1.61e-03
[2026-02-02 18:28:38][INFO] [Epoch 166] MSE Loss=17.454395 | PDE Loss=49.890949 | λ_pde=2.329e-15 | LR=1.55e-03
[2026-02-02 18:31:17][INFO] [Epoch 167] MSE Loss=16.298395 | PDE Loss=51.786670 | λ_pde=1.907e-15 | LR=1.49e-03
[2026-02-02 18:33:54][INFO] [Epoch 168] MSE Loss=16.016212 | PDE Loss=52.561732 | λ_pde=1.561e-15 | LR=1.43e-03
[2026-02-02 18:36:30][INFO] [Epoch 169] MSE Loss=16.569034 | PDE Loss=54.262461 | λ_pde=1.278e-15 | LR=1.37e-03
[2026-02-02 18:39:09][INFO] [Epoch 170] MSE Loss=15.837470 | PDE Loss=55.303164 | λ_pde=1.047e-15 | LR=1.31e-03
[2026-02-02 18:41:47][INFO] [Epoch 171] MSE Loss=15.622243 | PDE Loss=57.199632 | λ_pde=8.570e-16 | LR=1.26e-03
[2026-02-02 18:44:27][INFO] [Epoch 172] MSE Loss=15.407530 | PDE Loss=58.610162 | λ_pde=7.016e-16 | LR=1.20e-03
[2026-02-02 18:47:07][INFO] [Epoch 173] MSE Loss=16.014291 | PDE Loss=59.735988 | λ_pde=5.744e-16 | LR=1.15e-03
[2026-02-02 18:49:48][INFO] [Epoch 174] MSE Loss=21.455282 | PDE Loss=61.731521 | λ_pde=4.703e-16 | LR=1.09e-03
[2026-02-02 18:52:28][INFO] [Epoch 175] MSE Loss=16.582233 | PDE Loss=62.652735 | λ_pde=3.851e-16 | LR=1.04e-03
[2026-02-02 18:55:08][INFO] [Epoch 176] MSE Loss=15.142042 | PDE Loss=64.096015 | λ_pde=3.153e-16 | LR=9.86e-04
[2026-02-02 18:57:47][INFO] [Epoch 177] MSE Loss=14.720414 | PDE Loss=66.136392 | λ_pde=2.581e-16 | LR=9.35e-04
[2026-02-02 19:00:28][INFO] [Epoch 178] MSE Loss=14.564488 | PDE Loss=67.170672 | λ_pde=2.113e-16 | LR=8.85e-04
[2026-02-02 19:03:07][INFO] [Epoch 179] MSE Loss=14.651150 | PDE Loss=68.753248 | λ_pde=1.730e-16 | LR=8.36e-04
[2026-02-02 19:05:49][INFO] [Epoch 180] MSE Loss=14.514450 | PDE Loss=69.848803 | λ_pde=1.417e-16 | LR=7.88e-04
[2026-02-02 19:08:27][INFO] [Epoch 181] MSE Loss=14.376429 | PDE Loss=71.592264 | λ_pde=1.160e-16 | LR=7.41e-04
[2026-02-02 19:11:03][INFO] [Epoch 182] MSE Loss=14.207718 | PDE Loss=72.382231 | λ_pde=9.495e-17 | LR=6.95e-04
[2026-02-02 19:13:43][INFO] [Epoch 183] MSE Loss=14.402747 | PDE Loss=73.927350 | λ_pde=7.774e-17 | LR=6.51e-04
[2026-02-02 19:16:21][INFO] [Epoch 184] MSE Loss=14.154735 | PDE Loss=75.605749 | λ_pde=6.365e-17 | LR=6.08e-04
[2026-02-02 19:19:05][INFO] [Epoch 185] MSE Loss=13.984990 | PDE Loss=76.727857 | λ_pde=5.211e-17 | LR=5.66e-04
[2026-02-02 19:21:43][INFO] [Epoch 186] MSE Loss=13.840315 | PDE Loss=78.003653 | λ_pde=4.267e-17 | LR=5.26e-04
[2026-02-02 19:24:22][INFO] [Epoch 187] MSE Loss=13.703336 | PDE Loss=78.651927 | λ_pde=3.493e-17 | LR=4.87e-04
[2026-02-02 19:27:00][INFO] [Epoch 188] MSE Loss=13.584732 | PDE Loss=79.972744 | λ_pde=2.860e-17 | LR=4.49e-04
[2026-02-02 19:29:42][INFO] [Epoch 189] MSE Loss=13.701997 | PDE Loss=80.818113 | λ_pde=2.342e-17 | LR=4.13e-04
[2026-02-02 19:32:20][INFO] [Epoch 190] MSE Loss=13.714542 | PDE Loss=82.372923 | λ_pde=1.917e-17 | LR=3.78e-04
[2026-02-02 19:34:59][INFO] [Epoch 191] MSE Loss=13.441137 | PDE Loss=82.545757 | λ_pde=1.570e-17 | LR=3.44e-04
[2026-02-02 19:37:39][INFO] [Epoch 192] MSE Loss=13.406262 | PDE Loss=84.090473 | λ_pde=1.285e-17 | LR=3.12e-04
[2026-02-02 19:40:15][INFO] [Epoch 193] MSE Loss=13.334313 | PDE Loss=84.619354 | λ_pde=1.052e-17 | LR=2.82e-04
[2026-02-02 19:42:57][INFO] [Epoch 194] MSE Loss=13.292117 | PDE Loss=85.121283 | λ_pde=8.614e-18 | LR=2.53e-04
[2026-02-02 19:45:35][INFO] [Epoch 195] MSE Loss=13.219948 | PDE Loss=85.882650 | λ_pde=7.053e-18 | LR=2.26e-04
[2026-02-02 19:48:13][INFO] [Epoch 196] MSE Loss=13.197331 | PDE Loss=86.476026 | λ_pde=5.774e-18 | LR=2.00e-04
[2026-02-02 19:50:53][INFO] [Epoch 197] MSE Loss=13.157099 | PDE Loss=87.328926 | λ_pde=4.727e-18 | LR=1.76e-04
[2026-02-02 19:53:33][INFO] [Epoch 198] MSE Loss=13.158829 | PDE Loss=87.707467 | λ_pde=3.871e-18 | LR=1.53e-04
[2026-02-02 19:56:10][INFO] [Epoch 199] MSE Loss=13.111854 | PDE Loss=88.326551 | λ_pde=3.169e-18 | LR=1.32e-04
[2026-02-02 19:58:47][INFO] [Epoch 200] MSE Loss=13.103269 | PDE Loss=88.700860 | λ_pde=2.594e-18 | LR=1.13e-04
[2026-02-02 20:01:27][INFO] [Epoch 201] MSE Loss=13.022786 | PDE Loss=88.906693 | λ_pde=2.124e-18 | LR=9.50e-05
[2026-02-02 20:04:07][INFO] [Epoch 202] MSE Loss=13.034727 | PDE Loss=89.062213 | λ_pde=1.739e-18 | LR=7.89e-05
[2026-02-02 20:06:45][INFO] [Epoch 203] MSE Loss=13.031386 | PDE Loss=89.740278 | λ_pde=1.424e-18 | LR=6.45e-05
[2026-02-02 20:09:30][INFO] [Epoch 204] MSE Loss=12.990679 | PDE Loss=89.889672 | λ_pde=1.166e-18 | LR=5.18e-05
[2026-02-02 20:12:10][INFO] [Epoch 205] MSE Loss=12.981477 | PDE Loss=89.973899 | λ_pde=9.545e-19 | LR=4.07e-05
[2026-02-02 20:14:45][INFO] [Epoch 206] MSE Loss=12.966250 | PDE Loss=90.080861 | λ_pde=7.814e-19 | LR=3.13e-05
[2026-02-02 20:17:33][INFO] [Epoch 207] MSE Loss=12.962445 | PDE Loss=90.067794 | λ_pde=6.398e-19 | LR=2.37e-05
[2026-02-02 20:20:45][INFO] [Epoch 208] MSE Loss=12.954139 | PDE Loss=90.313911 | λ_pde=5.238e-19 | LR=1.77e-05
[2026-02-02 20:23:55][INFO] [Epoch 209] MSE Loss=12.951648 | PDE Loss=90.260624 | λ_pde=4.289e-19 | LR=1.34e-05
[2026-02-02 20:26:33][INFO] [Epoch 210] MSE Loss=12.947974 | PDE Loss=90.395587 | λ_pde=3.511e-19 | LR=1.09e-05
[2026-02-02 20:26:33][INFO] 训练结束，模型已保存至: /data/sda/zjc/comsol_pinn/checkpoints/M04d1/exp03/M04d1_pinn.pt
[2026-02-02 20:26:33][INFO] ========== 训练结束 ==========
