[2026-01-30 16:17:41][INFO] 日志文件创建于: /data/sda/zjc/comsol_pinn/logs/M04d/exp08/train_20260130_161741_gpu3_pid2779608.log
[2026-01-30 16:17:41][INFO] 进程 PID: 2779608
[2026-01-30 16:17:41][INFO] ========== PINN 训练开始 ==========
[2026-01-30 16:17:41][INFO] 物理项权重 λ_pde = 1.0
[2026-01-30 16:17:41][INFO] 使用设备: cuda
[2026-01-30 16:17:41][INFO] 训练参数: {'lambda_pde': 1.0, 'epochs': 200, 'lr': 0.005, 'batch_cases': 1, 'lr_scheduler': 'hybrid', 'cosine_tmax': 150, 'cosine_eta_min': 1e-05, 'plateau_factor': 0.5, 'plateau_patience': 6, 'plateau_min_lr': 1e-05, 'use_pde_anneal': True, 'pde_anneal_gamma': 1.0, 'pde_lambda_min': 0.0, 'use_soft_mask': False, 'mask_alpha': 40.0, 'mask_temp_ratio': 0.7, 'points_per_case': 320000, 'device': 'cuda', 'num_workers': 8, 'log_dir': 'logs/M04d/exp08', 'ckpt_dir': 'checkpoints/M04d/exp08'}
[2026-01-30 16:17:41][INFO] 数据集大小: 141 cases
[2026-01-30 16:17:41][INFO] 每 case 采样点数: 320000
[2026-01-30 16:17:42][INFO] 模型结构:
SimplePINN(
  (net): Sequential(
    (0): Linear(in_features=7, out_features=128, bias=True)
    (1): SiLU()
    (2): Linear(in_features=128, out_features=128, bias=True)
    (3): SiLU()
    (4): Linear(in_features=128, out_features=1, bias=True)
  )
)
[2026-01-30 16:17:42][INFO] 优化器: AdamW, 初始 lr=0.005, 学习率调度器: hybrid
[2026-01-30 16:20:25][INFO] [Epoch 001] MSE Loss=20580.353553 | PDE Loss=13.486311 | λ_pde=1.000e+00 | LR=5.00e-03
[2026-01-30 16:23:07][INFO] [Epoch 002] MSE Loss=976.761578 | PDE Loss=5.559083 | λ_pde=3.679e-01 | LR=5.00e-03
[2026-01-30 16:25:48][INFO] [Epoch 003] MSE Loss=845.279525 | PDE Loss=4.193337 | λ_pde=1.353e-01 | LR=5.00e-03
[2026-01-30 16:28:29][INFO] [Epoch 004] MSE Loss=813.835255 | PDE Loss=6.373434 | λ_pde=4.979e-02 | LR=5.00e-03
[2026-01-30 16:31:11][INFO] [Epoch 005] MSE Loss=803.005839 | PDE Loss=27.900122 | λ_pde=1.832e-02 | LR=4.99e-03
[2026-01-30 16:33:51][INFO] [Epoch 006] MSE Loss=787.925392 | PDE Loss=64.044861 | λ_pde=6.738e-03 | LR=4.99e-03
[2026-01-30 16:36:30][INFO] [Epoch 007] MSE Loss=786.543589 | PDE Loss=94.602870 | λ_pde=2.479e-03 | LR=4.98e-03
[2026-01-30 16:39:11][INFO] [Epoch 008] MSE Loss=772.191199 | PDE Loss=127.689630 | λ_pde=9.119e-04 | LR=4.97e-03
[2026-01-30 16:41:54][INFO] [Epoch 009] MSE Loss=780.318885 | PDE Loss=135.055565 | λ_pde=3.355e-04 | LR=4.97e-03
[2026-01-30 16:44:32][INFO] [Epoch 010] MSE Loss=850.915109 | PDE Loss=120.608322 | λ_pde=1.234e-04 | LR=4.96e-03
[2026-01-30 16:47:17][INFO] [Epoch 011] MSE Loss=771.409694 | PDE Loss=134.092559 | λ_pde=4.540e-05 | LR=4.95e-03
[2026-01-30 16:49:58][INFO] [Epoch 012] MSE Loss=749.322621 | PDE Loss=141.379736 | λ_pde=1.670e-05 | LR=4.93e-03
[2026-01-30 16:52:41][INFO] [Epoch 013] MSE Loss=718.946837 | PDE Loss=155.995786 | λ_pde=6.144e-06 | LR=4.92e-03
[2026-01-30 16:55:20][INFO] [Epoch 014] MSE Loss=784.700995 | PDE Loss=166.847132 | λ_pde=2.260e-06 | LR=4.91e-03
[2026-01-30 16:58:01][INFO] [Epoch 015] MSE Loss=744.265935 | PDE Loss=219.686060 | λ_pde=8.315e-07 | LR=4.89e-03
[2026-01-30 17:00:42][INFO] [Epoch 016] MSE Loss=730.523414 | PDE Loss=319.719438 | λ_pde=3.059e-07 | LR=4.88e-03
[2026-01-30 17:03:26][INFO] [Epoch 017] MSE Loss=697.608847 | PDE Loss=571.890825 | λ_pde=1.125e-07 | LR=4.86e-03
[2026-01-30 17:06:07][INFO] [Epoch 018] MSE Loss=676.811658 | PDE Loss=887.132221 | λ_pde=4.140e-08 | LR=4.84e-03
[2026-01-30 17:08:50][INFO] [Epoch 019] MSE Loss=687.002994 | PDE Loss=1147.685444 | λ_pde=1.523e-08 | LR=4.82e-03
[2026-01-30 17:11:27][INFO] [Epoch 020] MSE Loss=683.828878 | PDE Loss=1474.987039 | λ_pde=5.603e-09 | LR=4.81e-03
[2026-01-30 17:14:10][INFO] [Epoch 021] MSE Loss=664.950648 | PDE Loss=1719.753724 | λ_pde=2.061e-09 | LR=4.78e-03
[2026-01-30 17:16:51][INFO] [Epoch 022] MSE Loss=653.936720 | PDE Loss=1624.022812 | λ_pde=7.583e-10 | LR=4.76e-03
[2026-01-30 17:19:32][INFO] [Epoch 023] MSE Loss=676.730414 | PDE Loss=1602.563221 | λ_pde=2.789e-10 | LR=4.74e-03
[2026-01-30 17:22:10][INFO] [Epoch 024] MSE Loss=629.237347 | PDE Loss=1758.045583 | λ_pde=1.026e-10 | LR=4.72e-03
[2026-01-30 17:24:52][INFO] [Epoch 025] MSE Loss=605.120275 | PDE Loss=2201.009383 | λ_pde=3.775e-11 | LR=4.69e-03
[2026-01-30 17:27:33][INFO] [Epoch 026] MSE Loss=687.620797 | PDE Loss=2403.162940 | λ_pde=1.389e-11 | LR=4.67e-03
[2026-01-30 17:30:11][INFO] [Epoch 027] MSE Loss=614.939868 | PDE Loss=2581.762178 | λ_pde=5.109e-12 | LR=4.64e-03
[2026-01-30 17:32:51][INFO] [Epoch 028] MSE Loss=591.128386 | PDE Loss=2739.825862 | λ_pde=1.880e-12 | LR=4.61e-03
[2026-01-30 17:35:34][INFO] [Epoch 029] MSE Loss=618.305171 | PDE Loss=3094.273245 | λ_pde=6.914e-13 | LR=4.58e-03
[2026-01-30 17:38:15][INFO] [Epoch 030] MSE Loss=650.591517 | PDE Loss=3397.477944 | λ_pde=2.544e-13 | LR=4.55e-03
[2026-01-30 17:41:01][INFO] [Epoch 031] MSE Loss=617.472617 | PDE Loss=3196.298324 | λ_pde=9.358e-14 | LR=4.52e-03
[2026-01-30 17:44:29][INFO] [Epoch 032] MSE Loss=687.146107 | PDE Loss=3435.261504 | λ_pde=3.442e-14 | LR=4.49e-03
[2026-01-30 17:47:55][INFO] [Epoch 033] MSE Loss=614.079724 | PDE Loss=3558.872340 | λ_pde=1.266e-14 | LR=4.46e-03
[2026-01-30 17:51:25][INFO] [Epoch 034] MSE Loss=630.263610 | PDE Loss=3704.954723 | λ_pde=4.659e-15 | LR=4.43e-03
[2026-01-30 17:54:57][INFO] [Epoch 035] MSE Loss=643.656881 | PDE Loss=3886.945318 | λ_pde=1.714e-15 | LR=4.39e-03
[2026-01-30 17:58:27][INFO] [Epoch 036] MSE Loss=597.254229 | PDE Loss=3930.695827 | λ_pde=6.305e-16 | LR=2.18e-03
[2026-01-30 18:01:59][INFO] [Epoch 037] MSE Loss=555.650342 | PDE Loss=4069.002299 | λ_pde=2.320e-16 | LR=2.16e-03
[2026-01-30 18:05:25][INFO] [Epoch 038] MSE Loss=541.981503 | PDE Loss=4264.225202 | λ_pde=8.533e-17 | LR=2.14e-03
[2026-01-30 18:08:55][INFO] [Epoch 039] MSE Loss=574.252371 | PDE Loss=4394.578289 | λ_pde=3.139e-17 | LR=2.13e-03
[2026-01-30 18:12:27][INFO] [Epoch 040] MSE Loss=573.914559 | PDE Loss=4492.065525 | λ_pde=1.155e-17 | LR=2.11e-03
[2026-01-30 18:15:55][INFO] [Epoch 041] MSE Loss=571.316758 | PDE Loss=4632.819641 | λ_pde=4.248e-18 | LR=2.09e-03
[2026-01-30 18:19:23][INFO] [Epoch 042] MSE Loss=564.961460 | PDE Loss=4851.226656 | λ_pde=1.563e-18 | LR=2.07e-03
[2026-01-30 18:22:55][INFO] [Epoch 043] MSE Loss=570.017540 | PDE Loss=4968.673918 | λ_pde=5.750e-19 | LR=2.05e-03
[2026-01-30 18:26:27][INFO] [Epoch 044] MSE Loss=562.618728 | PDE Loss=5093.634302 | λ_pde=2.115e-19 | LR=2.03e-03
[2026-01-30 18:29:56][INFO] [Epoch 045] MSE Loss=553.986643 | PDE Loss=5380.908702 | λ_pde=7.781e-20 | LR=2.01e-03
[2026-01-30 18:33:24][INFO] [Epoch 046] MSE Loss=534.297295 | PDE Loss=5493.920756 | λ_pde=2.863e-20 | LR=9.93e-04
[2026-01-30 18:36:51][INFO] [Epoch 047] MSE Loss=532.305110 | PDE Loss=5570.062140 | λ_pde=1.053e-20 | LR=9.83e-04
[2026-01-30 18:40:22][INFO] [Epoch 048] MSE Loss=531.623503 | PDE Loss=5720.055661 | λ_pde=3.874e-21 | LR=9.72e-04
[2026-01-30 18:43:50][INFO] [Epoch 049] MSE Loss=541.001961 | PDE Loss=5803.162861 | λ_pde=1.425e-21 | LR=9.61e-04
[2026-01-30 18:47:19][INFO] [Epoch 050] MSE Loss=529.715556 | PDE Loss=5919.421882 | λ_pde=5.243e-22 | LR=9.50e-04
[2026-01-30 18:50:49][INFO] [Epoch 051] MSE Loss=526.782472 | PDE Loss=6113.521349 | λ_pde=1.929e-22 | LR=9.39e-04
[2026-01-30 18:54:22][INFO] [Epoch 052] MSE Loss=528.594309 | PDE Loss=6207.886705 | λ_pde=7.095e-23 | LR=9.27e-04
[2026-01-30 18:57:50][INFO] [Epoch 053] MSE Loss=531.744480 | PDE Loss=6411.484205 | λ_pde=2.610e-23 | LR=9.16e-04
[2026-01-30 19:01:16][INFO] [Epoch 054] MSE Loss=535.573722 | PDE Loss=6597.070063 | λ_pde=9.603e-24 | LR=9.04e-04
[2026-01-30 19:04:44][INFO] [Epoch 055] MSE Loss=538.020032 | PDE Loss=6708.205580 | λ_pde=3.533e-24 | LR=8.93e-04
[2026-01-30 19:08:15][INFO] [Epoch 056] MSE Loss=522.877432 | PDE Loss=6960.558064 | λ_pde=1.300e-24 | LR=8.81e-04
[2026-01-30 19:11:46][INFO] [Epoch 057] MSE Loss=517.526106 | PDE Loss=7161.723827 | λ_pde=4.781e-25 | LR=8.69e-04
[2026-01-30 19:15:14][INFO] [Epoch 058] MSE Loss=526.870567 | PDE Loss=7406.488894 | λ_pde=1.759e-25 | LR=8.57e-04
[2026-01-30 19:18:44][INFO] [Epoch 059] MSE Loss=516.809644 | PDE Loss=7623.324652 | λ_pde=6.470e-26 | LR=8.45e-04
[2026-01-30 19:22:14][INFO] [Epoch 060] MSE Loss=530.956398 | PDE Loss=7864.830438 | λ_pde=2.380e-26 | LR=8.33e-04
[2026-01-30 19:25:44][INFO] [Epoch 061] MSE Loss=501.817624 | PDE Loss=8227.296453 | λ_pde=8.757e-27 | LR=8.20e-04
[2026-01-30 19:29:10][INFO] [Epoch 062] MSE Loss=543.110349 | PDE Loss=8371.884492 | λ_pde=3.221e-27 | LR=8.08e-04
[2026-01-30 19:32:39][INFO] [Epoch 063] MSE Loss=520.787240 | PDE Loss=8717.145404 | λ_pde=1.185e-27 | LR=7.96e-04
[2026-01-30 19:36:10][INFO] [Epoch 064] MSE Loss=519.315722 | PDE Loss=9032.265632 | λ_pde=4.360e-28 | LR=7.83e-04
[2026-01-30 19:39:39][INFO] [Epoch 065] MSE Loss=510.563857 | PDE Loss=9424.770930 | λ_pde=1.604e-28 | LR=7.71e-04
[2026-01-30 19:43:10][INFO] [Epoch 066] MSE Loss=510.591444 | PDE Loss=9787.850364 | λ_pde=5.900e-29 | LR=7.58e-04
[2026-01-30 19:46:38][INFO] [Epoch 067] MSE Loss=526.891359 | PDE Loss=10215.007286 | λ_pde=2.171e-29 | LR=7.45e-04
[2026-01-30 19:50:08][INFO] [Epoch 068] MSE Loss=508.052639 | PDE Loss=10499.697834 | λ_pde=7.985e-30 | LR=7.32e-04
[2026-01-30 19:53:37][INFO] [Epoch 069] MSE Loss=504.269155 | PDE Loss=10873.962918 | λ_pde=2.937e-30 | LR=3.60e-04
[2026-01-30 19:57:14][INFO] [Epoch 070] MSE Loss=503.467200 | PDE Loss=11136.482311 | λ_pde=1.081e-30 | LR=3.53e-04
[2026-01-30 20:00:43][INFO] [Epoch 071] MSE Loss=508.220315 | PDE Loss=11257.634212 | λ_pde=3.975e-31 | LR=3.47e-04
[2026-01-30 20:04:12][INFO] [Epoch 072] MSE Loss=495.545515 | PDE Loss=11466.175670 | λ_pde=1.462e-31 | LR=3.41e-04
[2026-01-30 20:07:42][INFO] [Epoch 073] MSE Loss=500.427199 | PDE Loss=11725.808698 | λ_pde=5.380e-32 | LR=3.34e-04
[2026-01-30 20:11:13][INFO] [Epoch 074] MSE Loss=498.519798 | PDE Loss=11936.032566 | λ_pde=1.979e-32 | LR=3.28e-04
[2026-01-30 20:14:43][INFO] [Epoch 075] MSE Loss=496.140649 | PDE Loss=12180.434169 | λ_pde=7.281e-33 | LR=3.22e-04
[2026-01-30 20:18:15][INFO] [Epoch 076] MSE Loss=499.518827 | PDE Loss=12381.959649 | λ_pde=2.679e-33 | LR=3.15e-04
[2026-01-30 20:21:47][INFO] [Epoch 077] MSE Loss=503.461911 | PDE Loss=12601.879412 | λ_pde=9.854e-34 | LR=3.09e-04
[2026-01-30 20:25:12][INFO] [Epoch 078] MSE Loss=495.420857 | PDE Loss=12822.524802 | λ_pde=3.625e-34 | LR=3.02e-04
[2026-01-30 20:28:40][INFO] [Epoch 079] MSE Loss=495.716839 | PDE Loss=13074.212413 | λ_pde=1.334e-34 | LR=2.96e-04
[2026-01-30 20:32:10][INFO] [Epoch 080] MSE Loss=495.680956 | PDE Loss=13253.093611 | λ_pde=4.906e-35 | LR=2.90e-04
[2026-01-30 20:35:39][INFO] [Epoch 081] MSE Loss=497.764846 | PDE Loss=13467.507064 | λ_pde=1.805e-35 | LR=2.83e-04
[2026-01-30 20:39:06][INFO] [Epoch 082] MSE Loss=483.223870 | PDE Loss=13676.957904 | λ_pde=6.640e-36 | LR=2.77e-04
[2026-01-30 20:42:36][INFO] [Epoch 083] MSE Loss=493.660599 | PDE Loss=13782.477130 | λ_pde=2.443e-36 | LR=2.71e-04
[2026-01-30 20:46:08][INFO] [Epoch 084] MSE Loss=489.615924 | PDE Loss=14066.704704 | λ_pde=8.986e-37 | LR=2.64e-04
[2026-01-30 20:49:37][INFO] [Epoch 085] MSE Loss=488.560424 | PDE Loss=14263.698263 | λ_pde=3.306e-37 | LR=2.58e-04
[2026-01-30 20:53:03][INFO] [Epoch 086] MSE Loss=489.803951 | PDE Loss=14480.410558 | λ_pde=1.216e-37 | LR=2.52e-04
[2026-01-30 20:56:29][INFO] [Epoch 087] MSE Loss=492.452007 | PDE Loss=14669.221202 | λ_pde=4.474e-38 | LR=2.46e-04
[2026-01-30 20:59:58][INFO] [Epoch 088] MSE Loss=486.067471 | PDE Loss=14911.579025 | λ_pde=1.646e-38 | LR=2.39e-04
[2026-01-30 21:03:29][INFO] [Epoch 089] MSE Loss=492.809181 | PDE Loss=15061.899324 | λ_pde=6.055e-39 | LR=2.33e-04
[2026-01-30 21:07:01][INFO] [Epoch 090] MSE Loss=484.952822 | PDE Loss=15221.125776 | λ_pde=2.227e-39 | LR=1.14e-04
[2026-01-30 21:10:30][INFO] [Epoch 091] MSE Loss=483.645193 | PDE Loss=15273.455244 | λ_pde=8.194e-40 | LR=1.11e-04
[2026-01-30 21:14:00][INFO] [Epoch 092] MSE Loss=489.182405 | PDE Loss=15384.062652 | λ_pde=3.014e-40 | LR=1.08e-04
[2026-01-30 21:17:32][INFO] [Epoch 093] MSE Loss=483.644448 | PDE Loss=15487.015071 | λ_pde=1.109e-40 | LR=1.05e-04
[2026-01-30 21:21:02][INFO] [Epoch 094] MSE Loss=485.983717 | PDE Loss=15594.127064 | λ_pde=4.080e-41 | LR=1.02e-04
[2026-01-30 21:24:32][INFO] [Epoch 095] MSE Loss=484.059027 | PDE Loss=15682.757425 | λ_pde=1.501e-41 | LR=9.92e-05
[2026-01-30 21:28:03][INFO] [Epoch 096] MSE Loss=484.995244 | PDE Loss=15731.269517 | λ_pde=5.521e-42 | LR=9.64e-05
[2026-01-30 21:31:34][INFO] [Epoch 097] MSE Loss=481.805446 | PDE Loss=15846.269753 | λ_pde=2.031e-42 | LR=4.68e-05
[2026-01-30 21:35:07][INFO] [Epoch 098] MSE Loss=483.836733 | PDE Loss=15843.659519 | λ_pde=7.472e-43 | LR=4.56e-05
[2026-01-30 21:38:37][INFO] [Epoch 099] MSE Loss=483.989179 | PDE Loss=15916.327391 | λ_pde=2.749e-43 | LR=4.44e-05
[2026-01-30 21:42:04][INFO] [Epoch 100] MSE Loss=482.719892 | PDE Loss=15940.828693 | λ_pde=1.011e-43 | LR=4.32e-05
[2026-01-30 21:45:35][INFO] [Epoch 101] MSE Loss=481.852524 | PDE Loss=15958.520390 | λ_pde=3.720e-44 | LR=4.20e-05
[2026-01-30 21:49:06][INFO] [Epoch 102] MSE Loss=481.501932 | PDE Loss=16053.348778 | λ_pde=1.369e-44 | LR=4.09e-05
[2026-01-30 21:52:39][INFO] [Epoch 103] MSE Loss=481.953068 | PDE Loss=16047.976673 | λ_pde=5.035e-45 | LR=3.97e-05
[2026-01-30 21:56:06][INFO] [Epoch 104] MSE Loss=481.048919 | PDE Loss=16120.805685 | λ_pde=1.852e-45 | LR=3.86e-05
[2026-01-30 21:59:37][INFO] [Epoch 105] MSE Loss=481.427332 | PDE Loss=16116.332073 | λ_pde=6.814e-46 | LR=3.75e-05
[2026-01-30 22:03:10][INFO] [Epoch 106] MSE Loss=481.086715 | PDE Loss=16175.119667 | λ_pde=2.507e-46 | LR=3.64e-05
[2026-01-30 22:06:38][INFO] [Epoch 107] MSE Loss=481.408701 | PDE Loss=16198.930117 | λ_pde=9.221e-47 | LR=3.53e-05
[2026-01-30 22:10:09][INFO] [Epoch 108] MSE Loss=481.614812 | PDE Loss=16240.098917 | λ_pde=3.392e-47 | LR=3.43e-05
[2026-01-30 22:13:41][INFO] [Epoch 109] MSE Loss=481.051073 | PDE Loss=16264.299978 | λ_pde=1.248e-47 | LR=3.32e-05
[2026-01-30 22:17:11][INFO] [Epoch 110] MSE Loss=481.978588 | PDE Loss=16294.968265 | λ_pde=4.591e-48 | LR=3.22e-05
[2026-01-30 22:20:38][INFO] [Epoch 111] MSE Loss=481.572625 | PDE Loss=16340.289326 | λ_pde=1.689e-48 | LR=3.12e-05
[2026-01-30 22:24:07][INFO] [Epoch 112] MSE Loss=480.446365 | PDE Loss=16351.918523 | λ_pde=6.213e-49 | LR=1.51e-05
[2026-01-30 22:27:39][INFO] [Epoch 113] MSE Loss=480.657146 | PDE Loss=16349.109403 | λ_pde=2.286e-49 | LR=1.49e-05
[2026-01-30 22:31:09][INFO] [Epoch 114] MSE Loss=480.230857 | PDE Loss=16373.505984 | λ_pde=8.409e-50 | LR=1.46e-05
[2026-01-30 22:34:42][INFO] [Epoch 115] MSE Loss=480.143143 | PDE Loss=16420.359167 | λ_pde=3.093e-50 | LR=1.44e-05
[2026-01-30 22:38:12][INFO] [Epoch 116] MSE Loss=479.962031 | PDE Loss=16425.778161 | λ_pde=1.138e-50 | LR=1.42e-05
[2026-01-30 22:41:42][INFO] [Epoch 117] MSE Loss=480.181984 | PDE Loss=16418.942404 | λ_pde=4.186e-51 | LR=1.39e-05
[2026-01-30 22:45:13][INFO] [Epoch 118] MSE Loss=479.957400 | PDE Loss=16435.423551 | λ_pde=1.540e-51 | LR=1.37e-05
[2026-01-30 22:48:44][INFO] [Epoch 119] MSE Loss=479.951343 | PDE Loss=16454.187043 | λ_pde=5.666e-52 | LR=1.35e-05
[2026-01-30 22:52:11][INFO] [Epoch 120] MSE Loss=479.815748 | PDE Loss=16471.271734 | λ_pde=2.084e-52 | LR=1.33e-05
[2026-01-30 22:55:42][INFO] [Epoch 121] MSE Loss=480.087174 | PDE Loss=16485.209926 | λ_pde=7.668e-53 | LR=1.31e-05
[2026-01-30 22:59:14][INFO] [Epoch 122] MSE Loss=480.048662 | PDE Loss=16482.393603 | λ_pde=2.821e-53 | LR=1.29e-05
[2026-01-30 23:02:44][INFO] [Epoch 123] MSE Loss=479.703896 | PDE Loss=16510.726562 | λ_pde=1.038e-53 | LR=1.27e-05
[2026-01-30 23:06:16][INFO] [Epoch 124] MSE Loss=479.615883 | PDE Loss=16519.503200 | λ_pde=3.817e-54 | LR=1.25e-05
[2026-01-30 23:09:46][INFO] [Epoch 125] MSE Loss=480.059555 | PDE Loss=16527.789464 | λ_pde=1.404e-54 | LR=1.23e-05
[2026-01-30 23:13:15][INFO] [Epoch 126] MSE Loss=479.996593 | PDE Loss=16535.703111 | λ_pde=5.166e-55 | LR=1.22e-05
[2026-01-30 23:16:48][INFO] [Epoch 127] MSE Loss=479.524266 | PDE Loss=16551.084275 | λ_pde=1.901e-55 | LR=1.20e-05
[2026-01-30 23:20:17][INFO] [Epoch 128] MSE Loss=479.749482 | PDE Loss=16582.076297 | λ_pde=6.992e-56 | LR=1.18e-05
[2026-01-30 23:23:49][INFO] [Epoch 129] MSE Loss=479.905990 | PDE Loss=16564.093556 | λ_pde=2.572e-56 | LR=1.17e-05
[2026-01-30 23:27:18][INFO] [Epoch 130] MSE Loss=479.705546 | PDE Loss=16573.233087 | λ_pde=9.463e-57 | LR=1.15e-05
[2026-01-30 23:30:49][INFO] [Epoch 131] MSE Loss=479.603183 | PDE Loss=16593.487658 | λ_pde=3.481e-57 | LR=1.14e-05
[2026-01-30 23:34:17][INFO] [Epoch 132] MSE Loss=479.325937 | PDE Loss=16598.629710 | λ_pde=1.281e-57 | LR=1.13e-05
[2026-01-30 23:37:49][INFO] [Epoch 133] MSE Loss=479.497360 | PDE Loss=16623.668287 | λ_pde=4.711e-58 | LR=1.11e-05
[2026-01-30 23:41:17][INFO] [Epoch 134] MSE Loss=479.712726 | PDE Loss=16604.068262 | λ_pde=1.733e-58 | LR=1.10e-05
[2026-01-30 23:44:51][INFO] [Epoch 135] MSE Loss=479.485528 | PDE Loss=16633.707364 | λ_pde=6.376e-59 | LR=1.09e-05
[2026-01-30 23:48:21][INFO] [Epoch 136] MSE Loss=479.578759 | PDE Loss=16642.305228 | λ_pde=2.346e-59 | LR=1.08e-05
[2026-01-30 23:51:48][INFO] [Epoch 137] MSE Loss=479.365375 | PDE Loss=16661.144614 | λ_pde=8.629e-60 | LR=1.07e-05
[2026-01-30 23:55:18][INFO] [Epoch 138] MSE Loss=479.482711 | PDE Loss=16674.299978 | λ_pde=3.174e-60 | LR=1.06e-05
[2026-01-30 23:58:47][INFO] [Epoch 139] MSE Loss=479.381519 | PDE Loss=16681.591755 | λ_pde=1.168e-60 | LR=1.05e-05
[2026-01-31 00:02:16][INFO] [Epoch 140] MSE Loss=479.398915 | PDE Loss=16665.629557 | λ_pde=4.296e-61 | LR=1.00e-05
[2026-01-31 00:05:42][INFO] [Epoch 141] MSE Loss=479.365374 | PDE Loss=16703.865816 | λ_pde=1.580e-61 | LR=1.00e-05
[2026-01-31 00:09:12][INFO] [Epoch 142] MSE Loss=479.666849 | PDE Loss=16726.650765 | λ_pde=5.814e-62 | LR=1.00e-05
[2026-01-31 00:12:42][INFO] [Epoch 143] MSE Loss=479.450898 | PDE Loss=16699.507591 | λ_pde=2.139e-62 | LR=1.00e-05
[2026-01-31 00:16:09][INFO] [Epoch 144] MSE Loss=479.657608 | PDE Loss=16732.399546 | λ_pde=7.868e-63 | LR=1.00e-05
[2026-01-31 00:19:35][INFO] [Epoch 145] MSE Loss=479.687264 | PDE Loss=16732.951130 | λ_pde=2.895e-63 | LR=1.00e-05
[2026-01-31 00:23:06][INFO] [Epoch 146] MSE Loss=479.169559 | PDE Loss=16753.997036 | λ_pde=1.065e-63 | LR=1.00e-05
[2026-01-31 00:26:36][INFO] [Epoch 147] MSE Loss=479.702852 | PDE Loss=16757.690824 | λ_pde=3.917e-64 | LR=1.00e-05
[2026-01-31 00:30:05][INFO] [Epoch 148] MSE Loss=479.071228 | PDE Loss=16742.728017 | λ_pde=1.441e-64 | LR=1.00e-05
[2026-01-31 00:33:33][INFO] [Epoch 149] MSE Loss=479.164299 | PDE Loss=16771.072764 | λ_pde=5.302e-65 | LR=1.00e-05
[2026-01-31 00:37:05][INFO] [Epoch 150] MSE Loss=479.081575 | PDE Loss=16782.069869 | λ_pde=1.950e-65 | LR=1.00e-05
[2026-01-31 00:40:35][INFO] [Epoch 151] MSE Loss=479.199288 | PDE Loss=16785.614403 | λ_pde=7.175e-66 | LR=1.00e-05
[2026-01-31 00:44:05][INFO] [Epoch 152] MSE Loss=479.394395 | PDE Loss=16813.495692 | λ_pde=2.640e-66 | LR=1.05e-05
[2026-01-31 00:47:35][INFO] [Epoch 153] MSE Loss=479.246585 | PDE Loss=16799.362533 | λ_pde=9.710e-67 | LR=1.22e-05
[2026-01-31 00:51:06][INFO] [Epoch 154] MSE Loss=479.214457 | PDE Loss=16808.867880 | λ_pde=3.572e-67 | LR=1.49e-05
[2026-01-31 00:54:33][INFO] [Epoch 155] MSE Loss=479.086050 | PDE Loss=16859.659976 | λ_pde=1.314e-67 | LR=1.88e-05
[2026-01-31 00:58:00][INFO] [Epoch 156] MSE Loss=479.425500 | PDE Loss=16877.854264 | λ_pde=4.835e-68 | LR=1.18e-05
[2026-01-31 01:01:31][INFO] [Epoch 157] MSE Loss=479.295260 | PDE Loss=16869.908189 | λ_pde=1.779e-68 | LR=1.26e-05
[2026-01-31 01:05:01][INFO] [Epoch 158] MSE Loss=479.212061 | PDE Loss=16898.622091 | λ_pde=6.543e-69 | LR=1.36e-05
[2026-01-31 01:08:31][INFO] [Epoch 159] MSE Loss=479.010616 | PDE Loss=16888.759447 | λ_pde=2.407e-69 | LR=1.47e-05
[2026-01-31 01:12:00][INFO] [Epoch 160] MSE Loss=478.889042 | PDE Loss=16904.064522 | λ_pde=8.855e-70 | LR=1.59e-05
[2026-01-31 01:15:33][INFO] [Epoch 161] MSE Loss=478.878424 | PDE Loss=16932.139683 | λ_pde=3.257e-70 | LR=1.73e-05
[2026-01-31 01:19:04][INFO] [Epoch 162] MSE Loss=479.270438 | PDE Loss=16926.540185 | λ_pde=1.198e-70 | LR=1.88e-05
[2026-01-31 01:22:30][INFO] [Epoch 163] MSE Loss=479.123006 | PDE Loss=16977.579136 | λ_pde=4.409e-71 | LR=2.05e-05
[2026-01-31 01:25:59][INFO] [Epoch 164] MSE Loss=479.120378 | PDE Loss=16997.831269 | λ_pde=1.622e-71 | LR=2.23e-05
[2026-01-31 01:29:28][INFO] [Epoch 165] MSE Loss=479.161724 | PDE Loss=16988.350704 | λ_pde=5.966e-72 | LR=2.43e-05
[2026-01-31 01:32:51][INFO] [Epoch 166] MSE Loss=479.193320 | PDE Loss=17027.561406 | λ_pde=2.195e-72 | LR=2.64e-05
[2026-01-31 01:36:19][INFO] [Epoch 167] MSE Loss=479.043070 | PDE Loss=17072.492645 | λ_pde=8.075e-73 | LR=2.86e-05
[2026-01-31 01:39:48][INFO] [Epoch 168] MSE Loss=478.763574 | PDE Loss=17076.500457 | λ_pde=2.970e-73 | LR=1.55e-05
[2026-01-31 01:43:21][INFO] [Epoch 169] MSE Loss=478.732214 | PDE Loss=17098.428385 | λ_pde=1.093e-73 | LR=1.62e-05
[2026-01-31 01:46:56][INFO] [Epoch 170] MSE Loss=478.879578 | PDE Loss=17120.330494 | λ_pde=4.020e-74 | LR=1.68e-05
[2026-01-31 01:50:23][INFO] [Epoch 171] MSE Loss=478.714185 | PDE Loss=17131.965744 | λ_pde=1.479e-74 | LR=1.76e-05
[2026-01-31 01:53:53][INFO] [Epoch 172] MSE Loss=479.346162 | PDE Loss=17149.562265 | λ_pde=5.441e-75 | LR=1.83e-05
[2026-01-31 01:57:22][INFO] [Epoch 173] MSE Loss=479.187771 | PDE Loss=17151.627770 | λ_pde=2.001e-75 | LR=1.91e-05
[2026-01-31 02:00:51][INFO] [Epoch 174] MSE Loss=478.961884 | PDE Loss=17191.297568 | λ_pde=7.363e-76 | LR=2.00e-05
[2026-01-31 02:04:21][INFO] [Epoch 175] MSE Loss=478.782106 | PDE Loss=17196.485483 | λ_pde=2.709e-76 | LR=2.08e-05
[2026-01-31 02:07:50][INFO] [Epoch 176] MSE Loss=478.560333 | PDE Loss=17259.451463 | λ_pde=9.965e-77 | LR=2.17e-05
[2026-01-31 02:11:17][INFO] [Epoch 177] MSE Loss=480.281288 | PDE Loss=17240.790752 | λ_pde=3.666e-77 | LR=2.27e-05
[2026-01-31 02:14:46][INFO] [Epoch 178] MSE Loss=478.716450 | PDE Loss=17253.740484 | λ_pde=1.349e-77 | LR=2.36e-05
[2026-01-31 02:18:14][INFO] [Epoch 179] MSE Loss=478.896261 | PDE Loss=17305.343321 | λ_pde=4.961e-78 | LR=2.46e-05
[2026-01-31 02:21:46][INFO] [Epoch 180] MSE Loss=478.915189 | PDE Loss=17311.978529 | λ_pde=1.825e-78 | LR=2.57e-05
[2026-01-31 02:25:16][INFO] [Epoch 181] MSE Loss=479.706232 | PDE Loss=17344.009558 | λ_pde=6.714e-79 | LR=2.67e-05
[2026-01-31 02:28:46][INFO] [Epoch 182] MSE Loss=479.188661 | PDE Loss=17401.494833 | λ_pde=2.470e-79 | LR=2.78e-05
[2026-01-31 02:32:16][INFO] [Epoch 183] MSE Loss=478.511220 | PDE Loss=17413.833707 | λ_pde=9.087e-80 | LR=2.90e-05
[2026-01-31 02:35:47][INFO] [Epoch 184] MSE Loss=478.971687 | PDE Loss=17398.876247 | λ_pde=3.343e-80 | LR=3.01e-05
[2026-01-31 02:39:17][INFO] [Epoch 185] MSE Loss=478.405793 | PDE Loss=17474.712420 | λ_pde=1.230e-80 | LR=3.13e-05
[2026-01-31 02:42:47][INFO] [Epoch 186] MSE Loss=478.690401 | PDE Loss=17483.408189 | λ_pde=4.524e-81 | LR=3.25e-05
[2026-01-31 02:46:13][INFO] [Epoch 187] MSE Loss=478.856181 | PDE Loss=17577.833901 | λ_pde=1.664e-81 | LR=3.38e-05
[2026-01-31 02:49:41][INFO] [Epoch 188] MSE Loss=479.274425 | PDE Loss=17555.462004 | λ_pde=6.123e-82 | LR=3.50e-05
[2026-01-31 02:53:11][INFO] [Epoch 189] MSE Loss=479.385883 | PDE Loss=17616.603225 | λ_pde=2.252e-82 | LR=3.63e-05
[2026-01-31 02:56:43][INFO] [Epoch 190] MSE Loss=479.129301 | PDE Loss=17617.725163 | λ_pde=8.286e-83 | LR=3.77e-05
[2026-01-31 03:00:14][INFO] [Epoch 191] MSE Loss=478.929998 | PDE Loss=17655.897080 | λ_pde=3.048e-83 | LR=3.90e-05
[2026-01-31 03:03:48][INFO] [Epoch 192] MSE Loss=479.072215 | PDE Loss=17722.545504 | λ_pde=1.121e-83 | LR=4.04e-05
[2026-01-31 03:07:18][INFO] [Epoch 193] MSE Loss=477.551746 | PDE Loss=17721.061226 | λ_pde=4.125e-84 | LR=2.09e-05
[2026-01-31 03:10:50][INFO] [Epoch 194] MSE Loss=477.889999 | PDE Loss=17756.857283 | λ_pde=1.518e-84 | LR=2.14e-05
[2026-01-31 03:14:21][INFO] [Epoch 195] MSE Loss=477.840036 | PDE Loss=17810.747604 | λ_pde=5.583e-85 | LR=2.19e-05
[2026-01-31 03:17:57][INFO] [Epoch 196] MSE Loss=477.810448 | PDE Loss=17797.640805 | λ_pde=2.054e-85 | LR=2.24e-05
[2026-01-31 03:21:24][INFO] [Epoch 197] MSE Loss=477.456646 | PDE Loss=17823.267620 | λ_pde=7.556e-86 | LR=2.29e-05
[2026-01-31 03:24:52][INFO] [Epoch 198] MSE Loss=477.541857 | PDE Loss=17886.461478 | λ_pde=2.780e-86 | LR=2.34e-05
[2026-01-31 03:28:21][INFO] [Epoch 199] MSE Loss=477.676681 | PDE Loss=17870.967988 | λ_pde=1.023e-86 | LR=2.39e-05
[2026-01-31 03:31:37][INFO] [Epoch 200] MSE Loss=477.672885 | PDE Loss=17908.796570 | λ_pde=3.762e-87 | LR=2.45e-05
[2026-01-31 03:31:37][INFO] 训练结束，模型已保存至: /data/sda/zjc/comsol_pinn/checkpoints/M04d/exp08/M04d_pinn.pt
[2026-01-31 03:31:37][INFO] ========== 训练结束 ==========
