[2026-01-30 16:17:41][INFO] 日志文件创建于: /data/sda/zjc/comsol_pinn/logs/M04d/exp02/train_20260130_161741_gpu2_pid2779552.log
[2026-01-30 16:17:41][INFO] 进程 PID: 2779552
[2026-01-30 16:17:41][INFO] ========== PINN 训练开始 ==========
[2026-01-30 16:17:41][INFO] 物理项权重 λ_pde = 0.25
[2026-01-30 16:17:41][INFO] 使用设备: cuda
[2026-01-30 16:17:41][INFO] 训练参数: {'lambda_pde': 0.25, 'epochs': 200, 'lr': 0.005, 'batch_cases': 1, 'lr_scheduler': 'hybrid', 'cosine_tmax': 150, 'cosine_eta_min': 1e-05, 'plateau_factor': 0.5, 'plateau_patience': 6, 'plateau_min_lr': 1e-05, 'use_pde_anneal': True, 'pde_anneal_gamma': 0.2, 'pde_lambda_min': 0.0, 'use_soft_mask': False, 'mask_alpha': 40.0, 'mask_temp_ratio': 0.7, 'points_per_case': 320000, 'device': 'cuda', 'num_workers': 8, 'log_dir': 'logs/M04d/exp02', 'ckpt_dir': 'checkpoints/M04d/exp02'}
[2026-01-30 16:17:41][INFO] 数据集大小: 141 cases
[2026-01-30 16:17:41][INFO] 每 case 采样点数: 320000
[2026-01-30 16:17:41][INFO] 模型结构:
SimplePINN(
  (net): Sequential(
    (0): Linear(in_features=7, out_features=128, bias=True)
    (1): SiLU()
    (2): Linear(in_features=128, out_features=128, bias=True)
    (3): SiLU()
    (4): Linear(in_features=128, out_features=1, bias=True)
  )
)
[2026-01-30 16:17:41][INFO] 优化器: AdamW, 初始 lr=0.005, 学习率调度器: hybrid
[2026-01-30 16:20:25][INFO] [Epoch 001] MSE Loss=22138.443006 | PDE Loss=35.322784 | λ_pde=2.500e-01 | LR=5.00e-03
[2026-01-30 16:23:08][INFO] [Epoch 002] MSE Loss=973.573273 | PDE Loss=28.917642 | λ_pde=2.047e-01 | LR=5.00e-03
[2026-01-30 16:25:49][INFO] [Epoch 003] MSE Loss=812.783803 | PDE Loss=7.660270 | λ_pde=1.676e-01 | LR=5.00e-03
[2026-01-30 16:28:30][INFO] [Epoch 004] MSE Loss=808.472785 | PDE Loss=4.181942 | λ_pde=1.372e-01 | LR=5.00e-03
[2026-01-30 16:31:12][INFO] [Epoch 005] MSE Loss=842.560798 | PDE Loss=9.684545 | λ_pde=1.123e-01 | LR=4.99e-03
[2026-01-30 16:33:54][INFO] [Epoch 006] MSE Loss=775.688326 | PDE Loss=18.012718 | λ_pde=9.197e-02 | LR=4.99e-03
[2026-01-30 16:36:36][INFO] [Epoch 007] MSE Loss=798.901670 | PDE Loss=26.775938 | λ_pde=7.530e-02 | LR=4.98e-03
[2026-01-30 16:39:17][INFO] [Epoch 008] MSE Loss=765.565550 | PDE Loss=32.972139 | λ_pde=6.165e-02 | LR=4.97e-03
[2026-01-30 16:41:58][INFO] [Epoch 009] MSE Loss=768.070256 | PDE Loss=40.606655 | λ_pde=5.047e-02 | LR=4.97e-03
[2026-01-30 16:44:39][INFO] [Epoch 010] MSE Loss=768.064597 | PDE Loss=49.470298 | λ_pde=4.132e-02 | LR=4.96e-03
[2026-01-30 16:47:17][INFO] [Epoch 011] MSE Loss=793.735045 | PDE Loss=55.457442 | λ_pde=3.383e-02 | LR=4.95e-03
[2026-01-30 16:49:57][INFO] [Epoch 012] MSE Loss=821.747509 | PDE Loss=66.247374 | λ_pde=2.770e-02 | LR=4.93e-03
[2026-01-30 16:52:39][INFO] [Epoch 013] MSE Loss=779.472912 | PDE Loss=76.845738 | λ_pde=2.268e-02 | LR=4.92e-03
[2026-01-30 16:55:22][INFO] [Epoch 014] MSE Loss=816.357182 | PDE Loss=85.708945 | λ_pde=1.857e-02 | LR=4.91e-03
[2026-01-30 16:58:02][INFO] [Epoch 015] MSE Loss=798.689840 | PDE Loss=102.122742 | λ_pde=1.520e-02 | LR=4.89e-03
[2026-01-30 17:00:43][INFO] [Epoch 016] MSE Loss=693.086718 | PDE Loss=107.973279 | λ_pde=1.245e-02 | LR=2.44e-03
[2026-01-30 17:03:25][INFO] [Epoch 017] MSE Loss=697.076288 | PDE Loss=123.680023 | λ_pde=1.019e-02 | LR=2.43e-03
[2026-01-30 17:06:07][INFO] [Epoch 018] MSE Loss=702.222112 | PDE Loss=132.706860 | λ_pde=8.343e-03 | LR=2.42e-03
[2026-01-30 17:08:48][INFO] [Epoch 019] MSE Loss=682.912869 | PDE Loss=149.419187 | λ_pde=6.831e-03 | LR=2.41e-03
[2026-01-30 17:11:29][INFO] [Epoch 020] MSE Loss=686.815222 | PDE Loss=166.141272 | λ_pde=5.593e-03 | LR=2.40e-03
[2026-01-30 17:14:09][INFO] [Epoch 021] MSE Loss=723.901339 | PDE Loss=191.890621 | λ_pde=4.579e-03 | LR=2.39e-03
[2026-01-30 17:16:48][INFO] [Epoch 022] MSE Loss=703.220010 | PDE Loss=221.354349 | λ_pde=3.749e-03 | LR=2.38e-03
[2026-01-30 17:19:32][INFO] [Epoch 023] MSE Loss=670.126614 | PDE Loss=241.704081 | λ_pde=3.069e-03 | LR=2.37e-03
[2026-01-30 17:22:14][INFO] [Epoch 024] MSE Loss=668.284953 | PDE Loss=276.186968 | λ_pde=2.513e-03 | LR=2.36e-03
[2026-01-30 17:24:54][INFO] [Epoch 025] MSE Loss=658.843377 | PDE Loss=319.866568 | λ_pde=2.057e-03 | LR=2.35e-03
[2026-01-30 17:27:33][INFO] [Epoch 026] MSE Loss=674.480093 | PDE Loss=367.972737 | λ_pde=1.684e-03 | LR=2.33e-03
[2026-01-30 17:30:14][INFO] [Epoch 027] MSE Loss=633.384718 | PDE Loss=410.193661 | λ_pde=1.379e-03 | LR=2.32e-03
[2026-01-30 17:32:56][INFO] [Epoch 028] MSE Loss=660.421138 | PDE Loss=501.952174 | λ_pde=1.129e-03 | LR=2.31e-03
[2026-01-30 17:35:37][INFO] [Epoch 029] MSE Loss=648.130148 | PDE Loss=569.810762 | λ_pde=9.245e-04 | LR=2.29e-03
[2026-01-30 17:38:21][INFO] [Epoch 030] MSE Loss=620.778825 | PDE Loss=650.435978 | λ_pde=7.569e-04 | LR=2.28e-03
[2026-01-30 17:41:11][INFO] [Epoch 031] MSE Loss=622.597099 | PDE Loss=709.608063 | λ_pde=6.197e-04 | LR=2.26e-03
[2026-01-30 17:44:42][INFO] [Epoch 032] MSE Loss=654.558629 | PDE Loss=785.977955 | λ_pde=5.074e-04 | LR=2.25e-03
[2026-01-30 17:48:12][INFO] [Epoch 033] MSE Loss=625.668480 | PDE Loss=903.617690 | λ_pde=4.154e-04 | LR=2.23e-03
[2026-01-30 17:51:42][INFO] [Epoch 034] MSE Loss=626.777029 | PDE Loss=1010.222121 | λ_pde=3.401e-04 | LR=2.21e-03
[2026-01-30 17:55:13][INFO] [Epoch 035] MSE Loss=617.444207 | PDE Loss=1149.007803 | λ_pde=2.784e-04 | LR=2.20e-03
[2026-01-30 17:58:45][INFO] [Epoch 036] MSE Loss=613.326676 | PDE Loss=1107.884648 | λ_pde=2.280e-04 | LR=2.18e-03
[2026-01-30 18:02:14][INFO] [Epoch 037] MSE Loss=622.467349 | PDE Loss=1075.315812 | λ_pde=1.866e-04 | LR=2.16e-03
[2026-01-30 18:05:45][INFO] [Epoch 038] MSE Loss=591.158742 | PDE Loss=1432.293113 | λ_pde=1.528e-04 | LR=2.14e-03
[2026-01-30 18:09:16][INFO] [Epoch 039] MSE Loss=589.425002 | PDE Loss=1770.512784 | λ_pde=1.251e-04 | LR=2.13e-03
[2026-01-30 18:12:49][INFO] [Epoch 040] MSE Loss=591.803503 | PDE Loss=2024.666379 | λ_pde=1.024e-04 | LR=2.11e-03
[2026-01-30 18:16:18][INFO] [Epoch 041] MSE Loss=573.764935 | PDE Loss=2134.493195 | λ_pde=8.387e-05 | LR=2.09e-03
[2026-01-30 18:19:49][INFO] [Epoch 042] MSE Loss=578.855111 | PDE Loss=2526.994887 | λ_pde=6.866e-05 | LR=2.07e-03
[2026-01-30 18:23:19][INFO] [Epoch 043] MSE Loss=577.194020 | PDE Loss=2948.290356 | λ_pde=5.622e-05 | LR=2.05e-03
[2026-01-30 18:26:50][INFO] [Epoch 044] MSE Loss=571.036595 | PDE Loss=3296.553784 | λ_pde=4.603e-05 | LR=2.03e-03
[2026-01-30 18:30:22][INFO] [Epoch 045] MSE Loss=562.658701 | PDE Loss=3930.289225 | λ_pde=3.768e-05 | LR=2.01e-03
[2026-01-30 18:33:51][INFO] [Epoch 046] MSE Loss=554.211676 | PDE Loss=4519.038966 | λ_pde=3.085e-05 | LR=1.99e-03
[2026-01-30 18:37:22][INFO] [Epoch 047] MSE Loss=573.754711 | PDE Loss=5042.532476 | λ_pde=2.526e-05 | LR=1.97e-03
[2026-01-30 18:40:51][INFO] [Epoch 048] MSE Loss=530.287778 | PDE Loss=5726.709528 | λ_pde=2.068e-05 | LR=1.94e-03
[2026-01-30 18:44:19][INFO] [Epoch 049] MSE Loss=529.963882 | PDE Loss=7080.821047 | λ_pde=1.693e-05 | LR=1.92e-03
[2026-01-30 18:47:50][INFO] [Epoch 050] MSE Loss=598.450298 | PDE Loss=6767.896360 | λ_pde=1.386e-05 | LR=1.90e-03
[2026-01-30 18:51:22][INFO] [Epoch 051] MSE Loss=528.026026 | PDE Loss=8093.751184 | λ_pde=1.135e-05 | LR=1.88e-03
[2026-01-30 18:54:52][INFO] [Epoch 052] MSE Loss=527.659866 | PDE Loss=9708.247361 | λ_pde=9.293e-06 | LR=1.85e-03
[2026-01-30 18:58:20][INFO] [Epoch 053] MSE Loss=520.511705 | PDE Loss=11053.248823 | λ_pde=7.608e-06 | LR=1.83e-03
[2026-01-30 19:01:48][INFO] [Epoch 054] MSE Loss=554.774898 | PDE Loss=12161.160025 | λ_pde=6.229e-06 | LR=1.81e-03
[2026-01-30 19:05:17][INFO] [Epoch 055] MSE Loss=524.524045 | PDE Loss=13391.429978 | λ_pde=5.100e-06 | LR=1.79e-03
[2026-01-30 19:08:45][INFO] [Epoch 056] MSE Loss=553.490344 | PDE Loss=15201.033965 | λ_pde=4.175e-06 | LR=1.76e-03
[2026-01-30 19:12:13][INFO] [Epoch 057] MSE Loss=517.773874 | PDE Loss=16322.221507 | λ_pde=3.419e-06 | LR=1.74e-03
[2026-01-30 19:15:43][INFO] [Epoch 058] MSE Loss=499.538464 | PDE Loss=18081.105815 | λ_pde=2.799e-06 | LR=1.71e-03
[2026-01-30 19:19:13][INFO] [Epoch 059] MSE Loss=527.110983 | PDE Loss=19178.393728 | λ_pde=2.292e-06 | LR=1.69e-03
[2026-01-30 19:22:44][INFO] [Epoch 060] MSE Loss=510.648225 | PDE Loss=21744.417276 | λ_pde=1.876e-06 | LR=1.66e-03
[2026-01-30 19:26:13][INFO] [Epoch 061] MSE Loss=512.348565 | PDE Loss=23254.423482 | λ_pde=1.536e-06 | LR=1.64e-03
[2026-01-30 19:29:45][INFO] [Epoch 062] MSE Loss=498.754584 | PDE Loss=24781.475842 | λ_pde=1.258e-06 | LR=1.61e-03
[2026-01-30 19:33:13][INFO] [Epoch 063] MSE Loss=487.873488 | PDE Loss=27449.298426 | λ_pde=1.030e-06 | LR=1.59e-03
[2026-01-30 19:36:44][INFO] [Epoch 064] MSE Loss=492.784845 | PDE Loss=28661.451906 | λ_pde=8.430e-07 | LR=1.56e-03
[2026-01-30 19:40:13][INFO] [Epoch 065] MSE Loss=509.557121 | PDE Loss=31019.319925 | λ_pde=6.902e-07 | LR=1.54e-03
[2026-01-30 19:43:47][INFO] [Epoch 066] MSE Loss=484.998045 | PDE Loss=32742.144947 | λ_pde=5.651e-07 | LR=1.51e-03
[2026-01-30 19:47:19][INFO] [Epoch 067] MSE Loss=498.976766 | PDE Loss=35318.439716 | λ_pde=4.627e-07 | LR=1.49e-03
[2026-01-30 19:50:44][INFO] [Epoch 068] MSE Loss=499.461335 | PDE Loss=33939.277676 | λ_pde=3.788e-07 | LR=1.46e-03
[2026-01-30 19:54:13][INFO] [Epoch 069] MSE Loss=477.568590 | PDE Loss=37881.215924 | λ_pde=3.101e-07 | LR=1.44e-03
[2026-01-30 19:57:42][INFO] [Epoch 070] MSE Loss=503.027752 | PDE Loss=40154.801889 | λ_pde=2.539e-07 | LR=1.41e-03
[2026-01-30 20:01:17][INFO] [Epoch 071] MSE Loss=471.279590 | PDE Loss=41693.246288 | λ_pde=2.079e-07 | LR=1.39e-03
[2026-01-30 20:04:47][INFO] [Epoch 072] MSE Loss=453.980767 | PDE Loss=43211.640847 | λ_pde=1.702e-07 | LR=1.36e-03
[2026-01-30 20:08:19][INFO] [Epoch 073] MSE Loss=465.149554 | PDE Loss=45795.213486 | λ_pde=1.393e-07 | LR=1.33e-03
[2026-01-30 20:11:51][INFO] [Epoch 074] MSE Loss=465.652130 | PDE Loss=49036.937057 | λ_pde=1.141e-07 | LR=1.31e-03
[2026-01-30 20:15:19][INFO] [Epoch 075] MSE Loss=456.691324 | PDE Loss=47796.429688 | λ_pde=9.341e-08 | LR=1.28e-03
[2026-01-30 20:18:51][INFO] [Epoch 076] MSE Loss=469.511819 | PDE Loss=49499.825687 | λ_pde=7.648e-08 | LR=1.25e-03
[2026-01-30 20:22:21][INFO] [Epoch 077] MSE Loss=473.159399 | PDE Loss=52304.627715 | λ_pde=6.261e-08 | LR=1.23e-03
[2026-01-30 20:25:49][INFO] [Epoch 078] MSE Loss=478.124326 | PDE Loss=54550.807735 | λ_pde=5.126e-08 | LR=1.20e-03
[2026-01-30 20:29:20][INFO] [Epoch 079] MSE Loss=458.176289 | PDE Loss=53310.360539 | λ_pde=4.197e-08 | LR=1.18e-03
[2026-01-30 20:32:50][INFO] [Epoch 080] MSE Loss=465.794677 | PDE Loss=55425.625499 | λ_pde=3.436e-08 | LR=5.75e-04
[2026-01-30 20:36:20][INFO] [Epoch 081] MSE Loss=435.566725 | PDE Loss=56024.057070 | λ_pde=2.813e-08 | LR=5.63e-04
[2026-01-30 20:39:48][INFO] [Epoch 082] MSE Loss=431.139552 | PDE Loss=56028.124169 | λ_pde=2.303e-08 | LR=5.50e-04
[2026-01-30 20:43:21][INFO] [Epoch 083] MSE Loss=432.469322 | PDE Loss=56888.477504 | λ_pde=1.886e-08 | LR=5.37e-04
[2026-01-30 20:46:51][INFO] [Epoch 084] MSE Loss=435.094228 | PDE Loss=57663.918606 | λ_pde=1.544e-08 | LR=5.24e-04
[2026-01-30 20:50:19][INFO] [Epoch 085] MSE Loss=436.075077 | PDE Loss=58006.489195 | λ_pde=1.264e-08 | LR=5.11e-04
[2026-01-30 20:53:52][INFO] [Epoch 086] MSE Loss=441.901226 | PDE Loss=59730.819758 | λ_pde=1.035e-08 | LR=4.99e-04
[2026-01-30 20:57:20][INFO] [Epoch 087] MSE Loss=436.798915 | PDE Loss=59740.878435 | λ_pde=8.474e-09 | LR=4.86e-04
[2026-01-30 21:00:49][INFO] [Epoch 088] MSE Loss=433.986233 | PDE Loss=59656.628768 | λ_pde=6.938e-09 | LR=4.74e-04
[2026-01-30 21:04:19][INFO] [Epoch 089] MSE Loss=435.634723 | PDE Loss=61256.763630 | λ_pde=5.680e-09 | LR=4.61e-04
[2026-01-30 21:07:47][INFO] [Epoch 090] MSE Loss=433.205668 | PDE Loss=60919.867298 | λ_pde=4.650e-09 | LR=2.24e-04
[2026-01-30 21:11:18][INFO] [Epoch 091] MSE Loss=426.923906 | PDE Loss=60918.180851 | λ_pde=3.807e-09 | LR=2.18e-04
[2026-01-30 21:14:49][INFO] [Epoch 092] MSE Loss=425.767927 | PDE Loss=61376.945423 | λ_pde=3.117e-09 | LR=2.12e-04
[2026-01-30 21:18:15][INFO] [Epoch 093] MSE Loss=425.768737 | PDE Loss=61648.834940 | λ_pde=2.552e-09 | LR=2.06e-04
[2026-01-30 21:21:45][INFO] [Epoch 094] MSE Loss=425.852752 | PDE Loss=62047.154311 | λ_pde=2.090e-09 | LR=2.00e-04
[2026-01-30 21:25:16][INFO] [Epoch 095] MSE Loss=426.862548 | PDE Loss=61941.300421 | λ_pde=1.711e-09 | LR=1.95e-04
[2026-01-30 21:28:48][INFO] [Epoch 096] MSE Loss=429.109821 | PDE Loss=62853.436059 | λ_pde=1.401e-09 | LR=1.89e-04
[2026-01-30 21:32:17][INFO] [Epoch 097] MSE Loss=431.557811 | PDE Loss=62257.664727 | λ_pde=1.147e-09 | LR=1.83e-04
[2026-01-30 21:35:48][INFO] [Epoch 098] MSE Loss=423.881962 | PDE Loss=62697.051862 | λ_pde=9.389e-10 | LR=1.77e-04
[2026-01-30 21:39:20][INFO] [Epoch 099] MSE Loss=422.991790 | PDE Loss=62955.926585 | λ_pde=7.687e-10 | LR=1.72e-04
[2026-01-30 21:42:51][INFO] [Epoch 100] MSE Loss=423.344932 | PDE Loss=62638.917609 | λ_pde=6.294e-10 | LR=1.66e-04
[2026-01-30 21:46:19][INFO] [Epoch 101] MSE Loss=425.505636 | PDE Loss=63263.207281 | λ_pde=5.153e-10 | LR=1.61e-04
[2026-01-30 21:49:51][INFO] [Epoch 102] MSE Loss=426.199674 | PDE Loss=63301.386802 | λ_pde=4.219e-10 | LR=1.55e-04
[2026-01-30 21:53:25][INFO] [Epoch 103] MSE Loss=426.584025 | PDE Loss=63405.849346 | λ_pde=3.454e-10 | LR=1.50e-04
[2026-01-30 21:56:56][INFO] [Epoch 104] MSE Loss=426.308694 | PDE Loss=63360.310782 | λ_pde=2.828e-10 | LR=1.45e-04
[2026-01-30 22:00:27][INFO] [Epoch 105] MSE Loss=423.981493 | PDE Loss=63894.605386 | λ_pde=2.315e-10 | LR=1.39e-04
[2026-01-30 22:03:57][INFO] [Epoch 106] MSE Loss=422.804969 | PDE Loss=63833.898327 | λ_pde=1.896e-10 | LR=1.34e-04
[2026-01-30 22:07:25][INFO] [Epoch 107] MSE Loss=421.597610 | PDE Loss=63593.086325 | λ_pde=1.552e-10 | LR=1.29e-04
[2026-01-30 22:10:53][INFO] [Epoch 108] MSE Loss=421.068081 | PDE Loss=63852.408023 | λ_pde=1.271e-10 | LR=1.24e-04
[2026-01-30 22:14:25][INFO] [Epoch 109] MSE Loss=425.147356 | PDE Loss=64341.243628 | λ_pde=1.040e-10 | LR=1.19e-04
[2026-01-30 22:17:58][INFO] [Epoch 110] MSE Loss=425.188203 | PDE Loss=64598.111868 | λ_pde=8.518e-11 | LR=1.14e-04
[2026-01-30 22:21:31][INFO] [Epoch 111] MSE Loss=421.897846 | PDE Loss=64208.923925 | λ_pde=6.974e-11 | LR=1.10e-04
[2026-01-30 22:25:01][INFO] [Epoch 112] MSE Loss=423.636421 | PDE Loss=64744.335660 | λ_pde=5.710e-11 | LR=1.05e-04
[2026-01-30 22:28:28][INFO] [Epoch 113] MSE Loss=421.714121 | PDE Loss=64651.680796 | λ_pde=4.675e-11 | LR=1.01e-04
[2026-01-30 22:31:58][INFO] [Epoch 114] MSE Loss=419.697094 | PDE Loss=65190.671099 | λ_pde=3.827e-11 | LR=9.61e-05
[2026-01-30 22:35:28][INFO] [Epoch 115] MSE Loss=420.302443 | PDE Loss=64642.252992 | λ_pde=3.133e-11 | LR=9.17e-05
[2026-01-30 22:39:01][INFO] [Epoch 116] MSE Loss=420.166477 | PDE Loss=64996.537954 | λ_pde=2.565e-11 | LR=8.74e-05
[2026-01-30 22:42:33][INFO] [Epoch 117] MSE Loss=421.548417 | PDE Loss=64892.028923 | λ_pde=2.100e-11 | LR=8.33e-05
[2026-01-30 22:46:00][INFO] [Epoch 118] MSE Loss=420.117555 | PDE Loss=65020.692265 | λ_pde=1.720e-11 | LR=7.92e-05
[2026-01-30 22:49:31][INFO] [Epoch 119] MSE Loss=421.390207 | PDE Loss=65118.802527 | λ_pde=1.408e-11 | LR=7.52e-05
[2026-01-30 22:53:02][INFO] [Epoch 120] MSE Loss=420.401431 | PDE Loss=65673.230053 | λ_pde=1.153e-11 | LR=7.13e-05
[2026-01-30 22:56:32][INFO] [Epoch 121] MSE Loss=418.564125 | PDE Loss=65569.534630 | λ_pde=9.438e-12 | LR=6.76e-05
[2026-01-30 23:00:00][INFO] [Epoch 122] MSE Loss=418.843041 | PDE Loss=65042.412622 | λ_pde=7.727e-12 | LR=6.39e-05
[2026-01-30 23:03:32][INFO] [Epoch 123] MSE Loss=420.243620 | PDE Loss=65912.697695 | λ_pde=6.326e-12 | LR=6.04e-05
[2026-01-30 23:07:02][INFO] [Epoch 124] MSE Loss=419.541393 | PDE Loss=65226.982602 | λ_pde=5.180e-12 | LR=5.69e-05
[2026-01-30 23:10:31][INFO] [Epoch 125] MSE Loss=421.027998 | PDE Loss=65522.970468 | λ_pde=4.241e-12 | LR=5.36e-05
[2026-01-30 23:14:04][INFO] [Epoch 126] MSE Loss=420.023627 | PDE Loss=65668.475122 | λ_pde=3.472e-12 | LR=5.04e-05
[2026-01-30 23:17:33][INFO] [Epoch 127] MSE Loss=418.725025 | PDE Loss=65745.872285 | λ_pde=2.843e-12 | LR=4.73e-05
[2026-01-30 23:21:03][INFO] [Epoch 128] MSE Loss=418.736549 | PDE Loss=65708.400543 | λ_pde=2.327e-12 | LR=4.43e-05
[2026-01-30 23:24:34][INFO] [Epoch 129] MSE Loss=417.928803 | PDE Loss=65611.905308 | λ_pde=1.905e-12 | LR=2.07e-05
[2026-01-30 23:28:05][INFO] [Epoch 130] MSE Loss=417.927903 | PDE Loss=65821.268285 | λ_pde=1.560e-12 | LR=1.98e-05
[2026-01-30 23:31:36][INFO] [Epoch 131] MSE Loss=418.186901 | PDE Loss=65715.516179 | λ_pde=1.277e-12 | LR=1.89e-05
[2026-01-30 23:35:06][INFO] [Epoch 132] MSE Loss=417.768686 | PDE Loss=65681.928191 | λ_pde=1.046e-12 | LR=1.80e-05
[2026-01-30 23:38:34][INFO] [Epoch 133] MSE Loss=417.293818 | PDE Loss=65901.471022 | λ_pde=8.562e-13 | LR=1.72e-05
[2026-01-30 23:42:06][INFO] [Epoch 134] MSE Loss=417.478541 | PDE Loss=65846.249889 | λ_pde=7.010e-13 | LR=1.64e-05
[2026-01-30 23:45:36][INFO] [Epoch 135] MSE Loss=417.597892 | PDE Loss=65930.850454 | λ_pde=5.739e-13 | LR=1.57e-05
[2026-01-30 23:49:07][INFO] [Epoch 136] MSE Loss=417.654319 | PDE Loss=65832.399934 | λ_pde=4.699e-13 | LR=1.50e-05
[2026-01-30 23:52:40][INFO] [Epoch 137] MSE Loss=417.205870 | PDE Loss=65782.416777 | λ_pde=3.847e-13 | LR=1.44e-05
[2026-01-30 23:56:09][INFO] [Epoch 138] MSE Loss=417.748569 | PDE Loss=65616.321365 | λ_pde=3.150e-13 | LR=1.38e-05
[2026-01-30 23:59:40][INFO] [Epoch 139] MSE Loss=417.433482 | PDE Loss=66077.303635 | λ_pde=2.579e-13 | LR=1.32e-05
[2026-01-31 00:03:13][INFO] [Epoch 140] MSE Loss=417.391152 | PDE Loss=66053.965204 | λ_pde=2.111e-13 | LR=1.27e-05
[2026-01-31 00:06:47][INFO] [Epoch 141] MSE Loss=417.127786 | PDE Loss=65870.390126 | λ_pde=1.729e-13 | LR=1.22e-05
[2026-01-31 00:10:17][INFO] [Epoch 142] MSE Loss=417.451640 | PDE Loss=66029.288287 | λ_pde=1.415e-13 | LR=1.18e-05
[2026-01-31 00:13:48][INFO] [Epoch 143] MSE Loss=417.434926 | PDE Loss=65912.574967 | λ_pde=1.159e-13 | LR=1.14e-05
[2026-01-31 00:17:18][INFO] [Epoch 144] MSE Loss=417.289152 | PDE Loss=65834.105496 | λ_pde=9.487e-14 | LR=1.11e-05
[2026-01-31 00:20:50][INFO] [Epoch 145] MSE Loss=417.296901 | PDE Loss=66081.277981 | λ_pde=7.767e-14 | LR=1.08e-05
[2026-01-31 00:24:21][INFO] [Epoch 146] MSE Loss=417.137962 | PDE Loss=66019.549202 | λ_pde=6.359e-14 | LR=1.06e-05
[2026-01-31 00:27:46][INFO] [Epoch 147] MSE Loss=417.342864 | PDE Loss=66018.486591 | λ_pde=5.206e-14 | LR=1.04e-05
[2026-01-31 00:31:13][INFO] [Epoch 148] MSE Loss=417.243393 | PDE Loss=65993.741190 | λ_pde=4.263e-14 | LR=1.02e-05
[2026-01-31 00:34:43][INFO] [Epoch 149] MSE Loss=417.042240 | PDE Loss=66114.056682 | λ_pde=3.490e-14 | LR=1.00e-05
[2026-01-31 00:38:17][INFO] [Epoch 150] MSE Loss=417.143623 | PDE Loss=66072.134586 | λ_pde=2.857e-14 | LR=1.00e-05
[2026-01-31 00:41:48][INFO] [Epoch 151] MSE Loss=417.006359 | PDE Loss=66029.835051 | λ_pde=2.339e-14 | LR=1.00e-05
[2026-01-31 00:45:16][INFO] [Epoch 152] MSE Loss=417.310948 | PDE Loss=66092.766622 | λ_pde=1.915e-14 | LR=1.05e-05
[2026-01-31 00:48:45][INFO] [Epoch 153] MSE Loss=417.341551 | PDE Loss=65788.844747 | λ_pde=1.568e-14 | LR=1.22e-05
[2026-01-31 00:52:14][INFO] [Epoch 154] MSE Loss=417.142055 | PDE Loss=66152.423371 | λ_pde=1.284e-14 | LR=1.49e-05
[2026-01-31 00:55:48][INFO] [Epoch 155] MSE Loss=417.481565 | PDE Loss=66131.738641 | λ_pde=1.051e-14 | LR=1.88e-05
[2026-01-31 00:59:16][INFO] [Epoch 156] MSE Loss=417.323507 | PDE Loss=66061.952405 | λ_pde=8.606e-15 | LR=2.37e-05
[2026-01-31 01:02:48][INFO] [Epoch 157] MSE Loss=417.433162 | PDE Loss=66249.575632 | λ_pde=7.046e-15 | LR=1.48e-05
[2026-01-31 01:06:14][INFO] [Epoch 158] MSE Loss=417.840710 | PDE Loss=66188.003491 | λ_pde=5.769e-15 | LR=1.66e-05
[2026-01-31 01:09:47][INFO] [Epoch 159] MSE Loss=417.617773 | PDE Loss=66131.544437 | λ_pde=4.723e-15 | LR=1.86e-05
[2026-01-31 01:13:21][INFO] [Epoch 160] MSE Loss=417.333696 | PDE Loss=65983.773382 | λ_pde=3.867e-15 | LR=2.09e-05
[2026-01-31 01:16:50][INFO] [Epoch 161] MSE Loss=417.337510 | PDE Loss=66356.032580 | λ_pde=3.166e-15 | LR=2.34e-05
[2026-01-31 01:20:23][INFO] [Epoch 162] MSE Loss=417.596875 | PDE Loss=66159.520002 | λ_pde=2.592e-15 | LR=2.62e-05
[2026-01-31 01:23:55][INFO] [Epoch 163] MSE Loss=417.499901 | PDE Loss=66264.263353 | λ_pde=2.122e-15 | LR=2.93e-05
[2026-01-31 01:27:27][INFO] [Epoch 164] MSE Loss=417.064227 | PDE Loss=66464.058954 | λ_pde=1.738e-15 | LR=1.63e-05
[2026-01-31 01:31:01][INFO] [Epoch 165] MSE Loss=417.232990 | PDE Loss=66391.121343 | λ_pde=1.423e-15 | LR=1.73e-05
[2026-01-31 01:34:31][INFO] [Epoch 166] MSE Loss=417.225836 | PDE Loss=66406.077405 | λ_pde=1.165e-15 | LR=1.84e-05
[2026-01-31 01:38:01][INFO] [Epoch 167] MSE Loss=417.233035 | PDE Loss=66437.280086 | λ_pde=9.536e-16 | LR=1.95e-05
[2026-01-31 01:41:31][INFO] [Epoch 168] MSE Loss=417.306457 | PDE Loss=66420.676086 | λ_pde=7.807e-16 | LR=2.07e-05
[2026-01-31 01:44:59][INFO] [Epoch 169] MSE Loss=417.163201 | PDE Loss=66505.164340 | λ_pde=6.392e-16 | LR=2.20e-05
[2026-01-31 01:48:32][INFO] [Epoch 170] MSE Loss=417.365425 | PDE Loss=66497.987145 | λ_pde=5.233e-16 | LR=2.34e-05
[2026-01-31 01:52:01][INFO] [Epoch 171] MSE Loss=416.928705 | PDE Loss=66434.536403 | λ_pde=4.285e-16 | LR=1.24e-05
[2026-01-31 01:55:28][INFO] [Epoch 172] MSE Loss=416.845243 | PDE Loss=66322.896110 | λ_pde=3.508e-16 | LR=1.26e-05
[2026-01-31 01:58:57][INFO] [Epoch 173] MSE Loss=417.080700 | PDE Loss=66295.152039 | λ_pde=2.872e-16 | LR=1.29e-05
[2026-01-31 02:02:27][INFO] [Epoch 174] MSE Loss=417.256802 | PDE Loss=66467.481494 | λ_pde=2.352e-16 | LR=1.31e-05
[2026-01-31 02:05:57][INFO] [Epoch 175] MSE Loss=416.651381 | PDE Loss=66343.756372 | λ_pde=1.925e-16 | LR=1.34e-05
[2026-01-31 02:09:26][INFO] [Epoch 176] MSE Loss=417.177918 | PDE Loss=66529.303191 | λ_pde=1.576e-16 | LR=1.37e-05
[2026-01-31 02:12:54][INFO] [Epoch 177] MSE Loss=416.845833 | PDE Loss=66524.881427 | λ_pde=1.291e-16 | LR=1.40e-05
[2026-01-31 02:16:26][INFO] [Epoch 178] MSE Loss=417.009366 | PDE Loss=66675.958666 | λ_pde=1.057e-16 | LR=1.43e-05
[2026-01-31 02:19:54][INFO] [Epoch 179] MSE Loss=416.783712 | PDE Loss=66623.470468 | λ_pde=8.651e-17 | LR=1.46e-05
[2026-01-31 02:23:29][INFO] [Epoch 180] MSE Loss=417.393742 | PDE Loss=66456.440160 | λ_pde=7.083e-17 | LR=1.49e-05
[2026-01-31 02:26:58][INFO] [Epoch 181] MSE Loss=417.187336 | PDE Loss=66810.242797 | λ_pde=5.799e-17 | LR=1.53e-05
[2026-01-31 02:30:30][INFO] [Epoch 182] MSE Loss=416.826299 | PDE Loss=66344.180629 | λ_pde=4.748e-17 | LR=1.56e-05
[2026-01-31 02:34:03][INFO] [Epoch 183] MSE Loss=416.727418 | PDE Loss=66576.973460 | λ_pde=3.887e-17 | LR=1.00e-05
[2026-01-31 02:37:32][INFO] [Epoch 184] MSE Loss=416.634173 | PDE Loss=66613.458721 | λ_pde=3.182e-17 | LR=1.00e-05
[2026-01-31 02:41:01][INFO] [Epoch 185] MSE Loss=416.554138 | PDE Loss=66560.207502 | λ_pde=2.606e-17 | LR=1.00e-05
[2026-01-31 02:44:32][INFO] [Epoch 186] MSE Loss=416.514545 | PDE Loss=66532.122784 | λ_pde=2.133e-17 | LR=1.00e-05
[2026-01-31 02:48:01][INFO] [Epoch 187] MSE Loss=416.681942 | PDE Loss=66547.180297 | λ_pde=1.747e-17 | LR=1.00e-05
[2026-01-31 02:51:32][INFO] [Epoch 188] MSE Loss=416.669350 | PDE Loss=66695.097795 | λ_pde=1.430e-17 | LR=1.00e-05
[2026-01-31 02:55:00][INFO] [Epoch 189] MSE Loss=416.843666 | PDE Loss=66734.470745 | λ_pde=1.171e-17 | LR=1.00e-05
[2026-01-31 02:58:31][INFO] [Epoch 190] MSE Loss=416.455826 | PDE Loss=66460.901485 | λ_pde=9.585e-18 | LR=1.00e-05
[2026-01-31 03:02:06][INFO] [Epoch 191] MSE Loss=416.553612 | PDE Loss=66645.989029 | λ_pde=7.848e-18 | LR=1.00e-05
[2026-01-31 03:05:36][INFO] [Epoch 192] MSE Loss=416.478856 | PDE Loss=66771.419326 | λ_pde=6.425e-18 | LR=1.00e-05
[2026-01-31 03:09:04][INFO] [Epoch 193] MSE Loss=416.649842 | PDE Loss=66757.896387 | λ_pde=5.261e-18 | LR=1.00e-05
[2026-01-31 03:12:32][INFO] [Epoch 194] MSE Loss=416.613662 | PDE Loss=66582.241800 | λ_pde=4.307e-18 | LR=1.00e-05
[2026-01-31 03:16:00][INFO] [Epoch 195] MSE Loss=416.704395 | PDE Loss=66752.200133 | λ_pde=3.526e-18 | LR=1.00e-05
[2026-01-31 03:19:33][INFO] [Epoch 196] MSE Loss=416.604565 | PDE Loss=66525.459552 | λ_pde=2.887e-18 | LR=1.00e-05
[2026-01-31 03:23:03][INFO] [Epoch 197] MSE Loss=416.617582 | PDE Loss=66803.022551 | λ_pde=2.364e-18 | LR=1.00e-05
[2026-01-31 03:26:37][INFO] [Epoch 198] MSE Loss=416.627783 | PDE Loss=66784.396166 | λ_pde=1.935e-18 | LR=1.00e-05
[2026-01-31 03:30:10][INFO] [Epoch 199] MSE Loss=416.660446 | PDE Loss=66761.123338 | λ_pde=1.584e-18 | LR=1.00e-05
[2026-01-31 03:32:44][INFO] [Epoch 200] MSE Loss=416.253698 | PDE Loss=66730.763520 | λ_pde=1.297e-18 | LR=1.00e-05
[2026-01-31 03:32:44][INFO] 训练结束，模型已保存至: /data/sda/zjc/comsol_pinn/checkpoints/M04d/exp02/M04d_pinn.pt
[2026-01-31 03:32:44][INFO] ========== 训练结束 ==========
