[2026-02-02 10:56:21][INFO] 日志文件创建于: /data/sda/zjc/comsol_pinn/logs/M04d1/exp09/train_20260202_105621_gpu4_pid1944506.log
[2026-02-02 10:56:21][INFO] 进程 PID: 1944506
[2026-02-02 10:56:21][INFO] ========== PINN 训练开始 ==========
[2026-02-02 10:56:21][INFO] 物理项 λ_pde = 1.0
[2026-02-02 10:56:21][INFO] 使用设备: cuda
[2026-02-02 10:56:21][INFO] 训练参数: {'lambda_pde': 1.0, 'epochs': 210, 'lr': 0.005, 'batch_cases': 1, 'lr_scheduler': 'hybrid', 'cosine_eta_min': 1e-05, 'cosine_t0': 30, 'cosine_tmult': 2, 'plateau_factor': 0.5, 'plateau_patience': 6, 'plateau_min_lr': 1e-05, 'use_pde_anneal': True, 'pde_anneal_gamma': 2.0, 'pde_lambda_min': 0.0, 'use_soft_mask': False, 'mask_alpha': 40.0, 'mask_temp_ratio': 0.7, 'points_per_case': 320000, 'device': 'cuda', 'num_workers': 8, 'log_dir': 'logs/M04d1/exp09', 'ckpt_dir': 'checkpoints/M04d1/exp09'}
[2026-02-02 10:56:21][INFO] 数据集大小: 141 cases
[2026-02-02 10:56:21][INFO] 每 case 采样点数: 320000
[2026-02-02 10:56:21][INFO] 模型结构:
SimplePINN(
  (net): Sequential(
    (0): Linear(in_features=7, out_features=128, bias=True)
    (1): SiLU()
    (2): Linear(in_features=128, out_features=128, bias=True)
    (3): SiLU()
    (4): Linear(in_features=128, out_features=1, bias=True)
  )
)
[2026-02-02 10:56:21][INFO] 优化器: AdamW, 初始 lr=0.005, 学习率调度器: hybrid
[2026-02-02 10:59:02][INFO] [Epoch 001] MSE Loss=14465.537416 | PDE Loss=0.061772 | λ_pde=1.000e+00 | LR=5.00e-03
[2026-02-02 11:01:44][INFO] [Epoch 002] MSE Loss=5386.656654 | PDE Loss=0.067742 | λ_pde=1.353e-01 | LR=4.99e-03
[2026-02-02 11:04:23][INFO] [Epoch 003] MSE Loss=4168.359527 | PDE Loss=0.078867 | λ_pde=1.832e-02 | LR=4.95e-03
[2026-02-02 11:07:03][INFO] [Epoch 004] MSE Loss=2680.703753 | PDE Loss=0.061342 | λ_pde=2.479e-03 | LR=4.88e-03
[2026-02-02 11:09:47][INFO] [Epoch 005] MSE Loss=2237.695872 | PDE Loss=0.106577 | λ_pde=3.355e-04 | LR=4.78e-03
[2026-02-02 11:12:29][INFO] [Epoch 006] MSE Loss=1612.628885 | PDE Loss=0.119768 | λ_pde=4.540e-05 | LR=4.67e-03
[2026-02-02 11:15:07][INFO] [Epoch 007] MSE Loss=1211.633583 | PDE Loss=0.121837 | λ_pde=6.144e-06 | LR=4.52e-03
[2026-02-02 11:17:47][INFO] [Epoch 008] MSE Loss=913.301877 | PDE Loss=0.124467 | λ_pde=8.315e-07 | LR=4.36e-03
[2026-02-02 11:20:29][INFO] [Epoch 009] MSE Loss=714.863653 | PDE Loss=0.121239 | λ_pde=1.125e-07 | LR=4.17e-03
[2026-02-02 11:23:04][INFO] [Epoch 010] MSE Loss=611.623209 | PDE Loss=0.123367 | λ_pde=1.523e-08 | LR=3.97e-03
[2026-02-02 11:25:44][INFO] [Epoch 011] MSE Loss=396.297165 | PDE Loss=0.139409 | λ_pde=2.061e-09 | LR=3.75e-03
[2026-02-02 11:28:27][INFO] [Epoch 012] MSE Loss=230.783394 | PDE Loss=0.153969 | λ_pde=2.789e-10 | LR=3.52e-03
[2026-02-02 11:31:08][INFO] [Epoch 013] MSE Loss=190.774818 | PDE Loss=0.187200 | λ_pde=3.775e-11 | LR=3.28e-03
[2026-02-02 11:33:50][INFO] [Epoch 014] MSE Loss=157.853561 | PDE Loss=0.218180 | λ_pde=5.109e-12 | LR=3.02e-03
[2026-02-02 11:36:29][INFO] [Epoch 015] MSE Loss=134.888905 | PDE Loss=0.258071 | λ_pde=6.914e-13 | LR=2.77e-03
[2026-02-02 11:39:08][INFO] [Epoch 016] MSE Loss=123.491095 | PDE Loss=0.299630 | λ_pde=9.358e-14 | LR=2.51e-03
[2026-02-02 11:41:50][INFO] [Epoch 017] MSE Loss=116.792940 | PDE Loss=0.347642 | λ_pde=1.266e-14 | LR=2.24e-03
[2026-02-02 11:44:33][INFO] [Epoch 018] MSE Loss=110.679909 | PDE Loss=0.397965 | λ_pde=1.714e-15 | LR=1.99e-03
[2026-02-02 11:47:10][INFO] [Epoch 019] MSE Loss=106.705934 | PDE Loss=0.449904 | λ_pde=2.320e-16 | LR=1.73e-03
[2026-02-02 11:49:51][INFO] [Epoch 020] MSE Loss=103.304684 | PDE Loss=0.494195 | λ_pde=3.139e-17 | LR=1.49e-03
[2026-02-02 11:52:36][INFO] [Epoch 021] MSE Loss=99.828432 | PDE Loss=0.535506 | λ_pde=4.248e-18 | LR=1.26e-03
[2026-02-02 11:55:18][INFO] [Epoch 022] MSE Loss=97.421238 | PDE Loss=0.571862 | λ_pde=5.750e-19 | LR=1.04e-03
[2026-02-02 11:57:53][INFO] [Epoch 023] MSE Loss=95.528574 | PDE Loss=0.607244 | λ_pde=7.781e-20 | LR=8.36e-04
[2026-02-02 12:00:29][INFO] [Epoch 024] MSE Loss=93.562477 | PDE Loss=0.639241 | λ_pde=1.053e-20 | LR=6.51e-04
[2026-02-02 12:03:08][INFO] [Epoch 025] MSE Loss=92.041009 | PDE Loss=0.660592 | λ_pde=1.425e-21 | LR=4.87e-04
[2026-02-02 12:05:50][INFO] [Epoch 026] MSE Loss=91.129898 | PDE Loss=0.679715 | λ_pde=1.929e-22 | LR=3.44e-04
[2026-02-02 12:08:31][INFO] [Epoch 027] MSE Loss=90.468455 | PDE Loss=0.695124 | λ_pde=2.610e-23 | LR=2.26e-04
[2026-02-02 12:11:08][INFO] [Epoch 028] MSE Loss=89.962027 | PDE Loss=0.702957 | λ_pde=3.533e-24 | LR=1.32e-04
[2026-02-02 12:13:47][INFO] [Epoch 029] MSE Loss=89.593271 | PDE Loss=0.708720 | λ_pde=4.781e-25 | LR=6.45e-05
[2026-02-02 12:16:28][INFO] [Epoch 030] MSE Loss=89.409680 | PDE Loss=0.710825 | λ_pde=6.470e-26 | LR=2.37e-05
[2026-02-02 12:19:12][INFO] [Epoch 031] MSE Loss=1062.031127 | PDE Loss=0.474406 | λ_pde=8.757e-27 | LR=5.00e-03
[2026-02-02 12:21:50][INFO] [Epoch 032] MSE Loss=174.301675 | PDE Loss=0.739845 | λ_pde=1.185e-27 | LR=5.00e-03
[2026-02-02 12:24:30][INFO] [Epoch 033] MSE Loss=113.979334 | PDE Loss=0.950047 | λ_pde=1.604e-28 | LR=4.99e-03
[2026-02-02 12:27:10][INFO] [Epoch 034] MSE Loss=99.712711 | PDE Loss=1.183608 | λ_pde=2.171e-29 | LR=4.97e-03
[2026-02-02 12:29:55][INFO] [Epoch 035] MSE Loss=87.364582 | PDE Loss=1.424411 | λ_pde=2.937e-30 | LR=4.95e-03
[2026-02-02 12:32:36][INFO] [Epoch 036] MSE Loss=100.452081 | PDE Loss=1.707089 | λ_pde=3.975e-31 | LR=4.91e-03
[2026-02-02 12:35:16][INFO] [Epoch 037] MSE Loss=180.155494 | PDE Loss=1.870288 | λ_pde=5.380e-32 | LR=4.88e-03
[2026-02-02 12:37:52][INFO] [Epoch 038] MSE Loss=85.504394 | PDE Loss=2.177740 | λ_pde=7.281e-33 | LR=4.83e-03
[2026-02-02 12:40:34][INFO] [Epoch 039] MSE Loss=100.105497 | PDE Loss=2.480044 | λ_pde=9.854e-34 | LR=4.78e-03
[2026-02-02 12:43:12][INFO] [Epoch 040] MSE Loss=84.156662 | PDE Loss=2.744037 | λ_pde=1.334e-34 | LR=4.73e-03
[2026-02-02 12:45:49][INFO] [Epoch 041] MSE Loss=71.318430 | PDE Loss=3.109903 | λ_pde=1.805e-35 | LR=4.67e-03
[2026-02-02 12:48:30][INFO] [Epoch 042] MSE Loss=64.260708 | PDE Loss=3.205345 | λ_pde=2.443e-36 | LR=4.60e-03
[2026-02-02 12:51:10][INFO] [Epoch 043] MSE Loss=101.319843 | PDE Loss=3.523040 | λ_pde=3.306e-37 | LR=4.52e-03
[2026-02-02 12:53:50][INFO] [Epoch 044] MSE Loss=63.633224 | PDE Loss=3.708372 | λ_pde=4.474e-38 | LR=4.44e-03
[2026-02-02 12:56:29][INFO] [Epoch 045] MSE Loss=84.628159 | PDE Loss=4.079974 | λ_pde=6.055e-39 | LR=4.36e-03
[2026-02-02 12:59:07][INFO] [Epoch 046] MSE Loss=181.780677 | PDE Loss=4.358347 | λ_pde=8.194e-40 | LR=4.27e-03
[2026-02-02 13:01:46][INFO] [Epoch 047] MSE Loss=56.800250 | PDE Loss=3.944382 | λ_pde=1.109e-40 | LR=4.17e-03
[2026-02-02 13:04:27][INFO] [Epoch 048] MSE Loss=53.466464 | PDE Loss=4.546167 | λ_pde=1.501e-41 | LR=4.08e-03
[2026-02-02 13:07:04][INFO] [Epoch 049] MSE Loss=56.316460 | PDE Loss=4.609094 | λ_pde=2.031e-42 | LR=3.97e-03
[2026-02-02 13:09:42][INFO] [Epoch 050] MSE Loss=62.469753 | PDE Loss=5.313459 | λ_pde=2.749e-43 | LR=3.86e-03
[2026-02-02 13:12:20][INFO] [Epoch 051] MSE Loss=55.371474 | PDE Loss=5.332536 | λ_pde=3.720e-44 | LR=3.75e-03
[2026-02-02 13:15:00][INFO] [Epoch 052] MSE Loss=47.745376 | PDE Loss=5.894499 | λ_pde=5.035e-45 | LR=3.64e-03
[2026-02-02 13:17:39][INFO] [Epoch 053] MSE Loss=47.799833 | PDE Loss=6.493874 | λ_pde=6.814e-46 | LR=3.52e-03
[2026-02-02 13:20:19][INFO] [Epoch 054] MSE Loss=45.825225 | PDE Loss=6.771073 | λ_pde=9.221e-47 | LR=3.40e-03
[2026-02-02 13:23:00][INFO] [Epoch 055] MSE Loss=51.330659 | PDE Loss=7.846791 | λ_pde=1.248e-47 | LR=3.28e-03
[2026-02-02 13:25:40][INFO] [Epoch 056] MSE Loss=199.511795 | PDE Loss=9.368234 | λ_pde=1.689e-48 | LR=3.15e-03
[2026-02-02 13:28:21][INFO] [Epoch 057] MSE Loss=56.529498 | PDE Loss=9.003796 | λ_pde=2.286e-49 | LR=3.02e-03
[2026-02-02 13:31:01][INFO] [Epoch 058] MSE Loss=40.960604 | PDE Loss=9.442324 | λ_pde=3.093e-50 | LR=2.90e-03
[2026-02-02 13:33:41][INFO] [Epoch 059] MSE Loss=38.767143 | PDE Loss=11.565936 | λ_pde=4.186e-51 | LR=2.77e-03
[2026-02-02 13:36:18][INFO] [Epoch 060] MSE Loss=37.490521 | PDE Loss=14.620563 | λ_pde=5.666e-52 | LR=2.64e-03
[2026-02-02 13:38:57][INFO] [Epoch 061] MSE Loss=34.820508 | PDE Loss=14.987125 | λ_pde=7.668e-53 | LR=2.51e-03
[2026-02-02 13:41:39][INFO] [Epoch 062] MSE Loss=35.557435 | PDE Loss=19.163289 | λ_pde=1.038e-53 | LR=2.37e-03
[2026-02-02 13:44:22][INFO] [Epoch 063] MSE Loss=32.433410 | PDE Loss=21.431038 | λ_pde=1.404e-54 | LR=2.24e-03
[2026-02-02 13:47:03][INFO] [Epoch 064] MSE Loss=31.500526 | PDE Loss=23.091535 | λ_pde=1.901e-55 | LR=2.11e-03
[2026-02-02 13:49:42][INFO] [Epoch 065] MSE Loss=31.150128 | PDE Loss=26.370083 | λ_pde=2.572e-56 | LR=1.99e-03
[2026-02-02 13:52:20][INFO] [Epoch 066] MSE Loss=30.619361 | PDE Loss=28.359382 | λ_pde=3.481e-57 | LR=1.86e-03
[2026-02-02 13:55:01][INFO] [Epoch 067] MSE Loss=30.398709 | PDE Loss=31.729697 | λ_pde=4.711e-58 | LR=1.73e-03
[2026-02-02 13:57:42][INFO] [Epoch 068] MSE Loss=29.508313 | PDE Loss=33.662391 | λ_pde=6.376e-59 | LR=1.61e-03
[2026-02-02 14:00:23][INFO] [Epoch 069] MSE Loss=27.417078 | PDE Loss=35.153565 | λ_pde=8.629e-60 | LR=1.49e-03
[2026-02-02 14:03:04][INFO] [Epoch 070] MSE Loss=26.917963 | PDE Loss=37.248140 | λ_pde=1.168e-60 | LR=1.37e-03
[2026-02-02 14:05:42][INFO] [Epoch 071] MSE Loss=26.583519 | PDE Loss=39.108877 | λ_pde=1.580e-61 | LR=1.26e-03
[2026-02-02 14:08:22][INFO] [Epoch 072] MSE Loss=26.383185 | PDE Loss=40.754648 | λ_pde=2.139e-62 | LR=1.15e-03
[2026-02-02 14:11:00][INFO] [Epoch 073] MSE Loss=26.646743 | PDE Loss=43.438205 | λ_pde=2.895e-63 | LR=1.04e-03
[2026-02-02 14:13:42][INFO] [Epoch 074] MSE Loss=25.153143 | PDE Loss=44.877609 | λ_pde=3.917e-64 | LR=9.35e-04
[2026-02-02 14:16:21][INFO] [Epoch 075] MSE Loss=24.623757 | PDE Loss=44.295808 | λ_pde=5.302e-65 | LR=8.36e-04
[2026-02-02 14:19:02][INFO] [Epoch 076] MSE Loss=24.715123 | PDE Loss=47.139565 | λ_pde=7.175e-66 | LR=7.41e-04
[2026-02-02 14:21:43][INFO] [Epoch 077] MSE Loss=24.018715 | PDE Loss=46.881559 | λ_pde=9.710e-67 | LR=6.51e-04
[2026-02-02 14:24:22][INFO] [Epoch 078] MSE Loss=23.773107 | PDE Loss=49.025163 | λ_pde=1.314e-67 | LR=5.66e-04
[2026-02-02 14:27:06][INFO] [Epoch 079] MSE Loss=23.403458 | PDE Loss=49.047662 | λ_pde=1.779e-68 | LR=4.87e-04
[2026-02-02 14:29:49][INFO] [Epoch 080] MSE Loss=23.239417 | PDE Loss=49.940792 | λ_pde=2.407e-69 | LR=4.13e-04
[2026-02-02 14:32:31][INFO] [Epoch 081] MSE Loss=23.071292 | PDE Loss=50.878643 | λ_pde=3.257e-70 | LR=3.44e-04
[2026-02-02 14:35:13][INFO] [Epoch 082] MSE Loss=22.885551 | PDE Loss=51.348995 | λ_pde=4.409e-71 | LR=2.82e-04
[2026-02-02 14:37:50][INFO] [Epoch 083] MSE Loss=22.732556 | PDE Loss=51.444852 | λ_pde=5.966e-72 | LR=2.26e-04
[2026-02-02 14:40:33][INFO] [Epoch 084] MSE Loss=22.624379 | PDE Loss=52.142385 | λ_pde=8.075e-73 | LR=1.76e-04
[2026-02-02 14:43:12][INFO] [Epoch 085] MSE Loss=22.517254 | PDE Loss=52.623633 | λ_pde=1.093e-73 | LR=1.32e-04
[2026-02-02 14:45:51][INFO] [Epoch 086] MSE Loss=22.433209 | PDE Loss=52.342466 | λ_pde=1.479e-74 | LR=9.50e-05
[2026-02-02 14:48:30][INFO] [Epoch 087] MSE Loss=22.366869 | PDE Loss=53.000503 | λ_pde=2.001e-75 | LR=6.45e-05
[2026-02-02 14:51:12][INFO] [Epoch 088] MSE Loss=22.299510 | PDE Loss=53.011501 | λ_pde=2.709e-76 | LR=4.07e-05
[2026-02-02 14:53:51][INFO] [Epoch 089] MSE Loss=22.286531 | PDE Loss=53.309217 | λ_pde=3.666e-77 | LR=2.37e-05
[2026-02-02 14:56:30][INFO] [Epoch 090] MSE Loss=22.273844 | PDE Loss=53.490943 | λ_pde=4.961e-78 | LR=1.34e-05
[2026-02-02 14:59:10][INFO] [Epoch 091] MSE Loss=800.516607 | PDE Loss=5.096700 | λ_pde=6.714e-79 | LR=5.00e-03
[2026-02-02 15:01:48][INFO] [Epoch 092] MSE Loss=226.593917 | PDE Loss=2.653347 | λ_pde=9.087e-80 | LR=5.00e-03
[2026-02-02 15:04:29][INFO] [Epoch 093] MSE Loss=120.549995 | PDE Loss=3.101781 | λ_pde=1.230e-80 | LR=5.00e-03
[2026-02-02 15:07:11][INFO] [Epoch 094] MSE Loss=73.674518 | PDE Loss=4.603443 | λ_pde=1.664e-81 | LR=4.99e-03
[2026-02-02 15:09:49][INFO] [Epoch 095] MSE Loss=57.947347 | PDE Loss=5.383981 | λ_pde=2.252e-82 | LR=4.99e-03
[2026-02-02 15:12:33][INFO] [Epoch 096] MSE Loss=52.086091 | PDE Loss=13.431448 | λ_pde=3.048e-83 | LR=4.98e-03
[2026-02-02 15:15:15][INFO] [Epoch 097] MSE Loss=49.404703 | PDE Loss=25.499973 | λ_pde=4.125e-84 | LR=4.97e-03
[2026-02-02 15:17:58][INFO] [Epoch 098] MSE Loss=44.537097 | PDE Loss=31.105054 | λ_pde=5.583e-85 | LR=2.48e-03
[2026-02-02 15:20:40][INFO] [Epoch 099] MSE Loss=52.592799 | PDE Loss=33.731557 | λ_pde=7.556e-86 | LR=4.95e-03
[2026-02-02 15:23:24][INFO] [Epoch 100] MSE Loss=43.609902 | PDE Loss=34.625026 | λ_pde=1.023e-86 | LR=4.93e-03
[2026-02-02 15:26:04][INFO] [Epoch 101] MSE Loss=41.661555 | PDE Loss=42.972779 | λ_pde=1.384e-87 | LR=4.91e-03
[2026-02-02 15:28:45][INFO] [Epoch 102] MSE Loss=52.099861 | PDE Loss=46.872502 | λ_pde=1.873e-88 | LR=4.90e-03
[2026-02-02 15:31:26][INFO] [Epoch 103] MSE Loss=112.775607 | PDE Loss=44.842718 | λ_pde=2.535e-89 | LR=4.88e-03
[2026-02-02 15:34:08][INFO] [Epoch 104] MSE Loss=54.612190 | PDE Loss=49.706066 | λ_pde=3.430e-90 | LR=4.86e-03
[2026-02-02 15:36:52][INFO] [Epoch 105] MSE Loss=39.539171 | PDE Loss=47.850780 | λ_pde=4.642e-91 | LR=2.42e-03
[2026-02-02 15:39:33][INFO] [Epoch 106] MSE Loss=39.135918 | PDE Loss=51.622563 | λ_pde=6.283e-92 | LR=4.81e-03
[2026-02-02 15:42:12][INFO] [Epoch 107] MSE Loss=50.680124 | PDE Loss=56.238201 | λ_pde=8.503e-93 | LR=4.78e-03
[2026-02-02 15:44:54][INFO] [Epoch 108] MSE Loss=95.996722 | PDE Loss=51.746969 | λ_pde=1.151e-93 | LR=4.76e-03
[2026-02-02 15:47:34][INFO] [Epoch 109] MSE Loss=104.940081 | PDE Loss=52.354903 | λ_pde=1.557e-94 | LR=4.73e-03
[2026-02-02 15:50:15][INFO] [Epoch 110] MSE Loss=200.743287 | PDE Loss=48.369672 | λ_pde=2.108e-95 | LR=4.70e-03
[2026-02-02 15:52:56][INFO] [Epoch 111] MSE Loss=44.173670 | PDE Loss=59.799246 | λ_pde=2.852e-96 | LR=4.67e-03
[2026-02-02 15:55:38][INFO] [Epoch 112] MSE Loss=33.714812 | PDE Loss=56.957673 | λ_pde=3.860e-97 | LR=2.32e-03
[2026-02-02 15:58:21][INFO] [Epoch 113] MSE Loss=33.646325 | PDE Loss=57.194852 | λ_pde=5.224e-98 | LR=4.60e-03
[2026-02-02 16:01:04][INFO] [Epoch 114] MSE Loss=35.206255 | PDE Loss=58.677114 | λ_pde=7.070e-99 | LR=4.56e-03
[2026-02-02 16:03:45][INFO] [Epoch 115] MSE Loss=34.640618 | PDE Loss=69.485708 | λ_pde=9.569e-100 | LR=4.52e-03
[2026-02-02 16:06:24][INFO] [Epoch 116] MSE Loss=115.128621 | PDE Loss=63.557555 | λ_pde=1.295e-100 | LR=4.48e-03
[2026-02-02 16:09:06][INFO] [Epoch 117] MSE Loss=68.560314 | PDE Loss=54.078553 | λ_pde=1.753e-101 | LR=4.44e-03
[2026-02-02 16:11:46][INFO] [Epoch 118] MSE Loss=40.758039 | PDE Loss=74.663489 | λ_pde=2.372e-102 | LR=4.40e-03
[2026-02-02 16:14:27][INFO] [Epoch 119] MSE Loss=33.179995 | PDE Loss=78.022367 | λ_pde=3.210e-103 | LR=2.18e-03
[2026-02-02 16:17:07][INFO] [Epoch 120] MSE Loss=32.343363 | PDE Loss=80.034191 | λ_pde=4.344e-104 | LR=4.31e-03
[2026-02-02 16:19:53][INFO] [Epoch 121] MSE Loss=36.575657 | PDE Loss=73.139065 | λ_pde=5.879e-105 | LR=4.27e-03
[2026-02-02 16:22:32][INFO] [Epoch 122] MSE Loss=36.547090 | PDE Loss=84.752906 | λ_pde=7.957e-106 | LR=4.22e-03
[2026-02-02 16:25:13][INFO] [Epoch 123] MSE Loss=33.564990 | PDE Loss=95.267509 | λ_pde=1.077e-106 | LR=4.17e-03
[2026-02-02 16:27:53][INFO] [Epoch 124] MSE Loss=47.489976 | PDE Loss=89.302109 | λ_pde=1.457e-107 | LR=4.13e-03
[2026-02-02 16:30:31][INFO] [Epoch 125] MSE Loss=68.500106 | PDE Loss=83.717542 | λ_pde=1.972e-108 | LR=4.08e-03
[2026-02-02 16:33:14][INFO] [Epoch 126] MSE Loss=28.622121 | PDE Loss=107.762346 | λ_pde=2.669e-109 | LR=2.01e-03
[2026-02-02 16:36:25][INFO] [Epoch 127] MSE Loss=29.613735 | PDE Loss=109.178912 | λ_pde=3.612e-110 | LR=3.97e-03
[2026-02-02 16:39:37][INFO] [Epoch 128] MSE Loss=43.991760 | PDE Loss=107.775847 | λ_pde=4.889e-111 | LR=3.92e-03
[2026-02-02 16:42:47][INFO] [Epoch 129] MSE Loss=66.326857 | PDE Loss=92.881311 | λ_pde=6.616e-112 | LR=3.86e-03
[2026-02-02 16:45:44][INFO] [Epoch 130] MSE Loss=30.657295 | PDE Loss=118.582581 | λ_pde=8.954e-113 | LR=3.81e-03
[2026-02-02 16:48:25][INFO] [Epoch 131] MSE Loss=27.917511 | PDE Loss=124.618604 | λ_pde=1.212e-113 | LR=3.75e-03
[2026-02-02 16:51:10][INFO] [Epoch 132] MSE Loss=59.674944 | PDE Loss=97.155974 | λ_pde=1.640e-114 | LR=3.70e-03
[2026-02-02 16:53:51][INFO] [Epoch 133] MSE Loss=26.501945 | PDE Loss=130.623572 | λ_pde=2.220e-115 | LR=1.82e-03
[2026-02-02 16:56:31][INFO] [Epoch 134] MSE Loss=28.900746 | PDE Loss=130.677303 | λ_pde=3.004e-116 | LR=3.58e-03
[2026-02-02 16:59:09][INFO] [Epoch 135] MSE Loss=27.246146 | PDE Loss=132.897427 | λ_pde=4.065e-117 | LR=3.52e-03
[2026-02-02 17:01:53][INFO] [Epoch 136] MSE Loss=26.252250 | PDE Loss=133.236608 | λ_pde=5.502e-118 | LR=3.46e-03
[2026-02-02 17:04:35][INFO] [Epoch 137] MSE Loss=29.410360 | PDE Loss=132.623691 | λ_pde=7.446e-119 | LR=3.40e-03
[2026-02-02 17:07:19][INFO] [Epoch 138] MSE Loss=57.373460 | PDE Loss=104.541616 | λ_pde=1.008e-119 | LR=3.34e-03
[2026-02-02 17:10:15][INFO] [Epoch 139] MSE Loss=26.482711 | PDE Loss=147.564917 | λ_pde=1.364e-120 | LR=3.28e-03
[2026-02-02 17:13:28][INFO] [Epoch 140] MSE Loss=23.566220 | PDE Loss=144.976179 | λ_pde=1.846e-121 | LR=1.61e-03
[2026-02-02 17:16:39][INFO] [Epoch 141] MSE Loss=25.840456 | PDE Loss=135.706407 | λ_pde=2.498e-122 | LR=3.15e-03
[2026-02-02 17:19:54][INFO] [Epoch 142] MSE Loss=38.555927 | PDE Loss=123.144794 | λ_pde=3.380e-123 | LR=3.09e-03
[2026-02-02 17:23:05][INFO] [Epoch 143] MSE Loss=27.537180 | PDE Loss=145.201590 | λ_pde=4.575e-124 | LR=3.02e-03
[2026-02-02 17:26:16][INFO] [Epoch 144] MSE Loss=28.194098 | PDE Loss=146.723068 | λ_pde=6.191e-125 | LR=2.96e-03
[2026-02-02 17:29:23][INFO] [Epoch 145] MSE Loss=62.134902 | PDE Loss=120.501524 | λ_pde=8.379e-126 | LR=2.90e-03
[2026-02-02 17:32:10][INFO] [Epoch 146] MSE Loss=25.182975 | PDE Loss=150.858888 | λ_pde=1.134e-126 | LR=2.83e-03
[2026-02-02 17:34:48][INFO] [Epoch 147] MSE Loss=22.258857 | PDE Loss=153.727620 | λ_pde=1.535e-127 | LR=1.38e-03
[2026-02-02 17:37:32][INFO] [Epoch 148] MSE Loss=30.713563 | PDE Loss=143.679548 | λ_pde=2.077e-128 | LR=2.70e-03
[2026-02-02 17:40:12][INFO] [Epoch 149] MSE Loss=23.121406 | PDE Loss=152.736227 | λ_pde=2.811e-129 | LR=2.64e-03
[2026-02-02 17:42:49][INFO] [Epoch 150] MSE Loss=21.928094 | PDE Loss=153.117514 | λ_pde=3.804e-130 | LR=2.57e-03
[2026-02-02 17:45:33][INFO] [Epoch 151] MSE Loss=22.639718 | PDE Loss=152.009926 | λ_pde=5.148e-131 | LR=2.51e-03
[2026-02-02 17:48:16][INFO] [Epoch 152] MSE Loss=24.403844 | PDE Loss=149.934943 | λ_pde=6.967e-132 | LR=2.44e-03
[2026-02-02 17:51:00][INFO] [Epoch 153] MSE Loss=31.330348 | PDE Loss=145.387739 | λ_pde=9.429e-133 | LR=2.37e-03
[2026-02-02 17:53:43][INFO] [Epoch 154] MSE Loss=29.086696 | PDE Loss=143.365752 | λ_pde=1.276e-133 | LR=2.31e-03
[2026-02-02 17:56:36][INFO] [Epoch 155] MSE Loss=21.039168 | PDE Loss=153.610677 | λ_pde=1.727e-134 | LR=2.24e-03
[2026-02-02 17:59:47][INFO] [Epoch 156] MSE Loss=20.595409 | PDE Loss=154.458922 | λ_pde=2.337e-135 | LR=2.18e-03
[2026-02-02 18:02:55][INFO] [Epoch 157] MSE Loss=36.247647 | PDE Loss=138.202120 | λ_pde=3.163e-136 | LR=2.11e-03
