[2026-01-29 10:29:51][INFO] 日志文件创建于: /data/sda/zjc/comsol_pinn/logs/M04c/exp05/train_20260129_102951_gpu5_pid1035506.log
[2026-01-29 10:29:51][INFO] 进程 PID: 1035506
[2026-01-29 10:29:51][INFO] ========== PINN 训练开始 ==========
[2026-01-29 10:29:51][INFO] 物理项权重 λ_pde = 3.0
[2026-01-29 10:29:51][INFO] 使用设备: cuda
[2026-01-29 10:29:51][INFO] 训练参数: {'lambda_pde': 3.0, 'epochs': 200, 'lr': 0.005, 'batch_cases': 1, 'use_pde_anneal': True, 'pde_anneal_gamma': 0.03, 'pde_lambda_min': 0.0, 'use_soft_mask': False, 'mask_alpha': 40.0, 'mask_temp_ratio': 0.7, 'points_per_case': 320000, 'device': 'cuda', 'num_workers': 8, 'log_dir': 'logs/M04c/exp05', 'ckpt_dir': 'checkpoints/M04c/exp05'}
[2026-01-29 10:29:51][INFO] 数据集大小: 141 cases
[2026-01-29 10:29:51][INFO] 每 case 采样点数: 320000
[2026-01-29 10:29:52][INFO] 模型结构:
SimplePINN(
  (net): Sequential(
    (0): Linear(in_features=7, out_features=128, bias=True)
    (1): SiLU()
    (2): Linear(in_features=128, out_features=128, bias=True)
    (3): SiLU()
    (4): Linear(in_features=128, out_features=1, bias=True)
  )
)
[2026-01-29 10:29:52][INFO] 优化器: AdamW, 初始 lr=0.005, 调度策略: ReduceLROnPlateau(factor=0.5, patience=6)
[2026-01-29 10:32:09][INFO] [Epoch 001] MSE Loss=21745.874886 | PDE Loss=8.035244 | λ_pde=3.000e+00 | LR=5.00e-03
[2026-01-29 10:34:22][INFO] [Epoch 002] MSE Loss=976.667818 | PDE Loss=1.028901 | λ_pde=2.911e+00 | LR=5.00e-03
[2026-01-29 10:36:36][INFO] [Epoch 003] MSE Loss=869.539089 | PDE Loss=0.470200 | λ_pde=2.825e+00 | LR=5.00e-03
[2026-01-29 10:38:53][INFO] [Epoch 004] MSE Loss=815.195538 | PDE Loss=0.498260 | λ_pde=2.742e+00 | LR=5.00e-03
[2026-01-29 10:41:10][INFO] [Epoch 005] MSE Loss=836.118908 | PDE Loss=0.557573 | λ_pde=2.661e+00 | LR=5.00e-03
[2026-01-29 10:43:23][INFO] [Epoch 006] MSE Loss=835.699960 | PDE Loss=0.652232 | λ_pde=2.582e+00 | LR=5.00e-03
[2026-01-29 10:45:38][INFO] [Epoch 007] MSE Loss=806.326459 | PDE Loss=0.760022 | λ_pde=2.506e+00 | LR=5.00e-03
[2026-01-29 10:47:53][INFO] [Epoch 008] MSE Loss=820.422777 | PDE Loss=0.848698 | λ_pde=2.432e+00 | LR=5.00e-03
[2026-01-29 10:50:07][INFO] [Epoch 009] MSE Loss=797.707149 | PDE Loss=1.032059 | λ_pde=2.360e+00 | LR=5.00e-03
[2026-01-29 10:52:21][INFO] [Epoch 010] MSE Loss=828.300331 | PDE Loss=1.247158 | λ_pde=2.290e+00 | LR=5.00e-03
[2026-01-29 10:54:37][INFO] [Epoch 011] MSE Loss=873.027987 | PDE Loss=1.501657 | λ_pde=2.222e+00 | LR=5.00e-03
[2026-01-29 10:56:51][INFO] [Epoch 012] MSE Loss=818.215192 | PDE Loss=1.600580 | λ_pde=2.157e+00 | LR=5.00e-03
[2026-01-29 10:59:05][INFO] [Epoch 013] MSE Loss=810.081074 | PDE Loss=1.584570 | λ_pde=2.093e+00 | LR=5.00e-03
[2026-01-29 11:01:19][INFO] [Epoch 014] MSE Loss=769.678789 | PDE Loss=1.742920 | λ_pde=2.031e+00 | LR=5.00e-03
[2026-01-29 11:03:31][INFO] [Epoch 015] MSE Loss=815.413003 | PDE Loss=1.961194 | λ_pde=1.971e+00 | LR=5.00e-03
[2026-01-29 11:05:47][INFO] [Epoch 016] MSE Loss=830.796285 | PDE Loss=1.853863 | λ_pde=1.913e+00 | LR=5.00e-03
[2026-01-29 11:08:06][INFO] [Epoch 017] MSE Loss=862.019548 | PDE Loss=1.996190 | λ_pde=1.856e+00 | LR=5.00e-03
[2026-01-29 11:10:26][INFO] [Epoch 018] MSE Loss=744.623626 | PDE Loss=2.260437 | λ_pde=1.801e+00 | LR=5.00e-03
[2026-01-29 11:12:44][INFO] [Epoch 019] MSE Loss=739.289494 | PDE Loss=2.615739 | λ_pde=1.748e+00 | LR=5.00e-03
[2026-01-29 11:14:59][INFO] [Epoch 020] MSE Loss=763.822676 | PDE Loss=2.634852 | λ_pde=1.697e+00 | LR=5.00e-03
[2026-01-29 11:17:13][INFO] [Epoch 021] MSE Loss=751.062201 | PDE Loss=2.919404 | λ_pde=1.646e+00 | LR=5.00e-03
[2026-01-29 11:19:28][INFO] [Epoch 022] MSE Loss=734.137366 | PDE Loss=3.767385 | λ_pde=1.598e+00 | LR=5.00e-03
[2026-01-29 11:21:46][INFO] [Epoch 023] MSE Loss=712.622976 | PDE Loss=4.664615 | λ_pde=1.551e+00 | LR=5.00e-03
[2026-01-29 11:23:59][INFO] [Epoch 024] MSE Loss=786.102456 | PDE Loss=4.247387 | λ_pde=1.505e+00 | LR=5.00e-03
[2026-01-29 11:26:19][INFO] [Epoch 025] MSE Loss=717.304969 | PDE Loss=3.883311 | λ_pde=1.460e+00 | LR=5.00e-03
[2026-01-29 11:28:33][INFO] [Epoch 026] MSE Loss=727.910154 | PDE Loss=3.675953 | λ_pde=1.417e+00 | LR=5.00e-03
[2026-01-29 11:30:50][INFO] [Epoch 027] MSE Loss=689.224407 | PDE Loss=5.155547 | λ_pde=1.375e+00 | LR=5.00e-03
[2026-01-29 11:33:06][INFO] [Epoch 028] MSE Loss=796.244552 | PDE Loss=5.409658 | λ_pde=1.335e+00 | LR=5.00e-03
[2026-01-29 11:35:20][INFO] [Epoch 029] MSE Loss=731.411439 | PDE Loss=3.672937 | λ_pde=1.295e+00 | LR=5.00e-03
[2026-01-29 11:37:37][INFO] [Epoch 030] MSE Loss=714.891830 | PDE Loss=4.645392 | λ_pde=1.257e+00 | LR=5.00e-03
[2026-01-29 11:39:51][INFO] [Epoch 031] MSE Loss=708.712572 | PDE Loss=4.376800 | λ_pde=1.220e+00 | LR=5.00e-03
[2026-01-29 11:42:08][INFO] [Epoch 032] MSE Loss=780.083197 | PDE Loss=7.284233 | λ_pde=1.184e+00 | LR=5.00e-03
[2026-01-29 11:44:25][INFO] [Epoch 033] MSE Loss=652.607450 | PDE Loss=3.994547 | λ_pde=1.149e+00 | LR=5.00e-03
[2026-01-29 11:46:40][INFO] [Epoch 034] MSE Loss=666.188413 | PDE Loss=6.669516 | λ_pde=1.115e+00 | LR=5.00e-03
[2026-01-29 11:48:58][INFO] [Epoch 035] MSE Loss=715.380562 | PDE Loss=6.787766 | λ_pde=1.082e+00 | LR=5.00e-03
[2026-01-29 11:51:13][INFO] [Epoch 036] MSE Loss=706.708951 | PDE Loss=7.195106 | λ_pde=1.050e+00 | LR=5.00e-03
[2026-01-29 11:53:31][INFO] [Epoch 037] MSE Loss=665.792431 | PDE Loss=4.989991 | λ_pde=1.019e+00 | LR=5.00e-03
[2026-01-29 11:55:47][INFO] [Epoch 038] MSE Loss=661.861381 | PDE Loss=4.504742 | λ_pde=9.887e-01 | LR=5.00e-03
[2026-01-29 11:58:04][INFO] [Epoch 039] MSE Loss=715.099277 | PDE Loss=7.645525 | λ_pde=9.595e-01 | LR=5.00e-03
[2026-01-29 12:00:24][INFO] [Epoch 040] MSE Loss=684.087749 | PDE Loss=4.885987 | λ_pde=9.311e-01 | LR=5.00e-03
[2026-01-29 12:02:42][INFO] [Epoch 041] MSE Loss=706.927320 | PDE Loss=5.094808 | λ_pde=9.036e-01 | LR=2.50e-03
[2026-01-29 12:04:57][INFO] [Epoch 042] MSE Loss=655.236533 | PDE Loss=4.996069 | λ_pde=8.769e-01 | LR=2.50e-03
[2026-01-29 12:07:12][INFO] [Epoch 043] MSE Loss=616.906846 | PDE Loss=4.929707 | λ_pde=8.510e-01 | LR=2.50e-03
[2026-01-29 12:09:30][INFO] [Epoch 044] MSE Loss=619.378200 | PDE Loss=5.076318 | λ_pde=8.258e-01 | LR=2.50e-03
[2026-01-29 12:11:47][INFO] [Epoch 045] MSE Loss=629.781999 | PDE Loss=5.600427 | λ_pde=8.014e-01 | LR=2.50e-03
[2026-01-29 12:14:04][INFO] [Epoch 046] MSE Loss=615.246303 | PDE Loss=5.297807 | λ_pde=7.777e-01 | LR=2.50e-03
[2026-01-29 12:16:15][INFO] [Epoch 047] MSE Loss=624.037855 | PDE Loss=6.432803 | λ_pde=7.547e-01 | LR=2.50e-03
[2026-01-29 12:18:27][INFO] [Epoch 048] MSE Loss=632.417007 | PDE Loss=6.876954 | λ_pde=7.324e-01 | LR=2.50e-03
[2026-01-29 12:20:40][INFO] [Epoch 049] MSE Loss=607.095139 | PDE Loss=6.824697 | λ_pde=7.108e-01 | LR=2.50e-03
[2026-01-29 12:22:53][INFO] [Epoch 050] MSE Loss=646.116448 | PDE Loss=7.021109 | λ_pde=6.898e-01 | LR=2.50e-03
[2026-01-29 12:25:08][INFO] [Epoch 051] MSE Loss=641.736645 | PDE Loss=6.964229 | λ_pde=6.694e-01 | LR=2.50e-03
[2026-01-29 12:27:20][INFO] [Epoch 052] MSE Loss=618.445658 | PDE Loss=6.750566 | λ_pde=6.496e-01 | LR=2.50e-03
[2026-01-29 12:29:35][INFO] [Epoch 053] MSE Loss=625.345928 | PDE Loss=7.187676 | λ_pde=6.304e-01 | LR=2.50e-03
[2026-01-29 12:31:47][INFO] [Epoch 054] MSE Loss=637.899976 | PDE Loss=7.416798 | λ_pde=6.118e-01 | LR=2.50e-03
[2026-01-29 12:34:01][INFO] [Epoch 055] MSE Loss=615.730675 | PDE Loss=9.696078 | λ_pde=5.937e-01 | LR=2.50e-03
[2026-01-29 12:36:15][INFO] [Epoch 056] MSE Loss=613.467818 | PDE Loss=8.053831 | λ_pde=5.761e-01 | LR=2.50e-03
[2026-01-29 12:38:29][INFO] [Epoch 057] MSE Loss=588.291300 | PDE Loss=7.311785 | λ_pde=5.591e-01 | LR=1.25e-03
[2026-01-29 12:40:45][INFO] [Epoch 058] MSE Loss=596.151499 | PDE Loss=7.374721 | λ_pde=5.426e-01 | LR=1.25e-03
[2026-01-29 12:43:01][INFO] [Epoch 059] MSE Loss=588.160019 | PDE Loss=7.442836 | λ_pde=5.266e-01 | LR=1.25e-03
[2026-01-29 12:45:13][INFO] [Epoch 060] MSE Loss=585.012871 | PDE Loss=8.133148 | λ_pde=5.110e-01 | LR=1.25e-03
[2026-01-29 12:47:30][INFO] [Epoch 061] MSE Loss=590.461426 | PDE Loss=8.501400 | λ_pde=4.959e-01 | LR=1.25e-03
[2026-01-29 12:49:43][INFO] [Epoch 062] MSE Loss=593.614415 | PDE Loss=10.111335 | λ_pde=4.812e-01 | LR=1.25e-03
[2026-01-29 12:51:55][INFO] [Epoch 063] MSE Loss=594.655355 | PDE Loss=10.154312 | λ_pde=4.670e-01 | LR=1.25e-03
[2026-01-29 12:54:10][INFO] [Epoch 064] MSE Loss=582.698206 | PDE Loss=9.316143 | λ_pde=4.532e-01 | LR=1.25e-03
[2026-01-29 12:56:25][INFO] [Epoch 065] MSE Loss=583.326602 | PDE Loss=9.750991 | λ_pde=4.398e-01 | LR=1.25e-03
[2026-01-29 12:58:37][INFO] [Epoch 066] MSE Loss=604.131115 | PDE Loss=10.741312 | λ_pde=4.268e-01 | LR=1.25e-03
[2026-01-29 13:00:51][INFO] [Epoch 067] MSE Loss=591.725120 | PDE Loss=11.543120 | λ_pde=4.142e-01 | LR=1.25e-03
[2026-01-29 13:03:05][INFO] [Epoch 068] MSE Loss=589.944266 | PDE Loss=11.189837 | λ_pde=4.020e-01 | LR=1.25e-03
[2026-01-29 13:05:20][INFO] [Epoch 069] MSE Loss=589.365945 | PDE Loss=12.156943 | λ_pde=3.901e-01 | LR=1.25e-03
[2026-01-29 13:07:35][INFO] [Epoch 070] MSE Loss=578.465656 | PDE Loss=12.179110 | λ_pde=3.786e-01 | LR=1.25e-03
[2026-01-29 13:09:49][INFO] [Epoch 071] MSE Loss=593.527783 | PDE Loss=12.877652 | λ_pde=3.674e-01 | LR=1.25e-03
[2026-01-29 13:12:06][INFO] [Epoch 072] MSE Loss=577.683857 | PDE Loss=14.416338 | λ_pde=3.565e-01 | LR=1.25e-03
[2026-01-29 13:14:20][INFO] [Epoch 073] MSE Loss=576.389485 | PDE Loss=14.818265 | λ_pde=3.460e-01 | LR=1.25e-03
[2026-01-29 13:16:38][INFO] [Epoch 074] MSE Loss=582.550447 | PDE Loss=13.841636 | λ_pde=3.358e-01 | LR=1.25e-03
[2026-01-29 13:18:53][INFO] [Epoch 075] MSE Loss=591.003032 | PDE Loss=16.504190 | λ_pde=3.258e-01 | LR=1.25e-03
[2026-01-29 13:21:10][INFO] [Epoch 076] MSE Loss=583.240125 | PDE Loss=14.640538 | λ_pde=3.162e-01 | LR=1.25e-03
[2026-01-29 13:23:21][INFO] [Epoch 077] MSE Loss=585.164735 | PDE Loss=16.319404 | λ_pde=3.069e-01 | LR=1.25e-03
[2026-01-29 13:25:38][INFO] [Epoch 078] MSE Loss=577.090792 | PDE Loss=16.330805 | λ_pde=2.978e-01 | LR=1.25e-03
[2026-01-29 13:27:55][INFO] [Epoch 079] MSE Loss=579.828885 | PDE Loss=19.261702 | λ_pde=2.890e-01 | LR=1.25e-03
[2026-01-29 13:30:09][INFO] [Epoch 080] MSE Loss=602.704641 | PDE Loss=18.353895 | λ_pde=2.804e-01 | LR=1.25e-03
[2026-01-29 13:32:22][INFO] [Epoch 081] MSE Loss=577.703018 | PDE Loss=17.464186 | λ_pde=2.722e-01 | LR=6.25e-04
[2026-01-29 13:34:39][INFO] [Epoch 082] MSE Loss=574.173471 | PDE Loss=17.535537 | λ_pde=2.641e-01 | LR=6.25e-04
[2026-01-29 13:36:54][INFO] [Epoch 083] MSE Loss=565.262140 | PDE Loss=18.304876 | λ_pde=2.563e-01 | LR=6.25e-04
[2026-01-29 13:39:06][INFO] [Epoch 084] MSE Loss=571.534241 | PDE Loss=19.529012 | λ_pde=2.487e-01 | LR=6.25e-04
[2026-01-29 13:41:21][INFO] [Epoch 085] MSE Loss=565.063188 | PDE Loss=20.417017 | λ_pde=2.414e-01 | LR=6.25e-04
[2026-01-29 13:43:33][INFO] [Epoch 086] MSE Loss=558.964686 | PDE Loss=21.612252 | λ_pde=2.342e-01 | LR=6.25e-04
[2026-01-29 13:45:47][INFO] [Epoch 087] MSE Loss=570.904711 | PDE Loss=23.068495 | λ_pde=2.273e-01 | LR=6.25e-04
[2026-01-29 13:48:04][INFO] [Epoch 088] MSE Loss=567.452395 | PDE Loss=21.699941 | λ_pde=2.206e-01 | LR=6.25e-04
[2026-01-29 13:50:21][INFO] [Epoch 089] MSE Loss=569.904188 | PDE Loss=22.271871 | λ_pde=2.141e-01 | LR=6.25e-04
[2026-01-29 13:52:39][INFO] [Epoch 090] MSE Loss=567.269580 | PDE Loss=25.894906 | λ_pde=2.078e-01 | LR=6.25e-04
[2026-01-29 13:54:56][INFO] [Epoch 091] MSE Loss=567.822212 | PDE Loss=25.058561 | λ_pde=2.016e-01 | LR=6.25e-04
[2026-01-29 13:57:14][INFO] [Epoch 092] MSE Loss=569.507514 | PDE Loss=25.140247 | λ_pde=1.957e-01 | LR=6.25e-04
[2026-01-29 13:59:34][INFO] [Epoch 093] MSE Loss=564.042008 | PDE Loss=28.763549 | λ_pde=1.899e-01 | LR=6.25e-04
[2026-01-29 14:01:47][INFO] [Epoch 094] MSE Loss=555.846029 | PDE Loss=26.967842 | λ_pde=1.843e-01 | LR=3.13e-04
[2026-01-29 14:04:05][INFO] [Epoch 095] MSE Loss=559.107091 | PDE Loss=28.858103 | λ_pde=1.788e-01 | LR=3.13e-04
[2026-01-29 14:06:22][INFO] [Epoch 096] MSE Loss=552.043160 | PDE Loss=28.153684 | λ_pde=1.735e-01 | LR=3.13e-04
[2026-01-29 14:08:40][INFO] [Epoch 097] MSE Loss=561.202304 | PDE Loss=30.959303 | λ_pde=1.684e-01 | LR=3.13e-04
[2026-01-29 14:10:58][INFO] [Epoch 098] MSE Loss=556.261744 | PDE Loss=32.258319 | λ_pde=1.634e-01 | LR=3.13e-04
[2026-01-29 14:13:14][INFO] [Epoch 099] MSE Loss=557.686070 | PDE Loss=31.304532 | λ_pde=1.586e-01 | LR=3.13e-04
[2026-01-29 14:15:32][INFO] [Epoch 100] MSE Loss=559.029843 | PDE Loss=35.687352 | λ_pde=1.539e-01 | LR=3.13e-04
[2026-01-29 14:17:51][INFO] [Epoch 101] MSE Loss=553.623317 | PDE Loss=33.990225 | λ_pde=1.494e-01 | LR=3.13e-04
[2026-01-29 14:20:06][INFO] [Epoch 102] MSE Loss=554.159481 | PDE Loss=36.515152 | λ_pde=1.449e-01 | LR=3.13e-04
[2026-01-29 14:22:21][INFO] [Epoch 103] MSE Loss=556.620705 | PDE Loss=37.735138 | λ_pde=1.407e-01 | LR=3.13e-04
[2026-01-29 14:24:36][INFO] [Epoch 104] MSE Loss=550.058709 | PDE Loss=36.689152 | λ_pde=1.365e-01 | LR=1.56e-04
[2026-01-29 14:26:50][INFO] [Epoch 105] MSE Loss=550.861135 | PDE Loss=40.751740 | λ_pde=1.325e-01 | LR=1.56e-04
[2026-01-29 14:29:03][INFO] [Epoch 106] MSE Loss=549.499604 | PDE Loss=39.250062 | λ_pde=1.286e-01 | LR=1.56e-04
[2026-01-29 14:31:17][INFO] [Epoch 107] MSE Loss=548.647017 | PDE Loss=42.392160 | λ_pde=1.248e-01 | LR=1.56e-04
[2026-01-29 14:33:31][INFO] [Epoch 108] MSE Loss=551.254800 | PDE Loss=43.888595 | λ_pde=1.211e-01 | LR=1.56e-04
[2026-01-29 14:35:43][INFO] [Epoch 109] MSE Loss=547.631464 | PDE Loss=44.744939 | λ_pde=1.175e-01 | LR=1.56e-04
[2026-01-29 14:37:57][INFO] [Epoch 110] MSE Loss=550.289285 | PDE Loss=45.418379 | λ_pde=1.140e-01 | LR=1.56e-04
[2026-01-29 14:40:12][INFO] [Epoch 111] MSE Loss=548.545811 | PDE Loss=47.865396 | λ_pde=1.106e-01 | LR=1.56e-04
[2026-01-29 14:42:26][INFO] [Epoch 112] MSE Loss=546.934934 | PDE Loss=49.725587 | λ_pde=1.074e-01 | LR=1.56e-04
[2026-01-29 14:44:42][INFO] [Epoch 113] MSE Loss=548.749747 | PDE Loss=52.125594 | λ_pde=1.042e-01 | LR=1.56e-04
[2026-01-29 14:46:56][INFO] [Epoch 114] MSE Loss=547.339289 | PDE Loss=54.296349 | λ_pde=1.011e-01 | LR=1.56e-04
[2026-01-29 14:49:10][INFO] [Epoch 115] MSE Loss=549.172359 | PDE Loss=54.646411 | λ_pde=9.814e-02 | LR=1.56e-04
[2026-01-29 14:51:25][INFO] [Epoch 116] MSE Loss=547.391356 | PDE Loss=54.594652 | λ_pde=9.524e-02 | LR=1.56e-04
[2026-01-29 14:53:43][INFO] [Epoch 117] MSE Loss=550.022006 | PDE Loss=58.459130 | λ_pde=9.242e-02 | LR=1.56e-04
[2026-01-29 14:56:01][INFO] [Epoch 118] MSE Loss=549.641416 | PDE Loss=66.676182 | λ_pde=8.969e-02 | LR=1.56e-04
[2026-01-29 14:58:19][INFO] [Epoch 119] MSE Loss=550.851399 | PDE Loss=60.181483 | λ_pde=8.704e-02 | LR=1.56e-04
[2026-01-29 15:00:36][INFO] [Epoch 120] MSE Loss=544.683720 | PDE Loss=63.954737 | λ_pde=8.447e-02 | LR=7.81e-05
[2026-01-29 15:02:52][INFO] [Epoch 121] MSE Loss=545.087314 | PDE Loss=65.270102 | λ_pde=8.197e-02 | LR=7.81e-05
[2026-01-29 15:05:10][INFO] [Epoch 122] MSE Loss=543.987835 | PDE Loss=67.050670 | λ_pde=7.955e-02 | LR=7.81e-05
[2026-01-29 15:07:28][INFO] [Epoch 123] MSE Loss=544.591359 | PDE Loss=70.241269 | λ_pde=7.720e-02 | LR=7.81e-05
[2026-01-29 15:09:45][INFO] [Epoch 124] MSE Loss=544.952731 | PDE Loss=71.561830 | λ_pde=7.492e-02 | LR=7.81e-05
[2026-01-29 15:12:02][INFO] [Epoch 125] MSE Loss=543.844766 | PDE Loss=75.681448 | λ_pde=7.270e-02 | LR=7.81e-05
[2026-01-29 15:14:24][INFO] [Epoch 126] MSE Loss=544.379336 | PDE Loss=77.651041 | λ_pde=7.055e-02 | LR=7.81e-05
[2026-01-29 15:16:41][INFO] [Epoch 127] MSE Loss=545.423786 | PDE Loss=81.902091 | λ_pde=6.847e-02 | LR=7.81e-05
[2026-01-29 15:18:58][INFO] [Epoch 128] MSE Loss=541.189511 | PDE Loss=81.822566 | λ_pde=6.644e-02 | LR=7.81e-05
[2026-01-29 15:21:13][INFO] [Epoch 129] MSE Loss=543.859513 | PDE Loss=87.515785 | λ_pde=6.448e-02 | LR=7.81e-05
[2026-01-29 15:23:31][INFO] [Epoch 130] MSE Loss=541.289274 | PDE Loss=87.196497 | λ_pde=6.258e-02 | LR=7.81e-05
[2026-01-29 15:25:46][INFO] [Epoch 131] MSE Loss=542.364091 | PDE Loss=89.346060 | λ_pde=6.073e-02 | LR=7.81e-05
[2026-01-29 15:27:59][INFO] [Epoch 132] MSE Loss=541.390080 | PDE Loss=93.781703 | λ_pde=5.893e-02 | LR=7.81e-05
[2026-01-29 15:30:19][INFO] [Epoch 133] MSE Loss=541.235412 | PDE Loss=99.893570 | λ_pde=5.719e-02 | LR=7.81e-05
[2026-01-29 15:32:35][INFO] [Epoch 134] MSE Loss=541.342058 | PDE Loss=99.135994 | λ_pde=5.550e-02 | LR=7.81e-05
[2026-01-29 15:34:51][INFO] [Epoch 135] MSE Loss=541.288266 | PDE Loss=104.440433 | λ_pde=5.386e-02 | LR=7.81e-05
[2026-01-29 15:37:08][INFO] [Epoch 136] MSE Loss=540.592719 | PDE Loss=105.767944 | λ_pde=5.227e-02 | LR=3.91e-05
[2026-01-29 15:39:23][INFO] [Epoch 137] MSE Loss=540.040586 | PDE Loss=109.067404 | λ_pde=5.072e-02 | LR=3.91e-05
[2026-01-29 15:41:40][INFO] [Epoch 138] MSE Loss=540.582595 | PDE Loss=112.373137 | λ_pde=4.922e-02 | LR=3.91e-05
[2026-01-29 15:43:57][INFO] [Epoch 139] MSE Loss=539.126775 | PDE Loss=112.725072 | λ_pde=4.777e-02 | LR=3.91e-05
[2026-01-29 15:46:10][INFO] [Epoch 140] MSE Loss=539.484201 | PDE Loss=119.032394 | λ_pde=4.636e-02 | LR=3.91e-05
[2026-01-29 15:48:28][INFO] [Epoch 141] MSE Loss=539.683068 | PDE Loss=121.685479 | λ_pde=4.499e-02 | LR=3.91e-05
[2026-01-29 15:50:46][INFO] [Epoch 142] MSE Loss=539.162038 | PDE Loss=125.577702 | λ_pde=4.366e-02 | LR=3.91e-05
[2026-01-29 15:53:01][INFO] [Epoch 143] MSE Loss=538.808188 | PDE Loss=129.630258 | λ_pde=4.237e-02 | LR=3.91e-05
[2026-01-29 15:55:18][INFO] [Epoch 144] MSE Loss=538.022352 | PDE Loss=130.328056 | λ_pde=4.111e-02 | LR=3.91e-05
[2026-01-29 15:57:34][INFO] [Epoch 145] MSE Loss=538.288040 | PDE Loss=136.915775 | λ_pde=3.990e-02 | LR=3.91e-05
[2026-01-29 15:59:48][INFO] [Epoch 146] MSE Loss=538.145444 | PDE Loss=141.137061 | λ_pde=3.872e-02 | LR=3.91e-05
[2026-01-29 16:02:04][INFO] [Epoch 147] MSE Loss=538.235297 | PDE Loss=144.068934 | λ_pde=3.758e-02 | LR=3.91e-05
[2026-01-29 16:04:19][INFO] [Epoch 148] MSE Loss=537.792606 | PDE Loss=150.392826 | λ_pde=3.647e-02 | LR=3.91e-05
[2026-01-29 16:06:35][INFO] [Epoch 149] MSE Loss=537.662184 | PDE Loss=153.229953 | λ_pde=3.539e-02 | LR=3.91e-05
[2026-01-29 16:08:52][INFO] [Epoch 150] MSE Loss=538.454500 | PDE Loss=159.835036 | λ_pde=3.434e-02 | LR=3.91e-05
[2026-01-29 16:11:07][INFO] [Epoch 151] MSE Loss=537.545395 | PDE Loss=166.684525 | λ_pde=3.333e-02 | LR=3.91e-05
[2026-01-29 16:13:26][INFO] [Epoch 152] MSE Loss=537.393560 | PDE Loss=165.352875 | λ_pde=3.234e-02 | LR=3.91e-05
[2026-01-29 16:15:44][INFO] [Epoch 153] MSE Loss=536.524189 | PDE Loss=174.456467 | λ_pde=3.139e-02 | LR=3.91e-05
[2026-01-29 16:18:02][INFO] [Epoch 154] MSE Loss=536.088847 | PDE Loss=181.815813 | λ_pde=3.046e-02 | LR=3.91e-05
[2026-01-29 16:20:15][INFO] [Epoch 155] MSE Loss=536.175222 | PDE Loss=182.354547 | λ_pde=2.956e-02 | LR=3.91e-05
[2026-01-29 16:22:32][INFO] [Epoch 156] MSE Loss=536.861620 | PDE Loss=195.079476 | λ_pde=2.868e-02 | LR=3.91e-05
[2026-01-29 16:24:47][INFO] [Epoch 157] MSE Loss=535.224447 | PDE Loss=193.113093 | λ_pde=2.784e-02 | LR=3.91e-05
[2026-01-29 16:27:03][INFO] [Epoch 158] MSE Loss=535.173455 | PDE Loss=206.855780 | λ_pde=2.701e-02 | LR=3.91e-05
[2026-01-29 16:29:18][INFO] [Epoch 159] MSE Loss=535.548053 | PDE Loss=207.555021 | λ_pde=2.622e-02 | LR=3.91e-05
[2026-01-29 16:31:35][INFO] [Epoch 160] MSE Loss=535.025431 | PDE Loss=215.983981 | λ_pde=2.544e-02 | LR=3.91e-05
[2026-01-29 16:33:52][INFO] [Epoch 161] MSE Loss=534.999479 | PDE Loss=219.855430 | λ_pde=2.469e-02 | LR=3.91e-05
[2026-01-29 16:36:06][INFO] [Epoch 162] MSE Loss=535.044329 | PDE Loss=226.883074 | λ_pde=2.396e-02 | LR=3.91e-05
[2026-01-29 16:38:26][INFO] [Epoch 163] MSE Loss=535.052393 | PDE Loss=236.521925 | λ_pde=2.325e-02 | LR=3.91e-05
[2026-01-29 16:40:41][INFO] [Epoch 164] MSE Loss=534.561127 | PDE Loss=244.549185 | λ_pde=2.256e-02 | LR=3.91e-05
[2026-01-29 16:42:57][INFO] [Epoch 165] MSE Loss=535.009207 | PDE Loss=248.365989 | λ_pde=2.190e-02 | LR=3.91e-05
[2026-01-29 16:45:14][INFO] [Epoch 166] MSE Loss=533.948606 | PDE Loss=257.388851 | λ_pde=2.125e-02 | LR=3.91e-05
[2026-01-29 16:47:32][INFO] [Epoch 167] MSE Loss=533.861859 | PDE Loss=264.266626 | λ_pde=2.062e-02 | LR=3.91e-05
[2026-01-29 16:49:49][INFO] [Epoch 168] MSE Loss=533.587218 | PDE Loss=272.244422 | λ_pde=2.001e-02 | LR=3.91e-05
[2026-01-29 16:52:07][INFO] [Epoch 169] MSE Loss=533.591745 | PDE Loss=284.287919 | λ_pde=1.942e-02 | LR=3.91e-05
[2026-01-29 16:54:24][INFO] [Epoch 170] MSE Loss=532.572354 | PDE Loss=285.506682 | λ_pde=1.885e-02 | LR=3.91e-05
[2026-01-29 16:56:41][INFO] [Epoch 171] MSE Loss=533.104502 | PDE Loss=299.652259 | λ_pde=1.829e-02 | LR=3.91e-05
[2026-01-29 16:59:01][INFO] [Epoch 172] MSE Loss=532.527471 | PDE Loss=309.926164 | λ_pde=1.775e-02 | LR=3.91e-05
[2026-01-29 17:01:21][INFO] [Epoch 173] MSE Loss=533.523798 | PDE Loss=315.099315 | λ_pde=1.723e-02 | LR=3.91e-05
[2026-01-29 17:03:41][INFO] [Epoch 174] MSE Loss=532.552875 | PDE Loss=322.947776 | λ_pde=1.672e-02 | LR=3.91e-05
[2026-01-29 17:05:59][INFO] [Epoch 175] MSE Loss=532.505109 | PDE Loss=332.574798 | λ_pde=1.622e-02 | LR=3.91e-05
[2026-01-29 17:08:15][INFO] [Epoch 176] MSE Loss=532.031951 | PDE Loss=342.969426 | λ_pde=1.574e-02 | LR=3.91e-05
[2026-01-29 17:10:31][INFO] [Epoch 177] MSE Loss=530.806065 | PDE Loss=349.284300 | λ_pde=1.528e-02 | LR=3.91e-05
[2026-01-29 17:12:51][INFO] [Epoch 178] MSE Loss=530.994328 | PDE Loss=362.446176 | λ_pde=1.483e-02 | LR=3.91e-05
[2026-01-29 17:15:10][INFO] [Epoch 179] MSE Loss=530.971926 | PDE Loss=374.945987 | λ_pde=1.439e-02 | LR=3.91e-05
[2026-01-29 17:17:25][INFO] [Epoch 180] MSE Loss=530.897408 | PDE Loss=378.913583 | λ_pde=1.396e-02 | LR=3.91e-05
[2026-01-29 17:19:43][INFO] [Epoch 181] MSE Loss=529.956317 | PDE Loss=384.927731 | λ_pde=1.355e-02 | LR=3.91e-05
[2026-01-29 17:22:01][INFO] [Epoch 182] MSE Loss=529.433801 | PDE Loss=408.560666 | λ_pde=1.315e-02 | LR=3.91e-05
[2026-01-29 17:24:15][INFO] [Epoch 183] MSE Loss=530.479557 | PDE Loss=408.869073 | λ_pde=1.276e-02 | LR=3.91e-05
[2026-01-29 17:26:32][INFO] [Epoch 184] MSE Loss=530.050598 | PDE Loss=422.956847 | λ_pde=1.238e-02 | LR=3.91e-05
[2026-01-29 17:28:49][INFO] [Epoch 185] MSE Loss=528.744384 | PDE Loss=431.539583 | λ_pde=1.202e-02 | LR=3.91e-05
[2026-01-29 17:31:04][INFO] [Epoch 186] MSE Loss=529.332592 | PDE Loss=439.766422 | λ_pde=1.166e-02 | LR=3.91e-05
[2026-01-29 17:33:17][INFO] [Epoch 187] MSE Loss=529.017352 | PDE Loss=455.743823 | λ_pde=1.132e-02 | LR=3.91e-05
[2026-01-29 17:35:33][INFO] [Epoch 188] MSE Loss=529.366674 | PDE Loss=463.489027 | λ_pde=1.098e-02 | LR=3.91e-05
[2026-01-29 17:37:47][INFO] [Epoch 189] MSE Loss=528.171270 | PDE Loss=476.296204 | λ_pde=1.066e-02 | LR=3.91e-05
[2026-01-29 17:40:01][INFO] [Epoch 190] MSE Loss=527.952333 | PDE Loss=489.873428 | λ_pde=1.034e-02 | LR=3.91e-05
[2026-01-29 17:42:18][INFO] [Epoch 191] MSE Loss=528.353765 | PDE Loss=494.888422 | λ_pde=1.004e-02 | LR=3.91e-05
[2026-01-29 17:44:35][INFO] [Epoch 192] MSE Loss=528.869847 | PDE Loss=514.285272 | λ_pde=9.741e-03 | LR=3.91e-05
[2026-01-29 17:46:49][INFO] [Epoch 193] MSE Loss=526.898980 | PDE Loss=516.436849 | λ_pde=9.453e-03 | LR=3.91e-05
[2026-01-29 17:49:04][INFO] [Epoch 194] MSE Loss=526.749335 | PDE Loss=539.887137 | λ_pde=9.174e-03 | LR=3.91e-05
[2026-01-29 17:51:21][INFO] [Epoch 195] MSE Loss=527.799355 | PDE Loss=541.525952 | λ_pde=8.903e-03 | LR=3.91e-05
[2026-01-29 17:53:38][INFO] [Epoch 196] MSE Loss=527.112528 | PDE Loss=554.125982 | λ_pde=8.640e-03 | LR=3.91e-05
[2026-01-29 17:55:56][INFO] [Epoch 197] MSE Loss=527.111967 | PDE Loss=567.013693 | λ_pde=8.384e-03 | LR=3.91e-05
[2026-01-29 17:58:14][INFO] [Epoch 198] MSE Loss=526.559806 | PDE Loss=577.676323 | λ_pde=8.137e-03 | LR=3.91e-05
[2026-01-29 18:00:28][INFO] [Epoch 199] MSE Loss=526.157273 | PDE Loss=594.216013 | λ_pde=7.896e-03 | LR=3.91e-05
[2026-01-29 18:02:37][INFO] [Epoch 200] MSE Loss=525.541748 | PDE Loss=608.680604 | λ_pde=7.663e-03 | LR=3.91e-05
[2026-01-29 18:02:37][INFO] 训练结束，模型已保存至: /data/sda/zjc/comsol_pinn/checkpoints/M04c/exp05/M04c_pinn.pt
[2026-01-29 18:02:37][INFO] ========== 训练结束 ==========
