[2026-01-20 16:33:03][INFO] 日志文件创建于: /data/sda/zjc/comsol_pinn/logs/M03/exp08/train_20260120_163303_gpu3_pid633496.log
[2026-01-20 16:33:03][INFO] 进程 PID: 633496
[2026-01-20 16:33:03][INFO] ========== FCNN-ANNEAL 训练开始 ==========
[2026-01-20 16:33:03][INFO] 使用设备: cuda
[2026-01-20 16:33:03][INFO] 训练参数: {'epochs': 120, 'lr': 0.005, 'batch_cases': 10, 'points_per_case': 400000, 'num_workers': 8, 'device': 'cuda', 'log_dir': 'logs/M03/exp08', 'ckpt_dir': 'checkpoints/M03/exp08'}
[2026-01-20 16:33:03][INFO] 数据集大小: 141 cases
[2026-01-20 16:33:03][INFO] 每 case 采样点数: 400000
[2026-01-20 16:33:05][INFO] 模型结构:
SimplePINN(
  (net): Sequential(
    (0): Linear(in_features=7, out_features=128, bias=True)
    (1): SiLU()
    (2): Linear(in_features=128, out_features=128, bias=True)
    (3): SiLU()
    (4): Linear(in_features=128, out_features=1, bias=True)
  )
)
[2026-01-20 16:33:05][INFO] 优化器: AdamW, 初始 lr=0.005, 调度策略: ReduceLROnPlateau(factor=0.5, patience=10)
[2026-01-20 16:35:26][INFO] [Epoch 001] MSE Loss = 54356.090495 | LR = 5.00e-03
[2026-01-20 16:37:49][INFO] [Epoch 002] MSE Loss = 17837.683659 | LR = 5.00e-03
[2026-01-20 16:40:14][INFO] [Epoch 003] MSE Loss = 10745.217773 | LR = 5.00e-03
[2026-01-20 16:42:34][INFO] [Epoch 004] MSE Loss = 8073.756608 | LR = 5.00e-03
[2026-01-20 16:44:57][INFO] [Epoch 005] MSE Loss = 7039.225163 | LR = 5.00e-03
[2026-01-20 16:47:23][INFO] [Epoch 006] MSE Loss = 6272.226823 | LR = 5.00e-03
[2026-01-20 16:49:46][INFO] [Epoch 007] MSE Loss = 6690.494499 | LR = 5.00e-03
[2026-01-20 16:52:07][INFO] [Epoch 008] MSE Loss = 5818.938656 | LR = 5.00e-03
[2026-01-20 16:54:32][INFO] [Epoch 009] MSE Loss = 5251.365299 | LR = 5.00e-03
[2026-01-20 16:56:58][INFO] [Epoch 010] MSE Loss = 5177.324186 | LR = 5.00e-03
[2026-01-20 16:59:20][INFO] [Epoch 011] MSE Loss = 5142.790788 | LR = 5.00e-03
[2026-01-20 17:01:41][INFO] [Epoch 012] MSE Loss = 4477.599105 | LR = 5.00e-03
[2026-01-20 17:04:04][INFO] [Epoch 013] MSE Loss = 4302.872184 | LR = 5.00e-03
[2026-01-20 17:06:26][INFO] [Epoch 014] MSE Loss = 4174.334937 | LR = 5.00e-03
[2026-01-20 17:08:48][INFO] [Epoch 015] MSE Loss = 3952.679102 | LR = 5.00e-03
[2026-01-20 17:11:10][INFO] [Epoch 016] MSE Loss = 3623.468457 | LR = 5.00e-03
[2026-01-20 17:13:29][INFO] [Epoch 017] MSE Loss = 3004.479948 | LR = 5.00e-03
[2026-01-20 17:15:53][INFO] [Epoch 018] MSE Loss = 2763.237882 | LR = 5.00e-03
[2026-01-20 17:18:12][INFO] [Epoch 019] MSE Loss = 2553.747168 | LR = 5.00e-03
[2026-01-20 17:20:39][INFO] [Epoch 020] MSE Loss = 2376.862044 | LR = 5.00e-03
[2026-01-20 17:23:01][INFO] [Epoch 021] MSE Loss = 2215.762679 | LR = 5.00e-03
[2026-01-20 17:25:24][INFO] [Epoch 022] MSE Loss = 2120.813770 | LR = 5.00e-03
[2026-01-20 17:27:48][INFO] [Epoch 023] MSE Loss = 2545.375090 | LR = 5.00e-03
[2026-01-20 17:30:12][INFO] [Epoch 024] MSE Loss = 2471.084180 | LR = 5.00e-03
[2026-01-20 17:32:35][INFO] [Epoch 025] MSE Loss = 1814.619206 | LR = 5.00e-03
[2026-01-20 17:34:57][INFO] [Epoch 026] MSE Loss = 1659.715324 | LR = 5.00e-03
[2026-01-20 17:37:19][INFO] [Epoch 027] MSE Loss = 2796.536296 | LR = 5.00e-03
[2026-01-20 17:39:41][INFO] [Epoch 028] MSE Loss = 1611.449194 | LR = 5.00e-03
[2026-01-20 17:42:39][INFO] [Epoch 029] MSE Loss = 1505.224308 | LR = 5.00e-03
[2026-01-20 17:47:40][INFO] [Epoch 030] MSE Loss = 1439.134896 | LR = 5.00e-03
[2026-01-20 17:52:41][INFO] [Epoch 031] MSE Loss = 1365.719486 | LR = 5.00e-03
[2026-01-20 17:57:42][INFO] [Epoch 032] MSE Loss = 2227.632617 | LR = 5.00e-03
[2026-01-20 18:02:44][INFO] [Epoch 033] MSE Loss = 1324.508720 | LR = 5.00e-03
[2026-01-20 18:07:47][INFO] [Epoch 034] MSE Loss = 1145.787016 | LR = 5.00e-03
[2026-01-20 18:12:45][INFO] [Epoch 035] MSE Loss = 1008.651693 | LR = 5.00e-03
[2026-01-20 18:17:45][INFO] [Epoch 036] MSE Loss = 929.678776 | LR = 5.00e-03
[2026-01-20 18:22:48][INFO] [Epoch 037] MSE Loss = 824.625407 | LR = 5.00e-03
[2026-01-20 18:27:48][INFO] [Epoch 038] MSE Loss = 972.530282 | LR = 5.00e-03
[2026-01-20 18:32:55][INFO] [Epoch 039] MSE Loss = 819.170966 | LR = 5.00e-03
[2026-01-20 18:38:00][INFO] [Epoch 040] MSE Loss = 727.317100 | LR = 5.00e-03
[2026-01-20 18:43:07][INFO] [Epoch 041] MSE Loss = 778.759403 | LR = 5.00e-03
[2026-01-20 18:48:13][INFO] [Epoch 042] MSE Loss = 601.539181 | LR = 5.00e-03
[2026-01-20 18:53:14][INFO] [Epoch 043] MSE Loss = 488.412467 | LR = 5.00e-03
[2026-01-20 18:58:18][INFO] [Epoch 044] MSE Loss = 541.084855 | LR = 5.00e-03
[2026-01-20 19:03:19][INFO] [Epoch 045] MSE Loss = 544.407332 | LR = 5.00e-03
[2026-01-20 19:08:20][INFO] [Epoch 046] MSE Loss = 633.903312 | LR = 5.00e-03
[2026-01-20 19:13:23][INFO] [Epoch 047] MSE Loss = 391.545429 | LR = 5.00e-03
[2026-01-20 19:18:30][INFO] [Epoch 048] MSE Loss = 445.941222 | LR = 5.00e-03
[2026-01-20 19:23:27][INFO] [Epoch 049] MSE Loss = 328.104777 | LR = 5.00e-03
[2026-01-20 19:28:27][INFO] [Epoch 050] MSE Loss = 381.644014 | LR = 5.00e-03
[2026-01-20 19:33:30][INFO] [Epoch 051] MSE Loss = 285.853492 | LR = 5.00e-03
[2026-01-20 19:38:31][INFO] [Epoch 052] MSE Loss = 221.588611 | LR = 5.00e-03
[2026-01-20 19:43:32][INFO] [Epoch 053] MSE Loss = 229.620574 | LR = 5.00e-03
[2026-01-20 19:48:36][INFO] [Epoch 054] MSE Loss = 211.215640 | LR = 5.00e-03
[2026-01-20 19:53:36][INFO] [Epoch 055] MSE Loss = 190.362603 | LR = 5.00e-03
[2026-01-20 19:58:38][INFO] [Epoch 056] MSE Loss = 193.266528 | LR = 5.00e-03
[2026-01-20 20:03:38][INFO] [Epoch 057] MSE Loss = 179.047134 | LR = 5.00e-03
[2026-01-20 20:08:41][INFO] [Epoch 058] MSE Loss = 162.312651 | LR = 5.00e-03
[2026-01-20 20:13:41][INFO] [Epoch 059] MSE Loss = 161.157593 | LR = 5.00e-03
[2026-01-20 20:18:41][INFO] [Epoch 060] MSE Loss = 167.852585 | LR = 5.00e-03
[2026-01-20 20:23:41][INFO] [Epoch 061] MSE Loss = 135.937316 | LR = 5.00e-03
[2026-01-20 20:28:42][INFO] [Epoch 062] MSE Loss = 133.746962 | LR = 5.00e-03
[2026-01-20 20:33:44][INFO] [Epoch 063] MSE Loss = 124.969162 | LR = 5.00e-03
[2026-01-20 20:38:45][INFO] [Epoch 064] MSE Loss = 127.420368 | LR = 5.00e-03
[2026-01-20 20:43:44][INFO] [Epoch 065] MSE Loss = 128.110409 | LR = 5.00e-03
[2026-01-20 20:48:49][INFO] [Epoch 066] MSE Loss = 120.819591 | LR = 5.00e-03
[2026-01-20 20:53:50][INFO] [Epoch 067] MSE Loss = 125.751684 | LR = 5.00e-03
[2026-01-20 20:58:50][INFO] [Epoch 068] MSE Loss = 123.835436 | LR = 5.00e-03
[2026-01-20 21:03:53][INFO] [Epoch 069] MSE Loss = 113.626596 | LR = 5.00e-03
[2026-01-20 21:08:52][INFO] [Epoch 070] MSE Loss = 115.792902 | LR = 5.00e-03
[2026-01-20 21:13:56][INFO] [Epoch 071] MSE Loss = 113.169529 | LR = 5.00e-03
[2026-01-20 21:18:55][INFO] [Epoch 072] MSE Loss = 116.478642 | LR = 5.00e-03
[2026-01-20 21:23:59][INFO] [Epoch 073] MSE Loss = 115.511761 | LR = 5.00e-03
[2026-01-20 21:29:01][INFO] [Epoch 074] MSE Loss = 110.749666 | LR = 5.00e-03
[2026-01-20 21:34:00][INFO] [Epoch 075] MSE Loss = 107.907977 | LR = 5.00e-03
[2026-01-20 21:39:02][INFO] [Epoch 076] MSE Loss = 108.966600 | LR = 5.00e-03
[2026-01-20 21:44:01][INFO] [Epoch 077] MSE Loss = 107.271470 | LR = 5.00e-03
[2026-01-20 21:49:02][INFO] [Epoch 078] MSE Loss = 105.439235 | LR = 5.00e-03
[2026-01-20 21:53:58][INFO] [Epoch 079] MSE Loss = 104.719656 | LR = 5.00e-03
[2026-01-20 21:58:58][INFO] [Epoch 080] MSE Loss = 109.039316 | LR = 5.00e-03
[2026-01-20 22:03:57][INFO] [Epoch 081] MSE Loss = 102.044459 | LR = 5.00e-03
[2026-01-20 22:08:57][INFO] [Epoch 082] MSE Loss = 103.082435 | LR = 5.00e-03
[2026-01-20 22:13:56][INFO] [Epoch 083] MSE Loss = 104.609263 | LR = 5.00e-03
[2026-01-20 22:18:54][INFO] [Epoch 084] MSE Loss = 105.038550 | LR = 5.00e-03
[2026-01-20 22:23:54][INFO] [Epoch 085] MSE Loss = 101.497858 | LR = 5.00e-03
[2026-01-20 22:28:53][INFO] [Epoch 086] MSE Loss = 107.956363 | LR = 5.00e-03
[2026-01-20 22:33:52][INFO] [Epoch 087] MSE Loss = 96.424189 | LR = 5.00e-03
[2026-01-20 22:38:50][INFO] [Epoch 088] MSE Loss = 98.015919 | LR = 5.00e-03
[2026-01-20 22:43:50][INFO] [Epoch 089] MSE Loss = 102.220928 | LR = 5.00e-03
[2026-01-20 22:48:48][INFO] [Epoch 090] MSE Loss = 94.789871 | LR = 5.00e-03
[2026-01-20 22:53:55][INFO] [Epoch 091] MSE Loss = 99.993300 | LR = 5.00e-03
[2026-01-20 22:58:52][INFO] [Epoch 092] MSE Loss = 92.828790 | LR = 5.00e-03
[2026-01-20 23:03:49][INFO] [Epoch 093] MSE Loss = 94.363857 | LR = 5.00e-03
[2026-01-20 23:08:50][INFO] [Epoch 094] MSE Loss = 90.294977 | LR = 5.00e-03
[2026-01-20 23:13:48][INFO] [Epoch 095] MSE Loss = 96.312287 | LR = 5.00e-03
[2026-01-20 23:18:50][INFO] [Epoch 096] MSE Loss = 93.262778 | LR = 5.00e-03
[2026-01-20 23:23:47][INFO] [Epoch 097] MSE Loss = 92.512858 | LR = 5.00e-03
[2026-01-20 23:28:46][INFO] [Epoch 098] MSE Loss = 93.244478 | LR = 5.00e-03
[2026-01-20 23:33:50][INFO] [Epoch 099] MSE Loss = 96.837986 | LR = 5.00e-03
[2026-01-20 23:38:53][INFO] [Epoch 100] MSE Loss = 93.863051 | LR = 5.00e-03
[2026-01-20 23:43:51][INFO] [Epoch 101] MSE Loss = 109.537636 | LR = 5.00e-03
[2026-01-20 23:48:53][INFO] [Epoch 102] MSE Loss = 92.998982 | LR = 5.00e-03
[2026-01-20 23:53:53][INFO] [Epoch 103] MSE Loss = 97.954386 | LR = 5.00e-03
[2026-01-20 23:58:52][INFO] [Epoch 104] MSE Loss = 86.370969 | LR = 2.50e-03
[2026-01-21 00:03:49][INFO] [Epoch 105] MSE Loss = 90.167291 | LR = 2.50e-03
[2026-01-21 00:08:49][INFO] [Epoch 106] MSE Loss = 90.951914 | LR = 2.50e-03
[2026-01-21 00:13:49][INFO] [Epoch 107] MSE Loss = 82.933603 | LR = 2.50e-03
[2026-01-21 00:18:48][INFO] [Epoch 108] MSE Loss = 83.092146 | LR = 2.50e-03
[2026-01-21 00:23:49][INFO] [Epoch 109] MSE Loss = 87.181534 | LR = 2.50e-03
[2026-01-21 00:28:47][INFO] [Epoch 110] MSE Loss = 88.303819 | LR = 2.50e-03
[2026-01-21 00:33:50][INFO] [Epoch 111] MSE Loss = 84.041898 | LR = 2.50e-03
[2026-01-21 00:38:49][INFO] [Epoch 112] MSE Loss = 82.358060 | LR = 2.50e-03
[2026-01-21 00:43:48][INFO] [Epoch 113] MSE Loss = 83.688785 | LR = 2.50e-03
[2026-01-21 00:48:50][INFO] [Epoch 114] MSE Loss = 83.344073 | LR = 2.50e-03
[2026-01-21 00:53:52][INFO] [Epoch 115] MSE Loss = 85.917938 | LR = 2.50e-03
[2026-01-21 00:58:53][INFO] [Epoch 116] MSE Loss = 81.626087 | LR = 2.50e-03
[2026-01-21 01:03:49][INFO] [Epoch 117] MSE Loss = 84.998149 | LR = 2.50e-03
[2026-01-21 01:08:52][INFO] [Epoch 118] MSE Loss = 83.206971 | LR = 2.50e-03
[2026-01-21 01:13:23][INFO] [Epoch 119] MSE Loss = 89.044084 | LR = 2.50e-03
[2026-01-21 01:16:46][INFO] [Epoch 120] MSE Loss = 81.556481 | LR = 2.50e-03
Traceback (most recent call last):
  File "/data/sda/zjc/comsol_pinn/M03_fcnn_fourier/train.py", line 120, in <module>
    main()
  File "/data/sda/zjc/comsol_pinn/M03_fcnn_fourier/train.py", line 110, in main
    ckpt_dir.mkdir(parents=True, exist_ok=True)
  File "/home/ubuntu/se42/anaconda3/envs/torch/lib/python3.10/pathlib.py", line 1175, in mkdir
    self._accessor.mkdir(self, mode)
FileNotFoundError: [Errno 2] No such file or directory: '/data/sda/zjc/comsol_pinn/checkpoints/M03/exp08'
